[2022-09-10T20:16:38.816+0000] {taskinstance.py:1171} INFO - Dependencies all met for <TaskInstance: spotify_etl.spotify_etl manual__2022-09-10T20:16:37.564196+00:00 [queued]>
[2022-09-10T20:16:38.826+0000] {taskinstance.py:1171} INFO - Dependencies all met for <TaskInstance: spotify_etl.spotify_etl manual__2022-09-10T20:16:37.564196+00:00 [queued]>
[2022-09-10T20:16:38.827+0000] {taskinstance.py:1368} INFO - 
--------------------------------------------------------------------------------
[2022-09-10T20:16:38.828+0000] {taskinstance.py:1369} INFO - Starting attempt 1 of 2
[2022-09-10T20:16:38.829+0000] {taskinstance.py:1370} INFO - 
--------------------------------------------------------------------------------
[2022-09-10T20:16:38.843+0000] {taskinstance.py:1389} INFO - Executing <Task(PythonOperator): spotify_etl> on 2022-09-10 20:16:37.564196+00:00
[2022-09-10T20:16:38.850+0000] {standard_task_runner.py:52} INFO - Started process 1637 to run task
[2022-09-10T20:16:38.853+0000] {standard_task_runner.py:79} INFO - Running: ['***', 'tasks', 'run', 'spotify_etl', 'spotify_etl', 'manual__2022-09-10T20:16:37.564196+00:00', '--job-id', '27', '--raw', '--subdir', 'DAGS_FOLDER/spotify_dag.py', '--cfg-path', '/tmp/tmpc8l44yi0', '--error-file', '/tmp/tmp4bg3sbmi']
[2022-09-10T20:16:38.855+0000] {standard_task_runner.py:80} INFO - Job 27: Subtask spotify_etl
[2022-09-10T20:16:38.911+0000] {task_command.py:371} INFO - Running <TaskInstance: spotify_etl.spotify_etl manual__2022-09-10T20:16:37.564196+00:00 [running]> on host aafa6629e766
[2022-09-10T20:16:39.003+0000] {taskinstance.py:1583} INFO - Exporting the following env vars:
AIRFLOW_CTX_DAG_EMAIL=c.mendozar@outlook.com
AIRFLOW_CTX_DAG_OWNER=***
AIRFLOW_CTX_DAG_ID=spotify_etl
AIRFLOW_CTX_TASK_ID=spotify_etl
AIRFLOW_CTX_EXECUTION_DATE=2022-09-10T20:16:37.564196+00:00
AIRFLOW_CTX_TRY_NUMBER=1
AIRFLOW_CTX_DAG_RUN_ID=manual__2022-09-10T20:16:37.564196+00:00
[2022-09-10T20:16:39.009+0000] {logging_mixin.py:115} INFO -  JAJAJAJA STARTINNNNNNN JAJAJAJAJJAJA
[2022-09-10T20:16:39.012+0000] {oauth2.py:471} INFO - User authentication requires interaction with your web browser. Once you enter your credentials and give authorization, you will be redirected to a url.  Paste that url you were directed to to complete the authorization.
[2022-09-10T20:16:39.014+0000] {oauth2.py:436} INFO - Opened https://accounts.spotify.com/authorize?client_id=c9c1a716270c4838aab105a27a474d4c&response_type=code&redirect_uri=http%3A%2F%2Flocalhost%3A8081&scope=user-read-recently-played in your browser
