[2022-09-10T17:06:41.279+0000] {processor.py:153} INFO - Started process (PID=65) to work on /home/airflow/.local/lib/python3.7/site-packages/airflow/example_dags/example_branch_operator.py
[2022-09-10T17:06:41.281+0000] {processor.py:640} INFO - Processing file /home/airflow/.local/lib/python3.7/site-packages/airflow/example_dags/example_branch_operator.py for tasks to queue
[2022-09-10T17:06:41.283+0000] {logging_mixin.py:115} INFO - [2022-09-10T17:06:41.282+0000] {dagbag.py:508} INFO - Filling up the DagBag from /home/airflow/.local/lib/python3.7/site-packages/airflow/example_dags/example_branch_operator.py
[2022-09-10T17:06:41.297+0000] {processor.py:650} INFO - DAG(s) dict_keys(['example_branch_operator']) retrieved from /home/airflow/.local/lib/python3.7/site-packages/airflow/example_dags/example_branch_operator.py
[2022-09-10T17:06:41.390+0000] {logging_mixin.py:115} INFO - [2022-09-10T17:06:41.390+0000] {manager.py:508} INFO - Created Permission View: can edit on DAG:example_branch_operator
[2022-09-10T17:06:41.408+0000] {logging_mixin.py:115} INFO - [2022-09-10T17:06:41.407+0000] {manager.py:508} INFO - Created Permission View: can delete on DAG:example_branch_operator
[2022-09-10T17:06:41.417+0000] {logging_mixin.py:115} INFO - [2022-09-10T17:06:41.417+0000] {manager.py:508} INFO - Created Permission View: can read on DAG:example_branch_operator
[2022-09-10T17:06:41.418+0000] {logging_mixin.py:115} INFO - [2022-09-10T17:06:41.418+0000] {dag.py:2429} INFO - Sync 1 DAGs
[2022-09-10T17:06:41.428+0000] {logging_mixin.py:115} INFO - [2022-09-10T17:06:41.428+0000] {dag.py:2448} INFO - Creating ORM DAG for example_branch_operator
[2022-09-10T17:06:41.443+0000] {logging_mixin.py:115} INFO - [2022-09-10T17:06:41.443+0000] {dag.py:2981} INFO - Setting next_dagrun for example_branch_operator to 2022-09-09T00:00:00+00:00, run_after=2022-09-10T00:00:00+00:00
[2022-09-10T17:06:41.464+0000] {processor.py:161} INFO - Processing /home/airflow/.local/lib/python3.7/site-packages/airflow/example_dags/example_branch_operator.py took 0.188 seconds
[2022-09-10T17:07:11.507+0000] {processor.py:153} INFO - Started process (PID=129) to work on /home/airflow/.local/lib/python3.7/site-packages/airflow/example_dags/example_branch_operator.py
[2022-09-10T17:07:11.509+0000] {processor.py:640} INFO - Processing file /home/airflow/.local/lib/python3.7/site-packages/airflow/example_dags/example_branch_operator.py for tasks to queue
[2022-09-10T17:07:11.510+0000] {logging_mixin.py:115} INFO - [2022-09-10T17:07:11.510+0000] {dagbag.py:508} INFO - Filling up the DagBag from /home/airflow/.local/lib/python3.7/site-packages/airflow/example_dags/example_branch_operator.py
[2022-09-10T17:07:11.521+0000] {processor.py:650} INFO - DAG(s) dict_keys(['example_branch_operator']) retrieved from /home/airflow/.local/lib/python3.7/site-packages/airflow/example_dags/example_branch_operator.py
[2022-09-10T17:07:11.550+0000] {logging_mixin.py:115} INFO - [2022-09-10T17:07:11.550+0000] {dag.py:2429} INFO - Sync 1 DAGs
[2022-09-10T17:07:11.566+0000] {logging_mixin.py:115} INFO - [2022-09-10T17:07:11.566+0000] {dag.py:2981} INFO - Setting next_dagrun for example_branch_operator to 2022-09-09T00:00:00+00:00, run_after=2022-09-10T00:00:00+00:00
[2022-09-10T17:07:11.575+0000] {processor.py:161} INFO - Processing /home/airflow/.local/lib/python3.7/site-packages/airflow/example_dags/example_branch_operator.py took 0.071 seconds
[2022-09-10T17:07:42.468+0000] {processor.py:153} INFO - Started process (PID=192) to work on /home/airflow/.local/lib/python3.7/site-packages/airflow/example_dags/example_branch_operator.py
[2022-09-10T17:07:42.469+0000] {processor.py:640} INFO - Processing file /home/airflow/.local/lib/python3.7/site-packages/airflow/example_dags/example_branch_operator.py for tasks to queue
[2022-09-10T17:07:42.470+0000] {logging_mixin.py:115} INFO - [2022-09-10T17:07:42.470+0000] {dagbag.py:508} INFO - Filling up the DagBag from /home/airflow/.local/lib/python3.7/site-packages/airflow/example_dags/example_branch_operator.py
[2022-09-10T17:07:42.478+0000] {processor.py:650} INFO - DAG(s) dict_keys(['example_branch_operator']) retrieved from /home/airflow/.local/lib/python3.7/site-packages/airflow/example_dags/example_branch_operator.py
[2022-09-10T17:07:42.498+0000] {logging_mixin.py:115} INFO - [2022-09-10T17:07:42.498+0000] {dag.py:2429} INFO - Sync 1 DAGs
[2022-09-10T17:07:42.516+0000] {logging_mixin.py:115} INFO - [2022-09-10T17:07:42.516+0000] {dag.py:2981} INFO - Setting next_dagrun for example_branch_operator to 2022-09-09T00:00:00+00:00, run_after=2022-09-10T00:00:00+00:00
[2022-09-10T17:07:42.529+0000] {processor.py:161} INFO - Processing /home/airflow/.local/lib/python3.7/site-packages/airflow/example_dags/example_branch_operator.py took 0.063 seconds
[2022-09-10T17:08:13.274+0000] {processor.py:153} INFO - Started process (PID=246) to work on /home/airflow/.local/lib/python3.7/site-packages/airflow/example_dags/example_branch_operator.py
[2022-09-10T17:08:13.275+0000] {processor.py:640} INFO - Processing file /home/airflow/.local/lib/python3.7/site-packages/airflow/example_dags/example_branch_operator.py for tasks to queue
[2022-09-10T17:08:13.276+0000] {logging_mixin.py:115} INFO - [2022-09-10T17:08:13.276+0000] {dagbag.py:508} INFO - Filling up the DagBag from /home/airflow/.local/lib/python3.7/site-packages/airflow/example_dags/example_branch_operator.py
[2022-09-10T17:08:13.283+0000] {processor.py:650} INFO - DAG(s) dict_keys(['example_branch_operator']) retrieved from /home/airflow/.local/lib/python3.7/site-packages/airflow/example_dags/example_branch_operator.py
[2022-09-10T17:08:13.300+0000] {logging_mixin.py:115} INFO - [2022-09-10T17:08:13.300+0000] {dag.py:2429} INFO - Sync 1 DAGs
[2022-09-10T17:08:13.313+0000] {logging_mixin.py:115} INFO - [2022-09-10T17:08:13.313+0000] {dag.py:2981} INFO - Setting next_dagrun for example_branch_operator to 2022-09-09T00:00:00+00:00, run_after=2022-09-10T00:00:00+00:00
[2022-09-10T17:08:13.321+0000] {processor.py:161} INFO - Processing /home/airflow/.local/lib/python3.7/site-packages/airflow/example_dags/example_branch_operator.py took 0.049 seconds
[2022-09-10T17:08:44.191+0000] {processor.py:153} INFO - Started process (PID=308) to work on /home/airflow/.local/lib/python3.7/site-packages/airflow/example_dags/example_branch_operator.py
[2022-09-10T17:08:44.192+0000] {processor.py:640} INFO - Processing file /home/airflow/.local/lib/python3.7/site-packages/airflow/example_dags/example_branch_operator.py for tasks to queue
[2022-09-10T17:08:44.193+0000] {logging_mixin.py:115} INFO - [2022-09-10T17:08:44.193+0000] {dagbag.py:508} INFO - Filling up the DagBag from /home/airflow/.local/lib/python3.7/site-packages/airflow/example_dags/example_branch_operator.py
[2022-09-10T17:08:44.199+0000] {processor.py:650} INFO - DAG(s) dict_keys(['example_branch_operator']) retrieved from /home/airflow/.local/lib/python3.7/site-packages/airflow/example_dags/example_branch_operator.py
[2022-09-10T17:08:44.215+0000] {logging_mixin.py:115} INFO - [2022-09-10T17:08:44.215+0000] {dag.py:2429} INFO - Sync 1 DAGs
[2022-09-10T17:08:44.226+0000] {logging_mixin.py:115} INFO - [2022-09-10T17:08:44.226+0000] {dag.py:2981} INFO - Setting next_dagrun for example_branch_operator to 2022-09-09T00:00:00+00:00, run_after=2022-09-10T00:00:00+00:00
[2022-09-10T17:08:44.232+0000] {processor.py:161} INFO - Processing /home/airflow/.local/lib/python3.7/site-packages/airflow/example_dags/example_branch_operator.py took 0.043 seconds
[2022-09-10T17:09:14.983+0000] {processor.py:153} INFO - Started process (PID=372) to work on /home/airflow/.local/lib/python3.7/site-packages/airflow/example_dags/example_branch_operator.py
[2022-09-10T17:09:14.985+0000] {processor.py:640} INFO - Processing file /home/airflow/.local/lib/python3.7/site-packages/airflow/example_dags/example_branch_operator.py for tasks to queue
[2022-09-10T17:09:14.986+0000] {logging_mixin.py:115} INFO - [2022-09-10T17:09:14.986+0000] {dagbag.py:508} INFO - Filling up the DagBag from /home/airflow/.local/lib/python3.7/site-packages/airflow/example_dags/example_branch_operator.py
[2022-09-10T17:09:14.993+0000] {processor.py:650} INFO - DAG(s) dict_keys(['example_branch_operator']) retrieved from /home/airflow/.local/lib/python3.7/site-packages/airflow/example_dags/example_branch_operator.py
[2022-09-10T17:09:15.010+0000] {logging_mixin.py:115} INFO - [2022-09-10T17:09:15.010+0000] {dag.py:2429} INFO - Sync 1 DAGs
[2022-09-10T17:09:15.022+0000] {logging_mixin.py:115} INFO - [2022-09-10T17:09:15.022+0000] {dag.py:2981} INFO - Setting next_dagrun for example_branch_operator to 2022-09-09T00:00:00+00:00, run_after=2022-09-10T00:00:00+00:00
[2022-09-10T17:09:15.029+0000] {processor.py:161} INFO - Processing /home/airflow/.local/lib/python3.7/site-packages/airflow/example_dags/example_branch_operator.py took 0.047 seconds
[2022-09-10T17:09:45.853+0000] {processor.py:153} INFO - Started process (PID=436) to work on /home/airflow/.local/lib/python3.7/site-packages/airflow/example_dags/example_branch_operator.py
[2022-09-10T17:09:45.854+0000] {processor.py:640} INFO - Processing file /home/airflow/.local/lib/python3.7/site-packages/airflow/example_dags/example_branch_operator.py for tasks to queue
[2022-09-10T17:09:45.856+0000] {logging_mixin.py:115} INFO - [2022-09-10T17:09:45.855+0000] {dagbag.py:508} INFO - Filling up the DagBag from /home/airflow/.local/lib/python3.7/site-packages/airflow/example_dags/example_branch_operator.py
[2022-09-10T17:09:45.863+0000] {processor.py:650} INFO - DAG(s) dict_keys(['example_branch_operator']) retrieved from /home/airflow/.local/lib/python3.7/site-packages/airflow/example_dags/example_branch_operator.py
[2022-09-10T17:09:45.880+0000] {logging_mixin.py:115} INFO - [2022-09-10T17:09:45.880+0000] {dag.py:2429} INFO - Sync 1 DAGs
[2022-09-10T17:09:45.892+0000] {logging_mixin.py:115} INFO - [2022-09-10T17:09:45.892+0000] {dag.py:2981} INFO - Setting next_dagrun for example_branch_operator to 2022-09-09T00:00:00+00:00, run_after=2022-09-10T00:00:00+00:00
[2022-09-10T17:09:45.899+0000] {processor.py:161} INFO - Processing /home/airflow/.local/lib/python3.7/site-packages/airflow/example_dags/example_branch_operator.py took 0.047 seconds
[2022-09-10T17:10:16.571+0000] {processor.py:153} INFO - Started process (PID=500) to work on /home/airflow/.local/lib/python3.7/site-packages/airflow/example_dags/example_branch_operator.py
[2022-09-10T17:10:16.572+0000] {processor.py:640} INFO - Processing file /home/airflow/.local/lib/python3.7/site-packages/airflow/example_dags/example_branch_operator.py for tasks to queue
[2022-09-10T17:10:16.573+0000] {logging_mixin.py:115} INFO - [2022-09-10T17:10:16.573+0000] {dagbag.py:508} INFO - Filling up the DagBag from /home/airflow/.local/lib/python3.7/site-packages/airflow/example_dags/example_branch_operator.py
[2022-09-10T17:10:16.580+0000] {processor.py:650} INFO - DAG(s) dict_keys(['example_branch_operator']) retrieved from /home/airflow/.local/lib/python3.7/site-packages/airflow/example_dags/example_branch_operator.py
[2022-09-10T17:10:16.596+0000] {logging_mixin.py:115} INFO - [2022-09-10T17:10:16.596+0000] {dag.py:2429} INFO - Sync 1 DAGs
[2022-09-10T17:10:16.610+0000] {logging_mixin.py:115} INFO - [2022-09-10T17:10:16.610+0000] {dag.py:2981} INFO - Setting next_dagrun for example_branch_operator to 2022-09-09T00:00:00+00:00, run_after=2022-09-10T00:00:00+00:00
[2022-09-10T17:10:16.617+0000] {processor.py:161} INFO - Processing /home/airflow/.local/lib/python3.7/site-packages/airflow/example_dags/example_branch_operator.py took 0.049 seconds
[2022-09-10T17:10:47.589+0000] {processor.py:153} INFO - Started process (PID=563) to work on /home/airflow/.local/lib/python3.7/site-packages/airflow/example_dags/example_branch_operator.py
[2022-09-10T17:10:47.590+0000] {processor.py:640} INFO - Processing file /home/airflow/.local/lib/python3.7/site-packages/airflow/example_dags/example_branch_operator.py for tasks to queue
[2022-09-10T17:10:47.591+0000] {logging_mixin.py:115} INFO - [2022-09-10T17:10:47.591+0000] {dagbag.py:508} INFO - Filling up the DagBag from /home/airflow/.local/lib/python3.7/site-packages/airflow/example_dags/example_branch_operator.py
[2022-09-10T17:10:47.599+0000] {processor.py:650} INFO - DAG(s) dict_keys(['example_branch_operator']) retrieved from /home/airflow/.local/lib/python3.7/site-packages/airflow/example_dags/example_branch_operator.py
[2022-09-10T17:10:47.617+0000] {logging_mixin.py:115} INFO - [2022-09-10T17:10:47.616+0000] {dag.py:2429} INFO - Sync 1 DAGs
[2022-09-10T17:10:47.630+0000] {logging_mixin.py:115} INFO - [2022-09-10T17:10:47.630+0000] {dag.py:2981} INFO - Setting next_dagrun for example_branch_operator to 2022-09-09T00:00:00+00:00, run_after=2022-09-10T00:00:00+00:00
[2022-09-10T17:10:47.638+0000] {processor.py:161} INFO - Processing /home/airflow/.local/lib/python3.7/site-packages/airflow/example_dags/example_branch_operator.py took 0.052 seconds
[2022-09-10T17:13:04.999+0000] {processor.py:153} INFO - Started process (PID=64) to work on /home/airflow/.local/lib/python3.7/site-packages/airflow/example_dags/example_branch_operator.py
[2022-09-10T17:13:05.006+0000] {processor.py:640} INFO - Processing file /home/airflow/.local/lib/python3.7/site-packages/airflow/example_dags/example_branch_operator.py for tasks to queue
[2022-09-10T17:13:05.008+0000] {logging_mixin.py:115} INFO - [2022-09-10T17:13:05.008+0000] {dagbag.py:508} INFO - Filling up the DagBag from /home/airflow/.local/lib/python3.7/site-packages/airflow/example_dags/example_branch_operator.py
[2022-09-10T17:13:05.042+0000] {processor.py:650} INFO - DAG(s) dict_keys(['example_branch_operator']) retrieved from /home/airflow/.local/lib/python3.7/site-packages/airflow/example_dags/example_branch_operator.py
[2022-09-10T17:13:05.089+0000] {logging_mixin.py:115} INFO - [2022-09-10T17:13:05.089+0000] {dag.py:2429} INFO - Sync 1 DAGs
[2022-09-10T17:13:05.135+0000] {logging_mixin.py:115} INFO - [2022-09-10T17:13:05.135+0000] {dag.py:2981} INFO - Setting next_dagrun for example_branch_operator to 2022-09-09T00:00:00+00:00, run_after=2022-09-10T00:00:00+00:00
[2022-09-10T17:13:05.172+0000] {processor.py:161} INFO - Processing /home/airflow/.local/lib/python3.7/site-packages/airflow/example_dags/example_branch_operator.py took 0.179 seconds
[2022-09-10T17:13:35.427+0000] {processor.py:153} INFO - Started process (PID=117) to work on /home/airflow/.local/lib/python3.7/site-packages/airflow/example_dags/example_branch_operator.py
[2022-09-10T17:13:35.429+0000] {processor.py:640} INFO - Processing file /home/airflow/.local/lib/python3.7/site-packages/airflow/example_dags/example_branch_operator.py for tasks to queue
[2022-09-10T17:13:35.430+0000] {logging_mixin.py:115} INFO - [2022-09-10T17:13:35.430+0000] {dagbag.py:508} INFO - Filling up the DagBag from /home/airflow/.local/lib/python3.7/site-packages/airflow/example_dags/example_branch_operator.py
[2022-09-10T17:13:35.440+0000] {processor.py:650} INFO - DAG(s) dict_keys(['example_branch_operator']) retrieved from /home/airflow/.local/lib/python3.7/site-packages/airflow/example_dags/example_branch_operator.py
[2022-09-10T17:13:35.479+0000] {logging_mixin.py:115} INFO - [2022-09-10T17:13:35.479+0000] {dag.py:2429} INFO - Sync 1 DAGs
[2022-09-10T17:13:35.521+0000] {logging_mixin.py:115} INFO - [2022-09-10T17:13:35.521+0000] {dag.py:2981} INFO - Setting next_dagrun for example_branch_operator to 2022-09-09T00:00:00+00:00, run_after=2022-09-10T00:00:00+00:00
[2022-09-10T17:13:35.537+0000] {processor.py:161} INFO - Processing /home/airflow/.local/lib/python3.7/site-packages/airflow/example_dags/example_branch_operator.py took 0.112 seconds
[2022-09-10T17:14:05.676+0000] {processor.py:153} INFO - Started process (PID=179) to work on /home/airflow/.local/lib/python3.7/site-packages/airflow/example_dags/example_branch_operator.py
[2022-09-10T17:14:05.678+0000] {processor.py:640} INFO - Processing file /home/airflow/.local/lib/python3.7/site-packages/airflow/example_dags/example_branch_operator.py for tasks to queue
[2022-09-10T17:14:05.679+0000] {logging_mixin.py:115} INFO - [2022-09-10T17:14:05.679+0000] {dagbag.py:508} INFO - Filling up the DagBag from /home/airflow/.local/lib/python3.7/site-packages/airflow/example_dags/example_branch_operator.py
[2022-09-10T17:14:05.687+0000] {processor.py:650} INFO - DAG(s) dict_keys(['example_branch_operator']) retrieved from /home/airflow/.local/lib/python3.7/site-packages/airflow/example_dags/example_branch_operator.py
[2022-09-10T17:14:05.704+0000] {logging_mixin.py:115} INFO - [2022-09-10T17:14:05.704+0000] {dag.py:2429} INFO - Sync 1 DAGs
[2022-09-10T17:14:05.720+0000] {logging_mixin.py:115} INFO - [2022-09-10T17:14:05.720+0000] {dag.py:2981} INFO - Setting next_dagrun for example_branch_operator to 2022-09-09T00:00:00+00:00, run_after=2022-09-10T00:00:00+00:00
[2022-09-10T17:14:05.727+0000] {processor.py:161} INFO - Processing /home/airflow/.local/lib/python3.7/site-packages/airflow/example_dags/example_branch_operator.py took 0.053 seconds
[2022-09-10T17:16:06.148+0000] {processor.py:153} INFO - Started process (PID=74) to work on /home/airflow/.local/lib/python3.7/site-packages/airflow/example_dags/example_branch_operator.py
[2022-09-10T17:16:06.151+0000] {processor.py:640} INFO - Processing file /home/airflow/.local/lib/python3.7/site-packages/airflow/example_dags/example_branch_operator.py for tasks to queue
[2022-09-10T17:16:06.153+0000] {logging_mixin.py:115} INFO - [2022-09-10T17:16:06.153+0000] {dagbag.py:508} INFO - Filling up the DagBag from /home/airflow/.local/lib/python3.7/site-packages/airflow/example_dags/example_branch_operator.py
[2022-09-10T17:16:06.222+0000] {processor.py:650} INFO - DAG(s) dict_keys(['example_branch_operator']) retrieved from /home/airflow/.local/lib/python3.7/site-packages/airflow/example_dags/example_branch_operator.py
[2022-09-10T17:16:06.321+0000] {logging_mixin.py:115} INFO - [2022-09-10T17:16:06.321+0000] {dag.py:2429} INFO - Sync 1 DAGs
[2022-09-10T17:16:06.392+0000] {logging_mixin.py:115} INFO - [2022-09-10T17:16:06.392+0000] {dag.py:2981} INFO - Setting next_dagrun for example_branch_operator to 2022-09-09T00:00:00+00:00, run_after=2022-09-10T00:00:00+00:00
[2022-09-10T17:16:06.439+0000] {processor.py:161} INFO - Processing /home/airflow/.local/lib/python3.7/site-packages/airflow/example_dags/example_branch_operator.py took 0.307 seconds
[2022-09-10T17:16:37.330+0000] {processor.py:153} INFO - Started process (PID=130) to work on /home/airflow/.local/lib/python3.7/site-packages/airflow/example_dags/example_branch_operator.py
[2022-09-10T17:16:37.335+0000] {processor.py:640} INFO - Processing file /home/airflow/.local/lib/python3.7/site-packages/airflow/example_dags/example_branch_operator.py for tasks to queue
[2022-09-10T17:16:37.337+0000] {logging_mixin.py:115} INFO - [2022-09-10T17:16:37.337+0000] {dagbag.py:508} INFO - Filling up the DagBag from /home/airflow/.local/lib/python3.7/site-packages/airflow/example_dags/example_branch_operator.py
[2022-09-10T17:16:37.355+0000] {processor.py:650} INFO - DAG(s) dict_keys(['example_branch_operator']) retrieved from /home/airflow/.local/lib/python3.7/site-packages/airflow/example_dags/example_branch_operator.py
[2022-09-10T17:16:37.392+0000] {logging_mixin.py:115} INFO - [2022-09-10T17:16:37.392+0000] {dag.py:2429} INFO - Sync 1 DAGs
[2022-09-10T17:16:37.411+0000] {logging_mixin.py:115} INFO - [2022-09-10T17:16:37.411+0000] {dag.py:2981} INFO - Setting next_dagrun for example_branch_operator to 2022-09-09T00:00:00+00:00, run_after=2022-09-10T00:00:00+00:00
[2022-09-10T17:16:37.423+0000] {processor.py:161} INFO - Processing /home/airflow/.local/lib/python3.7/site-packages/airflow/example_dags/example_branch_operator.py took 0.098 seconds
[2022-09-10T17:17:07.491+0000] {processor.py:153} INFO - Started process (PID=194) to work on /home/airflow/.local/lib/python3.7/site-packages/airflow/example_dags/example_branch_operator.py
[2022-09-10T17:17:07.494+0000] {processor.py:640} INFO - Processing file /home/airflow/.local/lib/python3.7/site-packages/airflow/example_dags/example_branch_operator.py for tasks to queue
[2022-09-10T17:17:07.496+0000] {logging_mixin.py:115} INFO - [2022-09-10T17:17:07.496+0000] {dagbag.py:508} INFO - Filling up the DagBag from /home/airflow/.local/lib/python3.7/site-packages/airflow/example_dags/example_branch_operator.py
[2022-09-10T17:17:07.517+0000] {processor.py:650} INFO - DAG(s) dict_keys(['example_branch_operator']) retrieved from /home/airflow/.local/lib/python3.7/site-packages/airflow/example_dags/example_branch_operator.py
[2022-09-10T17:17:07.600+0000] {logging_mixin.py:115} INFO - [2022-09-10T17:17:07.600+0000] {dag.py:2429} INFO - Sync 1 DAGs
[2022-09-10T17:17:07.645+0000] {logging_mixin.py:115} INFO - [2022-09-10T17:17:07.645+0000] {dag.py:2981} INFO - Setting next_dagrun for example_branch_operator to 2022-09-09T00:00:00+00:00, run_after=2022-09-10T00:00:00+00:00
[2022-09-10T17:17:07.676+0000] {processor.py:161} INFO - Processing /home/airflow/.local/lib/python3.7/site-packages/airflow/example_dags/example_branch_operator.py took 0.188 seconds
[2022-09-10T17:17:37.783+0000] {processor.py:153} INFO - Started process (PID=248) to work on /home/airflow/.local/lib/python3.7/site-packages/airflow/example_dags/example_branch_operator.py
[2022-09-10T17:17:37.787+0000] {processor.py:640} INFO - Processing file /home/airflow/.local/lib/python3.7/site-packages/airflow/example_dags/example_branch_operator.py for tasks to queue
[2022-09-10T17:17:37.789+0000] {logging_mixin.py:115} INFO - [2022-09-10T17:17:37.789+0000] {dagbag.py:508} INFO - Filling up the DagBag from /home/airflow/.local/lib/python3.7/site-packages/airflow/example_dags/example_branch_operator.py
[2022-09-10T17:17:37.805+0000] {processor.py:650} INFO - DAG(s) dict_keys(['example_branch_operator']) retrieved from /home/airflow/.local/lib/python3.7/site-packages/airflow/example_dags/example_branch_operator.py
[2022-09-10T17:17:37.827+0000] {logging_mixin.py:115} INFO - [2022-09-10T17:17:37.827+0000] {dag.py:2429} INFO - Sync 1 DAGs
[2022-09-10T17:17:37.842+0000] {logging_mixin.py:115} INFO - [2022-09-10T17:17:37.842+0000] {dag.py:2981} INFO - Setting next_dagrun for example_branch_operator to 2022-09-09T00:00:00+00:00, run_after=2022-09-10T00:00:00+00:00
[2022-09-10T17:17:37.850+0000] {processor.py:161} INFO - Processing /home/airflow/.local/lib/python3.7/site-packages/airflow/example_dags/example_branch_operator.py took 0.073 seconds
[2022-09-10T17:18:07.906+0000] {processor.py:153} INFO - Started process (PID=311) to work on /home/airflow/.local/lib/python3.7/site-packages/airflow/example_dags/example_branch_operator.py
[2022-09-10T17:18:07.909+0000] {processor.py:640} INFO - Processing file /home/airflow/.local/lib/python3.7/site-packages/airflow/example_dags/example_branch_operator.py for tasks to queue
[2022-09-10T17:18:07.911+0000] {logging_mixin.py:115} INFO - [2022-09-10T17:18:07.911+0000] {dagbag.py:508} INFO - Filling up the DagBag from /home/airflow/.local/lib/python3.7/site-packages/airflow/example_dags/example_branch_operator.py
[2022-09-10T17:18:07.927+0000] {processor.py:650} INFO - DAG(s) dict_keys(['example_branch_operator']) retrieved from /home/airflow/.local/lib/python3.7/site-packages/airflow/example_dags/example_branch_operator.py
[2022-09-10T17:18:07.955+0000] {logging_mixin.py:115} INFO - [2022-09-10T17:18:07.955+0000] {dag.py:2429} INFO - Sync 1 DAGs
[2022-09-10T17:18:07.972+0000] {logging_mixin.py:115} INFO - [2022-09-10T17:18:07.971+0000] {dag.py:2981} INFO - Setting next_dagrun for example_branch_operator to 2022-09-09T00:00:00+00:00, run_after=2022-09-10T00:00:00+00:00
[2022-09-10T17:18:07.980+0000] {processor.py:161} INFO - Processing /home/airflow/.local/lib/python3.7/site-packages/airflow/example_dags/example_branch_operator.py took 0.082 seconds
[2022-09-10T17:18:38.940+0000] {processor.py:153} INFO - Started process (PID=374) to work on /home/airflow/.local/lib/python3.7/site-packages/airflow/example_dags/example_branch_operator.py
[2022-09-10T17:18:38.945+0000] {processor.py:640} INFO - Processing file /home/airflow/.local/lib/python3.7/site-packages/airflow/example_dags/example_branch_operator.py for tasks to queue
[2022-09-10T17:18:38.947+0000] {logging_mixin.py:115} INFO - [2022-09-10T17:18:38.947+0000] {dagbag.py:508} INFO - Filling up the DagBag from /home/airflow/.local/lib/python3.7/site-packages/airflow/example_dags/example_branch_operator.py
[2022-09-10T17:18:38.971+0000] {processor.py:650} INFO - DAG(s) dict_keys(['example_branch_operator']) retrieved from /home/airflow/.local/lib/python3.7/site-packages/airflow/example_dags/example_branch_operator.py
[2022-09-10T17:18:38.999+0000] {logging_mixin.py:115} INFO - [2022-09-10T17:18:38.999+0000] {dag.py:2429} INFO - Sync 1 DAGs
[2022-09-10T17:18:39.017+0000] {logging_mixin.py:115} INFO - [2022-09-10T17:18:39.017+0000] {dag.py:2981} INFO - Setting next_dagrun for example_branch_operator to 2022-09-09T00:00:00+00:00, run_after=2022-09-10T00:00:00+00:00
[2022-09-10T17:18:39.026+0000] {processor.py:161} INFO - Processing /home/airflow/.local/lib/python3.7/site-packages/airflow/example_dags/example_branch_operator.py took 0.092 seconds
[2022-09-10T17:19:09.181+0000] {processor.py:153} INFO - Started process (PID=437) to work on /home/airflow/.local/lib/python3.7/site-packages/airflow/example_dags/example_branch_operator.py
[2022-09-10T17:19:09.184+0000] {processor.py:640} INFO - Processing file /home/airflow/.local/lib/python3.7/site-packages/airflow/example_dags/example_branch_operator.py for tasks to queue
[2022-09-10T17:19:09.186+0000] {logging_mixin.py:115} INFO - [2022-09-10T17:19:09.186+0000] {dagbag.py:508} INFO - Filling up the DagBag from /home/airflow/.local/lib/python3.7/site-packages/airflow/example_dags/example_branch_operator.py
[2022-09-10T17:19:09.200+0000] {processor.py:650} INFO - DAG(s) dict_keys(['example_branch_operator']) retrieved from /home/airflow/.local/lib/python3.7/site-packages/airflow/example_dags/example_branch_operator.py
[2022-09-10T17:19:09.234+0000] {logging_mixin.py:115} INFO - [2022-09-10T17:19:09.233+0000] {dag.py:2429} INFO - Sync 1 DAGs
[2022-09-10T17:19:09.262+0000] {logging_mixin.py:115} INFO - [2022-09-10T17:19:09.261+0000] {dag.py:2981} INFO - Setting next_dagrun for example_branch_operator to 2022-09-09T00:00:00+00:00, run_after=2022-09-10T00:00:00+00:00
[2022-09-10T17:19:09.276+0000] {processor.py:161} INFO - Processing /home/airflow/.local/lib/python3.7/site-packages/airflow/example_dags/example_branch_operator.py took 0.103 seconds
[2022-09-10T17:19:39.395+0000] {processor.py:153} INFO - Started process (PID=499) to work on /home/airflow/.local/lib/python3.7/site-packages/airflow/example_dags/example_branch_operator.py
[2022-09-10T17:19:39.398+0000] {processor.py:640} INFO - Processing file /home/airflow/.local/lib/python3.7/site-packages/airflow/example_dags/example_branch_operator.py for tasks to queue
[2022-09-10T17:19:39.400+0000] {logging_mixin.py:115} INFO - [2022-09-10T17:19:39.400+0000] {dagbag.py:508} INFO - Filling up the DagBag from /home/airflow/.local/lib/python3.7/site-packages/airflow/example_dags/example_branch_operator.py
[2022-09-10T17:19:39.409+0000] {processor.py:650} INFO - DAG(s) dict_keys(['example_branch_operator']) retrieved from /home/airflow/.local/lib/python3.7/site-packages/airflow/example_dags/example_branch_operator.py
[2022-09-10T17:19:39.436+0000] {logging_mixin.py:115} INFO - [2022-09-10T17:19:39.436+0000] {dag.py:2429} INFO - Sync 1 DAGs
[2022-09-10T17:19:39.456+0000] {logging_mixin.py:115} INFO - [2022-09-10T17:19:39.455+0000] {dag.py:2981} INFO - Setting next_dagrun for example_branch_operator to 2022-09-09T00:00:00+00:00, run_after=2022-09-10T00:00:00+00:00
[2022-09-10T17:19:39.464+0000] {processor.py:161} INFO - Processing /home/airflow/.local/lib/python3.7/site-packages/airflow/example_dags/example_branch_operator.py took 0.075 seconds
[2022-09-10T17:20:09.700+0000] {processor.py:153} INFO - Started process (PID=554) to work on /home/airflow/.local/lib/python3.7/site-packages/airflow/example_dags/example_branch_operator.py
[2022-09-10T17:20:09.702+0000] {processor.py:640} INFO - Processing file /home/airflow/.local/lib/python3.7/site-packages/airflow/example_dags/example_branch_operator.py for tasks to queue
[2022-09-10T17:20:09.704+0000] {logging_mixin.py:115} INFO - [2022-09-10T17:20:09.704+0000] {dagbag.py:508} INFO - Filling up the DagBag from /home/airflow/.local/lib/python3.7/site-packages/airflow/example_dags/example_branch_operator.py
[2022-09-10T17:20:09.718+0000] {processor.py:650} INFO - DAG(s) dict_keys(['example_branch_operator']) retrieved from /home/airflow/.local/lib/python3.7/site-packages/airflow/example_dags/example_branch_operator.py
[2022-09-10T17:20:09.752+0000] {logging_mixin.py:115} INFO - [2022-09-10T17:20:09.751+0000] {dag.py:2429} INFO - Sync 1 DAGs
[2022-09-10T17:20:09.770+0000] {logging_mixin.py:115} INFO - [2022-09-10T17:20:09.770+0000] {dag.py:2981} INFO - Setting next_dagrun for example_branch_operator to 2022-09-09T00:00:00+00:00, run_after=2022-09-10T00:00:00+00:00
[2022-09-10T17:20:09.780+0000] {processor.py:161} INFO - Processing /home/airflow/.local/lib/python3.7/site-packages/airflow/example_dags/example_branch_operator.py took 0.085 seconds
[2022-09-10T17:20:40.719+0000] {processor.py:153} INFO - Started process (PID=617) to work on /home/airflow/.local/lib/python3.7/site-packages/airflow/example_dags/example_branch_operator.py
[2022-09-10T17:20:40.721+0000] {processor.py:640} INFO - Processing file /home/airflow/.local/lib/python3.7/site-packages/airflow/example_dags/example_branch_operator.py for tasks to queue
[2022-09-10T17:20:40.723+0000] {logging_mixin.py:115} INFO - [2022-09-10T17:20:40.723+0000] {dagbag.py:508} INFO - Filling up the DagBag from /home/airflow/.local/lib/python3.7/site-packages/airflow/example_dags/example_branch_operator.py
[2022-09-10T17:20:40.733+0000] {processor.py:650} INFO - DAG(s) dict_keys(['example_branch_operator']) retrieved from /home/airflow/.local/lib/python3.7/site-packages/airflow/example_dags/example_branch_operator.py
[2022-09-10T17:20:40.755+0000] {logging_mixin.py:115} INFO - [2022-09-10T17:20:40.755+0000] {dag.py:2429} INFO - Sync 1 DAGs
[2022-09-10T17:20:40.782+0000] {logging_mixin.py:115} INFO - [2022-09-10T17:20:40.781+0000] {dag.py:2981} INFO - Setting next_dagrun for example_branch_operator to 2022-09-09T00:00:00+00:00, run_after=2022-09-10T00:00:00+00:00
[2022-09-10T17:20:40.796+0000] {processor.py:161} INFO - Processing /home/airflow/.local/lib/python3.7/site-packages/airflow/example_dags/example_branch_operator.py took 0.081 seconds
[2022-09-10T17:21:10.946+0000] {processor.py:153} INFO - Started process (PID=680) to work on /home/airflow/.local/lib/python3.7/site-packages/airflow/example_dags/example_branch_operator.py
[2022-09-10T17:21:10.949+0000] {processor.py:640} INFO - Processing file /home/airflow/.local/lib/python3.7/site-packages/airflow/example_dags/example_branch_operator.py for tasks to queue
[2022-09-10T17:21:10.951+0000] {logging_mixin.py:115} INFO - [2022-09-10T17:21:10.951+0000] {dagbag.py:508} INFO - Filling up the DagBag from /home/airflow/.local/lib/python3.7/site-packages/airflow/example_dags/example_branch_operator.py
[2022-09-10T17:21:10.970+0000] {processor.py:650} INFO - DAG(s) dict_keys(['example_branch_operator']) retrieved from /home/airflow/.local/lib/python3.7/site-packages/airflow/example_dags/example_branch_operator.py
[2022-09-10T17:21:10.994+0000] {logging_mixin.py:115} INFO - [2022-09-10T17:21:10.994+0000] {dag.py:2429} INFO - Sync 1 DAGs
[2022-09-10T17:21:11.010+0000] {logging_mixin.py:115} INFO - [2022-09-10T17:21:11.010+0000] {dag.py:2981} INFO - Setting next_dagrun for example_branch_operator to 2022-09-09T00:00:00+00:00, run_after=2022-09-10T00:00:00+00:00
[2022-09-10T17:21:11.022+0000] {processor.py:161} INFO - Processing /home/airflow/.local/lib/python3.7/site-packages/airflow/example_dags/example_branch_operator.py took 0.082 seconds
[2022-09-10T17:21:41.782+0000] {processor.py:153} INFO - Started process (PID=743) to work on /home/airflow/.local/lib/python3.7/site-packages/airflow/example_dags/example_branch_operator.py
[2022-09-10T17:21:41.785+0000] {processor.py:640} INFO - Processing file /home/airflow/.local/lib/python3.7/site-packages/airflow/example_dags/example_branch_operator.py for tasks to queue
[2022-09-10T17:21:41.787+0000] {logging_mixin.py:115} INFO - [2022-09-10T17:21:41.787+0000] {dagbag.py:508} INFO - Filling up the DagBag from /home/airflow/.local/lib/python3.7/site-packages/airflow/example_dags/example_branch_operator.py
[2022-09-10T17:21:41.797+0000] {processor.py:650} INFO - DAG(s) dict_keys(['example_branch_operator']) retrieved from /home/airflow/.local/lib/python3.7/site-packages/airflow/example_dags/example_branch_operator.py
[2022-09-10T17:21:41.826+0000] {logging_mixin.py:115} INFO - [2022-09-10T17:21:41.826+0000] {dag.py:2429} INFO - Sync 1 DAGs
[2022-09-10T17:21:41.858+0000] {logging_mixin.py:115} INFO - [2022-09-10T17:21:41.858+0000] {dag.py:2981} INFO - Setting next_dagrun for example_branch_operator to 2022-09-09T00:00:00+00:00, run_after=2022-09-10T00:00:00+00:00
[2022-09-10T17:21:41.869+0000] {processor.py:161} INFO - Processing /home/airflow/.local/lib/python3.7/site-packages/airflow/example_dags/example_branch_operator.py took 0.089 seconds
[2022-09-10T17:22:12.823+0000] {processor.py:153} INFO - Started process (PID=806) to work on /home/airflow/.local/lib/python3.7/site-packages/airflow/example_dags/example_branch_operator.py
[2022-09-10T17:22:12.826+0000] {processor.py:640} INFO - Processing file /home/airflow/.local/lib/python3.7/site-packages/airflow/example_dags/example_branch_operator.py for tasks to queue
[2022-09-10T17:22:12.828+0000] {logging_mixin.py:115} INFO - [2022-09-10T17:22:12.827+0000] {dagbag.py:508} INFO - Filling up the DagBag from /home/airflow/.local/lib/python3.7/site-packages/airflow/example_dags/example_branch_operator.py
[2022-09-10T17:22:12.848+0000] {processor.py:650} INFO - DAG(s) dict_keys(['example_branch_operator']) retrieved from /home/airflow/.local/lib/python3.7/site-packages/airflow/example_dags/example_branch_operator.py
[2022-09-10T17:22:12.884+0000] {logging_mixin.py:115} INFO - [2022-09-10T17:22:12.884+0000] {dag.py:2429} INFO - Sync 1 DAGs
[2022-09-10T17:22:12.905+0000] {logging_mixin.py:115} INFO - [2022-09-10T17:22:12.905+0000] {dag.py:2981} INFO - Setting next_dagrun for example_branch_operator to 2022-09-09T00:00:00+00:00, run_after=2022-09-10T00:00:00+00:00
[2022-09-10T17:22:12.915+0000] {processor.py:161} INFO - Processing /home/airflow/.local/lib/python3.7/site-packages/airflow/example_dags/example_branch_operator.py took 0.097 seconds
[2022-09-10T17:22:43.499+0000] {processor.py:153} INFO - Started process (PID=871) to work on /home/airflow/.local/lib/python3.7/site-packages/airflow/example_dags/example_branch_operator.py
[2022-09-10T17:22:43.504+0000] {processor.py:640} INFO - Processing file /home/airflow/.local/lib/python3.7/site-packages/airflow/example_dags/example_branch_operator.py for tasks to queue
[2022-09-10T17:22:43.506+0000] {logging_mixin.py:115} INFO - [2022-09-10T17:22:43.506+0000] {dagbag.py:508} INFO - Filling up the DagBag from /home/airflow/.local/lib/python3.7/site-packages/airflow/example_dags/example_branch_operator.py
[2022-09-10T17:22:43.519+0000] {processor.py:650} INFO - DAG(s) dict_keys(['example_branch_operator']) retrieved from /home/airflow/.local/lib/python3.7/site-packages/airflow/example_dags/example_branch_operator.py
[2022-09-10T17:22:43.543+0000] {logging_mixin.py:115} INFO - [2022-09-10T17:22:43.543+0000] {dag.py:2429} INFO - Sync 1 DAGs
[2022-09-10T17:22:43.559+0000] {logging_mixin.py:115} INFO - [2022-09-10T17:22:43.559+0000] {dag.py:2981} INFO - Setting next_dagrun for example_branch_operator to 2022-09-09T00:00:00+00:00, run_after=2022-09-10T00:00:00+00:00
[2022-09-10T17:22:43.568+0000] {processor.py:161} INFO - Processing /home/airflow/.local/lib/python3.7/site-packages/airflow/example_dags/example_branch_operator.py took 0.075 seconds
[2022-09-10T17:23:14.472+0000] {processor.py:153} INFO - Started process (PID=934) to work on /home/airflow/.local/lib/python3.7/site-packages/airflow/example_dags/example_branch_operator.py
[2022-09-10T17:23:14.474+0000] {processor.py:640} INFO - Processing file /home/airflow/.local/lib/python3.7/site-packages/airflow/example_dags/example_branch_operator.py for tasks to queue
[2022-09-10T17:23:14.475+0000] {logging_mixin.py:115} INFO - [2022-09-10T17:23:14.475+0000] {dagbag.py:508} INFO - Filling up the DagBag from /home/airflow/.local/lib/python3.7/site-packages/airflow/example_dags/example_branch_operator.py
[2022-09-10T17:23:14.486+0000] {processor.py:650} INFO - DAG(s) dict_keys(['example_branch_operator']) retrieved from /home/airflow/.local/lib/python3.7/site-packages/airflow/example_dags/example_branch_operator.py
[2022-09-10T17:23:14.504+0000] {logging_mixin.py:115} INFO - [2022-09-10T17:23:14.504+0000] {dag.py:2429} INFO - Sync 1 DAGs
[2022-09-10T17:23:14.520+0000] {logging_mixin.py:115} INFO - [2022-09-10T17:23:14.520+0000] {dag.py:2981} INFO - Setting next_dagrun for example_branch_operator to 2022-09-09T00:00:00+00:00, run_after=2022-09-10T00:00:00+00:00
[2022-09-10T17:23:14.527+0000] {processor.py:161} INFO - Processing /home/airflow/.local/lib/python3.7/site-packages/airflow/example_dags/example_branch_operator.py took 0.059 seconds
[2022-09-10T17:23:45.412+0000] {processor.py:153} INFO - Started process (PID=988) to work on /home/airflow/.local/lib/python3.7/site-packages/airflow/example_dags/example_branch_operator.py
[2022-09-10T17:23:45.415+0000] {processor.py:640} INFO - Processing file /home/airflow/.local/lib/python3.7/site-packages/airflow/example_dags/example_branch_operator.py for tasks to queue
[2022-09-10T17:23:45.416+0000] {logging_mixin.py:115} INFO - [2022-09-10T17:23:45.416+0000] {dagbag.py:508} INFO - Filling up the DagBag from /home/airflow/.local/lib/python3.7/site-packages/airflow/example_dags/example_branch_operator.py
[2022-09-10T17:23:45.428+0000] {processor.py:650} INFO - DAG(s) dict_keys(['example_branch_operator']) retrieved from /home/airflow/.local/lib/python3.7/site-packages/airflow/example_dags/example_branch_operator.py
[2022-09-10T17:23:45.449+0000] {logging_mixin.py:115} INFO - [2022-09-10T17:23:45.449+0000] {dag.py:2429} INFO - Sync 1 DAGs
[2022-09-10T17:23:45.464+0000] {logging_mixin.py:115} INFO - [2022-09-10T17:23:45.464+0000] {dag.py:2981} INFO - Setting next_dagrun for example_branch_operator to 2022-09-09T00:00:00+00:00, run_after=2022-09-10T00:00:00+00:00
[2022-09-10T17:23:45.471+0000] {processor.py:161} INFO - Processing /home/airflow/.local/lib/python3.7/site-packages/airflow/example_dags/example_branch_operator.py took 0.064 seconds
[2022-09-10T17:24:15.524+0000] {processor.py:153} INFO - Started process (PID=1051) to work on /home/airflow/.local/lib/python3.7/site-packages/airflow/example_dags/example_branch_operator.py
[2022-09-10T17:24:15.526+0000] {processor.py:640} INFO - Processing file /home/airflow/.local/lib/python3.7/site-packages/airflow/example_dags/example_branch_operator.py for tasks to queue
[2022-09-10T17:24:15.527+0000] {logging_mixin.py:115} INFO - [2022-09-10T17:24:15.527+0000] {dagbag.py:508} INFO - Filling up the DagBag from /home/airflow/.local/lib/python3.7/site-packages/airflow/example_dags/example_branch_operator.py
[2022-09-10T17:24:15.535+0000] {processor.py:650} INFO - DAG(s) dict_keys(['example_branch_operator']) retrieved from /home/airflow/.local/lib/python3.7/site-packages/airflow/example_dags/example_branch_operator.py
[2022-09-10T17:24:15.553+0000] {logging_mixin.py:115} INFO - [2022-09-10T17:24:15.553+0000] {dag.py:2429} INFO - Sync 1 DAGs
[2022-09-10T17:24:15.574+0000] {logging_mixin.py:115} INFO - [2022-09-10T17:24:15.574+0000] {dag.py:2981} INFO - Setting next_dagrun for example_branch_operator to 2022-09-09T00:00:00+00:00, run_after=2022-09-10T00:00:00+00:00
[2022-09-10T17:24:15.582+0000] {processor.py:161} INFO - Processing /home/airflow/.local/lib/python3.7/site-packages/airflow/example_dags/example_branch_operator.py took 0.060 seconds
[2022-09-10T17:24:46.276+0000] {processor.py:153} INFO - Started process (PID=1114) to work on /home/airflow/.local/lib/python3.7/site-packages/airflow/example_dags/example_branch_operator.py
[2022-09-10T17:24:46.278+0000] {processor.py:640} INFO - Processing file /home/airflow/.local/lib/python3.7/site-packages/airflow/example_dags/example_branch_operator.py for tasks to queue
[2022-09-10T17:24:46.279+0000] {logging_mixin.py:115} INFO - [2022-09-10T17:24:46.278+0000] {dagbag.py:508} INFO - Filling up the DagBag from /home/airflow/.local/lib/python3.7/site-packages/airflow/example_dags/example_branch_operator.py
[2022-09-10T17:24:46.291+0000] {processor.py:650} INFO - DAG(s) dict_keys(['example_branch_operator']) retrieved from /home/airflow/.local/lib/python3.7/site-packages/airflow/example_dags/example_branch_operator.py
[2022-09-10T17:24:46.307+0000] {logging_mixin.py:115} INFO - [2022-09-10T17:24:46.307+0000] {dag.py:2429} INFO - Sync 1 DAGs
[2022-09-10T17:24:46.322+0000] {logging_mixin.py:115} INFO - [2022-09-10T17:24:46.321+0000] {dag.py:2981} INFO - Setting next_dagrun for example_branch_operator to 2022-09-09T00:00:00+00:00, run_after=2022-09-10T00:00:00+00:00
[2022-09-10T17:24:46.329+0000] {processor.py:161} INFO - Processing /home/airflow/.local/lib/python3.7/site-packages/airflow/example_dags/example_branch_operator.py took 0.055 seconds
[2022-09-10T17:25:17.090+0000] {processor.py:153} INFO - Started process (PID=1176) to work on /home/airflow/.local/lib/python3.7/site-packages/airflow/example_dags/example_branch_operator.py
[2022-09-10T17:25:17.091+0000] {processor.py:640} INFO - Processing file /home/airflow/.local/lib/python3.7/site-packages/airflow/example_dags/example_branch_operator.py for tasks to queue
[2022-09-10T17:25:17.092+0000] {logging_mixin.py:115} INFO - [2022-09-10T17:25:17.092+0000] {dagbag.py:508} INFO - Filling up the DagBag from /home/airflow/.local/lib/python3.7/site-packages/airflow/example_dags/example_branch_operator.py
[2022-09-10T17:25:17.100+0000] {processor.py:650} INFO - DAG(s) dict_keys(['example_branch_operator']) retrieved from /home/airflow/.local/lib/python3.7/site-packages/airflow/example_dags/example_branch_operator.py
[2022-09-10T17:25:17.116+0000] {logging_mixin.py:115} INFO - [2022-09-10T17:25:17.116+0000] {dag.py:2429} INFO - Sync 1 DAGs
[2022-09-10T17:25:17.129+0000] {logging_mixin.py:115} INFO - [2022-09-10T17:25:17.129+0000] {dag.py:2981} INFO - Setting next_dagrun for example_branch_operator to 2022-09-09T00:00:00+00:00, run_after=2022-09-10T00:00:00+00:00
[2022-09-10T17:25:17.136+0000] {processor.py:161} INFO - Processing /home/airflow/.local/lib/python3.7/site-packages/airflow/example_dags/example_branch_operator.py took 0.048 seconds
[2022-09-10T17:25:48.118+0000] {processor.py:153} INFO - Started process (PID=1240) to work on /home/airflow/.local/lib/python3.7/site-packages/airflow/example_dags/example_branch_operator.py
[2022-09-10T17:25:48.119+0000] {processor.py:640} INFO - Processing file /home/airflow/.local/lib/python3.7/site-packages/airflow/example_dags/example_branch_operator.py for tasks to queue
[2022-09-10T17:25:48.120+0000] {logging_mixin.py:115} INFO - [2022-09-10T17:25:48.120+0000] {dagbag.py:508} INFO - Filling up the DagBag from /home/airflow/.local/lib/python3.7/site-packages/airflow/example_dags/example_branch_operator.py
[2022-09-10T17:25:48.130+0000] {processor.py:650} INFO - DAG(s) dict_keys(['example_branch_operator']) retrieved from /home/airflow/.local/lib/python3.7/site-packages/airflow/example_dags/example_branch_operator.py
[2022-09-10T17:25:48.151+0000] {logging_mixin.py:115} INFO - [2022-09-10T17:25:48.151+0000] {dag.py:2429} INFO - Sync 1 DAGs
[2022-09-10T17:25:48.167+0000] {logging_mixin.py:115} INFO - [2022-09-10T17:25:48.167+0000] {dag.py:2981} INFO - Setting next_dagrun for example_branch_operator to 2022-09-09T00:00:00+00:00, run_after=2022-09-10T00:00:00+00:00
[2022-09-10T17:25:48.183+0000] {processor.py:161} INFO - Processing /home/airflow/.local/lib/python3.7/site-packages/airflow/example_dags/example_branch_operator.py took 0.067 seconds
[2022-09-10T17:26:18.301+0000] {processor.py:153} INFO - Started process (PID=1294) to work on /home/airflow/.local/lib/python3.7/site-packages/airflow/example_dags/example_branch_operator.py
[2022-09-10T17:26:18.303+0000] {processor.py:640} INFO - Processing file /home/airflow/.local/lib/python3.7/site-packages/airflow/example_dags/example_branch_operator.py for tasks to queue
[2022-09-10T17:26:18.303+0000] {logging_mixin.py:115} INFO - [2022-09-10T17:26:18.303+0000] {dagbag.py:508} INFO - Filling up the DagBag from /home/airflow/.local/lib/python3.7/site-packages/airflow/example_dags/example_branch_operator.py
[2022-09-10T17:26:18.311+0000] {processor.py:650} INFO - DAG(s) dict_keys(['example_branch_operator']) retrieved from /home/airflow/.local/lib/python3.7/site-packages/airflow/example_dags/example_branch_operator.py
[2022-09-10T17:26:18.328+0000] {logging_mixin.py:115} INFO - [2022-09-10T17:26:18.327+0000] {dag.py:2429} INFO - Sync 1 DAGs
[2022-09-10T17:26:18.341+0000] {logging_mixin.py:115} INFO - [2022-09-10T17:26:18.341+0000] {dag.py:2981} INFO - Setting next_dagrun for example_branch_operator to 2022-09-09T00:00:00+00:00, run_after=2022-09-10T00:00:00+00:00
[2022-09-10T17:26:18.348+0000] {processor.py:161} INFO - Processing /home/airflow/.local/lib/python3.7/site-packages/airflow/example_dags/example_branch_operator.py took 0.049 seconds
[2022-09-10T17:26:49.437+0000] {processor.py:153} INFO - Started process (PID=1357) to work on /home/airflow/.local/lib/python3.7/site-packages/airflow/example_dags/example_branch_operator.py
[2022-09-10T17:26:49.440+0000] {processor.py:640} INFO - Processing file /home/airflow/.local/lib/python3.7/site-packages/airflow/example_dags/example_branch_operator.py for tasks to queue
[2022-09-10T17:26:49.441+0000] {logging_mixin.py:115} INFO - [2022-09-10T17:26:49.441+0000] {dagbag.py:508} INFO - Filling up the DagBag from /home/airflow/.local/lib/python3.7/site-packages/airflow/example_dags/example_branch_operator.py
[2022-09-10T17:26:49.450+0000] {processor.py:650} INFO - DAG(s) dict_keys(['example_branch_operator']) retrieved from /home/airflow/.local/lib/python3.7/site-packages/airflow/example_dags/example_branch_operator.py
[2022-09-10T17:26:49.469+0000] {logging_mixin.py:115} INFO - [2022-09-10T17:26:49.468+0000] {dag.py:2429} INFO - Sync 1 DAGs
[2022-09-10T17:26:49.485+0000] {logging_mixin.py:115} INFO - [2022-09-10T17:26:49.484+0000] {dag.py:2981} INFO - Setting next_dagrun for example_branch_operator to 2022-09-09T00:00:00+00:00, run_after=2022-09-10T00:00:00+00:00
[2022-09-10T17:26:49.493+0000] {processor.py:161} INFO - Processing /home/airflow/.local/lib/python3.7/site-packages/airflow/example_dags/example_branch_operator.py took 0.059 seconds
[2022-09-10T17:27:20.679+0000] {processor.py:153} INFO - Started process (PID=1421) to work on /home/airflow/.local/lib/python3.7/site-packages/airflow/example_dags/example_branch_operator.py
[2022-09-10T17:27:20.681+0000] {processor.py:640} INFO - Processing file /home/airflow/.local/lib/python3.7/site-packages/airflow/example_dags/example_branch_operator.py for tasks to queue
[2022-09-10T17:27:20.682+0000] {logging_mixin.py:115} INFO - [2022-09-10T17:27:20.682+0000] {dagbag.py:508} INFO - Filling up the DagBag from /home/airflow/.local/lib/python3.7/site-packages/airflow/example_dags/example_branch_operator.py
[2022-09-10T17:27:20.690+0000] {processor.py:650} INFO - DAG(s) dict_keys(['example_branch_operator']) retrieved from /home/airflow/.local/lib/python3.7/site-packages/airflow/example_dags/example_branch_operator.py
[2022-09-10T17:27:20.708+0000] {logging_mixin.py:115} INFO - [2022-09-10T17:27:20.708+0000] {dag.py:2429} INFO - Sync 1 DAGs
[2022-09-10T17:27:20.722+0000] {logging_mixin.py:115} INFO - [2022-09-10T17:27:20.722+0000] {dag.py:2981} INFO - Setting next_dagrun for example_branch_operator to 2022-09-09T00:00:00+00:00, run_after=2022-09-10T00:00:00+00:00
[2022-09-10T17:27:20.731+0000] {processor.py:161} INFO - Processing /home/airflow/.local/lib/python3.7/site-packages/airflow/example_dags/example_branch_operator.py took 0.054 seconds
[2022-09-10T17:27:51.809+0000] {processor.py:153} INFO - Started process (PID=1486) to work on /home/airflow/.local/lib/python3.7/site-packages/airflow/example_dags/example_branch_operator.py
[2022-09-10T17:27:51.811+0000] {processor.py:640} INFO - Processing file /home/airflow/.local/lib/python3.7/site-packages/airflow/example_dags/example_branch_operator.py for tasks to queue
[2022-09-10T17:27:51.813+0000] {logging_mixin.py:115} INFO - [2022-09-10T17:27:51.813+0000] {dagbag.py:508} INFO - Filling up the DagBag from /home/airflow/.local/lib/python3.7/site-packages/airflow/example_dags/example_branch_operator.py
[2022-09-10T17:27:51.822+0000] {processor.py:650} INFO - DAG(s) dict_keys(['example_branch_operator']) retrieved from /home/airflow/.local/lib/python3.7/site-packages/airflow/example_dags/example_branch_operator.py
[2022-09-10T17:27:51.841+0000] {logging_mixin.py:115} INFO - [2022-09-10T17:27:51.841+0000] {dag.py:2429} INFO - Sync 1 DAGs
[2022-09-10T17:27:51.855+0000] {logging_mixin.py:115} INFO - [2022-09-10T17:27:51.855+0000] {dag.py:2981} INFO - Setting next_dagrun for example_branch_operator to 2022-09-09T00:00:00+00:00, run_after=2022-09-10T00:00:00+00:00
[2022-09-10T17:27:51.863+0000] {processor.py:161} INFO - Processing /home/airflow/.local/lib/python3.7/site-packages/airflow/example_dags/example_branch_operator.py took 0.056 seconds
[2022-09-10T17:28:21.959+0000] {processor.py:153} INFO - Started process (PID=1549) to work on /home/airflow/.local/lib/python3.7/site-packages/airflow/example_dags/example_branch_operator.py
[2022-09-10T17:28:21.961+0000] {processor.py:640} INFO - Processing file /home/airflow/.local/lib/python3.7/site-packages/airflow/example_dags/example_branch_operator.py for tasks to queue
[2022-09-10T17:28:21.962+0000] {logging_mixin.py:115} INFO - [2022-09-10T17:28:21.962+0000] {dagbag.py:508} INFO - Filling up the DagBag from /home/airflow/.local/lib/python3.7/site-packages/airflow/example_dags/example_branch_operator.py
[2022-09-10T17:28:21.969+0000] {processor.py:650} INFO - DAG(s) dict_keys(['example_branch_operator']) retrieved from /home/airflow/.local/lib/python3.7/site-packages/airflow/example_dags/example_branch_operator.py
[2022-09-10T17:28:21.988+0000] {logging_mixin.py:115} INFO - [2022-09-10T17:28:21.988+0000] {dag.py:2429} INFO - Sync 1 DAGs
[2022-09-10T17:28:22.002+0000] {logging_mixin.py:115} INFO - [2022-09-10T17:28:22.002+0000] {dag.py:2981} INFO - Setting next_dagrun for example_branch_operator to 2022-09-09T00:00:00+00:00, run_after=2022-09-10T00:00:00+00:00
[2022-09-10T17:28:22.010+0000] {processor.py:161} INFO - Processing /home/airflow/.local/lib/python3.7/site-packages/airflow/example_dags/example_branch_operator.py took 0.053 seconds
[2022-09-10T17:28:52.546+0000] {processor.py:153} INFO - Started process (PID=1612) to work on /home/airflow/.local/lib/python3.7/site-packages/airflow/example_dags/example_branch_operator.py
[2022-09-10T17:28:52.547+0000] {processor.py:640} INFO - Processing file /home/airflow/.local/lib/python3.7/site-packages/airflow/example_dags/example_branch_operator.py for tasks to queue
[2022-09-10T17:28:52.549+0000] {logging_mixin.py:115} INFO - [2022-09-10T17:28:52.549+0000] {dagbag.py:508} INFO - Filling up the DagBag from /home/airflow/.local/lib/python3.7/site-packages/airflow/example_dags/example_branch_operator.py
[2022-09-10T17:28:52.556+0000] {processor.py:650} INFO - DAG(s) dict_keys(['example_branch_operator']) retrieved from /home/airflow/.local/lib/python3.7/site-packages/airflow/example_dags/example_branch_operator.py
[2022-09-10T17:28:52.579+0000] {logging_mixin.py:115} INFO - [2022-09-10T17:28:52.578+0000] {dag.py:2429} INFO - Sync 1 DAGs
[2022-09-10T17:28:52.592+0000] {logging_mixin.py:115} INFO - [2022-09-10T17:28:52.592+0000] {dag.py:2981} INFO - Setting next_dagrun for example_branch_operator to 2022-09-09T00:00:00+00:00, run_after=2022-09-10T00:00:00+00:00
[2022-09-10T17:28:52.600+0000] {processor.py:161} INFO - Processing /home/airflow/.local/lib/python3.7/site-packages/airflow/example_dags/example_branch_operator.py took 0.056 seconds
[2022-09-10T17:29:23.448+0000] {processor.py:153} INFO - Started process (PID=1666) to work on /home/airflow/.local/lib/python3.7/site-packages/airflow/example_dags/example_branch_operator.py
[2022-09-10T17:29:23.450+0000] {processor.py:640} INFO - Processing file /home/airflow/.local/lib/python3.7/site-packages/airflow/example_dags/example_branch_operator.py for tasks to queue
[2022-09-10T17:29:23.451+0000] {logging_mixin.py:115} INFO - [2022-09-10T17:29:23.451+0000] {dagbag.py:508} INFO - Filling up the DagBag from /home/airflow/.local/lib/python3.7/site-packages/airflow/example_dags/example_branch_operator.py
[2022-09-10T17:29:23.460+0000] {processor.py:650} INFO - DAG(s) dict_keys(['example_branch_operator']) retrieved from /home/airflow/.local/lib/python3.7/site-packages/airflow/example_dags/example_branch_operator.py
[2022-09-10T17:29:23.479+0000] {logging_mixin.py:115} INFO - [2022-09-10T17:29:23.479+0000] {dag.py:2429} INFO - Sync 1 DAGs
[2022-09-10T17:29:23.494+0000] {logging_mixin.py:115} INFO - [2022-09-10T17:29:23.494+0000] {dag.py:2981} INFO - Setting next_dagrun for example_branch_operator to 2022-09-09T00:00:00+00:00, run_after=2022-09-10T00:00:00+00:00
[2022-09-10T17:29:23.503+0000] {processor.py:161} INFO - Processing /home/airflow/.local/lib/python3.7/site-packages/airflow/example_dags/example_branch_operator.py took 0.057 seconds
[2022-09-10T17:29:53.654+0000] {processor.py:153} INFO - Started process (PID=1728) to work on /home/airflow/.local/lib/python3.7/site-packages/airflow/example_dags/example_branch_operator.py
[2022-09-10T17:29:53.656+0000] {processor.py:640} INFO - Processing file /home/airflow/.local/lib/python3.7/site-packages/airflow/example_dags/example_branch_operator.py for tasks to queue
[2022-09-10T17:29:53.658+0000] {logging_mixin.py:115} INFO - [2022-09-10T17:29:53.658+0000] {dagbag.py:508} INFO - Filling up the DagBag from /home/airflow/.local/lib/python3.7/site-packages/airflow/example_dags/example_branch_operator.py
[2022-09-10T17:29:53.669+0000] {processor.py:650} INFO - DAG(s) dict_keys(['example_branch_operator']) retrieved from /home/airflow/.local/lib/python3.7/site-packages/airflow/example_dags/example_branch_operator.py
[2022-09-10T17:29:53.694+0000] {logging_mixin.py:115} INFO - [2022-09-10T17:29:53.694+0000] {dag.py:2429} INFO - Sync 1 DAGs
[2022-09-10T17:29:53.707+0000] {logging_mixin.py:115} INFO - [2022-09-10T17:29:53.707+0000] {dag.py:2981} INFO - Setting next_dagrun for example_branch_operator to 2022-09-09T00:00:00+00:00, run_after=2022-09-10T00:00:00+00:00
[2022-09-10T17:29:53.714+0000] {processor.py:161} INFO - Processing /home/airflow/.local/lib/python3.7/site-packages/airflow/example_dags/example_branch_operator.py took 0.066 seconds
[2022-09-10T17:30:24.159+0000] {processor.py:153} INFO - Started process (PID=1791) to work on /home/airflow/.local/lib/python3.7/site-packages/airflow/example_dags/example_branch_operator.py
[2022-09-10T17:30:24.162+0000] {processor.py:640} INFO - Processing file /home/airflow/.local/lib/python3.7/site-packages/airflow/example_dags/example_branch_operator.py for tasks to queue
[2022-09-10T17:30:24.163+0000] {logging_mixin.py:115} INFO - [2022-09-10T17:30:24.163+0000] {dagbag.py:508} INFO - Filling up the DagBag from /home/airflow/.local/lib/python3.7/site-packages/airflow/example_dags/example_branch_operator.py
[2022-09-10T17:30:24.170+0000] {processor.py:650} INFO - DAG(s) dict_keys(['example_branch_operator']) retrieved from /home/airflow/.local/lib/python3.7/site-packages/airflow/example_dags/example_branch_operator.py
[2022-09-10T17:30:24.189+0000] {logging_mixin.py:115} INFO - [2022-09-10T17:30:24.189+0000] {dag.py:2429} INFO - Sync 1 DAGs
[2022-09-10T17:30:24.203+0000] {logging_mixin.py:115} INFO - [2022-09-10T17:30:24.203+0000] {dag.py:2981} INFO - Setting next_dagrun for example_branch_operator to 2022-09-09T00:00:00+00:00, run_after=2022-09-10T00:00:00+00:00
[2022-09-10T17:30:24.211+0000] {processor.py:161} INFO - Processing /home/airflow/.local/lib/python3.7/site-packages/airflow/example_dags/example_branch_operator.py took 0.055 seconds
