[2022-09-10T17:06:39.471+0000] {processor.py:153} INFO - Started process (PID=57) to work on /home/airflow/.local/lib/python3.7/site-packages/airflow/example_dags/example_short_circuit_operator.py
[2022-09-10T17:06:39.476+0000] {processor.py:640} INFO - Processing file /home/airflow/.local/lib/python3.7/site-packages/airflow/example_dags/example_short_circuit_operator.py for tasks to queue
[2022-09-10T17:06:39.484+0000] {logging_mixin.py:115} INFO - [2022-09-10T17:06:39.483+0000] {dagbag.py:508} INFO - Filling up the DagBag from /home/airflow/.local/lib/python3.7/site-packages/airflow/example_dags/example_short_circuit_operator.py
[2022-09-10T17:06:39.525+0000] {processor.py:650} INFO - DAG(s) dict_keys(['example_short_circuit_operator']) retrieved from /home/airflow/.local/lib/python3.7/site-packages/airflow/example_dags/example_short_circuit_operator.py
[2022-09-10T17:06:39.704+0000] {logging_mixin.py:115} INFO - [2022-09-10T17:06:39.703+0000] {manager.py:508} INFO - Created Permission View: can edit on DAG:example_short_circuit_operator
[2022-09-10T17:06:39.720+0000] {logging_mixin.py:115} INFO - [2022-09-10T17:06:39.720+0000] {manager.py:508} INFO - Created Permission View: can delete on DAG:example_short_circuit_operator
[2022-09-10T17:06:39.732+0000] {logging_mixin.py:115} INFO - [2022-09-10T17:06:39.732+0000] {manager.py:508} INFO - Created Permission View: can read on DAG:example_short_circuit_operator
[2022-09-10T17:06:39.733+0000] {logging_mixin.py:115} INFO - [2022-09-10T17:06:39.733+0000] {dag.py:2429} INFO - Sync 1 DAGs
[2022-09-10T17:06:39.760+0000] {logging_mixin.py:115} INFO - [2022-09-10T17:06:39.760+0000] {dag.py:2448} INFO - Creating ORM DAG for example_short_circuit_operator
[2022-09-10T17:06:39.789+0000] {logging_mixin.py:115} INFO - [2022-09-10T17:06:39.789+0000] {dag.py:2981} INFO - Setting next_dagrun for example_short_circuit_operator to 2022-09-09T17:06:39.789453+00:00, run_after=2022-09-10T17:06:39.789453+00:00
[2022-09-10T17:06:39.821+0000] {processor.py:161} INFO - Processing /home/airflow/.local/lib/python3.7/site-packages/airflow/example_dags/example_short_circuit_operator.py took 0.353 seconds
[2022-09-10T17:07:10.161+0000] {processor.py:153} INFO - Started process (PID=121) to work on /home/airflow/.local/lib/python3.7/site-packages/airflow/example_dags/example_short_circuit_operator.py
[2022-09-10T17:07:10.163+0000] {processor.py:640} INFO - Processing file /home/airflow/.local/lib/python3.7/site-packages/airflow/example_dags/example_short_circuit_operator.py for tasks to queue
[2022-09-10T17:07:10.164+0000] {logging_mixin.py:115} INFO - [2022-09-10T17:07:10.164+0000] {dagbag.py:508} INFO - Filling up the DagBag from /home/airflow/.local/lib/python3.7/site-packages/airflow/example_dags/example_short_circuit_operator.py
[2022-09-10T17:07:10.171+0000] {processor.py:650} INFO - DAG(s) dict_keys(['example_short_circuit_operator']) retrieved from /home/airflow/.local/lib/python3.7/site-packages/airflow/example_dags/example_short_circuit_operator.py
[2022-09-10T17:07:10.190+0000] {logging_mixin.py:115} INFO - [2022-09-10T17:07:10.190+0000] {dag.py:2429} INFO - Sync 1 DAGs
[2022-09-10T17:07:10.205+0000] {logging_mixin.py:115} INFO - [2022-09-10T17:07:10.205+0000] {dag.py:2981} INFO - Setting next_dagrun for example_short_circuit_operator to 2022-09-09T17:07:10.204919+00:00, run_after=2022-09-10T17:07:10.204919+00:00
[2022-09-10T17:07:10.212+0000] {processor.py:161} INFO - Processing /home/airflow/.local/lib/python3.7/site-packages/airflow/example_dags/example_short_circuit_operator.py took 0.054 seconds
[2022-09-10T17:07:41.059+0000] {processor.py:153} INFO - Started process (PID=175) to work on /home/airflow/.local/lib/python3.7/site-packages/airflow/example_dags/example_short_circuit_operator.py
[2022-09-10T17:07:41.061+0000] {processor.py:640} INFO - Processing file /home/airflow/.local/lib/python3.7/site-packages/airflow/example_dags/example_short_circuit_operator.py for tasks to queue
[2022-09-10T17:07:41.062+0000] {logging_mixin.py:115} INFO - [2022-09-10T17:07:41.061+0000] {dagbag.py:508} INFO - Filling up the DagBag from /home/airflow/.local/lib/python3.7/site-packages/airflow/example_dags/example_short_circuit_operator.py
[2022-09-10T17:07:41.067+0000] {processor.py:650} INFO - DAG(s) dict_keys(['example_short_circuit_operator']) retrieved from /home/airflow/.local/lib/python3.7/site-packages/airflow/example_dags/example_short_circuit_operator.py
[2022-09-10T17:07:41.083+0000] {logging_mixin.py:115} INFO - [2022-09-10T17:07:41.083+0000] {dag.py:2429} INFO - Sync 1 DAGs
[2022-09-10T17:07:41.095+0000] {logging_mixin.py:115} INFO - [2022-09-10T17:07:41.095+0000] {dag.py:2981} INFO - Setting next_dagrun for example_short_circuit_operator to 2022-09-09T17:07:41.095123+00:00, run_after=2022-09-10T17:07:41.095123+00:00
[2022-09-10T17:07:41.101+0000] {processor.py:161} INFO - Processing /home/airflow/.local/lib/python3.7/site-packages/airflow/example_dags/example_short_circuit_operator.py took 0.044 seconds
[2022-09-10T17:08:11.956+0000] {processor.py:153} INFO - Started process (PID=238) to work on /home/airflow/.local/lib/python3.7/site-packages/airflow/example_dags/example_short_circuit_operator.py
[2022-09-10T17:08:11.958+0000] {processor.py:640} INFO - Processing file /home/airflow/.local/lib/python3.7/site-packages/airflow/example_dags/example_short_circuit_operator.py for tasks to queue
[2022-09-10T17:08:11.959+0000] {logging_mixin.py:115} INFO - [2022-09-10T17:08:11.959+0000] {dagbag.py:508} INFO - Filling up the DagBag from /home/airflow/.local/lib/python3.7/site-packages/airflow/example_dags/example_short_circuit_operator.py
[2022-09-10T17:08:11.967+0000] {processor.py:650} INFO - DAG(s) dict_keys(['example_short_circuit_operator']) retrieved from /home/airflow/.local/lib/python3.7/site-packages/airflow/example_dags/example_short_circuit_operator.py
[2022-09-10T17:08:11.986+0000] {logging_mixin.py:115} INFO - [2022-09-10T17:08:11.985+0000] {dag.py:2429} INFO - Sync 1 DAGs
[2022-09-10T17:08:11.999+0000] {logging_mixin.py:115} INFO - [2022-09-10T17:08:11.999+0000] {dag.py:2981} INFO - Setting next_dagrun for example_short_circuit_operator to 2022-09-09T17:08:11.999746+00:00, run_after=2022-09-10T17:08:11.999746+00:00
[2022-09-10T17:08:12.007+0000] {processor.py:161} INFO - Processing /home/airflow/.local/lib/python3.7/site-packages/airflow/example_dags/example_short_circuit_operator.py took 0.053 seconds
[2022-09-10T17:08:42.871+0000] {processor.py:153} INFO - Started process (PID=300) to work on /home/airflow/.local/lib/python3.7/site-packages/airflow/example_dags/example_short_circuit_operator.py
[2022-09-10T17:08:42.873+0000] {processor.py:640} INFO - Processing file /home/airflow/.local/lib/python3.7/site-packages/airflow/example_dags/example_short_circuit_operator.py for tasks to queue
[2022-09-10T17:08:42.874+0000] {logging_mixin.py:115} INFO - [2022-09-10T17:08:42.873+0000] {dagbag.py:508} INFO - Filling up the DagBag from /home/airflow/.local/lib/python3.7/site-packages/airflow/example_dags/example_short_circuit_operator.py
[2022-09-10T17:08:42.880+0000] {processor.py:650} INFO - DAG(s) dict_keys(['example_short_circuit_operator']) retrieved from /home/airflow/.local/lib/python3.7/site-packages/airflow/example_dags/example_short_circuit_operator.py
[2022-09-10T17:08:42.897+0000] {logging_mixin.py:115} INFO - [2022-09-10T17:08:42.897+0000] {dag.py:2429} INFO - Sync 1 DAGs
[2022-09-10T17:08:42.911+0000] {logging_mixin.py:115} INFO - [2022-09-10T17:08:42.911+0000] {dag.py:2981} INFO - Setting next_dagrun for example_short_circuit_operator to 2022-09-09T17:08:42.911347+00:00, run_after=2022-09-10T17:08:42.911347+00:00
[2022-09-10T17:08:42.919+0000] {processor.py:161} INFO - Processing /home/airflow/.local/lib/python3.7/site-packages/airflow/example_dags/example_short_circuit_operator.py took 0.050 seconds
[2022-09-10T17:09:13.685+0000] {processor.py:153} INFO - Started process (PID=364) to work on /home/airflow/.local/lib/python3.7/site-packages/airflow/example_dags/example_short_circuit_operator.py
[2022-09-10T17:09:13.686+0000] {processor.py:640} INFO - Processing file /home/airflow/.local/lib/python3.7/site-packages/airflow/example_dags/example_short_circuit_operator.py for tasks to queue
[2022-09-10T17:09:13.688+0000] {logging_mixin.py:115} INFO - [2022-09-10T17:09:13.688+0000] {dagbag.py:508} INFO - Filling up the DagBag from /home/airflow/.local/lib/python3.7/site-packages/airflow/example_dags/example_short_circuit_operator.py
[2022-09-10T17:09:13.693+0000] {processor.py:650} INFO - DAG(s) dict_keys(['example_short_circuit_operator']) retrieved from /home/airflow/.local/lib/python3.7/site-packages/airflow/example_dags/example_short_circuit_operator.py
[2022-09-10T17:09:13.708+0000] {logging_mixin.py:115} INFO - [2022-09-10T17:09:13.708+0000] {dag.py:2429} INFO - Sync 1 DAGs
[2022-09-10T17:09:13.720+0000] {logging_mixin.py:115} INFO - [2022-09-10T17:09:13.720+0000] {dag.py:2981} INFO - Setting next_dagrun for example_short_circuit_operator to 2022-09-09T17:09:13.720195+00:00, run_after=2022-09-10T17:09:13.720195+00:00
[2022-09-10T17:09:13.727+0000] {processor.py:161} INFO - Processing /home/airflow/.local/lib/python3.7/site-packages/airflow/example_dags/example_short_circuit_operator.py took 0.043 seconds
[2022-09-10T17:09:44.478+0000] {processor.py:153} INFO - Started process (PID=428) to work on /home/airflow/.local/lib/python3.7/site-packages/airflow/example_dags/example_short_circuit_operator.py
[2022-09-10T17:09:44.480+0000] {processor.py:640} INFO - Processing file /home/airflow/.local/lib/python3.7/site-packages/airflow/example_dags/example_short_circuit_operator.py for tasks to queue
[2022-09-10T17:09:44.481+0000] {logging_mixin.py:115} INFO - [2022-09-10T17:09:44.481+0000] {dagbag.py:508} INFO - Filling up the DagBag from /home/airflow/.local/lib/python3.7/site-packages/airflow/example_dags/example_short_circuit_operator.py
[2022-09-10T17:09:44.486+0000] {processor.py:650} INFO - DAG(s) dict_keys(['example_short_circuit_operator']) retrieved from /home/airflow/.local/lib/python3.7/site-packages/airflow/example_dags/example_short_circuit_operator.py
[2022-09-10T17:09:44.502+0000] {logging_mixin.py:115} INFO - [2022-09-10T17:09:44.502+0000] {dag.py:2429} INFO - Sync 1 DAGs
[2022-09-10T17:09:44.514+0000] {logging_mixin.py:115} INFO - [2022-09-10T17:09:44.514+0000] {dag.py:2981} INFO - Setting next_dagrun for example_short_circuit_operator to 2022-09-09T17:09:44.514016+00:00, run_after=2022-09-10T17:09:44.514016+00:00
[2022-09-10T17:09:44.520+0000] {processor.py:161} INFO - Processing /home/airflow/.local/lib/python3.7/site-packages/airflow/example_dags/example_short_circuit_operator.py took 0.044 seconds
[2022-09-10T17:10:15.324+0000] {processor.py:153} INFO - Started process (PID=492) to work on /home/airflow/.local/lib/python3.7/site-packages/airflow/example_dags/example_short_circuit_operator.py
[2022-09-10T17:10:15.326+0000] {processor.py:640} INFO - Processing file /home/airflow/.local/lib/python3.7/site-packages/airflow/example_dags/example_short_circuit_operator.py for tasks to queue
[2022-09-10T17:10:15.327+0000] {logging_mixin.py:115} INFO - [2022-09-10T17:10:15.327+0000] {dagbag.py:508} INFO - Filling up the DagBag from /home/airflow/.local/lib/python3.7/site-packages/airflow/example_dags/example_short_circuit_operator.py
[2022-09-10T17:10:15.335+0000] {processor.py:650} INFO - DAG(s) dict_keys(['example_short_circuit_operator']) retrieved from /home/airflow/.local/lib/python3.7/site-packages/airflow/example_dags/example_short_circuit_operator.py
[2022-09-10T17:10:15.449+0000] {logging_mixin.py:115} INFO - [2022-09-10T17:10:15.449+0000] {dag.py:2429} INFO - Sync 1 DAGs
[2022-09-10T17:10:15.499+0000] {logging_mixin.py:115} INFO - [2022-09-10T17:10:15.498+0000] {dag.py:2981} INFO - Setting next_dagrun for example_short_circuit_operator to 2022-09-09T17:10:15.498623+00:00, run_after=2022-09-10T17:10:15.498623+00:00
[2022-09-10T17:10:15.514+0000] {processor.py:161} INFO - Processing /home/airflow/.local/lib/python3.7/site-packages/airflow/example_dags/example_short_circuit_operator.py took 0.198 seconds
[2022-09-10T17:10:46.302+0000] {processor.py:153} INFO - Started process (PID=546) to work on /home/airflow/.local/lib/python3.7/site-packages/airflow/example_dags/example_short_circuit_operator.py
[2022-09-10T17:10:46.304+0000] {processor.py:640} INFO - Processing file /home/airflow/.local/lib/python3.7/site-packages/airflow/example_dags/example_short_circuit_operator.py for tasks to queue
[2022-09-10T17:10:46.305+0000] {logging_mixin.py:115} INFO - [2022-09-10T17:10:46.305+0000] {dagbag.py:508} INFO - Filling up the DagBag from /home/airflow/.local/lib/python3.7/site-packages/airflow/example_dags/example_short_circuit_operator.py
[2022-09-10T17:10:46.311+0000] {processor.py:650} INFO - DAG(s) dict_keys(['example_short_circuit_operator']) retrieved from /home/airflow/.local/lib/python3.7/site-packages/airflow/example_dags/example_short_circuit_operator.py
[2022-09-10T17:10:46.329+0000] {logging_mixin.py:115} INFO - [2022-09-10T17:10:46.329+0000] {dag.py:2429} INFO - Sync 1 DAGs
[2022-09-10T17:10:46.342+0000] {logging_mixin.py:115} INFO - [2022-09-10T17:10:46.342+0000] {dag.py:2981} INFO - Setting next_dagrun for example_short_circuit_operator to 2022-09-09T17:10:46.342746+00:00, run_after=2022-09-10T17:10:46.342746+00:00
[2022-09-10T17:10:46.349+0000] {processor.py:161} INFO - Processing /home/airflow/.local/lib/python3.7/site-packages/airflow/example_dags/example_short_circuit_operator.py took 0.050 seconds
[2022-09-10T17:13:00.619+0000] {processor.py:153} INFO - Started process (PID=56) to work on /home/airflow/.local/lib/python3.7/site-packages/airflow/example_dags/example_short_circuit_operator.py
[2022-09-10T17:13:00.630+0000] {processor.py:640} INFO - Processing file /home/airflow/.local/lib/python3.7/site-packages/airflow/example_dags/example_short_circuit_operator.py for tasks to queue
[2022-09-10T17:13:00.632+0000] {logging_mixin.py:115} INFO - [2022-09-10T17:13:00.632+0000] {dagbag.py:508} INFO - Filling up the DagBag from /home/airflow/.local/lib/python3.7/site-packages/airflow/example_dags/example_short_circuit_operator.py
[2022-09-10T17:13:00.659+0000] {processor.py:650} INFO - DAG(s) dict_keys(['example_short_circuit_operator']) retrieved from /home/airflow/.local/lib/python3.7/site-packages/airflow/example_dags/example_short_circuit_operator.py
[2022-09-10T17:13:00.758+0000] {logging_mixin.py:115} INFO - [2022-09-10T17:13:00.758+0000] {dag.py:2429} INFO - Sync 1 DAGs
[2022-09-10T17:13:00.877+0000] {logging_mixin.py:115} INFO - [2022-09-10T17:13:00.877+0000] {dag.py:2981} INFO - Setting next_dagrun for example_short_circuit_operator to 2022-09-09T17:13:00.875097+00:00, run_after=2022-09-10T17:13:00.875097+00:00
[2022-09-10T17:13:00.916+0000] {processor.py:161} INFO - Processing /home/airflow/.local/lib/python3.7/site-packages/airflow/example_dags/example_short_circuit_operator.py took 0.301 seconds
[2022-09-10T17:13:30.974+0000] {processor.py:153} INFO - Started process (PID=108) to work on /home/airflow/.local/lib/python3.7/site-packages/airflow/example_dags/example_short_circuit_operator.py
[2022-09-10T17:13:30.976+0000] {processor.py:640} INFO - Processing file /home/airflow/.local/lib/python3.7/site-packages/airflow/example_dags/example_short_circuit_operator.py for tasks to queue
[2022-09-10T17:13:30.977+0000] {logging_mixin.py:115} INFO - [2022-09-10T17:13:30.977+0000] {dagbag.py:508} INFO - Filling up the DagBag from /home/airflow/.local/lib/python3.7/site-packages/airflow/example_dags/example_short_circuit_operator.py
[2022-09-10T17:13:30.983+0000] {processor.py:650} INFO - DAG(s) dict_keys(['example_short_circuit_operator']) retrieved from /home/airflow/.local/lib/python3.7/site-packages/airflow/example_dags/example_short_circuit_operator.py
[2022-09-10T17:13:31.009+0000] {logging_mixin.py:115} INFO - [2022-09-10T17:13:31.009+0000] {dag.py:2429} INFO - Sync 1 DAGs
[2022-09-10T17:13:31.024+0000] {logging_mixin.py:115} INFO - [2022-09-10T17:13:31.024+0000] {dag.py:2981} INFO - Setting next_dagrun for example_short_circuit_operator to 2022-09-09T17:13:31.024684+00:00, run_after=2022-09-10T17:13:31.024684+00:00
[2022-09-10T17:13:31.032+0000] {processor.py:161} INFO - Processing /home/airflow/.local/lib/python3.7/site-packages/airflow/example_dags/example_short_circuit_operator.py took 0.060 seconds
[2022-09-10T17:14:01.855+0000] {processor.py:153} INFO - Started process (PID=172) to work on /home/airflow/.local/lib/python3.7/site-packages/airflow/example_dags/example_short_circuit_operator.py
[2022-09-10T17:14:01.858+0000] {processor.py:640} INFO - Processing file /home/airflow/.local/lib/python3.7/site-packages/airflow/example_dags/example_short_circuit_operator.py for tasks to queue
[2022-09-10T17:14:01.859+0000] {logging_mixin.py:115} INFO - [2022-09-10T17:14:01.859+0000] {dagbag.py:508} INFO - Filling up the DagBag from /home/airflow/.local/lib/python3.7/site-packages/airflow/example_dags/example_short_circuit_operator.py
[2022-09-10T17:14:01.874+0000] {processor.py:650} INFO - DAG(s) dict_keys(['example_short_circuit_operator']) retrieved from /home/airflow/.local/lib/python3.7/site-packages/airflow/example_dags/example_short_circuit_operator.py
[2022-09-10T17:14:01.905+0000] {logging_mixin.py:115} INFO - [2022-09-10T17:14:01.905+0000] {dag.py:2429} INFO - Sync 1 DAGs
[2022-09-10T17:14:01.926+0000] {logging_mixin.py:115} INFO - [2022-09-10T17:14:01.926+0000] {dag.py:2981} INFO - Setting next_dagrun for example_short_circuit_operator to 2022-09-09T17:14:01.926569+00:00, run_after=2022-09-10T17:14:01.926569+00:00
[2022-09-10T17:14:01.935+0000] {processor.py:161} INFO - Processing /home/airflow/.local/lib/python3.7/site-packages/airflow/example_dags/example_short_circuit_operator.py took 0.085 seconds
[2022-09-10T17:16:04.583+0000] {processor.py:153} INFO - Started process (PID=60) to work on /home/airflow/.local/lib/python3.7/site-packages/airflow/example_dags/example_short_circuit_operator.py
[2022-09-10T17:16:04.585+0000] {processor.py:640} INFO - Processing file /home/airflow/.local/lib/python3.7/site-packages/airflow/example_dags/example_short_circuit_operator.py for tasks to queue
[2022-09-10T17:16:04.586+0000] {logging_mixin.py:115} INFO - [2022-09-10T17:16:04.586+0000] {dagbag.py:508} INFO - Filling up the DagBag from /home/airflow/.local/lib/python3.7/site-packages/airflow/example_dags/example_short_circuit_operator.py
[2022-09-10T17:16:04.602+0000] {processor.py:650} INFO - DAG(s) dict_keys(['example_short_circuit_operator']) retrieved from /home/airflow/.local/lib/python3.7/site-packages/airflow/example_dags/example_short_circuit_operator.py
[2022-09-10T17:16:04.663+0000] {logging_mixin.py:115} INFO - [2022-09-10T17:16:04.663+0000] {dag.py:2429} INFO - Sync 1 DAGs
[2022-09-10T17:16:04.758+0000] {logging_mixin.py:115} INFO - [2022-09-10T17:16:04.757+0000] {dag.py:2981} INFO - Setting next_dagrun for example_short_circuit_operator to 2022-09-09T17:16:04.757045+00:00, run_after=2022-09-10T17:16:04.757045+00:00
[2022-09-10T17:16:04.865+0000] {processor.py:161} INFO - Processing /home/airflow/.local/lib/python3.7/site-packages/airflow/example_dags/example_short_circuit_operator.py took 0.292 seconds
[2022-09-10T17:16:35.025+0000] {processor.py:153} INFO - Started process (PID=123) to work on /home/airflow/.local/lib/python3.7/site-packages/airflow/example_dags/example_short_circuit_operator.py
[2022-09-10T17:16:35.027+0000] {processor.py:640} INFO - Processing file /home/airflow/.local/lib/python3.7/site-packages/airflow/example_dags/example_short_circuit_operator.py for tasks to queue
[2022-09-10T17:16:35.027+0000] {logging_mixin.py:115} INFO - [2022-09-10T17:16:35.027+0000] {dagbag.py:508} INFO - Filling up the DagBag from /home/airflow/.local/lib/python3.7/site-packages/airflow/example_dags/example_short_circuit_operator.py
[2022-09-10T17:16:35.033+0000] {processor.py:650} INFO - DAG(s) dict_keys(['example_short_circuit_operator']) retrieved from /home/airflow/.local/lib/python3.7/site-packages/airflow/example_dags/example_short_circuit_operator.py
[2022-09-10T17:16:35.051+0000] {logging_mixin.py:115} INFO - [2022-09-10T17:16:35.050+0000] {dag.py:2429} INFO - Sync 1 DAGs
[2022-09-10T17:16:35.062+0000] {logging_mixin.py:115} INFO - [2022-09-10T17:16:35.062+0000] {dag.py:2981} INFO - Setting next_dagrun for example_short_circuit_operator to 2022-09-09T17:16:35.062651+00:00, run_after=2022-09-10T17:16:35.062651+00:00
[2022-09-10T17:16:35.070+0000] {processor.py:161} INFO - Processing /home/airflow/.local/lib/python3.7/site-packages/airflow/example_dags/example_short_circuit_operator.py took 0.047 seconds
[2022-09-10T17:17:05.126+0000] {processor.py:153} INFO - Started process (PID=178) to work on /home/airflow/.local/lib/python3.7/site-packages/airflow/example_dags/example_short_circuit_operator.py
[2022-09-10T17:17:05.128+0000] {processor.py:640} INFO - Processing file /home/airflow/.local/lib/python3.7/site-packages/airflow/example_dags/example_short_circuit_operator.py for tasks to queue
[2022-09-10T17:17:05.130+0000] {logging_mixin.py:115} INFO - [2022-09-10T17:17:05.129+0000] {dagbag.py:508} INFO - Filling up the DagBag from /home/airflow/.local/lib/python3.7/site-packages/airflow/example_dags/example_short_circuit_operator.py
[2022-09-10T17:17:05.136+0000] {processor.py:650} INFO - DAG(s) dict_keys(['example_short_circuit_operator']) retrieved from /home/airflow/.local/lib/python3.7/site-packages/airflow/example_dags/example_short_circuit_operator.py
[2022-09-10T17:17:05.153+0000] {logging_mixin.py:115} INFO - [2022-09-10T17:17:05.153+0000] {dag.py:2429} INFO - Sync 1 DAGs
[2022-09-10T17:17:05.165+0000] {logging_mixin.py:115} INFO - [2022-09-10T17:17:05.165+0000] {dag.py:2981} INFO - Setting next_dagrun for example_short_circuit_operator to 2022-09-09T17:17:05.165719+00:00, run_after=2022-09-10T17:17:05.165719+00:00
[2022-09-10T17:17:05.174+0000] {processor.py:161} INFO - Processing /home/airflow/.local/lib/python3.7/site-packages/airflow/example_dags/example_short_circuit_operator.py took 0.049 seconds
[2022-09-10T17:17:35.281+0000] {processor.py:153} INFO - Started process (PID=240) to work on /home/airflow/.local/lib/python3.7/site-packages/airflow/example_dags/example_short_circuit_operator.py
[2022-09-10T17:17:35.282+0000] {processor.py:640} INFO - Processing file /home/airflow/.local/lib/python3.7/site-packages/airflow/example_dags/example_short_circuit_operator.py for tasks to queue
[2022-09-10T17:17:35.283+0000] {logging_mixin.py:115} INFO - [2022-09-10T17:17:35.283+0000] {dagbag.py:508} INFO - Filling up the DagBag from /home/airflow/.local/lib/python3.7/site-packages/airflow/example_dags/example_short_circuit_operator.py
[2022-09-10T17:17:35.290+0000] {processor.py:650} INFO - DAG(s) dict_keys(['example_short_circuit_operator']) retrieved from /home/airflow/.local/lib/python3.7/site-packages/airflow/example_dags/example_short_circuit_operator.py
[2022-09-10T17:17:35.308+0000] {logging_mixin.py:115} INFO - [2022-09-10T17:17:35.308+0000] {dag.py:2429} INFO - Sync 1 DAGs
[2022-09-10T17:17:35.322+0000] {logging_mixin.py:115} INFO - [2022-09-10T17:17:35.322+0000] {dag.py:2981} INFO - Setting next_dagrun for example_short_circuit_operator to 2022-09-09T17:17:35.322195+00:00, run_after=2022-09-10T17:17:35.322195+00:00
[2022-09-10T17:17:35.332+0000] {processor.py:161} INFO - Processing /home/airflow/.local/lib/python3.7/site-packages/airflow/example_dags/example_short_circuit_operator.py took 0.054 seconds
[2022-09-10T17:18:05.540+0000] {processor.py:153} INFO - Started process (PID=303) to work on /home/airflow/.local/lib/python3.7/site-packages/airflow/example_dags/example_short_circuit_operator.py
[2022-09-10T17:18:05.541+0000] {processor.py:640} INFO - Processing file /home/airflow/.local/lib/python3.7/site-packages/airflow/example_dags/example_short_circuit_operator.py for tasks to queue
[2022-09-10T17:18:05.542+0000] {logging_mixin.py:115} INFO - [2022-09-10T17:18:05.542+0000] {dagbag.py:508} INFO - Filling up the DagBag from /home/airflow/.local/lib/python3.7/site-packages/airflow/example_dags/example_short_circuit_operator.py
[2022-09-10T17:18:05.548+0000] {processor.py:650} INFO - DAG(s) dict_keys(['example_short_circuit_operator']) retrieved from /home/airflow/.local/lib/python3.7/site-packages/airflow/example_dags/example_short_circuit_operator.py
[2022-09-10T17:18:05.566+0000] {logging_mixin.py:115} INFO - [2022-09-10T17:18:05.566+0000] {dag.py:2429} INFO - Sync 1 DAGs
[2022-09-10T17:18:05.580+0000] {logging_mixin.py:115} INFO - [2022-09-10T17:18:05.580+0000] {dag.py:2981} INFO - Setting next_dagrun for example_short_circuit_operator to 2022-09-09T17:18:05.580646+00:00, run_after=2022-09-10T17:18:05.580646+00:00
[2022-09-10T17:18:05.589+0000] {processor.py:161} INFO - Processing /home/airflow/.local/lib/python3.7/site-packages/airflow/example_dags/example_short_circuit_operator.py took 0.051 seconds
[2022-09-10T17:18:36.520+0000] {processor.py:153} INFO - Started process (PID=366) to work on /home/airflow/.local/lib/python3.7/site-packages/airflow/example_dags/example_short_circuit_operator.py
[2022-09-10T17:18:36.523+0000] {processor.py:640} INFO - Processing file /home/airflow/.local/lib/python3.7/site-packages/airflow/example_dags/example_short_circuit_operator.py for tasks to queue
[2022-09-10T17:18:36.524+0000] {logging_mixin.py:115} INFO - [2022-09-10T17:18:36.524+0000] {dagbag.py:508} INFO - Filling up the DagBag from /home/airflow/.local/lib/python3.7/site-packages/airflow/example_dags/example_short_circuit_operator.py
[2022-09-10T17:18:36.531+0000] {processor.py:650} INFO - DAG(s) dict_keys(['example_short_circuit_operator']) retrieved from /home/airflow/.local/lib/python3.7/site-packages/airflow/example_dags/example_short_circuit_operator.py
[2022-09-10T17:18:36.551+0000] {logging_mixin.py:115} INFO - [2022-09-10T17:18:36.551+0000] {dag.py:2429} INFO - Sync 1 DAGs
[2022-09-10T17:18:36.565+0000] {logging_mixin.py:115} INFO - [2022-09-10T17:18:36.565+0000] {dag.py:2981} INFO - Setting next_dagrun for example_short_circuit_operator to 2022-09-09T17:18:36.565552+00:00, run_after=2022-09-10T17:18:36.565552+00:00
[2022-09-10T17:18:36.572+0000] {processor.py:161} INFO - Processing /home/airflow/.local/lib/python3.7/site-packages/airflow/example_dags/example_short_circuit_operator.py took 0.054 seconds
[2022-09-10T17:19:07.768+0000] {processor.py:153} INFO - Started process (PID=429) to work on /home/airflow/.local/lib/python3.7/site-packages/airflow/example_dags/example_short_circuit_operator.py
[2022-09-10T17:19:07.771+0000] {processor.py:640} INFO - Processing file /home/airflow/.local/lib/python3.7/site-packages/airflow/example_dags/example_short_circuit_operator.py for tasks to queue
[2022-09-10T17:19:07.772+0000] {logging_mixin.py:115} INFO - [2022-09-10T17:19:07.772+0000] {dagbag.py:508} INFO - Filling up the DagBag from /home/airflow/.local/lib/python3.7/site-packages/airflow/example_dags/example_short_circuit_operator.py
[2022-09-10T17:19:07.779+0000] {processor.py:650} INFO - DAG(s) dict_keys(['example_short_circuit_operator']) retrieved from /home/airflow/.local/lib/python3.7/site-packages/airflow/example_dags/example_short_circuit_operator.py
[2022-09-10T17:19:07.804+0000] {logging_mixin.py:115} INFO - [2022-09-10T17:19:07.804+0000] {dag.py:2429} INFO - Sync 1 DAGs
[2022-09-10T17:19:07.822+0000] {logging_mixin.py:115} INFO - [2022-09-10T17:19:07.822+0000] {dag.py:2981} INFO - Setting next_dagrun for example_short_circuit_operator to 2022-09-09T17:19:07.822469+00:00, run_after=2022-09-10T17:19:07.822469+00:00
[2022-09-10T17:19:07.834+0000] {processor.py:161} INFO - Processing /home/airflow/.local/lib/python3.7/site-packages/airflow/example_dags/example_short_circuit_operator.py took 0.068 seconds
[2022-09-10T17:19:37.987+0000] {processor.py:153} INFO - Started process (PID=491) to work on /home/airflow/.local/lib/python3.7/site-packages/airflow/example_dags/example_short_circuit_operator.py
[2022-09-10T17:19:37.989+0000] {processor.py:640} INFO - Processing file /home/airflow/.local/lib/python3.7/site-packages/airflow/example_dags/example_short_circuit_operator.py for tasks to queue
[2022-09-10T17:19:37.990+0000] {logging_mixin.py:115} INFO - [2022-09-10T17:19:37.990+0000] {dagbag.py:508} INFO - Filling up the DagBag from /home/airflow/.local/lib/python3.7/site-packages/airflow/example_dags/example_short_circuit_operator.py
[2022-09-10T17:19:37.997+0000] {processor.py:650} INFO - DAG(s) dict_keys(['example_short_circuit_operator']) retrieved from /home/airflow/.local/lib/python3.7/site-packages/airflow/example_dags/example_short_circuit_operator.py
[2022-09-10T17:19:38.017+0000] {logging_mixin.py:115} INFO - [2022-09-10T17:19:38.017+0000] {dag.py:2429} INFO - Sync 1 DAGs
[2022-09-10T17:19:38.029+0000] {logging_mixin.py:115} INFO - [2022-09-10T17:19:38.029+0000] {dag.py:2981} INFO - Setting next_dagrun for example_short_circuit_operator to 2022-09-09T17:19:38.029367+00:00, run_after=2022-09-10T17:19:38.029367+00:00
[2022-09-10T17:19:38.036+0000] {processor.py:161} INFO - Processing /home/airflow/.local/lib/python3.7/site-packages/airflow/example_dags/example_short_circuit_operator.py took 0.051 seconds
[2022-09-10T17:20:08.313+0000] {processor.py:153} INFO - Started process (PID=546) to work on /home/airflow/.local/lib/python3.7/site-packages/airflow/example_dags/example_short_circuit_operator.py
[2022-09-10T17:20:08.315+0000] {processor.py:640} INFO - Processing file /home/airflow/.local/lib/python3.7/site-packages/airflow/example_dags/example_short_circuit_operator.py for tasks to queue
[2022-09-10T17:20:08.318+0000] {logging_mixin.py:115} INFO - [2022-09-10T17:20:08.318+0000] {dagbag.py:508} INFO - Filling up the DagBag from /home/airflow/.local/lib/python3.7/site-packages/airflow/example_dags/example_short_circuit_operator.py
[2022-09-10T17:20:08.326+0000] {processor.py:650} INFO - DAG(s) dict_keys(['example_short_circuit_operator']) retrieved from /home/airflow/.local/lib/python3.7/site-packages/airflow/example_dags/example_short_circuit_operator.py
[2022-09-10T17:20:08.351+0000] {logging_mixin.py:115} INFO - [2022-09-10T17:20:08.351+0000] {dag.py:2429} INFO - Sync 1 DAGs
[2022-09-10T17:20:08.365+0000] {logging_mixin.py:115} INFO - [2022-09-10T17:20:08.365+0000] {dag.py:2981} INFO - Setting next_dagrun for example_short_circuit_operator to 2022-09-09T17:20:08.365603+00:00, run_after=2022-09-10T17:20:08.365603+00:00
[2022-09-10T17:20:08.375+0000] {processor.py:161} INFO - Processing /home/airflow/.local/lib/python3.7/site-packages/airflow/example_dags/example_short_circuit_operator.py took 0.064 seconds
[2022-09-10T17:20:39.384+0000] {processor.py:153} INFO - Started process (PID=609) to work on /home/airflow/.local/lib/python3.7/site-packages/airflow/example_dags/example_short_circuit_operator.py
[2022-09-10T17:20:39.386+0000] {processor.py:640} INFO - Processing file /home/airflow/.local/lib/python3.7/site-packages/airflow/example_dags/example_short_circuit_operator.py for tasks to queue
[2022-09-10T17:20:39.387+0000] {logging_mixin.py:115} INFO - [2022-09-10T17:20:39.387+0000] {dagbag.py:508} INFO - Filling up the DagBag from /home/airflow/.local/lib/python3.7/site-packages/airflow/example_dags/example_short_circuit_operator.py
[2022-09-10T17:20:39.395+0000] {processor.py:650} INFO - DAG(s) dict_keys(['example_short_circuit_operator']) retrieved from /home/airflow/.local/lib/python3.7/site-packages/airflow/example_dags/example_short_circuit_operator.py
[2022-09-10T17:20:39.423+0000] {logging_mixin.py:115} INFO - [2022-09-10T17:20:39.422+0000] {dag.py:2429} INFO - Sync 1 DAGs
[2022-09-10T17:20:39.438+0000] {logging_mixin.py:115} INFO - [2022-09-10T17:20:39.438+0000] {dag.py:2981} INFO - Setting next_dagrun for example_short_circuit_operator to 2022-09-09T17:20:39.438331+00:00, run_after=2022-09-10T17:20:39.438331+00:00
[2022-09-10T17:20:39.451+0000] {processor.py:161} INFO - Processing /home/airflow/.local/lib/python3.7/site-packages/airflow/example_dags/example_short_circuit_operator.py took 0.069 seconds
[2022-09-10T17:21:09.488+0000] {processor.py:153} INFO - Started process (PID=672) to work on /home/airflow/.local/lib/python3.7/site-packages/airflow/example_dags/example_short_circuit_operator.py
[2022-09-10T17:21:09.490+0000] {processor.py:640} INFO - Processing file /home/airflow/.local/lib/python3.7/site-packages/airflow/example_dags/example_short_circuit_operator.py for tasks to queue
[2022-09-10T17:21:09.491+0000] {logging_mixin.py:115} INFO - [2022-09-10T17:21:09.491+0000] {dagbag.py:508} INFO - Filling up the DagBag from /home/airflow/.local/lib/python3.7/site-packages/airflow/example_dags/example_short_circuit_operator.py
[2022-09-10T17:21:09.498+0000] {processor.py:650} INFO - DAG(s) dict_keys(['example_short_circuit_operator']) retrieved from /home/airflow/.local/lib/python3.7/site-packages/airflow/example_dags/example_short_circuit_operator.py
[2022-09-10T17:21:09.529+0000] {logging_mixin.py:115} INFO - [2022-09-10T17:21:09.529+0000] {dag.py:2429} INFO - Sync 1 DAGs
[2022-09-10T17:21:09.552+0000] {logging_mixin.py:115} INFO - [2022-09-10T17:21:09.552+0000] {dag.py:2981} INFO - Setting next_dagrun for example_short_circuit_operator to 2022-09-09T17:21:09.552651+00:00, run_after=2022-09-10T17:21:09.552651+00:00
[2022-09-10T17:21:09.560+0000] {processor.py:161} INFO - Processing /home/airflow/.local/lib/python3.7/site-packages/airflow/example_dags/example_short_circuit_operator.py took 0.075 seconds
[2022-09-10T17:21:41.057+0000] {processor.py:153} INFO - Started process (PID=735) to work on /home/airflow/.local/lib/python3.7/site-packages/airflow/example_dags/example_short_circuit_operator.py
[2022-09-10T17:21:41.062+0000] {processor.py:640} INFO - Processing file /home/airflow/.local/lib/python3.7/site-packages/airflow/example_dags/example_short_circuit_operator.py for tasks to queue
[2022-09-10T17:21:41.067+0000] {logging_mixin.py:115} INFO - [2022-09-10T17:21:41.066+0000] {dagbag.py:508} INFO - Filling up the DagBag from /home/airflow/.local/lib/python3.7/site-packages/airflow/example_dags/example_short_circuit_operator.py
[2022-09-10T17:21:41.077+0000] {processor.py:650} INFO - DAG(s) dict_keys(['example_short_circuit_operator']) retrieved from /home/airflow/.local/lib/python3.7/site-packages/airflow/example_dags/example_short_circuit_operator.py
[2022-09-10T17:21:41.156+0000] {logging_mixin.py:115} INFO - [2022-09-10T17:21:41.156+0000] {dag.py:2429} INFO - Sync 1 DAGs
[2022-09-10T17:21:41.205+0000] {logging_mixin.py:115} INFO - [2022-09-10T17:21:41.205+0000] {dag.py:2981} INFO - Setting next_dagrun for example_short_circuit_operator to 2022-09-09T17:21:41.205379+00:00, run_after=2022-09-10T17:21:41.205379+00:00
[2022-09-10T17:21:41.267+0000] {processor.py:161} INFO - Processing /home/airflow/.local/lib/python3.7/site-packages/airflow/example_dags/example_short_circuit_operator.py took 0.216 seconds
[2022-09-10T17:22:11.476+0000] {processor.py:153} INFO - Started process (PID=798) to work on /home/airflow/.local/lib/python3.7/site-packages/airflow/example_dags/example_short_circuit_operator.py
[2022-09-10T17:22:11.478+0000] {processor.py:640} INFO - Processing file /home/airflow/.local/lib/python3.7/site-packages/airflow/example_dags/example_short_circuit_operator.py for tasks to queue
[2022-09-10T17:22:11.479+0000] {logging_mixin.py:115} INFO - [2022-09-10T17:22:11.479+0000] {dagbag.py:508} INFO - Filling up the DagBag from /home/airflow/.local/lib/python3.7/site-packages/airflow/example_dags/example_short_circuit_operator.py
[2022-09-10T17:22:11.484+0000] {processor.py:650} INFO - DAG(s) dict_keys(['example_short_circuit_operator']) retrieved from /home/airflow/.local/lib/python3.7/site-packages/airflow/example_dags/example_short_circuit_operator.py
[2022-09-10T17:22:11.503+0000] {logging_mixin.py:115} INFO - [2022-09-10T17:22:11.503+0000] {dag.py:2429} INFO - Sync 1 DAGs
[2022-09-10T17:22:11.519+0000] {logging_mixin.py:115} INFO - [2022-09-10T17:22:11.519+0000] {dag.py:2981} INFO - Setting next_dagrun for example_short_circuit_operator to 2022-09-09T17:22:11.519060+00:00, run_after=2022-09-10T17:22:11.519060+00:00
[2022-09-10T17:22:11.528+0000] {processor.py:161} INFO - Processing /home/airflow/.local/lib/python3.7/site-packages/airflow/example_dags/example_short_circuit_operator.py took 0.054 seconds
[2022-09-10T17:22:42.079+0000] {processor.py:153} INFO - Started process (PID=863) to work on /home/airflow/.local/lib/python3.7/site-packages/airflow/example_dags/example_short_circuit_operator.py
[2022-09-10T17:22:42.081+0000] {processor.py:640} INFO - Processing file /home/airflow/.local/lib/python3.7/site-packages/airflow/example_dags/example_short_circuit_operator.py for tasks to queue
[2022-09-10T17:22:42.083+0000] {logging_mixin.py:115} INFO - [2022-09-10T17:22:42.083+0000] {dagbag.py:508} INFO - Filling up the DagBag from /home/airflow/.local/lib/python3.7/site-packages/airflow/example_dags/example_short_circuit_operator.py
[2022-09-10T17:22:42.090+0000] {processor.py:650} INFO - DAG(s) dict_keys(['example_short_circuit_operator']) retrieved from /home/airflow/.local/lib/python3.7/site-packages/airflow/example_dags/example_short_circuit_operator.py
[2022-09-10T17:22:42.110+0000] {logging_mixin.py:115} INFO - [2022-09-10T17:22:42.109+0000] {dag.py:2429} INFO - Sync 1 DAGs
[2022-09-10T17:22:42.123+0000] {logging_mixin.py:115} INFO - [2022-09-10T17:22:42.123+0000] {dag.py:2981} INFO - Setting next_dagrun for example_short_circuit_operator to 2022-09-09T17:22:42.123274+00:00, run_after=2022-09-10T17:22:42.123274+00:00
[2022-09-10T17:22:42.131+0000] {processor.py:161} INFO - Processing /home/airflow/.local/lib/python3.7/site-packages/airflow/example_dags/example_short_circuit_operator.py took 0.054 seconds
[2022-09-10T17:23:13.113+0000] {processor.py:153} INFO - Started process (PID=917) to work on /home/airflow/.local/lib/python3.7/site-packages/airflow/example_dags/example_short_circuit_operator.py
[2022-09-10T17:23:13.116+0000] {processor.py:640} INFO - Processing file /home/airflow/.local/lib/python3.7/site-packages/airflow/example_dags/example_short_circuit_operator.py for tasks to queue
[2022-09-10T17:23:13.117+0000] {logging_mixin.py:115} INFO - [2022-09-10T17:23:13.117+0000] {dagbag.py:508} INFO - Filling up the DagBag from /home/airflow/.local/lib/python3.7/site-packages/airflow/example_dags/example_short_circuit_operator.py
[2022-09-10T17:23:13.124+0000] {processor.py:650} INFO - DAG(s) dict_keys(['example_short_circuit_operator']) retrieved from /home/airflow/.local/lib/python3.7/site-packages/airflow/example_dags/example_short_circuit_operator.py
[2022-09-10T17:23:13.146+0000] {logging_mixin.py:115} INFO - [2022-09-10T17:23:13.146+0000] {dag.py:2429} INFO - Sync 1 DAGs
[2022-09-10T17:23:13.160+0000] {logging_mixin.py:115} INFO - [2022-09-10T17:23:13.160+0000] {dag.py:2981} INFO - Setting next_dagrun for example_short_circuit_operator to 2022-09-09T17:23:13.159922+00:00, run_after=2022-09-10T17:23:13.159922+00:00
[2022-09-10T17:23:13.168+0000] {processor.py:161} INFO - Processing /home/airflow/.local/lib/python3.7/site-packages/airflow/example_dags/example_short_circuit_operator.py took 0.057 seconds
[2022-09-10T17:23:44.087+0000] {processor.py:153} INFO - Started process (PID=980) to work on /home/airflow/.local/lib/python3.7/site-packages/airflow/example_dags/example_short_circuit_operator.py
[2022-09-10T17:23:44.088+0000] {processor.py:640} INFO - Processing file /home/airflow/.local/lib/python3.7/site-packages/airflow/example_dags/example_short_circuit_operator.py for tasks to queue
[2022-09-10T17:23:44.090+0000] {logging_mixin.py:115} INFO - [2022-09-10T17:23:44.089+0000] {dagbag.py:508} INFO - Filling up the DagBag from /home/airflow/.local/lib/python3.7/site-packages/airflow/example_dags/example_short_circuit_operator.py
[2022-09-10T17:23:44.097+0000] {processor.py:650} INFO - DAG(s) dict_keys(['example_short_circuit_operator']) retrieved from /home/airflow/.local/lib/python3.7/site-packages/airflow/example_dags/example_short_circuit_operator.py
[2022-09-10T17:23:44.115+0000] {logging_mixin.py:115} INFO - [2022-09-10T17:23:44.115+0000] {dag.py:2429} INFO - Sync 1 DAGs
[2022-09-10T17:23:44.128+0000] {logging_mixin.py:115} INFO - [2022-09-10T17:23:44.128+0000] {dag.py:2981} INFO - Setting next_dagrun for example_short_circuit_operator to 2022-09-09T17:23:44.128494+00:00, run_after=2022-09-10T17:23:44.128494+00:00
[2022-09-10T17:23:44.136+0000] {processor.py:161} INFO - Processing /home/airflow/.local/lib/python3.7/site-packages/airflow/example_dags/example_short_circuit_operator.py took 0.052 seconds
[2022-09-10T17:24:15.140+0000] {processor.py:153} INFO - Started process (PID=1043) to work on /home/airflow/.local/lib/python3.7/site-packages/airflow/example_dags/example_short_circuit_operator.py
[2022-09-10T17:24:15.144+0000] {processor.py:640} INFO - Processing file /home/airflow/.local/lib/python3.7/site-packages/airflow/example_dags/example_short_circuit_operator.py for tasks to queue
[2022-09-10T17:24:15.146+0000] {logging_mixin.py:115} INFO - [2022-09-10T17:24:15.146+0000] {dagbag.py:508} INFO - Filling up the DagBag from /home/airflow/.local/lib/python3.7/site-packages/airflow/example_dags/example_short_circuit_operator.py
[2022-09-10T17:24:15.154+0000] {processor.py:650} INFO - DAG(s) dict_keys(['example_short_circuit_operator']) retrieved from /home/airflow/.local/lib/python3.7/site-packages/airflow/example_dags/example_short_circuit_operator.py
[2022-09-10T17:24:15.173+0000] {logging_mixin.py:115} INFO - [2022-09-10T17:24:15.173+0000] {dag.py:2429} INFO - Sync 1 DAGs
[2022-09-10T17:24:15.187+0000] {logging_mixin.py:115} INFO - [2022-09-10T17:24:15.187+0000] {dag.py:2981} INFO - Setting next_dagrun for example_short_circuit_operator to 2022-09-09T17:24:15.187177+00:00, run_after=2022-09-10T17:24:15.187177+00:00
[2022-09-10T17:24:15.195+0000] {processor.py:161} INFO - Processing /home/airflow/.local/lib/python3.7/site-packages/airflow/example_dags/example_short_circuit_operator.py took 0.057 seconds
[2022-09-10T17:24:46.006+0000] {processor.py:153} INFO - Started process (PID=1106) to work on /home/airflow/.local/lib/python3.7/site-packages/airflow/example_dags/example_short_circuit_operator.py
[2022-09-10T17:24:46.007+0000] {processor.py:640} INFO - Processing file /home/airflow/.local/lib/python3.7/site-packages/airflow/example_dags/example_short_circuit_operator.py for tasks to queue
[2022-09-10T17:24:46.008+0000] {logging_mixin.py:115} INFO - [2022-09-10T17:24:46.008+0000] {dagbag.py:508} INFO - Filling up the DagBag from /home/airflow/.local/lib/python3.7/site-packages/airflow/example_dags/example_short_circuit_operator.py
[2022-09-10T17:24:46.014+0000] {processor.py:650} INFO - DAG(s) dict_keys(['example_short_circuit_operator']) retrieved from /home/airflow/.local/lib/python3.7/site-packages/airflow/example_dags/example_short_circuit_operator.py
[2022-09-10T17:24:46.031+0000] {logging_mixin.py:115} INFO - [2022-09-10T17:24:46.031+0000] {dag.py:2429} INFO - Sync 1 DAGs
[2022-09-10T17:24:46.044+0000] {logging_mixin.py:115} INFO - [2022-09-10T17:24:46.044+0000] {dag.py:2981} INFO - Setting next_dagrun for example_short_circuit_operator to 2022-09-09T17:24:46.043953+00:00, run_after=2022-09-10T17:24:46.043953+00:00
[2022-09-10T17:24:46.051+0000] {processor.py:161} INFO - Processing /home/airflow/.local/lib/python3.7/site-packages/airflow/example_dags/example_short_circuit_operator.py took 0.047 seconds
[2022-09-10T17:25:16.806+0000] {processor.py:153} INFO - Started process (PID=1168) to work on /home/airflow/.local/lib/python3.7/site-packages/airflow/example_dags/example_short_circuit_operator.py
[2022-09-10T17:25:16.807+0000] {processor.py:640} INFO - Processing file /home/airflow/.local/lib/python3.7/site-packages/airflow/example_dags/example_short_circuit_operator.py for tasks to queue
[2022-09-10T17:25:16.808+0000] {logging_mixin.py:115} INFO - [2022-09-10T17:25:16.808+0000] {dagbag.py:508} INFO - Filling up the DagBag from /home/airflow/.local/lib/python3.7/site-packages/airflow/example_dags/example_short_circuit_operator.py
[2022-09-10T17:25:16.814+0000] {processor.py:650} INFO - DAG(s) dict_keys(['example_short_circuit_operator']) retrieved from /home/airflow/.local/lib/python3.7/site-packages/airflow/example_dags/example_short_circuit_operator.py
[2022-09-10T17:25:16.835+0000] {logging_mixin.py:115} INFO - [2022-09-10T17:25:16.835+0000] {dag.py:2429} INFO - Sync 1 DAGs
[2022-09-10T17:25:16.850+0000] {logging_mixin.py:115} INFO - [2022-09-10T17:25:16.850+0000] {dag.py:2981} INFO - Setting next_dagrun for example_short_circuit_operator to 2022-09-09T17:25:16.850077+00:00, run_after=2022-09-10T17:25:16.850077+00:00
[2022-09-10T17:25:16.857+0000] {processor.py:161} INFO - Processing /home/airflow/.local/lib/python3.7/site-packages/airflow/example_dags/example_short_circuit_operator.py took 0.053 seconds
[2022-09-10T17:25:47.739+0000] {processor.py:153} INFO - Started process (PID=1232) to work on /home/airflow/.local/lib/python3.7/site-packages/airflow/example_dags/example_short_circuit_operator.py
[2022-09-10T17:25:47.740+0000] {processor.py:640} INFO - Processing file /home/airflow/.local/lib/python3.7/site-packages/airflow/example_dags/example_short_circuit_operator.py for tasks to queue
[2022-09-10T17:25:47.741+0000] {logging_mixin.py:115} INFO - [2022-09-10T17:25:47.741+0000] {dagbag.py:508} INFO - Filling up the DagBag from /home/airflow/.local/lib/python3.7/site-packages/airflow/example_dags/example_short_circuit_operator.py
[2022-09-10T17:25:47.748+0000] {processor.py:650} INFO - DAG(s) dict_keys(['example_short_circuit_operator']) retrieved from /home/airflow/.local/lib/python3.7/site-packages/airflow/example_dags/example_short_circuit_operator.py
[2022-09-10T17:25:47.766+0000] {logging_mixin.py:115} INFO - [2022-09-10T17:25:47.765+0000] {dag.py:2429} INFO - Sync 1 DAGs
[2022-09-10T17:25:47.779+0000] {logging_mixin.py:115} INFO - [2022-09-10T17:25:47.779+0000] {dag.py:2981} INFO - Setting next_dagrun for example_short_circuit_operator to 2022-09-09T17:25:47.779692+00:00, run_after=2022-09-10T17:25:47.779692+00:00
[2022-09-10T17:25:47.789+0000] {processor.py:161} INFO - Processing /home/airflow/.local/lib/python3.7/site-packages/airflow/example_dags/example_short_circuit_operator.py took 0.052 seconds
[2022-09-10T17:26:17.848+0000] {processor.py:153} INFO - Started process (PID=1286) to work on /home/airflow/.local/lib/python3.7/site-packages/airflow/example_dags/example_short_circuit_operator.py
[2022-09-10T17:26:17.850+0000] {processor.py:640} INFO - Processing file /home/airflow/.local/lib/python3.7/site-packages/airflow/example_dags/example_short_circuit_operator.py for tasks to queue
[2022-09-10T17:26:17.851+0000] {logging_mixin.py:115} INFO - [2022-09-10T17:26:17.851+0000] {dagbag.py:508} INFO - Filling up the DagBag from /home/airflow/.local/lib/python3.7/site-packages/airflow/example_dags/example_short_circuit_operator.py
[2022-09-10T17:26:17.856+0000] {processor.py:650} INFO - DAG(s) dict_keys(['example_short_circuit_operator']) retrieved from /home/airflow/.local/lib/python3.7/site-packages/airflow/example_dags/example_short_circuit_operator.py
[2022-09-10T17:26:17.874+0000] {logging_mixin.py:115} INFO - [2022-09-10T17:26:17.874+0000] {dag.py:2429} INFO - Sync 1 DAGs
[2022-09-10T17:26:17.889+0000] {logging_mixin.py:115} INFO - [2022-09-10T17:26:17.889+0000] {dag.py:2981} INFO - Setting next_dagrun for example_short_circuit_operator to 2022-09-09T17:26:17.889152+00:00, run_after=2022-09-10T17:26:17.889152+00:00
[2022-09-10T17:26:17.897+0000] {processor.py:161} INFO - Processing /home/airflow/.local/lib/python3.7/site-packages/airflow/example_dags/example_short_circuit_operator.py took 0.051 seconds
[2022-09-10T17:26:49.006+0000] {processor.py:153} INFO - Started process (PID=1349) to work on /home/airflow/.local/lib/python3.7/site-packages/airflow/example_dags/example_short_circuit_operator.py
[2022-09-10T17:26:49.009+0000] {processor.py:640} INFO - Processing file /home/airflow/.local/lib/python3.7/site-packages/airflow/example_dags/example_short_circuit_operator.py for tasks to queue
[2022-09-10T17:26:49.010+0000] {logging_mixin.py:115} INFO - [2022-09-10T17:26:49.010+0000] {dagbag.py:508} INFO - Filling up the DagBag from /home/airflow/.local/lib/python3.7/site-packages/airflow/example_dags/example_short_circuit_operator.py
[2022-09-10T17:26:49.018+0000] {processor.py:650} INFO - DAG(s) dict_keys(['example_short_circuit_operator']) retrieved from /home/airflow/.local/lib/python3.7/site-packages/airflow/example_dags/example_short_circuit_operator.py
[2022-09-10T17:26:49.036+0000] {logging_mixin.py:115} INFO - [2022-09-10T17:26:49.036+0000] {dag.py:2429} INFO - Sync 1 DAGs
[2022-09-10T17:26:49.063+0000] {logging_mixin.py:115} INFO - [2022-09-10T17:26:49.063+0000] {dag.py:2981} INFO - Setting next_dagrun for example_short_circuit_operator to 2022-09-09T17:26:49.062879+00:00, run_after=2022-09-10T17:26:49.062879+00:00
[2022-09-10T17:26:49.079+0000] {processor.py:161} INFO - Processing /home/airflow/.local/lib/python3.7/site-packages/airflow/example_dags/example_short_circuit_operator.py took 0.075 seconds
[2022-09-10T17:27:20.390+0000] {processor.py:153} INFO - Started process (PID=1413) to work on /home/airflow/.local/lib/python3.7/site-packages/airflow/example_dags/example_short_circuit_operator.py
[2022-09-10T17:27:20.391+0000] {processor.py:640} INFO - Processing file /home/airflow/.local/lib/python3.7/site-packages/airflow/example_dags/example_short_circuit_operator.py for tasks to queue
[2022-09-10T17:27:20.392+0000] {logging_mixin.py:115} INFO - [2022-09-10T17:27:20.392+0000] {dagbag.py:508} INFO - Filling up the DagBag from /home/airflow/.local/lib/python3.7/site-packages/airflow/example_dags/example_short_circuit_operator.py
[2022-09-10T17:27:20.398+0000] {processor.py:650} INFO - DAG(s) dict_keys(['example_short_circuit_operator']) retrieved from /home/airflow/.local/lib/python3.7/site-packages/airflow/example_dags/example_short_circuit_operator.py
[2022-09-10T17:27:20.416+0000] {logging_mixin.py:115} INFO - [2022-09-10T17:27:20.416+0000] {dag.py:2429} INFO - Sync 1 DAGs
[2022-09-10T17:27:20.429+0000] {logging_mixin.py:115} INFO - [2022-09-10T17:27:20.428+0000] {dag.py:2981} INFO - Setting next_dagrun for example_short_circuit_operator to 2022-09-09T17:27:20.428832+00:00, run_after=2022-09-10T17:27:20.428832+00:00
[2022-09-10T17:27:20.435+0000] {processor.py:161} INFO - Processing /home/airflow/.local/lib/python3.7/site-packages/airflow/example_dags/example_short_circuit_operator.py took 0.048 seconds
[2022-09-10T17:27:51.489+0000] {processor.py:153} INFO - Started process (PID=1478) to work on /home/airflow/.local/lib/python3.7/site-packages/airflow/example_dags/example_short_circuit_operator.py
[2022-09-10T17:27:51.491+0000] {processor.py:640} INFO - Processing file /home/airflow/.local/lib/python3.7/site-packages/airflow/example_dags/example_short_circuit_operator.py for tasks to queue
[2022-09-10T17:27:51.495+0000] {logging_mixin.py:115} INFO - [2022-09-10T17:27:51.495+0000] {dagbag.py:508} INFO - Filling up the DagBag from /home/airflow/.local/lib/python3.7/site-packages/airflow/example_dags/example_short_circuit_operator.py
[2022-09-10T17:27:51.503+0000] {processor.py:650} INFO - DAG(s) dict_keys(['example_short_circuit_operator']) retrieved from /home/airflow/.local/lib/python3.7/site-packages/airflow/example_dags/example_short_circuit_operator.py
[2022-09-10T17:27:51.537+0000] {logging_mixin.py:115} INFO - [2022-09-10T17:27:51.537+0000] {dag.py:2429} INFO - Sync 1 DAGs
[2022-09-10T17:27:51.553+0000] {logging_mixin.py:115} INFO - [2022-09-10T17:27:51.552+0000] {dag.py:2981} INFO - Setting next_dagrun for example_short_circuit_operator to 2022-09-09T17:27:51.552817+00:00, run_after=2022-09-10T17:27:51.552817+00:00
[2022-09-10T17:27:51.561+0000] {processor.py:161} INFO - Processing /home/airflow/.local/lib/python3.7/site-packages/airflow/example_dags/example_short_circuit_operator.py took 0.074 seconds
[2022-09-10T17:28:21.625+0000] {processor.py:153} INFO - Started process (PID=1541) to work on /home/airflow/.local/lib/python3.7/site-packages/airflow/example_dags/example_short_circuit_operator.py
[2022-09-10T17:28:21.627+0000] {processor.py:640} INFO - Processing file /home/airflow/.local/lib/python3.7/site-packages/airflow/example_dags/example_short_circuit_operator.py for tasks to queue
[2022-09-10T17:28:21.628+0000] {logging_mixin.py:115} INFO - [2022-09-10T17:28:21.628+0000] {dagbag.py:508} INFO - Filling up the DagBag from /home/airflow/.local/lib/python3.7/site-packages/airflow/example_dags/example_short_circuit_operator.py
[2022-09-10T17:28:21.634+0000] {processor.py:650} INFO - DAG(s) dict_keys(['example_short_circuit_operator']) retrieved from /home/airflow/.local/lib/python3.7/site-packages/airflow/example_dags/example_short_circuit_operator.py
[2022-09-10T17:28:21.654+0000] {logging_mixin.py:115} INFO - [2022-09-10T17:28:21.654+0000] {dag.py:2429} INFO - Sync 1 DAGs
[2022-09-10T17:28:21.669+0000] {logging_mixin.py:115} INFO - [2022-09-10T17:28:21.669+0000] {dag.py:2981} INFO - Setting next_dagrun for example_short_circuit_operator to 2022-09-09T17:28:21.669167+00:00, run_after=2022-09-10T17:28:21.669167+00:00
[2022-09-10T17:28:21.678+0000] {processor.py:161} INFO - Processing /home/airflow/.local/lib/python3.7/site-packages/airflow/example_dags/example_short_circuit_operator.py took 0.055 seconds
[2022-09-10T17:28:52.246+0000] {processor.py:153} INFO - Started process (PID=1604) to work on /home/airflow/.local/lib/python3.7/site-packages/airflow/example_dags/example_short_circuit_operator.py
[2022-09-10T17:28:52.248+0000] {processor.py:640} INFO - Processing file /home/airflow/.local/lib/python3.7/site-packages/airflow/example_dags/example_short_circuit_operator.py for tasks to queue
[2022-09-10T17:28:52.249+0000] {logging_mixin.py:115} INFO - [2022-09-10T17:28:52.249+0000] {dagbag.py:508} INFO - Filling up the DagBag from /home/airflow/.local/lib/python3.7/site-packages/airflow/example_dags/example_short_circuit_operator.py
[2022-09-10T17:28:52.255+0000] {processor.py:650} INFO - DAG(s) dict_keys(['example_short_circuit_operator']) retrieved from /home/airflow/.local/lib/python3.7/site-packages/airflow/example_dags/example_short_circuit_operator.py
[2022-09-10T17:28:52.274+0000] {logging_mixin.py:115} INFO - [2022-09-10T17:28:52.274+0000] {dag.py:2429} INFO - Sync 1 DAGs
[2022-09-10T17:28:52.289+0000] {logging_mixin.py:115} INFO - [2022-09-10T17:28:52.289+0000] {dag.py:2981} INFO - Setting next_dagrun for example_short_circuit_operator to 2022-09-09T17:28:52.289347+00:00, run_after=2022-09-10T17:28:52.289347+00:00
[2022-09-10T17:28:52.297+0000] {processor.py:161} INFO - Processing /home/airflow/.local/lib/python3.7/site-packages/airflow/example_dags/example_short_circuit_operator.py took 0.053 seconds
[2022-09-10T17:29:23.121+0000] {processor.py:153} INFO - Started process (PID=1658) to work on /home/airflow/.local/lib/python3.7/site-packages/airflow/example_dags/example_short_circuit_operator.py
[2022-09-10T17:29:23.123+0000] {processor.py:640} INFO - Processing file /home/airflow/.local/lib/python3.7/site-packages/airflow/example_dags/example_short_circuit_operator.py for tasks to queue
[2022-09-10T17:29:23.124+0000] {logging_mixin.py:115} INFO - [2022-09-10T17:29:23.124+0000] {dagbag.py:508} INFO - Filling up the DagBag from /home/airflow/.local/lib/python3.7/site-packages/airflow/example_dags/example_short_circuit_operator.py
[2022-09-10T17:29:23.134+0000] {processor.py:650} INFO - DAG(s) dict_keys(['example_short_circuit_operator']) retrieved from /home/airflow/.local/lib/python3.7/site-packages/airflow/example_dags/example_short_circuit_operator.py
[2022-09-10T17:29:23.154+0000] {logging_mixin.py:115} INFO - [2022-09-10T17:29:23.154+0000] {dag.py:2429} INFO - Sync 1 DAGs
[2022-09-10T17:29:23.167+0000] {logging_mixin.py:115} INFO - [2022-09-10T17:29:23.167+0000] {dag.py:2981} INFO - Setting next_dagrun for example_short_circuit_operator to 2022-09-09T17:29:23.167474+00:00, run_after=2022-09-10T17:29:23.167474+00:00
[2022-09-10T17:29:23.175+0000] {processor.py:161} INFO - Processing /home/airflow/.local/lib/python3.7/site-packages/airflow/example_dags/example_short_circuit_operator.py took 0.057 seconds
[2022-09-10T17:29:53.348+0000] {processor.py:153} INFO - Started process (PID=1720) to work on /home/airflow/.local/lib/python3.7/site-packages/airflow/example_dags/example_short_circuit_operator.py
[2022-09-10T17:29:53.349+0000] {processor.py:640} INFO - Processing file /home/airflow/.local/lib/python3.7/site-packages/airflow/example_dags/example_short_circuit_operator.py for tasks to queue
[2022-09-10T17:29:53.350+0000] {logging_mixin.py:115} INFO - [2022-09-10T17:29:53.350+0000] {dagbag.py:508} INFO - Filling up the DagBag from /home/airflow/.local/lib/python3.7/site-packages/airflow/example_dags/example_short_circuit_operator.py
[2022-09-10T17:29:53.356+0000] {processor.py:650} INFO - DAG(s) dict_keys(['example_short_circuit_operator']) retrieved from /home/airflow/.local/lib/python3.7/site-packages/airflow/example_dags/example_short_circuit_operator.py
[2022-09-10T17:29:53.374+0000] {logging_mixin.py:115} INFO - [2022-09-10T17:29:53.374+0000] {dag.py:2429} INFO - Sync 1 DAGs
[2022-09-10T17:29:53.389+0000] {logging_mixin.py:115} INFO - [2022-09-10T17:29:53.389+0000] {dag.py:2981} INFO - Setting next_dagrun for example_short_circuit_operator to 2022-09-09T17:29:53.389548+00:00, run_after=2022-09-10T17:29:53.389548+00:00
[2022-09-10T17:29:53.397+0000] {processor.py:161} INFO - Processing /home/airflow/.local/lib/python3.7/site-packages/airflow/example_dags/example_short_circuit_operator.py took 0.051 seconds
[2022-09-10T17:30:23.859+0000] {processor.py:153} INFO - Started process (PID=1783) to work on /home/airflow/.local/lib/python3.7/site-packages/airflow/example_dags/example_short_circuit_operator.py
[2022-09-10T17:30:23.861+0000] {processor.py:640} INFO - Processing file /home/airflow/.local/lib/python3.7/site-packages/airflow/example_dags/example_short_circuit_operator.py for tasks to queue
[2022-09-10T17:30:23.862+0000] {logging_mixin.py:115} INFO - [2022-09-10T17:30:23.862+0000] {dagbag.py:508} INFO - Filling up the DagBag from /home/airflow/.local/lib/python3.7/site-packages/airflow/example_dags/example_short_circuit_operator.py
[2022-09-10T17:30:23.868+0000] {processor.py:650} INFO - DAG(s) dict_keys(['example_short_circuit_operator']) retrieved from /home/airflow/.local/lib/python3.7/site-packages/airflow/example_dags/example_short_circuit_operator.py
[2022-09-10T17:30:23.888+0000] {logging_mixin.py:115} INFO - [2022-09-10T17:30:23.888+0000] {dag.py:2429} INFO - Sync 1 DAGs
[2022-09-10T17:30:23.902+0000] {logging_mixin.py:115} INFO - [2022-09-10T17:30:23.902+0000] {dag.py:2981} INFO - Setting next_dagrun for example_short_circuit_operator to 2022-09-09T17:30:23.902050+00:00, run_after=2022-09-10T17:30:23.902050+00:00
[2022-09-10T17:30:23.909+0000] {processor.py:161} INFO - Processing /home/airflow/.local/lib/python3.7/site-packages/airflow/example_dags/example_short_circuit_operator.py took 0.052 seconds
