[2022-09-10T17:06:42.986+0000] {processor.py:153} INFO - Started process (PID=73) to work on /home/airflow/.local/lib/python3.7/site-packages/airflow/example_dags/example_complex.py
[2022-09-10T17:06:42.988+0000] {processor.py:640} INFO - Processing file /home/airflow/.local/lib/python3.7/site-packages/airflow/example_dags/example_complex.py for tasks to queue
[2022-09-10T17:06:42.991+0000] {logging_mixin.py:115} INFO - [2022-09-10T17:06:42.990+0000] {dagbag.py:508} INFO - Filling up the DagBag from /home/airflow/.local/lib/python3.7/site-packages/airflow/example_dags/example_complex.py
[2022-09-10T17:06:43.009+0000] {processor.py:650} INFO - DAG(s) dict_keys(['example_complex']) retrieved from /home/airflow/.local/lib/python3.7/site-packages/airflow/example_dags/example_complex.py
[2022-09-10T17:06:43.119+0000] {logging_mixin.py:115} INFO - [2022-09-10T17:06:43.118+0000] {manager.py:508} INFO - Created Permission View: can edit on DAG:example_complex
[2022-09-10T17:06:43.131+0000] {logging_mixin.py:115} INFO - [2022-09-10T17:06:43.131+0000] {manager.py:508} INFO - Created Permission View: can delete on DAG:example_complex
[2022-09-10T17:06:43.145+0000] {logging_mixin.py:115} INFO - [2022-09-10T17:06:43.144+0000] {manager.py:508} INFO - Created Permission View: can read on DAG:example_complex
[2022-09-10T17:06:43.146+0000] {logging_mixin.py:115} INFO - [2022-09-10T17:06:43.146+0000] {dag.py:2429} INFO - Sync 1 DAGs
[2022-09-10T17:06:43.159+0000] {logging_mixin.py:115} INFO - [2022-09-10T17:06:43.159+0000] {dag.py:2448} INFO - Creating ORM DAG for example_complex
[2022-09-10T17:06:43.187+0000] {logging_mixin.py:115} INFO - [2022-09-10T17:06:43.187+0000] {dag.py:2981} INFO - Setting next_dagrun for example_complex to None, run_after=None
[2022-09-10T17:06:43.209+0000] {processor.py:161} INFO - Processing /home/airflow/.local/lib/python3.7/site-packages/airflow/example_dags/example_complex.py took 0.226 seconds
[2022-09-10T17:07:13.910+0000] {processor.py:153} INFO - Started process (PID=137) to work on /home/airflow/.local/lib/python3.7/site-packages/airflow/example_dags/example_complex.py
[2022-09-10T17:07:13.912+0000] {processor.py:640} INFO - Processing file /home/airflow/.local/lib/python3.7/site-packages/airflow/example_dags/example_complex.py for tasks to queue
[2022-09-10T17:07:13.913+0000] {logging_mixin.py:115} INFO - [2022-09-10T17:07:13.912+0000] {dagbag.py:508} INFO - Filling up the DagBag from /home/airflow/.local/lib/python3.7/site-packages/airflow/example_dags/example_complex.py
[2022-09-10T17:07:13.921+0000] {processor.py:650} INFO - DAG(s) dict_keys(['example_complex']) retrieved from /home/airflow/.local/lib/python3.7/site-packages/airflow/example_dags/example_complex.py
[2022-09-10T17:07:13.940+0000] {logging_mixin.py:115} INFO - [2022-09-10T17:07:13.939+0000] {dag.py:2429} INFO - Sync 1 DAGs
[2022-09-10T17:07:13.953+0000] {logging_mixin.py:115} INFO - [2022-09-10T17:07:13.953+0000] {dag.py:2981} INFO - Setting next_dagrun for example_complex to None, run_after=None
[2022-09-10T17:07:13.960+0000] {processor.py:161} INFO - Processing /home/airflow/.local/lib/python3.7/site-packages/airflow/example_dags/example_complex.py took 0.052 seconds
[2022-09-10T17:07:44.820+0000] {processor.py:153} INFO - Started process (PID=200) to work on /home/airflow/.local/lib/python3.7/site-packages/airflow/example_dags/example_complex.py
[2022-09-10T17:07:44.821+0000] {processor.py:640} INFO - Processing file /home/airflow/.local/lib/python3.7/site-packages/airflow/example_dags/example_complex.py for tasks to queue
[2022-09-10T17:07:44.822+0000] {logging_mixin.py:115} INFO - [2022-09-10T17:07:44.822+0000] {dagbag.py:508} INFO - Filling up the DagBag from /home/airflow/.local/lib/python3.7/site-packages/airflow/example_dags/example_complex.py
[2022-09-10T17:07:44.830+0000] {processor.py:650} INFO - DAG(s) dict_keys(['example_complex']) retrieved from /home/airflow/.local/lib/python3.7/site-packages/airflow/example_dags/example_complex.py
[2022-09-10T17:07:44.850+0000] {logging_mixin.py:115} INFO - [2022-09-10T17:07:44.850+0000] {dag.py:2429} INFO - Sync 1 DAGs
[2022-09-10T17:07:44.863+0000] {logging_mixin.py:115} INFO - [2022-09-10T17:07:44.863+0000] {dag.py:2981} INFO - Setting next_dagrun for example_complex to None, run_after=None
[2022-09-10T17:07:44.870+0000] {processor.py:161} INFO - Processing /home/airflow/.local/lib/python3.7/site-packages/airflow/example_dags/example_complex.py took 0.053 seconds
[2022-09-10T17:08:15.704+0000] {processor.py:153} INFO - Started process (PID=262) to work on /home/airflow/.local/lib/python3.7/site-packages/airflow/example_dags/example_complex.py
[2022-09-10T17:08:15.705+0000] {processor.py:640} INFO - Processing file /home/airflow/.local/lib/python3.7/site-packages/airflow/example_dags/example_complex.py for tasks to queue
[2022-09-10T17:08:15.706+0000] {logging_mixin.py:115} INFO - [2022-09-10T17:08:15.706+0000] {dagbag.py:508} INFO - Filling up the DagBag from /home/airflow/.local/lib/python3.7/site-packages/airflow/example_dags/example_complex.py
[2022-09-10T17:08:15.714+0000] {processor.py:650} INFO - DAG(s) dict_keys(['example_complex']) retrieved from /home/airflow/.local/lib/python3.7/site-packages/airflow/example_dags/example_complex.py
[2022-09-10T17:08:15.731+0000] {logging_mixin.py:115} INFO - [2022-09-10T17:08:15.730+0000] {dag.py:2429} INFO - Sync 1 DAGs
[2022-09-10T17:08:15.744+0000] {logging_mixin.py:115} INFO - [2022-09-10T17:08:15.744+0000] {dag.py:2981} INFO - Setting next_dagrun for example_complex to None, run_after=None
[2022-09-10T17:08:15.751+0000] {processor.py:161} INFO - Processing /home/airflow/.local/lib/python3.7/site-packages/airflow/example_dags/example_complex.py took 0.050 seconds
[2022-09-10T17:08:46.587+0000] {processor.py:153} INFO - Started process (PID=316) to work on /home/airflow/.local/lib/python3.7/site-packages/airflow/example_dags/example_complex.py
[2022-09-10T17:08:46.590+0000] {processor.py:640} INFO - Processing file /home/airflow/.local/lib/python3.7/site-packages/airflow/example_dags/example_complex.py for tasks to queue
[2022-09-10T17:08:46.592+0000] {logging_mixin.py:115} INFO - [2022-09-10T17:08:46.592+0000] {dagbag.py:508} INFO - Filling up the DagBag from /home/airflow/.local/lib/python3.7/site-packages/airflow/example_dags/example_complex.py
[2022-09-10T17:08:46.602+0000] {processor.py:650} INFO - DAG(s) dict_keys(['example_complex']) retrieved from /home/airflow/.local/lib/python3.7/site-packages/airflow/example_dags/example_complex.py
[2022-09-10T17:08:46.621+0000] {logging_mixin.py:115} INFO - [2022-09-10T17:08:46.621+0000] {dag.py:2429} INFO - Sync 1 DAGs
[2022-09-10T17:08:46.633+0000] {logging_mixin.py:115} INFO - [2022-09-10T17:08:46.633+0000] {dag.py:2981} INFO - Setting next_dagrun for example_complex to None, run_after=None
[2022-09-10T17:08:46.640+0000] {processor.py:161} INFO - Processing /home/airflow/.local/lib/python3.7/site-packages/airflow/example_dags/example_complex.py took 0.055 seconds
[2022-09-10T17:09:17.398+0000] {processor.py:153} INFO - Started process (PID=380) to work on /home/airflow/.local/lib/python3.7/site-packages/airflow/example_dags/example_complex.py
[2022-09-10T17:09:17.400+0000] {processor.py:640} INFO - Processing file /home/airflow/.local/lib/python3.7/site-packages/airflow/example_dags/example_complex.py for tasks to queue
[2022-09-10T17:09:17.400+0000] {logging_mixin.py:115} INFO - [2022-09-10T17:09:17.400+0000] {dagbag.py:508} INFO - Filling up the DagBag from /home/airflow/.local/lib/python3.7/site-packages/airflow/example_dags/example_complex.py
[2022-09-10T17:09:17.408+0000] {processor.py:650} INFO - DAG(s) dict_keys(['example_complex']) retrieved from /home/airflow/.local/lib/python3.7/site-packages/airflow/example_dags/example_complex.py
[2022-09-10T17:09:17.429+0000] {logging_mixin.py:115} INFO - [2022-09-10T17:09:17.429+0000] {dag.py:2429} INFO - Sync 1 DAGs
[2022-09-10T17:09:17.441+0000] {logging_mixin.py:115} INFO - [2022-09-10T17:09:17.441+0000] {dag.py:2981} INFO - Setting next_dagrun for example_complex to None, run_after=None
[2022-09-10T17:09:17.448+0000] {processor.py:161} INFO - Processing /home/airflow/.local/lib/python3.7/site-packages/airflow/example_dags/example_complex.py took 0.052 seconds
[2022-09-10T17:09:48.250+0000] {processor.py:153} INFO - Started process (PID=444) to work on /home/airflow/.local/lib/python3.7/site-packages/airflow/example_dags/example_complex.py
[2022-09-10T17:09:48.251+0000] {processor.py:640} INFO - Processing file /home/airflow/.local/lib/python3.7/site-packages/airflow/example_dags/example_complex.py for tasks to queue
[2022-09-10T17:09:48.252+0000] {logging_mixin.py:115} INFO - [2022-09-10T17:09:48.252+0000] {dagbag.py:508} INFO - Filling up the DagBag from /home/airflow/.local/lib/python3.7/site-packages/airflow/example_dags/example_complex.py
[2022-09-10T17:09:48.260+0000] {processor.py:650} INFO - DAG(s) dict_keys(['example_complex']) retrieved from /home/airflow/.local/lib/python3.7/site-packages/airflow/example_dags/example_complex.py
[2022-09-10T17:09:48.279+0000] {logging_mixin.py:115} INFO - [2022-09-10T17:09:48.279+0000] {dag.py:2429} INFO - Sync 1 DAGs
[2022-09-10T17:09:48.291+0000] {logging_mixin.py:115} INFO - [2022-09-10T17:09:48.291+0000] {dag.py:2981} INFO - Setting next_dagrun for example_complex to None, run_after=None
[2022-09-10T17:09:48.298+0000] {processor.py:161} INFO - Processing /home/airflow/.local/lib/python3.7/site-packages/airflow/example_dags/example_complex.py took 0.051 seconds
[2022-09-10T17:10:19.165+0000] {processor.py:153} INFO - Started process (PID=508) to work on /home/airflow/.local/lib/python3.7/site-packages/airflow/example_dags/example_complex.py
[2022-09-10T17:10:19.167+0000] {processor.py:640} INFO - Processing file /home/airflow/.local/lib/python3.7/site-packages/airflow/example_dags/example_complex.py for tasks to queue
[2022-09-10T17:10:19.168+0000] {logging_mixin.py:115} INFO - [2022-09-10T17:10:19.168+0000] {dagbag.py:508} INFO - Filling up the DagBag from /home/airflow/.local/lib/python3.7/site-packages/airflow/example_dags/example_complex.py
[2022-09-10T17:10:19.176+0000] {processor.py:650} INFO - DAG(s) dict_keys(['example_complex']) retrieved from /home/airflow/.local/lib/python3.7/site-packages/airflow/example_dags/example_complex.py
[2022-09-10T17:10:19.197+0000] {logging_mixin.py:115} INFO - [2022-09-10T17:10:19.196+0000] {dag.py:2429} INFO - Sync 1 DAGs
[2022-09-10T17:10:19.210+0000] {logging_mixin.py:115} INFO - [2022-09-10T17:10:19.210+0000] {dag.py:2981} INFO - Setting next_dagrun for example_complex to None, run_after=None
[2022-09-10T17:10:19.216+0000] {processor.py:161} INFO - Processing /home/airflow/.local/lib/python3.7/site-packages/airflow/example_dags/example_complex.py took 0.054 seconds
[2022-09-10T17:10:50.010+0000] {processor.py:153} INFO - Started process (PID=571) to work on /home/airflow/.local/lib/python3.7/site-packages/airflow/example_dags/example_complex.py
[2022-09-10T17:10:50.012+0000] {processor.py:640} INFO - Processing file /home/airflow/.local/lib/python3.7/site-packages/airflow/example_dags/example_complex.py for tasks to queue
[2022-09-10T17:10:50.013+0000] {logging_mixin.py:115} INFO - [2022-09-10T17:10:50.013+0000] {dagbag.py:508} INFO - Filling up the DagBag from /home/airflow/.local/lib/python3.7/site-packages/airflow/example_dags/example_complex.py
[2022-09-10T17:10:50.024+0000] {processor.py:650} INFO - DAG(s) dict_keys(['example_complex']) retrieved from /home/airflow/.local/lib/python3.7/site-packages/airflow/example_dags/example_complex.py
[2022-09-10T17:10:50.042+0000] {logging_mixin.py:115} INFO - [2022-09-10T17:10:50.042+0000] {dag.py:2429} INFO - Sync 1 DAGs
[2022-09-10T17:10:50.055+0000] {logging_mixin.py:115} INFO - [2022-09-10T17:10:50.055+0000] {dag.py:2981} INFO - Setting next_dagrun for example_complex to None, run_after=None
[2022-09-10T17:10:50.062+0000] {processor.py:161} INFO - Processing /home/airflow/.local/lib/python3.7/site-packages/airflow/example_dags/example_complex.py took 0.056 seconds
[2022-09-10T17:13:06.823+0000] {processor.py:153} INFO - Started process (PID=72) to work on /home/airflow/.local/lib/python3.7/site-packages/airflow/example_dags/example_complex.py
[2022-09-10T17:13:06.826+0000] {processor.py:640} INFO - Processing file /home/airflow/.local/lib/python3.7/site-packages/airflow/example_dags/example_complex.py for tasks to queue
[2022-09-10T17:13:06.828+0000] {logging_mixin.py:115} INFO - [2022-09-10T17:13:06.828+0000] {dagbag.py:508} INFO - Filling up the DagBag from /home/airflow/.local/lib/python3.7/site-packages/airflow/example_dags/example_complex.py
[2022-09-10T17:13:06.850+0000] {processor.py:650} INFO - DAG(s) dict_keys(['example_complex']) retrieved from /home/airflow/.local/lib/python3.7/site-packages/airflow/example_dags/example_complex.py
[2022-09-10T17:13:06.918+0000] {logging_mixin.py:115} INFO - [2022-09-10T17:13:06.918+0000] {dag.py:2429} INFO - Sync 1 DAGs
[2022-09-10T17:13:06.967+0000] {logging_mixin.py:115} INFO - [2022-09-10T17:13:06.967+0000] {dag.py:2981} INFO - Setting next_dagrun for example_complex to None, run_after=None
[2022-09-10T17:13:06.989+0000] {processor.py:161} INFO - Processing /home/airflow/.local/lib/python3.7/site-packages/airflow/example_dags/example_complex.py took 0.172 seconds
[2022-09-10T17:13:37.590+0000] {processor.py:153} INFO - Started process (PID=125) to work on /home/airflow/.local/lib/python3.7/site-packages/airflow/example_dags/example_complex.py
[2022-09-10T17:13:37.593+0000] {processor.py:640} INFO - Processing file /home/airflow/.local/lib/python3.7/site-packages/airflow/example_dags/example_complex.py for tasks to queue
[2022-09-10T17:13:37.594+0000] {logging_mixin.py:115} INFO - [2022-09-10T17:13:37.594+0000] {dagbag.py:508} INFO - Filling up the DagBag from /home/airflow/.local/lib/python3.7/site-packages/airflow/example_dags/example_complex.py
[2022-09-10T17:13:37.615+0000] {processor.py:650} INFO - DAG(s) dict_keys(['example_complex']) retrieved from /home/airflow/.local/lib/python3.7/site-packages/airflow/example_dags/example_complex.py
[2022-09-10T17:13:37.655+0000] {logging_mixin.py:115} INFO - [2022-09-10T17:13:37.655+0000] {dag.py:2429} INFO - Sync 1 DAGs
[2022-09-10T17:13:37.681+0000] {logging_mixin.py:115} INFO - [2022-09-10T17:13:37.681+0000] {dag.py:2981} INFO - Setting next_dagrun for example_complex to None, run_after=None
[2022-09-10T17:13:37.694+0000] {processor.py:161} INFO - Processing /home/airflow/.local/lib/python3.7/site-packages/airflow/example_dags/example_complex.py took 0.106 seconds
[2022-09-10T17:16:09.221+0000] {processor.py:153} INFO - Started process (PID=84) to work on /home/airflow/.local/lib/python3.7/site-packages/airflow/example_dags/example_complex.py
[2022-09-10T17:16:09.228+0000] {processor.py:640} INFO - Processing file /home/airflow/.local/lib/python3.7/site-packages/airflow/example_dags/example_complex.py for tasks to queue
[2022-09-10T17:16:09.231+0000] {logging_mixin.py:115} INFO - [2022-09-10T17:16:09.231+0000] {dagbag.py:508} INFO - Filling up the DagBag from /home/airflow/.local/lib/python3.7/site-packages/airflow/example_dags/example_complex.py
[2022-09-10T17:16:09.315+0000] {processor.py:650} INFO - DAG(s) dict_keys(['example_complex']) retrieved from /home/airflow/.local/lib/python3.7/site-packages/airflow/example_dags/example_complex.py
[2022-09-10T17:16:09.422+0000] {logging_mixin.py:115} INFO - [2022-09-10T17:16:09.422+0000] {dag.py:2429} INFO - Sync 1 DAGs
[2022-09-10T17:16:09.471+0000] {logging_mixin.py:115} INFO - [2022-09-10T17:16:09.470+0000] {dag.py:2981} INFO - Setting next_dagrun for example_complex to None, run_after=None
[2022-09-10T17:16:09.505+0000] {processor.py:161} INFO - Processing /home/airflow/.local/lib/python3.7/site-packages/airflow/example_dags/example_complex.py took 0.288 seconds
[2022-09-10T17:16:39.746+0000] {processor.py:153} INFO - Started process (PID=138) to work on /home/airflow/.local/lib/python3.7/site-packages/airflow/example_dags/example_complex.py
[2022-09-10T17:16:39.748+0000] {processor.py:640} INFO - Processing file /home/airflow/.local/lib/python3.7/site-packages/airflow/example_dags/example_complex.py for tasks to queue
[2022-09-10T17:16:39.749+0000] {logging_mixin.py:115} INFO - [2022-09-10T17:16:39.748+0000] {dagbag.py:508} INFO - Filling up the DagBag from /home/airflow/.local/lib/python3.7/site-packages/airflow/example_dags/example_complex.py
[2022-09-10T17:16:39.757+0000] {processor.py:650} INFO - DAG(s) dict_keys(['example_complex']) retrieved from /home/airflow/.local/lib/python3.7/site-packages/airflow/example_dags/example_complex.py
[2022-09-10T17:16:39.776+0000] {logging_mixin.py:115} INFO - [2022-09-10T17:16:39.776+0000] {dag.py:2429} INFO - Sync 1 DAGs
[2022-09-10T17:16:39.788+0000] {logging_mixin.py:115} INFO - [2022-09-10T17:16:39.788+0000] {dag.py:2981} INFO - Setting next_dagrun for example_complex to None, run_after=None
[2022-09-10T17:16:39.795+0000] {processor.py:161} INFO - Processing /home/airflow/.local/lib/python3.7/site-packages/airflow/example_dags/example_complex.py took 0.052 seconds
[2022-09-10T17:17:10.075+0000] {processor.py:153} INFO - Started process (PID=202) to work on /home/airflow/.local/lib/python3.7/site-packages/airflow/example_dags/example_complex.py
[2022-09-10T17:17:10.078+0000] {processor.py:640} INFO - Processing file /home/airflow/.local/lib/python3.7/site-packages/airflow/example_dags/example_complex.py for tasks to queue
[2022-09-10T17:17:10.080+0000] {logging_mixin.py:115} INFO - [2022-09-10T17:17:10.080+0000] {dagbag.py:508} INFO - Filling up the DagBag from /home/airflow/.local/lib/python3.7/site-packages/airflow/example_dags/example_complex.py
[2022-09-10T17:17:10.090+0000] {processor.py:650} INFO - DAG(s) dict_keys(['example_complex']) retrieved from /home/airflow/.local/lib/python3.7/site-packages/airflow/example_dags/example_complex.py
[2022-09-10T17:17:10.109+0000] {logging_mixin.py:115} INFO - [2022-09-10T17:17:10.109+0000] {dag.py:2429} INFO - Sync 1 DAGs
[2022-09-10T17:17:10.122+0000] {logging_mixin.py:115} INFO - [2022-09-10T17:17:10.122+0000] {dag.py:2981} INFO - Setting next_dagrun for example_complex to None, run_after=None
[2022-09-10T17:17:10.132+0000] {processor.py:161} INFO - Processing /home/airflow/.local/lib/python3.7/site-packages/airflow/example_dags/example_complex.py took 0.059 seconds
[2022-09-10T17:17:40.204+0000] {processor.py:153} INFO - Started process (PID=265) to work on /home/airflow/.local/lib/python3.7/site-packages/airflow/example_dags/example_complex.py
[2022-09-10T17:17:40.206+0000] {processor.py:640} INFO - Processing file /home/airflow/.local/lib/python3.7/site-packages/airflow/example_dags/example_complex.py for tasks to queue
[2022-09-10T17:17:40.208+0000] {logging_mixin.py:115} INFO - [2022-09-10T17:17:40.207+0000] {dagbag.py:508} INFO - Filling up the DagBag from /home/airflow/.local/lib/python3.7/site-packages/airflow/example_dags/example_complex.py
[2022-09-10T17:17:40.219+0000] {processor.py:650} INFO - DAG(s) dict_keys(['example_complex']) retrieved from /home/airflow/.local/lib/python3.7/site-packages/airflow/example_dags/example_complex.py
[2022-09-10T17:17:40.251+0000] {logging_mixin.py:115} INFO - [2022-09-10T17:17:40.251+0000] {dag.py:2429} INFO - Sync 1 DAGs
[2022-09-10T17:17:40.274+0000] {logging_mixin.py:115} INFO - [2022-09-10T17:17:40.274+0000] {dag.py:2981} INFO - Setting next_dagrun for example_complex to None, run_after=None
[2022-09-10T17:17:40.286+0000] {processor.py:161} INFO - Processing /home/airflow/.local/lib/python3.7/site-packages/airflow/example_dags/example_complex.py took 0.085 seconds
[2022-09-10T17:18:11.277+0000] {processor.py:153} INFO - Started process (PID=319) to work on /home/airflow/.local/lib/python3.7/site-packages/airflow/example_dags/example_complex.py
[2022-09-10T17:18:11.279+0000] {processor.py:640} INFO - Processing file /home/airflow/.local/lib/python3.7/site-packages/airflow/example_dags/example_complex.py for tasks to queue
[2022-09-10T17:18:11.281+0000] {logging_mixin.py:115} INFO - [2022-09-10T17:18:11.280+0000] {dagbag.py:508} INFO - Filling up the DagBag from /home/airflow/.local/lib/python3.7/site-packages/airflow/example_dags/example_complex.py
[2022-09-10T17:18:11.294+0000] {processor.py:650} INFO - DAG(s) dict_keys(['example_complex']) retrieved from /home/airflow/.local/lib/python3.7/site-packages/airflow/example_dags/example_complex.py
[2022-09-10T17:18:11.323+0000] {logging_mixin.py:115} INFO - [2022-09-10T17:18:11.323+0000] {dag.py:2429} INFO - Sync 1 DAGs
[2022-09-10T17:18:11.337+0000] {logging_mixin.py:115} INFO - [2022-09-10T17:18:11.337+0000] {dag.py:2981} INFO - Setting next_dagrun for example_complex to None, run_after=None
[2022-09-10T17:18:11.345+0000] {processor.py:161} INFO - Processing /home/airflow/.local/lib/python3.7/site-packages/airflow/example_dags/example_complex.py took 0.073 seconds
[2022-09-10T17:18:41.380+0000] {processor.py:153} INFO - Started process (PID=381) to work on /home/airflow/.local/lib/python3.7/site-packages/airflow/example_dags/example_complex.py
[2022-09-10T17:18:41.382+0000] {processor.py:640} INFO - Processing file /home/airflow/.local/lib/python3.7/site-packages/airflow/example_dags/example_complex.py for tasks to queue
[2022-09-10T17:18:41.383+0000] {logging_mixin.py:115} INFO - [2022-09-10T17:18:41.383+0000] {dagbag.py:508} INFO - Filling up the DagBag from /home/airflow/.local/lib/python3.7/site-packages/airflow/example_dags/example_complex.py
[2022-09-10T17:18:41.390+0000] {processor.py:650} INFO - DAG(s) dict_keys(['example_complex']) retrieved from /home/airflow/.local/lib/python3.7/site-packages/airflow/example_dags/example_complex.py
[2022-09-10T17:18:41.412+0000] {logging_mixin.py:115} INFO - [2022-09-10T17:18:41.411+0000] {dag.py:2429} INFO - Sync 1 DAGs
[2022-09-10T17:18:41.426+0000] {logging_mixin.py:115} INFO - [2022-09-10T17:18:41.426+0000] {dag.py:2981} INFO - Setting next_dagrun for example_complex to None, run_after=None
[2022-09-10T17:18:41.435+0000] {processor.py:161} INFO - Processing /home/airflow/.local/lib/python3.7/site-packages/airflow/example_dags/example_complex.py took 0.057 seconds
[2022-09-10T17:19:11.589+0000] {processor.py:153} INFO - Started process (PID=444) to work on /home/airflow/.local/lib/python3.7/site-packages/airflow/example_dags/example_complex.py
[2022-09-10T17:19:11.593+0000] {processor.py:640} INFO - Processing file /home/airflow/.local/lib/python3.7/site-packages/airflow/example_dags/example_complex.py for tasks to queue
[2022-09-10T17:19:11.596+0000] {logging_mixin.py:115} INFO - [2022-09-10T17:19:11.595+0000] {dagbag.py:508} INFO - Filling up the DagBag from /home/airflow/.local/lib/python3.7/site-packages/airflow/example_dags/example_complex.py
[2022-09-10T17:19:11.609+0000] {processor.py:650} INFO - DAG(s) dict_keys(['example_complex']) retrieved from /home/airflow/.local/lib/python3.7/site-packages/airflow/example_dags/example_complex.py
[2022-09-10T17:19:11.632+0000] {logging_mixin.py:115} INFO - [2022-09-10T17:19:11.632+0000] {dag.py:2429} INFO - Sync 1 DAGs
[2022-09-10T17:19:11.644+0000] {logging_mixin.py:115} INFO - [2022-09-10T17:19:11.644+0000] {dag.py:2981} INFO - Setting next_dagrun for example_complex to None, run_after=None
[2022-09-10T17:19:11.651+0000] {processor.py:161} INFO - Processing /home/airflow/.local/lib/python3.7/site-packages/airflow/example_dags/example_complex.py took 0.067 seconds
[2022-09-10T17:19:41.755+0000] {processor.py:153} INFO - Started process (PID=506) to work on /home/airflow/.local/lib/python3.7/site-packages/airflow/example_dags/example_complex.py
[2022-09-10T17:19:41.758+0000] {processor.py:640} INFO - Processing file /home/airflow/.local/lib/python3.7/site-packages/airflow/example_dags/example_complex.py for tasks to queue
[2022-09-10T17:19:41.760+0000] {logging_mixin.py:115} INFO - [2022-09-10T17:19:41.760+0000] {dagbag.py:508} INFO - Filling up the DagBag from /home/airflow/.local/lib/python3.7/site-packages/airflow/example_dags/example_complex.py
[2022-09-10T17:19:41.772+0000] {processor.py:650} INFO - DAG(s) dict_keys(['example_complex']) retrieved from /home/airflow/.local/lib/python3.7/site-packages/airflow/example_dags/example_complex.py
[2022-09-10T17:19:41.799+0000] {logging_mixin.py:115} INFO - [2022-09-10T17:19:41.799+0000] {dag.py:2429} INFO - Sync 1 DAGs
[2022-09-10T17:19:41.813+0000] {logging_mixin.py:115} INFO - [2022-09-10T17:19:41.813+0000] {dag.py:2981} INFO - Setting next_dagrun for example_complex to None, run_after=None
[2022-09-10T17:19:41.823+0000] {processor.py:161} INFO - Processing /home/airflow/.local/lib/python3.7/site-packages/airflow/example_dags/example_complex.py took 0.072 seconds
[2022-09-10T17:20:11.898+0000] {processor.py:153} INFO - Started process (PID=570) to work on /home/airflow/.local/lib/python3.7/site-packages/airflow/example_dags/example_complex.py
[2022-09-10T17:20:11.901+0000] {processor.py:640} INFO - Processing file /home/airflow/.local/lib/python3.7/site-packages/airflow/example_dags/example_complex.py for tasks to queue
[2022-09-10T17:20:11.904+0000] {logging_mixin.py:115} INFO - [2022-09-10T17:20:11.904+0000] {dagbag.py:508} INFO - Filling up the DagBag from /home/airflow/.local/lib/python3.7/site-packages/airflow/example_dags/example_complex.py
[2022-09-10T17:20:11.918+0000] {processor.py:650} INFO - DAG(s) dict_keys(['example_complex']) retrieved from /home/airflow/.local/lib/python3.7/site-packages/airflow/example_dags/example_complex.py
[2022-09-10T17:20:11.941+0000] {logging_mixin.py:115} INFO - [2022-09-10T17:20:11.941+0000] {dag.py:2429} INFO - Sync 1 DAGs
[2022-09-10T17:20:11.953+0000] {logging_mixin.py:115} INFO - [2022-09-10T17:20:11.953+0000] {dag.py:2981} INFO - Setting next_dagrun for example_complex to None, run_after=None
[2022-09-10T17:20:11.960+0000] {processor.py:161} INFO - Processing /home/airflow/.local/lib/python3.7/site-packages/airflow/example_dags/example_complex.py took 0.067 seconds
[2022-09-10T17:20:42.217+0000] {processor.py:153} INFO - Started process (PID=624) to work on /home/airflow/.local/lib/python3.7/site-packages/airflow/example_dags/example_complex.py
[2022-09-10T17:20:42.221+0000] {processor.py:640} INFO - Processing file /home/airflow/.local/lib/python3.7/site-packages/airflow/example_dags/example_complex.py for tasks to queue
[2022-09-10T17:20:42.224+0000] {logging_mixin.py:115} INFO - [2022-09-10T17:20:42.223+0000] {dagbag.py:508} INFO - Filling up the DagBag from /home/airflow/.local/lib/python3.7/site-packages/airflow/example_dags/example_complex.py
[2022-09-10T17:20:42.239+0000] {processor.py:650} INFO - DAG(s) dict_keys(['example_complex']) retrieved from /home/airflow/.local/lib/python3.7/site-packages/airflow/example_dags/example_complex.py
[2022-09-10T17:20:42.263+0000] {logging_mixin.py:115} INFO - [2022-09-10T17:20:42.263+0000] {dag.py:2429} INFO - Sync 1 DAGs
[2022-09-10T17:20:42.281+0000] {logging_mixin.py:115} INFO - [2022-09-10T17:20:42.281+0000] {dag.py:2981} INFO - Setting next_dagrun for example_complex to None, run_after=None
[2022-09-10T17:20:42.294+0000] {processor.py:161} INFO - Processing /home/airflow/.local/lib/python3.7/site-packages/airflow/example_dags/example_complex.py took 0.084 seconds
[2022-09-10T17:21:12.349+0000] {processor.py:153} INFO - Started process (PID=687) to work on /home/airflow/.local/lib/python3.7/site-packages/airflow/example_dags/example_complex.py
[2022-09-10T17:21:12.350+0000] {processor.py:640} INFO - Processing file /home/airflow/.local/lib/python3.7/site-packages/airflow/example_dags/example_complex.py for tasks to queue
[2022-09-10T17:21:12.351+0000] {logging_mixin.py:115} INFO - [2022-09-10T17:21:12.351+0000] {dagbag.py:508} INFO - Filling up the DagBag from /home/airflow/.local/lib/python3.7/site-packages/airflow/example_dags/example_complex.py
[2022-09-10T17:21:12.361+0000] {processor.py:650} INFO - DAG(s) dict_keys(['example_complex']) retrieved from /home/airflow/.local/lib/python3.7/site-packages/airflow/example_dags/example_complex.py
[2022-09-10T17:21:12.378+0000] {logging_mixin.py:115} INFO - [2022-09-10T17:21:12.378+0000] {dag.py:2429} INFO - Sync 1 DAGs
[2022-09-10T17:21:12.389+0000] {logging_mixin.py:115} INFO - [2022-09-10T17:21:12.389+0000] {dag.py:2981} INFO - Setting next_dagrun for example_complex to None, run_after=None
[2022-09-10T17:21:12.395+0000] {processor.py:161} INFO - Processing /home/airflow/.local/lib/python3.7/site-packages/airflow/example_dags/example_complex.py took 0.049 seconds
[2022-09-10T17:21:43.221+0000] {processor.py:153} INFO - Started process (PID=750) to work on /home/airflow/.local/lib/python3.7/site-packages/airflow/example_dags/example_complex.py
[2022-09-10T17:21:43.223+0000] {processor.py:640} INFO - Processing file /home/airflow/.local/lib/python3.7/site-packages/airflow/example_dags/example_complex.py for tasks to queue
[2022-09-10T17:21:43.224+0000] {logging_mixin.py:115} INFO - [2022-09-10T17:21:43.224+0000] {dagbag.py:508} INFO - Filling up the DagBag from /home/airflow/.local/lib/python3.7/site-packages/airflow/example_dags/example_complex.py
[2022-09-10T17:21:43.234+0000] {processor.py:650} INFO - DAG(s) dict_keys(['example_complex']) retrieved from /home/airflow/.local/lib/python3.7/site-packages/airflow/example_dags/example_complex.py
[2022-09-10T17:21:43.261+0000] {logging_mixin.py:115} INFO - [2022-09-10T17:21:43.260+0000] {dag.py:2429} INFO - Sync 1 DAGs
[2022-09-10T17:21:43.279+0000] {logging_mixin.py:115} INFO - [2022-09-10T17:21:43.279+0000] {dag.py:2981} INFO - Setting next_dagrun for example_complex to None, run_after=None
[2022-09-10T17:21:43.289+0000] {processor.py:161} INFO - Processing /home/airflow/.local/lib/python3.7/site-packages/airflow/example_dags/example_complex.py took 0.072 seconds
[2022-09-10T17:22:14.397+0000] {processor.py:153} INFO - Started process (PID=813) to work on /home/airflow/.local/lib/python3.7/site-packages/airflow/example_dags/example_complex.py
[2022-09-10T17:22:14.401+0000] {processor.py:640} INFO - Processing file /home/airflow/.local/lib/python3.7/site-packages/airflow/example_dags/example_complex.py for tasks to queue
[2022-09-10T17:22:14.404+0000] {logging_mixin.py:115} INFO - [2022-09-10T17:22:14.404+0000] {dagbag.py:508} INFO - Filling up the DagBag from /home/airflow/.local/lib/python3.7/site-packages/airflow/example_dags/example_complex.py
[2022-09-10T17:22:14.435+0000] {processor.py:650} INFO - DAG(s) dict_keys(['example_complex']) retrieved from /home/airflow/.local/lib/python3.7/site-packages/airflow/example_dags/example_complex.py
[2022-09-10T17:22:14.465+0000] {logging_mixin.py:115} INFO - [2022-09-10T17:22:14.465+0000] {dag.py:2429} INFO - Sync 1 DAGs
[2022-09-10T17:22:14.486+0000] {logging_mixin.py:115} INFO - [2022-09-10T17:22:14.486+0000] {dag.py:2981} INFO - Setting next_dagrun for example_complex to None, run_after=None
[2022-09-10T17:22:14.496+0000] {processor.py:161} INFO - Processing /home/airflow/.local/lib/python3.7/site-packages/airflow/example_dags/example_complex.py took 0.104 seconds
[2022-09-10T17:22:44.829+0000] {processor.py:153} INFO - Started process (PID=878) to work on /home/airflow/.local/lib/python3.7/site-packages/airflow/example_dags/example_complex.py
[2022-09-10T17:22:44.831+0000] {processor.py:640} INFO - Processing file /home/airflow/.local/lib/python3.7/site-packages/airflow/example_dags/example_complex.py for tasks to queue
[2022-09-10T17:22:44.832+0000] {logging_mixin.py:115} INFO - [2022-09-10T17:22:44.832+0000] {dagbag.py:508} INFO - Filling up the DagBag from /home/airflow/.local/lib/python3.7/site-packages/airflow/example_dags/example_complex.py
[2022-09-10T17:22:44.839+0000] {processor.py:650} INFO - DAG(s) dict_keys(['example_complex']) retrieved from /home/airflow/.local/lib/python3.7/site-packages/airflow/example_dags/example_complex.py
[2022-09-10T17:22:44.857+0000] {logging_mixin.py:115} INFO - [2022-09-10T17:22:44.857+0000] {dag.py:2429} INFO - Sync 1 DAGs
[2022-09-10T17:22:44.868+0000] {logging_mixin.py:115} INFO - [2022-09-10T17:22:44.868+0000] {dag.py:2981} INFO - Setting next_dagrun for example_complex to None, run_after=None
[2022-09-10T17:22:44.875+0000] {processor.py:161} INFO - Processing /home/airflow/.local/lib/python3.7/site-packages/airflow/example_dags/example_complex.py took 0.048 seconds
[2022-09-10T17:23:15.842+0000] {processor.py:153} INFO - Started process (PID=942) to work on /home/airflow/.local/lib/python3.7/site-packages/airflow/example_dags/example_complex.py
[2022-09-10T17:23:15.843+0000] {processor.py:640} INFO - Processing file /home/airflow/.local/lib/python3.7/site-packages/airflow/example_dags/example_complex.py for tasks to queue
[2022-09-10T17:23:15.845+0000] {logging_mixin.py:115} INFO - [2022-09-10T17:23:15.845+0000] {dagbag.py:508} INFO - Filling up the DagBag from /home/airflow/.local/lib/python3.7/site-packages/airflow/example_dags/example_complex.py
[2022-09-10T17:23:15.852+0000] {processor.py:650} INFO - DAG(s) dict_keys(['example_complex']) retrieved from /home/airflow/.local/lib/python3.7/site-packages/airflow/example_dags/example_complex.py
[2022-09-10T17:23:15.872+0000] {logging_mixin.py:115} INFO - [2022-09-10T17:23:15.872+0000] {dag.py:2429} INFO - Sync 1 DAGs
[2022-09-10T17:23:15.888+0000] {logging_mixin.py:115} INFO - [2022-09-10T17:23:15.888+0000] {dag.py:2981} INFO - Setting next_dagrun for example_complex to None, run_after=None
[2022-09-10T17:23:15.897+0000] {processor.py:161} INFO - Processing /home/airflow/.local/lib/python3.7/site-packages/airflow/example_dags/example_complex.py took 0.057 seconds
[2022-09-10T17:23:46.840+0000] {processor.py:153} INFO - Started process (PID=1005) to work on /home/airflow/.local/lib/python3.7/site-packages/airflow/example_dags/example_complex.py
[2022-09-10T17:23:46.841+0000] {processor.py:640} INFO - Processing file /home/airflow/.local/lib/python3.7/site-packages/airflow/example_dags/example_complex.py for tasks to queue
[2022-09-10T17:23:46.842+0000] {logging_mixin.py:115} INFO - [2022-09-10T17:23:46.842+0000] {dagbag.py:508} INFO - Filling up the DagBag from /home/airflow/.local/lib/python3.7/site-packages/airflow/example_dags/example_complex.py
[2022-09-10T17:23:46.850+0000] {processor.py:650} INFO - DAG(s) dict_keys(['example_complex']) retrieved from /home/airflow/.local/lib/python3.7/site-packages/airflow/example_dags/example_complex.py
[2022-09-10T17:23:46.869+0000] {logging_mixin.py:115} INFO - [2022-09-10T17:23:46.869+0000] {dag.py:2429} INFO - Sync 1 DAGs
[2022-09-10T17:23:46.882+0000] {logging_mixin.py:115} INFO - [2022-09-10T17:23:46.882+0000] {dag.py:2981} INFO - Setting next_dagrun for example_complex to None, run_after=None
[2022-09-10T17:23:46.890+0000] {processor.py:161} INFO - Processing /home/airflow/.local/lib/python3.7/site-packages/airflow/example_dags/example_complex.py took 0.052 seconds
[2022-09-10T17:24:17.860+0000] {processor.py:153} INFO - Started process (PID=1059) to work on /home/airflow/.local/lib/python3.7/site-packages/airflow/example_dags/example_complex.py
[2022-09-10T17:24:17.862+0000] {processor.py:640} INFO - Processing file /home/airflow/.local/lib/python3.7/site-packages/airflow/example_dags/example_complex.py for tasks to queue
[2022-09-10T17:24:17.863+0000] {logging_mixin.py:115} INFO - [2022-09-10T17:24:17.863+0000] {dagbag.py:508} INFO - Filling up the DagBag from /home/airflow/.local/lib/python3.7/site-packages/airflow/example_dags/example_complex.py
[2022-09-10T17:24:17.871+0000] {processor.py:650} INFO - DAG(s) dict_keys(['example_complex']) retrieved from /home/airflow/.local/lib/python3.7/site-packages/airflow/example_dags/example_complex.py
[2022-09-10T17:24:17.891+0000] {logging_mixin.py:115} INFO - [2022-09-10T17:24:17.891+0000] {dag.py:2429} INFO - Sync 1 DAGs
[2022-09-10T17:24:17.905+0000] {logging_mixin.py:115} INFO - [2022-09-10T17:24:17.905+0000] {dag.py:2981} INFO - Setting next_dagrun for example_complex to None, run_after=None
[2022-09-10T17:24:17.913+0000] {processor.py:161} INFO - Processing /home/airflow/.local/lib/python3.7/site-packages/airflow/example_dags/example_complex.py took 0.056 seconds
[2022-09-10T17:24:48.627+0000] {processor.py:153} INFO - Started process (PID=1122) to work on /home/airflow/.local/lib/python3.7/site-packages/airflow/example_dags/example_complex.py
[2022-09-10T17:24:48.629+0000] {processor.py:640} INFO - Processing file /home/airflow/.local/lib/python3.7/site-packages/airflow/example_dags/example_complex.py for tasks to queue
[2022-09-10T17:24:48.630+0000] {logging_mixin.py:115} INFO - [2022-09-10T17:24:48.630+0000] {dagbag.py:508} INFO - Filling up the DagBag from /home/airflow/.local/lib/python3.7/site-packages/airflow/example_dags/example_complex.py
[2022-09-10T17:24:48.640+0000] {processor.py:650} INFO - DAG(s) dict_keys(['example_complex']) retrieved from /home/airflow/.local/lib/python3.7/site-packages/airflow/example_dags/example_complex.py
[2022-09-10T17:24:48.661+0000] {logging_mixin.py:115} INFO - [2022-09-10T17:24:48.661+0000] {dag.py:2429} INFO - Sync 1 DAGs
[2022-09-10T17:24:48.679+0000] {logging_mixin.py:115} INFO - [2022-09-10T17:24:48.678+0000] {dag.py:2981} INFO - Setting next_dagrun for example_complex to None, run_after=None
[2022-09-10T17:24:48.693+0000] {processor.py:161} INFO - Processing /home/airflow/.local/lib/python3.7/site-packages/airflow/example_dags/example_complex.py took 0.069 seconds
[2022-09-10T17:25:19.514+0000] {processor.py:153} INFO - Started process (PID=1184) to work on /home/airflow/.local/lib/python3.7/site-packages/airflow/example_dags/example_complex.py
[2022-09-10T17:25:19.516+0000] {processor.py:640} INFO - Processing file /home/airflow/.local/lib/python3.7/site-packages/airflow/example_dags/example_complex.py for tasks to queue
[2022-09-10T17:25:19.518+0000] {logging_mixin.py:115} INFO - [2022-09-10T17:25:19.518+0000] {dagbag.py:508} INFO - Filling up the DagBag from /home/airflow/.local/lib/python3.7/site-packages/airflow/example_dags/example_complex.py
[2022-09-10T17:25:19.527+0000] {processor.py:650} INFO - DAG(s) dict_keys(['example_complex']) retrieved from /home/airflow/.local/lib/python3.7/site-packages/airflow/example_dags/example_complex.py
[2022-09-10T17:25:19.549+0000] {logging_mixin.py:115} INFO - [2022-09-10T17:25:19.549+0000] {dag.py:2429} INFO - Sync 1 DAGs
[2022-09-10T17:25:19.565+0000] {logging_mixin.py:115} INFO - [2022-09-10T17:25:19.565+0000] {dag.py:2981} INFO - Setting next_dagrun for example_complex to None, run_after=None
[2022-09-10T17:25:19.574+0000] {processor.py:161} INFO - Processing /home/airflow/.local/lib/python3.7/site-packages/airflow/example_dags/example_complex.py took 0.062 seconds
[2022-09-10T17:25:50.584+0000] {processor.py:153} INFO - Started process (PID=1248) to work on /home/airflow/.local/lib/python3.7/site-packages/airflow/example_dags/example_complex.py
[2022-09-10T17:25:50.585+0000] {processor.py:640} INFO - Processing file /home/airflow/.local/lib/python3.7/site-packages/airflow/example_dags/example_complex.py for tasks to queue
[2022-09-10T17:25:50.586+0000] {logging_mixin.py:115} INFO - [2022-09-10T17:25:50.586+0000] {dagbag.py:508} INFO - Filling up the DagBag from /home/airflow/.local/lib/python3.7/site-packages/airflow/example_dags/example_complex.py
[2022-09-10T17:25:50.594+0000] {processor.py:650} INFO - DAG(s) dict_keys(['example_complex']) retrieved from /home/airflow/.local/lib/python3.7/site-packages/airflow/example_dags/example_complex.py
[2022-09-10T17:25:50.614+0000] {logging_mixin.py:115} INFO - [2022-09-10T17:25:50.614+0000] {dag.py:2429} INFO - Sync 1 DAGs
[2022-09-10T17:25:50.627+0000] {logging_mixin.py:115} INFO - [2022-09-10T17:25:50.627+0000] {dag.py:2981} INFO - Setting next_dagrun for example_complex to None, run_after=None
[2022-09-10T17:25:50.635+0000] {processor.py:161} INFO - Processing /home/airflow/.local/lib/python3.7/site-packages/airflow/example_dags/example_complex.py took 0.053 seconds
[2022-09-10T17:26:20.739+0000] {processor.py:153} INFO - Started process (PID=1311) to work on /home/airflow/.local/lib/python3.7/site-packages/airflow/example_dags/example_complex.py
[2022-09-10T17:26:20.740+0000] {processor.py:640} INFO - Processing file /home/airflow/.local/lib/python3.7/site-packages/airflow/example_dags/example_complex.py for tasks to queue
[2022-09-10T17:26:20.742+0000] {logging_mixin.py:115} INFO - [2022-09-10T17:26:20.741+0000] {dagbag.py:508} INFO - Filling up the DagBag from /home/airflow/.local/lib/python3.7/site-packages/airflow/example_dags/example_complex.py
[2022-09-10T17:26:20.749+0000] {processor.py:650} INFO - DAG(s) dict_keys(['example_complex']) retrieved from /home/airflow/.local/lib/python3.7/site-packages/airflow/example_dags/example_complex.py
[2022-09-10T17:26:20.769+0000] {logging_mixin.py:115} INFO - [2022-09-10T17:26:20.769+0000] {dag.py:2429} INFO - Sync 1 DAGs
[2022-09-10T17:26:20.781+0000] {logging_mixin.py:115} INFO - [2022-09-10T17:26:20.781+0000] {dag.py:2981} INFO - Setting next_dagrun for example_complex to None, run_after=None
[2022-09-10T17:26:20.788+0000] {processor.py:161} INFO - Processing /home/airflow/.local/lib/python3.7/site-packages/airflow/example_dags/example_complex.py took 0.052 seconds
[2022-09-10T17:26:50.899+0000] {processor.py:153} INFO - Started process (PID=1365) to work on /home/airflow/.local/lib/python3.7/site-packages/airflow/example_dags/example_complex.py
[2022-09-10T17:26:50.902+0000] {processor.py:640} INFO - Processing file /home/airflow/.local/lib/python3.7/site-packages/airflow/example_dags/example_complex.py for tasks to queue
[2022-09-10T17:26:50.905+0000] {logging_mixin.py:115} INFO - [2022-09-10T17:26:50.905+0000] {dagbag.py:508} INFO - Filling up the DagBag from /home/airflow/.local/lib/python3.7/site-packages/airflow/example_dags/example_complex.py
[2022-09-10T17:26:50.918+0000] {processor.py:650} INFO - DAG(s) dict_keys(['example_complex']) retrieved from /home/airflow/.local/lib/python3.7/site-packages/airflow/example_dags/example_complex.py
[2022-09-10T17:26:50.955+0000] {logging_mixin.py:115} INFO - [2022-09-10T17:26:50.954+0000] {dag.py:2429} INFO - Sync 1 DAGs
[2022-09-10T17:26:50.971+0000] {logging_mixin.py:115} INFO - [2022-09-10T17:26:50.971+0000] {dag.py:2981} INFO - Setting next_dagrun for example_complex to None, run_after=None
[2022-09-10T17:26:50.981+0000] {processor.py:161} INFO - Processing /home/airflow/.local/lib/python3.7/site-packages/airflow/example_dags/example_complex.py took 0.087 seconds
[2022-09-10T17:27:21.998+0000] {processor.py:153} INFO - Started process (PID=1429) to work on /home/airflow/.local/lib/python3.7/site-packages/airflow/example_dags/example_complex.py
[2022-09-10T17:27:22.000+0000] {processor.py:640} INFO - Processing file /home/airflow/.local/lib/python3.7/site-packages/airflow/example_dags/example_complex.py for tasks to queue
[2022-09-10T17:27:22.001+0000] {logging_mixin.py:115} INFO - [2022-09-10T17:27:22.001+0000] {dagbag.py:508} INFO - Filling up the DagBag from /home/airflow/.local/lib/python3.7/site-packages/airflow/example_dags/example_complex.py
[2022-09-10T17:27:22.011+0000] {processor.py:650} INFO - DAG(s) dict_keys(['example_complex']) retrieved from /home/airflow/.local/lib/python3.7/site-packages/airflow/example_dags/example_complex.py
[2022-09-10T17:27:22.032+0000] {logging_mixin.py:115} INFO - [2022-09-10T17:27:22.032+0000] {dag.py:2429} INFO - Sync 1 DAGs
[2022-09-10T17:27:22.044+0000] {logging_mixin.py:115} INFO - [2022-09-10T17:27:22.044+0000] {dag.py:2981} INFO - Setting next_dagrun for example_complex to None, run_after=None
[2022-09-10T17:27:22.051+0000] {processor.py:161} INFO - Processing /home/airflow/.local/lib/python3.7/site-packages/airflow/example_dags/example_complex.py took 0.057 seconds
[2022-09-10T17:27:52.121+0000] {processor.py:153} INFO - Started process (PID=1493) to work on /home/airflow/.local/lib/python3.7/site-packages/airflow/example_dags/example_complex.py
[2022-09-10T17:27:52.122+0000] {processor.py:640} INFO - Processing file /home/airflow/.local/lib/python3.7/site-packages/airflow/example_dags/example_complex.py for tasks to queue
[2022-09-10T17:27:52.123+0000] {logging_mixin.py:115} INFO - [2022-09-10T17:27:52.122+0000] {dagbag.py:508} INFO - Filling up the DagBag from /home/airflow/.local/lib/python3.7/site-packages/airflow/example_dags/example_complex.py
[2022-09-10T17:27:52.129+0000] {processor.py:650} INFO - DAG(s) dict_keys(['example_complex']) retrieved from /home/airflow/.local/lib/python3.7/site-packages/airflow/example_dags/example_complex.py
[2022-09-10T17:27:52.149+0000] {logging_mixin.py:115} INFO - [2022-09-10T17:27:52.149+0000] {dag.py:2429} INFO - Sync 1 DAGs
[2022-09-10T17:27:52.161+0000] {logging_mixin.py:115} INFO - [2022-09-10T17:27:52.161+0000] {dag.py:2981} INFO - Setting next_dagrun for example_complex to None, run_after=None
[2022-09-10T17:27:52.168+0000] {processor.py:161} INFO - Processing /home/airflow/.local/lib/python3.7/site-packages/airflow/example_dags/example_complex.py took 0.050 seconds
[2022-09-10T17:28:22.261+0000] {processor.py:153} INFO - Started process (PID=1556) to work on /home/airflow/.local/lib/python3.7/site-packages/airflow/example_dags/example_complex.py
[2022-09-10T17:28:22.262+0000] {processor.py:640} INFO - Processing file /home/airflow/.local/lib/python3.7/site-packages/airflow/example_dags/example_complex.py for tasks to queue
[2022-09-10T17:28:22.263+0000] {logging_mixin.py:115} INFO - [2022-09-10T17:28:22.263+0000] {dagbag.py:508} INFO - Filling up the DagBag from /home/airflow/.local/lib/python3.7/site-packages/airflow/example_dags/example_complex.py
[2022-09-10T17:28:22.270+0000] {processor.py:650} INFO - DAG(s) dict_keys(['example_complex']) retrieved from /home/airflow/.local/lib/python3.7/site-packages/airflow/example_dags/example_complex.py
[2022-09-10T17:28:22.288+0000] {logging_mixin.py:115} INFO - [2022-09-10T17:28:22.288+0000] {dag.py:2429} INFO - Sync 1 DAGs
[2022-09-10T17:28:22.299+0000] {logging_mixin.py:115} INFO - [2022-09-10T17:28:22.299+0000] {dag.py:2981} INFO - Setting next_dagrun for example_complex to None, run_after=None
[2022-09-10T17:28:22.305+0000] {processor.py:161} INFO - Processing /home/airflow/.local/lib/python3.7/site-packages/airflow/example_dags/example_complex.py took 0.047 seconds
[2022-09-10T17:28:52.894+0000] {processor.py:153} INFO - Started process (PID=1620) to work on /home/airflow/.local/lib/python3.7/site-packages/airflow/example_dags/example_complex.py
[2022-09-10T17:28:52.900+0000] {processor.py:640} INFO - Processing file /home/airflow/.local/lib/python3.7/site-packages/airflow/example_dags/example_complex.py for tasks to queue
[2022-09-10T17:28:52.901+0000] {logging_mixin.py:115} INFO - [2022-09-10T17:28:52.901+0000] {dagbag.py:508} INFO - Filling up the DagBag from /home/airflow/.local/lib/python3.7/site-packages/airflow/example_dags/example_complex.py
[2022-09-10T17:28:52.909+0000] {processor.py:650} INFO - DAG(s) dict_keys(['example_complex']) retrieved from /home/airflow/.local/lib/python3.7/site-packages/airflow/example_dags/example_complex.py
[2022-09-10T17:28:52.935+0000] {logging_mixin.py:115} INFO - [2022-09-10T17:28:52.935+0000] {dag.py:2429} INFO - Sync 1 DAGs
[2022-09-10T17:28:52.951+0000] {logging_mixin.py:115} INFO - [2022-09-10T17:28:52.951+0000] {dag.py:2981} INFO - Setting next_dagrun for example_complex to None, run_after=None
[2022-09-10T17:28:52.959+0000] {processor.py:161} INFO - Processing /home/airflow/.local/lib/python3.7/site-packages/airflow/example_dags/example_complex.py took 0.067 seconds
[2022-09-10T17:29:23.748+0000] {processor.py:153} INFO - Started process (PID=1674) to work on /home/airflow/.local/lib/python3.7/site-packages/airflow/example_dags/example_complex.py
[2022-09-10T17:29:23.749+0000] {processor.py:640} INFO - Processing file /home/airflow/.local/lib/python3.7/site-packages/airflow/example_dags/example_complex.py for tasks to queue
[2022-09-10T17:29:23.750+0000] {logging_mixin.py:115} INFO - [2022-09-10T17:29:23.750+0000] {dagbag.py:508} INFO - Filling up the DagBag from /home/airflow/.local/lib/python3.7/site-packages/airflow/example_dags/example_complex.py
[2022-09-10T17:29:23.758+0000] {processor.py:650} INFO - DAG(s) dict_keys(['example_complex']) retrieved from /home/airflow/.local/lib/python3.7/site-packages/airflow/example_dags/example_complex.py
[2022-09-10T17:29:23.790+0000] {logging_mixin.py:115} INFO - [2022-09-10T17:29:23.790+0000] {dag.py:2429} INFO - Sync 1 DAGs
[2022-09-10T17:29:23.808+0000] {logging_mixin.py:115} INFO - [2022-09-10T17:29:23.808+0000] {dag.py:2981} INFO - Setting next_dagrun for example_complex to None, run_after=None
[2022-09-10T17:29:23.827+0000] {processor.py:161} INFO - Processing /home/airflow/.local/lib/python3.7/site-packages/airflow/example_dags/example_complex.py took 0.082 seconds
[2022-09-10T17:29:53.917+0000] {processor.py:153} INFO - Started process (PID=1735) to work on /home/airflow/.local/lib/python3.7/site-packages/airflow/example_dags/example_complex.py
[2022-09-10T17:29:53.919+0000] {processor.py:640} INFO - Processing file /home/airflow/.local/lib/python3.7/site-packages/airflow/example_dags/example_complex.py for tasks to queue
[2022-09-10T17:29:53.920+0000] {logging_mixin.py:115} INFO - [2022-09-10T17:29:53.920+0000] {dagbag.py:508} INFO - Filling up the DagBag from /home/airflow/.local/lib/python3.7/site-packages/airflow/example_dags/example_complex.py
[2022-09-10T17:29:53.928+0000] {processor.py:650} INFO - DAG(s) dict_keys(['example_complex']) retrieved from /home/airflow/.local/lib/python3.7/site-packages/airflow/example_dags/example_complex.py
[2022-09-10T17:29:53.946+0000] {logging_mixin.py:115} INFO - [2022-09-10T17:29:53.946+0000] {dag.py:2429} INFO - Sync 1 DAGs
[2022-09-10T17:29:53.958+0000] {logging_mixin.py:115} INFO - [2022-09-10T17:29:53.958+0000] {dag.py:2981} INFO - Setting next_dagrun for example_complex to None, run_after=None
[2022-09-10T17:29:53.964+0000] {processor.py:161} INFO - Processing /home/airflow/.local/lib/python3.7/site-packages/airflow/example_dags/example_complex.py took 0.049 seconds
[2022-09-10T17:30:24.429+0000] {processor.py:153} INFO - Started process (PID=1798) to work on /home/airflow/.local/lib/python3.7/site-packages/airflow/example_dags/example_complex.py
[2022-09-10T17:30:24.431+0000] {processor.py:640} INFO - Processing file /home/airflow/.local/lib/python3.7/site-packages/airflow/example_dags/example_complex.py for tasks to queue
[2022-09-10T17:30:24.437+0000] {logging_mixin.py:115} INFO - [2022-09-10T17:30:24.437+0000] {dagbag.py:508} INFO - Filling up the DagBag from /home/airflow/.local/lib/python3.7/site-packages/airflow/example_dags/example_complex.py
[2022-09-10T17:30:24.445+0000] {processor.py:650} INFO - DAG(s) dict_keys(['example_complex']) retrieved from /home/airflow/.local/lib/python3.7/site-packages/airflow/example_dags/example_complex.py
[2022-09-10T17:30:24.466+0000] {logging_mixin.py:115} INFO - [2022-09-10T17:30:24.466+0000] {dag.py:2429} INFO - Sync 1 DAGs
[2022-09-10T17:30:24.480+0000] {logging_mixin.py:115} INFO - [2022-09-10T17:30:24.480+0000] {dag.py:2981} INFO - Setting next_dagrun for example_complex to None, run_after=None
[2022-09-10T17:30:24.487+0000] {processor.py:161} INFO - Processing /home/airflow/.local/lib/python3.7/site-packages/airflow/example_dags/example_complex.py took 0.061 seconds
