[2022-09-10T17:06:38.410+0000] {processor.py:153} INFO - Started process (PID=51) to work on /home/airflow/.local/lib/python3.7/site-packages/airflow/example_dags/example_branch_labels.py
[2022-09-10T17:06:38.423+0000] {processor.py:640} INFO - Processing file /home/airflow/.local/lib/python3.7/site-packages/airflow/example_dags/example_branch_labels.py for tasks to queue
[2022-09-10T17:06:38.425+0000] {logging_mixin.py:115} INFO - [2022-09-10T17:06:38.425+0000] {dagbag.py:508} INFO - Filling up the DagBag from /home/airflow/.local/lib/python3.7/site-packages/airflow/example_dags/example_branch_labels.py
[2022-09-10T17:06:38.444+0000] {processor.py:650} INFO - DAG(s) dict_keys(['example_branch_labels']) retrieved from /home/airflow/.local/lib/python3.7/site-packages/airflow/example_dags/example_branch_labels.py
[2022-09-10T17:06:38.554+0000] {logging_mixin.py:115} INFO - [2022-09-10T17:06:38.553+0000] {manager.py:508} INFO - Created Permission View: can edit on DAG:example_branch_labels
[2022-09-10T17:06:38.565+0000] {logging_mixin.py:115} INFO - [2022-09-10T17:06:38.564+0000] {manager.py:508} INFO - Created Permission View: can delete on DAG:example_branch_labels
[2022-09-10T17:06:38.575+0000] {logging_mixin.py:115} INFO - [2022-09-10T17:06:38.575+0000] {manager.py:508} INFO - Created Permission View: can read on DAG:example_branch_labels
[2022-09-10T17:06:38.576+0000] {logging_mixin.py:115} INFO - [2022-09-10T17:06:38.576+0000] {dag.py:2429} INFO - Sync 1 DAGs
[2022-09-10T17:06:38.590+0000] {logging_mixin.py:115} INFO - [2022-09-10T17:06:38.590+0000] {dag.py:2448} INFO - Creating ORM DAG for example_branch_labels
[2022-09-10T17:06:38.607+0000] {logging_mixin.py:115} INFO - [2022-09-10T17:06:38.607+0000] {dag.py:2981} INFO - Setting next_dagrun for example_branch_labels to 2022-09-09T00:00:00+00:00, run_after=2022-09-10T00:00:00+00:00
[2022-09-10T17:06:38.624+0000] {processor.py:161} INFO - Processing /home/airflow/.local/lib/python3.7/site-packages/airflow/example_dags/example_branch_labels.py took 0.221 seconds
[2022-09-10T17:07:09.544+0000] {processor.py:153} INFO - Started process (PID=115) to work on /home/airflow/.local/lib/python3.7/site-packages/airflow/example_dags/example_branch_labels.py
[2022-09-10T17:07:09.547+0000] {processor.py:640} INFO - Processing file /home/airflow/.local/lib/python3.7/site-packages/airflow/example_dags/example_branch_labels.py for tasks to queue
[2022-09-10T17:07:09.559+0000] {logging_mixin.py:115} INFO - [2022-09-10T17:07:09.559+0000] {dagbag.py:508} INFO - Filling up the DagBag from /home/airflow/.local/lib/python3.7/site-packages/airflow/example_dags/example_branch_labels.py
[2022-09-10T17:07:09.581+0000] {processor.py:650} INFO - DAG(s) dict_keys(['example_branch_labels']) retrieved from /home/airflow/.local/lib/python3.7/site-packages/airflow/example_dags/example_branch_labels.py
[2022-09-10T17:07:09.633+0000] {logging_mixin.py:115} INFO - [2022-09-10T17:07:09.633+0000] {dag.py:2429} INFO - Sync 1 DAGs
[2022-09-10T17:07:09.671+0000] {logging_mixin.py:115} INFO - [2022-09-10T17:07:09.671+0000] {dag.py:2981} INFO - Setting next_dagrun for example_branch_labels to 2022-09-09T00:00:00+00:00, run_after=2022-09-10T00:00:00+00:00
[2022-09-10T17:07:09.717+0000] {processor.py:161} INFO - Processing /home/airflow/.local/lib/python3.7/site-packages/airflow/example_dags/example_branch_labels.py took 0.176 seconds
[2022-09-10T17:07:39.783+0000] {processor.py:153} INFO - Started process (PID=169) to work on /home/airflow/.local/lib/python3.7/site-packages/airflow/example_dags/example_branch_labels.py
[2022-09-10T17:07:39.785+0000] {processor.py:640} INFO - Processing file /home/airflow/.local/lib/python3.7/site-packages/airflow/example_dags/example_branch_labels.py for tasks to queue
[2022-09-10T17:07:39.786+0000] {logging_mixin.py:115} INFO - [2022-09-10T17:07:39.786+0000] {dagbag.py:508} INFO - Filling up the DagBag from /home/airflow/.local/lib/python3.7/site-packages/airflow/example_dags/example_branch_labels.py
[2022-09-10T17:07:39.793+0000] {processor.py:650} INFO - DAG(s) dict_keys(['example_branch_labels']) retrieved from /home/airflow/.local/lib/python3.7/site-packages/airflow/example_dags/example_branch_labels.py
[2022-09-10T17:07:39.813+0000] {logging_mixin.py:115} INFO - [2022-09-10T17:07:39.813+0000] {dag.py:2429} INFO - Sync 1 DAGs
[2022-09-10T17:07:39.826+0000] {logging_mixin.py:115} INFO - [2022-09-10T17:07:39.826+0000] {dag.py:2981} INFO - Setting next_dagrun for example_branch_labels to 2022-09-09T00:00:00+00:00, run_after=2022-09-10T00:00:00+00:00
[2022-09-10T17:07:39.834+0000] {processor.py:161} INFO - Processing /home/airflow/.local/lib/python3.7/site-packages/airflow/example_dags/example_branch_labels.py took 0.054 seconds
[2022-09-10T17:08:10.582+0000] {processor.py:153} INFO - Started process (PID=232) to work on /home/airflow/.local/lib/python3.7/site-packages/airflow/example_dags/example_branch_labels.py
[2022-09-10T17:08:10.585+0000] {processor.py:640} INFO - Processing file /home/airflow/.local/lib/python3.7/site-packages/airflow/example_dags/example_branch_labels.py for tasks to queue
[2022-09-10T17:08:10.587+0000] {logging_mixin.py:115} INFO - [2022-09-10T17:08:10.587+0000] {dagbag.py:508} INFO - Filling up the DagBag from /home/airflow/.local/lib/python3.7/site-packages/airflow/example_dags/example_branch_labels.py
[2022-09-10T17:08:10.596+0000] {processor.py:650} INFO - DAG(s) dict_keys(['example_branch_labels']) retrieved from /home/airflow/.local/lib/python3.7/site-packages/airflow/example_dags/example_branch_labels.py
[2022-09-10T17:08:10.620+0000] {logging_mixin.py:115} INFO - [2022-09-10T17:08:10.620+0000] {dag.py:2429} INFO - Sync 1 DAGs
[2022-09-10T17:08:10.635+0000] {logging_mixin.py:115} INFO - [2022-09-10T17:08:10.635+0000] {dag.py:2981} INFO - Setting next_dagrun for example_branch_labels to 2022-09-09T00:00:00+00:00, run_after=2022-09-10T00:00:00+00:00
[2022-09-10T17:08:10.644+0000] {processor.py:161} INFO - Processing /home/airflow/.local/lib/python3.7/site-packages/airflow/example_dags/example_branch_labels.py took 0.066 seconds
[2022-09-10T17:08:41.495+0000] {processor.py:153} INFO - Started process (PID=294) to work on /home/airflow/.local/lib/python3.7/site-packages/airflow/example_dags/example_branch_labels.py
[2022-09-10T17:08:41.497+0000] {processor.py:640} INFO - Processing file /home/airflow/.local/lib/python3.7/site-packages/airflow/example_dags/example_branch_labels.py for tasks to queue
[2022-09-10T17:08:41.499+0000] {logging_mixin.py:115} INFO - [2022-09-10T17:08:41.499+0000] {dagbag.py:508} INFO - Filling up the DagBag from /home/airflow/.local/lib/python3.7/site-packages/airflow/example_dags/example_branch_labels.py
[2022-09-10T17:08:41.505+0000] {processor.py:650} INFO - DAG(s) dict_keys(['example_branch_labels']) retrieved from /home/airflow/.local/lib/python3.7/site-packages/airflow/example_dags/example_branch_labels.py
[2022-09-10T17:08:41.530+0000] {logging_mixin.py:115} INFO - [2022-09-10T17:08:41.530+0000] {dag.py:2429} INFO - Sync 1 DAGs
[2022-09-10T17:08:41.544+0000] {logging_mixin.py:115} INFO - [2022-09-10T17:08:41.544+0000] {dag.py:2981} INFO - Setting next_dagrun for example_branch_labels to 2022-09-09T00:00:00+00:00, run_after=2022-09-10T00:00:00+00:00
[2022-09-10T17:08:41.551+0000] {processor.py:161} INFO - Processing /home/airflow/.local/lib/python3.7/site-packages/airflow/example_dags/example_branch_labels.py took 0.058 seconds
[2022-09-10T17:09:12.325+0000] {processor.py:153} INFO - Started process (PID=358) to work on /home/airflow/.local/lib/python3.7/site-packages/airflow/example_dags/example_branch_labels.py
[2022-09-10T17:09:12.327+0000] {processor.py:640} INFO - Processing file /home/airflow/.local/lib/python3.7/site-packages/airflow/example_dags/example_branch_labels.py for tasks to queue
[2022-09-10T17:09:12.328+0000] {logging_mixin.py:115} INFO - [2022-09-10T17:09:12.328+0000] {dagbag.py:508} INFO - Filling up the DagBag from /home/airflow/.local/lib/python3.7/site-packages/airflow/example_dags/example_branch_labels.py
[2022-09-10T17:09:12.336+0000] {processor.py:650} INFO - DAG(s) dict_keys(['example_branch_labels']) retrieved from /home/airflow/.local/lib/python3.7/site-packages/airflow/example_dags/example_branch_labels.py
[2022-09-10T17:09:12.361+0000] {logging_mixin.py:115} INFO - [2022-09-10T17:09:12.360+0000] {dag.py:2429} INFO - Sync 1 DAGs
[2022-09-10T17:09:12.374+0000] {logging_mixin.py:115} INFO - [2022-09-10T17:09:12.374+0000] {dag.py:2981} INFO - Setting next_dagrun for example_branch_labels to 2022-09-09T00:00:00+00:00, run_after=2022-09-10T00:00:00+00:00
[2022-09-10T17:09:12.381+0000] {processor.py:161} INFO - Processing /home/airflow/.local/lib/python3.7/site-packages/airflow/example_dags/example_branch_labels.py took 0.061 seconds
[2022-09-10T17:09:43.155+0000] {processor.py:153} INFO - Started process (PID=422) to work on /home/airflow/.local/lib/python3.7/site-packages/airflow/example_dags/example_branch_labels.py
[2022-09-10T17:09:43.156+0000] {processor.py:640} INFO - Processing file /home/airflow/.local/lib/python3.7/site-packages/airflow/example_dags/example_branch_labels.py for tasks to queue
[2022-09-10T17:09:43.157+0000] {logging_mixin.py:115} INFO - [2022-09-10T17:09:43.157+0000] {dagbag.py:508} INFO - Filling up the DagBag from /home/airflow/.local/lib/python3.7/site-packages/airflow/example_dags/example_branch_labels.py
[2022-09-10T17:09:43.161+0000] {processor.py:650} INFO - DAG(s) dict_keys(['example_branch_labels']) retrieved from /home/airflow/.local/lib/python3.7/site-packages/airflow/example_dags/example_branch_labels.py
[2022-09-10T17:09:43.178+0000] {logging_mixin.py:115} INFO - [2022-09-10T17:09:43.178+0000] {dag.py:2429} INFO - Sync 1 DAGs
[2022-09-10T17:09:43.191+0000] {logging_mixin.py:115} INFO - [2022-09-10T17:09:43.191+0000] {dag.py:2981} INFO - Setting next_dagrun for example_branch_labels to 2022-09-09T00:00:00+00:00, run_after=2022-09-10T00:00:00+00:00
[2022-09-10T17:09:43.198+0000] {processor.py:161} INFO - Processing /home/airflow/.local/lib/python3.7/site-packages/airflow/example_dags/example_branch_labels.py took 0.045 seconds
[2022-09-10T17:10:13.980+0000] {processor.py:153} INFO - Started process (PID=484) to work on /home/airflow/.local/lib/python3.7/site-packages/airflow/example_dags/example_branch_labels.py
[2022-09-10T17:10:13.982+0000] {processor.py:640} INFO - Processing file /home/airflow/.local/lib/python3.7/site-packages/airflow/example_dags/example_branch_labels.py for tasks to queue
[2022-09-10T17:10:13.983+0000] {logging_mixin.py:115} INFO - [2022-09-10T17:10:13.983+0000] {dagbag.py:508} INFO - Filling up the DagBag from /home/airflow/.local/lib/python3.7/site-packages/airflow/example_dags/example_branch_labels.py
[2022-09-10T17:10:13.990+0000] {processor.py:650} INFO - DAG(s) dict_keys(['example_branch_labels']) retrieved from /home/airflow/.local/lib/python3.7/site-packages/airflow/example_dags/example_branch_labels.py
[2022-09-10T17:10:14.012+0000] {logging_mixin.py:115} INFO - [2022-09-10T17:10:14.011+0000] {dag.py:2429} INFO - Sync 1 DAGs
[2022-09-10T17:10:14.028+0000] {logging_mixin.py:115} INFO - [2022-09-10T17:10:14.028+0000] {dag.py:2981} INFO - Setting next_dagrun for example_branch_labels to 2022-09-09T00:00:00+00:00, run_after=2022-09-10T00:00:00+00:00
[2022-09-10T17:10:14.036+0000] {processor.py:161} INFO - Processing /home/airflow/.local/lib/python3.7/site-packages/airflow/example_dags/example_branch_labels.py took 0.059 seconds
[2022-09-10T17:10:44.997+0000] {processor.py:153} INFO - Started process (PID=540) to work on /home/airflow/.local/lib/python3.7/site-packages/airflow/example_dags/example_branch_labels.py
[2022-09-10T17:10:44.999+0000] {processor.py:640} INFO - Processing file /home/airflow/.local/lib/python3.7/site-packages/airflow/example_dags/example_branch_labels.py for tasks to queue
[2022-09-10T17:10:45.001+0000] {logging_mixin.py:115} INFO - [2022-09-10T17:10:45.001+0000] {dagbag.py:508} INFO - Filling up the DagBag from /home/airflow/.local/lib/python3.7/site-packages/airflow/example_dags/example_branch_labels.py
[2022-09-10T17:10:45.009+0000] {processor.py:650} INFO - DAG(s) dict_keys(['example_branch_labels']) retrieved from /home/airflow/.local/lib/python3.7/site-packages/airflow/example_dags/example_branch_labels.py
[2022-09-10T17:10:45.033+0000] {logging_mixin.py:115} INFO - [2022-09-10T17:10:45.032+0000] {dag.py:2429} INFO - Sync 1 DAGs
[2022-09-10T17:10:45.047+0000] {logging_mixin.py:115} INFO - [2022-09-10T17:10:45.047+0000] {dag.py:2981} INFO - Setting next_dagrun for example_branch_labels to 2022-09-09T00:00:00+00:00, run_after=2022-09-10T00:00:00+00:00
[2022-09-10T17:10:45.054+0000] {processor.py:161} INFO - Processing /home/airflow/.local/lib/python3.7/site-packages/airflow/example_dags/example_branch_labels.py took 0.061 seconds
[2022-09-10T17:12:57.110+0000] {processor.py:153} INFO - Started process (PID=41) to work on /home/airflow/.local/lib/python3.7/site-packages/airflow/example_dags/example_branch_labels.py
[2022-09-10T17:12:57.113+0000] {processor.py:640} INFO - Processing file /home/airflow/.local/lib/python3.7/site-packages/airflow/example_dags/example_branch_labels.py for tasks to queue
[2022-09-10T17:12:57.115+0000] {logging_mixin.py:115} INFO - [2022-09-10T17:12:57.115+0000] {dagbag.py:508} INFO - Filling up the DagBag from /home/airflow/.local/lib/python3.7/site-packages/airflow/example_dags/example_branch_labels.py
[2022-09-10T17:12:57.130+0000] {processor.py:650} INFO - DAG(s) dict_keys(['example_branch_labels']) retrieved from /home/airflow/.local/lib/python3.7/site-packages/airflow/example_dags/example_branch_labels.py
[2022-09-10T17:12:57.166+0000] {logging_mixin.py:115} INFO - [2022-09-10T17:12:57.166+0000] {dag.py:2429} INFO - Sync 1 DAGs
[2022-09-10T17:12:57.195+0000] {logging_mixin.py:115} INFO - [2022-09-10T17:12:57.195+0000] {dag.py:2981} INFO - Setting next_dagrun for example_branch_labels to 2022-09-09T00:00:00+00:00, run_after=2022-09-10T00:00:00+00:00
[2022-09-10T17:12:57.214+0000] {processor.py:161} INFO - Processing /home/airflow/.local/lib/python3.7/site-packages/airflow/example_dags/example_branch_labels.py took 0.110 seconds
[2022-09-10T17:13:29.480+0000] {processor.py:153} INFO - Started process (PID=103) to work on /home/airflow/.local/lib/python3.7/site-packages/airflow/example_dags/example_branch_labels.py
[2022-09-10T17:13:29.486+0000] {processor.py:640} INFO - Processing file /home/airflow/.local/lib/python3.7/site-packages/airflow/example_dags/example_branch_labels.py for tasks to queue
[2022-09-10T17:13:29.490+0000] {logging_mixin.py:115} INFO - [2022-09-10T17:13:29.490+0000] {dagbag.py:508} INFO - Filling up the DagBag from /home/airflow/.local/lib/python3.7/site-packages/airflow/example_dags/example_branch_labels.py
[2022-09-10T17:13:29.500+0000] {processor.py:650} INFO - DAG(s) dict_keys(['example_branch_labels']) retrieved from /home/airflow/.local/lib/python3.7/site-packages/airflow/example_dags/example_branch_labels.py
[2022-09-10T17:13:29.534+0000] {logging_mixin.py:115} INFO - [2022-09-10T17:13:29.534+0000] {dag.py:2429} INFO - Sync 1 DAGs
[2022-09-10T17:13:29.555+0000] {logging_mixin.py:115} INFO - [2022-09-10T17:13:29.555+0000] {dag.py:2981} INFO - Setting next_dagrun for example_branch_labels to 2022-09-09T00:00:00+00:00, run_after=2022-09-10T00:00:00+00:00
[2022-09-10T17:13:29.572+0000] {processor.py:161} INFO - Processing /home/airflow/.local/lib/python3.7/site-packages/airflow/example_dags/example_branch_labels.py took 0.097 seconds
[2022-09-10T17:13:59.857+0000] {processor.py:153} INFO - Started process (PID=157) to work on /home/airflow/.local/lib/python3.7/site-packages/airflow/example_dags/example_branch_labels.py
[2022-09-10T17:13:59.861+0000] {processor.py:640} INFO - Processing file /home/airflow/.local/lib/python3.7/site-packages/airflow/example_dags/example_branch_labels.py for tasks to queue
[2022-09-10T17:13:59.863+0000] {logging_mixin.py:115} INFO - [2022-09-10T17:13:59.863+0000] {dagbag.py:508} INFO - Filling up the DagBag from /home/airflow/.local/lib/python3.7/site-packages/airflow/example_dags/example_branch_labels.py
[2022-09-10T17:13:59.871+0000] {processor.py:650} INFO - DAG(s) dict_keys(['example_branch_labels']) retrieved from /home/airflow/.local/lib/python3.7/site-packages/airflow/example_dags/example_branch_labels.py
[2022-09-10T17:13:59.904+0000] {logging_mixin.py:115} INFO - [2022-09-10T17:13:59.904+0000] {dag.py:2429} INFO - Sync 1 DAGs
[2022-09-10T17:13:59.926+0000] {logging_mixin.py:115} INFO - [2022-09-10T17:13:59.926+0000] {dag.py:2981} INFO - Setting next_dagrun for example_branch_labels to 2022-09-09T00:00:00+00:00, run_after=2022-09-10T00:00:00+00:00
[2022-09-10T17:13:59.942+0000] {processor.py:161} INFO - Processing /home/airflow/.local/lib/python3.7/site-packages/airflow/example_dags/example_branch_labels.py took 0.094 seconds
[2022-09-10T17:16:03.959+0000] {processor.py:153} INFO - Started process (PID=54) to work on /home/airflow/.local/lib/python3.7/site-packages/airflow/example_dags/example_branch_labels.py
[2022-09-10T17:16:03.962+0000] {processor.py:640} INFO - Processing file /home/airflow/.local/lib/python3.7/site-packages/airflow/example_dags/example_branch_labels.py for tasks to queue
[2022-09-10T17:16:03.964+0000] {logging_mixin.py:115} INFO - [2022-09-10T17:16:03.963+0000] {dagbag.py:508} INFO - Filling up the DagBag from /home/airflow/.local/lib/python3.7/site-packages/airflow/example_dags/example_branch_labels.py
[2022-09-10T17:16:03.973+0000] {processor.py:650} INFO - DAG(s) dict_keys(['example_branch_labels']) retrieved from /home/airflow/.local/lib/python3.7/site-packages/airflow/example_dags/example_branch_labels.py
[2022-09-10T17:16:03.998+0000] {logging_mixin.py:115} INFO - [2022-09-10T17:16:03.998+0000] {dag.py:2429} INFO - Sync 1 DAGs
[2022-09-10T17:16:04.015+0000] {logging_mixin.py:115} INFO - [2022-09-10T17:16:04.015+0000] {dag.py:2981} INFO - Setting next_dagrun for example_branch_labels to 2022-09-09T00:00:00+00:00, run_after=2022-09-10T00:00:00+00:00
[2022-09-10T17:16:04.025+0000] {processor.py:161} INFO - Processing /home/airflow/.local/lib/python3.7/site-packages/airflow/example_dags/example_branch_labels.py took 0.070 seconds
[2022-09-10T17:16:34.551+0000] {processor.py:153} INFO - Started process (PID=116) to work on /home/airflow/.local/lib/python3.7/site-packages/airflow/example_dags/example_branch_labels.py
[2022-09-10T17:16:34.557+0000] {processor.py:640} INFO - Processing file /home/airflow/.local/lib/python3.7/site-packages/airflow/example_dags/example_branch_labels.py for tasks to queue
[2022-09-10T17:16:34.559+0000] {logging_mixin.py:115} INFO - [2022-09-10T17:16:34.558+0000] {dagbag.py:508} INFO - Filling up the DagBag from /home/airflow/.local/lib/python3.7/site-packages/airflow/example_dags/example_branch_labels.py
[2022-09-10T17:16:34.569+0000] {processor.py:650} INFO - DAG(s) dict_keys(['example_branch_labels']) retrieved from /home/airflow/.local/lib/python3.7/site-packages/airflow/example_dags/example_branch_labels.py
[2022-09-10T17:16:34.605+0000] {logging_mixin.py:115} INFO - [2022-09-10T17:16:34.605+0000] {dag.py:2429} INFO - Sync 1 DAGs
[2022-09-10T17:16:34.627+0000] {logging_mixin.py:115} INFO - [2022-09-10T17:16:34.627+0000] {dag.py:2981} INFO - Setting next_dagrun for example_branch_labels to 2022-09-09T00:00:00+00:00, run_after=2022-09-10T00:00:00+00:00
[2022-09-10T17:16:34.638+0000] {processor.py:161} INFO - Processing /home/airflow/.local/lib/python3.7/site-packages/airflow/example_dags/example_branch_labels.py took 0.091 seconds
[2022-09-10T17:17:04.707+0000] {processor.py:153} INFO - Started process (PID=170) to work on /home/airflow/.local/lib/python3.7/site-packages/airflow/example_dags/example_branch_labels.py
[2022-09-10T17:17:04.709+0000] {processor.py:640} INFO - Processing file /home/airflow/.local/lib/python3.7/site-packages/airflow/example_dags/example_branch_labels.py for tasks to queue
[2022-09-10T17:17:04.710+0000] {logging_mixin.py:115} INFO - [2022-09-10T17:17:04.710+0000] {dagbag.py:508} INFO - Filling up the DagBag from /home/airflow/.local/lib/python3.7/site-packages/airflow/example_dags/example_branch_labels.py
[2022-09-10T17:17:04.715+0000] {processor.py:650} INFO - DAG(s) dict_keys(['example_branch_labels']) retrieved from /home/airflow/.local/lib/python3.7/site-packages/airflow/example_dags/example_branch_labels.py
[2022-09-10T17:17:04.734+0000] {logging_mixin.py:115} INFO - [2022-09-10T17:17:04.734+0000] {dag.py:2429} INFO - Sync 1 DAGs
[2022-09-10T17:17:04.749+0000] {logging_mixin.py:115} INFO - [2022-09-10T17:17:04.749+0000] {dag.py:2981} INFO - Setting next_dagrun for example_branch_labels to 2022-09-09T00:00:00+00:00, run_after=2022-09-10T00:00:00+00:00
[2022-09-10T17:17:04.756+0000] {processor.py:161} INFO - Processing /home/airflow/.local/lib/python3.7/site-packages/airflow/example_dags/example_branch_labels.py took 0.051 seconds
[2022-09-10T17:17:34.826+0000] {processor.py:153} INFO - Started process (PID=232) to work on /home/airflow/.local/lib/python3.7/site-packages/airflow/example_dags/example_branch_labels.py
[2022-09-10T17:17:34.828+0000] {processor.py:640} INFO - Processing file /home/airflow/.local/lib/python3.7/site-packages/airflow/example_dags/example_branch_labels.py for tasks to queue
[2022-09-10T17:17:34.829+0000] {logging_mixin.py:115} INFO - [2022-09-10T17:17:34.829+0000] {dagbag.py:508} INFO - Filling up the DagBag from /home/airflow/.local/lib/python3.7/site-packages/airflow/example_dags/example_branch_labels.py
[2022-09-10T17:17:34.834+0000] {processor.py:650} INFO - DAG(s) dict_keys(['example_branch_labels']) retrieved from /home/airflow/.local/lib/python3.7/site-packages/airflow/example_dags/example_branch_labels.py
[2022-09-10T17:17:34.849+0000] {logging_mixin.py:115} INFO - [2022-09-10T17:17:34.848+0000] {dag.py:2429} INFO - Sync 1 DAGs
[2022-09-10T17:17:34.862+0000] {logging_mixin.py:115} INFO - [2022-09-10T17:17:34.862+0000] {dag.py:2981} INFO - Setting next_dagrun for example_branch_labels to 2022-09-09T00:00:00+00:00, run_after=2022-09-10T00:00:00+00:00
[2022-09-10T17:17:34.870+0000] {processor.py:161} INFO - Processing /home/airflow/.local/lib/python3.7/site-packages/airflow/example_dags/example_branch_labels.py took 0.046 seconds
[2022-09-10T17:18:05.066+0000] {processor.py:153} INFO - Started process (PID=295) to work on /home/airflow/.local/lib/python3.7/site-packages/airflow/example_dags/example_branch_labels.py
[2022-09-10T17:18:05.067+0000] {processor.py:640} INFO - Processing file /home/airflow/.local/lib/python3.7/site-packages/airflow/example_dags/example_branch_labels.py for tasks to queue
[2022-09-10T17:18:05.068+0000] {logging_mixin.py:115} INFO - [2022-09-10T17:18:05.068+0000] {dagbag.py:508} INFO - Filling up the DagBag from /home/airflow/.local/lib/python3.7/site-packages/airflow/example_dags/example_branch_labels.py
[2022-09-10T17:18:05.073+0000] {processor.py:650} INFO - DAG(s) dict_keys(['example_branch_labels']) retrieved from /home/airflow/.local/lib/python3.7/site-packages/airflow/example_dags/example_branch_labels.py
[2022-09-10T17:18:05.091+0000] {logging_mixin.py:115} INFO - [2022-09-10T17:18:05.091+0000] {dag.py:2429} INFO - Sync 1 DAGs
[2022-09-10T17:18:05.107+0000] {logging_mixin.py:115} INFO - [2022-09-10T17:18:05.107+0000] {dag.py:2981} INFO - Setting next_dagrun for example_branch_labels to 2022-09-09T00:00:00+00:00, run_after=2022-09-10T00:00:00+00:00
[2022-09-10T17:18:05.115+0000] {processor.py:161} INFO - Processing /home/airflow/.local/lib/python3.7/site-packages/airflow/example_dags/example_branch_labels.py took 0.052 seconds
[2022-09-10T17:18:36.232+0000] {processor.py:153} INFO - Started process (PID=360) to work on /home/airflow/.local/lib/python3.7/site-packages/airflow/example_dags/example_branch_labels.py
[2022-09-10T17:18:36.234+0000] {processor.py:640} INFO - Processing file /home/airflow/.local/lib/python3.7/site-packages/airflow/example_dags/example_branch_labels.py for tasks to queue
[2022-09-10T17:18:36.236+0000] {logging_mixin.py:115} INFO - [2022-09-10T17:18:36.236+0000] {dagbag.py:508} INFO - Filling up the DagBag from /home/airflow/.local/lib/python3.7/site-packages/airflow/example_dags/example_branch_labels.py
[2022-09-10T17:18:36.241+0000] {processor.py:650} INFO - DAG(s) dict_keys(['example_branch_labels']) retrieved from /home/airflow/.local/lib/python3.7/site-packages/airflow/example_dags/example_branch_labels.py
[2022-09-10T17:18:36.263+0000] {logging_mixin.py:115} INFO - [2022-09-10T17:18:36.263+0000] {dag.py:2429} INFO - Sync 1 DAGs
[2022-09-10T17:18:36.279+0000] {logging_mixin.py:115} INFO - [2022-09-10T17:18:36.279+0000] {dag.py:2981} INFO - Setting next_dagrun for example_branch_labels to 2022-09-09T00:00:00+00:00, run_after=2022-09-10T00:00:00+00:00
[2022-09-10T17:18:36.286+0000] {processor.py:161} INFO - Processing /home/airflow/.local/lib/python3.7/site-packages/airflow/example_dags/example_branch_labels.py took 0.056 seconds
[2022-09-10T17:19:07.386+0000] {processor.py:153} INFO - Started process (PID=423) to work on /home/airflow/.local/lib/python3.7/site-packages/airflow/example_dags/example_branch_labels.py
[2022-09-10T17:19:07.389+0000] {processor.py:640} INFO - Processing file /home/airflow/.local/lib/python3.7/site-packages/airflow/example_dags/example_branch_labels.py for tasks to queue
[2022-09-10T17:19:07.390+0000] {logging_mixin.py:115} INFO - [2022-09-10T17:19:07.390+0000] {dagbag.py:508} INFO - Filling up the DagBag from /home/airflow/.local/lib/python3.7/site-packages/airflow/example_dags/example_branch_labels.py
[2022-09-10T17:19:07.395+0000] {processor.py:650} INFO - DAG(s) dict_keys(['example_branch_labels']) retrieved from /home/airflow/.local/lib/python3.7/site-packages/airflow/example_dags/example_branch_labels.py
[2022-09-10T17:19:07.415+0000] {logging_mixin.py:115} INFO - [2022-09-10T17:19:07.414+0000] {dag.py:2429} INFO - Sync 1 DAGs
[2022-09-10T17:19:07.432+0000] {logging_mixin.py:115} INFO - [2022-09-10T17:19:07.432+0000] {dag.py:2981} INFO - Setting next_dagrun for example_branch_labels to 2022-09-09T00:00:00+00:00, run_after=2022-09-10T00:00:00+00:00
[2022-09-10T17:19:07.440+0000] {processor.py:161} INFO - Processing /home/airflow/.local/lib/python3.7/site-packages/airflow/example_dags/example_branch_labels.py took 0.057 seconds
[2022-09-10T17:19:37.664+0000] {processor.py:153} INFO - Started process (PID=485) to work on /home/airflow/.local/lib/python3.7/site-packages/airflow/example_dags/example_branch_labels.py
[2022-09-10T17:19:37.667+0000] {processor.py:640} INFO - Processing file /home/airflow/.local/lib/python3.7/site-packages/airflow/example_dags/example_branch_labels.py for tasks to queue
[2022-09-10T17:19:37.670+0000] {logging_mixin.py:115} INFO - [2022-09-10T17:19:37.669+0000] {dagbag.py:508} INFO - Filling up the DagBag from /home/airflow/.local/lib/python3.7/site-packages/airflow/example_dags/example_branch_labels.py
[2022-09-10T17:19:37.676+0000] {processor.py:650} INFO - DAG(s) dict_keys(['example_branch_labels']) retrieved from /home/airflow/.local/lib/python3.7/site-packages/airflow/example_dags/example_branch_labels.py
[2022-09-10T17:19:37.700+0000] {logging_mixin.py:115} INFO - [2022-09-10T17:19:37.700+0000] {dag.py:2429} INFO - Sync 1 DAGs
[2022-09-10T17:19:37.716+0000] {logging_mixin.py:115} INFO - [2022-09-10T17:19:37.716+0000] {dag.py:2981} INFO - Setting next_dagrun for example_branch_labels to 2022-09-09T00:00:00+00:00, run_after=2022-09-10T00:00:00+00:00
[2022-09-10T17:19:37.724+0000] {processor.py:161} INFO - Processing /home/airflow/.local/lib/python3.7/site-packages/airflow/example_dags/example_branch_labels.py took 0.062 seconds
[2022-09-10T17:20:07.955+0000] {processor.py:153} INFO - Started process (PID=540) to work on /home/airflow/.local/lib/python3.7/site-packages/airflow/example_dags/example_branch_labels.py
[2022-09-10T17:20:07.956+0000] {processor.py:640} INFO - Processing file /home/airflow/.local/lib/python3.7/site-packages/airflow/example_dags/example_branch_labels.py for tasks to queue
[2022-09-10T17:20:07.958+0000] {logging_mixin.py:115} INFO - [2022-09-10T17:20:07.958+0000] {dagbag.py:508} INFO - Filling up the DagBag from /home/airflow/.local/lib/python3.7/site-packages/airflow/example_dags/example_branch_labels.py
[2022-09-10T17:20:07.963+0000] {processor.py:650} INFO - DAG(s) dict_keys(['example_branch_labels']) retrieved from /home/airflow/.local/lib/python3.7/site-packages/airflow/example_dags/example_branch_labels.py
[2022-09-10T17:20:07.991+0000] {logging_mixin.py:115} INFO - [2022-09-10T17:20:07.991+0000] {dag.py:2429} INFO - Sync 1 DAGs
[2022-09-10T17:20:08.016+0000] {logging_mixin.py:115} INFO - [2022-09-10T17:20:08.016+0000] {dag.py:2981} INFO - Setting next_dagrun for example_branch_labels to 2022-09-09T00:00:00+00:00, run_after=2022-09-10T00:00:00+00:00
[2022-09-10T17:20:08.036+0000] {processor.py:161} INFO - Processing /home/airflow/.local/lib/python3.7/site-packages/airflow/example_dags/example_branch_labels.py took 0.083 seconds
[2022-09-10T17:20:38.930+0000] {processor.py:153} INFO - Started process (PID=603) to work on /home/airflow/.local/lib/python3.7/site-packages/airflow/example_dags/example_branch_labels.py
[2022-09-10T17:20:38.932+0000] {processor.py:640} INFO - Processing file /home/airflow/.local/lib/python3.7/site-packages/airflow/example_dags/example_branch_labels.py for tasks to queue
[2022-09-10T17:20:38.932+0000] {logging_mixin.py:115} INFO - [2022-09-10T17:20:38.932+0000] {dagbag.py:508} INFO - Filling up the DagBag from /home/airflow/.local/lib/python3.7/site-packages/airflow/example_dags/example_branch_labels.py
[2022-09-10T17:20:38.937+0000] {processor.py:650} INFO - DAG(s) dict_keys(['example_branch_labels']) retrieved from /home/airflow/.local/lib/python3.7/site-packages/airflow/example_dags/example_branch_labels.py
[2022-09-10T17:20:38.954+0000] {logging_mixin.py:115} INFO - [2022-09-10T17:20:38.954+0000] {dag.py:2429} INFO - Sync 1 DAGs
[2022-09-10T17:20:38.967+0000] {logging_mixin.py:115} INFO - [2022-09-10T17:20:38.967+0000] {dag.py:2981} INFO - Setting next_dagrun for example_branch_labels to 2022-09-09T00:00:00+00:00, run_after=2022-09-10T00:00:00+00:00
[2022-09-10T17:20:38.973+0000] {processor.py:161} INFO - Processing /home/airflow/.local/lib/python3.7/site-packages/airflow/example_dags/example_branch_labels.py took 0.045 seconds
[2022-09-10T17:21:09.258+0000] {processor.py:153} INFO - Started process (PID=666) to work on /home/airflow/.local/lib/python3.7/site-packages/airflow/example_dags/example_branch_labels.py
[2022-09-10T17:21:09.260+0000] {processor.py:640} INFO - Processing file /home/airflow/.local/lib/python3.7/site-packages/airflow/example_dags/example_branch_labels.py for tasks to queue
[2022-09-10T17:21:09.261+0000] {logging_mixin.py:115} INFO - [2022-09-10T17:21:09.261+0000] {dagbag.py:508} INFO - Filling up the DagBag from /home/airflow/.local/lib/python3.7/site-packages/airflow/example_dags/example_branch_labels.py
[2022-09-10T17:21:09.265+0000] {processor.py:650} INFO - DAG(s) dict_keys(['example_branch_labels']) retrieved from /home/airflow/.local/lib/python3.7/site-packages/airflow/example_dags/example_branch_labels.py
[2022-09-10T17:21:09.287+0000] {logging_mixin.py:115} INFO - [2022-09-10T17:21:09.286+0000] {dag.py:2429} INFO - Sync 1 DAGs
[2022-09-10T17:21:09.299+0000] {logging_mixin.py:115} INFO - [2022-09-10T17:21:09.299+0000] {dag.py:2981} INFO - Setting next_dagrun for example_branch_labels to 2022-09-09T00:00:00+00:00, run_after=2022-09-10T00:00:00+00:00
[2022-09-10T17:21:09.307+0000] {processor.py:161} INFO - Processing /home/airflow/.local/lib/python3.7/site-packages/airflow/example_dags/example_branch_labels.py took 0.051 seconds
[2022-09-10T17:21:40.633+0000] {processor.py:153} INFO - Started process (PID=729) to work on /home/airflow/.local/lib/python3.7/site-packages/airflow/example_dags/example_branch_labels.py
[2022-09-10T17:21:40.634+0000] {processor.py:640} INFO - Processing file /home/airflow/.local/lib/python3.7/site-packages/airflow/example_dags/example_branch_labels.py for tasks to queue
[2022-09-10T17:21:40.635+0000] {logging_mixin.py:115} INFO - [2022-09-10T17:21:40.635+0000] {dagbag.py:508} INFO - Filling up the DagBag from /home/airflow/.local/lib/python3.7/site-packages/airflow/example_dags/example_branch_labels.py
[2022-09-10T17:21:40.640+0000] {processor.py:650} INFO - DAG(s) dict_keys(['example_branch_labels']) retrieved from /home/airflow/.local/lib/python3.7/site-packages/airflow/example_dags/example_branch_labels.py
[2022-09-10T17:21:40.658+0000] {logging_mixin.py:115} INFO - [2022-09-10T17:21:40.658+0000] {dag.py:2429} INFO - Sync 1 DAGs
[2022-09-10T17:21:40.677+0000] {logging_mixin.py:115} INFO - [2022-09-10T17:21:40.677+0000] {dag.py:2981} INFO - Setting next_dagrun for example_branch_labels to 2022-09-09T00:00:00+00:00, run_after=2022-09-10T00:00:00+00:00
[2022-09-10T17:21:40.684+0000] {processor.py:161} INFO - Processing /home/airflow/.local/lib/python3.7/site-packages/airflow/example_dags/example_branch_labels.py took 0.053 seconds
[2022-09-10T17:22:11.210+0000] {processor.py:153} INFO - Started process (PID=792) to work on /home/airflow/.local/lib/python3.7/site-packages/airflow/example_dags/example_branch_labels.py
[2022-09-10T17:22:11.212+0000] {processor.py:640} INFO - Processing file /home/airflow/.local/lib/python3.7/site-packages/airflow/example_dags/example_branch_labels.py for tasks to queue
[2022-09-10T17:22:11.212+0000] {logging_mixin.py:115} INFO - [2022-09-10T17:22:11.212+0000] {dagbag.py:508} INFO - Filling up the DagBag from /home/airflow/.local/lib/python3.7/site-packages/airflow/example_dags/example_branch_labels.py
[2022-09-10T17:22:11.217+0000] {processor.py:650} INFO - DAG(s) dict_keys(['example_branch_labels']) retrieved from /home/airflow/.local/lib/python3.7/site-packages/airflow/example_dags/example_branch_labels.py
[2022-09-10T17:22:11.236+0000] {logging_mixin.py:115} INFO - [2022-09-10T17:22:11.236+0000] {dag.py:2429} INFO - Sync 1 DAGs
[2022-09-10T17:22:11.251+0000] {logging_mixin.py:115} INFO - [2022-09-10T17:22:11.251+0000] {dag.py:2981} INFO - Setting next_dagrun for example_branch_labels to 2022-09-09T00:00:00+00:00, run_after=2022-09-10T00:00:00+00:00
[2022-09-10T17:22:11.258+0000] {processor.py:161} INFO - Processing /home/airflow/.local/lib/python3.7/site-packages/airflow/example_dags/example_branch_labels.py took 0.050 seconds
[2022-09-10T17:22:41.839+0000] {processor.py:153} INFO - Started process (PID=857) to work on /home/airflow/.local/lib/python3.7/site-packages/airflow/example_dags/example_branch_labels.py
[2022-09-10T17:22:41.841+0000] {processor.py:640} INFO - Processing file /home/airflow/.local/lib/python3.7/site-packages/airflow/example_dags/example_branch_labels.py for tasks to queue
[2022-09-10T17:22:41.843+0000] {logging_mixin.py:115} INFO - [2022-09-10T17:22:41.843+0000] {dagbag.py:508} INFO - Filling up the DagBag from /home/airflow/.local/lib/python3.7/site-packages/airflow/example_dags/example_branch_labels.py
[2022-09-10T17:22:41.851+0000] {processor.py:650} INFO - DAG(s) dict_keys(['example_branch_labels']) retrieved from /home/airflow/.local/lib/python3.7/site-packages/airflow/example_dags/example_branch_labels.py
[2022-09-10T17:22:41.881+0000] {logging_mixin.py:115} INFO - [2022-09-10T17:22:41.881+0000] {dag.py:2429} INFO - Sync 1 DAGs
[2022-09-10T17:22:41.907+0000] {logging_mixin.py:115} INFO - [2022-09-10T17:22:41.906+0000] {dag.py:2981} INFO - Setting next_dagrun for example_branch_labels to 2022-09-09T00:00:00+00:00, run_after=2022-09-10T00:00:00+00:00
[2022-09-10T17:22:41.915+0000] {processor.py:161} INFO - Processing /home/airflow/.local/lib/python3.7/site-packages/airflow/example_dags/example_branch_labels.py took 0.079 seconds
[2022-09-10T17:23:12.828+0000] {processor.py:153} INFO - Started process (PID=911) to work on /home/airflow/.local/lib/python3.7/site-packages/airflow/example_dags/example_branch_labels.py
[2022-09-10T17:23:12.831+0000] {processor.py:640} INFO - Processing file /home/airflow/.local/lib/python3.7/site-packages/airflow/example_dags/example_branch_labels.py for tasks to queue
[2022-09-10T17:23:12.833+0000] {logging_mixin.py:115} INFO - [2022-09-10T17:23:12.833+0000] {dagbag.py:508} INFO - Filling up the DagBag from /home/airflow/.local/lib/python3.7/site-packages/airflow/example_dags/example_branch_labels.py
[2022-09-10T17:23:12.839+0000] {processor.py:650} INFO - DAG(s) dict_keys(['example_branch_labels']) retrieved from /home/airflow/.local/lib/python3.7/site-packages/airflow/example_dags/example_branch_labels.py
[2022-09-10T17:23:12.858+0000] {logging_mixin.py:115} INFO - [2022-09-10T17:23:12.858+0000] {dag.py:2429} INFO - Sync 1 DAGs
[2022-09-10T17:23:12.876+0000] {logging_mixin.py:115} INFO - [2022-09-10T17:23:12.876+0000] {dag.py:2981} INFO - Setting next_dagrun for example_branch_labels to 2022-09-09T00:00:00+00:00, run_after=2022-09-10T00:00:00+00:00
[2022-09-10T17:23:12.885+0000] {processor.py:161} INFO - Processing /home/airflow/.local/lib/python3.7/site-packages/airflow/example_dags/example_branch_labels.py took 0.059 seconds
[2022-09-10T17:23:43.800+0000] {processor.py:153} INFO - Started process (PID=974) to work on /home/airflow/.local/lib/python3.7/site-packages/airflow/example_dags/example_branch_labels.py
[2022-09-10T17:23:43.802+0000] {processor.py:640} INFO - Processing file /home/airflow/.local/lib/python3.7/site-packages/airflow/example_dags/example_branch_labels.py for tasks to queue
[2022-09-10T17:23:43.803+0000] {logging_mixin.py:115} INFO - [2022-09-10T17:23:43.803+0000] {dagbag.py:508} INFO - Filling up the DagBag from /home/airflow/.local/lib/python3.7/site-packages/airflow/example_dags/example_branch_labels.py
[2022-09-10T17:23:43.807+0000] {processor.py:650} INFO - DAG(s) dict_keys(['example_branch_labels']) retrieved from /home/airflow/.local/lib/python3.7/site-packages/airflow/example_dags/example_branch_labels.py
[2022-09-10T17:23:43.822+0000] {logging_mixin.py:115} INFO - [2022-09-10T17:23:43.822+0000] {dag.py:2429} INFO - Sync 1 DAGs
[2022-09-10T17:23:43.834+0000] {logging_mixin.py:115} INFO - [2022-09-10T17:23:43.834+0000] {dag.py:2981} INFO - Setting next_dagrun for example_branch_labels to 2022-09-09T00:00:00+00:00, run_after=2022-09-10T00:00:00+00:00
[2022-09-10T17:23:43.840+0000] {processor.py:161} INFO - Processing /home/airflow/.local/lib/python3.7/site-packages/airflow/example_dags/example_branch_labels.py took 0.042 seconds
[2022-09-10T17:24:14.842+0000] {processor.py:153} INFO - Started process (PID=1037) to work on /home/airflow/.local/lib/python3.7/site-packages/airflow/example_dags/example_branch_labels.py
[2022-09-10T17:24:14.844+0000] {processor.py:640} INFO - Processing file /home/airflow/.local/lib/python3.7/site-packages/airflow/example_dags/example_branch_labels.py for tasks to queue
[2022-09-10T17:24:14.846+0000] {logging_mixin.py:115} INFO - [2022-09-10T17:24:14.846+0000] {dagbag.py:508} INFO - Filling up the DagBag from /home/airflow/.local/lib/python3.7/site-packages/airflow/example_dags/example_branch_labels.py
[2022-09-10T17:24:14.850+0000] {processor.py:650} INFO - DAG(s) dict_keys(['example_branch_labels']) retrieved from /home/airflow/.local/lib/python3.7/site-packages/airflow/example_dags/example_branch_labels.py
[2022-09-10T17:24:14.868+0000] {logging_mixin.py:115} INFO - [2022-09-10T17:24:14.868+0000] {dag.py:2429} INFO - Sync 1 DAGs
[2022-09-10T17:24:14.883+0000] {logging_mixin.py:115} INFO - [2022-09-10T17:24:14.883+0000] {dag.py:2981} INFO - Setting next_dagrun for example_branch_labels to 2022-09-09T00:00:00+00:00, run_after=2022-09-10T00:00:00+00:00
[2022-09-10T17:24:14.890+0000] {processor.py:161} INFO - Processing /home/airflow/.local/lib/python3.7/site-packages/airflow/example_dags/example_branch_labels.py took 0.050 seconds
[2022-09-10T17:24:45.714+0000] {processor.py:153} INFO - Started process (PID=1100) to work on /home/airflow/.local/lib/python3.7/site-packages/airflow/example_dags/example_branch_labels.py
[2022-09-10T17:24:45.716+0000] {processor.py:640} INFO - Processing file /home/airflow/.local/lib/python3.7/site-packages/airflow/example_dags/example_branch_labels.py for tasks to queue
[2022-09-10T17:24:45.716+0000] {logging_mixin.py:115} INFO - [2022-09-10T17:24:45.716+0000] {dagbag.py:508} INFO - Filling up the DagBag from /home/airflow/.local/lib/python3.7/site-packages/airflow/example_dags/example_branch_labels.py
[2022-09-10T17:24:45.721+0000] {processor.py:650} INFO - DAG(s) dict_keys(['example_branch_labels']) retrieved from /home/airflow/.local/lib/python3.7/site-packages/airflow/example_dags/example_branch_labels.py
[2022-09-10T17:24:45.738+0000] {logging_mixin.py:115} INFO - [2022-09-10T17:24:45.738+0000] {dag.py:2429} INFO - Sync 1 DAGs
[2022-09-10T17:24:45.752+0000] {logging_mixin.py:115} INFO - [2022-09-10T17:24:45.752+0000] {dag.py:2981} INFO - Setting next_dagrun for example_branch_labels to 2022-09-09T00:00:00+00:00, run_after=2022-09-10T00:00:00+00:00
[2022-09-10T17:24:45.758+0000] {processor.py:161} INFO - Processing /home/airflow/.local/lib/python3.7/site-packages/airflow/example_dags/example_branch_labels.py took 0.046 seconds
[2022-09-10T17:25:16.526+0000] {processor.py:153} INFO - Started process (PID=1162) to work on /home/airflow/.local/lib/python3.7/site-packages/airflow/example_dags/example_branch_labels.py
[2022-09-10T17:25:16.528+0000] {processor.py:640} INFO - Processing file /home/airflow/.local/lib/python3.7/site-packages/airflow/example_dags/example_branch_labels.py for tasks to queue
[2022-09-10T17:25:16.529+0000] {logging_mixin.py:115} INFO - [2022-09-10T17:25:16.529+0000] {dagbag.py:508} INFO - Filling up the DagBag from /home/airflow/.local/lib/python3.7/site-packages/airflow/example_dags/example_branch_labels.py
[2022-09-10T17:25:16.535+0000] {processor.py:650} INFO - DAG(s) dict_keys(['example_branch_labels']) retrieved from /home/airflow/.local/lib/python3.7/site-packages/airflow/example_dags/example_branch_labels.py
[2022-09-10T17:25:16.561+0000] {logging_mixin.py:115} INFO - [2022-09-10T17:25:16.561+0000] {dag.py:2429} INFO - Sync 1 DAGs
[2022-09-10T17:25:16.578+0000] {logging_mixin.py:115} INFO - [2022-09-10T17:25:16.578+0000] {dag.py:2981} INFO - Setting next_dagrun for example_branch_labels to 2022-09-09T00:00:00+00:00, run_after=2022-09-10T00:00:00+00:00
[2022-09-10T17:25:16.586+0000] {processor.py:161} INFO - Processing /home/airflow/.local/lib/python3.7/site-packages/airflow/example_dags/example_branch_labels.py took 0.063 seconds
[2022-09-10T17:25:47.440+0000] {processor.py:153} INFO - Started process (PID=1226) to work on /home/airflow/.local/lib/python3.7/site-packages/airflow/example_dags/example_branch_labels.py
[2022-09-10T17:25:47.442+0000] {processor.py:640} INFO - Processing file /home/airflow/.local/lib/python3.7/site-packages/airflow/example_dags/example_branch_labels.py for tasks to queue
[2022-09-10T17:25:47.443+0000] {logging_mixin.py:115} INFO - [2022-09-10T17:25:47.443+0000] {dagbag.py:508} INFO - Filling up the DagBag from /home/airflow/.local/lib/python3.7/site-packages/airflow/example_dags/example_branch_labels.py
[2022-09-10T17:25:47.447+0000] {processor.py:650} INFO - DAG(s) dict_keys(['example_branch_labels']) retrieved from /home/airflow/.local/lib/python3.7/site-packages/airflow/example_dags/example_branch_labels.py
[2022-09-10T17:25:47.464+0000] {logging_mixin.py:115} INFO - [2022-09-10T17:25:47.464+0000] {dag.py:2429} INFO - Sync 1 DAGs
[2022-09-10T17:25:47.476+0000] {logging_mixin.py:115} INFO - [2022-09-10T17:25:47.476+0000] {dag.py:2981} INFO - Setting next_dagrun for example_branch_labels to 2022-09-09T00:00:00+00:00, run_after=2022-09-10T00:00:00+00:00
[2022-09-10T17:25:47.482+0000] {processor.py:161} INFO - Processing /home/airflow/.local/lib/python3.7/site-packages/airflow/example_dags/example_branch_labels.py took 0.044 seconds
[2022-09-10T17:26:17.526+0000] {processor.py:153} INFO - Started process (PID=1280) to work on /home/airflow/.local/lib/python3.7/site-packages/airflow/example_dags/example_branch_labels.py
[2022-09-10T17:26:17.528+0000] {processor.py:640} INFO - Processing file /home/airflow/.local/lib/python3.7/site-packages/airflow/example_dags/example_branch_labels.py for tasks to queue
[2022-09-10T17:26:17.529+0000] {logging_mixin.py:115} INFO - [2022-09-10T17:26:17.528+0000] {dagbag.py:508} INFO - Filling up the DagBag from /home/airflow/.local/lib/python3.7/site-packages/airflow/example_dags/example_branch_labels.py
[2022-09-10T17:26:17.534+0000] {processor.py:650} INFO - DAG(s) dict_keys(['example_branch_labels']) retrieved from /home/airflow/.local/lib/python3.7/site-packages/airflow/example_dags/example_branch_labels.py
[2022-09-10T17:26:17.552+0000] {logging_mixin.py:115} INFO - [2022-09-10T17:26:17.552+0000] {dag.py:2429} INFO - Sync 1 DAGs
[2022-09-10T17:26:17.566+0000] {logging_mixin.py:115} INFO - [2022-09-10T17:26:17.566+0000] {dag.py:2981} INFO - Setting next_dagrun for example_branch_labels to 2022-09-09T00:00:00+00:00, run_after=2022-09-10T00:00:00+00:00
[2022-09-10T17:26:17.574+0000] {processor.py:161} INFO - Processing /home/airflow/.local/lib/python3.7/site-packages/airflow/example_dags/example_branch_labels.py took 0.051 seconds
[2022-09-10T17:26:48.729+0000] {processor.py:153} INFO - Started process (PID=1343) to work on /home/airflow/.local/lib/python3.7/site-packages/airflow/example_dags/example_branch_labels.py
[2022-09-10T17:26:48.731+0000] {processor.py:640} INFO - Processing file /home/airflow/.local/lib/python3.7/site-packages/airflow/example_dags/example_branch_labels.py for tasks to queue
[2022-09-10T17:26:48.732+0000] {logging_mixin.py:115} INFO - [2022-09-10T17:26:48.731+0000] {dagbag.py:508} INFO - Filling up the DagBag from /home/airflow/.local/lib/python3.7/site-packages/airflow/example_dags/example_branch_labels.py
[2022-09-10T17:26:48.737+0000] {processor.py:650} INFO - DAG(s) dict_keys(['example_branch_labels']) retrieved from /home/airflow/.local/lib/python3.7/site-packages/airflow/example_dags/example_branch_labels.py
[2022-09-10T17:26:48.756+0000] {logging_mixin.py:115} INFO - [2022-09-10T17:26:48.756+0000] {dag.py:2429} INFO - Sync 1 DAGs
[2022-09-10T17:26:48.769+0000] {logging_mixin.py:115} INFO - [2022-09-10T17:26:48.769+0000] {dag.py:2981} INFO - Setting next_dagrun for example_branch_labels to 2022-09-09T00:00:00+00:00, run_after=2022-09-10T00:00:00+00:00
[2022-09-10T17:26:48.776+0000] {processor.py:161} INFO - Processing /home/airflow/.local/lib/python3.7/site-packages/airflow/example_dags/example_branch_labels.py took 0.049 seconds
[2022-09-10T17:27:19.984+0000] {processor.py:153} INFO - Started process (PID=1407) to work on /home/airflow/.local/lib/python3.7/site-packages/airflow/example_dags/example_branch_labels.py
[2022-09-10T17:27:19.986+0000] {processor.py:640} INFO - Processing file /home/airflow/.local/lib/python3.7/site-packages/airflow/example_dags/example_branch_labels.py for tasks to queue
[2022-09-10T17:27:19.988+0000] {logging_mixin.py:115} INFO - [2022-09-10T17:27:19.987+0000] {dagbag.py:508} INFO - Filling up the DagBag from /home/airflow/.local/lib/python3.7/site-packages/airflow/example_dags/example_branch_labels.py
[2022-09-10T17:27:19.994+0000] {processor.py:650} INFO - DAG(s) dict_keys(['example_branch_labels']) retrieved from /home/airflow/.local/lib/python3.7/site-packages/airflow/example_dags/example_branch_labels.py
[2022-09-10T17:27:20.013+0000] {logging_mixin.py:115} INFO - [2022-09-10T17:27:20.013+0000] {dag.py:2429} INFO - Sync 1 DAGs
[2022-09-10T17:27:20.028+0000] {logging_mixin.py:115} INFO - [2022-09-10T17:27:20.028+0000] {dag.py:2981} INFO - Setting next_dagrun for example_branch_labels to 2022-09-09T00:00:00+00:00, run_after=2022-09-10T00:00:00+00:00
[2022-09-10T17:27:20.038+0000] {processor.py:161} INFO - Processing /home/airflow/.local/lib/python3.7/site-packages/airflow/example_dags/example_branch_labels.py took 0.057 seconds
[2022-09-10T17:27:50.152+0000] {processor.py:153} INFO - Started process (PID=1472) to work on /home/airflow/.local/lib/python3.7/site-packages/airflow/example_dags/example_branch_labels.py
[2022-09-10T17:27:50.154+0000] {processor.py:640} INFO - Processing file /home/airflow/.local/lib/python3.7/site-packages/airflow/example_dags/example_branch_labels.py for tasks to queue
[2022-09-10T17:27:50.156+0000] {logging_mixin.py:115} INFO - [2022-09-10T17:27:50.156+0000] {dagbag.py:508} INFO - Filling up the DagBag from /home/airflow/.local/lib/python3.7/site-packages/airflow/example_dags/example_branch_labels.py
[2022-09-10T17:27:50.163+0000] {processor.py:650} INFO - DAG(s) dict_keys(['example_branch_labels']) retrieved from /home/airflow/.local/lib/python3.7/site-packages/airflow/example_dags/example_branch_labels.py
[2022-09-10T17:27:50.179+0000] {logging_mixin.py:115} INFO - [2022-09-10T17:27:50.179+0000] {dag.py:2429} INFO - Sync 1 DAGs
[2022-09-10T17:27:50.192+0000] {logging_mixin.py:115} INFO - [2022-09-10T17:27:50.192+0000] {dag.py:2981} INFO - Setting next_dagrun for example_branch_labels to 2022-09-09T00:00:00+00:00, run_after=2022-09-10T00:00:00+00:00
[2022-09-10T17:27:50.199+0000] {processor.py:161} INFO - Processing /home/airflow/.local/lib/python3.7/site-packages/airflow/example_dags/example_branch_labels.py took 0.049 seconds
[2022-09-10T17:28:20.287+0000] {processor.py:153} INFO - Started process (PID=1535) to work on /home/airflow/.local/lib/python3.7/site-packages/airflow/example_dags/example_branch_labels.py
[2022-09-10T17:28:20.289+0000] {processor.py:640} INFO - Processing file /home/airflow/.local/lib/python3.7/site-packages/airflow/example_dags/example_branch_labels.py for tasks to queue
[2022-09-10T17:28:20.290+0000] {logging_mixin.py:115} INFO - [2022-09-10T17:28:20.290+0000] {dagbag.py:508} INFO - Filling up the DagBag from /home/airflow/.local/lib/python3.7/site-packages/airflow/example_dags/example_branch_labels.py
[2022-09-10T17:28:20.296+0000] {processor.py:650} INFO - DAG(s) dict_keys(['example_branch_labels']) retrieved from /home/airflow/.local/lib/python3.7/site-packages/airflow/example_dags/example_branch_labels.py
[2022-09-10T17:28:20.314+0000] {logging_mixin.py:115} INFO - [2022-09-10T17:28:20.314+0000] {dag.py:2429} INFO - Sync 1 DAGs
[2022-09-10T17:28:20.327+0000] {logging_mixin.py:115} INFO - [2022-09-10T17:28:20.327+0000] {dag.py:2981} INFO - Setting next_dagrun for example_branch_labels to 2022-09-09T00:00:00+00:00, run_after=2022-09-10T00:00:00+00:00
[2022-09-10T17:28:20.334+0000] {processor.py:161} INFO - Processing /home/airflow/.local/lib/python3.7/site-packages/airflow/example_dags/example_branch_labels.py took 0.049 seconds
[2022-09-10T17:28:50.615+0000] {processor.py:153} INFO - Started process (PID=1589) to work on /home/airflow/.local/lib/python3.7/site-packages/airflow/example_dags/example_branch_labels.py
[2022-09-10T17:28:50.617+0000] {processor.py:640} INFO - Processing file /home/airflow/.local/lib/python3.7/site-packages/airflow/example_dags/example_branch_labels.py for tasks to queue
[2022-09-10T17:28:50.618+0000] {logging_mixin.py:115} INFO - [2022-09-10T17:28:50.618+0000] {dagbag.py:508} INFO - Filling up the DagBag from /home/airflow/.local/lib/python3.7/site-packages/airflow/example_dags/example_branch_labels.py
[2022-09-10T17:28:50.623+0000] {processor.py:650} INFO - DAG(s) dict_keys(['example_branch_labels']) retrieved from /home/airflow/.local/lib/python3.7/site-packages/airflow/example_dags/example_branch_labels.py
[2022-09-10T17:28:50.642+0000] {logging_mixin.py:115} INFO - [2022-09-10T17:28:50.642+0000] {dag.py:2429} INFO - Sync 1 DAGs
[2022-09-10T17:28:50.663+0000] {logging_mixin.py:115} INFO - [2022-09-10T17:28:50.663+0000] {dag.py:2981} INFO - Setting next_dagrun for example_branch_labels to 2022-09-09T00:00:00+00:00, run_after=2022-09-10T00:00:00+00:00
[2022-09-10T17:28:50.672+0000] {processor.py:161} INFO - Processing /home/airflow/.local/lib/python3.7/site-packages/airflow/example_dags/example_branch_labels.py took 0.060 seconds
[2022-09-10T17:29:20.805+0000] {processor.py:153} INFO - Started process (PID=1652) to work on /home/airflow/.local/lib/python3.7/site-packages/airflow/example_dags/example_branch_labels.py
[2022-09-10T17:29:20.807+0000] {processor.py:640} INFO - Processing file /home/airflow/.local/lib/python3.7/site-packages/airflow/example_dags/example_branch_labels.py for tasks to queue
[2022-09-10T17:29:20.808+0000] {logging_mixin.py:115} INFO - [2022-09-10T17:29:20.808+0000] {dagbag.py:508} INFO - Filling up the DagBag from /home/airflow/.local/lib/python3.7/site-packages/airflow/example_dags/example_branch_labels.py
[2022-09-10T17:29:20.814+0000] {processor.py:650} INFO - DAG(s) dict_keys(['example_branch_labels']) retrieved from /home/airflow/.local/lib/python3.7/site-packages/airflow/example_dags/example_branch_labels.py
[2022-09-10T17:29:20.835+0000] {logging_mixin.py:115} INFO - [2022-09-10T17:29:20.835+0000] {dag.py:2429} INFO - Sync 1 DAGs
[2022-09-10T17:29:20.848+0000] {logging_mixin.py:115} INFO - [2022-09-10T17:29:20.848+0000] {dag.py:2981} INFO - Setting next_dagrun for example_branch_labels to 2022-09-09T00:00:00+00:00, run_after=2022-09-10T00:00:00+00:00
[2022-09-10T17:29:20.856+0000] {processor.py:161} INFO - Processing /home/airflow/.local/lib/python3.7/site-packages/airflow/example_dags/example_branch_labels.py took 0.053 seconds
[2022-09-10T17:29:51.029+0000] {processor.py:153} INFO - Started process (PID=1714) to work on /home/airflow/.local/lib/python3.7/site-packages/airflow/example_dags/example_branch_labels.py
[2022-09-10T17:29:51.031+0000] {processor.py:640} INFO - Processing file /home/airflow/.local/lib/python3.7/site-packages/airflow/example_dags/example_branch_labels.py for tasks to queue
[2022-09-10T17:29:51.031+0000] {logging_mixin.py:115} INFO - [2022-09-10T17:29:51.031+0000] {dagbag.py:508} INFO - Filling up the DagBag from /home/airflow/.local/lib/python3.7/site-packages/airflow/example_dags/example_branch_labels.py
[2022-09-10T17:29:51.037+0000] {processor.py:650} INFO - DAG(s) dict_keys(['example_branch_labels']) retrieved from /home/airflow/.local/lib/python3.7/site-packages/airflow/example_dags/example_branch_labels.py
[2022-09-10T17:29:51.054+0000] {logging_mixin.py:115} INFO - [2022-09-10T17:29:51.054+0000] {dag.py:2429} INFO - Sync 1 DAGs
[2022-09-10T17:29:51.068+0000] {logging_mixin.py:115} INFO - [2022-09-10T17:29:51.068+0000] {dag.py:2981} INFO - Setting next_dagrun for example_branch_labels to 2022-09-09T00:00:00+00:00, run_after=2022-09-10T00:00:00+00:00
[2022-09-10T17:29:51.075+0000] {processor.py:161} INFO - Processing /home/airflow/.local/lib/python3.7/site-packages/airflow/example_dags/example_branch_labels.py took 0.048 seconds
[2022-09-10T17:30:21.561+0000] {processor.py:153} INFO - Started process (PID=1777) to work on /home/airflow/.local/lib/python3.7/site-packages/airflow/example_dags/example_branch_labels.py
[2022-09-10T17:30:21.563+0000] {processor.py:640} INFO - Processing file /home/airflow/.local/lib/python3.7/site-packages/airflow/example_dags/example_branch_labels.py for tasks to queue
[2022-09-10T17:30:21.564+0000] {logging_mixin.py:115} INFO - [2022-09-10T17:30:21.563+0000] {dagbag.py:508} INFO - Filling up the DagBag from /home/airflow/.local/lib/python3.7/site-packages/airflow/example_dags/example_branch_labels.py
[2022-09-10T17:30:21.569+0000] {processor.py:650} INFO - DAG(s) dict_keys(['example_branch_labels']) retrieved from /home/airflow/.local/lib/python3.7/site-packages/airflow/example_dags/example_branch_labels.py
[2022-09-10T17:30:21.592+0000] {logging_mixin.py:115} INFO - [2022-09-10T17:30:21.591+0000] {dag.py:2429} INFO - Sync 1 DAGs
[2022-09-10T17:30:21.606+0000] {logging_mixin.py:115} INFO - [2022-09-10T17:30:21.606+0000] {dag.py:2981} INFO - Setting next_dagrun for example_branch_labels to 2022-09-09T00:00:00+00:00, run_after=2022-09-10T00:00:00+00:00
[2022-09-10T17:30:21.617+0000] {processor.py:161} INFO - Processing /home/airflow/.local/lib/python3.7/site-packages/airflow/example_dags/example_branch_labels.py took 0.058 seconds
