[2022-09-10T17:06:41.024+0000] {processor.py:153} INFO - Started process (PID=63) to work on /home/airflow/.local/lib/python3.7/site-packages/airflow/example_dags/example_skip_dag.py
[2022-09-10T17:06:41.029+0000] {processor.py:640} INFO - Processing file /home/airflow/.local/lib/python3.7/site-packages/airflow/example_dags/example_skip_dag.py for tasks to queue
[2022-09-10T17:06:41.032+0000] {logging_mixin.py:115} INFO - [2022-09-10T17:06:41.032+0000] {dagbag.py:508} INFO - Filling up the DagBag from /home/airflow/.local/lib/python3.7/site-packages/airflow/example_dags/example_skip_dag.py
[2022-09-10T17:06:41.041+0000] {processor.py:650} INFO - DAG(s) dict_keys(['example_skip_dag']) retrieved from /home/airflow/.local/lib/python3.7/site-packages/airflow/example_dags/example_skip_dag.py
[2022-09-10T17:06:41.171+0000] {logging_mixin.py:115} INFO - [2022-09-10T17:06:41.171+0000] {manager.py:508} INFO - Created Permission View: can edit on DAG:example_skip_dag
[2022-09-10T17:06:41.185+0000] {logging_mixin.py:115} INFO - [2022-09-10T17:06:41.185+0000] {manager.py:508} INFO - Created Permission View: can delete on DAG:example_skip_dag
[2022-09-10T17:06:41.193+0000] {logging_mixin.py:115} INFO - [2022-09-10T17:06:41.193+0000] {manager.py:508} INFO - Created Permission View: can read on DAG:example_skip_dag
[2022-09-10T17:06:41.195+0000] {logging_mixin.py:115} INFO - [2022-09-10T17:06:41.195+0000] {dag.py:2429} INFO - Sync 1 DAGs
[2022-09-10T17:06:41.206+0000] {logging_mixin.py:115} INFO - [2022-09-10T17:06:41.206+0000] {dag.py:2448} INFO - Creating ORM DAG for example_skip_dag
[2022-09-10T17:06:41.219+0000] {logging_mixin.py:115} INFO - [2022-09-10T17:06:41.219+0000] {dag.py:2981} INFO - Setting next_dagrun for example_skip_dag to 2022-09-09T17:06:41.219216+00:00, run_after=2022-09-10T17:06:41.219216+00:00
[2022-09-10T17:06:41.239+0000] {processor.py:161} INFO - Processing /home/airflow/.local/lib/python3.7/site-packages/airflow/example_dags/example_skip_dag.py took 0.220 seconds
[2022-09-10T17:07:11.438+0000] {processor.py:153} INFO - Started process (PID=127) to work on /home/airflow/.local/lib/python3.7/site-packages/airflow/example_dags/example_skip_dag.py
[2022-09-10T17:07:11.439+0000] {processor.py:640} INFO - Processing file /home/airflow/.local/lib/python3.7/site-packages/airflow/example_dags/example_skip_dag.py for tasks to queue
[2022-09-10T17:07:11.441+0000] {logging_mixin.py:115} INFO - [2022-09-10T17:07:11.441+0000] {dagbag.py:508} INFO - Filling up the DagBag from /home/airflow/.local/lib/python3.7/site-packages/airflow/example_dags/example_skip_dag.py
[2022-09-10T17:07:11.448+0000] {processor.py:650} INFO - DAG(s) dict_keys(['example_skip_dag']) retrieved from /home/airflow/.local/lib/python3.7/site-packages/airflow/example_dags/example_skip_dag.py
[2022-09-10T17:07:11.467+0000] {logging_mixin.py:115} INFO - [2022-09-10T17:07:11.467+0000] {dag.py:2429} INFO - Sync 1 DAGs
[2022-09-10T17:07:11.480+0000] {logging_mixin.py:115} INFO - [2022-09-10T17:07:11.480+0000] {dag.py:2981} INFO - Setting next_dagrun for example_skip_dag to 2022-09-09T17:07:11.480376+00:00, run_after=2022-09-10T17:07:11.480376+00:00
[2022-09-10T17:07:11.487+0000] {processor.py:161} INFO - Processing /home/airflow/.local/lib/python3.7/site-packages/airflow/example_dags/example_skip_dag.py took 0.051 seconds
[2022-09-10T17:07:42.316+0000] {processor.py:153} INFO - Started process (PID=190) to work on /home/airflow/.local/lib/python3.7/site-packages/airflow/example_dags/example_skip_dag.py
[2022-09-10T17:07:42.317+0000] {processor.py:640} INFO - Processing file /home/airflow/.local/lib/python3.7/site-packages/airflow/example_dags/example_skip_dag.py for tasks to queue
[2022-09-10T17:07:42.318+0000] {logging_mixin.py:115} INFO - [2022-09-10T17:07:42.318+0000] {dagbag.py:508} INFO - Filling up the DagBag from /home/airflow/.local/lib/python3.7/site-packages/airflow/example_dags/example_skip_dag.py
[2022-09-10T17:07:42.322+0000] {processor.py:650} INFO - DAG(s) dict_keys(['example_skip_dag']) retrieved from /home/airflow/.local/lib/python3.7/site-packages/airflow/example_dags/example_skip_dag.py
[2022-09-10T17:07:42.345+0000] {logging_mixin.py:115} INFO - [2022-09-10T17:07:42.345+0000] {dag.py:2429} INFO - Sync 1 DAGs
[2022-09-10T17:07:42.367+0000] {logging_mixin.py:115} INFO - [2022-09-10T17:07:42.367+0000] {dag.py:2981} INFO - Setting next_dagrun for example_skip_dag to 2022-09-09T17:07:42.367013+00:00, run_after=2022-09-10T17:07:42.367013+00:00
[2022-09-10T17:07:42.378+0000] {processor.py:161} INFO - Processing /home/airflow/.local/lib/python3.7/site-packages/airflow/example_dags/example_skip_dag.py took 0.066 seconds
[2022-09-10T17:08:13.202+0000] {processor.py:153} INFO - Started process (PID=244) to work on /home/airflow/.local/lib/python3.7/site-packages/airflow/example_dags/example_skip_dag.py
[2022-09-10T17:08:13.203+0000] {processor.py:640} INFO - Processing file /home/airflow/.local/lib/python3.7/site-packages/airflow/example_dags/example_skip_dag.py for tasks to queue
[2022-09-10T17:08:13.204+0000] {logging_mixin.py:115} INFO - [2022-09-10T17:08:13.204+0000] {dagbag.py:508} INFO - Filling up the DagBag from /home/airflow/.local/lib/python3.7/site-packages/airflow/example_dags/example_skip_dag.py
[2022-09-10T17:08:13.207+0000] {processor.py:650} INFO - DAG(s) dict_keys(['example_skip_dag']) retrieved from /home/airflow/.local/lib/python3.7/site-packages/airflow/example_dags/example_skip_dag.py
[2022-09-10T17:08:13.225+0000] {logging_mixin.py:115} INFO - [2022-09-10T17:08:13.225+0000] {dag.py:2429} INFO - Sync 1 DAGs
[2022-09-10T17:08:13.238+0000] {logging_mixin.py:115} INFO - [2022-09-10T17:08:13.238+0000] {dag.py:2981} INFO - Setting next_dagrun for example_skip_dag to 2022-09-09T17:08:13.237966+00:00, run_after=2022-09-10T17:08:13.237966+00:00
[2022-09-10T17:08:13.245+0000] {processor.py:161} INFO - Processing /home/airflow/.local/lib/python3.7/site-packages/airflow/example_dags/example_skip_dag.py took 0.045 seconds
[2022-09-10T17:08:44.127+0000] {processor.py:153} INFO - Started process (PID=306) to work on /home/airflow/.local/lib/python3.7/site-packages/airflow/example_dags/example_skip_dag.py
[2022-09-10T17:08:44.129+0000] {processor.py:640} INFO - Processing file /home/airflow/.local/lib/python3.7/site-packages/airflow/example_dags/example_skip_dag.py for tasks to queue
[2022-09-10T17:08:44.129+0000] {logging_mixin.py:115} INFO - [2022-09-10T17:08:44.129+0000] {dagbag.py:508} INFO - Filling up the DagBag from /home/airflow/.local/lib/python3.7/site-packages/airflow/example_dags/example_skip_dag.py
[2022-09-10T17:08:44.133+0000] {processor.py:650} INFO - DAG(s) dict_keys(['example_skip_dag']) retrieved from /home/airflow/.local/lib/python3.7/site-packages/airflow/example_dags/example_skip_dag.py
[2022-09-10T17:08:44.151+0000] {logging_mixin.py:115} INFO - [2022-09-10T17:08:44.150+0000] {dag.py:2429} INFO - Sync 1 DAGs
[2022-09-10T17:08:44.164+0000] {logging_mixin.py:115} INFO - [2022-09-10T17:08:44.164+0000] {dag.py:2981} INFO - Setting next_dagrun for example_skip_dag to 2022-09-09T17:08:44.164534+00:00, run_after=2022-09-10T17:08:44.164534+00:00
[2022-09-10T17:08:44.172+0000] {processor.py:161} INFO - Processing /home/airflow/.local/lib/python3.7/site-packages/airflow/example_dags/example_skip_dag.py took 0.047 seconds
[2022-09-10T17:09:14.923+0000] {processor.py:153} INFO - Started process (PID=370) to work on /home/airflow/.local/lib/python3.7/site-packages/airflow/example_dags/example_skip_dag.py
[2022-09-10T17:09:14.924+0000] {processor.py:640} INFO - Processing file /home/airflow/.local/lib/python3.7/site-packages/airflow/example_dags/example_skip_dag.py for tasks to queue
[2022-09-10T17:09:14.925+0000] {logging_mixin.py:115} INFO - [2022-09-10T17:09:14.925+0000] {dagbag.py:508} INFO - Filling up the DagBag from /home/airflow/.local/lib/python3.7/site-packages/airflow/example_dags/example_skip_dag.py
[2022-09-10T17:09:14.929+0000] {processor.py:650} INFO - DAG(s) dict_keys(['example_skip_dag']) retrieved from /home/airflow/.local/lib/python3.7/site-packages/airflow/example_dags/example_skip_dag.py
[2022-09-10T17:09:14.946+0000] {logging_mixin.py:115} INFO - [2022-09-10T17:09:14.946+0000] {dag.py:2429} INFO - Sync 1 DAGs
[2022-09-10T17:09:14.959+0000] {logging_mixin.py:115} INFO - [2022-09-10T17:09:14.959+0000] {dag.py:2981} INFO - Setting next_dagrun for example_skip_dag to 2022-09-09T17:09:14.958967+00:00, run_after=2022-09-10T17:09:14.958967+00:00
[2022-09-10T17:09:14.965+0000] {processor.py:161} INFO - Processing /home/airflow/.local/lib/python3.7/site-packages/airflow/example_dags/example_skip_dag.py took 0.044 seconds
[2022-09-10T17:09:45.719+0000] {processor.py:153} INFO - Started process (PID=434) to work on /home/airflow/.local/lib/python3.7/site-packages/airflow/example_dags/example_skip_dag.py
[2022-09-10T17:09:45.720+0000] {processor.py:640} INFO - Processing file /home/airflow/.local/lib/python3.7/site-packages/airflow/example_dags/example_skip_dag.py for tasks to queue
[2022-09-10T17:09:45.721+0000] {logging_mixin.py:115} INFO - [2022-09-10T17:09:45.721+0000] {dagbag.py:508} INFO - Filling up the DagBag from /home/airflow/.local/lib/python3.7/site-packages/airflow/example_dags/example_skip_dag.py
[2022-09-10T17:09:45.727+0000] {processor.py:650} INFO - DAG(s) dict_keys(['example_skip_dag']) retrieved from /home/airflow/.local/lib/python3.7/site-packages/airflow/example_dags/example_skip_dag.py
[2022-09-10T17:09:45.745+0000] {logging_mixin.py:115} INFO - [2022-09-10T17:09:45.745+0000] {dag.py:2429} INFO - Sync 1 DAGs
[2022-09-10T17:09:45.758+0000] {logging_mixin.py:115} INFO - [2022-09-10T17:09:45.758+0000] {dag.py:2981} INFO - Setting next_dagrun for example_skip_dag to 2022-09-09T17:09:45.758161+00:00, run_after=2022-09-10T17:09:45.758161+00:00
[2022-09-10T17:09:45.765+0000] {processor.py:161} INFO - Processing /home/airflow/.local/lib/python3.7/site-packages/airflow/example_dags/example_skip_dag.py took 0.048 seconds
[2022-09-10T17:10:16.502+0000] {processor.py:153} INFO - Started process (PID=498) to work on /home/airflow/.local/lib/python3.7/site-packages/airflow/example_dags/example_skip_dag.py
[2022-09-10T17:10:16.504+0000] {processor.py:640} INFO - Processing file /home/airflow/.local/lib/python3.7/site-packages/airflow/example_dags/example_skip_dag.py for tasks to queue
[2022-09-10T17:10:16.505+0000] {logging_mixin.py:115} INFO - [2022-09-10T17:10:16.505+0000] {dagbag.py:508} INFO - Filling up the DagBag from /home/airflow/.local/lib/python3.7/site-packages/airflow/example_dags/example_skip_dag.py
[2022-09-10T17:10:16.509+0000] {processor.py:650} INFO - DAG(s) dict_keys(['example_skip_dag']) retrieved from /home/airflow/.local/lib/python3.7/site-packages/airflow/example_dags/example_skip_dag.py
[2022-09-10T17:10:16.530+0000] {logging_mixin.py:115} INFO - [2022-09-10T17:10:16.529+0000] {dag.py:2429} INFO - Sync 1 DAGs
[2022-09-10T17:10:16.543+0000] {logging_mixin.py:115} INFO - [2022-09-10T17:10:16.543+0000] {dag.py:2981} INFO - Setting next_dagrun for example_skip_dag to 2022-09-09T17:10:16.543274+00:00, run_after=2022-09-10T17:10:16.543274+00:00
[2022-09-10T17:10:16.551+0000] {processor.py:161} INFO - Processing /home/airflow/.local/lib/python3.7/site-packages/airflow/example_dags/example_skip_dag.py took 0.051 seconds
[2022-09-10T17:10:47.516+0000] {processor.py:153} INFO - Started process (PID=561) to work on /home/airflow/.local/lib/python3.7/site-packages/airflow/example_dags/example_skip_dag.py
[2022-09-10T17:10:47.518+0000] {processor.py:640} INFO - Processing file /home/airflow/.local/lib/python3.7/site-packages/airflow/example_dags/example_skip_dag.py for tasks to queue
[2022-09-10T17:10:47.518+0000] {logging_mixin.py:115} INFO - [2022-09-10T17:10:47.518+0000] {dagbag.py:508} INFO - Filling up the DagBag from /home/airflow/.local/lib/python3.7/site-packages/airflow/example_dags/example_skip_dag.py
[2022-09-10T17:10:47.522+0000] {processor.py:650} INFO - DAG(s) dict_keys(['example_skip_dag']) retrieved from /home/airflow/.local/lib/python3.7/site-packages/airflow/example_dags/example_skip_dag.py
[2022-09-10T17:10:47.539+0000] {logging_mixin.py:115} INFO - [2022-09-10T17:10:47.539+0000] {dag.py:2429} INFO - Sync 1 DAGs
[2022-09-10T17:10:47.552+0000] {logging_mixin.py:115} INFO - [2022-09-10T17:10:47.552+0000] {dag.py:2981} INFO - Setting next_dagrun for example_skip_dag to 2022-09-09T17:10:47.551873+00:00, run_after=2022-09-10T17:10:47.551873+00:00
[2022-09-10T17:10:47.563+0000] {processor.py:161} INFO - Processing /home/airflow/.local/lib/python3.7/site-packages/airflow/example_dags/example_skip_dag.py took 0.049 seconds
[2022-09-10T17:13:04.429+0000] {processor.py:153} INFO - Started process (PID=62) to work on /home/airflow/.local/lib/python3.7/site-packages/airflow/example_dags/example_skip_dag.py
[2022-09-10T17:13:04.437+0000] {processor.py:640} INFO - Processing file /home/airflow/.local/lib/python3.7/site-packages/airflow/example_dags/example_skip_dag.py for tasks to queue
[2022-09-10T17:13:04.439+0000] {logging_mixin.py:115} INFO - [2022-09-10T17:13:04.439+0000] {dagbag.py:508} INFO - Filling up the DagBag from /home/airflow/.local/lib/python3.7/site-packages/airflow/example_dags/example_skip_dag.py
[2022-09-10T17:13:04.454+0000] {processor.py:650} INFO - DAG(s) dict_keys(['example_skip_dag']) retrieved from /home/airflow/.local/lib/python3.7/site-packages/airflow/example_dags/example_skip_dag.py
[2022-09-10T17:13:04.539+0000] {logging_mixin.py:115} INFO - [2022-09-10T17:13:04.539+0000] {dag.py:2429} INFO - Sync 1 DAGs
[2022-09-10T17:13:04.596+0000] {logging_mixin.py:115} INFO - [2022-09-10T17:13:04.596+0000] {dag.py:2981} INFO - Setting next_dagrun for example_skip_dag to 2022-09-09T17:13:04.595865+00:00, run_after=2022-09-10T17:13:04.595865+00:00
[2022-09-10T17:13:04.625+0000] {processor.py:161} INFO - Processing /home/airflow/.local/lib/python3.7/site-packages/airflow/example_dags/example_skip_dag.py took 0.207 seconds
[2022-09-10T17:13:35.048+0000] {processor.py:153} INFO - Started process (PID=114) to work on /home/airflow/.local/lib/python3.7/site-packages/airflow/example_dags/example_skip_dag.py
[2022-09-10T17:13:35.050+0000] {processor.py:640} INFO - Processing file /home/airflow/.local/lib/python3.7/site-packages/airflow/example_dags/example_skip_dag.py for tasks to queue
[2022-09-10T17:13:35.051+0000] {logging_mixin.py:115} INFO - [2022-09-10T17:13:35.051+0000] {dagbag.py:508} INFO - Filling up the DagBag from /home/airflow/.local/lib/python3.7/site-packages/airflow/example_dags/example_skip_dag.py
[2022-09-10T17:13:35.062+0000] {processor.py:650} INFO - DAG(s) dict_keys(['example_skip_dag']) retrieved from /home/airflow/.local/lib/python3.7/site-packages/airflow/example_dags/example_skip_dag.py
[2022-09-10T17:13:35.095+0000] {logging_mixin.py:115} INFO - [2022-09-10T17:13:35.095+0000] {dag.py:2429} INFO - Sync 1 DAGs
[2022-09-10T17:13:35.116+0000] {logging_mixin.py:115} INFO - [2022-09-10T17:13:35.116+0000] {dag.py:2981} INFO - Setting next_dagrun for example_skip_dag to 2022-09-09T17:13:35.116631+00:00, run_after=2022-09-10T17:13:35.116631+00:00
[2022-09-10T17:13:35.132+0000] {processor.py:161} INFO - Processing /home/airflow/.local/lib/python3.7/site-packages/airflow/example_dags/example_skip_dag.py took 0.086 seconds
[2022-09-10T17:14:05.412+0000] {processor.py:153} INFO - Started process (PID=176) to work on /home/airflow/.local/lib/python3.7/site-packages/airflow/example_dags/example_skip_dag.py
[2022-09-10T17:14:05.415+0000] {processor.py:640} INFO - Processing file /home/airflow/.local/lib/python3.7/site-packages/airflow/example_dags/example_skip_dag.py for tasks to queue
[2022-09-10T17:14:05.417+0000] {logging_mixin.py:115} INFO - [2022-09-10T17:14:05.416+0000] {dagbag.py:508} INFO - Filling up the DagBag from /home/airflow/.local/lib/python3.7/site-packages/airflow/example_dags/example_skip_dag.py
[2022-09-10T17:14:05.422+0000] {processor.py:650} INFO - DAG(s) dict_keys(['example_skip_dag']) retrieved from /home/airflow/.local/lib/python3.7/site-packages/airflow/example_dags/example_skip_dag.py
[2022-09-10T17:14:05.442+0000] {logging_mixin.py:115} INFO - [2022-09-10T17:14:05.442+0000] {dag.py:2429} INFO - Sync 1 DAGs
[2022-09-10T17:14:05.456+0000] {logging_mixin.py:115} INFO - [2022-09-10T17:14:05.456+0000] {dag.py:2981} INFO - Setting next_dagrun for example_skip_dag to 2022-09-09T17:14:05.456440+00:00, run_after=2022-09-10T17:14:05.456440+00:00
[2022-09-10T17:14:05.469+0000] {processor.py:161} INFO - Processing /home/airflow/.local/lib/python3.7/site-packages/airflow/example_dags/example_skip_dag.py took 0.060 seconds
[2022-09-10T17:16:05.544+0000] {processor.py:153} INFO - Started process (PID=66) to work on /home/airflow/.local/lib/python3.7/site-packages/airflow/example_dags/example_skip_dag.py
[2022-09-10T17:16:05.550+0000] {processor.py:640} INFO - Processing file /home/airflow/.local/lib/python3.7/site-packages/airflow/example_dags/example_skip_dag.py for tasks to queue
[2022-09-10T17:16:05.552+0000] {logging_mixin.py:115} INFO - [2022-09-10T17:16:05.552+0000] {dagbag.py:508} INFO - Filling up the DagBag from /home/airflow/.local/lib/python3.7/site-packages/airflow/example_dags/example_skip_dag.py
[2022-09-10T17:16:05.566+0000] {processor.py:650} INFO - DAG(s) dict_keys(['example_skip_dag']) retrieved from /home/airflow/.local/lib/python3.7/site-packages/airflow/example_dags/example_skip_dag.py
[2022-09-10T17:16:05.705+0000] {logging_mixin.py:115} INFO - [2022-09-10T17:16:05.704+0000] {dag.py:2429} INFO - Sync 1 DAGs
[2022-09-10T17:16:05.885+0000] {logging_mixin.py:115} INFO - [2022-09-10T17:16:05.885+0000] {dag.py:2981} INFO - Setting next_dagrun for example_skip_dag to 2022-09-09T17:16:05.884800+00:00, run_after=2022-09-10T17:16:05.884800+00:00
[2022-09-10T17:16:05.942+0000] {processor.py:161} INFO - Processing /home/airflow/.local/lib/python3.7/site-packages/airflow/example_dags/example_skip_dag.py took 0.401 seconds
[2022-09-10T17:16:36.246+0000] {processor.py:153} INFO - Started process (PID=128) to work on /home/airflow/.local/lib/python3.7/site-packages/airflow/example_dags/example_skip_dag.py
[2022-09-10T17:16:36.247+0000] {processor.py:640} INFO - Processing file /home/airflow/.local/lib/python3.7/site-packages/airflow/example_dags/example_skip_dag.py for tasks to queue
[2022-09-10T17:16:36.248+0000] {logging_mixin.py:115} INFO - [2022-09-10T17:16:36.248+0000] {dagbag.py:508} INFO - Filling up the DagBag from /home/airflow/.local/lib/python3.7/site-packages/airflow/example_dags/example_skip_dag.py
[2022-09-10T17:16:36.252+0000] {processor.py:650} INFO - DAG(s) dict_keys(['example_skip_dag']) retrieved from /home/airflow/.local/lib/python3.7/site-packages/airflow/example_dags/example_skip_dag.py
[2022-09-10T17:16:36.268+0000] {logging_mixin.py:115} INFO - [2022-09-10T17:16:36.268+0000] {dag.py:2429} INFO - Sync 1 DAGs
[2022-09-10T17:16:36.279+0000] {logging_mixin.py:115} INFO - [2022-09-10T17:16:36.279+0000] {dag.py:2981} INFO - Setting next_dagrun for example_skip_dag to 2022-09-09T17:16:36.279744+00:00, run_after=2022-09-10T17:16:36.279744+00:00
[2022-09-10T17:16:36.286+0000] {processor.py:161} INFO - Processing /home/airflow/.local/lib/python3.7/site-packages/airflow/example_dags/example_skip_dag.py took 0.043 seconds
[2022-09-10T17:17:06.401+0000] {processor.py:153} INFO - Started process (PID=192) to work on /home/airflow/.local/lib/python3.7/site-packages/airflow/example_dags/example_skip_dag.py
[2022-09-10T17:17:06.403+0000] {processor.py:640} INFO - Processing file /home/airflow/.local/lib/python3.7/site-packages/airflow/example_dags/example_skip_dag.py for tasks to queue
[2022-09-10T17:17:06.404+0000] {logging_mixin.py:115} INFO - [2022-09-10T17:17:06.404+0000] {dagbag.py:508} INFO - Filling up the DagBag from /home/airflow/.local/lib/python3.7/site-packages/airflow/example_dags/example_skip_dag.py
[2022-09-10T17:17:06.408+0000] {processor.py:650} INFO - DAG(s) dict_keys(['example_skip_dag']) retrieved from /home/airflow/.local/lib/python3.7/site-packages/airflow/example_dags/example_skip_dag.py
[2022-09-10T17:17:06.425+0000] {logging_mixin.py:115} INFO - [2022-09-10T17:17:06.425+0000] {dag.py:2429} INFO - Sync 1 DAGs
[2022-09-10T17:17:06.440+0000] {logging_mixin.py:115} INFO - [2022-09-10T17:17:06.440+0000] {dag.py:2981} INFO - Setting next_dagrun for example_skip_dag to 2022-09-09T17:17:06.440570+00:00, run_after=2022-09-10T17:17:06.440570+00:00
[2022-09-10T17:17:06.451+0000] {processor.py:161} INFO - Processing /home/airflow/.local/lib/python3.7/site-packages/airflow/example_dags/example_skip_dag.py took 0.052 seconds
[2022-09-10T17:17:36.666+0000] {processor.py:153} INFO - Started process (PID=246) to work on /home/airflow/.local/lib/python3.7/site-packages/airflow/example_dags/example_skip_dag.py
[2022-09-10T17:17:36.668+0000] {processor.py:640} INFO - Processing file /home/airflow/.local/lib/python3.7/site-packages/airflow/example_dags/example_skip_dag.py for tasks to queue
[2022-09-10T17:17:36.669+0000] {logging_mixin.py:115} INFO - [2022-09-10T17:17:36.669+0000] {dagbag.py:508} INFO - Filling up the DagBag from /home/airflow/.local/lib/python3.7/site-packages/airflow/example_dags/example_skip_dag.py
[2022-09-10T17:17:36.674+0000] {processor.py:650} INFO - DAG(s) dict_keys(['example_skip_dag']) retrieved from /home/airflow/.local/lib/python3.7/site-packages/airflow/example_dags/example_skip_dag.py
[2022-09-10T17:17:36.695+0000] {logging_mixin.py:115} INFO - [2022-09-10T17:17:36.695+0000] {dag.py:2429} INFO - Sync 1 DAGs
[2022-09-10T17:17:36.712+0000] {logging_mixin.py:115} INFO - [2022-09-10T17:17:36.712+0000] {dag.py:2981} INFO - Setting next_dagrun for example_skip_dag to 2022-09-09T17:17:36.712032+00:00, run_after=2022-09-10T17:17:36.712032+00:00
[2022-09-10T17:17:36.722+0000] {processor.py:161} INFO - Processing /home/airflow/.local/lib/python3.7/site-packages/airflow/example_dags/example_skip_dag.py took 0.065 seconds
[2022-09-10T17:18:06.803+0000] {processor.py:153} INFO - Started process (PID=309) to work on /home/airflow/.local/lib/python3.7/site-packages/airflow/example_dags/example_skip_dag.py
[2022-09-10T17:18:06.804+0000] {processor.py:640} INFO - Processing file /home/airflow/.local/lib/python3.7/site-packages/airflow/example_dags/example_skip_dag.py for tasks to queue
[2022-09-10T17:18:06.805+0000] {logging_mixin.py:115} INFO - [2022-09-10T17:18:06.805+0000] {dagbag.py:508} INFO - Filling up the DagBag from /home/airflow/.local/lib/python3.7/site-packages/airflow/example_dags/example_skip_dag.py
[2022-09-10T17:18:06.808+0000] {processor.py:650} INFO - DAG(s) dict_keys(['example_skip_dag']) retrieved from /home/airflow/.local/lib/python3.7/site-packages/airflow/example_dags/example_skip_dag.py
[2022-09-10T17:18:06.825+0000] {logging_mixin.py:115} INFO - [2022-09-10T17:18:06.825+0000] {dag.py:2429} INFO - Sync 1 DAGs
[2022-09-10T17:18:06.838+0000] {logging_mixin.py:115} INFO - [2022-09-10T17:18:06.838+0000] {dag.py:2981} INFO - Setting next_dagrun for example_skip_dag to 2022-09-09T17:18:06.837857+00:00, run_after=2022-09-10T17:18:06.837857+00:00
[2022-09-10T17:18:06.845+0000] {processor.py:161} INFO - Processing /home/airflow/.local/lib/python3.7/site-packages/airflow/example_dags/example_skip_dag.py took 0.046 seconds
[2022-09-10T17:18:37.833+0000] {processor.py:153} INFO - Started process (PID=372) to work on /home/airflow/.local/lib/python3.7/site-packages/airflow/example_dags/example_skip_dag.py
[2022-09-10T17:18:37.835+0000] {processor.py:640} INFO - Processing file /home/airflow/.local/lib/python3.7/site-packages/airflow/example_dags/example_skip_dag.py for tasks to queue
[2022-09-10T17:18:37.837+0000] {logging_mixin.py:115} INFO - [2022-09-10T17:18:37.836+0000] {dagbag.py:508} INFO - Filling up the DagBag from /home/airflow/.local/lib/python3.7/site-packages/airflow/example_dags/example_skip_dag.py
[2022-09-10T17:18:37.843+0000] {processor.py:650} INFO - DAG(s) dict_keys(['example_skip_dag']) retrieved from /home/airflow/.local/lib/python3.7/site-packages/airflow/example_dags/example_skip_dag.py
[2022-09-10T17:18:37.863+0000] {logging_mixin.py:115} INFO - [2022-09-10T17:18:37.863+0000] {dag.py:2429} INFO - Sync 1 DAGs
[2022-09-10T17:18:37.878+0000] {logging_mixin.py:115} INFO - [2022-09-10T17:18:37.878+0000] {dag.py:2981} INFO - Setting next_dagrun for example_skip_dag to 2022-09-09T17:18:37.878133+00:00, run_after=2022-09-10T17:18:37.878133+00:00
[2022-09-10T17:18:37.885+0000] {processor.py:161} INFO - Processing /home/airflow/.local/lib/python3.7/site-packages/airflow/example_dags/example_skip_dag.py took 0.055 seconds
[2022-09-10T17:19:08.030+0000] {processor.py:153} INFO - Started process (PID=435) to work on /home/airflow/.local/lib/python3.7/site-packages/airflow/example_dags/example_skip_dag.py
[2022-09-10T17:19:08.032+0000] {processor.py:640} INFO - Processing file /home/airflow/.local/lib/python3.7/site-packages/airflow/example_dags/example_skip_dag.py for tasks to queue
[2022-09-10T17:19:08.033+0000] {logging_mixin.py:115} INFO - [2022-09-10T17:19:08.033+0000] {dagbag.py:508} INFO - Filling up the DagBag from /home/airflow/.local/lib/python3.7/site-packages/airflow/example_dags/example_skip_dag.py
[2022-09-10T17:19:08.038+0000] {processor.py:650} INFO - DAG(s) dict_keys(['example_skip_dag']) retrieved from /home/airflow/.local/lib/python3.7/site-packages/airflow/example_dags/example_skip_dag.py
[2022-09-10T17:19:08.064+0000] {logging_mixin.py:115} INFO - [2022-09-10T17:19:08.064+0000] {dag.py:2429} INFO - Sync 1 DAGs
[2022-09-10T17:19:08.082+0000] {logging_mixin.py:115} INFO - [2022-09-10T17:19:08.082+0000] {dag.py:2981} INFO - Setting next_dagrun for example_skip_dag to 2022-09-09T17:19:08.082567+00:00, run_after=2022-09-10T17:19:08.082567+00:00
[2022-09-10T17:19:08.094+0000] {processor.py:161} INFO - Processing /home/airflow/.local/lib/python3.7/site-packages/airflow/example_dags/example_skip_dag.py took 0.066 seconds
[2022-09-10T17:19:38.293+0000] {processor.py:153} INFO - Started process (PID=497) to work on /home/airflow/.local/lib/python3.7/site-packages/airflow/example_dags/example_skip_dag.py
[2022-09-10T17:19:38.295+0000] {processor.py:640} INFO - Processing file /home/airflow/.local/lib/python3.7/site-packages/airflow/example_dags/example_skip_dag.py for tasks to queue
[2022-09-10T17:19:38.296+0000] {logging_mixin.py:115} INFO - [2022-09-10T17:19:38.296+0000] {dagbag.py:508} INFO - Filling up the DagBag from /home/airflow/.local/lib/python3.7/site-packages/airflow/example_dags/example_skip_dag.py
[2022-09-10T17:19:38.300+0000] {processor.py:650} INFO - DAG(s) dict_keys(['example_skip_dag']) retrieved from /home/airflow/.local/lib/python3.7/site-packages/airflow/example_dags/example_skip_dag.py
[2022-09-10T17:19:38.324+0000] {logging_mixin.py:115} INFO - [2022-09-10T17:19:38.324+0000] {dag.py:2429} INFO - Sync 1 DAGs
[2022-09-10T17:19:38.340+0000] {logging_mixin.py:115} INFO - [2022-09-10T17:19:38.340+0000] {dag.py:2981} INFO - Setting next_dagrun for example_skip_dag to 2022-09-09T17:19:38.340745+00:00, run_after=2022-09-10T17:19:38.340745+00:00
[2022-09-10T17:19:38.352+0000] {processor.py:161} INFO - Processing /home/airflow/.local/lib/python3.7/site-packages/airflow/example_dags/example_skip_dag.py took 0.063 seconds
[2022-09-10T17:20:08.604+0000] {processor.py:153} INFO - Started process (PID=552) to work on /home/airflow/.local/lib/python3.7/site-packages/airflow/example_dags/example_skip_dag.py
[2022-09-10T17:20:08.606+0000] {processor.py:640} INFO - Processing file /home/airflow/.local/lib/python3.7/site-packages/airflow/example_dags/example_skip_dag.py for tasks to queue
[2022-09-10T17:20:08.607+0000] {logging_mixin.py:115} INFO - [2022-09-10T17:20:08.606+0000] {dagbag.py:508} INFO - Filling up the DagBag from /home/airflow/.local/lib/python3.7/site-packages/airflow/example_dags/example_skip_dag.py
[2022-09-10T17:20:08.611+0000] {processor.py:650} INFO - DAG(s) dict_keys(['example_skip_dag']) retrieved from /home/airflow/.local/lib/python3.7/site-packages/airflow/example_dags/example_skip_dag.py
[2022-09-10T17:20:08.630+0000] {logging_mixin.py:115} INFO - [2022-09-10T17:20:08.630+0000] {dag.py:2429} INFO - Sync 1 DAGs
[2022-09-10T17:20:08.645+0000] {logging_mixin.py:115} INFO - [2022-09-10T17:20:08.645+0000] {dag.py:2981} INFO - Setting next_dagrun for example_skip_dag to 2022-09-09T17:20:08.644965+00:00, run_after=2022-09-10T17:20:08.644965+00:00
[2022-09-10T17:20:08.656+0000] {processor.py:161} INFO - Processing /home/airflow/.local/lib/python3.7/site-packages/airflow/example_dags/example_skip_dag.py took 0.055 seconds
[2022-09-10T17:20:39.633+0000] {processor.py:153} INFO - Started process (PID=615) to work on /home/airflow/.local/lib/python3.7/site-packages/airflow/example_dags/example_skip_dag.py
[2022-09-10T17:20:39.634+0000] {processor.py:640} INFO - Processing file /home/airflow/.local/lib/python3.7/site-packages/airflow/example_dags/example_skip_dag.py for tasks to queue
[2022-09-10T17:20:39.635+0000] {logging_mixin.py:115} INFO - [2022-09-10T17:20:39.635+0000] {dagbag.py:508} INFO - Filling up the DagBag from /home/airflow/.local/lib/python3.7/site-packages/airflow/example_dags/example_skip_dag.py
[2022-09-10T17:20:39.639+0000] {processor.py:650} INFO - DAG(s) dict_keys(['example_skip_dag']) retrieved from /home/airflow/.local/lib/python3.7/site-packages/airflow/example_dags/example_skip_dag.py
[2022-09-10T17:20:39.658+0000] {logging_mixin.py:115} INFO - [2022-09-10T17:20:39.657+0000] {dag.py:2429} INFO - Sync 1 DAGs
[2022-09-10T17:20:39.672+0000] {logging_mixin.py:115} INFO - [2022-09-10T17:20:39.672+0000] {dag.py:2981} INFO - Setting next_dagrun for example_skip_dag to 2022-09-09T17:20:39.671999+00:00, run_after=2022-09-10T17:20:39.671999+00:00
[2022-09-10T17:20:39.679+0000] {processor.py:161} INFO - Processing /home/airflow/.local/lib/python3.7/site-packages/airflow/example_dags/example_skip_dag.py took 0.049 seconds
[2022-09-10T17:21:09.837+0000] {processor.py:153} INFO - Started process (PID=678) to work on /home/airflow/.local/lib/python3.7/site-packages/airflow/example_dags/example_skip_dag.py
[2022-09-10T17:21:09.839+0000] {processor.py:640} INFO - Processing file /home/airflow/.local/lib/python3.7/site-packages/airflow/example_dags/example_skip_dag.py for tasks to queue
[2022-09-10T17:21:09.840+0000] {logging_mixin.py:115} INFO - [2022-09-10T17:21:09.840+0000] {dagbag.py:508} INFO - Filling up the DagBag from /home/airflow/.local/lib/python3.7/site-packages/airflow/example_dags/example_skip_dag.py
[2022-09-10T17:21:09.843+0000] {processor.py:650} INFO - DAG(s) dict_keys(['example_skip_dag']) retrieved from /home/airflow/.local/lib/python3.7/site-packages/airflow/example_dags/example_skip_dag.py
[2022-09-10T17:21:09.863+0000] {logging_mixin.py:115} INFO - [2022-09-10T17:21:09.863+0000] {dag.py:2429} INFO - Sync 1 DAGs
[2022-09-10T17:21:09.876+0000] {logging_mixin.py:115} INFO - [2022-09-10T17:21:09.876+0000] {dag.py:2981} INFO - Setting next_dagrun for example_skip_dag to 2022-09-09T17:21:09.876427+00:00, run_after=2022-09-10T17:21:09.876427+00:00
[2022-09-10T17:21:09.884+0000] {processor.py:161} INFO - Processing /home/airflow/.local/lib/python3.7/site-packages/airflow/example_dags/example_skip_dag.py took 0.049 seconds
[2022-09-10T17:21:41.605+0000] {processor.py:153} INFO - Started process (PID=741) to work on /home/airflow/.local/lib/python3.7/site-packages/airflow/example_dags/example_skip_dag.py
[2022-09-10T17:21:41.607+0000] {processor.py:640} INFO - Processing file /home/airflow/.local/lib/python3.7/site-packages/airflow/example_dags/example_skip_dag.py for tasks to queue
[2022-09-10T17:21:41.608+0000] {logging_mixin.py:115} INFO - [2022-09-10T17:21:41.608+0000] {dagbag.py:508} INFO - Filling up the DagBag from /home/airflow/.local/lib/python3.7/site-packages/airflow/example_dags/example_skip_dag.py
[2022-09-10T17:21:41.611+0000] {processor.py:650} INFO - DAG(s) dict_keys(['example_skip_dag']) retrieved from /home/airflow/.local/lib/python3.7/site-packages/airflow/example_dags/example_skip_dag.py
[2022-09-10T17:21:41.642+0000] {logging_mixin.py:115} INFO - [2022-09-10T17:21:41.642+0000] {dag.py:2429} INFO - Sync 1 DAGs
[2022-09-10T17:21:41.660+0000] {logging_mixin.py:115} INFO - [2022-09-10T17:21:41.660+0000] {dag.py:2981} INFO - Setting next_dagrun for example_skip_dag to 2022-09-09T17:21:41.659841+00:00, run_after=2022-09-10T17:21:41.659841+00:00
[2022-09-10T17:21:41.674+0000] {processor.py:161} INFO - Processing /home/airflow/.local/lib/python3.7/site-packages/airflow/example_dags/example_skip_dag.py took 0.071 seconds
[2022-09-10T17:22:11.725+0000] {processor.py:153} INFO - Started process (PID=804) to work on /home/airflow/.local/lib/python3.7/site-packages/airflow/example_dags/example_skip_dag.py
[2022-09-10T17:22:11.727+0000] {processor.py:640} INFO - Processing file /home/airflow/.local/lib/python3.7/site-packages/airflow/example_dags/example_skip_dag.py for tasks to queue
[2022-09-10T17:22:11.728+0000] {logging_mixin.py:115} INFO - [2022-09-10T17:22:11.728+0000] {dagbag.py:508} INFO - Filling up the DagBag from /home/airflow/.local/lib/python3.7/site-packages/airflow/example_dags/example_skip_dag.py
[2022-09-10T17:22:11.732+0000] {processor.py:650} INFO - DAG(s) dict_keys(['example_skip_dag']) retrieved from /home/airflow/.local/lib/python3.7/site-packages/airflow/example_dags/example_skip_dag.py
[2022-09-10T17:22:11.755+0000] {logging_mixin.py:115} INFO - [2022-09-10T17:22:11.755+0000] {dag.py:2429} INFO - Sync 1 DAGs
[2022-09-10T17:22:11.769+0000] {logging_mixin.py:115} INFO - [2022-09-10T17:22:11.769+0000] {dag.py:2981} INFO - Setting next_dagrun for example_skip_dag to 2022-09-09T17:22:11.769646+00:00, run_after=2022-09-10T17:22:11.769646+00:00
[2022-09-10T17:22:11.778+0000] {processor.py:161} INFO - Processing /home/airflow/.local/lib/python3.7/site-packages/airflow/example_dags/example_skip_dag.py took 0.054 seconds
[2022-09-10T17:22:42.396+0000] {processor.py:153} INFO - Started process (PID=869) to work on /home/airflow/.local/lib/python3.7/site-packages/airflow/example_dags/example_skip_dag.py
[2022-09-10T17:22:42.398+0000] {processor.py:640} INFO - Processing file /home/airflow/.local/lib/python3.7/site-packages/airflow/example_dags/example_skip_dag.py for tasks to queue
[2022-09-10T17:22:42.399+0000] {logging_mixin.py:115} INFO - [2022-09-10T17:22:42.399+0000] {dagbag.py:508} INFO - Filling up the DagBag from /home/airflow/.local/lib/python3.7/site-packages/airflow/example_dags/example_skip_dag.py
[2022-09-10T17:22:42.403+0000] {processor.py:650} INFO - DAG(s) dict_keys(['example_skip_dag']) retrieved from /home/airflow/.local/lib/python3.7/site-packages/airflow/example_dags/example_skip_dag.py
[2022-09-10T17:22:42.421+0000] {logging_mixin.py:115} INFO - [2022-09-10T17:22:42.421+0000] {dag.py:2429} INFO - Sync 1 DAGs
[2022-09-10T17:22:42.434+0000] {logging_mixin.py:115} INFO - [2022-09-10T17:22:42.434+0000] {dag.py:2981} INFO - Setting next_dagrun for example_skip_dag to 2022-09-09T17:22:42.434679+00:00, run_after=2022-09-10T17:22:42.434679+00:00
[2022-09-10T17:22:42.442+0000] {processor.py:161} INFO - Processing /home/airflow/.local/lib/python3.7/site-packages/airflow/example_dags/example_skip_dag.py took 0.048 seconds
[2022-09-10T17:23:13.383+0000] {processor.py:153} INFO - Started process (PID=929) to work on /home/airflow/.local/lib/python3.7/site-packages/airflow/example_dags/example_skip_dag.py
[2022-09-10T17:23:13.384+0000] {processor.py:640} INFO - Processing file /home/airflow/.local/lib/python3.7/site-packages/airflow/example_dags/example_skip_dag.py for tasks to queue
[2022-09-10T17:23:13.385+0000] {logging_mixin.py:115} INFO - [2022-09-10T17:23:13.385+0000] {dagbag.py:508} INFO - Filling up the DagBag from /home/airflow/.local/lib/python3.7/site-packages/airflow/example_dags/example_skip_dag.py
[2022-09-10T17:23:13.389+0000] {processor.py:650} INFO - DAG(s) dict_keys(['example_skip_dag']) retrieved from /home/airflow/.local/lib/python3.7/site-packages/airflow/example_dags/example_skip_dag.py
[2022-09-10T17:23:13.410+0000] {logging_mixin.py:115} INFO - [2022-09-10T17:23:13.410+0000] {dag.py:2429} INFO - Sync 1 DAGs
[2022-09-10T17:23:13.423+0000] {logging_mixin.py:115} INFO - [2022-09-10T17:23:13.423+0000] {dag.py:2981} INFO - Setting next_dagrun for example_skip_dag to 2022-09-09T17:23:13.423448+00:00, run_after=2022-09-10T17:23:13.423448+00:00
[2022-09-10T17:23:13.432+0000] {processor.py:161} INFO - Processing /home/airflow/.local/lib/python3.7/site-packages/airflow/example_dags/example_skip_dag.py took 0.053 seconds
[2022-09-10T17:23:44.306+0000] {processor.py:153} INFO - Started process (PID=986) to work on /home/airflow/.local/lib/python3.7/site-packages/airflow/example_dags/example_skip_dag.py
[2022-09-10T17:23:44.308+0000] {processor.py:640} INFO - Processing file /home/airflow/.local/lib/python3.7/site-packages/airflow/example_dags/example_skip_dag.py for tasks to queue
[2022-09-10T17:23:44.309+0000] {logging_mixin.py:115} INFO - [2022-09-10T17:23:44.309+0000] {dagbag.py:508} INFO - Filling up the DagBag from /home/airflow/.local/lib/python3.7/site-packages/airflow/example_dags/example_skip_dag.py
[2022-09-10T17:23:44.312+0000] {processor.py:650} INFO - DAG(s) dict_keys(['example_skip_dag']) retrieved from /home/airflow/.local/lib/python3.7/site-packages/airflow/example_dags/example_skip_dag.py
[2022-09-10T17:23:44.333+0000] {logging_mixin.py:115} INFO - [2022-09-10T17:23:44.333+0000] {dag.py:2429} INFO - Sync 1 DAGs
[2022-09-10T17:23:44.346+0000] {logging_mixin.py:115} INFO - [2022-09-10T17:23:44.346+0000] {dag.py:2981} INFO - Setting next_dagrun for example_skip_dag to 2022-09-09T17:23:44.345989+00:00, run_after=2022-09-10T17:23:44.345989+00:00
[2022-09-10T17:23:44.354+0000] {processor.py:161} INFO - Processing /home/airflow/.local/lib/python3.7/site-packages/airflow/example_dags/example_skip_dag.py took 0.050 seconds
[2022-09-10T17:24:15.388+0000] {processor.py:153} INFO - Started process (PID=1049) to work on /home/airflow/.local/lib/python3.7/site-packages/airflow/example_dags/example_skip_dag.py
[2022-09-10T17:24:15.390+0000] {processor.py:640} INFO - Processing file /home/airflow/.local/lib/python3.7/site-packages/airflow/example_dags/example_skip_dag.py for tasks to queue
[2022-09-10T17:24:15.391+0000] {logging_mixin.py:115} INFO - [2022-09-10T17:24:15.391+0000] {dagbag.py:508} INFO - Filling up the DagBag from /home/airflow/.local/lib/python3.7/site-packages/airflow/example_dags/example_skip_dag.py
[2022-09-10T17:24:15.395+0000] {processor.py:650} INFO - DAG(s) dict_keys(['example_skip_dag']) retrieved from /home/airflow/.local/lib/python3.7/site-packages/airflow/example_dags/example_skip_dag.py
[2022-09-10T17:24:15.414+0000] {logging_mixin.py:115} INFO - [2022-09-10T17:24:15.413+0000] {dag.py:2429} INFO - Sync 1 DAGs
[2022-09-10T17:24:15.427+0000] {logging_mixin.py:115} INFO - [2022-09-10T17:24:15.427+0000] {dag.py:2981} INFO - Setting next_dagrun for example_skip_dag to 2022-09-09T17:24:15.427204+00:00, run_after=2022-09-10T17:24:15.427204+00:00
[2022-09-10T17:24:15.436+0000] {processor.py:161} INFO - Processing /home/airflow/.local/lib/python3.7/site-packages/airflow/example_dags/example_skip_dag.py took 0.050 seconds
[2022-09-10T17:24:46.210+0000] {processor.py:153} INFO - Started process (PID=1112) to work on /home/airflow/.local/lib/python3.7/site-packages/airflow/example_dags/example_skip_dag.py
[2022-09-10T17:24:46.212+0000] {processor.py:640} INFO - Processing file /home/airflow/.local/lib/python3.7/site-packages/airflow/example_dags/example_skip_dag.py for tasks to queue
[2022-09-10T17:24:46.213+0000] {logging_mixin.py:115} INFO - [2022-09-10T17:24:46.213+0000] {dagbag.py:508} INFO - Filling up the DagBag from /home/airflow/.local/lib/python3.7/site-packages/airflow/example_dags/example_skip_dag.py
[2022-09-10T17:24:46.216+0000] {processor.py:650} INFO - DAG(s) dict_keys(['example_skip_dag']) retrieved from /home/airflow/.local/lib/python3.7/site-packages/airflow/example_dags/example_skip_dag.py
[2022-09-10T17:24:46.232+0000] {logging_mixin.py:115} INFO - [2022-09-10T17:24:46.232+0000] {dag.py:2429} INFO - Sync 1 DAGs
[2022-09-10T17:24:46.247+0000] {logging_mixin.py:115} INFO - [2022-09-10T17:24:46.247+0000] {dag.py:2981} INFO - Setting next_dagrun for example_skip_dag to 2022-09-09T17:24:46.247724+00:00, run_after=2022-09-10T17:24:46.247724+00:00
[2022-09-10T17:24:46.255+0000] {processor.py:161} INFO - Processing /home/airflow/.local/lib/python3.7/site-packages/airflow/example_dags/example_skip_dag.py took 0.047 seconds
[2022-09-10T17:25:17.024+0000] {processor.py:153} INFO - Started process (PID=1174) to work on /home/airflow/.local/lib/python3.7/site-packages/airflow/example_dags/example_skip_dag.py
[2022-09-10T17:25:17.025+0000] {processor.py:640} INFO - Processing file /home/airflow/.local/lib/python3.7/site-packages/airflow/example_dags/example_skip_dag.py for tasks to queue
[2022-09-10T17:25:17.027+0000] {logging_mixin.py:115} INFO - [2022-09-10T17:25:17.027+0000] {dagbag.py:508} INFO - Filling up the DagBag from /home/airflow/.local/lib/python3.7/site-packages/airflow/example_dags/example_skip_dag.py
[2022-09-10T17:25:17.031+0000] {processor.py:650} INFO - DAG(s) dict_keys(['example_skip_dag']) retrieved from /home/airflow/.local/lib/python3.7/site-packages/airflow/example_dags/example_skip_dag.py
[2022-09-10T17:25:17.049+0000] {logging_mixin.py:115} INFO - [2022-09-10T17:25:17.049+0000] {dag.py:2429} INFO - Sync 1 DAGs
[2022-09-10T17:25:17.062+0000] {logging_mixin.py:115} INFO - [2022-09-10T17:25:17.062+0000] {dag.py:2981} INFO - Setting next_dagrun for example_skip_dag to 2022-09-09T17:25:17.062690+00:00, run_after=2022-09-10T17:25:17.062690+00:00
[2022-09-10T17:25:17.070+0000] {processor.py:161} INFO - Processing /home/airflow/.local/lib/python3.7/site-packages/airflow/example_dags/example_skip_dag.py took 0.048 seconds
[2022-09-10T17:25:48.014+0000] {processor.py:153} INFO - Started process (PID=1238) to work on /home/airflow/.local/lib/python3.7/site-packages/airflow/example_dags/example_skip_dag.py
[2022-09-10T17:25:48.015+0000] {processor.py:640} INFO - Processing file /home/airflow/.local/lib/python3.7/site-packages/airflow/example_dags/example_skip_dag.py for tasks to queue
[2022-09-10T17:25:48.016+0000] {logging_mixin.py:115} INFO - [2022-09-10T17:25:48.016+0000] {dagbag.py:508} INFO - Filling up the DagBag from /home/airflow/.local/lib/python3.7/site-packages/airflow/example_dags/example_skip_dag.py
[2022-09-10T17:25:48.023+0000] {processor.py:650} INFO - DAG(s) dict_keys(['example_skip_dag']) retrieved from /home/airflow/.local/lib/python3.7/site-packages/airflow/example_dags/example_skip_dag.py
[2022-09-10T17:25:48.047+0000] {logging_mixin.py:115} INFO - [2022-09-10T17:25:48.047+0000] {dag.py:2429} INFO - Sync 1 DAGs
[2022-09-10T17:25:48.064+0000] {logging_mixin.py:115} INFO - [2022-09-10T17:25:48.064+0000] {dag.py:2981} INFO - Setting next_dagrun for example_skip_dag to 2022-09-09T17:25:48.064205+00:00, run_after=2022-09-10T17:25:48.064205+00:00
[2022-09-10T17:25:48.077+0000] {processor.py:161} INFO - Processing /home/airflow/.local/lib/python3.7/site-packages/airflow/example_dags/example_skip_dag.py took 0.066 seconds
[2022-09-10T17:26:18.163+0000] {processor.py:153} INFO - Started process (PID=1292) to work on /home/airflow/.local/lib/python3.7/site-packages/airflow/example_dags/example_skip_dag.py
[2022-09-10T17:26:18.165+0000] {processor.py:640} INFO - Processing file /home/airflow/.local/lib/python3.7/site-packages/airflow/example_dags/example_skip_dag.py for tasks to queue
[2022-09-10T17:26:18.166+0000] {logging_mixin.py:115} INFO - [2022-09-10T17:26:18.166+0000] {dagbag.py:508} INFO - Filling up the DagBag from /home/airflow/.local/lib/python3.7/site-packages/airflow/example_dags/example_skip_dag.py
[2022-09-10T17:26:18.170+0000] {processor.py:650} INFO - DAG(s) dict_keys(['example_skip_dag']) retrieved from /home/airflow/.local/lib/python3.7/site-packages/airflow/example_dags/example_skip_dag.py
[2022-09-10T17:26:18.190+0000] {logging_mixin.py:115} INFO - [2022-09-10T17:26:18.190+0000] {dag.py:2429} INFO - Sync 1 DAGs
[2022-09-10T17:26:18.204+0000] {logging_mixin.py:115} INFO - [2022-09-10T17:26:18.204+0000] {dag.py:2981} INFO - Setting next_dagrun for example_skip_dag to 2022-09-09T17:26:18.203907+00:00, run_after=2022-09-10T17:26:18.203907+00:00
[2022-09-10T17:26:18.211+0000] {processor.py:161} INFO - Processing /home/airflow/.local/lib/python3.7/site-packages/airflow/example_dags/example_skip_dag.py took 0.051 seconds
[2022-09-10T17:26:49.270+0000] {processor.py:153} INFO - Started process (PID=1355) to work on /home/airflow/.local/lib/python3.7/site-packages/airflow/example_dags/example_skip_dag.py
[2022-09-10T17:26:49.272+0000] {processor.py:640} INFO - Processing file /home/airflow/.local/lib/python3.7/site-packages/airflow/example_dags/example_skip_dag.py for tasks to queue
[2022-09-10T17:26:49.273+0000] {logging_mixin.py:115} INFO - [2022-09-10T17:26:49.273+0000] {dagbag.py:508} INFO - Filling up the DagBag from /home/airflow/.local/lib/python3.7/site-packages/airflow/example_dags/example_skip_dag.py
[2022-09-10T17:26:49.278+0000] {processor.py:650} INFO - DAG(s) dict_keys(['example_skip_dag']) retrieved from /home/airflow/.local/lib/python3.7/site-packages/airflow/example_dags/example_skip_dag.py
[2022-09-10T17:26:49.296+0000] {logging_mixin.py:115} INFO - [2022-09-10T17:26:49.296+0000] {dag.py:2429} INFO - Sync 1 DAGs
[2022-09-10T17:26:49.309+0000] {logging_mixin.py:115} INFO - [2022-09-10T17:26:49.309+0000] {dag.py:2981} INFO - Setting next_dagrun for example_skip_dag to 2022-09-09T17:26:49.309344+00:00, run_after=2022-09-10T17:26:49.309344+00:00
[2022-09-10T17:26:49.317+0000] {processor.py:161} INFO - Processing /home/airflow/.local/lib/python3.7/site-packages/airflow/example_dags/example_skip_dag.py took 0.050 seconds
[2022-09-10T17:27:20.599+0000] {processor.py:153} INFO - Started process (PID=1419) to work on /home/airflow/.local/lib/python3.7/site-packages/airflow/example_dags/example_skip_dag.py
[2022-09-10T17:27:20.600+0000] {processor.py:640} INFO - Processing file /home/airflow/.local/lib/python3.7/site-packages/airflow/example_dags/example_skip_dag.py for tasks to queue
[2022-09-10T17:27:20.601+0000] {logging_mixin.py:115} INFO - [2022-09-10T17:27:20.601+0000] {dagbag.py:508} INFO - Filling up the DagBag from /home/airflow/.local/lib/python3.7/site-packages/airflow/example_dags/example_skip_dag.py
[2022-09-10T17:27:20.605+0000] {processor.py:650} INFO - DAG(s) dict_keys(['example_skip_dag']) retrieved from /home/airflow/.local/lib/python3.7/site-packages/airflow/example_dags/example_skip_dag.py
[2022-09-10T17:27:20.622+0000] {logging_mixin.py:115} INFO - [2022-09-10T17:27:20.622+0000] {dag.py:2429} INFO - Sync 1 DAGs
[2022-09-10T17:27:20.636+0000] {logging_mixin.py:115} INFO - [2022-09-10T17:27:20.636+0000] {dag.py:2981} INFO - Setting next_dagrun for example_skip_dag to 2022-09-09T17:27:20.636302+00:00, run_after=2022-09-10T17:27:20.636302+00:00
[2022-09-10T17:27:20.646+0000] {processor.py:161} INFO - Processing /home/airflow/.local/lib/python3.7/site-packages/airflow/example_dags/example_skip_dag.py took 0.049 seconds
[2022-09-10T17:27:51.738+0000] {processor.py:153} INFO - Started process (PID=1484) to work on /home/airflow/.local/lib/python3.7/site-packages/airflow/example_dags/example_skip_dag.py
[2022-09-10T17:27:51.740+0000] {processor.py:640} INFO - Processing file /home/airflow/.local/lib/python3.7/site-packages/airflow/example_dags/example_skip_dag.py for tasks to queue
[2022-09-10T17:27:51.742+0000] {logging_mixin.py:115} INFO - [2022-09-10T17:27:51.741+0000] {dagbag.py:508} INFO - Filling up the DagBag from /home/airflow/.local/lib/python3.7/site-packages/airflow/example_dags/example_skip_dag.py
[2022-09-10T17:27:51.746+0000] {processor.py:650} INFO - DAG(s) dict_keys(['example_skip_dag']) retrieved from /home/airflow/.local/lib/python3.7/site-packages/airflow/example_dags/example_skip_dag.py
[2022-09-10T17:27:51.765+0000] {logging_mixin.py:115} INFO - [2022-09-10T17:27:51.765+0000] {dag.py:2429} INFO - Sync 1 DAGs
[2022-09-10T17:27:51.782+0000] {logging_mixin.py:115} INFO - [2022-09-10T17:27:51.782+0000] {dag.py:2981} INFO - Setting next_dagrun for example_skip_dag to 2022-09-09T17:27:51.782707+00:00, run_after=2022-09-10T17:27:51.782707+00:00
[2022-09-10T17:27:51.790+0000] {processor.py:161} INFO - Processing /home/airflow/.local/lib/python3.7/site-packages/airflow/example_dags/example_skip_dag.py took 0.054 seconds
[2022-09-10T17:28:21.891+0000] {processor.py:153} INFO - Started process (PID=1547) to work on /home/airflow/.local/lib/python3.7/site-packages/airflow/example_dags/example_skip_dag.py
[2022-09-10T17:28:21.893+0000] {processor.py:640} INFO - Processing file /home/airflow/.local/lib/python3.7/site-packages/airflow/example_dags/example_skip_dag.py for tasks to queue
[2022-09-10T17:28:21.894+0000] {logging_mixin.py:115} INFO - [2022-09-10T17:28:21.894+0000] {dagbag.py:508} INFO - Filling up the DagBag from /home/airflow/.local/lib/python3.7/site-packages/airflow/example_dags/example_skip_dag.py
[2022-09-10T17:28:21.899+0000] {processor.py:650} INFO - DAG(s) dict_keys(['example_skip_dag']) retrieved from /home/airflow/.local/lib/python3.7/site-packages/airflow/example_dags/example_skip_dag.py
[2022-09-10T17:28:21.917+0000] {logging_mixin.py:115} INFO - [2022-09-10T17:28:21.917+0000] {dag.py:2429} INFO - Sync 1 DAGs
[2022-09-10T17:28:21.932+0000] {logging_mixin.py:115} INFO - [2022-09-10T17:28:21.932+0000] {dag.py:2981} INFO - Setting next_dagrun for example_skip_dag to 2022-09-09T17:28:21.932295+00:00, run_after=2022-09-10T17:28:21.932295+00:00
[2022-09-10T17:28:21.939+0000] {processor.py:161} INFO - Processing /home/airflow/.local/lib/python3.7/site-packages/airflow/example_dags/example_skip_dag.py took 0.050 seconds
[2022-09-10T17:28:52.472+0000] {processor.py:153} INFO - Started process (PID=1610) to work on /home/airflow/.local/lib/python3.7/site-packages/airflow/example_dags/example_skip_dag.py
[2022-09-10T17:28:52.474+0000] {processor.py:640} INFO - Processing file /home/airflow/.local/lib/python3.7/site-packages/airflow/example_dags/example_skip_dag.py for tasks to queue
[2022-09-10T17:28:52.475+0000] {logging_mixin.py:115} INFO - [2022-09-10T17:28:52.475+0000] {dagbag.py:508} INFO - Filling up the DagBag from /home/airflow/.local/lib/python3.7/site-packages/airflow/example_dags/example_skip_dag.py
[2022-09-10T17:28:52.479+0000] {processor.py:650} INFO - DAG(s) dict_keys(['example_skip_dag']) retrieved from /home/airflow/.local/lib/python3.7/site-packages/airflow/example_dags/example_skip_dag.py
[2022-09-10T17:28:52.501+0000] {logging_mixin.py:115} INFO - [2022-09-10T17:28:52.501+0000] {dag.py:2429} INFO - Sync 1 DAGs
[2022-09-10T17:28:52.517+0000] {logging_mixin.py:115} INFO - [2022-09-10T17:28:52.517+0000] {dag.py:2981} INFO - Setting next_dagrun for example_skip_dag to 2022-09-09T17:28:52.517055+00:00, run_after=2022-09-10T17:28:52.517055+00:00
[2022-09-10T17:28:52.525+0000] {processor.py:161} INFO - Processing /home/airflow/.local/lib/python3.7/site-packages/airflow/example_dags/example_skip_dag.py took 0.055 seconds
[2022-09-10T17:29:23.366+0000] {processor.py:153} INFO - Started process (PID=1664) to work on /home/airflow/.local/lib/python3.7/site-packages/airflow/example_dags/example_skip_dag.py
[2022-09-10T17:29:23.368+0000] {processor.py:640} INFO - Processing file /home/airflow/.local/lib/python3.7/site-packages/airflow/example_dags/example_skip_dag.py for tasks to queue
[2022-09-10T17:29:23.369+0000] {logging_mixin.py:115} INFO - [2022-09-10T17:29:23.369+0000] {dagbag.py:508} INFO - Filling up the DagBag from /home/airflow/.local/lib/python3.7/site-packages/airflow/example_dags/example_skip_dag.py
[2022-09-10T17:29:23.374+0000] {processor.py:650} INFO - DAG(s) dict_keys(['example_skip_dag']) retrieved from /home/airflow/.local/lib/python3.7/site-packages/airflow/example_dags/example_skip_dag.py
[2022-09-10T17:29:23.400+0000] {logging_mixin.py:115} INFO - [2022-09-10T17:29:23.400+0000] {dag.py:2429} INFO - Sync 1 DAGs
[2022-09-10T17:29:23.416+0000] {logging_mixin.py:115} INFO - [2022-09-10T17:29:23.416+0000] {dag.py:2981} INFO - Setting next_dagrun for example_skip_dag to 2022-09-09T17:29:23.416256+00:00, run_after=2022-09-10T17:29:23.416256+00:00
[2022-09-10T17:29:23.426+0000] {processor.py:161} INFO - Processing /home/airflow/.local/lib/python3.7/site-packages/airflow/example_dags/example_skip_dag.py took 0.062 seconds
[2022-09-10T17:29:53.570+0000] {processor.py:153} INFO - Started process (PID=1726) to work on /home/airflow/.local/lib/python3.7/site-packages/airflow/example_dags/example_skip_dag.py
[2022-09-10T17:29:53.572+0000] {processor.py:640} INFO - Processing file /home/airflow/.local/lib/python3.7/site-packages/airflow/example_dags/example_skip_dag.py for tasks to queue
[2022-09-10T17:29:53.573+0000] {logging_mixin.py:115} INFO - [2022-09-10T17:29:53.572+0000] {dagbag.py:508} INFO - Filling up the DagBag from /home/airflow/.local/lib/python3.7/site-packages/airflow/example_dags/example_skip_dag.py
[2022-09-10T17:29:53.577+0000] {processor.py:650} INFO - DAG(s) dict_keys(['example_skip_dag']) retrieved from /home/airflow/.local/lib/python3.7/site-packages/airflow/example_dags/example_skip_dag.py
[2022-09-10T17:29:53.594+0000] {logging_mixin.py:115} INFO - [2022-09-10T17:29:53.594+0000] {dag.py:2429} INFO - Sync 1 DAGs
[2022-09-10T17:29:53.608+0000] {logging_mixin.py:115} INFO - [2022-09-10T17:29:53.608+0000] {dag.py:2981} INFO - Setting next_dagrun for example_skip_dag to 2022-09-09T17:29:53.607865+00:00, run_after=2022-09-10T17:29:53.607865+00:00
[2022-09-10T17:29:53.616+0000] {processor.py:161} INFO - Processing /home/airflow/.local/lib/python3.7/site-packages/airflow/example_dags/example_skip_dag.py took 0.048 seconds
[2022-09-10T17:30:24.083+0000] {processor.py:153} INFO - Started process (PID=1789) to work on /home/airflow/.local/lib/python3.7/site-packages/airflow/example_dags/example_skip_dag.py
[2022-09-10T17:30:24.085+0000] {processor.py:640} INFO - Processing file /home/airflow/.local/lib/python3.7/site-packages/airflow/example_dags/example_skip_dag.py for tasks to queue
[2022-09-10T17:30:24.086+0000] {logging_mixin.py:115} INFO - [2022-09-10T17:30:24.086+0000] {dagbag.py:508} INFO - Filling up the DagBag from /home/airflow/.local/lib/python3.7/site-packages/airflow/example_dags/example_skip_dag.py
[2022-09-10T17:30:24.090+0000] {processor.py:650} INFO - DAG(s) dict_keys(['example_skip_dag']) retrieved from /home/airflow/.local/lib/python3.7/site-packages/airflow/example_dags/example_skip_dag.py
[2022-09-10T17:30:24.110+0000] {logging_mixin.py:115} INFO - [2022-09-10T17:30:24.109+0000] {dag.py:2429} INFO - Sync 1 DAGs
[2022-09-10T17:30:24.127+0000] {logging_mixin.py:115} INFO - [2022-09-10T17:30:24.127+0000] {dag.py:2981} INFO - Setting next_dagrun for example_skip_dag to 2022-09-09T17:30:24.127281+00:00, run_after=2022-09-10T17:30:24.127281+00:00
[2022-09-10T17:30:24.137+0000] {processor.py:161} INFO - Processing /home/airflow/.local/lib/python3.7/site-packages/airflow/example_dags/example_skip_dag.py took 0.056 seconds
