[2022-09-10T17:06:40.646+0000] {processor.py:153} INFO - Started process (PID=62) to work on /home/airflow/.local/lib/python3.7/site-packages/airflow/example_dags/example_local_kubernetes_executor.py
[2022-09-10T17:06:40.648+0000] {processor.py:640} INFO - Processing file /home/airflow/.local/lib/python3.7/site-packages/airflow/example_dags/example_local_kubernetes_executor.py for tasks to queue
[2022-09-10T17:06:40.650+0000] {logging_mixin.py:115} INFO - [2022-09-10T17:06:40.649+0000] {dagbag.py:508} INFO - Filling up the DagBag from /home/airflow/.local/lib/python3.7/site-packages/airflow/example_dags/example_local_kubernetes_executor.py
[2022-09-10T17:06:40.713+0000] {processor.py:650} INFO - DAG(s) dict_keys(['example_local_kubernetes_executor']) retrieved from /home/airflow/.local/lib/python3.7/site-packages/airflow/example_dags/example_local_kubernetes_executor.py
[2022-09-10T17:06:40.936+0000] {logging_mixin.py:115} INFO - [2022-09-10T17:06:40.936+0000] {manager.py:508} INFO - Created Permission View: can edit on DAG:example_local_kubernetes_executor
[2022-09-10T17:06:40.954+0000] {logging_mixin.py:115} INFO - [2022-09-10T17:06:40.953+0000] {manager.py:508} INFO - Created Permission View: can delete on DAG:example_local_kubernetes_executor
[2022-09-10T17:06:40.962+0000] {logging_mixin.py:115} INFO - [2022-09-10T17:06:40.962+0000] {manager.py:508} INFO - Created Permission View: can read on DAG:example_local_kubernetes_executor
[2022-09-10T17:06:40.964+0000] {logging_mixin.py:115} INFO - [2022-09-10T17:06:40.964+0000] {dag.py:2429} INFO - Sync 1 DAGs
[2022-09-10T17:06:40.977+0000] {logging_mixin.py:115} INFO - [2022-09-10T17:06:40.977+0000] {dag.py:2448} INFO - Creating ORM DAG for example_local_kubernetes_executor
[2022-09-10T17:06:41.010+0000] {logging_mixin.py:115} INFO - [2022-09-10T17:06:41.010+0000] {dag.py:2981} INFO - Setting next_dagrun for example_local_kubernetes_executor to None, run_after=None
[2022-09-10T17:06:41.058+0000] {processor.py:161} INFO - Processing /home/airflow/.local/lib/python3.7/site-packages/airflow/example_dags/example_local_kubernetes_executor.py took 0.415 seconds
[2022-09-10T17:07:11.377+0000] {processor.py:153} INFO - Started process (PID=126) to work on /home/airflow/.local/lib/python3.7/site-packages/airflow/example_dags/example_local_kubernetes_executor.py
[2022-09-10T17:07:11.379+0000] {processor.py:640} INFO - Processing file /home/airflow/.local/lib/python3.7/site-packages/airflow/example_dags/example_local_kubernetes_executor.py for tasks to queue
[2022-09-10T17:07:11.379+0000] {logging_mixin.py:115} INFO - [2022-09-10T17:07:11.379+0000] {dagbag.py:508} INFO - Filling up the DagBag from /home/airflow/.local/lib/python3.7/site-packages/airflow/example_dags/example_local_kubernetes_executor.py
[2022-09-10T17:07:11.389+0000] {processor.py:650} INFO - DAG(s) dict_keys(['example_local_kubernetes_executor']) retrieved from /home/airflow/.local/lib/python3.7/site-packages/airflow/example_dags/example_local_kubernetes_executor.py
[2022-09-10T17:07:11.404+0000] {logging_mixin.py:115} INFO - [2022-09-10T17:07:11.404+0000] {dag.py:2429} INFO - Sync 1 DAGs
[2022-09-10T17:07:11.415+0000] {logging_mixin.py:115} INFO - [2022-09-10T17:07:11.414+0000] {dag.py:2981} INFO - Setting next_dagrun for example_local_kubernetes_executor to None, run_after=None
[2022-09-10T17:07:11.421+0000] {processor.py:161} INFO - Processing /home/airflow/.local/lib/python3.7/site-packages/airflow/example_dags/example_local_kubernetes_executor.py took 0.046 seconds
[2022-09-10T17:07:42.312+0000] {processor.py:153} INFO - Started process (PID=189) to work on /home/airflow/.local/lib/python3.7/site-packages/airflow/example_dags/example_local_kubernetes_executor.py
[2022-09-10T17:07:42.313+0000] {processor.py:640} INFO - Processing file /home/airflow/.local/lib/python3.7/site-packages/airflow/example_dags/example_local_kubernetes_executor.py for tasks to queue
[2022-09-10T17:07:42.314+0000] {logging_mixin.py:115} INFO - [2022-09-10T17:07:42.314+0000] {dagbag.py:508} INFO - Filling up the DagBag from /home/airflow/.local/lib/python3.7/site-packages/airflow/example_dags/example_local_kubernetes_executor.py
[2022-09-10T17:07:42.328+0000] {processor.py:650} INFO - DAG(s) dict_keys(['example_local_kubernetes_executor']) retrieved from /home/airflow/.local/lib/python3.7/site-packages/airflow/example_dags/example_local_kubernetes_executor.py
[2022-09-10T17:07:42.347+0000] {logging_mixin.py:115} INFO - [2022-09-10T17:07:42.347+0000] {dag.py:2429} INFO - Sync 1 DAGs
[2022-09-10T17:07:42.367+0000] {logging_mixin.py:115} INFO - [2022-09-10T17:07:42.367+0000] {dag.py:2981} INFO - Setting next_dagrun for example_local_kubernetes_executor to None, run_after=None
[2022-09-10T17:07:42.377+0000] {processor.py:161} INFO - Processing /home/airflow/.local/lib/python3.7/site-packages/airflow/example_dags/example_local_kubernetes_executor.py took 0.068 seconds
[2022-09-10T17:08:13.201+0000] {processor.py:153} INFO - Started process (PID=243) to work on /home/airflow/.local/lib/python3.7/site-packages/airflow/example_dags/example_local_kubernetes_executor.py
[2022-09-10T17:08:13.203+0000] {processor.py:640} INFO - Processing file /home/airflow/.local/lib/python3.7/site-packages/airflow/example_dags/example_local_kubernetes_executor.py for tasks to queue
[2022-09-10T17:08:13.204+0000] {logging_mixin.py:115} INFO - [2022-09-10T17:08:13.204+0000] {dagbag.py:508} INFO - Filling up the DagBag from /home/airflow/.local/lib/python3.7/site-packages/airflow/example_dags/example_local_kubernetes_executor.py
[2022-09-10T17:08:13.215+0000] {processor.py:650} INFO - DAG(s) dict_keys(['example_local_kubernetes_executor']) retrieved from /home/airflow/.local/lib/python3.7/site-packages/airflow/example_dags/example_local_kubernetes_executor.py
[2022-09-10T17:08:13.230+0000] {logging_mixin.py:115} INFO - [2022-09-10T17:08:13.230+0000] {dag.py:2429} INFO - Sync 1 DAGs
[2022-09-10T17:08:13.243+0000] {logging_mixin.py:115} INFO - [2022-09-10T17:08:13.243+0000] {dag.py:2981} INFO - Setting next_dagrun for example_local_kubernetes_executor to None, run_after=None
[2022-09-10T17:08:13.250+0000] {processor.py:161} INFO - Processing /home/airflow/.local/lib/python3.7/site-packages/airflow/example_dags/example_local_kubernetes_executor.py took 0.052 seconds
[2022-09-10T17:08:44.061+0000] {processor.py:153} INFO - Started process (PID=305) to work on /home/airflow/.local/lib/python3.7/site-packages/airflow/example_dags/example_local_kubernetes_executor.py
[2022-09-10T17:08:44.063+0000] {processor.py:640} INFO - Processing file /home/airflow/.local/lib/python3.7/site-packages/airflow/example_dags/example_local_kubernetes_executor.py for tasks to queue
[2022-09-10T17:08:44.064+0000] {logging_mixin.py:115} INFO - [2022-09-10T17:08:44.064+0000] {dagbag.py:508} INFO - Filling up the DagBag from /home/airflow/.local/lib/python3.7/site-packages/airflow/example_dags/example_local_kubernetes_executor.py
[2022-09-10T17:08:44.077+0000] {processor.py:650} INFO - DAG(s) dict_keys(['example_local_kubernetes_executor']) retrieved from /home/airflow/.local/lib/python3.7/site-packages/airflow/example_dags/example_local_kubernetes_executor.py
[2022-09-10T17:08:44.093+0000] {logging_mixin.py:115} INFO - [2022-09-10T17:08:44.093+0000] {dag.py:2429} INFO - Sync 1 DAGs
[2022-09-10T17:08:44.107+0000] {logging_mixin.py:115} INFO - [2022-09-10T17:08:44.107+0000] {dag.py:2981} INFO - Setting next_dagrun for example_local_kubernetes_executor to None, run_after=None
[2022-09-10T17:08:44.114+0000] {processor.py:161} INFO - Processing /home/airflow/.local/lib/python3.7/site-packages/airflow/example_dags/example_local_kubernetes_executor.py took 0.055 seconds
[2022-09-10T17:09:14.854+0000] {processor.py:153} INFO - Started process (PID=369) to work on /home/airflow/.local/lib/python3.7/site-packages/airflow/example_dags/example_local_kubernetes_executor.py
[2022-09-10T17:09:14.856+0000] {processor.py:640} INFO - Processing file /home/airflow/.local/lib/python3.7/site-packages/airflow/example_dags/example_local_kubernetes_executor.py for tasks to queue
[2022-09-10T17:09:14.856+0000] {logging_mixin.py:115} INFO - [2022-09-10T17:09:14.856+0000] {dagbag.py:508} INFO - Filling up the DagBag from /home/airflow/.local/lib/python3.7/site-packages/airflow/example_dags/example_local_kubernetes_executor.py
[2022-09-10T17:09:14.867+0000] {processor.py:650} INFO - DAG(s) dict_keys(['example_local_kubernetes_executor']) retrieved from /home/airflow/.local/lib/python3.7/site-packages/airflow/example_dags/example_local_kubernetes_executor.py
[2022-09-10T17:09:14.883+0000] {logging_mixin.py:115} INFO - [2022-09-10T17:09:14.883+0000] {dag.py:2429} INFO - Sync 1 DAGs
[2022-09-10T17:09:14.896+0000] {logging_mixin.py:115} INFO - [2022-09-10T17:09:14.896+0000] {dag.py:2981} INFO - Setting next_dagrun for example_local_kubernetes_executor to None, run_after=None
[2022-09-10T17:09:14.904+0000] {processor.py:161} INFO - Processing /home/airflow/.local/lib/python3.7/site-packages/airflow/example_dags/example_local_kubernetes_executor.py took 0.052 seconds
[2022-09-10T17:09:45.718+0000] {processor.py:153} INFO - Started process (PID=433) to work on /home/airflow/.local/lib/python3.7/site-packages/airflow/example_dags/example_local_kubernetes_executor.py
[2022-09-10T17:09:45.720+0000] {processor.py:640} INFO - Processing file /home/airflow/.local/lib/python3.7/site-packages/airflow/example_dags/example_local_kubernetes_executor.py for tasks to queue
[2022-09-10T17:09:45.721+0000] {logging_mixin.py:115} INFO - [2022-09-10T17:09:45.721+0000] {dagbag.py:508} INFO - Filling up the DagBag from /home/airflow/.local/lib/python3.7/site-packages/airflow/example_dags/example_local_kubernetes_executor.py
[2022-09-10T17:09:45.732+0000] {processor.py:650} INFO - DAG(s) dict_keys(['example_local_kubernetes_executor']) retrieved from /home/airflow/.local/lib/python3.7/site-packages/airflow/example_dags/example_local_kubernetes_executor.py
[2022-09-10T17:09:45.748+0000] {logging_mixin.py:115} INFO - [2022-09-10T17:09:45.748+0000] {dag.py:2429} INFO - Sync 1 DAGs
[2022-09-10T17:09:45.760+0000] {logging_mixin.py:115} INFO - [2022-09-10T17:09:45.760+0000] {dag.py:2981} INFO - Setting next_dagrun for example_local_kubernetes_executor to None, run_after=None
[2022-09-10T17:09:45.766+0000] {processor.py:161} INFO - Processing /home/airflow/.local/lib/python3.7/site-packages/airflow/example_dags/example_local_kubernetes_executor.py took 0.051 seconds
[2022-09-10T17:10:16.497+0000] {processor.py:153} INFO - Started process (PID=497) to work on /home/airflow/.local/lib/python3.7/site-packages/airflow/example_dags/example_local_kubernetes_executor.py
[2022-09-10T17:10:16.498+0000] {processor.py:640} INFO - Processing file /home/airflow/.local/lib/python3.7/site-packages/airflow/example_dags/example_local_kubernetes_executor.py for tasks to queue
[2022-09-10T17:10:16.500+0000] {logging_mixin.py:115} INFO - [2022-09-10T17:10:16.500+0000] {dagbag.py:508} INFO - Filling up the DagBag from /home/airflow/.local/lib/python3.7/site-packages/airflow/example_dags/example_local_kubernetes_executor.py
[2022-09-10T17:10:16.514+0000] {processor.py:650} INFO - DAG(s) dict_keys(['example_local_kubernetes_executor']) retrieved from /home/airflow/.local/lib/python3.7/site-packages/airflow/example_dags/example_local_kubernetes_executor.py
[2022-09-10T17:10:16.532+0000] {logging_mixin.py:115} INFO - [2022-09-10T17:10:16.532+0000] {dag.py:2429} INFO - Sync 1 DAGs
[2022-09-10T17:10:16.544+0000] {logging_mixin.py:115} INFO - [2022-09-10T17:10:16.543+0000] {dag.py:2981} INFO - Setting next_dagrun for example_local_kubernetes_executor to None, run_after=None
[2022-09-10T17:10:16.550+0000] {processor.py:161} INFO - Processing /home/airflow/.local/lib/python3.7/site-packages/airflow/example_dags/example_local_kubernetes_executor.py took 0.056 seconds
[2022-09-10T17:10:47.511+0000] {processor.py:153} INFO - Started process (PID=560) to work on /home/airflow/.local/lib/python3.7/site-packages/airflow/example_dags/example_local_kubernetes_executor.py
[2022-09-10T17:10:47.512+0000] {processor.py:640} INFO - Processing file /home/airflow/.local/lib/python3.7/site-packages/airflow/example_dags/example_local_kubernetes_executor.py for tasks to queue
[2022-09-10T17:10:47.514+0000] {logging_mixin.py:115} INFO - [2022-09-10T17:10:47.514+0000] {dagbag.py:508} INFO - Filling up the DagBag from /home/airflow/.local/lib/python3.7/site-packages/airflow/example_dags/example_local_kubernetes_executor.py
[2022-09-10T17:10:47.526+0000] {processor.py:650} INFO - DAG(s) dict_keys(['example_local_kubernetes_executor']) retrieved from /home/airflow/.local/lib/python3.7/site-packages/airflow/example_dags/example_local_kubernetes_executor.py
[2022-09-10T17:10:47.542+0000] {logging_mixin.py:115} INFO - [2022-09-10T17:10:47.542+0000] {dag.py:2429} INFO - Sync 1 DAGs
[2022-09-10T17:10:47.557+0000] {logging_mixin.py:115} INFO - [2022-09-10T17:10:47.557+0000] {dag.py:2981} INFO - Setting next_dagrun for example_local_kubernetes_executor to None, run_after=None
[2022-09-10T17:10:47.564+0000] {processor.py:161} INFO - Processing /home/airflow/.local/lib/python3.7/site-packages/airflow/example_dags/example_local_kubernetes_executor.py took 0.056 seconds
[2022-09-10T17:13:04.301+0000] {processor.py:153} INFO - Started process (PID=61) to work on /home/airflow/.local/lib/python3.7/site-packages/airflow/example_dags/example_local_kubernetes_executor.py
[2022-09-10T17:13:04.307+0000] {processor.py:640} INFO - Processing file /home/airflow/.local/lib/python3.7/site-packages/airflow/example_dags/example_local_kubernetes_executor.py for tasks to queue
[2022-09-10T17:13:04.310+0000] {logging_mixin.py:115} INFO - [2022-09-10T17:13:04.310+0000] {dagbag.py:508} INFO - Filling up the DagBag from /home/airflow/.local/lib/python3.7/site-packages/airflow/example_dags/example_local_kubernetes_executor.py
[2022-09-10T17:13:04.371+0000] {processor.py:650} INFO - DAG(s) dict_keys(['example_local_kubernetes_executor']) retrieved from /home/airflow/.local/lib/python3.7/site-packages/airflow/example_dags/example_local_kubernetes_executor.py
[2022-09-10T17:13:04.456+0000] {logging_mixin.py:115} INFO - [2022-09-10T17:13:04.456+0000] {dag.py:2429} INFO - Sync 1 DAGs
[2022-09-10T17:13:04.510+0000] {logging_mixin.py:115} INFO - [2022-09-10T17:13:04.509+0000] {dag.py:2981} INFO - Setting next_dagrun for example_local_kubernetes_executor to None, run_after=None
[2022-09-10T17:13:05.108+0000] {processor.py:161} INFO - Processing /home/airflow/.local/lib/python3.7/site-packages/airflow/example_dags/example_local_kubernetes_executor.py took 0.819 seconds
[2022-09-10T17:13:35.373+0000] {processor.py:153} INFO - Started process (PID=116) to work on /home/airflow/.local/lib/python3.7/site-packages/airflow/example_dags/example_local_kubernetes_executor.py
[2022-09-10T17:13:35.375+0000] {processor.py:640} INFO - Processing file /home/airflow/.local/lib/python3.7/site-packages/airflow/example_dags/example_local_kubernetes_executor.py for tasks to queue
[2022-09-10T17:13:35.377+0000] {logging_mixin.py:115} INFO - [2022-09-10T17:13:35.377+0000] {dagbag.py:508} INFO - Filling up the DagBag from /home/airflow/.local/lib/python3.7/site-packages/airflow/example_dags/example_local_kubernetes_executor.py
[2022-09-10T17:13:35.405+0000] {processor.py:650} INFO - DAG(s) dict_keys(['example_local_kubernetes_executor']) retrieved from /home/airflow/.local/lib/python3.7/site-packages/airflow/example_dags/example_local_kubernetes_executor.py
[2022-09-10T17:13:35.435+0000] {logging_mixin.py:115} INFO - [2022-09-10T17:13:35.434+0000] {dag.py:2429} INFO - Sync 1 DAGs
[2022-09-10T17:13:35.488+0000] {logging_mixin.py:115} INFO - [2022-09-10T17:13:35.488+0000] {dag.py:2981} INFO - Setting next_dagrun for example_local_kubernetes_executor to None, run_after=None
[2022-09-10T17:13:35.696+0000] {processor.py:161} INFO - Processing /home/airflow/.local/lib/python3.7/site-packages/airflow/example_dags/example_local_kubernetes_executor.py took 0.326 seconds
[2022-09-10T17:14:05.747+0000] {processor.py:153} INFO - Started process (PID=180) to work on /home/airflow/.local/lib/python3.7/site-packages/airflow/example_dags/example_local_kubernetes_executor.py
[2022-09-10T17:14:05.749+0000] {processor.py:640} INFO - Processing file /home/airflow/.local/lib/python3.7/site-packages/airflow/example_dags/example_local_kubernetes_executor.py for tasks to queue
[2022-09-10T17:14:05.750+0000] {logging_mixin.py:115} INFO - [2022-09-10T17:14:05.750+0000] {dagbag.py:508} INFO - Filling up the DagBag from /home/airflow/.local/lib/python3.7/site-packages/airflow/example_dags/example_local_kubernetes_executor.py
[2022-09-10T17:14:05.761+0000] {processor.py:650} INFO - DAG(s) dict_keys(['example_local_kubernetes_executor']) retrieved from /home/airflow/.local/lib/python3.7/site-packages/airflow/example_dags/example_local_kubernetes_executor.py
[2022-09-10T17:14:05.776+0000] {logging_mixin.py:115} INFO - [2022-09-10T17:14:05.776+0000] {dag.py:2429} INFO - Sync 1 DAGs
[2022-09-10T17:14:05.789+0000] {logging_mixin.py:115} INFO - [2022-09-10T17:14:05.789+0000] {dag.py:2981} INFO - Setting next_dagrun for example_local_kubernetes_executor to None, run_after=None
[2022-09-10T17:14:05.887+0000] {processor.py:161} INFO - Processing /home/airflow/.local/lib/python3.7/site-packages/airflow/example_dags/example_local_kubernetes_executor.py took 0.143 seconds
[2022-09-10T17:16:05.343+0000] {processor.py:153} INFO - Started process (PID=65) to work on /home/airflow/.local/lib/python3.7/site-packages/airflow/example_dags/example_local_kubernetes_executor.py
[2022-09-10T17:16:05.347+0000] {processor.py:640} INFO - Processing file /home/airflow/.local/lib/python3.7/site-packages/airflow/example_dags/example_local_kubernetes_executor.py for tasks to queue
[2022-09-10T17:16:05.349+0000] {logging_mixin.py:115} INFO - [2022-09-10T17:16:05.349+0000] {dagbag.py:508} INFO - Filling up the DagBag from /home/airflow/.local/lib/python3.7/site-packages/airflow/example_dags/example_local_kubernetes_executor.py
[2022-09-10T17:16:05.386+0000] {processor.py:650} INFO - DAG(s) dict_keys(['example_local_kubernetes_executor']) retrieved from /home/airflow/.local/lib/python3.7/site-packages/airflow/example_dags/example_local_kubernetes_executor.py
[2022-09-10T17:16:05.484+0000] {logging_mixin.py:115} INFO - [2022-09-10T17:16:05.484+0000] {dag.py:2429} INFO - Sync 1 DAGs
[2022-09-10T17:16:05.539+0000] {logging_mixin.py:115} INFO - [2022-09-10T17:16:05.539+0000] {dag.py:2981} INFO - Setting next_dagrun for example_local_kubernetes_executor to None, run_after=None
[2022-09-10T17:16:05.605+0000] {processor.py:161} INFO - Processing /home/airflow/.local/lib/python3.7/site-packages/airflow/example_dags/example_local_kubernetes_executor.py took 0.268 seconds
[2022-09-10T17:16:36.156+0000] {processor.py:153} INFO - Started process (PID=127) to work on /home/airflow/.local/lib/python3.7/site-packages/airflow/example_dags/example_local_kubernetes_executor.py
[2022-09-10T17:16:36.157+0000] {processor.py:640} INFO - Processing file /home/airflow/.local/lib/python3.7/site-packages/airflow/example_dags/example_local_kubernetes_executor.py for tasks to queue
[2022-09-10T17:16:36.161+0000] {logging_mixin.py:115} INFO - [2022-09-10T17:16:36.161+0000] {dagbag.py:508} INFO - Filling up the DagBag from /home/airflow/.local/lib/python3.7/site-packages/airflow/example_dags/example_local_kubernetes_executor.py
[2022-09-10T17:16:36.181+0000] {processor.py:650} INFO - DAG(s) dict_keys(['example_local_kubernetes_executor']) retrieved from /home/airflow/.local/lib/python3.7/site-packages/airflow/example_dags/example_local_kubernetes_executor.py
[2022-09-10T17:16:36.204+0000] {logging_mixin.py:115} INFO - [2022-09-10T17:16:36.203+0000] {dag.py:2429} INFO - Sync 1 DAGs
[2022-09-10T17:16:36.220+0000] {logging_mixin.py:115} INFO - [2022-09-10T17:16:36.219+0000] {dag.py:2981} INFO - Setting next_dagrun for example_local_kubernetes_executor to None, run_after=None
[2022-09-10T17:16:36.228+0000] {processor.py:161} INFO - Processing /home/airflow/.local/lib/python3.7/site-packages/airflow/example_dags/example_local_kubernetes_executor.py took 0.075 seconds
[2022-09-10T17:17:06.305+0000] {processor.py:153} INFO - Started process (PID=191) to work on /home/airflow/.local/lib/python3.7/site-packages/airflow/example_dags/example_local_kubernetes_executor.py
[2022-09-10T17:17:06.307+0000] {processor.py:640} INFO - Processing file /home/airflow/.local/lib/python3.7/site-packages/airflow/example_dags/example_local_kubernetes_executor.py for tasks to queue
[2022-09-10T17:17:06.308+0000] {logging_mixin.py:115} INFO - [2022-09-10T17:17:06.307+0000] {dagbag.py:508} INFO - Filling up the DagBag from /home/airflow/.local/lib/python3.7/site-packages/airflow/example_dags/example_local_kubernetes_executor.py
[2022-09-10T17:17:06.323+0000] {processor.py:650} INFO - DAG(s) dict_keys(['example_local_kubernetes_executor']) retrieved from /home/airflow/.local/lib/python3.7/site-packages/airflow/example_dags/example_local_kubernetes_executor.py
[2022-09-10T17:17:06.350+0000] {logging_mixin.py:115} INFO - [2022-09-10T17:17:06.350+0000] {dag.py:2429} INFO - Sync 1 DAGs
[2022-09-10T17:17:06.366+0000] {logging_mixin.py:115} INFO - [2022-09-10T17:17:06.366+0000] {dag.py:2981} INFO - Setting next_dagrun for example_local_kubernetes_executor to None, run_after=None
[2022-09-10T17:17:06.375+0000] {processor.py:161} INFO - Processing /home/airflow/.local/lib/python3.7/site-packages/airflow/example_dags/example_local_kubernetes_executor.py took 0.073 seconds
[2022-09-10T17:17:36.574+0000] {processor.py:153} INFO - Started process (PID=245) to work on /home/airflow/.local/lib/python3.7/site-packages/airflow/example_dags/example_local_kubernetes_executor.py
[2022-09-10T17:17:36.577+0000] {processor.py:640} INFO - Processing file /home/airflow/.local/lib/python3.7/site-packages/airflow/example_dags/example_local_kubernetes_executor.py for tasks to queue
[2022-09-10T17:17:36.578+0000] {logging_mixin.py:115} INFO - [2022-09-10T17:17:36.578+0000] {dagbag.py:508} INFO - Filling up the DagBag from /home/airflow/.local/lib/python3.7/site-packages/airflow/example_dags/example_local_kubernetes_executor.py
[2022-09-10T17:17:36.590+0000] {processor.py:650} INFO - DAG(s) dict_keys(['example_local_kubernetes_executor']) retrieved from /home/airflow/.local/lib/python3.7/site-packages/airflow/example_dags/example_local_kubernetes_executor.py
[2022-09-10T17:17:36.609+0000] {logging_mixin.py:115} INFO - [2022-09-10T17:17:36.609+0000] {dag.py:2429} INFO - Sync 1 DAGs
[2022-09-10T17:17:36.622+0000] {logging_mixin.py:115} INFO - [2022-09-10T17:17:36.622+0000] {dag.py:2981} INFO - Setting next_dagrun for example_local_kubernetes_executor to None, run_after=None
[2022-09-10T17:17:36.632+0000] {processor.py:161} INFO - Processing /home/airflow/.local/lib/python3.7/site-packages/airflow/example_dags/example_local_kubernetes_executor.py took 0.061 seconds
[2022-09-10T17:18:06.799+0000] {processor.py:153} INFO - Started process (PID=308) to work on /home/airflow/.local/lib/python3.7/site-packages/airflow/example_dags/example_local_kubernetes_executor.py
[2022-09-10T17:18:06.800+0000] {processor.py:640} INFO - Processing file /home/airflow/.local/lib/python3.7/site-packages/airflow/example_dags/example_local_kubernetes_executor.py for tasks to queue
[2022-09-10T17:18:06.801+0000] {logging_mixin.py:115} INFO - [2022-09-10T17:18:06.801+0000] {dagbag.py:508} INFO - Filling up the DagBag from /home/airflow/.local/lib/python3.7/site-packages/airflow/example_dags/example_local_kubernetes_executor.py
[2022-09-10T17:18:06.812+0000] {processor.py:650} INFO - DAG(s) dict_keys(['example_local_kubernetes_executor']) retrieved from /home/airflow/.local/lib/python3.7/site-packages/airflow/example_dags/example_local_kubernetes_executor.py
[2022-09-10T17:18:06.825+0000] {logging_mixin.py:115} INFO - [2022-09-10T17:18:06.825+0000] {dag.py:2429} INFO - Sync 1 DAGs
[2022-09-10T17:18:06.837+0000] {logging_mixin.py:115} INFO - [2022-09-10T17:18:06.837+0000] {dag.py:2981} INFO - Setting next_dagrun for example_local_kubernetes_executor to None, run_after=None
[2022-09-10T17:18:06.845+0000] {processor.py:161} INFO - Processing /home/airflow/.local/lib/python3.7/site-packages/airflow/example_dags/example_local_kubernetes_executor.py took 0.048 seconds
[2022-09-10T17:18:37.809+0000] {processor.py:153} INFO - Started process (PID=371) to work on /home/airflow/.local/lib/python3.7/site-packages/airflow/example_dags/example_local_kubernetes_executor.py
[2022-09-10T17:18:37.813+0000] {processor.py:640} INFO - Processing file /home/airflow/.local/lib/python3.7/site-packages/airflow/example_dags/example_local_kubernetes_executor.py for tasks to queue
[2022-09-10T17:18:37.816+0000] {logging_mixin.py:115} INFO - [2022-09-10T17:18:37.816+0000] {dagbag.py:508} INFO - Filling up the DagBag from /home/airflow/.local/lib/python3.7/site-packages/airflow/example_dags/example_local_kubernetes_executor.py
[2022-09-10T17:18:37.839+0000] {processor.py:650} INFO - DAG(s) dict_keys(['example_local_kubernetes_executor']) retrieved from /home/airflow/.local/lib/python3.7/site-packages/airflow/example_dags/example_local_kubernetes_executor.py
[2022-09-10T17:18:37.865+0000] {logging_mixin.py:115} INFO - [2022-09-10T17:18:37.865+0000] {dag.py:2429} INFO - Sync 1 DAGs
[2022-09-10T17:18:37.878+0000] {logging_mixin.py:115} INFO - [2022-09-10T17:18:37.878+0000] {dag.py:2981} INFO - Setting next_dagrun for example_local_kubernetes_executor to None, run_after=None
[2022-09-10T17:18:37.885+0000] {processor.py:161} INFO - Processing /home/airflow/.local/lib/python3.7/site-packages/airflow/example_dags/example_local_kubernetes_executor.py took 0.079 seconds
[2022-09-10T17:19:07.990+0000] {processor.py:153} INFO - Started process (PID=434) to work on /home/airflow/.local/lib/python3.7/site-packages/airflow/example_dags/example_local_kubernetes_executor.py
[2022-09-10T17:19:07.992+0000] {processor.py:640} INFO - Processing file /home/airflow/.local/lib/python3.7/site-packages/airflow/example_dags/example_local_kubernetes_executor.py for tasks to queue
[2022-09-10T17:19:07.993+0000] {logging_mixin.py:115} INFO - [2022-09-10T17:19:07.993+0000] {dagbag.py:508} INFO - Filling up the DagBag from /home/airflow/.local/lib/python3.7/site-packages/airflow/example_dags/example_local_kubernetes_executor.py
[2022-09-10T17:19:08.006+0000] {processor.py:650} INFO - DAG(s) dict_keys(['example_local_kubernetes_executor']) retrieved from /home/airflow/.local/lib/python3.7/site-packages/airflow/example_dags/example_local_kubernetes_executor.py
[2022-09-10T17:19:08.029+0000] {logging_mixin.py:115} INFO - [2022-09-10T17:19:08.029+0000] {dag.py:2429} INFO - Sync 1 DAGs
[2022-09-10T17:19:08.046+0000] {logging_mixin.py:115} INFO - [2022-09-10T17:19:08.046+0000] {dag.py:2981} INFO - Setting next_dagrun for example_local_kubernetes_executor to None, run_after=None
[2022-09-10T17:19:08.058+0000] {processor.py:161} INFO - Processing /home/airflow/.local/lib/python3.7/site-packages/airflow/example_dags/example_local_kubernetes_executor.py took 0.070 seconds
[2022-09-10T17:19:38.213+0000] {processor.py:153} INFO - Started process (PID=496) to work on /home/airflow/.local/lib/python3.7/site-packages/airflow/example_dags/example_local_kubernetes_executor.py
[2022-09-10T17:19:38.215+0000] {processor.py:640} INFO - Processing file /home/airflow/.local/lib/python3.7/site-packages/airflow/example_dags/example_local_kubernetes_executor.py for tasks to queue
[2022-09-10T17:19:38.216+0000] {logging_mixin.py:115} INFO - [2022-09-10T17:19:38.216+0000] {dagbag.py:508} INFO - Filling up the DagBag from /home/airflow/.local/lib/python3.7/site-packages/airflow/example_dags/example_local_kubernetes_executor.py
[2022-09-10T17:19:38.228+0000] {processor.py:650} INFO - DAG(s) dict_keys(['example_local_kubernetes_executor']) retrieved from /home/airflow/.local/lib/python3.7/site-packages/airflow/example_dags/example_local_kubernetes_executor.py
[2022-09-10T17:19:38.244+0000] {logging_mixin.py:115} INFO - [2022-09-10T17:19:38.243+0000] {dag.py:2429} INFO - Sync 1 DAGs
[2022-09-10T17:19:38.256+0000] {logging_mixin.py:115} INFO - [2022-09-10T17:19:38.256+0000] {dag.py:2981} INFO - Setting next_dagrun for example_local_kubernetes_executor to None, run_after=None
[2022-09-10T17:19:38.267+0000] {processor.py:161} INFO - Processing /home/airflow/.local/lib/python3.7/site-packages/airflow/example_dags/example_local_kubernetes_executor.py took 0.056 seconds
[2022-09-10T17:20:08.534+0000] {processor.py:153} INFO - Started process (PID=551) to work on /home/airflow/.local/lib/python3.7/site-packages/airflow/example_dags/example_local_kubernetes_executor.py
[2022-09-10T17:20:08.536+0000] {processor.py:640} INFO - Processing file /home/airflow/.local/lib/python3.7/site-packages/airflow/example_dags/example_local_kubernetes_executor.py for tasks to queue
[2022-09-10T17:20:08.537+0000] {logging_mixin.py:115} INFO - [2022-09-10T17:20:08.537+0000] {dagbag.py:508} INFO - Filling up the DagBag from /home/airflow/.local/lib/python3.7/site-packages/airflow/example_dags/example_local_kubernetes_executor.py
[2022-09-10T17:20:08.549+0000] {processor.py:650} INFO - DAG(s) dict_keys(['example_local_kubernetes_executor']) retrieved from /home/airflow/.local/lib/python3.7/site-packages/airflow/example_dags/example_local_kubernetes_executor.py
[2022-09-10T17:20:08.569+0000] {logging_mixin.py:115} INFO - [2022-09-10T17:20:08.568+0000] {dag.py:2429} INFO - Sync 1 DAGs
[2022-09-10T17:20:08.585+0000] {logging_mixin.py:115} INFO - [2022-09-10T17:20:08.585+0000] {dag.py:2981} INFO - Setting next_dagrun for example_local_kubernetes_executor to None, run_after=None
[2022-09-10T17:20:08.593+0000] {processor.py:161} INFO - Processing /home/airflow/.local/lib/python3.7/site-packages/airflow/example_dags/example_local_kubernetes_executor.py took 0.061 seconds
[2022-09-10T17:20:39.572+0000] {processor.py:153} INFO - Started process (PID=614) to work on /home/airflow/.local/lib/python3.7/site-packages/airflow/example_dags/example_local_kubernetes_executor.py
[2022-09-10T17:20:39.573+0000] {processor.py:640} INFO - Processing file /home/airflow/.local/lib/python3.7/site-packages/airflow/example_dags/example_local_kubernetes_executor.py for tasks to queue
[2022-09-10T17:20:39.574+0000] {logging_mixin.py:115} INFO - [2022-09-10T17:20:39.574+0000] {dagbag.py:508} INFO - Filling up the DagBag from /home/airflow/.local/lib/python3.7/site-packages/airflow/example_dags/example_local_kubernetes_executor.py
[2022-09-10T17:20:39.585+0000] {processor.py:650} INFO - DAG(s) dict_keys(['example_local_kubernetes_executor']) retrieved from /home/airflow/.local/lib/python3.7/site-packages/airflow/example_dags/example_local_kubernetes_executor.py
[2022-09-10T17:20:39.601+0000] {logging_mixin.py:115} INFO - [2022-09-10T17:20:39.601+0000] {dag.py:2429} INFO - Sync 1 DAGs
[2022-09-10T17:20:39.614+0000] {logging_mixin.py:115} INFO - [2022-09-10T17:20:39.614+0000] {dag.py:2981} INFO - Setting next_dagrun for example_local_kubernetes_executor to None, run_after=None
[2022-09-10T17:20:39.622+0000] {processor.py:161} INFO - Processing /home/airflow/.local/lib/python3.7/site-packages/airflow/example_dags/example_local_kubernetes_executor.py took 0.052 seconds
[2022-09-10T17:21:09.772+0000] {processor.py:153} INFO - Started process (PID=677) to work on /home/airflow/.local/lib/python3.7/site-packages/airflow/example_dags/example_local_kubernetes_executor.py
[2022-09-10T17:21:09.775+0000] {processor.py:640} INFO - Processing file /home/airflow/.local/lib/python3.7/site-packages/airflow/example_dags/example_local_kubernetes_executor.py for tasks to queue
[2022-09-10T17:21:09.776+0000] {logging_mixin.py:115} INFO - [2022-09-10T17:21:09.776+0000] {dagbag.py:508} INFO - Filling up the DagBag from /home/airflow/.local/lib/python3.7/site-packages/airflow/example_dags/example_local_kubernetes_executor.py
[2022-09-10T17:21:09.788+0000] {processor.py:650} INFO - DAG(s) dict_keys(['example_local_kubernetes_executor']) retrieved from /home/airflow/.local/lib/python3.7/site-packages/airflow/example_dags/example_local_kubernetes_executor.py
[2022-09-10T17:21:09.805+0000] {logging_mixin.py:115} INFO - [2022-09-10T17:21:09.805+0000] {dag.py:2429} INFO - Sync 1 DAGs
[2022-09-10T17:21:09.818+0000] {logging_mixin.py:115} INFO - [2022-09-10T17:21:09.817+0000] {dag.py:2981} INFO - Setting next_dagrun for example_local_kubernetes_executor to None, run_after=None
[2022-09-10T17:21:09.826+0000] {processor.py:161} INFO - Processing /home/airflow/.local/lib/python3.7/site-packages/airflow/example_dags/example_local_kubernetes_executor.py took 0.058 seconds
[2022-09-10T17:21:41.599+0000] {processor.py:153} INFO - Started process (PID=740) to work on /home/airflow/.local/lib/python3.7/site-packages/airflow/example_dags/example_local_kubernetes_executor.py
[2022-09-10T17:21:41.602+0000] {processor.py:640} INFO - Processing file /home/airflow/.local/lib/python3.7/site-packages/airflow/example_dags/example_local_kubernetes_executor.py for tasks to queue
[2022-09-10T17:21:41.603+0000] {logging_mixin.py:115} INFO - [2022-09-10T17:21:41.603+0000] {dagbag.py:508} INFO - Filling up the DagBag from /home/airflow/.local/lib/python3.7/site-packages/airflow/example_dags/example_local_kubernetes_executor.py
[2022-09-10T17:21:41.617+0000] {processor.py:650} INFO - DAG(s) dict_keys(['example_local_kubernetes_executor']) retrieved from /home/airflow/.local/lib/python3.7/site-packages/airflow/example_dags/example_local_kubernetes_executor.py
[2022-09-10T17:21:41.643+0000] {logging_mixin.py:115} INFO - [2022-09-10T17:21:41.643+0000] {dag.py:2429} INFO - Sync 1 DAGs
[2022-09-10T17:21:41.659+0000] {logging_mixin.py:115} INFO - [2022-09-10T17:21:41.659+0000] {dag.py:2981} INFO - Setting next_dagrun for example_local_kubernetes_executor to None, run_after=None
[2022-09-10T17:21:41.673+0000] {processor.py:161} INFO - Processing /home/airflow/.local/lib/python3.7/site-packages/airflow/example_dags/example_local_kubernetes_executor.py took 0.076 seconds
[2022-09-10T17:22:11.724+0000] {processor.py:153} INFO - Started process (PID=803) to work on /home/airflow/.local/lib/python3.7/site-packages/airflow/example_dags/example_local_kubernetes_executor.py
[2022-09-10T17:22:11.726+0000] {processor.py:640} INFO - Processing file /home/airflow/.local/lib/python3.7/site-packages/airflow/example_dags/example_local_kubernetes_executor.py for tasks to queue
[2022-09-10T17:22:11.728+0000] {logging_mixin.py:115} INFO - [2022-09-10T17:22:11.727+0000] {dagbag.py:508} INFO - Filling up the DagBag from /home/airflow/.local/lib/python3.7/site-packages/airflow/example_dags/example_local_kubernetes_executor.py
[2022-09-10T17:22:11.742+0000] {processor.py:650} INFO - DAG(s) dict_keys(['example_local_kubernetes_executor']) retrieved from /home/airflow/.local/lib/python3.7/site-packages/airflow/example_dags/example_local_kubernetes_executor.py
[2022-09-10T17:22:11.760+0000] {logging_mixin.py:115} INFO - [2022-09-10T17:22:11.760+0000] {dag.py:2429} INFO - Sync 1 DAGs
[2022-09-10T17:22:11.774+0000] {logging_mixin.py:115} INFO - [2022-09-10T17:22:11.774+0000] {dag.py:2981} INFO - Setting next_dagrun for example_local_kubernetes_executor to None, run_after=None
[2022-09-10T17:22:11.782+0000] {processor.py:161} INFO - Processing /home/airflow/.local/lib/python3.7/site-packages/airflow/example_dags/example_local_kubernetes_executor.py took 0.062 seconds
[2022-09-10T17:22:42.347+0000] {processor.py:153} INFO - Started process (PID=868) to work on /home/airflow/.local/lib/python3.7/site-packages/airflow/example_dags/example_local_kubernetes_executor.py
[2022-09-10T17:22:42.349+0000] {processor.py:640} INFO - Processing file /home/airflow/.local/lib/python3.7/site-packages/airflow/example_dags/example_local_kubernetes_executor.py for tasks to queue
[2022-09-10T17:22:42.349+0000] {logging_mixin.py:115} INFO - [2022-09-10T17:22:42.349+0000] {dagbag.py:508} INFO - Filling up the DagBag from /home/airflow/.local/lib/python3.7/site-packages/airflow/example_dags/example_local_kubernetes_executor.py
[2022-09-10T17:22:42.360+0000] {processor.py:650} INFO - DAG(s) dict_keys(['example_local_kubernetes_executor']) retrieved from /home/airflow/.local/lib/python3.7/site-packages/airflow/example_dags/example_local_kubernetes_executor.py
[2022-09-10T17:22:42.376+0000] {logging_mixin.py:115} INFO - [2022-09-10T17:22:42.376+0000] {dag.py:2429} INFO - Sync 1 DAGs
[2022-09-10T17:22:42.389+0000] {logging_mixin.py:115} INFO - [2022-09-10T17:22:42.389+0000] {dag.py:2981} INFO - Setting next_dagrun for example_local_kubernetes_executor to None, run_after=None
[2022-09-10T17:22:42.398+0000] {processor.py:161} INFO - Processing /home/airflow/.local/lib/python3.7/site-packages/airflow/example_dags/example_local_kubernetes_executor.py took 0.054 seconds
[2022-09-10T17:23:13.298+0000] {processor.py:153} INFO - Started process (PID=922) to work on /home/airflow/.local/lib/python3.7/site-packages/airflow/example_dags/example_local_kubernetes_executor.py
[2022-09-10T17:23:13.300+0000] {processor.py:640} INFO - Processing file /home/airflow/.local/lib/python3.7/site-packages/airflow/example_dags/example_local_kubernetes_executor.py for tasks to queue
[2022-09-10T17:23:13.301+0000] {logging_mixin.py:115} INFO - [2022-09-10T17:23:13.301+0000] {dagbag.py:508} INFO - Filling up the DagBag from /home/airflow/.local/lib/python3.7/site-packages/airflow/example_dags/example_local_kubernetes_executor.py
[2022-09-10T17:23:13.313+0000] {processor.py:650} INFO - DAG(s) dict_keys(['example_local_kubernetes_executor']) retrieved from /home/airflow/.local/lib/python3.7/site-packages/airflow/example_dags/example_local_kubernetes_executor.py
[2022-09-10T17:23:13.341+0000] {logging_mixin.py:115} INFO - [2022-09-10T17:23:13.341+0000] {dag.py:2429} INFO - Sync 1 DAGs
[2022-09-10T17:23:13.358+0000] {logging_mixin.py:115} INFO - [2022-09-10T17:23:13.358+0000] {dag.py:2981} INFO - Setting next_dagrun for example_local_kubernetes_executor to None, run_after=None
[2022-09-10T17:23:13.368+0000] {processor.py:161} INFO - Processing /home/airflow/.local/lib/python3.7/site-packages/airflow/example_dags/example_local_kubernetes_executor.py took 0.073 seconds
[2022-09-10T17:23:44.302+0000] {processor.py:153} INFO - Started process (PID=985) to work on /home/airflow/.local/lib/python3.7/site-packages/airflow/example_dags/example_local_kubernetes_executor.py
[2022-09-10T17:23:44.304+0000] {processor.py:640} INFO - Processing file /home/airflow/.local/lib/python3.7/site-packages/airflow/example_dags/example_local_kubernetes_executor.py for tasks to queue
[2022-09-10T17:23:44.305+0000] {logging_mixin.py:115} INFO - [2022-09-10T17:23:44.305+0000] {dagbag.py:508} INFO - Filling up the DagBag from /home/airflow/.local/lib/python3.7/site-packages/airflow/example_dags/example_local_kubernetes_executor.py
[2022-09-10T17:23:44.317+0000] {processor.py:650} INFO - DAG(s) dict_keys(['example_local_kubernetes_executor']) retrieved from /home/airflow/.local/lib/python3.7/site-packages/airflow/example_dags/example_local_kubernetes_executor.py
[2022-09-10T17:23:44.333+0000] {logging_mixin.py:115} INFO - [2022-09-10T17:23:44.333+0000] {dag.py:2429} INFO - Sync 1 DAGs
[2022-09-10T17:23:44.346+0000] {logging_mixin.py:115} INFO - [2022-09-10T17:23:44.346+0000] {dag.py:2981} INFO - Setting next_dagrun for example_local_kubernetes_executor to None, run_after=None
[2022-09-10T17:23:44.354+0000] {processor.py:161} INFO - Processing /home/airflow/.local/lib/python3.7/site-packages/airflow/example_dags/example_local_kubernetes_executor.py took 0.054 seconds
[2022-09-10T17:24:15.384+0000] {processor.py:153} INFO - Started process (PID=1048) to work on /home/airflow/.local/lib/python3.7/site-packages/airflow/example_dags/example_local_kubernetes_executor.py
[2022-09-10T17:24:15.385+0000] {processor.py:640} INFO - Processing file /home/airflow/.local/lib/python3.7/site-packages/airflow/example_dags/example_local_kubernetes_executor.py for tasks to queue
[2022-09-10T17:24:15.386+0000] {logging_mixin.py:115} INFO - [2022-09-10T17:24:15.386+0000] {dagbag.py:508} INFO - Filling up the DagBag from /home/airflow/.local/lib/python3.7/site-packages/airflow/example_dags/example_local_kubernetes_executor.py
[2022-09-10T17:24:15.399+0000] {processor.py:650} INFO - DAG(s) dict_keys(['example_local_kubernetes_executor']) retrieved from /home/airflow/.local/lib/python3.7/site-packages/airflow/example_dags/example_local_kubernetes_executor.py
[2022-09-10T17:24:15.417+0000] {logging_mixin.py:115} INFO - [2022-09-10T17:24:15.417+0000] {dag.py:2429} INFO - Sync 1 DAGs
[2022-09-10T17:24:15.431+0000] {logging_mixin.py:115} INFO - [2022-09-10T17:24:15.430+0000] {dag.py:2981} INFO - Setting next_dagrun for example_local_kubernetes_executor to None, run_after=None
[2022-09-10T17:24:15.441+0000] {processor.py:161} INFO - Processing /home/airflow/.local/lib/python3.7/site-packages/airflow/example_dags/example_local_kubernetes_executor.py took 0.059 seconds
[2022-09-10T17:24:46.146+0000] {processor.py:153} INFO - Started process (PID=1111) to work on /home/airflow/.local/lib/python3.7/site-packages/airflow/example_dags/example_local_kubernetes_executor.py
[2022-09-10T17:24:46.147+0000] {processor.py:640} INFO - Processing file /home/airflow/.local/lib/python3.7/site-packages/airflow/example_dags/example_local_kubernetes_executor.py for tasks to queue
[2022-09-10T17:24:46.148+0000] {logging_mixin.py:115} INFO - [2022-09-10T17:24:46.148+0000] {dagbag.py:508} INFO - Filling up the DagBag from /home/airflow/.local/lib/python3.7/site-packages/airflow/example_dags/example_local_kubernetes_executor.py
[2022-09-10T17:24:46.159+0000] {processor.py:650} INFO - DAG(s) dict_keys(['example_local_kubernetes_executor']) retrieved from /home/airflow/.local/lib/python3.7/site-packages/airflow/example_dags/example_local_kubernetes_executor.py
[2022-09-10T17:24:46.174+0000] {logging_mixin.py:115} INFO - [2022-09-10T17:24:46.174+0000] {dag.py:2429} INFO - Sync 1 DAGs
[2022-09-10T17:24:46.186+0000] {logging_mixin.py:115} INFO - [2022-09-10T17:24:46.186+0000] {dag.py:2981} INFO - Setting next_dagrun for example_local_kubernetes_executor to None, run_after=None
[2022-09-10T17:24:46.193+0000] {processor.py:161} INFO - Processing /home/airflow/.local/lib/python3.7/site-packages/airflow/example_dags/example_local_kubernetes_executor.py took 0.049 seconds
[2022-09-10T17:25:16.962+0000] {processor.py:153} INFO - Started process (PID=1173) to work on /home/airflow/.local/lib/python3.7/site-packages/airflow/example_dags/example_local_kubernetes_executor.py
[2022-09-10T17:25:16.964+0000] {processor.py:640} INFO - Processing file /home/airflow/.local/lib/python3.7/site-packages/airflow/example_dags/example_local_kubernetes_executor.py for tasks to queue
[2022-09-10T17:25:16.965+0000] {logging_mixin.py:115} INFO - [2022-09-10T17:25:16.964+0000] {dagbag.py:508} INFO - Filling up the DagBag from /home/airflow/.local/lib/python3.7/site-packages/airflow/example_dags/example_local_kubernetes_executor.py
[2022-09-10T17:25:16.976+0000] {processor.py:650} INFO - DAG(s) dict_keys(['example_local_kubernetes_executor']) retrieved from /home/airflow/.local/lib/python3.7/site-packages/airflow/example_dags/example_local_kubernetes_executor.py
[2022-09-10T17:25:16.992+0000] {logging_mixin.py:115} INFO - [2022-09-10T17:25:16.992+0000] {dag.py:2429} INFO - Sync 1 DAGs
[2022-09-10T17:25:17.004+0000] {logging_mixin.py:115} INFO - [2022-09-10T17:25:17.004+0000] {dag.py:2981} INFO - Setting next_dagrun for example_local_kubernetes_executor to None, run_after=None
[2022-09-10T17:25:17.012+0000] {processor.py:161} INFO - Processing /home/airflow/.local/lib/python3.7/site-packages/airflow/example_dags/example_local_kubernetes_executor.py took 0.053 seconds
[2022-09-10T17:25:48.012+0000] {processor.py:153} INFO - Started process (PID=1237) to work on /home/airflow/.local/lib/python3.7/site-packages/airflow/example_dags/example_local_kubernetes_executor.py
[2022-09-10T17:25:48.013+0000] {processor.py:640} INFO - Processing file /home/airflow/.local/lib/python3.7/site-packages/airflow/example_dags/example_local_kubernetes_executor.py for tasks to queue
[2022-09-10T17:25:48.015+0000] {logging_mixin.py:115} INFO - [2022-09-10T17:25:48.014+0000] {dagbag.py:508} INFO - Filling up the DagBag from /home/airflow/.local/lib/python3.7/site-packages/airflow/example_dags/example_local_kubernetes_executor.py
[2022-09-10T17:25:48.034+0000] {processor.py:650} INFO - DAG(s) dict_keys(['example_local_kubernetes_executor']) retrieved from /home/airflow/.local/lib/python3.7/site-packages/airflow/example_dags/example_local_kubernetes_executor.py
[2022-09-10T17:25:48.060+0000] {logging_mixin.py:115} INFO - [2022-09-10T17:25:48.060+0000] {dag.py:2429} INFO - Sync 1 DAGs
[2022-09-10T17:25:48.083+0000] {logging_mixin.py:115} INFO - [2022-09-10T17:25:48.083+0000] {dag.py:2981} INFO - Setting next_dagrun for example_local_kubernetes_executor to None, run_after=None
[2022-09-10T17:25:48.094+0000] {processor.py:161} INFO - Processing /home/airflow/.local/lib/python3.7/site-packages/airflow/example_dags/example_local_kubernetes_executor.py took 0.086 seconds
[2022-09-10T17:26:18.155+0000] {processor.py:153} INFO - Started process (PID=1291) to work on /home/airflow/.local/lib/python3.7/site-packages/airflow/example_dags/example_local_kubernetes_executor.py
[2022-09-10T17:26:18.158+0000] {processor.py:640} INFO - Processing file /home/airflow/.local/lib/python3.7/site-packages/airflow/example_dags/example_local_kubernetes_executor.py for tasks to queue
[2022-09-10T17:26:18.160+0000] {logging_mixin.py:115} INFO - [2022-09-10T17:26:18.160+0000] {dagbag.py:508} INFO - Filling up the DagBag from /home/airflow/.local/lib/python3.7/site-packages/airflow/example_dags/example_local_kubernetes_executor.py
[2022-09-10T17:26:18.174+0000] {processor.py:650} INFO - DAG(s) dict_keys(['example_local_kubernetes_executor']) retrieved from /home/airflow/.local/lib/python3.7/site-packages/airflow/example_dags/example_local_kubernetes_executor.py
[2022-09-10T17:26:18.192+0000] {logging_mixin.py:115} INFO - [2022-09-10T17:26:18.192+0000] {dag.py:2429} INFO - Sync 1 DAGs
[2022-09-10T17:26:18.203+0000] {logging_mixin.py:115} INFO - [2022-09-10T17:26:18.203+0000] {dag.py:2981} INFO - Setting next_dagrun for example_local_kubernetes_executor to None, run_after=None
[2022-09-10T17:26:18.211+0000] {processor.py:161} INFO - Processing /home/airflow/.local/lib/python3.7/site-packages/airflow/example_dags/example_local_kubernetes_executor.py took 0.058 seconds
[2022-09-10T17:26:49.262+0000] {processor.py:153} INFO - Started process (PID=1354) to work on /home/airflow/.local/lib/python3.7/site-packages/airflow/example_dags/example_local_kubernetes_executor.py
[2022-09-10T17:26:49.264+0000] {processor.py:640} INFO - Processing file /home/airflow/.local/lib/python3.7/site-packages/airflow/example_dags/example_local_kubernetes_executor.py for tasks to queue
[2022-09-10T17:26:49.265+0000] {logging_mixin.py:115} INFO - [2022-09-10T17:26:49.265+0000] {dagbag.py:508} INFO - Filling up the DagBag from /home/airflow/.local/lib/python3.7/site-packages/airflow/example_dags/example_local_kubernetes_executor.py
[2022-09-10T17:26:49.276+0000] {processor.py:650} INFO - DAG(s) dict_keys(['example_local_kubernetes_executor']) retrieved from /home/airflow/.local/lib/python3.7/site-packages/airflow/example_dags/example_local_kubernetes_executor.py
[2022-09-10T17:26:49.295+0000] {logging_mixin.py:115} INFO - [2022-09-10T17:26:49.295+0000] {dag.py:2429} INFO - Sync 1 DAGs
[2022-09-10T17:26:49.309+0000] {logging_mixin.py:115} INFO - [2022-09-10T17:26:49.309+0000] {dag.py:2981} INFO - Setting next_dagrun for example_local_kubernetes_executor to None, run_after=None
[2022-09-10T17:26:49.317+0000] {processor.py:161} INFO - Processing /home/airflow/.local/lib/python3.7/site-packages/airflow/example_dags/example_local_kubernetes_executor.py took 0.058 seconds
[2022-09-10T17:27:20.596+0000] {processor.py:153} INFO - Started process (PID=1418) to work on /home/airflow/.local/lib/python3.7/site-packages/airflow/example_dags/example_local_kubernetes_executor.py
[2022-09-10T17:27:20.598+0000] {processor.py:640} INFO - Processing file /home/airflow/.local/lib/python3.7/site-packages/airflow/example_dags/example_local_kubernetes_executor.py for tasks to queue
[2022-09-10T17:27:20.600+0000] {logging_mixin.py:115} INFO - [2022-09-10T17:27:20.599+0000] {dagbag.py:508} INFO - Filling up the DagBag from /home/airflow/.local/lib/python3.7/site-packages/airflow/example_dags/example_local_kubernetes_executor.py
[2022-09-10T17:27:20.612+0000] {processor.py:650} INFO - DAG(s) dict_keys(['example_local_kubernetes_executor']) retrieved from /home/airflow/.local/lib/python3.7/site-packages/airflow/example_dags/example_local_kubernetes_executor.py
[2022-09-10T17:27:20.629+0000] {logging_mixin.py:115} INFO - [2022-09-10T17:27:20.629+0000] {dag.py:2429} INFO - Sync 1 DAGs
[2022-09-10T17:27:20.643+0000] {logging_mixin.py:115} INFO - [2022-09-10T17:27:20.642+0000] {dag.py:2981} INFO - Setting next_dagrun for example_local_kubernetes_executor to None, run_after=None
[2022-09-10T17:27:20.651+0000] {processor.py:161} INFO - Processing /home/airflow/.local/lib/python3.7/site-packages/airflow/example_dags/example_local_kubernetes_executor.py took 0.058 seconds
[2022-09-10T17:27:51.690+0000] {processor.py:153} INFO - Started process (PID=1483) to work on /home/airflow/.local/lib/python3.7/site-packages/airflow/example_dags/example_local_kubernetes_executor.py
[2022-09-10T17:27:51.691+0000] {processor.py:640} INFO - Processing file /home/airflow/.local/lib/python3.7/site-packages/airflow/example_dags/example_local_kubernetes_executor.py for tasks to queue
[2022-09-10T17:27:51.692+0000] {logging_mixin.py:115} INFO - [2022-09-10T17:27:51.692+0000] {dagbag.py:508} INFO - Filling up the DagBag from /home/airflow/.local/lib/python3.7/site-packages/airflow/example_dags/example_local_kubernetes_executor.py
[2022-09-10T17:27:51.702+0000] {processor.py:650} INFO - DAG(s) dict_keys(['example_local_kubernetes_executor']) retrieved from /home/airflow/.local/lib/python3.7/site-packages/airflow/example_dags/example_local_kubernetes_executor.py
[2022-09-10T17:27:51.718+0000] {logging_mixin.py:115} INFO - [2022-09-10T17:27:51.718+0000] {dag.py:2429} INFO - Sync 1 DAGs
[2022-09-10T17:27:51.733+0000] {logging_mixin.py:115} INFO - [2022-09-10T17:27:51.733+0000] {dag.py:2981} INFO - Setting next_dagrun for example_local_kubernetes_executor to None, run_after=None
[2022-09-10T17:27:51.742+0000] {processor.py:161} INFO - Processing /home/airflow/.local/lib/python3.7/site-packages/airflow/example_dags/example_local_kubernetes_executor.py took 0.054 seconds
[2022-09-10T17:28:21.847+0000] {processor.py:153} INFO - Started process (PID=1546) to work on /home/airflow/.local/lib/python3.7/site-packages/airflow/example_dags/example_local_kubernetes_executor.py
[2022-09-10T17:28:21.848+0000] {processor.py:640} INFO - Processing file /home/airflow/.local/lib/python3.7/site-packages/airflow/example_dags/example_local_kubernetes_executor.py for tasks to queue
[2022-09-10T17:28:21.850+0000] {logging_mixin.py:115} INFO - [2022-09-10T17:28:21.849+0000] {dagbag.py:508} INFO - Filling up the DagBag from /home/airflow/.local/lib/python3.7/site-packages/airflow/example_dags/example_local_kubernetes_executor.py
[2022-09-10T17:28:21.860+0000] {processor.py:650} INFO - DAG(s) dict_keys(['example_local_kubernetes_executor']) retrieved from /home/airflow/.local/lib/python3.7/site-packages/airflow/example_dags/example_local_kubernetes_executor.py
[2022-09-10T17:28:21.877+0000] {logging_mixin.py:115} INFO - [2022-09-10T17:28:21.877+0000] {dag.py:2429} INFO - Sync 1 DAGs
[2022-09-10T17:28:21.892+0000] {logging_mixin.py:115} INFO - [2022-09-10T17:28:21.892+0000] {dag.py:2981} INFO - Setting next_dagrun for example_local_kubernetes_executor to None, run_after=None
[2022-09-10T17:28:21.900+0000] {processor.py:161} INFO - Processing /home/airflow/.local/lib/python3.7/site-packages/airflow/example_dags/example_local_kubernetes_executor.py took 0.056 seconds
[2022-09-10T17:28:52.428+0000] {processor.py:153} INFO - Started process (PID=1609) to work on /home/airflow/.local/lib/python3.7/site-packages/airflow/example_dags/example_local_kubernetes_executor.py
[2022-09-10T17:28:52.430+0000] {processor.py:640} INFO - Processing file /home/airflow/.local/lib/python3.7/site-packages/airflow/example_dags/example_local_kubernetes_executor.py for tasks to queue
[2022-09-10T17:28:52.431+0000] {logging_mixin.py:115} INFO - [2022-09-10T17:28:52.431+0000] {dagbag.py:508} INFO - Filling up the DagBag from /home/airflow/.local/lib/python3.7/site-packages/airflow/example_dags/example_local_kubernetes_executor.py
[2022-09-10T17:28:52.444+0000] {processor.py:650} INFO - DAG(s) dict_keys(['example_local_kubernetes_executor']) retrieved from /home/airflow/.local/lib/python3.7/site-packages/airflow/example_dags/example_local_kubernetes_executor.py
[2022-09-10T17:28:52.462+0000] {logging_mixin.py:115} INFO - [2022-09-10T17:28:52.462+0000] {dag.py:2429} INFO - Sync 1 DAGs
[2022-09-10T17:28:52.476+0000] {logging_mixin.py:115} INFO - [2022-09-10T17:28:52.476+0000] {dag.py:2981} INFO - Setting next_dagrun for example_local_kubernetes_executor to None, run_after=None
[2022-09-10T17:28:52.483+0000] {processor.py:161} INFO - Processing /home/airflow/.local/lib/python3.7/site-packages/airflow/example_dags/example_local_kubernetes_executor.py took 0.057 seconds
[2022-09-10T17:29:23.312+0000] {processor.py:153} INFO - Started process (PID=1663) to work on /home/airflow/.local/lib/python3.7/site-packages/airflow/example_dags/example_local_kubernetes_executor.py
[2022-09-10T17:29:23.313+0000] {processor.py:640} INFO - Processing file /home/airflow/.local/lib/python3.7/site-packages/airflow/example_dags/example_local_kubernetes_executor.py for tasks to queue
[2022-09-10T17:29:23.314+0000] {logging_mixin.py:115} INFO - [2022-09-10T17:29:23.314+0000] {dagbag.py:508} INFO - Filling up the DagBag from /home/airflow/.local/lib/python3.7/site-packages/airflow/example_dags/example_local_kubernetes_executor.py
[2022-09-10T17:29:23.326+0000] {processor.py:650} INFO - DAG(s) dict_keys(['example_local_kubernetes_executor']) retrieved from /home/airflow/.local/lib/python3.7/site-packages/airflow/example_dags/example_local_kubernetes_executor.py
[2022-09-10T17:29:23.342+0000] {logging_mixin.py:115} INFO - [2022-09-10T17:29:23.342+0000] {dag.py:2429} INFO - Sync 1 DAGs
[2022-09-10T17:29:23.357+0000] {logging_mixin.py:115} INFO - [2022-09-10T17:29:23.357+0000] {dag.py:2981} INFO - Setting next_dagrun for example_local_kubernetes_executor to None, run_after=None
[2022-09-10T17:29:23.366+0000] {processor.py:161} INFO - Processing /home/airflow/.local/lib/python3.7/site-packages/airflow/example_dags/example_local_kubernetes_executor.py took 0.058 seconds
[2022-09-10T17:29:53.519+0000] {processor.py:153} INFO - Started process (PID=1725) to work on /home/airflow/.local/lib/python3.7/site-packages/airflow/example_dags/example_local_kubernetes_executor.py
[2022-09-10T17:29:53.521+0000] {processor.py:640} INFO - Processing file /home/airflow/.local/lib/python3.7/site-packages/airflow/example_dags/example_local_kubernetes_executor.py for tasks to queue
[2022-09-10T17:29:53.521+0000] {logging_mixin.py:115} INFO - [2022-09-10T17:29:53.521+0000] {dagbag.py:508} INFO - Filling up the DagBag from /home/airflow/.local/lib/python3.7/site-packages/airflow/example_dags/example_local_kubernetes_executor.py
[2022-09-10T17:29:53.532+0000] {processor.py:650} INFO - DAG(s) dict_keys(['example_local_kubernetes_executor']) retrieved from /home/airflow/.local/lib/python3.7/site-packages/airflow/example_dags/example_local_kubernetes_executor.py
[2022-09-10T17:29:53.547+0000] {logging_mixin.py:115} INFO - [2022-09-10T17:29:53.547+0000] {dag.py:2429} INFO - Sync 1 DAGs
[2022-09-10T17:29:53.560+0000] {logging_mixin.py:115} INFO - [2022-09-10T17:29:53.560+0000] {dag.py:2981} INFO - Setting next_dagrun for example_local_kubernetes_executor to None, run_after=None
[2022-09-10T17:29:53.569+0000] {processor.py:161} INFO - Processing /home/airflow/.local/lib/python3.7/site-packages/airflow/example_dags/example_local_kubernetes_executor.py took 0.052 seconds
[2022-09-10T17:30:24.030+0000] {processor.py:153} INFO - Started process (PID=1788) to work on /home/airflow/.local/lib/python3.7/site-packages/airflow/example_dags/example_local_kubernetes_executor.py
[2022-09-10T17:30:24.032+0000] {processor.py:640} INFO - Processing file /home/airflow/.local/lib/python3.7/site-packages/airflow/example_dags/example_local_kubernetes_executor.py for tasks to queue
[2022-09-10T17:30:24.033+0000] {logging_mixin.py:115} INFO - [2022-09-10T17:30:24.033+0000] {dagbag.py:508} INFO - Filling up the DagBag from /home/airflow/.local/lib/python3.7/site-packages/airflow/example_dags/example_local_kubernetes_executor.py
[2022-09-10T17:30:24.045+0000] {processor.py:650} INFO - DAG(s) dict_keys(['example_local_kubernetes_executor']) retrieved from /home/airflow/.local/lib/python3.7/site-packages/airflow/example_dags/example_local_kubernetes_executor.py
[2022-09-10T17:30:24.062+0000] {logging_mixin.py:115} INFO - [2022-09-10T17:30:24.062+0000] {dag.py:2429} INFO - Sync 1 DAGs
[2022-09-10T17:30:24.077+0000] {logging_mixin.py:115} INFO - [2022-09-10T17:30:24.077+0000] {dag.py:2981} INFO - Setting next_dagrun for example_local_kubernetes_executor to None, run_after=None
[2022-09-10T17:30:24.089+0000] {processor.py:161} INFO - Processing /home/airflow/.local/lib/python3.7/site-packages/airflow/example_dags/example_local_kubernetes_executor.py took 0.061 seconds
