[2022-09-10T17:06:37.991+0000] {processor.py:153} INFO - Started process (PID=48) to work on /home/airflow/.local/lib/python3.7/site-packages/airflow/example_dags/example_latest_only_with_trigger.py
[2022-09-10T17:06:37.993+0000] {processor.py:640} INFO - Processing file /home/airflow/.local/lib/python3.7/site-packages/airflow/example_dags/example_latest_only_with_trigger.py for tasks to queue
[2022-09-10T17:06:37.996+0000] {logging_mixin.py:115} INFO - [2022-09-10T17:06:37.994+0000] {dagbag.py:508} INFO - Filling up the DagBag from /home/airflow/.local/lib/python3.7/site-packages/airflow/example_dags/example_latest_only_with_trigger.py
[2022-09-10T17:06:38.026+0000] {processor.py:650} INFO - DAG(s) dict_keys(['latest_only_with_trigger']) retrieved from /home/airflow/.local/lib/python3.7/site-packages/airflow/example_dags/example_latest_only_with_trigger.py
[2022-09-10T17:06:38.155+0000] {logging_mixin.py:115} INFO - [2022-09-10T17:06:38.155+0000] {manager.py:508} INFO - Created Permission View: can edit on DAG:latest_only_with_trigger
[2022-09-10T17:06:38.167+0000] {logging_mixin.py:115} INFO - [2022-09-10T17:06:38.167+0000] {manager.py:508} INFO - Created Permission View: can delete on DAG:latest_only_with_trigger
[2022-09-10T17:06:38.174+0000] {logging_mixin.py:115} INFO - [2022-09-10T17:06:38.174+0000] {manager.py:508} INFO - Created Permission View: can read on DAG:latest_only_with_trigger
[2022-09-10T17:06:38.176+0000] {logging_mixin.py:115} INFO - [2022-09-10T17:06:38.175+0000] {dag.py:2429} INFO - Sync 1 DAGs
[2022-09-10T17:06:38.192+0000] {logging_mixin.py:115} INFO - [2022-09-10T17:06:38.192+0000] {dag.py:2448} INFO - Creating ORM DAG for latest_only_with_trigger
[2022-09-10T17:06:38.206+0000] {logging_mixin.py:115} INFO - [2022-09-10T17:06:38.206+0000] {dag.py:2981} INFO - Setting next_dagrun for latest_only_with_trigger to 2022-09-10T13:06:38.205980+00:00, run_after=2022-09-10T17:06:38.205980+00:00
[2022-09-10T17:06:38.237+0000] {processor.py:161} INFO - Processing /home/airflow/.local/lib/python3.7/site-packages/airflow/example_dags/example_latest_only_with_trigger.py took 0.262 seconds
[2022-09-10T17:07:08.470+0000] {processor.py:153} INFO - Started process (PID=103) to work on /home/airflow/.local/lib/python3.7/site-packages/airflow/example_dags/example_latest_only_with_trigger.py
[2022-09-10T17:07:08.471+0000] {processor.py:640} INFO - Processing file /home/airflow/.local/lib/python3.7/site-packages/airflow/example_dags/example_latest_only_with_trigger.py for tasks to queue
[2022-09-10T17:07:08.472+0000] {logging_mixin.py:115} INFO - [2022-09-10T17:07:08.472+0000] {dagbag.py:508} INFO - Filling up the DagBag from /home/airflow/.local/lib/python3.7/site-packages/airflow/example_dags/example_latest_only_with_trigger.py
[2022-09-10T17:07:08.478+0000] {processor.py:650} INFO - DAG(s) dict_keys(['latest_only_with_trigger']) retrieved from /home/airflow/.local/lib/python3.7/site-packages/airflow/example_dags/example_latest_only_with_trigger.py
[2022-09-10T17:07:08.494+0000] {logging_mixin.py:115} INFO - [2022-09-10T17:07:08.494+0000] {dag.py:2429} INFO - Sync 1 DAGs
[2022-09-10T17:07:08.507+0000] {logging_mixin.py:115} INFO - [2022-09-10T17:07:08.507+0000] {dag.py:2981} INFO - Setting next_dagrun for latest_only_with_trigger to 2022-09-10T13:07:08.507170+00:00, run_after=2022-09-10T17:07:08.507170+00:00
[2022-09-10T17:07:08.514+0000] {processor.py:161} INFO - Processing /home/airflow/.local/lib/python3.7/site-packages/airflow/example_dags/example_latest_only_with_trigger.py took 0.047 seconds
[2022-09-10T17:07:38.664+0000] {processor.py:153} INFO - Started process (PID=166) to work on /home/airflow/.local/lib/python3.7/site-packages/airflow/example_dags/example_latest_only_with_trigger.py
[2022-09-10T17:07:38.665+0000] {processor.py:640} INFO - Processing file /home/airflow/.local/lib/python3.7/site-packages/airflow/example_dags/example_latest_only_with_trigger.py for tasks to queue
[2022-09-10T17:07:38.667+0000] {logging_mixin.py:115} INFO - [2022-09-10T17:07:38.667+0000] {dagbag.py:508} INFO - Filling up the DagBag from /home/airflow/.local/lib/python3.7/site-packages/airflow/example_dags/example_latest_only_with_trigger.py
[2022-09-10T17:07:38.673+0000] {processor.py:650} INFO - DAG(s) dict_keys(['latest_only_with_trigger']) retrieved from /home/airflow/.local/lib/python3.7/site-packages/airflow/example_dags/example_latest_only_with_trigger.py
[2022-09-10T17:07:38.690+0000] {logging_mixin.py:115} INFO - [2022-09-10T17:07:38.690+0000] {dag.py:2429} INFO - Sync 1 DAGs
[2022-09-10T17:07:38.706+0000] {logging_mixin.py:115} INFO - [2022-09-10T17:07:38.706+0000] {dag.py:2981} INFO - Setting next_dagrun for latest_only_with_trigger to 2022-09-10T13:07:38.706385+00:00, run_after=2022-09-10T17:07:38.706385+00:00
[2022-09-10T17:07:38.714+0000] {processor.py:161} INFO - Processing /home/airflow/.local/lib/python3.7/site-packages/airflow/example_dags/example_latest_only_with_trigger.py took 0.053 seconds
[2022-09-10T17:08:09.474+0000] {processor.py:153} INFO - Started process (PID=229) to work on /home/airflow/.local/lib/python3.7/site-packages/airflow/example_dags/example_latest_only_with_trigger.py
[2022-09-10T17:08:09.475+0000] {processor.py:640} INFO - Processing file /home/airflow/.local/lib/python3.7/site-packages/airflow/example_dags/example_latest_only_with_trigger.py for tasks to queue
[2022-09-10T17:08:09.476+0000] {logging_mixin.py:115} INFO - [2022-09-10T17:08:09.476+0000] {dagbag.py:508} INFO - Filling up the DagBag from /home/airflow/.local/lib/python3.7/site-packages/airflow/example_dags/example_latest_only_with_trigger.py
[2022-09-10T17:08:09.480+0000] {processor.py:650} INFO - DAG(s) dict_keys(['latest_only_with_trigger']) retrieved from /home/airflow/.local/lib/python3.7/site-packages/airflow/example_dags/example_latest_only_with_trigger.py
[2022-09-10T17:08:09.496+0000] {logging_mixin.py:115} INFO - [2022-09-10T17:08:09.496+0000] {dag.py:2429} INFO - Sync 1 DAGs
[2022-09-10T17:08:09.510+0000] {logging_mixin.py:115} INFO - [2022-09-10T17:08:09.510+0000] {dag.py:2981} INFO - Setting next_dagrun for latest_only_with_trigger to 2022-09-10T13:08:09.509868+00:00, run_after=2022-09-10T17:08:09.509868+00:00
[2022-09-10T17:08:09.517+0000] {processor.py:161} INFO - Processing /home/airflow/.local/lib/python3.7/site-packages/airflow/example_dags/example_latest_only_with_trigger.py took 0.045 seconds
[2022-09-10T17:08:40.412+0000] {processor.py:153} INFO - Started process (PID=291) to work on /home/airflow/.local/lib/python3.7/site-packages/airflow/example_dags/example_latest_only_with_trigger.py
[2022-09-10T17:08:40.413+0000] {processor.py:640} INFO - Processing file /home/airflow/.local/lib/python3.7/site-packages/airflow/example_dags/example_latest_only_with_trigger.py for tasks to queue
[2022-09-10T17:08:40.414+0000] {logging_mixin.py:115} INFO - [2022-09-10T17:08:40.414+0000] {dagbag.py:508} INFO - Filling up the DagBag from /home/airflow/.local/lib/python3.7/site-packages/airflow/example_dags/example_latest_only_with_trigger.py
[2022-09-10T17:08:40.418+0000] {processor.py:650} INFO - DAG(s) dict_keys(['latest_only_with_trigger']) retrieved from /home/airflow/.local/lib/python3.7/site-packages/airflow/example_dags/example_latest_only_with_trigger.py
[2022-09-10T17:08:40.434+0000] {logging_mixin.py:115} INFO - [2022-09-10T17:08:40.434+0000] {dag.py:2429} INFO - Sync 1 DAGs
[2022-09-10T17:08:40.447+0000] {logging_mixin.py:115} INFO - [2022-09-10T17:08:40.447+0000] {dag.py:2981} INFO - Setting next_dagrun for latest_only_with_trigger to 2022-09-10T13:08:40.447011+00:00, run_after=2022-09-10T17:08:40.447011+00:00
[2022-09-10T17:08:40.453+0000] {processor.py:161} INFO - Processing /home/airflow/.local/lib/python3.7/site-packages/airflow/example_dags/example_latest_only_with_trigger.py took 0.043 seconds
[2022-09-10T17:09:11.222+0000] {processor.py:153} INFO - Started process (PID=355) to work on /home/airflow/.local/lib/python3.7/site-packages/airflow/example_dags/example_latest_only_with_trigger.py
[2022-09-10T17:09:11.224+0000] {processor.py:640} INFO - Processing file /home/airflow/.local/lib/python3.7/site-packages/airflow/example_dags/example_latest_only_with_trigger.py for tasks to queue
[2022-09-10T17:09:11.225+0000] {logging_mixin.py:115} INFO - [2022-09-10T17:09:11.225+0000] {dagbag.py:508} INFO - Filling up the DagBag from /home/airflow/.local/lib/python3.7/site-packages/airflow/example_dags/example_latest_only_with_trigger.py
[2022-09-10T17:09:11.229+0000] {processor.py:650} INFO - DAG(s) dict_keys(['latest_only_with_trigger']) retrieved from /home/airflow/.local/lib/python3.7/site-packages/airflow/example_dags/example_latest_only_with_trigger.py
[2022-09-10T17:09:11.245+0000] {logging_mixin.py:115} INFO - [2022-09-10T17:09:11.245+0000] {dag.py:2429} INFO - Sync 1 DAGs
[2022-09-10T17:09:11.257+0000] {logging_mixin.py:115} INFO - [2022-09-10T17:09:11.257+0000] {dag.py:2981} INFO - Setting next_dagrun for latest_only_with_trigger to 2022-09-10T13:09:11.257375+00:00, run_after=2022-09-10T17:09:11.257375+00:00
[2022-09-10T17:09:11.266+0000] {processor.py:161} INFO - Processing /home/airflow/.local/lib/python3.7/site-packages/airflow/example_dags/example_latest_only_with_trigger.py took 0.045 seconds
[2022-09-10T17:09:42.076+0000] {processor.py:153} INFO - Started process (PID=419) to work on /home/airflow/.local/lib/python3.7/site-packages/airflow/example_dags/example_latest_only_with_trigger.py
[2022-09-10T17:09:42.078+0000] {processor.py:640} INFO - Processing file /home/airflow/.local/lib/python3.7/site-packages/airflow/example_dags/example_latest_only_with_trigger.py for tasks to queue
[2022-09-10T17:09:42.078+0000] {logging_mixin.py:115} INFO - [2022-09-10T17:09:42.078+0000] {dagbag.py:508} INFO - Filling up the DagBag from /home/airflow/.local/lib/python3.7/site-packages/airflow/example_dags/example_latest_only_with_trigger.py
[2022-09-10T17:09:42.082+0000] {processor.py:650} INFO - DAG(s) dict_keys(['latest_only_with_trigger']) retrieved from /home/airflow/.local/lib/python3.7/site-packages/airflow/example_dags/example_latest_only_with_trigger.py
[2022-09-10T17:09:42.099+0000] {logging_mixin.py:115} INFO - [2022-09-10T17:09:42.099+0000] {dag.py:2429} INFO - Sync 1 DAGs
[2022-09-10T17:09:42.112+0000] {logging_mixin.py:115} INFO - [2022-09-10T17:09:42.111+0000] {dag.py:2981} INFO - Setting next_dagrun for latest_only_with_trigger to 2022-09-10T13:09:42.111786+00:00, run_after=2022-09-10T17:09:42.111786+00:00
[2022-09-10T17:09:42.119+0000] {processor.py:161} INFO - Processing /home/airflow/.local/lib/python3.7/site-packages/airflow/example_dags/example_latest_only_with_trigger.py took 0.045 seconds
[2022-09-10T17:10:12.889+0000] {processor.py:153} INFO - Started process (PID=473) to work on /home/airflow/.local/lib/python3.7/site-packages/airflow/example_dags/example_latest_only_with_trigger.py
[2022-09-10T17:10:12.890+0000] {processor.py:640} INFO - Processing file /home/airflow/.local/lib/python3.7/site-packages/airflow/example_dags/example_latest_only_with_trigger.py for tasks to queue
[2022-09-10T17:10:12.891+0000] {logging_mixin.py:115} INFO - [2022-09-10T17:10:12.891+0000] {dagbag.py:508} INFO - Filling up the DagBag from /home/airflow/.local/lib/python3.7/site-packages/airflow/example_dags/example_latest_only_with_trigger.py
[2022-09-10T17:10:12.895+0000] {processor.py:650} INFO - DAG(s) dict_keys(['latest_only_with_trigger']) retrieved from /home/airflow/.local/lib/python3.7/site-packages/airflow/example_dags/example_latest_only_with_trigger.py
[2022-09-10T17:10:12.912+0000] {logging_mixin.py:115} INFO - [2022-09-10T17:10:12.912+0000] {dag.py:2429} INFO - Sync 1 DAGs
[2022-09-10T17:10:12.925+0000] {logging_mixin.py:115} INFO - [2022-09-10T17:10:12.925+0000] {dag.py:2981} INFO - Setting next_dagrun for latest_only_with_trigger to 2022-09-10T13:10:12.925624+00:00, run_after=2022-09-10T17:10:12.925624+00:00
[2022-09-10T17:10:12.934+0000] {processor.py:161} INFO - Processing /home/airflow/.local/lib/python3.7/site-packages/airflow/example_dags/example_latest_only_with_trigger.py took 0.047 seconds
[2022-09-10T17:10:43.883+0000] {processor.py:153} INFO - Started process (PID=537) to work on /home/airflow/.local/lib/python3.7/site-packages/airflow/example_dags/example_latest_only_with_trigger.py
[2022-09-10T17:10:43.885+0000] {processor.py:640} INFO - Processing file /home/airflow/.local/lib/python3.7/site-packages/airflow/example_dags/example_latest_only_with_trigger.py for tasks to queue
[2022-09-10T17:10:43.886+0000] {logging_mixin.py:115} INFO - [2022-09-10T17:10:43.886+0000] {dagbag.py:508} INFO - Filling up the DagBag from /home/airflow/.local/lib/python3.7/site-packages/airflow/example_dags/example_latest_only_with_trigger.py
[2022-09-10T17:10:43.891+0000] {processor.py:650} INFO - DAG(s) dict_keys(['latest_only_with_trigger']) retrieved from /home/airflow/.local/lib/python3.7/site-packages/airflow/example_dags/example_latest_only_with_trigger.py
[2022-09-10T17:10:43.910+0000] {logging_mixin.py:115} INFO - [2022-09-10T17:10:43.910+0000] {dag.py:2429} INFO - Sync 1 DAGs
[2022-09-10T17:10:43.925+0000] {logging_mixin.py:115} INFO - [2022-09-10T17:10:43.925+0000] {dag.py:2981} INFO - Setting next_dagrun for latest_only_with_trigger to 2022-09-10T13:10:43.924897+00:00, run_after=2022-09-10T17:10:43.924897+00:00
[2022-09-10T17:10:43.936+0000] {processor.py:161} INFO - Processing /home/airflow/.local/lib/python3.7/site-packages/airflow/example_dags/example_latest_only_with_trigger.py took 0.055 seconds
[2022-09-10T17:12:56.313+0000] {processor.py:153} INFO - Started process (PID=38) to work on /home/airflow/.local/lib/python3.7/site-packages/airflow/example_dags/example_latest_only_with_trigger.py
[2022-09-10T17:12:56.318+0000] {processor.py:640} INFO - Processing file /home/airflow/.local/lib/python3.7/site-packages/airflow/example_dags/example_latest_only_with_trigger.py for tasks to queue
[2022-09-10T17:12:56.320+0000] {logging_mixin.py:115} INFO - [2022-09-10T17:12:56.320+0000] {dagbag.py:508} INFO - Filling up the DagBag from /home/airflow/.local/lib/python3.7/site-packages/airflow/example_dags/example_latest_only_with_trigger.py
[2022-09-10T17:12:56.333+0000] {processor.py:650} INFO - DAG(s) dict_keys(['latest_only_with_trigger']) retrieved from /home/airflow/.local/lib/python3.7/site-packages/airflow/example_dags/example_latest_only_with_trigger.py
[2022-09-10T17:12:56.400+0000] {logging_mixin.py:115} INFO - [2022-09-10T17:12:56.400+0000] {dag.py:2429} INFO - Sync 1 DAGs
[2022-09-10T17:12:56.435+0000] {logging_mixin.py:115} INFO - [2022-09-10T17:12:56.435+0000] {dag.py:2981} INFO - Setting next_dagrun for latest_only_with_trigger to 2022-09-10T13:12:56.435005+00:00, run_after=2022-09-10T17:12:56.435005+00:00
[2022-09-10T17:12:56.453+0000] {processor.py:161} INFO - Processing /home/airflow/.local/lib/python3.7/site-packages/airflow/example_dags/example_latest_only_with_trigger.py took 0.145 seconds
[2022-09-10T17:13:26.606+0000] {processor.py:153} INFO - Started process (PID=90) to work on /home/airflow/.local/lib/python3.7/site-packages/airflow/example_dags/example_latest_only_with_trigger.py
[2022-09-10T17:13:26.609+0000] {processor.py:640} INFO - Processing file /home/airflow/.local/lib/python3.7/site-packages/airflow/example_dags/example_latest_only_with_trigger.py for tasks to queue
[2022-09-10T17:13:26.610+0000] {logging_mixin.py:115} INFO - [2022-09-10T17:13:26.610+0000] {dagbag.py:508} INFO - Filling up the DagBag from /home/airflow/.local/lib/python3.7/site-packages/airflow/example_dags/example_latest_only_with_trigger.py
[2022-09-10T17:13:26.616+0000] {processor.py:650} INFO - DAG(s) dict_keys(['latest_only_with_trigger']) retrieved from /home/airflow/.local/lib/python3.7/site-packages/airflow/example_dags/example_latest_only_with_trigger.py
[2022-09-10T17:13:26.637+0000] {logging_mixin.py:115} INFO - [2022-09-10T17:13:26.636+0000] {dag.py:2429} INFO - Sync 1 DAGs
[2022-09-10T17:13:26.652+0000] {logging_mixin.py:115} INFO - [2022-09-10T17:13:26.652+0000] {dag.py:2981} INFO - Setting next_dagrun for latest_only_with_trigger to 2022-09-10T13:13:26.652587+00:00, run_after=2022-09-10T17:13:26.652587+00:00
[2022-09-10T17:13:26.673+0000] {processor.py:161} INFO - Processing /home/airflow/.local/lib/python3.7/site-packages/airflow/example_dags/example_latest_only_with_trigger.py took 0.071 seconds
[2022-09-10T17:13:57.231+0000] {processor.py:153} INFO - Started process (PID=153) to work on /home/airflow/.local/lib/python3.7/site-packages/airflow/example_dags/example_latest_only_with_trigger.py
[2022-09-10T17:13:57.234+0000] {processor.py:640} INFO - Processing file /home/airflow/.local/lib/python3.7/site-packages/airflow/example_dags/example_latest_only_with_trigger.py for tasks to queue
[2022-09-10T17:13:57.236+0000] {logging_mixin.py:115} INFO - [2022-09-10T17:13:57.235+0000] {dagbag.py:508} INFO - Filling up the DagBag from /home/airflow/.local/lib/python3.7/site-packages/airflow/example_dags/example_latest_only_with_trigger.py
[2022-09-10T17:13:57.244+0000] {processor.py:650} INFO - DAG(s) dict_keys(['latest_only_with_trigger']) retrieved from /home/airflow/.local/lib/python3.7/site-packages/airflow/example_dags/example_latest_only_with_trigger.py
[2022-09-10T17:13:57.273+0000] {logging_mixin.py:115} INFO - [2022-09-10T17:13:57.273+0000] {dag.py:2429} INFO - Sync 1 DAGs
[2022-09-10T17:13:57.294+0000] {logging_mixin.py:115} INFO - [2022-09-10T17:13:57.294+0000] {dag.py:2981} INFO - Setting next_dagrun for latest_only_with_trigger to 2022-09-10T13:13:57.294112+00:00, run_after=2022-09-10T17:13:57.294112+00:00
[2022-09-10T17:13:57.312+0000] {processor.py:161} INFO - Processing /home/airflow/.local/lib/python3.7/site-packages/airflow/example_dags/example_latest_only_with_trigger.py took 0.084 seconds
[2022-09-10T17:16:03.656+0000] {processor.py:153} INFO - Started process (PID=51) to work on /home/airflow/.local/lib/python3.7/site-packages/airflow/example_dags/example_latest_only_with_trigger.py
[2022-09-10T17:16:03.659+0000] {processor.py:640} INFO - Processing file /home/airflow/.local/lib/python3.7/site-packages/airflow/example_dags/example_latest_only_with_trigger.py for tasks to queue
[2022-09-10T17:16:03.660+0000] {logging_mixin.py:115} INFO - [2022-09-10T17:16:03.660+0000] {dagbag.py:508} INFO - Filling up the DagBag from /home/airflow/.local/lib/python3.7/site-packages/airflow/example_dags/example_latest_only_with_trigger.py
[2022-09-10T17:16:03.668+0000] {processor.py:650} INFO - DAG(s) dict_keys(['latest_only_with_trigger']) retrieved from /home/airflow/.local/lib/python3.7/site-packages/airflow/example_dags/example_latest_only_with_trigger.py
[2022-09-10T17:16:03.688+0000] {logging_mixin.py:115} INFO - [2022-09-10T17:16:03.688+0000] {dag.py:2429} INFO - Sync 1 DAGs
[2022-09-10T17:16:03.709+0000] {logging_mixin.py:115} INFO - [2022-09-10T17:16:03.709+0000] {dag.py:2981} INFO - Setting next_dagrun for latest_only_with_trigger to 2022-09-10T13:16:03.709472+00:00, run_after=2022-09-10T17:16:03.709472+00:00
[2022-09-10T17:16:03.724+0000] {processor.py:161} INFO - Processing /home/airflow/.local/lib/python3.7/site-packages/airflow/example_dags/example_latest_only_with_trigger.py took 0.072 seconds
[2022-09-10T17:16:34.039+0000] {processor.py:153} INFO - Started process (PID=112) to work on /home/airflow/.local/lib/python3.7/site-packages/airflow/example_dags/example_latest_only_with_trigger.py
[2022-09-10T17:16:34.042+0000] {processor.py:640} INFO - Processing file /home/airflow/.local/lib/python3.7/site-packages/airflow/example_dags/example_latest_only_with_trigger.py for tasks to queue
[2022-09-10T17:16:34.049+0000] {logging_mixin.py:115} INFO - [2022-09-10T17:16:34.049+0000] {dagbag.py:508} INFO - Filling up the DagBag from /home/airflow/.local/lib/python3.7/site-packages/airflow/example_dags/example_latest_only_with_trigger.py
[2022-09-10T17:16:34.056+0000] {processor.py:650} INFO - DAG(s) dict_keys(['latest_only_with_trigger']) retrieved from /home/airflow/.local/lib/python3.7/site-packages/airflow/example_dags/example_latest_only_with_trigger.py
[2022-09-10T17:16:34.080+0000] {logging_mixin.py:115} INFO - [2022-09-10T17:16:34.080+0000] {dag.py:2429} INFO - Sync 1 DAGs
[2022-09-10T17:16:34.107+0000] {logging_mixin.py:115} INFO - [2022-09-10T17:16:34.107+0000] {dag.py:2981} INFO - Setting next_dagrun for latest_only_with_trigger to 2022-09-10T13:16:34.106588+00:00, run_after=2022-09-10T17:16:34.106588+00:00
[2022-09-10T17:16:34.154+0000] {processor.py:161} INFO - Processing /home/airflow/.local/lib/python3.7/site-packages/airflow/example_dags/example_latest_only_with_trigger.py took 0.117 seconds
[2022-09-10T17:17:04.431+0000] {processor.py:153} INFO - Started process (PID=166) to work on /home/airflow/.local/lib/python3.7/site-packages/airflow/example_dags/example_latest_only_with_trigger.py
[2022-09-10T17:17:04.433+0000] {processor.py:640} INFO - Processing file /home/airflow/.local/lib/python3.7/site-packages/airflow/example_dags/example_latest_only_with_trigger.py for tasks to queue
[2022-09-10T17:17:04.434+0000] {logging_mixin.py:115} INFO - [2022-09-10T17:17:04.434+0000] {dagbag.py:508} INFO - Filling up the DagBag from /home/airflow/.local/lib/python3.7/site-packages/airflow/example_dags/example_latest_only_with_trigger.py
[2022-09-10T17:17:04.439+0000] {processor.py:650} INFO - DAG(s) dict_keys(['latest_only_with_trigger']) retrieved from /home/airflow/.local/lib/python3.7/site-packages/airflow/example_dags/example_latest_only_with_trigger.py
[2022-09-10T17:17:04.466+0000] {logging_mixin.py:115} INFO - [2022-09-10T17:17:04.466+0000] {dag.py:2429} INFO - Sync 1 DAGs
[2022-09-10T17:17:04.481+0000] {logging_mixin.py:115} INFO - [2022-09-10T17:17:04.480+0000] {dag.py:2981} INFO - Setting next_dagrun for latest_only_with_trigger to 2022-09-10T13:17:04.480630+00:00, run_after=2022-09-10T17:17:04.480630+00:00
[2022-09-10T17:17:04.488+0000] {processor.py:161} INFO - Processing /home/airflow/.local/lib/python3.7/site-packages/airflow/example_dags/example_latest_only_with_trigger.py took 0.060 seconds
[2022-09-10T17:17:34.681+0000] {processor.py:153} INFO - Started process (PID=229) to work on /home/airflow/.local/lib/python3.7/site-packages/airflow/example_dags/example_latest_only_with_trigger.py
[2022-09-10T17:17:34.683+0000] {processor.py:640} INFO - Processing file /home/airflow/.local/lib/python3.7/site-packages/airflow/example_dags/example_latest_only_with_trigger.py for tasks to queue
[2022-09-10T17:17:34.684+0000] {logging_mixin.py:115} INFO - [2022-09-10T17:17:34.684+0000] {dagbag.py:508} INFO - Filling up the DagBag from /home/airflow/.local/lib/python3.7/site-packages/airflow/example_dags/example_latest_only_with_trigger.py
[2022-09-10T17:17:34.688+0000] {processor.py:650} INFO - DAG(s) dict_keys(['latest_only_with_trigger']) retrieved from /home/airflow/.local/lib/python3.7/site-packages/airflow/example_dags/example_latest_only_with_trigger.py
[2022-09-10T17:17:34.705+0000] {logging_mixin.py:115} INFO - [2022-09-10T17:17:34.705+0000] {dag.py:2429} INFO - Sync 1 DAGs
[2022-09-10T17:17:34.718+0000] {logging_mixin.py:115} INFO - [2022-09-10T17:17:34.717+0000] {dag.py:2981} INFO - Setting next_dagrun for latest_only_with_trigger to 2022-09-10T13:17:34.717584+00:00, run_after=2022-09-10T17:17:34.717584+00:00
[2022-09-10T17:17:34.727+0000] {processor.py:161} INFO - Processing /home/airflow/.local/lib/python3.7/site-packages/airflow/example_dags/example_latest_only_with_trigger.py took 0.049 seconds
[2022-09-10T17:18:04.932+0000] {processor.py:153} INFO - Started process (PID=292) to work on /home/airflow/.local/lib/python3.7/site-packages/airflow/example_dags/example_latest_only_with_trigger.py
[2022-09-10T17:18:04.934+0000] {processor.py:640} INFO - Processing file /home/airflow/.local/lib/python3.7/site-packages/airflow/example_dags/example_latest_only_with_trigger.py for tasks to queue
[2022-09-10T17:18:04.935+0000] {logging_mixin.py:115} INFO - [2022-09-10T17:18:04.935+0000] {dagbag.py:508} INFO - Filling up the DagBag from /home/airflow/.local/lib/python3.7/site-packages/airflow/example_dags/example_latest_only_with_trigger.py
[2022-09-10T17:18:04.939+0000] {processor.py:650} INFO - DAG(s) dict_keys(['latest_only_with_trigger']) retrieved from /home/airflow/.local/lib/python3.7/site-packages/airflow/example_dags/example_latest_only_with_trigger.py
[2022-09-10T17:18:04.955+0000] {logging_mixin.py:115} INFO - [2022-09-10T17:18:04.955+0000] {dag.py:2429} INFO - Sync 1 DAGs
[2022-09-10T17:18:04.970+0000] {logging_mixin.py:115} INFO - [2022-09-10T17:18:04.970+0000] {dag.py:2981} INFO - Setting next_dagrun for latest_only_with_trigger to 2022-09-10T13:18:04.969924+00:00, run_after=2022-09-10T17:18:04.969924+00:00
[2022-09-10T17:18:04.977+0000] {processor.py:161} INFO - Processing /home/airflow/.local/lib/python3.7/site-packages/airflow/example_dags/example_latest_only_with_trigger.py took 0.047 seconds
[2022-09-10T17:18:36.085+0000] {processor.py:153} INFO - Started process (PID=357) to work on /home/airflow/.local/lib/python3.7/site-packages/airflow/example_dags/example_latest_only_with_trigger.py
[2022-09-10T17:18:36.087+0000] {processor.py:640} INFO - Processing file /home/airflow/.local/lib/python3.7/site-packages/airflow/example_dags/example_latest_only_with_trigger.py for tasks to queue
[2022-09-10T17:18:36.088+0000] {logging_mixin.py:115} INFO - [2022-09-10T17:18:36.088+0000] {dagbag.py:508} INFO - Filling up the DagBag from /home/airflow/.local/lib/python3.7/site-packages/airflow/example_dags/example_latest_only_with_trigger.py
[2022-09-10T17:18:36.093+0000] {processor.py:650} INFO - DAG(s) dict_keys(['latest_only_with_trigger']) retrieved from /home/airflow/.local/lib/python3.7/site-packages/airflow/example_dags/example_latest_only_with_trigger.py
[2022-09-10T17:18:36.112+0000] {logging_mixin.py:115} INFO - [2022-09-10T17:18:36.111+0000] {dag.py:2429} INFO - Sync 1 DAGs
[2022-09-10T17:18:36.127+0000] {logging_mixin.py:115} INFO - [2022-09-10T17:18:36.127+0000] {dag.py:2981} INFO - Setting next_dagrun for latest_only_with_trigger to 2022-09-10T13:18:36.127453+00:00, run_after=2022-09-10T17:18:36.127453+00:00
[2022-09-10T17:18:36.140+0000] {processor.py:161} INFO - Processing /home/airflow/.local/lib/python3.7/site-packages/airflow/example_dags/example_latest_only_with_trigger.py took 0.057 seconds
[2022-09-10T17:19:07.228+0000] {processor.py:153} INFO - Started process (PID=420) to work on /home/airflow/.local/lib/python3.7/site-packages/airflow/example_dags/example_latest_only_with_trigger.py
[2022-09-10T17:19:07.230+0000] {processor.py:640} INFO - Processing file /home/airflow/.local/lib/python3.7/site-packages/airflow/example_dags/example_latest_only_with_trigger.py for tasks to queue
[2022-09-10T17:19:07.231+0000] {logging_mixin.py:115} INFO - [2022-09-10T17:19:07.231+0000] {dagbag.py:508} INFO - Filling up the DagBag from /home/airflow/.local/lib/python3.7/site-packages/airflow/example_dags/example_latest_only_with_trigger.py
[2022-09-10T17:19:07.236+0000] {processor.py:650} INFO - DAG(s) dict_keys(['latest_only_with_trigger']) retrieved from /home/airflow/.local/lib/python3.7/site-packages/airflow/example_dags/example_latest_only_with_trigger.py
[2022-09-10T17:19:07.255+0000] {logging_mixin.py:115} INFO - [2022-09-10T17:19:07.255+0000] {dag.py:2429} INFO - Sync 1 DAGs
[2022-09-10T17:19:07.270+0000] {logging_mixin.py:115} INFO - [2022-09-10T17:19:07.270+0000] {dag.py:2981} INFO - Setting next_dagrun for latest_only_with_trigger to 2022-09-10T13:19:07.270519+00:00, run_after=2022-09-10T17:19:07.270519+00:00
[2022-09-10T17:19:07.281+0000] {processor.py:161} INFO - Processing /home/airflow/.local/lib/python3.7/site-packages/airflow/example_dags/example_latest_only_with_trigger.py took 0.055 seconds
[2022-09-10T17:19:37.513+0000] {processor.py:153} INFO - Started process (PID=480) to work on /home/airflow/.local/lib/python3.7/site-packages/airflow/example_dags/example_latest_only_with_trigger.py
[2022-09-10T17:19:37.516+0000] {processor.py:640} INFO - Processing file /home/airflow/.local/lib/python3.7/site-packages/airflow/example_dags/example_latest_only_with_trigger.py for tasks to queue
[2022-09-10T17:19:37.518+0000] {logging_mixin.py:115} INFO - [2022-09-10T17:19:37.517+0000] {dagbag.py:508} INFO - Filling up the DagBag from /home/airflow/.local/lib/python3.7/site-packages/airflow/example_dags/example_latest_only_with_trigger.py
[2022-09-10T17:19:37.523+0000] {processor.py:650} INFO - DAG(s) dict_keys(['latest_only_with_trigger']) retrieved from /home/airflow/.local/lib/python3.7/site-packages/airflow/example_dags/example_latest_only_with_trigger.py
[2022-09-10T17:19:37.549+0000] {logging_mixin.py:115} INFO - [2022-09-10T17:19:37.549+0000] {dag.py:2429} INFO - Sync 1 DAGs
[2022-09-10T17:19:37.568+0000] {logging_mixin.py:115} INFO - [2022-09-10T17:19:37.568+0000] {dag.py:2981} INFO - Setting next_dagrun for latest_only_with_trigger to 2022-09-10T13:19:37.566813+00:00, run_after=2022-09-10T17:19:37.566813+00:00
[2022-09-10T17:19:37.579+0000] {processor.py:161} INFO - Processing /home/airflow/.local/lib/python3.7/site-packages/airflow/example_dags/example_latest_only_with_trigger.py took 0.069 seconds
[2022-09-10T17:20:07.841+0000] {processor.py:153} INFO - Started process (PID=537) to work on /home/airflow/.local/lib/python3.7/site-packages/airflow/example_dags/example_latest_only_with_trigger.py
[2022-09-10T17:20:07.843+0000] {processor.py:640} INFO - Processing file /home/airflow/.local/lib/python3.7/site-packages/airflow/example_dags/example_latest_only_with_trigger.py for tasks to queue
[2022-09-10T17:20:07.844+0000] {logging_mixin.py:115} INFO - [2022-09-10T17:20:07.844+0000] {dagbag.py:508} INFO - Filling up the DagBag from /home/airflow/.local/lib/python3.7/site-packages/airflow/example_dags/example_latest_only_with_trigger.py
[2022-09-10T17:20:07.850+0000] {processor.py:650} INFO - DAG(s) dict_keys(['latest_only_with_trigger']) retrieved from /home/airflow/.local/lib/python3.7/site-packages/airflow/example_dags/example_latest_only_with_trigger.py
[2022-09-10T17:20:07.876+0000] {logging_mixin.py:115} INFO - [2022-09-10T17:20:07.876+0000] {dag.py:2429} INFO - Sync 1 DAGs
[2022-09-10T17:20:07.892+0000] {logging_mixin.py:115} INFO - [2022-09-10T17:20:07.891+0000] {dag.py:2981} INFO - Setting next_dagrun for latest_only_with_trigger to 2022-09-10T13:20:07.891812+00:00, run_after=2022-09-10T17:20:07.891812+00:00
[2022-09-10T17:20:07.900+0000] {processor.py:161} INFO - Processing /home/airflow/.local/lib/python3.7/site-packages/airflow/example_dags/example_latest_only_with_trigger.py took 0.063 seconds
[2022-09-10T17:20:38.654+0000] {processor.py:153} INFO - Started process (PID=599) to work on /home/airflow/.local/lib/python3.7/site-packages/airflow/example_dags/example_latest_only_with_trigger.py
[2022-09-10T17:20:38.659+0000] {processor.py:640} INFO - Processing file /home/airflow/.local/lib/python3.7/site-packages/airflow/example_dags/example_latest_only_with_trigger.py for tasks to queue
[2022-09-10T17:20:38.662+0000] {logging_mixin.py:115} INFO - [2022-09-10T17:20:38.662+0000] {dagbag.py:508} INFO - Filling up the DagBag from /home/airflow/.local/lib/python3.7/site-packages/airflow/example_dags/example_latest_only_with_trigger.py
[2022-09-10T17:20:38.674+0000] {processor.py:650} INFO - DAG(s) dict_keys(['latest_only_with_trigger']) retrieved from /home/airflow/.local/lib/python3.7/site-packages/airflow/example_dags/example_latest_only_with_trigger.py
[2022-09-10T17:20:38.700+0000] {logging_mixin.py:115} INFO - [2022-09-10T17:20:38.700+0000] {dag.py:2429} INFO - Sync 1 DAGs
[2022-09-10T17:20:38.717+0000] {logging_mixin.py:115} INFO - [2022-09-10T17:20:38.717+0000] {dag.py:2981} INFO - Setting next_dagrun for latest_only_with_trigger to 2022-09-10T13:20:38.716764+00:00, run_after=2022-09-10T17:20:38.716764+00:00
[2022-09-10T17:20:38.727+0000] {processor.py:161} INFO - Processing /home/airflow/.local/lib/python3.7/site-packages/airflow/example_dags/example_latest_only_with_trigger.py took 0.079 seconds
[2022-09-10T17:21:09.014+0000] {processor.py:153} INFO - Started process (PID=662) to work on /home/airflow/.local/lib/python3.7/site-packages/airflow/example_dags/example_latest_only_with_trigger.py
[2022-09-10T17:21:09.017+0000] {processor.py:640} INFO - Processing file /home/airflow/.local/lib/python3.7/site-packages/airflow/example_dags/example_latest_only_with_trigger.py for tasks to queue
[2022-09-10T17:21:09.019+0000] {logging_mixin.py:115} INFO - [2022-09-10T17:21:09.018+0000] {dagbag.py:508} INFO - Filling up the DagBag from /home/airflow/.local/lib/python3.7/site-packages/airflow/example_dags/example_latest_only_with_trigger.py
[2022-09-10T17:21:09.034+0000] {processor.py:650} INFO - DAG(s) dict_keys(['latest_only_with_trigger']) retrieved from /home/airflow/.local/lib/python3.7/site-packages/airflow/example_dags/example_latest_only_with_trigger.py
[2022-09-10T17:21:09.059+0000] {logging_mixin.py:115} INFO - [2022-09-10T17:21:09.059+0000] {dag.py:2429} INFO - Sync 1 DAGs
[2022-09-10T17:21:09.076+0000] {logging_mixin.py:115} INFO - [2022-09-10T17:21:09.076+0000] {dag.py:2981} INFO - Setting next_dagrun for latest_only_with_trigger to 2022-09-10T13:21:09.076713+00:00, run_after=2022-09-10T17:21:09.076713+00:00
[2022-09-10T17:21:09.087+0000] {processor.py:161} INFO - Processing /home/airflow/.local/lib/python3.7/site-packages/airflow/example_dags/example_latest_only_with_trigger.py took 0.076 seconds
[2022-09-10T17:21:40.111+0000] {processor.py:153} INFO - Started process (PID=725) to work on /home/airflow/.local/lib/python3.7/site-packages/airflow/example_dags/example_latest_only_with_trigger.py
[2022-09-10T17:21:40.113+0000] {processor.py:640} INFO - Processing file /home/airflow/.local/lib/python3.7/site-packages/airflow/example_dags/example_latest_only_with_trigger.py for tasks to queue
[2022-09-10T17:21:40.118+0000] {logging_mixin.py:115} INFO - [2022-09-10T17:21:40.118+0000] {dagbag.py:508} INFO - Filling up the DagBag from /home/airflow/.local/lib/python3.7/site-packages/airflow/example_dags/example_latest_only_with_trigger.py
[2022-09-10T17:21:40.154+0000] {processor.py:650} INFO - DAG(s) dict_keys(['latest_only_with_trigger']) retrieved from /home/airflow/.local/lib/python3.7/site-packages/airflow/example_dags/example_latest_only_with_trigger.py
[2022-09-10T17:21:40.256+0000] {logging_mixin.py:115} INFO - [2022-09-10T17:21:40.256+0000] {dag.py:2429} INFO - Sync 1 DAGs
[2022-09-10T17:21:40.287+0000] {logging_mixin.py:115} INFO - [2022-09-10T17:21:40.287+0000] {dag.py:2981} INFO - Setting next_dagrun for latest_only_with_trigger to 2022-09-10T13:21:40.286792+00:00, run_after=2022-09-10T17:21:40.286792+00:00
[2022-09-10T17:21:40.298+0000] {processor.py:161} INFO - Processing /home/airflow/.local/lib/python3.7/site-packages/airflow/example_dags/example_latest_only_with_trigger.py took 0.195 seconds
[2022-09-10T17:22:10.983+0000] {processor.py:153} INFO - Started process (PID=788) to work on /home/airflow/.local/lib/python3.7/site-packages/airflow/example_dags/example_latest_only_with_trigger.py
[2022-09-10T17:22:10.986+0000] {processor.py:640} INFO - Processing file /home/airflow/.local/lib/python3.7/site-packages/airflow/example_dags/example_latest_only_with_trigger.py for tasks to queue
[2022-09-10T17:22:10.988+0000] {logging_mixin.py:115} INFO - [2022-09-10T17:22:10.988+0000] {dagbag.py:508} INFO - Filling up the DagBag from /home/airflow/.local/lib/python3.7/site-packages/airflow/example_dags/example_latest_only_with_trigger.py
[2022-09-10T17:22:10.997+0000] {processor.py:650} INFO - DAG(s) dict_keys(['latest_only_with_trigger']) retrieved from /home/airflow/.local/lib/python3.7/site-packages/airflow/example_dags/example_latest_only_with_trigger.py
[2022-09-10T17:22:11.018+0000] {logging_mixin.py:115} INFO - [2022-09-10T17:22:11.018+0000] {dag.py:2429} INFO - Sync 1 DAGs
[2022-09-10T17:22:11.033+0000] {logging_mixin.py:115} INFO - [2022-09-10T17:22:11.033+0000] {dag.py:2981} INFO - Setting next_dagrun for latest_only_with_trigger to 2022-09-10T13:22:11.033268+00:00, run_after=2022-09-10T17:22:11.033268+00:00
[2022-09-10T17:22:11.041+0000] {processor.py:161} INFO - Processing /home/airflow/.local/lib/python3.7/site-packages/airflow/example_dags/example_latest_only_with_trigger.py took 0.061 seconds
[2022-09-10T17:22:41.489+0000] {processor.py:153} INFO - Started process (PID=853) to work on /home/airflow/.local/lib/python3.7/site-packages/airflow/example_dags/example_latest_only_with_trigger.py
[2022-09-10T17:22:41.497+0000] {processor.py:640} INFO - Processing file /home/airflow/.local/lib/python3.7/site-packages/airflow/example_dags/example_latest_only_with_trigger.py for tasks to queue
[2022-09-10T17:22:41.499+0000] {logging_mixin.py:115} INFO - [2022-09-10T17:22:41.499+0000] {dagbag.py:508} INFO - Filling up the DagBag from /home/airflow/.local/lib/python3.7/site-packages/airflow/example_dags/example_latest_only_with_trigger.py
[2022-09-10T17:22:41.505+0000] {processor.py:650} INFO - DAG(s) dict_keys(['latest_only_with_trigger']) retrieved from /home/airflow/.local/lib/python3.7/site-packages/airflow/example_dags/example_latest_only_with_trigger.py
[2022-09-10T17:22:41.539+0000] {logging_mixin.py:115} INFO - [2022-09-10T17:22:41.539+0000] {dag.py:2429} INFO - Sync 1 DAGs
[2022-09-10T17:22:41.564+0000] {logging_mixin.py:115} INFO - [2022-09-10T17:22:41.564+0000] {dag.py:2981} INFO - Setting next_dagrun for latest_only_with_trigger to 2022-09-10T13:22:41.563950+00:00, run_after=2022-09-10T17:22:41.563950+00:00
[2022-09-10T17:22:41.576+0000] {processor.py:161} INFO - Processing /home/airflow/.local/lib/python3.7/site-packages/airflow/example_dags/example_latest_only_with_trigger.py took 0.090 seconds
[2022-09-10T17:23:12.566+0000] {processor.py:153} INFO - Started process (PID=907) to work on /home/airflow/.local/lib/python3.7/site-packages/airflow/example_dags/example_latest_only_with_trigger.py
[2022-09-10T17:23:12.569+0000] {processor.py:640} INFO - Processing file /home/airflow/.local/lib/python3.7/site-packages/airflow/example_dags/example_latest_only_with_trigger.py for tasks to queue
[2022-09-10T17:23:12.571+0000] {logging_mixin.py:115} INFO - [2022-09-10T17:23:12.571+0000] {dagbag.py:508} INFO - Filling up the DagBag from /home/airflow/.local/lib/python3.7/site-packages/airflow/example_dags/example_latest_only_with_trigger.py
[2022-09-10T17:23:12.582+0000] {processor.py:650} INFO - DAG(s) dict_keys(['latest_only_with_trigger']) retrieved from /home/airflow/.local/lib/python3.7/site-packages/airflow/example_dags/example_latest_only_with_trigger.py
[2022-09-10T17:23:12.607+0000] {logging_mixin.py:115} INFO - [2022-09-10T17:23:12.607+0000] {dag.py:2429} INFO - Sync 1 DAGs
[2022-09-10T17:23:12.622+0000] {logging_mixin.py:115} INFO - [2022-09-10T17:23:12.622+0000] {dag.py:2981} INFO - Setting next_dagrun for latest_only_with_trigger to 2022-09-10T13:23:12.621957+00:00, run_after=2022-09-10T17:23:12.621957+00:00
[2022-09-10T17:23:12.630+0000] {processor.py:161} INFO - Processing /home/airflow/.local/lib/python3.7/site-packages/airflow/example_dags/example_latest_only_with_trigger.py took 0.074 seconds
[2022-09-10T17:23:43.551+0000] {processor.py:153} INFO - Started process (PID=970) to work on /home/airflow/.local/lib/python3.7/site-packages/airflow/example_dags/example_latest_only_with_trigger.py
[2022-09-10T17:23:43.554+0000] {processor.py:640} INFO - Processing file /home/airflow/.local/lib/python3.7/site-packages/airflow/example_dags/example_latest_only_with_trigger.py for tasks to queue
[2022-09-10T17:23:43.555+0000] {logging_mixin.py:115} INFO - [2022-09-10T17:23:43.555+0000] {dagbag.py:508} INFO - Filling up the DagBag from /home/airflow/.local/lib/python3.7/site-packages/airflow/example_dags/example_latest_only_with_trigger.py
[2022-09-10T17:23:43.560+0000] {processor.py:650} INFO - DAG(s) dict_keys(['latest_only_with_trigger']) retrieved from /home/airflow/.local/lib/python3.7/site-packages/airflow/example_dags/example_latest_only_with_trigger.py
[2022-09-10T17:23:43.580+0000] {logging_mixin.py:115} INFO - [2022-09-10T17:23:43.580+0000] {dag.py:2429} INFO - Sync 1 DAGs
[2022-09-10T17:23:43.594+0000] {logging_mixin.py:115} INFO - [2022-09-10T17:23:43.593+0000] {dag.py:2981} INFO - Setting next_dagrun for latest_only_with_trigger to 2022-09-10T13:23:43.593699+00:00, run_after=2022-09-10T17:23:43.593699+00:00
[2022-09-10T17:23:43.602+0000] {processor.py:161} INFO - Processing /home/airflow/.local/lib/python3.7/site-packages/airflow/example_dags/example_latest_only_with_trigger.py took 0.054 seconds
[2022-09-10T17:24:14.560+0000] {processor.py:153} INFO - Started process (PID=1033) to work on /home/airflow/.local/lib/python3.7/site-packages/airflow/example_dags/example_latest_only_with_trigger.py
[2022-09-10T17:24:14.564+0000] {processor.py:640} INFO - Processing file /home/airflow/.local/lib/python3.7/site-packages/airflow/example_dags/example_latest_only_with_trigger.py for tasks to queue
[2022-09-10T17:24:14.566+0000] {logging_mixin.py:115} INFO - [2022-09-10T17:24:14.566+0000] {dagbag.py:508} INFO - Filling up the DagBag from /home/airflow/.local/lib/python3.7/site-packages/airflow/example_dags/example_latest_only_with_trigger.py
[2022-09-10T17:24:14.572+0000] {processor.py:650} INFO - DAG(s) dict_keys(['latest_only_with_trigger']) retrieved from /home/airflow/.local/lib/python3.7/site-packages/airflow/example_dags/example_latest_only_with_trigger.py
[2022-09-10T17:24:14.595+0000] {logging_mixin.py:115} INFO - [2022-09-10T17:24:14.595+0000] {dag.py:2429} INFO - Sync 1 DAGs
[2022-09-10T17:24:14.611+0000] {logging_mixin.py:115} INFO - [2022-09-10T17:24:14.611+0000] {dag.py:2981} INFO - Setting next_dagrun for latest_only_with_trigger to 2022-09-10T13:24:14.610857+00:00, run_after=2022-09-10T17:24:14.610857+00:00
[2022-09-10T17:24:14.619+0000] {processor.py:161} INFO - Processing /home/airflow/.local/lib/python3.7/site-packages/airflow/example_dags/example_latest_only_with_trigger.py took 0.064 seconds
[2022-09-10T17:24:45.438+0000] {processor.py:153} INFO - Started process (PID=1096) to work on /home/airflow/.local/lib/python3.7/site-packages/airflow/example_dags/example_latest_only_with_trigger.py
[2022-09-10T17:24:45.441+0000] {processor.py:640} INFO - Processing file /home/airflow/.local/lib/python3.7/site-packages/airflow/example_dags/example_latest_only_with_trigger.py for tasks to queue
[2022-09-10T17:24:45.443+0000] {logging_mixin.py:115} INFO - [2022-09-10T17:24:45.443+0000] {dagbag.py:508} INFO - Filling up the DagBag from /home/airflow/.local/lib/python3.7/site-packages/airflow/example_dags/example_latest_only_with_trigger.py
[2022-09-10T17:24:45.451+0000] {processor.py:650} INFO - DAG(s) dict_keys(['latest_only_with_trigger']) retrieved from /home/airflow/.local/lib/python3.7/site-packages/airflow/example_dags/example_latest_only_with_trigger.py
[2022-09-10T17:24:45.476+0000] {logging_mixin.py:115} INFO - [2022-09-10T17:24:45.476+0000] {dag.py:2429} INFO - Sync 1 DAGs
[2022-09-10T17:24:45.492+0000] {logging_mixin.py:115} INFO - [2022-09-10T17:24:45.492+0000] {dag.py:2981} INFO - Setting next_dagrun for latest_only_with_trigger to 2022-09-10T13:24:45.492003+00:00, run_after=2022-09-10T17:24:45.492003+00:00
[2022-09-10T17:24:45.502+0000] {processor.py:161} INFO - Processing /home/airflow/.local/lib/python3.7/site-packages/airflow/example_dags/example_latest_only_with_trigger.py took 0.067 seconds
[2022-09-10T17:25:16.294+0000] {processor.py:153} INFO - Started process (PID=1158) to work on /home/airflow/.local/lib/python3.7/site-packages/airflow/example_dags/example_latest_only_with_trigger.py
[2022-09-10T17:25:16.297+0000] {processor.py:640} INFO - Processing file /home/airflow/.local/lib/python3.7/site-packages/airflow/example_dags/example_latest_only_with_trigger.py for tasks to queue
[2022-09-10T17:25:16.298+0000] {logging_mixin.py:115} INFO - [2022-09-10T17:25:16.298+0000] {dagbag.py:508} INFO - Filling up the DagBag from /home/airflow/.local/lib/python3.7/site-packages/airflow/example_dags/example_latest_only_with_trigger.py
[2022-09-10T17:25:16.304+0000] {processor.py:650} INFO - DAG(s) dict_keys(['latest_only_with_trigger']) retrieved from /home/airflow/.local/lib/python3.7/site-packages/airflow/example_dags/example_latest_only_with_trigger.py
[2022-09-10T17:25:16.325+0000] {logging_mixin.py:115} INFO - [2022-09-10T17:25:16.325+0000] {dag.py:2429} INFO - Sync 1 DAGs
[2022-09-10T17:25:16.341+0000] {logging_mixin.py:115} INFO - [2022-09-10T17:25:16.341+0000] {dag.py:2981} INFO - Setting next_dagrun for latest_only_with_trigger to 2022-09-10T13:25:16.341563+00:00, run_after=2022-09-10T17:25:16.341563+00:00
[2022-09-10T17:25:16.352+0000] {processor.py:161} INFO - Processing /home/airflow/.local/lib/python3.7/site-packages/airflow/example_dags/example_latest_only_with_trigger.py took 0.066 seconds
[2022-09-10T17:25:47.184+0000] {processor.py:153} INFO - Started process (PID=1222) to work on /home/airflow/.local/lib/python3.7/site-packages/airflow/example_dags/example_latest_only_with_trigger.py
[2022-09-10T17:25:47.186+0000] {processor.py:640} INFO - Processing file /home/airflow/.local/lib/python3.7/site-packages/airflow/example_dags/example_latest_only_with_trigger.py for tasks to queue
[2022-09-10T17:25:47.188+0000] {logging_mixin.py:115} INFO - [2022-09-10T17:25:47.188+0000] {dagbag.py:508} INFO - Filling up the DagBag from /home/airflow/.local/lib/python3.7/site-packages/airflow/example_dags/example_latest_only_with_trigger.py
[2022-09-10T17:25:47.196+0000] {processor.py:650} INFO - DAG(s) dict_keys(['latest_only_with_trigger']) retrieved from /home/airflow/.local/lib/python3.7/site-packages/airflow/example_dags/example_latest_only_with_trigger.py
[2022-09-10T17:25:47.217+0000] {logging_mixin.py:115} INFO - [2022-09-10T17:25:47.217+0000] {dag.py:2429} INFO - Sync 1 DAGs
[2022-09-10T17:25:47.230+0000] {logging_mixin.py:115} INFO - [2022-09-10T17:25:47.230+0000] {dag.py:2981} INFO - Setting next_dagrun for latest_only_with_trigger to 2022-09-10T13:25:47.230353+00:00, run_after=2022-09-10T17:25:47.230353+00:00
[2022-09-10T17:25:47.241+0000] {processor.py:161} INFO - Processing /home/airflow/.local/lib/python3.7/site-packages/airflow/example_dags/example_latest_only_with_trigger.py took 0.065 seconds
[2022-09-10T17:26:17.303+0000] {processor.py:153} INFO - Started process (PID=1275) to work on /home/airflow/.local/lib/python3.7/site-packages/airflow/example_dags/example_latest_only_with_trigger.py
[2022-09-10T17:26:17.304+0000] {processor.py:640} INFO - Processing file /home/airflow/.local/lib/python3.7/site-packages/airflow/example_dags/example_latest_only_with_trigger.py for tasks to queue
[2022-09-10T17:26:17.305+0000] {logging_mixin.py:115} INFO - [2022-09-10T17:26:17.305+0000] {dagbag.py:508} INFO - Filling up the DagBag from /home/airflow/.local/lib/python3.7/site-packages/airflow/example_dags/example_latest_only_with_trigger.py
[2022-09-10T17:26:17.309+0000] {processor.py:650} INFO - DAG(s) dict_keys(['latest_only_with_trigger']) retrieved from /home/airflow/.local/lib/python3.7/site-packages/airflow/example_dags/example_latest_only_with_trigger.py
[2022-09-10T17:26:17.328+0000] {logging_mixin.py:115} INFO - [2022-09-10T17:26:17.327+0000] {dag.py:2429} INFO - Sync 1 DAGs
[2022-09-10T17:26:17.340+0000] {logging_mixin.py:115} INFO - [2022-09-10T17:26:17.340+0000] {dag.py:2981} INFO - Setting next_dagrun for latest_only_with_trigger to 2022-09-10T13:26:17.340259+00:00, run_after=2022-09-10T17:26:17.340259+00:00
[2022-09-10T17:26:17.347+0000] {processor.py:161} INFO - Processing /home/airflow/.local/lib/python3.7/site-packages/airflow/example_dags/example_latest_only_with_trigger.py took 0.046 seconds
[2022-09-10T17:26:48.597+0000] {processor.py:153} INFO - Started process (PID=1340) to work on /home/airflow/.local/lib/python3.7/site-packages/airflow/example_dags/example_latest_only_with_trigger.py
[2022-09-10T17:26:48.599+0000] {processor.py:640} INFO - Processing file /home/airflow/.local/lib/python3.7/site-packages/airflow/example_dags/example_latest_only_with_trigger.py for tasks to queue
[2022-09-10T17:26:48.599+0000] {logging_mixin.py:115} INFO - [2022-09-10T17:26:48.599+0000] {dagbag.py:508} INFO - Filling up the DagBag from /home/airflow/.local/lib/python3.7/site-packages/airflow/example_dags/example_latest_only_with_trigger.py
[2022-09-10T17:26:48.604+0000] {processor.py:650} INFO - DAG(s) dict_keys(['latest_only_with_trigger']) retrieved from /home/airflow/.local/lib/python3.7/site-packages/airflow/example_dags/example_latest_only_with_trigger.py
[2022-09-10T17:26:48.621+0000] {logging_mixin.py:115} INFO - [2022-09-10T17:26:48.621+0000] {dag.py:2429} INFO - Sync 1 DAGs
[2022-09-10T17:26:48.634+0000] {logging_mixin.py:115} INFO - [2022-09-10T17:26:48.634+0000] {dag.py:2981} INFO - Setting next_dagrun for latest_only_with_trigger to 2022-09-10T13:26:48.634607+00:00, run_after=2022-09-10T17:26:48.634607+00:00
[2022-09-10T17:26:48.643+0000] {processor.py:161} INFO - Processing /home/airflow/.local/lib/python3.7/site-packages/airflow/example_dags/example_latest_only_with_trigger.py took 0.048 seconds
[2022-09-10T17:27:19.764+0000] {processor.py:153} INFO - Started process (PID=1404) to work on /home/airflow/.local/lib/python3.7/site-packages/airflow/example_dags/example_latest_only_with_trigger.py
[2022-09-10T17:27:19.766+0000] {processor.py:640} INFO - Processing file /home/airflow/.local/lib/python3.7/site-packages/airflow/example_dags/example_latest_only_with_trigger.py for tasks to queue
[2022-09-10T17:27:19.771+0000] {logging_mixin.py:115} INFO - [2022-09-10T17:27:19.769+0000] {dagbag.py:508} INFO - Filling up the DagBag from /home/airflow/.local/lib/python3.7/site-packages/airflow/example_dags/example_latest_only_with_trigger.py
[2022-09-10T17:27:19.776+0000] {processor.py:650} INFO - DAG(s) dict_keys(['latest_only_with_trigger']) retrieved from /home/airflow/.local/lib/python3.7/site-packages/airflow/example_dags/example_latest_only_with_trigger.py
[2022-09-10T17:27:19.803+0000] {logging_mixin.py:115} INFO - [2022-09-10T17:27:19.803+0000] {dag.py:2429} INFO - Sync 1 DAGs
[2022-09-10T17:27:19.819+0000] {logging_mixin.py:115} INFO - [2022-09-10T17:27:19.819+0000] {dag.py:2981} INFO - Setting next_dagrun for latest_only_with_trigger to 2022-09-10T13:27:19.819396+00:00, run_after=2022-09-10T17:27:19.819396+00:00
[2022-09-10T17:27:19.827+0000] {processor.py:161} INFO - Processing /home/airflow/.local/lib/python3.7/site-packages/airflow/example_dags/example_latest_only_with_trigger.py took 0.066 seconds
[2022-09-10T17:27:49.984+0000] {processor.py:153} INFO - Started process (PID=1469) to work on /home/airflow/.local/lib/python3.7/site-packages/airflow/example_dags/example_latest_only_with_trigger.py
[2022-09-10T17:27:49.986+0000] {processor.py:640} INFO - Processing file /home/airflow/.local/lib/python3.7/site-packages/airflow/example_dags/example_latest_only_with_trigger.py for tasks to queue
[2022-09-10T17:27:49.987+0000] {logging_mixin.py:115} INFO - [2022-09-10T17:27:49.987+0000] {dagbag.py:508} INFO - Filling up the DagBag from /home/airflow/.local/lib/python3.7/site-packages/airflow/example_dags/example_latest_only_with_trigger.py
[2022-09-10T17:27:49.991+0000] {processor.py:650} INFO - DAG(s) dict_keys(['latest_only_with_trigger']) retrieved from /home/airflow/.local/lib/python3.7/site-packages/airflow/example_dags/example_latest_only_with_trigger.py
[2022-09-10T17:27:50.007+0000] {logging_mixin.py:115} INFO - [2022-09-10T17:27:50.007+0000] {dag.py:2429} INFO - Sync 1 DAGs
[2022-09-10T17:27:50.020+0000] {logging_mixin.py:115} INFO - [2022-09-10T17:27:50.020+0000] {dag.py:2981} INFO - Setting next_dagrun for latest_only_with_trigger to 2022-09-10T13:27:50.019916+00:00, run_after=2022-09-10T17:27:50.019916+00:00
[2022-09-10T17:27:50.027+0000] {processor.py:161} INFO - Processing /home/airflow/.local/lib/python3.7/site-packages/airflow/example_dags/example_latest_only_with_trigger.py took 0.046 seconds
[2022-09-10T17:28:20.162+0000] {processor.py:153} INFO - Started process (PID=1532) to work on /home/airflow/.local/lib/python3.7/site-packages/airflow/example_dags/example_latest_only_with_trigger.py
[2022-09-10T17:28:20.164+0000] {processor.py:640} INFO - Processing file /home/airflow/.local/lib/python3.7/site-packages/airflow/example_dags/example_latest_only_with_trigger.py for tasks to queue
[2022-09-10T17:28:20.165+0000] {logging_mixin.py:115} INFO - [2022-09-10T17:28:20.165+0000] {dagbag.py:508} INFO - Filling up the DagBag from /home/airflow/.local/lib/python3.7/site-packages/airflow/example_dags/example_latest_only_with_trigger.py
[2022-09-10T17:28:20.170+0000] {processor.py:650} INFO - DAG(s) dict_keys(['latest_only_with_trigger']) retrieved from /home/airflow/.local/lib/python3.7/site-packages/airflow/example_dags/example_latest_only_with_trigger.py
[2022-09-10T17:28:20.186+0000] {logging_mixin.py:115} INFO - [2022-09-10T17:28:20.186+0000] {dag.py:2429} INFO - Sync 1 DAGs
[2022-09-10T17:28:20.200+0000] {logging_mixin.py:115} INFO - [2022-09-10T17:28:20.200+0000] {dag.py:2981} INFO - Setting next_dagrun for latest_only_with_trigger to 2022-09-10T13:28:20.200197+00:00, run_after=2022-09-10T17:28:20.200197+00:00
[2022-09-10T17:28:20.209+0000] {processor.py:161} INFO - Processing /home/airflow/.local/lib/python3.7/site-packages/airflow/example_dags/example_latest_only_with_trigger.py took 0.049 seconds
[2022-09-10T17:28:50.486+0000] {processor.py:153} INFO - Started process (PID=1586) to work on /home/airflow/.local/lib/python3.7/site-packages/airflow/example_dags/example_latest_only_with_trigger.py
[2022-09-10T17:28:50.489+0000] {processor.py:640} INFO - Processing file /home/airflow/.local/lib/python3.7/site-packages/airflow/example_dags/example_latest_only_with_trigger.py for tasks to queue
[2022-09-10T17:28:50.490+0000] {logging_mixin.py:115} INFO - [2022-09-10T17:28:50.490+0000] {dagbag.py:508} INFO - Filling up the DagBag from /home/airflow/.local/lib/python3.7/site-packages/airflow/example_dags/example_latest_only_with_trigger.py
[2022-09-10T17:28:50.497+0000] {processor.py:650} INFO - DAG(s) dict_keys(['latest_only_with_trigger']) retrieved from /home/airflow/.local/lib/python3.7/site-packages/airflow/example_dags/example_latest_only_with_trigger.py
[2022-09-10T17:28:50.516+0000] {logging_mixin.py:115} INFO - [2022-09-10T17:28:50.516+0000] {dag.py:2429} INFO - Sync 1 DAGs
[2022-09-10T17:28:50.531+0000] {logging_mixin.py:115} INFO - [2022-09-10T17:28:50.531+0000] {dag.py:2981} INFO - Setting next_dagrun for latest_only_with_trigger to 2022-09-10T13:28:50.531128+00:00, run_after=2022-09-10T17:28:50.531128+00:00
[2022-09-10T17:28:50.539+0000] {processor.py:161} INFO - Processing /home/airflow/.local/lib/python3.7/site-packages/airflow/example_dags/example_latest_only_with_trigger.py took 0.060 seconds
[2022-09-10T17:29:20.658+0000] {processor.py:153} INFO - Started process (PID=1649) to work on /home/airflow/.local/lib/python3.7/site-packages/airflow/example_dags/example_latest_only_with_trigger.py
[2022-09-10T17:29:20.659+0000] {processor.py:640} INFO - Processing file /home/airflow/.local/lib/python3.7/site-packages/airflow/example_dags/example_latest_only_with_trigger.py for tasks to queue
[2022-09-10T17:29:20.660+0000] {logging_mixin.py:115} INFO - [2022-09-10T17:29:20.660+0000] {dagbag.py:508} INFO - Filling up the DagBag from /home/airflow/.local/lib/python3.7/site-packages/airflow/example_dags/example_latest_only_with_trigger.py
[2022-09-10T17:29:20.664+0000] {processor.py:650} INFO - DAG(s) dict_keys(['latest_only_with_trigger']) retrieved from /home/airflow/.local/lib/python3.7/site-packages/airflow/example_dags/example_latest_only_with_trigger.py
[2022-09-10T17:29:20.679+0000] {logging_mixin.py:115} INFO - [2022-09-10T17:29:20.679+0000] {dag.py:2429} INFO - Sync 1 DAGs
[2022-09-10T17:29:20.690+0000] {logging_mixin.py:115} INFO - [2022-09-10T17:29:20.690+0000] {dag.py:2981} INFO - Setting next_dagrun for latest_only_with_trigger to 2022-09-10T13:29:20.690453+00:00, run_after=2022-09-10T17:29:20.690453+00:00
[2022-09-10T17:29:20.697+0000] {processor.py:161} INFO - Processing /home/airflow/.local/lib/python3.7/site-packages/airflow/example_dags/example_latest_only_with_trigger.py took 0.041 seconds
[2022-09-10T17:29:50.876+0000] {processor.py:153} INFO - Started process (PID=1711) to work on /home/airflow/.local/lib/python3.7/site-packages/airflow/example_dags/example_latest_only_with_trigger.py
[2022-09-10T17:29:50.878+0000] {processor.py:640} INFO - Processing file /home/airflow/.local/lib/python3.7/site-packages/airflow/example_dags/example_latest_only_with_trigger.py for tasks to queue
[2022-09-10T17:29:50.878+0000] {logging_mixin.py:115} INFO - [2022-09-10T17:29:50.878+0000] {dagbag.py:508} INFO - Filling up the DagBag from /home/airflow/.local/lib/python3.7/site-packages/airflow/example_dags/example_latest_only_with_trigger.py
[2022-09-10T17:29:50.883+0000] {processor.py:650} INFO - DAG(s) dict_keys(['latest_only_with_trigger']) retrieved from /home/airflow/.local/lib/python3.7/site-packages/airflow/example_dags/example_latest_only_with_trigger.py
[2022-09-10T17:29:50.907+0000] {logging_mixin.py:115} INFO - [2022-09-10T17:29:50.907+0000] {dag.py:2429} INFO - Sync 1 DAGs
[2022-09-10T17:29:50.923+0000] {logging_mixin.py:115} INFO - [2022-09-10T17:29:50.923+0000] {dag.py:2981} INFO - Setting next_dagrun for latest_only_with_trigger to 2022-09-10T13:29:50.923030+00:00, run_after=2022-09-10T17:29:50.923030+00:00
[2022-09-10T17:29:50.931+0000] {processor.py:161} INFO - Processing /home/airflow/.local/lib/python3.7/site-packages/airflow/example_dags/example_latest_only_with_trigger.py took 0.056 seconds
[2022-09-10T17:30:21.268+0000] {processor.py:153} INFO - Started process (PID=1774) to work on /home/airflow/.local/lib/python3.7/site-packages/airflow/example_dags/example_latest_only_with_trigger.py
[2022-09-10T17:30:21.275+0000] {processor.py:640} INFO - Processing file /home/airflow/.local/lib/python3.7/site-packages/airflow/example_dags/example_latest_only_with_trigger.py for tasks to queue
[2022-09-10T17:30:21.280+0000] {logging_mixin.py:115} INFO - [2022-09-10T17:30:21.280+0000] {dagbag.py:508} INFO - Filling up the DagBag from /home/airflow/.local/lib/python3.7/site-packages/airflow/example_dags/example_latest_only_with_trigger.py
[2022-09-10T17:30:21.301+0000] {processor.py:650} INFO - DAG(s) dict_keys(['latest_only_with_trigger']) retrieved from /home/airflow/.local/lib/python3.7/site-packages/airflow/example_dags/example_latest_only_with_trigger.py
[2022-09-10T17:30:21.353+0000] {logging_mixin.py:115} INFO - [2022-09-10T17:30:21.353+0000] {dag.py:2429} INFO - Sync 1 DAGs
[2022-09-10T17:30:21.394+0000] {logging_mixin.py:115} INFO - [2022-09-10T17:30:21.394+0000] {dag.py:2981} INFO - Setting next_dagrun for latest_only_with_trigger to 2022-09-10T13:30:21.392555+00:00, run_after=2022-09-10T17:30:21.392555+00:00
[2022-09-10T17:30:21.413+0000] {processor.py:161} INFO - Processing /home/airflow/.local/lib/python3.7/site-packages/airflow/example_dags/example_latest_only_with_trigger.py took 0.152 seconds
