[2022-09-10T17:06:43.581+0000] {processor.py:153} INFO - Started process (PID=76) to work on /home/airflow/.local/lib/python3.7/site-packages/airflow/example_dags/example_task_group_decorator.py
[2022-09-10T17:06:43.584+0000] {processor.py:640} INFO - Processing file /home/airflow/.local/lib/python3.7/site-packages/airflow/example_dags/example_task_group_decorator.py for tasks to queue
[2022-09-10T17:06:43.587+0000] {logging_mixin.py:115} INFO - [2022-09-10T17:06:43.587+0000] {dagbag.py:508} INFO - Filling up the DagBag from /home/airflow/.local/lib/python3.7/site-packages/airflow/example_dags/example_task_group_decorator.py
[2022-09-10T17:06:43.634+0000] {processor.py:650} INFO - DAG(s) dict_keys(['example_task_group_decorator']) retrieved from /home/airflow/.local/lib/python3.7/site-packages/airflow/example_dags/example_task_group_decorator.py
[2022-09-10T17:06:43.720+0000] {logging_mixin.py:115} INFO - [2022-09-10T17:06:43.720+0000] {manager.py:508} INFO - Created Permission View: can edit on DAG:example_task_group_decorator
[2022-09-10T17:06:43.731+0000] {logging_mixin.py:115} INFO - [2022-09-10T17:06:43.731+0000] {manager.py:508} INFO - Created Permission View: can delete on DAG:example_task_group_decorator
[2022-09-10T17:06:43.741+0000] {logging_mixin.py:115} INFO - [2022-09-10T17:06:43.740+0000] {manager.py:508} INFO - Created Permission View: can read on DAG:example_task_group_decorator
[2022-09-10T17:06:43.742+0000] {logging_mixin.py:115} INFO - [2022-09-10T17:06:43.742+0000] {dag.py:2429} INFO - Sync 1 DAGs
[2022-09-10T17:06:43.753+0000] {logging_mixin.py:115} INFO - [2022-09-10T17:06:43.753+0000] {dag.py:2448} INFO - Creating ORM DAG for example_task_group_decorator
[2022-09-10T17:06:43.776+0000] {logging_mixin.py:115} INFO - [2022-09-10T17:06:43.776+0000] {dag.py:2981} INFO - Setting next_dagrun for example_task_group_decorator to 2022-09-09T17:06:43.775902+00:00, run_after=2022-09-10T17:06:43.775902+00:00
[2022-09-10T17:06:43.799+0000] {processor.py:161} INFO - Processing /home/airflow/.local/lib/python3.7/site-packages/airflow/example_dags/example_task_group_decorator.py took 0.222 seconds
[2022-09-10T17:07:14.041+0000] {processor.py:153} INFO - Started process (PID=140) to work on /home/airflow/.local/lib/python3.7/site-packages/airflow/example_dags/example_task_group_decorator.py
[2022-09-10T17:07:14.043+0000] {processor.py:640} INFO - Processing file /home/airflow/.local/lib/python3.7/site-packages/airflow/example_dags/example_task_group_decorator.py for tasks to queue
[2022-09-10T17:07:14.044+0000] {logging_mixin.py:115} INFO - [2022-09-10T17:07:14.043+0000] {dagbag.py:508} INFO - Filling up the DagBag from /home/airflow/.local/lib/python3.7/site-packages/airflow/example_dags/example_task_group_decorator.py
[2022-09-10T17:07:14.058+0000] {processor.py:650} INFO - DAG(s) dict_keys(['example_task_group_decorator']) retrieved from /home/airflow/.local/lib/python3.7/site-packages/airflow/example_dags/example_task_group_decorator.py
[2022-09-10T17:07:14.100+0000] {logging_mixin.py:115} INFO - [2022-09-10T17:07:14.100+0000] {dag.py:2429} INFO - Sync 1 DAGs
[2022-09-10T17:07:14.111+0000] {logging_mixin.py:115} INFO - [2022-09-10T17:07:14.111+0000] {dag.py:2981} INFO - Setting next_dagrun for example_task_group_decorator to 2022-09-09T17:07:14.111236+00:00, run_after=2022-09-10T17:07:14.111236+00:00
[2022-09-10T17:07:14.120+0000] {processor.py:161} INFO - Processing /home/airflow/.local/lib/python3.7/site-packages/airflow/example_dags/example_task_group_decorator.py took 0.081 seconds
[2022-09-10T17:07:44.951+0000] {processor.py:153} INFO - Started process (PID=203) to work on /home/airflow/.local/lib/python3.7/site-packages/airflow/example_dags/example_task_group_decorator.py
[2022-09-10T17:07:44.953+0000] {processor.py:640} INFO - Processing file /home/airflow/.local/lib/python3.7/site-packages/airflow/example_dags/example_task_group_decorator.py for tasks to queue
[2022-09-10T17:07:44.954+0000] {logging_mixin.py:115} INFO - [2022-09-10T17:07:44.953+0000] {dagbag.py:508} INFO - Filling up the DagBag from /home/airflow/.local/lib/python3.7/site-packages/airflow/example_dags/example_task_group_decorator.py
[2022-09-10T17:07:44.969+0000] {processor.py:650} INFO - DAG(s) dict_keys(['example_task_group_decorator']) retrieved from /home/airflow/.local/lib/python3.7/site-packages/airflow/example_dags/example_task_group_decorator.py
[2022-09-10T17:07:45.011+0000] {logging_mixin.py:115} INFO - [2022-09-10T17:07:45.011+0000] {dag.py:2429} INFO - Sync 1 DAGs
[2022-09-10T17:07:45.023+0000] {logging_mixin.py:115} INFO - [2022-09-10T17:07:45.023+0000] {dag.py:2981} INFO - Setting next_dagrun for example_task_group_decorator to 2022-09-09T17:07:45.023226+00:00, run_after=2022-09-10T17:07:45.023226+00:00
[2022-09-10T17:07:45.032+0000] {processor.py:161} INFO - Processing /home/airflow/.local/lib/python3.7/site-packages/airflow/example_dags/example_task_group_decorator.py took 0.082 seconds
[2022-09-10T17:08:15.851+0000] {processor.py:153} INFO - Started process (PID=265) to work on /home/airflow/.local/lib/python3.7/site-packages/airflow/example_dags/example_task_group_decorator.py
[2022-09-10T17:08:15.853+0000] {processor.py:640} INFO - Processing file /home/airflow/.local/lib/python3.7/site-packages/airflow/example_dags/example_task_group_decorator.py for tasks to queue
[2022-09-10T17:08:15.855+0000] {logging_mixin.py:115} INFO - [2022-09-10T17:08:15.855+0000] {dagbag.py:508} INFO - Filling up the DagBag from /home/airflow/.local/lib/python3.7/site-packages/airflow/example_dags/example_task_group_decorator.py
[2022-09-10T17:08:15.874+0000] {processor.py:650} INFO - DAG(s) dict_keys(['example_task_group_decorator']) retrieved from /home/airflow/.local/lib/python3.7/site-packages/airflow/example_dags/example_task_group_decorator.py
[2022-09-10T17:08:15.926+0000] {logging_mixin.py:115} INFO - [2022-09-10T17:08:15.926+0000] {dag.py:2429} INFO - Sync 1 DAGs
[2022-09-10T17:08:15.939+0000] {logging_mixin.py:115} INFO - [2022-09-10T17:08:15.939+0000] {dag.py:2981} INFO - Setting next_dagrun for example_task_group_decorator to 2022-09-09T17:08:15.939442+00:00, run_after=2022-09-10T17:08:15.939442+00:00
[2022-09-10T17:08:15.949+0000] {processor.py:161} INFO - Processing /home/airflow/.local/lib/python3.7/site-packages/airflow/example_dags/example_task_group_decorator.py took 0.100 seconds
[2022-09-10T17:08:46.724+0000] {processor.py:153} INFO - Started process (PID=319) to work on /home/airflow/.local/lib/python3.7/site-packages/airflow/example_dags/example_task_group_decorator.py
[2022-09-10T17:08:46.725+0000] {processor.py:640} INFO - Processing file /home/airflow/.local/lib/python3.7/site-packages/airflow/example_dags/example_task_group_decorator.py for tasks to queue
[2022-09-10T17:08:46.726+0000] {logging_mixin.py:115} INFO - [2022-09-10T17:08:46.726+0000] {dagbag.py:508} INFO - Filling up the DagBag from /home/airflow/.local/lib/python3.7/site-packages/airflow/example_dags/example_task_group_decorator.py
[2022-09-10T17:08:46.741+0000] {processor.py:650} INFO - DAG(s) dict_keys(['example_task_group_decorator']) retrieved from /home/airflow/.local/lib/python3.7/site-packages/airflow/example_dags/example_task_group_decorator.py
[2022-09-10T17:08:46.784+0000] {logging_mixin.py:115} INFO - [2022-09-10T17:08:46.784+0000] {dag.py:2429} INFO - Sync 1 DAGs
[2022-09-10T17:08:46.794+0000] {logging_mixin.py:115} INFO - [2022-09-10T17:08:46.794+0000] {dag.py:2981} INFO - Setting next_dagrun for example_task_group_decorator to 2022-09-09T17:08:46.794678+00:00, run_after=2022-09-10T17:08:46.794678+00:00
[2022-09-10T17:08:46.803+0000] {processor.py:161} INFO - Processing /home/airflow/.local/lib/python3.7/site-packages/airflow/example_dags/example_task_group_decorator.py took 0.082 seconds
[2022-09-10T17:09:17.531+0000] {processor.py:153} INFO - Started process (PID=383) to work on /home/airflow/.local/lib/python3.7/site-packages/airflow/example_dags/example_task_group_decorator.py
[2022-09-10T17:09:17.533+0000] {processor.py:640} INFO - Processing file /home/airflow/.local/lib/python3.7/site-packages/airflow/example_dags/example_task_group_decorator.py for tasks to queue
[2022-09-10T17:09:17.535+0000] {logging_mixin.py:115} INFO - [2022-09-10T17:09:17.534+0000] {dagbag.py:508} INFO - Filling up the DagBag from /home/airflow/.local/lib/python3.7/site-packages/airflow/example_dags/example_task_group_decorator.py
[2022-09-10T17:09:17.551+0000] {processor.py:650} INFO - DAG(s) dict_keys(['example_task_group_decorator']) retrieved from /home/airflow/.local/lib/python3.7/site-packages/airflow/example_dags/example_task_group_decorator.py
[2022-09-10T17:09:17.591+0000] {logging_mixin.py:115} INFO - [2022-09-10T17:09:17.591+0000] {dag.py:2429} INFO - Sync 1 DAGs
[2022-09-10T17:09:17.603+0000] {logging_mixin.py:115} INFO - [2022-09-10T17:09:17.603+0000] {dag.py:2981} INFO - Setting next_dagrun for example_task_group_decorator to 2022-09-09T17:09:17.603172+00:00, run_after=2022-09-10T17:09:17.603172+00:00
[2022-09-10T17:09:17.611+0000] {processor.py:161} INFO - Processing /home/airflow/.local/lib/python3.7/site-packages/airflow/example_dags/example_task_group_decorator.py took 0.083 seconds
[2022-09-10T17:09:48.382+0000] {processor.py:153} INFO - Started process (PID=447) to work on /home/airflow/.local/lib/python3.7/site-packages/airflow/example_dags/example_task_group_decorator.py
[2022-09-10T17:09:48.384+0000] {processor.py:640} INFO - Processing file /home/airflow/.local/lib/python3.7/site-packages/airflow/example_dags/example_task_group_decorator.py for tasks to queue
[2022-09-10T17:09:48.385+0000] {logging_mixin.py:115} INFO - [2022-09-10T17:09:48.385+0000] {dagbag.py:508} INFO - Filling up the DagBag from /home/airflow/.local/lib/python3.7/site-packages/airflow/example_dags/example_task_group_decorator.py
[2022-09-10T17:09:48.399+0000] {processor.py:650} INFO - DAG(s) dict_keys(['example_task_group_decorator']) retrieved from /home/airflow/.local/lib/python3.7/site-packages/airflow/example_dags/example_task_group_decorator.py
[2022-09-10T17:09:48.440+0000] {logging_mixin.py:115} INFO - [2022-09-10T17:09:48.440+0000] {dag.py:2429} INFO - Sync 1 DAGs
[2022-09-10T17:09:48.451+0000] {logging_mixin.py:115} INFO - [2022-09-10T17:09:48.451+0000] {dag.py:2981} INFO - Setting next_dagrun for example_task_group_decorator to 2022-09-09T17:09:48.451371+00:00, run_after=2022-09-10T17:09:48.451371+00:00
[2022-09-10T17:09:48.459+0000] {processor.py:161} INFO - Processing /home/airflow/.local/lib/python3.7/site-packages/airflow/example_dags/example_task_group_decorator.py took 0.078 seconds
[2022-09-10T17:10:19.345+0000] {processor.py:153} INFO - Started process (PID=511) to work on /home/airflow/.local/lib/python3.7/site-packages/airflow/example_dags/example_task_group_decorator.py
[2022-09-10T17:10:19.350+0000] {processor.py:640} INFO - Processing file /home/airflow/.local/lib/python3.7/site-packages/airflow/example_dags/example_task_group_decorator.py for tasks to queue
[2022-09-10T17:10:19.351+0000] {logging_mixin.py:115} INFO - [2022-09-10T17:10:19.351+0000] {dagbag.py:508} INFO - Filling up the DagBag from /home/airflow/.local/lib/python3.7/site-packages/airflow/example_dags/example_task_group_decorator.py
[2022-09-10T17:10:19.371+0000] {processor.py:650} INFO - DAG(s) dict_keys(['example_task_group_decorator']) retrieved from /home/airflow/.local/lib/python3.7/site-packages/airflow/example_dags/example_task_group_decorator.py
[2022-09-10T17:10:19.426+0000] {logging_mixin.py:115} INFO - [2022-09-10T17:10:19.426+0000] {dag.py:2429} INFO - Sync 1 DAGs
[2022-09-10T17:10:19.437+0000] {logging_mixin.py:115} INFO - [2022-09-10T17:10:19.437+0000] {dag.py:2981} INFO - Setting next_dagrun for example_task_group_decorator to 2022-09-09T17:10:19.437024+00:00, run_after=2022-09-10T17:10:19.437024+00:00
[2022-09-10T17:10:19.445+0000] {processor.py:161} INFO - Processing /home/airflow/.local/lib/python3.7/site-packages/airflow/example_dags/example_task_group_decorator.py took 0.103 seconds
[2022-09-10T17:10:50.146+0000] {processor.py:153} INFO - Started process (PID=574) to work on /home/airflow/.local/lib/python3.7/site-packages/airflow/example_dags/example_task_group_decorator.py
[2022-09-10T17:10:50.148+0000] {processor.py:640} INFO - Processing file /home/airflow/.local/lib/python3.7/site-packages/airflow/example_dags/example_task_group_decorator.py for tasks to queue
[2022-09-10T17:10:50.149+0000] {logging_mixin.py:115} INFO - [2022-09-10T17:10:50.149+0000] {dagbag.py:508} INFO - Filling up the DagBag from /home/airflow/.local/lib/python3.7/site-packages/airflow/example_dags/example_task_group_decorator.py
[2022-09-10T17:10:50.163+0000] {processor.py:650} INFO - DAG(s) dict_keys(['example_task_group_decorator']) retrieved from /home/airflow/.local/lib/python3.7/site-packages/airflow/example_dags/example_task_group_decorator.py
[2022-09-10T17:10:50.204+0000] {logging_mixin.py:115} INFO - [2022-09-10T17:10:50.204+0000] {dag.py:2429} INFO - Sync 1 DAGs
[2022-09-10T17:10:50.214+0000] {logging_mixin.py:115} INFO - [2022-09-10T17:10:50.214+0000] {dag.py:2981} INFO - Setting next_dagrun for example_task_group_decorator to 2022-09-09T17:10:50.214725+00:00, run_after=2022-09-10T17:10:50.214725+00:00
[2022-09-10T17:10:50.222+0000] {processor.py:161} INFO - Processing /home/airflow/.local/lib/python3.7/site-packages/airflow/example_dags/example_task_group_decorator.py took 0.078 seconds
[2022-09-10T17:13:07.361+0000] {processor.py:153} INFO - Started process (PID=75) to work on /home/airflow/.local/lib/python3.7/site-packages/airflow/example_dags/example_task_group_decorator.py
[2022-09-10T17:13:07.366+0000] {processor.py:640} INFO - Processing file /home/airflow/.local/lib/python3.7/site-packages/airflow/example_dags/example_task_group_decorator.py for tasks to queue
[2022-09-10T17:13:07.369+0000] {logging_mixin.py:115} INFO - [2022-09-10T17:13:07.369+0000] {dagbag.py:508} INFO - Filling up the DagBag from /home/airflow/.local/lib/python3.7/site-packages/airflow/example_dags/example_task_group_decorator.py
[2022-09-10T17:13:07.410+0000] {processor.py:650} INFO - DAG(s) dict_keys(['example_task_group_decorator']) retrieved from /home/airflow/.local/lib/python3.7/site-packages/airflow/example_dags/example_task_group_decorator.py
[2022-09-10T17:13:07.695+0000] {logging_mixin.py:115} INFO - [2022-09-10T17:13:07.695+0000] {dag.py:2429} INFO - Sync 1 DAGs
[2022-09-10T17:13:07.718+0000] {logging_mixin.py:115} INFO - [2022-09-10T17:13:07.718+0000] {dag.py:2981} INFO - Setting next_dagrun for example_task_group_decorator to 2022-09-09T17:13:07.718265+00:00, run_after=2022-09-10T17:13:07.718265+00:00
[2022-09-10T17:13:07.731+0000] {processor.py:161} INFO - Processing /home/airflow/.local/lib/python3.7/site-packages/airflow/example_dags/example_task_group_decorator.py took 0.378 seconds
[2022-09-10T17:13:37.909+0000] {processor.py:153} INFO - Started process (PID=128) to work on /home/airflow/.local/lib/python3.7/site-packages/airflow/example_dags/example_task_group_decorator.py
[2022-09-10T17:13:37.911+0000] {processor.py:640} INFO - Processing file /home/airflow/.local/lib/python3.7/site-packages/airflow/example_dags/example_task_group_decorator.py for tasks to queue
[2022-09-10T17:13:37.914+0000] {logging_mixin.py:115} INFO - [2022-09-10T17:13:37.913+0000] {dagbag.py:508} INFO - Filling up the DagBag from /home/airflow/.local/lib/python3.7/site-packages/airflow/example_dags/example_task_group_decorator.py
[2022-09-10T17:13:37.931+0000] {processor.py:650} INFO - DAG(s) dict_keys(['example_task_group_decorator']) retrieved from /home/airflow/.local/lib/python3.7/site-packages/airflow/example_dags/example_task_group_decorator.py
[2022-09-10T17:13:38.260+0000] {logging_mixin.py:115} INFO - [2022-09-10T17:13:38.260+0000] {dag.py:2429} INFO - Sync 1 DAGs
[2022-09-10T17:13:38.298+0000] {logging_mixin.py:115} INFO - [2022-09-10T17:13:38.298+0000] {dag.py:2981} INFO - Setting next_dagrun for example_task_group_decorator to 2022-09-09T17:13:38.297844+00:00, run_after=2022-09-10T17:13:38.297844+00:00
[2022-09-10T17:13:38.313+0000] {processor.py:161} INFO - Processing /home/airflow/.local/lib/python3.7/site-packages/airflow/example_dags/example_task_group_decorator.py took 0.405 seconds
[2022-09-10T17:16:09.929+0000] {processor.py:153} INFO - Started process (PID=87) to work on /home/airflow/.local/lib/python3.7/site-packages/airflow/example_dags/example_task_group_decorator.py
[2022-09-10T17:16:09.937+0000] {processor.py:640} INFO - Processing file /home/airflow/.local/lib/python3.7/site-packages/airflow/example_dags/example_task_group_decorator.py for tasks to queue
[2022-09-10T17:16:09.943+0000] {logging_mixin.py:115} INFO - [2022-09-10T17:16:09.943+0000] {dagbag.py:508} INFO - Filling up the DagBag from /home/airflow/.local/lib/python3.7/site-packages/airflow/example_dags/example_task_group_decorator.py
[2022-09-10T17:16:10.048+0000] {processor.py:650} INFO - DAG(s) dict_keys(['example_task_group_decorator']) retrieved from /home/airflow/.local/lib/python3.7/site-packages/airflow/example_dags/example_task_group_decorator.py
[2022-09-10T17:16:10.536+0000] {logging_mixin.py:115} INFO - [2022-09-10T17:16:10.536+0000] {dag.py:2429} INFO - Sync 1 DAGs
[2022-09-10T17:16:10.669+0000] {logging_mixin.py:115} INFO - [2022-09-10T17:16:10.669+0000] {dag.py:2981} INFO - Setting next_dagrun for example_task_group_decorator to 2022-09-09T17:16:10.668158+00:00, run_after=2022-09-10T17:16:10.668158+00:00
[2022-09-10T17:16:10.804+0000] {processor.py:161} INFO - Processing /home/airflow/.local/lib/python3.7/site-packages/airflow/example_dags/example_task_group_decorator.py took 0.900 seconds
[2022-09-10T17:16:40.993+0000] {processor.py:153} INFO - Started process (PID=143) to work on /home/airflow/.local/lib/python3.7/site-packages/airflow/example_dags/example_task_group_decorator.py
[2022-09-10T17:16:40.999+0000] {processor.py:640} INFO - Processing file /home/airflow/.local/lib/python3.7/site-packages/airflow/example_dags/example_task_group_decorator.py for tasks to queue
[2022-09-10T17:16:41.005+0000] {logging_mixin.py:115} INFO - [2022-09-10T17:16:41.005+0000] {dagbag.py:508} INFO - Filling up the DagBag from /home/airflow/.local/lib/python3.7/site-packages/airflow/example_dags/example_task_group_decorator.py
[2022-09-10T17:16:41.022+0000] {processor.py:650} INFO - DAG(s) dict_keys(['example_task_group_decorator']) retrieved from /home/airflow/.local/lib/python3.7/site-packages/airflow/example_dags/example_task_group_decorator.py
[2022-09-10T17:16:41.062+0000] {logging_mixin.py:115} INFO - [2022-09-10T17:16:41.062+0000] {dag.py:2429} INFO - Sync 1 DAGs
[2022-09-10T17:16:41.088+0000] {logging_mixin.py:115} INFO - [2022-09-10T17:16:41.087+0000] {dag.py:2981} INFO - Setting next_dagrun for example_task_group_decorator to 2022-09-09T17:16:41.087794+00:00, run_after=2022-09-10T17:16:41.087794+00:00
[2022-09-10T17:16:41.099+0000] {processor.py:161} INFO - Processing /home/airflow/.local/lib/python3.7/site-packages/airflow/example_dags/example_task_group_decorator.py took 0.116 seconds
[2022-09-10T17:17:11.294+0000] {processor.py:153} INFO - Started process (PID=207) to work on /home/airflow/.local/lib/python3.7/site-packages/airflow/example_dags/example_task_group_decorator.py
[2022-09-10T17:17:11.296+0000] {processor.py:640} INFO - Processing file /home/airflow/.local/lib/python3.7/site-packages/airflow/example_dags/example_task_group_decorator.py for tasks to queue
[2022-09-10T17:17:11.297+0000] {logging_mixin.py:115} INFO - [2022-09-10T17:17:11.297+0000] {dagbag.py:508} INFO - Filling up the DagBag from /home/airflow/.local/lib/python3.7/site-packages/airflow/example_dags/example_task_group_decorator.py
[2022-09-10T17:17:11.310+0000] {processor.py:650} INFO - DAG(s) dict_keys(['example_task_group_decorator']) retrieved from /home/airflow/.local/lib/python3.7/site-packages/airflow/example_dags/example_task_group_decorator.py
[2022-09-10T17:17:11.328+0000] {logging_mixin.py:115} INFO - [2022-09-10T17:17:11.328+0000] {dag.py:2429} INFO - Sync 1 DAGs
[2022-09-10T17:17:11.339+0000] {logging_mixin.py:115} INFO - [2022-09-10T17:17:11.339+0000] {dag.py:2981} INFO - Setting next_dagrun for example_task_group_decorator to 2022-09-09T17:17:11.339109+00:00, run_after=2022-09-10T17:17:11.339109+00:00
[2022-09-10T17:17:11.345+0000] {processor.py:161} INFO - Processing /home/airflow/.local/lib/python3.7/site-packages/airflow/example_dags/example_task_group_decorator.py took 0.052 seconds
[2022-09-10T17:17:41.569+0000] {processor.py:153} INFO - Started process (PID=270) to work on /home/airflow/.local/lib/python3.7/site-packages/airflow/example_dags/example_task_group_decorator.py
[2022-09-10T17:17:41.570+0000] {processor.py:640} INFO - Processing file /home/airflow/.local/lib/python3.7/site-packages/airflow/example_dags/example_task_group_decorator.py for tasks to queue
[2022-09-10T17:17:41.572+0000] {logging_mixin.py:115} INFO - [2022-09-10T17:17:41.571+0000] {dagbag.py:508} INFO - Filling up the DagBag from /home/airflow/.local/lib/python3.7/site-packages/airflow/example_dags/example_task_group_decorator.py
[2022-09-10T17:17:41.587+0000] {processor.py:650} INFO - DAG(s) dict_keys(['example_task_group_decorator']) retrieved from /home/airflow/.local/lib/python3.7/site-packages/airflow/example_dags/example_task_group_decorator.py
[2022-09-10T17:17:41.623+0000] {logging_mixin.py:115} INFO - [2022-09-10T17:17:41.623+0000] {dag.py:2429} INFO - Sync 1 DAGs
[2022-09-10T17:17:41.634+0000] {logging_mixin.py:115} INFO - [2022-09-10T17:17:41.634+0000] {dag.py:2981} INFO - Setting next_dagrun for example_task_group_decorator to 2022-09-09T17:17:41.634003+00:00, run_after=2022-09-10T17:17:41.634003+00:00
[2022-09-10T17:17:41.642+0000] {processor.py:161} INFO - Processing /home/airflow/.local/lib/python3.7/site-packages/airflow/example_dags/example_task_group_decorator.py took 0.076 seconds
[2022-09-10T17:18:12.451+0000] {processor.py:153} INFO - Started process (PID=331) to work on /home/airflow/.local/lib/python3.7/site-packages/airflow/example_dags/example_task_group_decorator.py
[2022-09-10T17:18:12.453+0000] {processor.py:640} INFO - Processing file /home/airflow/.local/lib/python3.7/site-packages/airflow/example_dags/example_task_group_decorator.py for tasks to queue
[2022-09-10T17:18:12.454+0000] {logging_mixin.py:115} INFO - [2022-09-10T17:18:12.454+0000] {dagbag.py:508} INFO - Filling up the DagBag from /home/airflow/.local/lib/python3.7/site-packages/airflow/example_dags/example_task_group_decorator.py
[2022-09-10T17:18:12.468+0000] {processor.py:650} INFO - DAG(s) dict_keys(['example_task_group_decorator']) retrieved from /home/airflow/.local/lib/python3.7/site-packages/airflow/example_dags/example_task_group_decorator.py
[2022-09-10T17:18:12.516+0000] {logging_mixin.py:115} INFO - [2022-09-10T17:18:12.516+0000] {dag.py:2429} INFO - Sync 1 DAGs
[2022-09-10T17:18:12.532+0000] {logging_mixin.py:115} INFO - [2022-09-10T17:18:12.532+0000] {dag.py:2981} INFO - Setting next_dagrun for example_task_group_decorator to 2022-09-09T17:18:12.532742+00:00, run_after=2022-09-10T17:18:12.532742+00:00
[2022-09-10T17:18:12.542+0000] {processor.py:161} INFO - Processing /home/airflow/.local/lib/python3.7/site-packages/airflow/example_dags/example_task_group_decorator.py took 0.093 seconds
[2022-09-10T17:18:42.590+0000] {processor.py:153} INFO - Started process (PID=385) to work on /home/airflow/.local/lib/python3.7/site-packages/airflow/example_dags/example_task_group_decorator.py
[2022-09-10T17:18:42.592+0000] {processor.py:640} INFO - Processing file /home/airflow/.local/lib/python3.7/site-packages/airflow/example_dags/example_task_group_decorator.py for tasks to queue
[2022-09-10T17:18:42.593+0000] {logging_mixin.py:115} INFO - [2022-09-10T17:18:42.593+0000] {dagbag.py:508} INFO - Filling up the DagBag from /home/airflow/.local/lib/python3.7/site-packages/airflow/example_dags/example_task_group_decorator.py
[2022-09-10T17:18:42.614+0000] {processor.py:650} INFO - DAG(s) dict_keys(['example_task_group_decorator']) retrieved from /home/airflow/.local/lib/python3.7/site-packages/airflow/example_dags/example_task_group_decorator.py
[2022-09-10T17:18:42.656+0000] {logging_mixin.py:115} INFO - [2022-09-10T17:18:42.656+0000] {dag.py:2429} INFO - Sync 1 DAGs
[2022-09-10T17:18:42.669+0000] {logging_mixin.py:115} INFO - [2022-09-10T17:18:42.669+0000] {dag.py:2981} INFO - Setting next_dagrun for example_task_group_decorator to 2022-09-09T17:18:42.668843+00:00, run_after=2022-09-10T17:18:42.668843+00:00
[2022-09-10T17:18:42.681+0000] {processor.py:161} INFO - Processing /home/airflow/.local/lib/python3.7/site-packages/airflow/example_dags/example_task_group_decorator.py took 0.093 seconds
[2022-09-10T17:19:12.802+0000] {processor.py:153} INFO - Started process (PID=448) to work on /home/airflow/.local/lib/python3.7/site-packages/airflow/example_dags/example_task_group_decorator.py
[2022-09-10T17:19:12.805+0000] {processor.py:640} INFO - Processing file /home/airflow/.local/lib/python3.7/site-packages/airflow/example_dags/example_task_group_decorator.py for tasks to queue
[2022-09-10T17:19:12.806+0000] {logging_mixin.py:115} INFO - [2022-09-10T17:19:12.806+0000] {dagbag.py:508} INFO - Filling up the DagBag from /home/airflow/.local/lib/python3.7/site-packages/airflow/example_dags/example_task_group_decorator.py
[2022-09-10T17:19:12.822+0000] {processor.py:650} INFO - DAG(s) dict_keys(['example_task_group_decorator']) retrieved from /home/airflow/.local/lib/python3.7/site-packages/airflow/example_dags/example_task_group_decorator.py
[2022-09-10T17:19:12.870+0000] {logging_mixin.py:115} INFO - [2022-09-10T17:19:12.870+0000] {dag.py:2429} INFO - Sync 1 DAGs
[2022-09-10T17:19:12.885+0000] {logging_mixin.py:115} INFO - [2022-09-10T17:19:12.885+0000] {dag.py:2981} INFO - Setting next_dagrun for example_task_group_decorator to 2022-09-09T17:19:12.885570+00:00, run_after=2022-09-10T17:19:12.885570+00:00
[2022-09-10T17:19:12.899+0000] {processor.py:161} INFO - Processing /home/airflow/.local/lib/python3.7/site-packages/airflow/example_dags/example_task_group_decorator.py took 0.099 seconds
[2022-09-10T17:19:42.965+0000] {processor.py:153} INFO - Started process (PID=509) to work on /home/airflow/.local/lib/python3.7/site-packages/airflow/example_dags/example_task_group_decorator.py
[2022-09-10T17:19:42.966+0000] {processor.py:640} INFO - Processing file /home/airflow/.local/lib/python3.7/site-packages/airflow/example_dags/example_task_group_decorator.py for tasks to queue
[2022-09-10T17:19:42.967+0000] {logging_mixin.py:115} INFO - [2022-09-10T17:19:42.967+0000] {dagbag.py:508} INFO - Filling up the DagBag from /home/airflow/.local/lib/python3.7/site-packages/airflow/example_dags/example_task_group_decorator.py
[2022-09-10T17:19:42.983+0000] {processor.py:650} INFO - DAG(s) dict_keys(['example_task_group_decorator']) retrieved from /home/airflow/.local/lib/python3.7/site-packages/airflow/example_dags/example_task_group_decorator.py
[2022-09-10T17:19:43.035+0000] {logging_mixin.py:115} INFO - [2022-09-10T17:19:43.035+0000] {dag.py:2429} INFO - Sync 1 DAGs
[2022-09-10T17:19:43.048+0000] {logging_mixin.py:115} INFO - [2022-09-10T17:19:43.048+0000] {dag.py:2981} INFO - Setting next_dagrun for example_task_group_decorator to 2022-09-09T17:19:43.048342+00:00, run_after=2022-09-10T17:19:43.048342+00:00
[2022-09-10T17:19:43.058+0000] {processor.py:161} INFO - Processing /home/airflow/.local/lib/python3.7/site-packages/airflow/example_dags/example_task_group_decorator.py took 0.095 seconds
[2022-09-10T17:20:13.102+0000] {processor.py:153} INFO - Started process (PID=574) to work on /home/airflow/.local/lib/python3.7/site-packages/airflow/example_dags/example_task_group_decorator.py
[2022-09-10T17:20:13.104+0000] {processor.py:640} INFO - Processing file /home/airflow/.local/lib/python3.7/site-packages/airflow/example_dags/example_task_group_decorator.py for tasks to queue
[2022-09-10T17:20:13.105+0000] {logging_mixin.py:115} INFO - [2022-09-10T17:20:13.105+0000] {dagbag.py:508} INFO - Filling up the DagBag from /home/airflow/.local/lib/python3.7/site-packages/airflow/example_dags/example_task_group_decorator.py
[2022-09-10T17:20:13.120+0000] {processor.py:650} INFO - DAG(s) dict_keys(['example_task_group_decorator']) retrieved from /home/airflow/.local/lib/python3.7/site-packages/airflow/example_dags/example_task_group_decorator.py
[2022-09-10T17:20:13.165+0000] {logging_mixin.py:115} INFO - [2022-09-10T17:20:13.165+0000] {dag.py:2429} INFO - Sync 1 DAGs
[2022-09-10T17:20:13.177+0000] {logging_mixin.py:115} INFO - [2022-09-10T17:20:13.177+0000] {dag.py:2981} INFO - Setting next_dagrun for example_task_group_decorator to 2022-09-09T17:20:13.177480+00:00, run_after=2022-09-10T17:20:13.177480+00:00
[2022-09-10T17:20:13.188+0000] {processor.py:161} INFO - Processing /home/airflow/.local/lib/python3.7/site-packages/airflow/example_dags/example_task_group_decorator.py took 0.087 seconds
[2022-09-10T17:20:43.333+0000] {processor.py:153} INFO - Started process (PID=636) to work on /home/airflow/.local/lib/python3.7/site-packages/airflow/example_dags/example_task_group_decorator.py
[2022-09-10T17:20:43.335+0000] {processor.py:640} INFO - Processing file /home/airflow/.local/lib/python3.7/site-packages/airflow/example_dags/example_task_group_decorator.py for tasks to queue
[2022-09-10T17:20:43.336+0000] {logging_mixin.py:115} INFO - [2022-09-10T17:20:43.336+0000] {dagbag.py:508} INFO - Filling up the DagBag from /home/airflow/.local/lib/python3.7/site-packages/airflow/example_dags/example_task_group_decorator.py
[2022-09-10T17:20:43.350+0000] {processor.py:650} INFO - DAG(s) dict_keys(['example_task_group_decorator']) retrieved from /home/airflow/.local/lib/python3.7/site-packages/airflow/example_dags/example_task_group_decorator.py
[2022-09-10T17:20:43.390+0000] {logging_mixin.py:115} INFO - [2022-09-10T17:20:43.389+0000] {dag.py:2429} INFO - Sync 1 DAGs
[2022-09-10T17:20:43.403+0000] {logging_mixin.py:115} INFO - [2022-09-10T17:20:43.402+0000] {dag.py:2981} INFO - Setting next_dagrun for example_task_group_decorator to 2022-09-09T17:20:43.402698+00:00, run_after=2022-09-10T17:20:43.402698+00:00
[2022-09-10T17:20:43.416+0000] {processor.py:161} INFO - Processing /home/airflow/.local/lib/python3.7/site-packages/airflow/example_dags/example_task_group_decorator.py took 0.085 seconds
[2022-09-10T17:21:13.447+0000] {processor.py:153} INFO - Started process (PID=690) to work on /home/airflow/.local/lib/python3.7/site-packages/airflow/example_dags/example_task_group_decorator.py
[2022-09-10T17:21:13.452+0000] {processor.py:640} INFO - Processing file /home/airflow/.local/lib/python3.7/site-packages/airflow/example_dags/example_task_group_decorator.py for tasks to queue
[2022-09-10T17:21:13.454+0000] {logging_mixin.py:115} INFO - [2022-09-10T17:21:13.454+0000] {dagbag.py:508} INFO - Filling up the DagBag from /home/airflow/.local/lib/python3.7/site-packages/airflow/example_dags/example_task_group_decorator.py
[2022-09-10T17:21:13.472+0000] {processor.py:650} INFO - DAG(s) dict_keys(['example_task_group_decorator']) retrieved from /home/airflow/.local/lib/python3.7/site-packages/airflow/example_dags/example_task_group_decorator.py
[2022-09-10T17:21:13.528+0000] {logging_mixin.py:115} INFO - [2022-09-10T17:21:13.528+0000] {dag.py:2429} INFO - Sync 1 DAGs
[2022-09-10T17:21:13.544+0000] {logging_mixin.py:115} INFO - [2022-09-10T17:21:13.544+0000] {dag.py:2981} INFO - Setting next_dagrun for example_task_group_decorator to 2022-09-09T17:21:13.544599+00:00, run_after=2022-09-10T17:21:13.544599+00:00
[2022-09-10T17:21:13.556+0000] {processor.py:161} INFO - Processing /home/airflow/.local/lib/python3.7/site-packages/airflow/example_dags/example_task_group_decorator.py took 0.113 seconds
[2022-09-10T17:21:44.552+0000] {processor.py:153} INFO - Started process (PID=754) to work on /home/airflow/.local/lib/python3.7/site-packages/airflow/example_dags/example_task_group_decorator.py
[2022-09-10T17:21:44.554+0000] {processor.py:640} INFO - Processing file /home/airflow/.local/lib/python3.7/site-packages/airflow/example_dags/example_task_group_decorator.py for tasks to queue
[2022-09-10T17:21:44.555+0000] {logging_mixin.py:115} INFO - [2022-09-10T17:21:44.555+0000] {dagbag.py:508} INFO - Filling up the DagBag from /home/airflow/.local/lib/python3.7/site-packages/airflow/example_dags/example_task_group_decorator.py
[2022-09-10T17:21:44.571+0000] {processor.py:650} INFO - DAG(s) dict_keys(['example_task_group_decorator']) retrieved from /home/airflow/.local/lib/python3.7/site-packages/airflow/example_dags/example_task_group_decorator.py
[2022-09-10T17:21:44.613+0000] {logging_mixin.py:115} INFO - [2022-09-10T17:21:44.613+0000] {dag.py:2429} INFO - Sync 1 DAGs
[2022-09-10T17:21:44.624+0000] {logging_mixin.py:115} INFO - [2022-09-10T17:21:44.624+0000] {dag.py:2981} INFO - Setting next_dagrun for example_task_group_decorator to 2022-09-09T17:21:44.624636+00:00, run_after=2022-09-10T17:21:44.624636+00:00
[2022-09-10T17:21:44.632+0000] {processor.py:161} INFO - Processing /home/airflow/.local/lib/python3.7/site-packages/airflow/example_dags/example_task_group_decorator.py took 0.082 seconds
[2022-09-10T17:22:14.804+0000] {processor.py:153} INFO - Started process (PID=817) to work on /home/airflow/.local/lib/python3.7/site-packages/airflow/example_dags/example_task_group_decorator.py
[2022-09-10T17:22:14.809+0000] {processor.py:640} INFO - Processing file /home/airflow/.local/lib/python3.7/site-packages/airflow/example_dags/example_task_group_decorator.py for tasks to queue
[2022-09-10T17:22:14.811+0000] {logging_mixin.py:115} INFO - [2022-09-10T17:22:14.811+0000] {dagbag.py:508} INFO - Filling up the DagBag from /home/airflow/.local/lib/python3.7/site-packages/airflow/example_dags/example_task_group_decorator.py
[2022-09-10T17:22:14.835+0000] {processor.py:650} INFO - DAG(s) dict_keys(['example_task_group_decorator']) retrieved from /home/airflow/.local/lib/python3.7/site-packages/airflow/example_dags/example_task_group_decorator.py
[2022-09-10T17:22:14.960+0000] {logging_mixin.py:115} INFO - [2022-09-10T17:22:14.960+0000] {dag.py:2429} INFO - Sync 1 DAGs
[2022-09-10T17:22:15.011+0000] {logging_mixin.py:115} INFO - [2022-09-10T17:22:15.011+0000] {dag.py:2981} INFO - Setting next_dagrun for example_task_group_decorator to 2022-09-09T17:22:15.010691+00:00, run_after=2022-09-10T17:22:15.010691+00:00
[2022-09-10T17:22:15.042+0000] {processor.py:161} INFO - Processing /home/airflow/.local/lib/python3.7/site-packages/airflow/example_dags/example_task_group_decorator.py took 0.243 seconds
[2022-09-10T17:22:45.098+0000] {processor.py:153} INFO - Started process (PID=882) to work on /home/airflow/.local/lib/python3.7/site-packages/airflow/example_dags/example_task_group_decorator.py
[2022-09-10T17:22:45.099+0000] {processor.py:640} INFO - Processing file /home/airflow/.local/lib/python3.7/site-packages/airflow/example_dags/example_task_group_decorator.py for tasks to queue
[2022-09-10T17:22:45.100+0000] {logging_mixin.py:115} INFO - [2022-09-10T17:22:45.100+0000] {dagbag.py:508} INFO - Filling up the DagBag from /home/airflow/.local/lib/python3.7/site-packages/airflow/example_dags/example_task_group_decorator.py
[2022-09-10T17:22:45.114+0000] {processor.py:650} INFO - DAG(s) dict_keys(['example_task_group_decorator']) retrieved from /home/airflow/.local/lib/python3.7/site-packages/airflow/example_dags/example_task_group_decorator.py
[2022-09-10T17:22:45.157+0000] {logging_mixin.py:115} INFO - [2022-09-10T17:22:45.157+0000] {dag.py:2429} INFO - Sync 1 DAGs
[2022-09-10T17:22:45.168+0000] {logging_mixin.py:115} INFO - [2022-09-10T17:22:45.168+0000] {dag.py:2981} INFO - Setting next_dagrun for example_task_group_decorator to 2022-09-09T17:22:45.168153+00:00, run_after=2022-09-10T17:22:45.168153+00:00
[2022-09-10T17:22:45.175+0000] {processor.py:161} INFO - Processing /home/airflow/.local/lib/python3.7/site-packages/airflow/example_dags/example_task_group_decorator.py took 0.080 seconds
[2022-09-10T17:23:15.988+0000] {processor.py:153} INFO - Started process (PID=945) to work on /home/airflow/.local/lib/python3.7/site-packages/airflow/example_dags/example_task_group_decorator.py
[2022-09-10T17:23:15.990+0000] {processor.py:640} INFO - Processing file /home/airflow/.local/lib/python3.7/site-packages/airflow/example_dags/example_task_group_decorator.py for tasks to queue
[2022-09-10T17:23:15.991+0000] {logging_mixin.py:115} INFO - [2022-09-10T17:23:15.991+0000] {dagbag.py:508} INFO - Filling up the DagBag from /home/airflow/.local/lib/python3.7/site-packages/airflow/example_dags/example_task_group_decorator.py
[2022-09-10T17:23:16.004+0000] {processor.py:650} INFO - DAG(s) dict_keys(['example_task_group_decorator']) retrieved from /home/airflow/.local/lib/python3.7/site-packages/airflow/example_dags/example_task_group_decorator.py
[2022-09-10T17:23:16.051+0000] {logging_mixin.py:115} INFO - [2022-09-10T17:23:16.050+0000] {dag.py:2429} INFO - Sync 1 DAGs
[2022-09-10T17:23:16.062+0000] {logging_mixin.py:115} INFO - [2022-09-10T17:23:16.062+0000] {dag.py:2981} INFO - Setting next_dagrun for example_task_group_decorator to 2022-09-09T17:23:16.062207+00:00, run_after=2022-09-10T17:23:16.062207+00:00
[2022-09-10T17:23:16.071+0000] {processor.py:161} INFO - Processing /home/airflow/.local/lib/python3.7/site-packages/airflow/example_dags/example_task_group_decorator.py took 0.085 seconds
[2022-09-10T17:23:46.988+0000] {processor.py:153} INFO - Started process (PID=1008) to work on /home/airflow/.local/lib/python3.7/site-packages/airflow/example_dags/example_task_group_decorator.py
[2022-09-10T17:23:46.989+0000] {processor.py:640} INFO - Processing file /home/airflow/.local/lib/python3.7/site-packages/airflow/example_dags/example_task_group_decorator.py for tasks to queue
[2022-09-10T17:23:46.990+0000] {logging_mixin.py:115} INFO - [2022-09-10T17:23:46.990+0000] {dagbag.py:508} INFO - Filling up the DagBag from /home/airflow/.local/lib/python3.7/site-packages/airflow/example_dags/example_task_group_decorator.py
[2022-09-10T17:23:47.008+0000] {processor.py:650} INFO - DAG(s) dict_keys(['example_task_group_decorator']) retrieved from /home/airflow/.local/lib/python3.7/site-packages/airflow/example_dags/example_task_group_decorator.py
[2022-09-10T17:23:47.052+0000] {logging_mixin.py:115} INFO - [2022-09-10T17:23:47.052+0000] {dag.py:2429} INFO - Sync 1 DAGs
[2022-09-10T17:23:47.063+0000] {logging_mixin.py:115} INFO - [2022-09-10T17:23:47.063+0000] {dag.py:2981} INFO - Setting next_dagrun for example_task_group_decorator to 2022-09-09T17:23:47.063629+00:00, run_after=2022-09-10T17:23:47.063629+00:00
[2022-09-10T17:23:47.072+0000] {processor.py:161} INFO - Processing /home/airflow/.local/lib/python3.7/site-packages/airflow/example_dags/example_task_group_decorator.py took 0.087 seconds
[2022-09-10T17:24:18.005+0000] {processor.py:153} INFO - Started process (PID=1062) to work on /home/airflow/.local/lib/python3.7/site-packages/airflow/example_dags/example_task_group_decorator.py
[2022-09-10T17:24:18.006+0000] {processor.py:640} INFO - Processing file /home/airflow/.local/lib/python3.7/site-packages/airflow/example_dags/example_task_group_decorator.py for tasks to queue
[2022-09-10T17:24:18.007+0000] {logging_mixin.py:115} INFO - [2022-09-10T17:24:18.007+0000] {dagbag.py:508} INFO - Filling up the DagBag from /home/airflow/.local/lib/python3.7/site-packages/airflow/example_dags/example_task_group_decorator.py
[2022-09-10T17:24:18.021+0000] {processor.py:650} INFO - DAG(s) dict_keys(['example_task_group_decorator']) retrieved from /home/airflow/.local/lib/python3.7/site-packages/airflow/example_dags/example_task_group_decorator.py
[2022-09-10T17:24:18.067+0000] {logging_mixin.py:115} INFO - [2022-09-10T17:24:18.067+0000] {dag.py:2429} INFO - Sync 1 DAGs
[2022-09-10T17:24:18.079+0000] {logging_mixin.py:115} INFO - [2022-09-10T17:24:18.079+0000] {dag.py:2981} INFO - Setting next_dagrun for example_task_group_decorator to 2022-09-09T17:24:18.079265+00:00, run_after=2022-09-10T17:24:18.079265+00:00
[2022-09-10T17:24:18.089+0000] {processor.py:161} INFO - Processing /home/airflow/.local/lib/python3.7/site-packages/airflow/example_dags/example_task_group_decorator.py took 0.087 seconds
[2022-09-10T17:24:48.799+0000] {processor.py:153} INFO - Started process (PID=1125) to work on /home/airflow/.local/lib/python3.7/site-packages/airflow/example_dags/example_task_group_decorator.py
[2022-09-10T17:24:48.801+0000] {processor.py:640} INFO - Processing file /home/airflow/.local/lib/python3.7/site-packages/airflow/example_dags/example_task_group_decorator.py for tasks to queue
[2022-09-10T17:24:48.802+0000] {logging_mixin.py:115} INFO - [2022-09-10T17:24:48.802+0000] {dagbag.py:508} INFO - Filling up the DagBag from /home/airflow/.local/lib/python3.7/site-packages/airflow/example_dags/example_task_group_decorator.py
[2022-09-10T17:24:48.818+0000] {processor.py:650} INFO - DAG(s) dict_keys(['example_task_group_decorator']) retrieved from /home/airflow/.local/lib/python3.7/site-packages/airflow/example_dags/example_task_group_decorator.py
[2022-09-10T17:24:48.865+0000] {logging_mixin.py:115} INFO - [2022-09-10T17:24:48.865+0000] {dag.py:2429} INFO - Sync 1 DAGs
[2022-09-10T17:24:48.881+0000] {logging_mixin.py:115} INFO - [2022-09-10T17:24:48.881+0000] {dag.py:2981} INFO - Setting next_dagrun for example_task_group_decorator to 2022-09-09T17:24:48.881316+00:00, run_after=2022-09-10T17:24:48.881316+00:00
[2022-09-10T17:24:48.893+0000] {processor.py:161} INFO - Processing /home/airflow/.local/lib/python3.7/site-packages/airflow/example_dags/example_task_group_decorator.py took 0.096 seconds
[2022-09-10T17:25:19.671+0000] {processor.py:153} INFO - Started process (PID=1187) to work on /home/airflow/.local/lib/python3.7/site-packages/airflow/example_dags/example_task_group_decorator.py
[2022-09-10T17:25:19.673+0000] {processor.py:640} INFO - Processing file /home/airflow/.local/lib/python3.7/site-packages/airflow/example_dags/example_task_group_decorator.py for tasks to queue
[2022-09-10T17:25:19.674+0000] {logging_mixin.py:115} INFO - [2022-09-10T17:25:19.674+0000] {dagbag.py:508} INFO - Filling up the DagBag from /home/airflow/.local/lib/python3.7/site-packages/airflow/example_dags/example_task_group_decorator.py
[2022-09-10T17:25:19.688+0000] {processor.py:650} INFO - DAG(s) dict_keys(['example_task_group_decorator']) retrieved from /home/airflow/.local/lib/python3.7/site-packages/airflow/example_dags/example_task_group_decorator.py
[2022-09-10T17:25:19.733+0000] {logging_mixin.py:115} INFO - [2022-09-10T17:25:19.733+0000] {dag.py:2429} INFO - Sync 1 DAGs
[2022-09-10T17:25:19.747+0000] {logging_mixin.py:115} INFO - [2022-09-10T17:25:19.747+0000] {dag.py:2981} INFO - Setting next_dagrun for example_task_group_decorator to 2022-09-09T17:25:19.746806+00:00, run_after=2022-09-10T17:25:19.746806+00:00
[2022-09-10T17:25:19.757+0000] {processor.py:161} INFO - Processing /home/airflow/.local/lib/python3.7/site-packages/airflow/example_dags/example_task_group_decorator.py took 0.088 seconds
[2022-09-10T17:25:50.729+0000] {processor.py:153} INFO - Started process (PID=1251) to work on /home/airflow/.local/lib/python3.7/site-packages/airflow/example_dags/example_task_group_decorator.py
[2022-09-10T17:25:50.730+0000] {processor.py:640} INFO - Processing file /home/airflow/.local/lib/python3.7/site-packages/airflow/example_dags/example_task_group_decorator.py for tasks to queue
[2022-09-10T17:25:50.731+0000] {logging_mixin.py:115} INFO - [2022-09-10T17:25:50.731+0000] {dagbag.py:508} INFO - Filling up the DagBag from /home/airflow/.local/lib/python3.7/site-packages/airflow/example_dags/example_task_group_decorator.py
[2022-09-10T17:25:50.749+0000] {processor.py:650} INFO - DAG(s) dict_keys(['example_task_group_decorator']) retrieved from /home/airflow/.local/lib/python3.7/site-packages/airflow/example_dags/example_task_group_decorator.py
[2022-09-10T17:25:50.802+0000] {logging_mixin.py:115} INFO - [2022-09-10T17:25:50.802+0000] {dag.py:2429} INFO - Sync 1 DAGs
[2022-09-10T17:25:50.819+0000] {logging_mixin.py:115} INFO - [2022-09-10T17:25:50.819+0000] {dag.py:2981} INFO - Setting next_dagrun for example_task_group_decorator to 2022-09-09T17:25:50.819600+00:00, run_after=2022-09-10T17:25:50.819600+00:00
[2022-09-10T17:25:50.830+0000] {processor.py:161} INFO - Processing /home/airflow/.local/lib/python3.7/site-packages/airflow/example_dags/example_task_group_decorator.py took 0.104 seconds
[2022-09-10T17:26:20.925+0000] {processor.py:153} INFO - Started process (PID=1314) to work on /home/airflow/.local/lib/python3.7/site-packages/airflow/example_dags/example_task_group_decorator.py
[2022-09-10T17:26:20.927+0000] {processor.py:640} INFO - Processing file /home/airflow/.local/lib/python3.7/site-packages/airflow/example_dags/example_task_group_decorator.py for tasks to queue
[2022-09-10T17:26:20.928+0000] {logging_mixin.py:115} INFO - [2022-09-10T17:26:20.928+0000] {dagbag.py:508} INFO - Filling up the DagBag from /home/airflow/.local/lib/python3.7/site-packages/airflow/example_dags/example_task_group_decorator.py
[2022-09-10T17:26:20.943+0000] {processor.py:650} INFO - DAG(s) dict_keys(['example_task_group_decorator']) retrieved from /home/airflow/.local/lib/python3.7/site-packages/airflow/example_dags/example_task_group_decorator.py
[2022-09-10T17:26:20.983+0000] {logging_mixin.py:115} INFO - [2022-09-10T17:26:20.983+0000] {dag.py:2429} INFO - Sync 1 DAGs
[2022-09-10T17:26:20.994+0000] {logging_mixin.py:115} INFO - [2022-09-10T17:26:20.993+0000] {dag.py:2981} INFO - Setting next_dagrun for example_task_group_decorator to 2022-09-09T17:26:20.993829+00:00, run_after=2022-09-10T17:26:20.993829+00:00
[2022-09-10T17:26:21.001+0000] {processor.py:161} INFO - Processing /home/airflow/.local/lib/python3.7/site-packages/airflow/example_dags/example_task_group_decorator.py took 0.078 seconds
[2022-09-10T17:26:51.159+0000] {processor.py:153} INFO - Started process (PID=1370) to work on /home/airflow/.local/lib/python3.7/site-packages/airflow/example_dags/example_task_group_decorator.py
[2022-09-10T17:26:51.161+0000] {processor.py:640} INFO - Processing file /home/airflow/.local/lib/python3.7/site-packages/airflow/example_dags/example_task_group_decorator.py for tasks to queue
[2022-09-10T17:26:51.161+0000] {logging_mixin.py:115} INFO - [2022-09-10T17:26:51.161+0000] {dagbag.py:508} INFO - Filling up the DagBag from /home/airflow/.local/lib/python3.7/site-packages/airflow/example_dags/example_task_group_decorator.py
[2022-09-10T17:26:51.175+0000] {processor.py:650} INFO - DAG(s) dict_keys(['example_task_group_decorator']) retrieved from /home/airflow/.local/lib/python3.7/site-packages/airflow/example_dags/example_task_group_decorator.py
[2022-09-10T17:26:51.221+0000] {logging_mixin.py:115} INFO - [2022-09-10T17:26:51.221+0000] {dag.py:2429} INFO - Sync 1 DAGs
[2022-09-10T17:26:51.234+0000] {logging_mixin.py:115} INFO - [2022-09-10T17:26:51.234+0000] {dag.py:2981} INFO - Setting next_dagrun for example_task_group_decorator to 2022-09-09T17:26:51.234092+00:00, run_after=2022-09-10T17:26:51.234092+00:00
[2022-09-10T17:26:51.243+0000] {processor.py:161} INFO - Processing /home/airflow/.local/lib/python3.7/site-packages/airflow/example_dags/example_task_group_decorator.py took 0.086 seconds
[2022-09-10T17:27:22.240+0000] {processor.py:153} INFO - Started process (PID=1432) to work on /home/airflow/.local/lib/python3.7/site-packages/airflow/example_dags/example_task_group_decorator.py
[2022-09-10T17:27:22.243+0000] {processor.py:640} INFO - Processing file /home/airflow/.local/lib/python3.7/site-packages/airflow/example_dags/example_task_group_decorator.py for tasks to queue
[2022-09-10T17:27:22.245+0000] {logging_mixin.py:115} INFO - [2022-09-10T17:27:22.245+0000] {dagbag.py:508} INFO - Filling up the DagBag from /home/airflow/.local/lib/python3.7/site-packages/airflow/example_dags/example_task_group_decorator.py
[2022-09-10T17:27:22.267+0000] {processor.py:650} INFO - DAG(s) dict_keys(['example_task_group_decorator']) retrieved from /home/airflow/.local/lib/python3.7/site-packages/airflow/example_dags/example_task_group_decorator.py
[2022-09-10T17:27:22.325+0000] {logging_mixin.py:115} INFO - [2022-09-10T17:27:22.325+0000] {dag.py:2429} INFO - Sync 1 DAGs
[2022-09-10T17:27:22.338+0000] {logging_mixin.py:115} INFO - [2022-09-10T17:27:22.338+0000] {dag.py:2981} INFO - Setting next_dagrun for example_task_group_decorator to 2022-09-09T17:27:22.337909+00:00, run_after=2022-09-10T17:27:22.337909+00:00
[2022-09-10T17:27:22.346+0000] {processor.py:161} INFO - Processing /home/airflow/.local/lib/python3.7/site-packages/airflow/example_dags/example_task_group_decorator.py took 0.109 seconds
[2022-09-10T17:27:52.459+0000] {processor.py:153} INFO - Started process (PID=1498) to work on /home/airflow/.local/lib/python3.7/site-packages/airflow/example_dags/example_task_group_decorator.py
[2022-09-10T17:27:52.461+0000] {processor.py:640} INFO - Processing file /home/airflow/.local/lib/python3.7/site-packages/airflow/example_dags/example_task_group_decorator.py for tasks to queue
[2022-09-10T17:27:52.462+0000] {logging_mixin.py:115} INFO - [2022-09-10T17:27:52.462+0000] {dagbag.py:508} INFO - Filling up the DagBag from /home/airflow/.local/lib/python3.7/site-packages/airflow/example_dags/example_task_group_decorator.py
[2022-09-10T17:27:52.477+0000] {processor.py:650} INFO - DAG(s) dict_keys(['example_task_group_decorator']) retrieved from /home/airflow/.local/lib/python3.7/site-packages/airflow/example_dags/example_task_group_decorator.py
[2022-09-10T17:27:52.518+0000] {logging_mixin.py:115} INFO - [2022-09-10T17:27:52.518+0000] {dag.py:2429} INFO - Sync 1 DAGs
[2022-09-10T17:27:52.531+0000] {logging_mixin.py:115} INFO - [2022-09-10T17:27:52.530+0000] {dag.py:2981} INFO - Setting next_dagrun for example_task_group_decorator to 2022-09-09T17:27:52.530788+00:00, run_after=2022-09-10T17:27:52.530788+00:00
[2022-09-10T17:27:52.539+0000] {processor.py:161} INFO - Processing /home/airflow/.local/lib/python3.7/site-packages/airflow/example_dags/example_task_group_decorator.py took 0.082 seconds
[2022-09-10T17:28:22.605+0000] {processor.py:153} INFO - Started process (PID=1562) to work on /home/airflow/.local/lib/python3.7/site-packages/airflow/example_dags/example_task_group_decorator.py
[2022-09-10T17:28:22.607+0000] {processor.py:640} INFO - Processing file /home/airflow/.local/lib/python3.7/site-packages/airflow/example_dags/example_task_group_decorator.py for tasks to queue
[2022-09-10T17:28:22.608+0000] {logging_mixin.py:115} INFO - [2022-09-10T17:28:22.608+0000] {dagbag.py:508} INFO - Filling up the DagBag from /home/airflow/.local/lib/python3.7/site-packages/airflow/example_dags/example_task_group_decorator.py
[2022-09-10T17:28:22.625+0000] {processor.py:650} INFO - DAG(s) dict_keys(['example_task_group_decorator']) retrieved from /home/airflow/.local/lib/python3.7/site-packages/airflow/example_dags/example_task_group_decorator.py
[2022-09-10T17:28:22.673+0000] {logging_mixin.py:115} INFO - [2022-09-10T17:28:22.672+0000] {dag.py:2429} INFO - Sync 1 DAGs
[2022-09-10T17:28:22.685+0000] {logging_mixin.py:115} INFO - [2022-09-10T17:28:22.685+0000] {dag.py:2981} INFO - Setting next_dagrun for example_task_group_decorator to 2022-09-09T17:28:22.685509+00:00, run_after=2022-09-10T17:28:22.685509+00:00
[2022-09-10T17:28:22.695+0000] {processor.py:161} INFO - Processing /home/airflow/.local/lib/python3.7/site-packages/airflow/example_dags/example_task_group_decorator.py took 0.093 seconds
[2022-09-10T17:28:53.146+0000] {processor.py:153} INFO - Started process (PID=1623) to work on /home/airflow/.local/lib/python3.7/site-packages/airflow/example_dags/example_task_group_decorator.py
[2022-09-10T17:28:53.149+0000] {processor.py:640} INFO - Processing file /home/airflow/.local/lib/python3.7/site-packages/airflow/example_dags/example_task_group_decorator.py for tasks to queue
[2022-09-10T17:28:53.150+0000] {logging_mixin.py:115} INFO - [2022-09-10T17:28:53.149+0000] {dagbag.py:508} INFO - Filling up the DagBag from /home/airflow/.local/lib/python3.7/site-packages/airflow/example_dags/example_task_group_decorator.py
[2022-09-10T17:28:53.166+0000] {processor.py:650} INFO - DAG(s) dict_keys(['example_task_group_decorator']) retrieved from /home/airflow/.local/lib/python3.7/site-packages/airflow/example_dags/example_task_group_decorator.py
[2022-09-10T17:28:53.211+0000] {logging_mixin.py:115} INFO - [2022-09-10T17:28:53.211+0000] {dag.py:2429} INFO - Sync 1 DAGs
[2022-09-10T17:28:53.229+0000] {logging_mixin.py:115} INFO - [2022-09-10T17:28:53.228+0000] {dag.py:2981} INFO - Setting next_dagrun for example_task_group_decorator to 2022-09-09T17:28:53.228669+00:00, run_after=2022-09-10T17:28:53.228669+00:00
[2022-09-10T17:28:53.239+0000] {processor.py:161} INFO - Processing /home/airflow/.local/lib/python3.7/site-packages/airflow/example_dags/example_task_group_decorator.py took 0.095 seconds
[2022-09-10T17:29:24.063+0000] {processor.py:153} INFO - Started process (PID=1686) to work on /home/airflow/.local/lib/python3.7/site-packages/airflow/example_dags/example_task_group_decorator.py
[2022-09-10T17:29:24.067+0000] {processor.py:640} INFO - Processing file /home/airflow/.local/lib/python3.7/site-packages/airflow/example_dags/example_task_group_decorator.py for tasks to queue
[2022-09-10T17:29:24.069+0000] {logging_mixin.py:115} INFO - [2022-09-10T17:29:24.069+0000] {dagbag.py:508} INFO - Filling up the DagBag from /home/airflow/.local/lib/python3.7/site-packages/airflow/example_dags/example_task_group_decorator.py
[2022-09-10T17:29:24.103+0000] {processor.py:650} INFO - DAG(s) dict_keys(['example_task_group_decorator']) retrieved from /home/airflow/.local/lib/python3.7/site-packages/airflow/example_dags/example_task_group_decorator.py
[2022-09-10T17:29:24.231+0000] {logging_mixin.py:115} INFO - [2022-09-10T17:29:24.231+0000] {dag.py:2429} INFO - Sync 1 DAGs
[2022-09-10T17:29:24.250+0000] {logging_mixin.py:115} INFO - [2022-09-10T17:29:24.249+0000] {dag.py:2981} INFO - Setting next_dagrun for example_task_group_decorator to 2022-09-09T17:29:24.249617+00:00, run_after=2022-09-10T17:29:24.249617+00:00
[2022-09-10T17:29:24.265+0000] {processor.py:161} INFO - Processing /home/airflow/.local/lib/python3.7/site-packages/airflow/example_dags/example_task_group_decorator.py took 0.204 seconds
[2022-09-10T17:29:54.325+0000] {processor.py:153} INFO - Started process (PID=1741) to work on /home/airflow/.local/lib/python3.7/site-packages/airflow/example_dags/example_task_group_decorator.py
[2022-09-10T17:29:54.326+0000] {processor.py:640} INFO - Processing file /home/airflow/.local/lib/python3.7/site-packages/airflow/example_dags/example_task_group_decorator.py for tasks to queue
[2022-09-10T17:29:54.327+0000] {logging_mixin.py:115} INFO - [2022-09-10T17:29:54.327+0000] {dagbag.py:508} INFO - Filling up the DagBag from /home/airflow/.local/lib/python3.7/site-packages/airflow/example_dags/example_task_group_decorator.py
[2022-09-10T17:29:54.340+0000] {processor.py:650} INFO - DAG(s) dict_keys(['example_task_group_decorator']) retrieved from /home/airflow/.local/lib/python3.7/site-packages/airflow/example_dags/example_task_group_decorator.py
[2022-09-10T17:29:54.381+0000] {logging_mixin.py:115} INFO - [2022-09-10T17:29:54.381+0000] {dag.py:2429} INFO - Sync 1 DAGs
[2022-09-10T17:29:54.394+0000] {logging_mixin.py:115} INFO - [2022-09-10T17:29:54.394+0000] {dag.py:2981} INFO - Setting next_dagrun for example_task_group_decorator to 2022-09-09T17:29:54.393864+00:00, run_after=2022-09-10T17:29:54.393864+00:00
[2022-09-10T17:29:54.403+0000] {processor.py:161} INFO - Processing /home/airflow/.local/lib/python3.7/site-packages/airflow/example_dags/example_task_group_decorator.py took 0.080 seconds
[2022-09-10T17:30:24.638+0000] {processor.py:153} INFO - Started process (PID=1802) to work on /home/airflow/.local/lib/python3.7/site-packages/airflow/example_dags/example_task_group_decorator.py
[2022-09-10T17:30:24.640+0000] {processor.py:640} INFO - Processing file /home/airflow/.local/lib/python3.7/site-packages/airflow/example_dags/example_task_group_decorator.py for tasks to queue
[2022-09-10T17:30:24.641+0000] {logging_mixin.py:115} INFO - [2022-09-10T17:30:24.641+0000] {dagbag.py:508} INFO - Filling up the DagBag from /home/airflow/.local/lib/python3.7/site-packages/airflow/example_dags/example_task_group_decorator.py
[2022-09-10T17:30:24.656+0000] {processor.py:650} INFO - DAG(s) dict_keys(['example_task_group_decorator']) retrieved from /home/airflow/.local/lib/python3.7/site-packages/airflow/example_dags/example_task_group_decorator.py
[2022-09-10T17:30:24.706+0000] {logging_mixin.py:115} INFO - [2022-09-10T17:30:24.706+0000] {dag.py:2429} INFO - Sync 1 DAGs
[2022-09-10T17:30:24.722+0000] {logging_mixin.py:115} INFO - [2022-09-10T17:30:24.722+0000] {dag.py:2981} INFO - Setting next_dagrun for example_task_group_decorator to 2022-09-09T17:30:24.722390+00:00, run_after=2022-09-10T17:30:24.722390+00:00
[2022-09-10T17:30:24.735+0000] {processor.py:161} INFO - Processing /home/airflow/.local/lib/python3.7/site-packages/airflow/example_dags/example_task_group_decorator.py took 0.099 seconds
