[2022-09-10T17:06:41.750+0000] {processor.py:153} INFO - Started process (PID=68) to work on /home/airflow/.local/lib/python3.7/site-packages/airflow/example_dags/example_branch_python_dop_operator_3.py
[2022-09-10T17:06:41.754+0000] {processor.py:640} INFO - Processing file /home/airflow/.local/lib/python3.7/site-packages/airflow/example_dags/example_branch_python_dop_operator_3.py for tasks to queue
[2022-09-10T17:06:41.756+0000] {logging_mixin.py:115} INFO - [2022-09-10T17:06:41.756+0000] {dagbag.py:508} INFO - Filling up the DagBag from /home/airflow/.local/lib/python3.7/site-packages/airflow/example_dags/example_branch_python_dop_operator_3.py
[2022-09-10T17:06:41.792+0000] {processor.py:650} INFO - DAG(s) dict_keys(['example_branch_dop_operator_v3']) retrieved from /home/airflow/.local/lib/python3.7/site-packages/airflow/example_dags/example_branch_python_dop_operator_3.py
[2022-09-10T17:06:41.998+0000] {logging_mixin.py:115} INFO - [2022-09-10T17:06:41.998+0000] {manager.py:508} INFO - Created Permission View: can edit on DAG:example_branch_dop_operator_v3
[2022-09-10T17:06:42.025+0000] {logging_mixin.py:115} INFO - [2022-09-10T17:06:42.025+0000] {manager.py:508} INFO - Created Permission View: can delete on DAG:example_branch_dop_operator_v3
[2022-09-10T17:06:42.041+0000] {logging_mixin.py:115} INFO - [2022-09-10T17:06:42.035+0000] {manager.py:508} INFO - Created Permission View: can read on DAG:example_branch_dop_operator_v3
[2022-09-10T17:06:42.046+0000] {logging_mixin.py:115} INFO - [2022-09-10T17:06:42.046+0000] {dag.py:2429} INFO - Sync 1 DAGs
[2022-09-10T17:06:42.125+0000] {logging_mixin.py:115} INFO - [2022-09-10T17:06:42.125+0000] {dag.py:2448} INFO - Creating ORM DAG for example_branch_dop_operator_v3
[2022-09-10T17:06:42.163+0000] {logging_mixin.py:115} INFO - [2022-09-10T17:06:42.163+0000] {dag.py:2981} INFO - Setting next_dagrun for example_branch_dop_operator_v3 to 2022-09-10T17:05:00+00:00, run_after=2022-09-10T17:06:00+00:00
[2022-09-10T17:06:42.223+0000] {processor.py:161} INFO - Processing /home/airflow/.local/lib/python3.7/site-packages/airflow/example_dags/example_branch_python_dop_operator_3.py took 0.478 seconds
[2022-09-10T17:07:12.651+0000] {processor.py:153} INFO - Started process (PID=132) to work on /home/airflow/.local/lib/python3.7/site-packages/airflow/example_dags/example_branch_python_dop_operator_3.py
[2022-09-10T17:07:12.653+0000] {processor.py:640} INFO - Processing file /home/airflow/.local/lib/python3.7/site-packages/airflow/example_dags/example_branch_python_dop_operator_3.py for tasks to queue
[2022-09-10T17:07:12.654+0000] {logging_mixin.py:115} INFO - [2022-09-10T17:07:12.654+0000] {dagbag.py:508} INFO - Filling up the DagBag from /home/airflow/.local/lib/python3.7/site-packages/airflow/example_dags/example_branch_python_dop_operator_3.py
[2022-09-10T17:07:12.661+0000] {processor.py:650} INFO - DAG(s) dict_keys(['example_branch_dop_operator_v3']) retrieved from /home/airflow/.local/lib/python3.7/site-packages/airflow/example_dags/example_branch_python_dop_operator_3.py
[2022-09-10T17:07:12.678+0000] {logging_mixin.py:115} INFO - [2022-09-10T17:07:12.677+0000] {dag.py:2429} INFO - Sync 1 DAGs
[2022-09-10T17:07:12.693+0000] {logging_mixin.py:115} INFO - [2022-09-10T17:07:12.692+0000] {dag.py:2981} INFO - Setting next_dagrun for example_branch_dop_operator_v3 to 2022-09-10T17:06:00+00:00, run_after=2022-09-10T17:07:00+00:00
[2022-09-10T17:07:12.700+0000] {processor.py:161} INFO - Processing /home/airflow/.local/lib/python3.7/site-packages/airflow/example_dags/example_branch_python_dop_operator_3.py took 0.051 seconds
[2022-09-10T17:07:43.554+0000] {processor.py:153} INFO - Started process (PID=195) to work on /home/airflow/.local/lib/python3.7/site-packages/airflow/example_dags/example_branch_python_dop_operator_3.py
[2022-09-10T17:07:43.555+0000] {processor.py:640} INFO - Processing file /home/airflow/.local/lib/python3.7/site-packages/airflow/example_dags/example_branch_python_dop_operator_3.py for tasks to queue
[2022-09-10T17:07:43.557+0000] {logging_mixin.py:115} INFO - [2022-09-10T17:07:43.557+0000] {dagbag.py:508} INFO - Filling up the DagBag from /home/airflow/.local/lib/python3.7/site-packages/airflow/example_dags/example_branch_python_dop_operator_3.py
[2022-09-10T17:07:43.565+0000] {processor.py:650} INFO - DAG(s) dict_keys(['example_branch_dop_operator_v3']) retrieved from /home/airflow/.local/lib/python3.7/site-packages/airflow/example_dags/example_branch_python_dop_operator_3.py
[2022-09-10T17:07:43.589+0000] {logging_mixin.py:115} INFO - [2022-09-10T17:07:43.589+0000] {dag.py:2429} INFO - Sync 1 DAGs
[2022-09-10T17:07:43.606+0000] {logging_mixin.py:115} INFO - [2022-09-10T17:07:43.606+0000] {dag.py:2981} INFO - Setting next_dagrun for example_branch_dop_operator_v3 to 2022-09-10T17:06:00+00:00, run_after=2022-09-10T17:07:00+00:00
[2022-09-10T17:07:43.614+0000] {processor.py:161} INFO - Processing /home/airflow/.local/lib/python3.7/site-packages/airflow/example_dags/example_branch_python_dop_operator_3.py took 0.062 seconds
[2022-09-10T17:08:14.472+0000] {processor.py:153} INFO - Started process (PID=255) to work on /home/airflow/.local/lib/python3.7/site-packages/airflow/example_dags/example_branch_python_dop_operator_3.py
[2022-09-10T17:08:14.474+0000] {processor.py:640} INFO - Processing file /home/airflow/.local/lib/python3.7/site-packages/airflow/example_dags/example_branch_python_dop_operator_3.py for tasks to queue
[2022-09-10T17:08:14.475+0000] {logging_mixin.py:115} INFO - [2022-09-10T17:08:14.475+0000] {dagbag.py:508} INFO - Filling up the DagBag from /home/airflow/.local/lib/python3.7/site-packages/airflow/example_dags/example_branch_python_dop_operator_3.py
[2022-09-10T17:08:14.484+0000] {processor.py:650} INFO - DAG(s) dict_keys(['example_branch_dop_operator_v3']) retrieved from /home/airflow/.local/lib/python3.7/site-packages/airflow/example_dags/example_branch_python_dop_operator_3.py
[2022-09-10T17:08:14.503+0000] {logging_mixin.py:115} INFO - [2022-09-10T17:08:14.503+0000] {dag.py:2429} INFO - Sync 1 DAGs
[2022-09-10T17:08:14.523+0000] {logging_mixin.py:115} INFO - [2022-09-10T17:08:14.523+0000] {dag.py:2981} INFO - Setting next_dagrun for example_branch_dop_operator_v3 to 2022-09-10T17:07:00+00:00, run_after=2022-09-10T17:08:00+00:00
[2022-09-10T17:08:14.535+0000] {processor.py:161} INFO - Processing /home/airflow/.local/lib/python3.7/site-packages/airflow/example_dags/example_branch_python_dop_operator_3.py took 0.065 seconds
[2022-09-10T17:08:45.312+0000] {processor.py:153} INFO - Started process (PID=311) to work on /home/airflow/.local/lib/python3.7/site-packages/airflow/example_dags/example_branch_python_dop_operator_3.py
[2022-09-10T17:08:45.313+0000] {processor.py:640} INFO - Processing file /home/airflow/.local/lib/python3.7/site-packages/airflow/example_dags/example_branch_python_dop_operator_3.py for tasks to queue
[2022-09-10T17:08:45.314+0000] {logging_mixin.py:115} INFO - [2022-09-10T17:08:45.314+0000] {dagbag.py:508} INFO - Filling up the DagBag from /home/airflow/.local/lib/python3.7/site-packages/airflow/example_dags/example_branch_python_dop_operator_3.py
[2022-09-10T17:08:45.321+0000] {processor.py:650} INFO - DAG(s) dict_keys(['example_branch_dop_operator_v3']) retrieved from /home/airflow/.local/lib/python3.7/site-packages/airflow/example_dags/example_branch_python_dop_operator_3.py
[2022-09-10T17:08:45.337+0000] {logging_mixin.py:115} INFO - [2022-09-10T17:08:45.337+0000] {dag.py:2429} INFO - Sync 1 DAGs
[2022-09-10T17:08:45.350+0000] {logging_mixin.py:115} INFO - [2022-09-10T17:08:45.350+0000] {dag.py:2981} INFO - Setting next_dagrun for example_branch_dop_operator_v3 to 2022-09-10T17:07:00+00:00, run_after=2022-09-10T17:08:00+00:00
[2022-09-10T17:08:45.359+0000] {processor.py:161} INFO - Processing /home/airflow/.local/lib/python3.7/site-packages/airflow/example_dags/example_branch_python_dop_operator_3.py took 0.049 seconds
[2022-09-10T17:09:16.166+0000] {processor.py:153} INFO - Started process (PID=375) to work on /home/airflow/.local/lib/python3.7/site-packages/airflow/example_dags/example_branch_python_dop_operator_3.py
[2022-09-10T17:09:16.167+0000] {processor.py:640} INFO - Processing file /home/airflow/.local/lib/python3.7/site-packages/airflow/example_dags/example_branch_python_dop_operator_3.py for tasks to queue
[2022-09-10T17:09:16.169+0000] {logging_mixin.py:115} INFO - [2022-09-10T17:09:16.168+0000] {dagbag.py:508} INFO - Filling up the DagBag from /home/airflow/.local/lib/python3.7/site-packages/airflow/example_dags/example_branch_python_dop_operator_3.py
[2022-09-10T17:09:16.175+0000] {processor.py:650} INFO - DAG(s) dict_keys(['example_branch_dop_operator_v3']) retrieved from /home/airflow/.local/lib/python3.7/site-packages/airflow/example_dags/example_branch_python_dop_operator_3.py
[2022-09-10T17:09:16.191+0000] {logging_mixin.py:115} INFO - [2022-09-10T17:09:16.191+0000] {dag.py:2429} INFO - Sync 1 DAGs
[2022-09-10T17:09:16.205+0000] {logging_mixin.py:115} INFO - [2022-09-10T17:09:16.205+0000] {dag.py:2981} INFO - Setting next_dagrun for example_branch_dop_operator_v3 to 2022-09-10T17:08:00+00:00, run_after=2022-09-10T17:09:00+00:00
[2022-09-10T17:09:16.211+0000] {processor.py:161} INFO - Processing /home/airflow/.local/lib/python3.7/site-packages/airflow/example_dags/example_branch_python_dop_operator_3.py took 0.048 seconds
[2022-09-10T17:09:46.975+0000] {processor.py:153} INFO - Started process (PID=439) to work on /home/airflow/.local/lib/python3.7/site-packages/airflow/example_dags/example_branch_python_dop_operator_3.py
[2022-09-10T17:09:46.977+0000] {processor.py:640} INFO - Processing file /home/airflow/.local/lib/python3.7/site-packages/airflow/example_dags/example_branch_python_dop_operator_3.py for tasks to queue
[2022-09-10T17:09:46.978+0000] {logging_mixin.py:115} INFO - [2022-09-10T17:09:46.978+0000] {dagbag.py:508} INFO - Filling up the DagBag from /home/airflow/.local/lib/python3.7/site-packages/airflow/example_dags/example_branch_python_dop_operator_3.py
[2022-09-10T17:09:46.984+0000] {processor.py:650} INFO - DAG(s) dict_keys(['example_branch_dop_operator_v3']) retrieved from /home/airflow/.local/lib/python3.7/site-packages/airflow/example_dags/example_branch_python_dop_operator_3.py
[2022-09-10T17:09:47.002+0000] {logging_mixin.py:115} INFO - [2022-09-10T17:09:47.002+0000] {dag.py:2429} INFO - Sync 1 DAGs
[2022-09-10T17:09:47.017+0000] {logging_mixin.py:115} INFO - [2022-09-10T17:09:47.017+0000] {dag.py:2981} INFO - Setting next_dagrun for example_branch_dop_operator_v3 to 2022-09-10T17:08:00+00:00, run_after=2022-09-10T17:09:00+00:00
[2022-09-10T17:09:47.024+0000] {processor.py:161} INFO - Processing /home/airflow/.local/lib/python3.7/site-packages/airflow/example_dags/example_branch_python_dop_operator_3.py took 0.051 seconds
[2022-09-10T17:10:17.833+0000] {processor.py:153} INFO - Started process (PID=503) to work on /home/airflow/.local/lib/python3.7/site-packages/airflow/example_dags/example_branch_python_dop_operator_3.py
[2022-09-10T17:10:17.835+0000] {processor.py:640} INFO - Processing file /home/airflow/.local/lib/python3.7/site-packages/airflow/example_dags/example_branch_python_dop_operator_3.py for tasks to queue
[2022-09-10T17:10:17.836+0000] {logging_mixin.py:115} INFO - [2022-09-10T17:10:17.836+0000] {dagbag.py:508} INFO - Filling up the DagBag from /home/airflow/.local/lib/python3.7/site-packages/airflow/example_dags/example_branch_python_dop_operator_3.py
[2022-09-10T17:10:17.845+0000] {processor.py:650} INFO - DAG(s) dict_keys(['example_branch_dop_operator_v3']) retrieved from /home/airflow/.local/lib/python3.7/site-packages/airflow/example_dags/example_branch_python_dop_operator_3.py
[2022-09-10T17:10:17.862+0000] {logging_mixin.py:115} INFO - [2022-09-10T17:10:17.862+0000] {dag.py:2429} INFO - Sync 1 DAGs
[2022-09-10T17:10:17.877+0000] {logging_mixin.py:115} INFO - [2022-09-10T17:10:17.877+0000] {dag.py:2981} INFO - Setting next_dagrun for example_branch_dop_operator_v3 to 2022-09-10T17:09:00+00:00, run_after=2022-09-10T17:10:00+00:00
[2022-09-10T17:10:17.884+0000] {processor.py:161} INFO - Processing /home/airflow/.local/lib/python3.7/site-packages/airflow/example_dags/example_branch_python_dop_operator_3.py took 0.053 seconds
[2022-09-10T17:10:48.743+0000] {processor.py:153} INFO - Started process (PID=566) to work on /home/airflow/.local/lib/python3.7/site-packages/airflow/example_dags/example_branch_python_dop_operator_3.py
[2022-09-10T17:10:48.745+0000] {processor.py:640} INFO - Processing file /home/airflow/.local/lib/python3.7/site-packages/airflow/example_dags/example_branch_python_dop_operator_3.py for tasks to queue
[2022-09-10T17:10:48.746+0000] {logging_mixin.py:115} INFO - [2022-09-10T17:10:48.746+0000] {dagbag.py:508} INFO - Filling up the DagBag from /home/airflow/.local/lib/python3.7/site-packages/airflow/example_dags/example_branch_python_dop_operator_3.py
[2022-09-10T17:10:48.756+0000] {processor.py:650} INFO - DAG(s) dict_keys(['example_branch_dop_operator_v3']) retrieved from /home/airflow/.local/lib/python3.7/site-packages/airflow/example_dags/example_branch_python_dop_operator_3.py
[2022-09-10T17:10:48.781+0000] {logging_mixin.py:115} INFO - [2022-09-10T17:10:48.781+0000] {dag.py:2429} INFO - Sync 1 DAGs
[2022-09-10T17:10:48.795+0000] {logging_mixin.py:115} INFO - [2022-09-10T17:10:48.795+0000] {dag.py:2981} INFO - Setting next_dagrun for example_branch_dop_operator_v3 to 2022-09-10T17:09:00+00:00, run_after=2022-09-10T17:10:00+00:00
[2022-09-10T17:10:48.802+0000] {processor.py:161} INFO - Processing /home/airflow/.local/lib/python3.7/site-packages/airflow/example_dags/example_branch_python_dop_operator_3.py took 0.064 seconds
[2022-09-10T17:13:05.901+0000] {processor.py:153} INFO - Started process (PID=67) to work on /home/airflow/.local/lib/python3.7/site-packages/airflow/example_dags/example_branch_python_dop_operator_3.py
[2022-09-10T17:13:05.906+0000] {processor.py:640} INFO - Processing file /home/airflow/.local/lib/python3.7/site-packages/airflow/example_dags/example_branch_python_dop_operator_3.py for tasks to queue
[2022-09-10T17:13:05.910+0000] {logging_mixin.py:115} INFO - [2022-09-10T17:13:05.910+0000] {dagbag.py:508} INFO - Filling up the DagBag from /home/airflow/.local/lib/python3.7/site-packages/airflow/example_dags/example_branch_python_dop_operator_3.py
[2022-09-10T17:13:05.939+0000] {processor.py:650} INFO - DAG(s) dict_keys(['example_branch_dop_operator_v3']) retrieved from /home/airflow/.local/lib/python3.7/site-packages/airflow/example_dags/example_branch_python_dop_operator_3.py
[2022-09-10T17:13:05.979+0000] {logging_mixin.py:115} INFO - [2022-09-10T17:13:05.979+0000] {dag.py:2429} INFO - Sync 1 DAGs
[2022-09-10T17:13:06.034+0000] {logging_mixin.py:115} INFO - [2022-09-10T17:13:06.033+0000] {dag.py:2981} INFO - Setting next_dagrun for example_branch_dop_operator_v3 to 2022-09-10T17:12:00+00:00, run_after=2022-09-10T17:13:00+00:00
[2022-09-10T17:13:06.068+0000] {processor.py:161} INFO - Processing /home/airflow/.local/lib/python3.7/site-packages/airflow/example_dags/example_branch_python_dop_operator_3.py took 0.173 seconds
[2022-09-10T17:13:36.895+0000] {processor.py:153} INFO - Started process (PID=120) to work on /home/airflow/.local/lib/python3.7/site-packages/airflow/example_dags/example_branch_python_dop_operator_3.py
[2022-09-10T17:13:36.899+0000] {processor.py:640} INFO - Processing file /home/airflow/.local/lib/python3.7/site-packages/airflow/example_dags/example_branch_python_dop_operator_3.py for tasks to queue
[2022-09-10T17:13:36.905+0000] {logging_mixin.py:115} INFO - [2022-09-10T17:13:36.905+0000] {dagbag.py:508} INFO - Filling up the DagBag from /home/airflow/.local/lib/python3.7/site-packages/airflow/example_dags/example_branch_python_dop_operator_3.py
[2022-09-10T17:13:36.918+0000] {processor.py:650} INFO - DAG(s) dict_keys(['example_branch_dop_operator_v3']) retrieved from /home/airflow/.local/lib/python3.7/site-packages/airflow/example_dags/example_branch_python_dop_operator_3.py
[2022-09-10T17:13:36.944+0000] {logging_mixin.py:115} INFO - [2022-09-10T17:13:36.944+0000] {dag.py:2429} INFO - Sync 1 DAGs
[2022-09-10T17:13:36.969+0000] {logging_mixin.py:115} INFO - [2022-09-10T17:13:36.969+0000] {dag.py:2981} INFO - Setting next_dagrun for example_branch_dop_operator_v3 to 2022-09-10T17:12:00+00:00, run_after=2022-09-10T17:13:00+00:00
[2022-09-10T17:13:36.981+0000] {processor.py:161} INFO - Processing /home/airflow/.local/lib/python3.7/site-packages/airflow/example_dags/example_branch_python_dop_operator_3.py took 0.089 seconds
[2022-09-10T17:16:07.248+0000] {processor.py:153} INFO - Started process (PID=79) to work on /home/airflow/.local/lib/python3.7/site-packages/airflow/example_dags/example_branch_python_dop_operator_3.py
[2022-09-10T17:16:07.255+0000] {processor.py:640} INFO - Processing file /home/airflow/.local/lib/python3.7/site-packages/airflow/example_dags/example_branch_python_dop_operator_3.py for tasks to queue
[2022-09-10T17:16:07.257+0000] {logging_mixin.py:115} INFO - [2022-09-10T17:16:07.257+0000] {dagbag.py:508} INFO - Filling up the DagBag from /home/airflow/.local/lib/python3.7/site-packages/airflow/example_dags/example_branch_python_dop_operator_3.py
[2022-09-10T17:16:07.380+0000] {processor.py:650} INFO - DAG(s) dict_keys(['example_branch_dop_operator_v3']) retrieved from /home/airflow/.local/lib/python3.7/site-packages/airflow/example_dags/example_branch_python_dop_operator_3.py
[2022-09-10T17:16:07.508+0000] {logging_mixin.py:115} INFO - [2022-09-10T17:16:07.506+0000] {dag.py:2429} INFO - Sync 1 DAGs
[2022-09-10T17:16:07.771+0000] {logging_mixin.py:115} INFO - [2022-09-10T17:16:07.765+0000] {dag.py:2981} INFO - Setting next_dagrun for example_branch_dop_operator_v3 to 2022-09-10T17:15:00+00:00, run_after=2022-09-10T17:16:00+00:00
[2022-09-10T17:16:07.937+0000] {processor.py:161} INFO - Processing /home/airflow/.local/lib/python3.7/site-packages/airflow/example_dags/example_branch_python_dop_operator_3.py took 0.712 seconds
[2022-09-10T17:16:38.493+0000] {processor.py:153} INFO - Started process (PID=133) to work on /home/airflow/.local/lib/python3.7/site-packages/airflow/example_dags/example_branch_python_dop_operator_3.py
[2022-09-10T17:16:38.494+0000] {processor.py:640} INFO - Processing file /home/airflow/.local/lib/python3.7/site-packages/airflow/example_dags/example_branch_python_dop_operator_3.py for tasks to queue
[2022-09-10T17:16:38.496+0000] {logging_mixin.py:115} INFO - [2022-09-10T17:16:38.496+0000] {dagbag.py:508} INFO - Filling up the DagBag from /home/airflow/.local/lib/python3.7/site-packages/airflow/example_dags/example_branch_python_dop_operator_3.py
[2022-09-10T17:16:38.507+0000] {processor.py:650} INFO - DAG(s) dict_keys(['example_branch_dop_operator_v3']) retrieved from /home/airflow/.local/lib/python3.7/site-packages/airflow/example_dags/example_branch_python_dop_operator_3.py
[2022-09-10T17:16:38.530+0000] {logging_mixin.py:115} INFO - [2022-09-10T17:16:38.530+0000] {dag.py:2429} INFO - Sync 1 DAGs
[2022-09-10T17:16:38.545+0000] {logging_mixin.py:115} INFO - [2022-09-10T17:16:38.545+0000] {dag.py:2981} INFO - Setting next_dagrun for example_branch_dop_operator_v3 to 2022-09-10T17:15:00+00:00, run_after=2022-09-10T17:16:00+00:00
[2022-09-10T17:16:38.552+0000] {processor.py:161} INFO - Processing /home/airflow/.local/lib/python3.7/site-packages/airflow/example_dags/example_branch_python_dop_operator_3.py took 0.063 seconds
[2022-09-10T17:17:08.735+0000] {processor.py:153} INFO - Started process (PID=197) to work on /home/airflow/.local/lib/python3.7/site-packages/airflow/example_dags/example_branch_python_dop_operator_3.py
[2022-09-10T17:17:08.737+0000] {processor.py:640} INFO - Processing file /home/airflow/.local/lib/python3.7/site-packages/airflow/example_dags/example_branch_python_dop_operator_3.py for tasks to queue
[2022-09-10T17:17:08.739+0000] {logging_mixin.py:115} INFO - [2022-09-10T17:17:08.739+0000] {dagbag.py:508} INFO - Filling up the DagBag from /home/airflow/.local/lib/python3.7/site-packages/airflow/example_dags/example_branch_python_dop_operator_3.py
[2022-09-10T17:17:08.749+0000] {processor.py:650} INFO - DAG(s) dict_keys(['example_branch_dop_operator_v3']) retrieved from /home/airflow/.local/lib/python3.7/site-packages/airflow/example_dags/example_branch_python_dop_operator_3.py
[2022-09-10T17:17:08.773+0000] {logging_mixin.py:115} INFO - [2022-09-10T17:17:08.772+0000] {dag.py:2429} INFO - Sync 1 DAGs
[2022-09-10T17:17:08.791+0000] {logging_mixin.py:115} INFO - [2022-09-10T17:17:08.791+0000] {dag.py:2981} INFO - Setting next_dagrun for example_branch_dop_operator_v3 to 2022-09-10T17:16:00+00:00, run_after=2022-09-10T17:17:00+00:00
[2022-09-10T17:17:08.801+0000] {processor.py:161} INFO - Processing /home/airflow/.local/lib/python3.7/site-packages/airflow/example_dags/example_branch_python_dop_operator_3.py took 0.069 seconds
[2022-09-10T17:17:38.891+0000] {processor.py:153} INFO - Started process (PID=250) to work on /home/airflow/.local/lib/python3.7/site-packages/airflow/example_dags/example_branch_python_dop_operator_3.py
[2022-09-10T17:17:38.894+0000] {processor.py:640} INFO - Processing file /home/airflow/.local/lib/python3.7/site-packages/airflow/example_dags/example_branch_python_dop_operator_3.py for tasks to queue
[2022-09-10T17:17:38.896+0000] {logging_mixin.py:115} INFO - [2022-09-10T17:17:38.895+0000] {dagbag.py:508} INFO - Filling up the DagBag from /home/airflow/.local/lib/python3.7/site-packages/airflow/example_dags/example_branch_python_dop_operator_3.py
[2022-09-10T17:17:38.904+0000] {processor.py:650} INFO - DAG(s) dict_keys(['example_branch_dop_operator_v3']) retrieved from /home/airflow/.local/lib/python3.7/site-packages/airflow/example_dags/example_branch_python_dop_operator_3.py
[2022-09-10T17:17:38.929+0000] {logging_mixin.py:115} INFO - [2022-09-10T17:17:38.929+0000] {dag.py:2429} INFO - Sync 1 DAGs
[2022-09-10T17:17:38.947+0000] {logging_mixin.py:115} INFO - [2022-09-10T17:17:38.947+0000] {dag.py:2981} INFO - Setting next_dagrun for example_branch_dop_operator_v3 to 2022-09-10T17:16:00+00:00, run_after=2022-09-10T17:17:00+00:00
[2022-09-10T17:17:38.957+0000] {processor.py:161} INFO - Processing /home/airflow/.local/lib/python3.7/site-packages/airflow/example_dags/example_branch_python_dop_operator_3.py took 0.072 seconds
[2022-09-10T17:18:09.006+0000] {processor.py:153} INFO - Started process (PID=313) to work on /home/airflow/.local/lib/python3.7/site-packages/airflow/example_dags/example_branch_python_dop_operator_3.py
[2022-09-10T17:18:09.007+0000] {processor.py:640} INFO - Processing file /home/airflow/.local/lib/python3.7/site-packages/airflow/example_dags/example_branch_python_dop_operator_3.py for tasks to queue
[2022-09-10T17:18:09.009+0000] {logging_mixin.py:115} INFO - [2022-09-10T17:18:09.009+0000] {dagbag.py:508} INFO - Filling up the DagBag from /home/airflow/.local/lib/python3.7/site-packages/airflow/example_dags/example_branch_python_dop_operator_3.py
[2022-09-10T17:18:09.016+0000] {processor.py:650} INFO - DAG(s) dict_keys(['example_branch_dop_operator_v3']) retrieved from /home/airflow/.local/lib/python3.7/site-packages/airflow/example_dags/example_branch_python_dop_operator_3.py
[2022-09-10T17:18:09.037+0000] {logging_mixin.py:115} INFO - [2022-09-10T17:18:09.037+0000] {dag.py:2429} INFO - Sync 1 DAGs
[2022-09-10T17:18:09.057+0000] {logging_mixin.py:115} INFO - [2022-09-10T17:18:09.056+0000] {dag.py:2981} INFO - Setting next_dagrun for example_branch_dop_operator_v3 to 2022-09-10T17:17:00+00:00, run_after=2022-09-10T17:18:00+00:00
[2022-09-10T17:18:09.066+0000] {processor.py:161} INFO - Processing /home/airflow/.local/lib/python3.7/site-packages/airflow/example_dags/example_branch_python_dop_operator_3.py took 0.062 seconds
[2022-09-10T17:18:40.083+0000] {processor.py:153} INFO - Started process (PID=377) to work on /home/airflow/.local/lib/python3.7/site-packages/airflow/example_dags/example_branch_python_dop_operator_3.py
[2022-09-10T17:18:40.085+0000] {processor.py:640} INFO - Processing file /home/airflow/.local/lib/python3.7/site-packages/airflow/example_dags/example_branch_python_dop_operator_3.py for tasks to queue
[2022-09-10T17:18:40.087+0000] {logging_mixin.py:115} INFO - [2022-09-10T17:18:40.087+0000] {dagbag.py:508} INFO - Filling up the DagBag from /home/airflow/.local/lib/python3.7/site-packages/airflow/example_dags/example_branch_python_dop_operator_3.py
[2022-09-10T17:18:40.097+0000] {processor.py:650} INFO - DAG(s) dict_keys(['example_branch_dop_operator_v3']) retrieved from /home/airflow/.local/lib/python3.7/site-packages/airflow/example_dags/example_branch_python_dop_operator_3.py
[2022-09-10T17:18:40.126+0000] {logging_mixin.py:115} INFO - [2022-09-10T17:18:40.126+0000] {dag.py:2429} INFO - Sync 1 DAGs
[2022-09-10T17:18:40.145+0000] {logging_mixin.py:115} INFO - [2022-09-10T17:18:40.145+0000] {dag.py:2981} INFO - Setting next_dagrun for example_branch_dop_operator_v3 to 2022-09-10T17:17:00+00:00, run_after=2022-09-10T17:18:00+00:00
[2022-09-10T17:18:40.153+0000] {processor.py:161} INFO - Processing /home/airflow/.local/lib/python3.7/site-packages/airflow/example_dags/example_branch_python_dop_operator_3.py took 0.076 seconds
[2022-09-10T17:19:10.353+0000] {processor.py:153} INFO - Started process (PID=440) to work on /home/airflow/.local/lib/python3.7/site-packages/airflow/example_dags/example_branch_python_dop_operator_3.py
[2022-09-10T17:19:10.355+0000] {processor.py:640} INFO - Processing file /home/airflow/.local/lib/python3.7/site-packages/airflow/example_dags/example_branch_python_dop_operator_3.py for tasks to queue
[2022-09-10T17:19:10.357+0000] {logging_mixin.py:115} INFO - [2022-09-10T17:19:10.357+0000] {dagbag.py:508} INFO - Filling up the DagBag from /home/airflow/.local/lib/python3.7/site-packages/airflow/example_dags/example_branch_python_dop_operator_3.py
[2022-09-10T17:19:10.370+0000] {processor.py:650} INFO - DAG(s) dict_keys(['example_branch_dop_operator_v3']) retrieved from /home/airflow/.local/lib/python3.7/site-packages/airflow/example_dags/example_branch_python_dop_operator_3.py
[2022-09-10T17:19:10.398+0000] {logging_mixin.py:115} INFO - [2022-09-10T17:19:10.398+0000] {dag.py:2429} INFO - Sync 1 DAGs
[2022-09-10T17:19:10.421+0000] {logging_mixin.py:115} INFO - [2022-09-10T17:19:10.421+0000] {dag.py:2981} INFO - Setting next_dagrun for example_branch_dop_operator_v3 to 2022-09-10T17:18:00+00:00, run_after=2022-09-10T17:19:00+00:00
[2022-09-10T17:19:10.431+0000] {processor.py:161} INFO - Processing /home/airflow/.local/lib/python3.7/site-packages/airflow/example_dags/example_branch_python_dop_operator_3.py took 0.083 seconds
[2022-09-10T17:19:40.496+0000] {processor.py:153} INFO - Started process (PID=502) to work on /home/airflow/.local/lib/python3.7/site-packages/airflow/example_dags/example_branch_python_dop_operator_3.py
[2022-09-10T17:19:40.499+0000] {processor.py:640} INFO - Processing file /home/airflow/.local/lib/python3.7/site-packages/airflow/example_dags/example_branch_python_dop_operator_3.py for tasks to queue
[2022-09-10T17:19:40.500+0000] {logging_mixin.py:115} INFO - [2022-09-10T17:19:40.500+0000] {dagbag.py:508} INFO - Filling up the DagBag from /home/airflow/.local/lib/python3.7/site-packages/airflow/example_dags/example_branch_python_dop_operator_3.py
[2022-09-10T17:19:40.510+0000] {processor.py:650} INFO - DAG(s) dict_keys(['example_branch_dop_operator_v3']) retrieved from /home/airflow/.local/lib/python3.7/site-packages/airflow/example_dags/example_branch_python_dop_operator_3.py
[2022-09-10T17:19:40.537+0000] {logging_mixin.py:115} INFO - [2022-09-10T17:19:40.537+0000] {dag.py:2429} INFO - Sync 1 DAGs
[2022-09-10T17:19:40.555+0000] {logging_mixin.py:115} INFO - [2022-09-10T17:19:40.555+0000] {dag.py:2981} INFO - Setting next_dagrun for example_branch_dop_operator_v3 to 2022-09-10T17:18:00+00:00, run_after=2022-09-10T17:19:00+00:00
[2022-09-10T17:19:40.565+0000] {processor.py:161} INFO - Processing /home/airflow/.local/lib/python3.7/site-packages/airflow/example_dags/example_branch_python_dop_operator_3.py took 0.071 seconds
[2022-09-10T17:20:10.715+0000] {processor.py:153} INFO - Started process (PID=566) to work on /home/airflow/.local/lib/python3.7/site-packages/airflow/example_dags/example_branch_python_dop_operator_3.py
[2022-09-10T17:20:10.716+0000] {processor.py:640} INFO - Processing file /home/airflow/.local/lib/python3.7/site-packages/airflow/example_dags/example_branch_python_dop_operator_3.py for tasks to queue
[2022-09-10T17:20:10.718+0000] {logging_mixin.py:115} INFO - [2022-09-10T17:20:10.717+0000] {dagbag.py:508} INFO - Filling up the DagBag from /home/airflow/.local/lib/python3.7/site-packages/airflow/example_dags/example_branch_python_dop_operator_3.py
[2022-09-10T17:20:10.726+0000] {processor.py:650} INFO - DAG(s) dict_keys(['example_branch_dop_operator_v3']) retrieved from /home/airflow/.local/lib/python3.7/site-packages/airflow/example_dags/example_branch_python_dop_operator_3.py
[2022-09-10T17:20:10.748+0000] {logging_mixin.py:115} INFO - [2022-09-10T17:20:10.748+0000] {dag.py:2429} INFO - Sync 1 DAGs
[2022-09-10T17:20:10.762+0000] {logging_mixin.py:115} INFO - [2022-09-10T17:20:10.762+0000] {dag.py:2981} INFO - Setting next_dagrun for example_branch_dop_operator_v3 to 2022-09-10T17:19:00+00:00, run_after=2022-09-10T17:20:00+00:00
[2022-09-10T17:20:10.769+0000] {processor.py:161} INFO - Processing /home/airflow/.local/lib/python3.7/site-packages/airflow/example_dags/example_branch_python_dop_operator_3.py took 0.058 seconds
[2022-09-10T17:20:40.846+0000] {processor.py:153} INFO - Started process (PID=620) to work on /home/airflow/.local/lib/python3.7/site-packages/airflow/example_dags/example_branch_python_dop_operator_3.py
[2022-09-10T17:20:40.848+0000] {processor.py:640} INFO - Processing file /home/airflow/.local/lib/python3.7/site-packages/airflow/example_dags/example_branch_python_dop_operator_3.py for tasks to queue
[2022-09-10T17:20:40.850+0000] {logging_mixin.py:115} INFO - [2022-09-10T17:20:40.850+0000] {dagbag.py:508} INFO - Filling up the DagBag from /home/airflow/.local/lib/python3.7/site-packages/airflow/example_dags/example_branch_python_dop_operator_3.py
[2022-09-10T17:20:40.860+0000] {processor.py:650} INFO - DAG(s) dict_keys(['example_branch_dop_operator_v3']) retrieved from /home/airflow/.local/lib/python3.7/site-packages/airflow/example_dags/example_branch_python_dop_operator_3.py
[2022-09-10T17:20:40.881+0000] {logging_mixin.py:115} INFO - [2022-09-10T17:20:40.881+0000] {dag.py:2429} INFO - Sync 1 DAGs
[2022-09-10T17:20:40.905+0000] {logging_mixin.py:115} INFO - [2022-09-10T17:20:40.905+0000] {dag.py:2981} INFO - Setting next_dagrun for example_branch_dop_operator_v3 to 2022-09-10T17:19:00+00:00, run_after=2022-09-10T17:20:00+00:00
[2022-09-10T17:20:40.960+0000] {processor.py:161} INFO - Processing /home/airflow/.local/lib/python3.7/site-packages/airflow/example_dags/example_branch_python_dop_operator_3.py took 0.116 seconds
[2022-09-10T17:21:11.068+0000] {processor.py:153} INFO - Started process (PID=683) to work on /home/airflow/.local/lib/python3.7/site-packages/airflow/example_dags/example_branch_python_dop_operator_3.py
[2022-09-10T17:21:11.071+0000] {processor.py:640} INFO - Processing file /home/airflow/.local/lib/python3.7/site-packages/airflow/example_dags/example_branch_python_dop_operator_3.py for tasks to queue
[2022-09-10T17:21:11.072+0000] {logging_mixin.py:115} INFO - [2022-09-10T17:21:11.072+0000] {dagbag.py:508} INFO - Filling up the DagBag from /home/airflow/.local/lib/python3.7/site-packages/airflow/example_dags/example_branch_python_dop_operator_3.py
[2022-09-10T17:21:11.081+0000] {processor.py:650} INFO - DAG(s) dict_keys(['example_branch_dop_operator_v3']) retrieved from /home/airflow/.local/lib/python3.7/site-packages/airflow/example_dags/example_branch_python_dop_operator_3.py
[2022-09-10T17:21:11.101+0000] {logging_mixin.py:115} INFO - [2022-09-10T17:21:11.101+0000] {dag.py:2429} INFO - Sync 1 DAGs
[2022-09-10T17:21:11.115+0000] {logging_mixin.py:115} INFO - [2022-09-10T17:21:11.115+0000] {dag.py:2981} INFO - Setting next_dagrun for example_branch_dop_operator_v3 to 2022-09-10T17:20:00+00:00, run_after=2022-09-10T17:21:00+00:00
[2022-09-10T17:21:11.123+0000] {processor.py:161} INFO - Processing /home/airflow/.local/lib/python3.7/site-packages/airflow/example_dags/example_branch_python_dop_operator_3.py took 0.058 seconds
[2022-09-10T17:21:41.923+0000] {processor.py:153} INFO - Started process (PID=746) to work on /home/airflow/.local/lib/python3.7/site-packages/airflow/example_dags/example_branch_python_dop_operator_3.py
[2022-09-10T17:21:41.936+0000] {processor.py:640} INFO - Processing file /home/airflow/.local/lib/python3.7/site-packages/airflow/example_dags/example_branch_python_dop_operator_3.py for tasks to queue
[2022-09-10T17:21:41.938+0000] {logging_mixin.py:115} INFO - [2022-09-10T17:21:41.938+0000] {dagbag.py:508} INFO - Filling up the DagBag from /home/airflow/.local/lib/python3.7/site-packages/airflow/example_dags/example_branch_python_dop_operator_3.py
[2022-09-10T17:21:41.945+0000] {processor.py:650} INFO - DAG(s) dict_keys(['example_branch_dop_operator_v3']) retrieved from /home/airflow/.local/lib/python3.7/site-packages/airflow/example_dags/example_branch_python_dop_operator_3.py
[2022-09-10T17:21:41.963+0000] {logging_mixin.py:115} INFO - [2022-09-10T17:21:41.962+0000] {dag.py:2429} INFO - Sync 1 DAGs
[2022-09-10T17:21:41.987+0000] {logging_mixin.py:115} INFO - [2022-09-10T17:21:41.987+0000] {dag.py:2981} INFO - Setting next_dagrun for example_branch_dop_operator_v3 to 2022-09-10T17:20:00+00:00, run_after=2022-09-10T17:21:00+00:00
[2022-09-10T17:21:41.996+0000] {processor.py:161} INFO - Processing /home/airflow/.local/lib/python3.7/site-packages/airflow/example_dags/example_branch_python_dop_operator_3.py took 0.076 seconds
[2022-09-10T17:22:12.948+0000] {processor.py:153} INFO - Started process (PID=809) to work on /home/airflow/.local/lib/python3.7/site-packages/airflow/example_dags/example_branch_python_dop_operator_3.py
[2022-09-10T17:22:12.950+0000] {processor.py:640} INFO - Processing file /home/airflow/.local/lib/python3.7/site-packages/airflow/example_dags/example_branch_python_dop_operator_3.py for tasks to queue
[2022-09-10T17:22:12.952+0000] {logging_mixin.py:115} INFO - [2022-09-10T17:22:12.951+0000] {dagbag.py:508} INFO - Filling up the DagBag from /home/airflow/.local/lib/python3.7/site-packages/airflow/example_dags/example_branch_python_dop_operator_3.py
[2022-09-10T17:22:12.959+0000] {processor.py:650} INFO - DAG(s) dict_keys(['example_branch_dop_operator_v3']) retrieved from /home/airflow/.local/lib/python3.7/site-packages/airflow/example_dags/example_branch_python_dop_operator_3.py
[2022-09-10T17:22:12.978+0000] {logging_mixin.py:115} INFO - [2022-09-10T17:22:12.977+0000] {dag.py:2429} INFO - Sync 1 DAGs
[2022-09-10T17:22:12.997+0000] {logging_mixin.py:115} INFO - [2022-09-10T17:22:12.997+0000] {dag.py:2981} INFO - Setting next_dagrun for example_branch_dop_operator_v3 to 2022-09-10T17:21:00+00:00, run_after=2022-09-10T17:22:00+00:00
[2022-09-10T17:22:13.010+0000] {processor.py:161} INFO - Processing /home/airflow/.local/lib/python3.7/site-packages/airflow/example_dags/example_branch_python_dop_operator_3.py took 0.064 seconds
[2022-09-10T17:22:43.601+0000] {processor.py:153} INFO - Started process (PID=874) to work on /home/airflow/.local/lib/python3.7/site-packages/airflow/example_dags/example_branch_python_dop_operator_3.py
[2022-09-10T17:22:43.603+0000] {processor.py:640} INFO - Processing file /home/airflow/.local/lib/python3.7/site-packages/airflow/example_dags/example_branch_python_dop_operator_3.py for tasks to queue
[2022-09-10T17:22:43.604+0000] {logging_mixin.py:115} INFO - [2022-09-10T17:22:43.604+0000] {dagbag.py:508} INFO - Filling up the DagBag from /home/airflow/.local/lib/python3.7/site-packages/airflow/example_dags/example_branch_python_dop_operator_3.py
[2022-09-10T17:22:43.611+0000] {processor.py:650} INFO - DAG(s) dict_keys(['example_branch_dop_operator_v3']) retrieved from /home/airflow/.local/lib/python3.7/site-packages/airflow/example_dags/example_branch_python_dop_operator_3.py
[2022-09-10T17:22:43.628+0000] {logging_mixin.py:115} INFO - [2022-09-10T17:22:43.628+0000] {dag.py:2429} INFO - Sync 1 DAGs
[2022-09-10T17:22:43.643+0000] {logging_mixin.py:115} INFO - [2022-09-10T17:22:43.643+0000] {dag.py:2981} INFO - Setting next_dagrun for example_branch_dop_operator_v3 to 2022-09-10T17:21:00+00:00, run_after=2022-09-10T17:22:00+00:00
[2022-09-10T17:22:43.650+0000] {processor.py:161} INFO - Processing /home/airflow/.local/lib/python3.7/site-packages/airflow/example_dags/example_branch_python_dop_operator_3.py took 0.051 seconds
[2022-09-10T17:23:14.564+0000] {processor.py:153} INFO - Started process (PID=937) to work on /home/airflow/.local/lib/python3.7/site-packages/airflow/example_dags/example_branch_python_dop_operator_3.py
[2022-09-10T17:23:14.566+0000] {processor.py:640} INFO - Processing file /home/airflow/.local/lib/python3.7/site-packages/airflow/example_dags/example_branch_python_dop_operator_3.py for tasks to queue
[2022-09-10T17:23:14.567+0000] {logging_mixin.py:115} INFO - [2022-09-10T17:23:14.567+0000] {dagbag.py:508} INFO - Filling up the DagBag from /home/airflow/.local/lib/python3.7/site-packages/airflow/example_dags/example_branch_python_dop_operator_3.py
[2022-09-10T17:23:14.575+0000] {processor.py:650} INFO - DAG(s) dict_keys(['example_branch_dop_operator_v3']) retrieved from /home/airflow/.local/lib/python3.7/site-packages/airflow/example_dags/example_branch_python_dop_operator_3.py
[2022-09-10T17:23:14.595+0000] {logging_mixin.py:115} INFO - [2022-09-10T17:23:14.595+0000] {dag.py:2429} INFO - Sync 1 DAGs
[2022-09-10T17:23:14.611+0000] {logging_mixin.py:115} INFO - [2022-09-10T17:23:14.611+0000] {dag.py:2981} INFO - Setting next_dagrun for example_branch_dop_operator_v3 to 2022-09-10T17:22:00+00:00, run_after=2022-09-10T17:23:00+00:00
[2022-09-10T17:23:14.622+0000] {processor.py:161} INFO - Processing /home/airflow/.local/lib/python3.7/site-packages/airflow/example_dags/example_branch_python_dop_operator_3.py took 0.061 seconds
[2022-09-10T17:23:45.507+0000] {processor.py:153} INFO - Started process (PID=991) to work on /home/airflow/.local/lib/python3.7/site-packages/airflow/example_dags/example_branch_python_dop_operator_3.py
[2022-09-10T17:23:45.508+0000] {processor.py:640} INFO - Processing file /home/airflow/.local/lib/python3.7/site-packages/airflow/example_dags/example_branch_python_dop_operator_3.py for tasks to queue
[2022-09-10T17:23:45.509+0000] {logging_mixin.py:115} INFO - [2022-09-10T17:23:45.509+0000] {dagbag.py:508} INFO - Filling up the DagBag from /home/airflow/.local/lib/python3.7/site-packages/airflow/example_dags/example_branch_python_dop_operator_3.py
[2022-09-10T17:23:45.516+0000] {processor.py:650} INFO - DAG(s) dict_keys(['example_branch_dop_operator_v3']) retrieved from /home/airflow/.local/lib/python3.7/site-packages/airflow/example_dags/example_branch_python_dop_operator_3.py
[2022-09-10T17:23:45.533+0000] {logging_mixin.py:115} INFO - [2022-09-10T17:23:45.533+0000] {dag.py:2429} INFO - Sync 1 DAGs
[2022-09-10T17:23:45.552+0000] {logging_mixin.py:115} INFO - [2022-09-10T17:23:45.551+0000] {dag.py:2981} INFO - Setting next_dagrun for example_branch_dop_operator_v3 to 2022-09-10T17:22:00+00:00, run_after=2022-09-10T17:23:00+00:00
[2022-09-10T17:23:45.560+0000] {processor.py:161} INFO - Processing /home/airflow/.local/lib/python3.7/site-packages/airflow/example_dags/example_branch_python_dop_operator_3.py took 0.055 seconds
[2022-09-10T17:24:15.610+0000] {processor.py:153} INFO - Started process (PID=1054) to work on /home/airflow/.local/lib/python3.7/site-packages/airflow/example_dags/example_branch_python_dop_operator_3.py
[2022-09-10T17:24:15.611+0000] {processor.py:640} INFO - Processing file /home/airflow/.local/lib/python3.7/site-packages/airflow/example_dags/example_branch_python_dop_operator_3.py for tasks to queue
[2022-09-10T17:24:15.612+0000] {logging_mixin.py:115} INFO - [2022-09-10T17:24:15.612+0000] {dagbag.py:508} INFO - Filling up the DagBag from /home/airflow/.local/lib/python3.7/site-packages/airflow/example_dags/example_branch_python_dop_operator_3.py
[2022-09-10T17:24:15.618+0000] {processor.py:650} INFO - DAG(s) dict_keys(['example_branch_dop_operator_v3']) retrieved from /home/airflow/.local/lib/python3.7/site-packages/airflow/example_dags/example_branch_python_dop_operator_3.py
[2022-09-10T17:24:15.636+0000] {logging_mixin.py:115} INFO - [2022-09-10T17:24:15.636+0000] {dag.py:2429} INFO - Sync 1 DAGs
[2022-09-10T17:24:15.652+0000] {logging_mixin.py:115} INFO - [2022-09-10T17:24:15.652+0000] {dag.py:2981} INFO - Setting next_dagrun for example_branch_dop_operator_v3 to 2022-09-10T17:23:00+00:00, run_after=2022-09-10T17:24:00+00:00
[2022-09-10T17:24:15.660+0000] {processor.py:161} INFO - Processing /home/airflow/.local/lib/python3.7/site-packages/airflow/example_dags/example_branch_python_dop_operator_3.py took 0.053 seconds
[2022-09-10T17:24:46.425+0000] {processor.py:153} INFO - Started process (PID=1117) to work on /home/airflow/.local/lib/python3.7/site-packages/airflow/example_dags/example_branch_python_dop_operator_3.py
[2022-09-10T17:24:46.426+0000] {processor.py:640} INFO - Processing file /home/airflow/.local/lib/python3.7/site-packages/airflow/example_dags/example_branch_python_dop_operator_3.py for tasks to queue
[2022-09-10T17:24:46.427+0000] {logging_mixin.py:115} INFO - [2022-09-10T17:24:46.427+0000] {dagbag.py:508} INFO - Filling up the DagBag from /home/airflow/.local/lib/python3.7/site-packages/airflow/example_dags/example_branch_python_dop_operator_3.py
[2022-09-10T17:24:46.433+0000] {processor.py:650} INFO - DAG(s) dict_keys(['example_branch_dop_operator_v3']) retrieved from /home/airflow/.local/lib/python3.7/site-packages/airflow/example_dags/example_branch_python_dop_operator_3.py
[2022-09-10T17:24:46.449+0000] {logging_mixin.py:115} INFO - [2022-09-10T17:24:46.449+0000] {dag.py:2429} INFO - Sync 1 DAGs
[2022-09-10T17:24:46.464+0000] {logging_mixin.py:115} INFO - [2022-09-10T17:24:46.464+0000] {dag.py:2981} INFO - Setting next_dagrun for example_branch_dop_operator_v3 to 2022-09-10T17:23:00+00:00, run_after=2022-09-10T17:24:00+00:00
[2022-09-10T17:24:46.470+0000] {processor.py:161} INFO - Processing /home/airflow/.local/lib/python3.7/site-packages/airflow/example_dags/example_branch_python_dop_operator_3.py took 0.048 seconds
[2022-09-10T17:25:17.172+0000] {processor.py:153} INFO - Started process (PID=1179) to work on /home/airflow/.local/lib/python3.7/site-packages/airflow/example_dags/example_branch_python_dop_operator_3.py
[2022-09-10T17:25:17.174+0000] {processor.py:640} INFO - Processing file /home/airflow/.local/lib/python3.7/site-packages/airflow/example_dags/example_branch_python_dop_operator_3.py for tasks to queue
[2022-09-10T17:25:17.175+0000] {logging_mixin.py:115} INFO - [2022-09-10T17:25:17.174+0000] {dagbag.py:508} INFO - Filling up the DagBag from /home/airflow/.local/lib/python3.7/site-packages/airflow/example_dags/example_branch_python_dop_operator_3.py
[2022-09-10T17:25:17.181+0000] {processor.py:650} INFO - DAG(s) dict_keys(['example_branch_dop_operator_v3']) retrieved from /home/airflow/.local/lib/python3.7/site-packages/airflow/example_dags/example_branch_python_dop_operator_3.py
[2022-09-10T17:25:17.196+0000] {logging_mixin.py:115} INFO - [2022-09-10T17:25:17.196+0000] {dag.py:2429} INFO - Sync 1 DAGs
[2022-09-10T17:25:17.211+0000] {logging_mixin.py:115} INFO - [2022-09-10T17:25:17.211+0000] {dag.py:2981} INFO - Setting next_dagrun for example_branch_dop_operator_v3 to 2022-09-10T17:24:00+00:00, run_after=2022-09-10T17:25:00+00:00
[2022-09-10T17:25:17.218+0000] {processor.py:161} INFO - Processing /home/airflow/.local/lib/python3.7/site-packages/airflow/example_dags/example_branch_python_dop_operator_3.py took 0.049 seconds
[2022-09-10T17:25:48.290+0000] {processor.py:153} INFO - Started process (PID=1243) to work on /home/airflow/.local/lib/python3.7/site-packages/airflow/example_dags/example_branch_python_dop_operator_3.py
[2022-09-10T17:25:48.302+0000] {processor.py:640} INFO - Processing file /home/airflow/.local/lib/python3.7/site-packages/airflow/example_dags/example_branch_python_dop_operator_3.py for tasks to queue
[2022-09-10T17:25:48.303+0000] {logging_mixin.py:115} INFO - [2022-09-10T17:25:48.303+0000] {dagbag.py:508} INFO - Filling up the DagBag from /home/airflow/.local/lib/python3.7/site-packages/airflow/example_dags/example_branch_python_dop_operator_3.py
[2022-09-10T17:25:48.311+0000] {processor.py:650} INFO - DAG(s) dict_keys(['example_branch_dop_operator_v3']) retrieved from /home/airflow/.local/lib/python3.7/site-packages/airflow/example_dags/example_branch_python_dop_operator_3.py
[2022-09-10T17:25:48.331+0000] {logging_mixin.py:115} INFO - [2022-09-10T17:25:48.331+0000] {dag.py:2429} INFO - Sync 1 DAGs
[2022-09-10T17:25:48.345+0000] {logging_mixin.py:115} INFO - [2022-09-10T17:25:48.345+0000] {dag.py:2981} INFO - Setting next_dagrun for example_branch_dop_operator_v3 to 2022-09-10T17:24:00+00:00, run_after=2022-09-10T17:25:00+00:00
[2022-09-10T17:25:48.352+0000] {processor.py:161} INFO - Processing /home/airflow/.local/lib/python3.7/site-packages/airflow/example_dags/example_branch_python_dop_operator_3.py took 0.064 seconds
[2022-09-10T17:26:18.452+0000] {processor.py:153} INFO - Started process (PID=1297) to work on /home/airflow/.local/lib/python3.7/site-packages/airflow/example_dags/example_branch_python_dop_operator_3.py
[2022-09-10T17:26:18.453+0000] {processor.py:640} INFO - Processing file /home/airflow/.local/lib/python3.7/site-packages/airflow/example_dags/example_branch_python_dop_operator_3.py for tasks to queue
[2022-09-10T17:26:18.454+0000] {logging_mixin.py:115} INFO - [2022-09-10T17:26:18.454+0000] {dagbag.py:508} INFO - Filling up the DagBag from /home/airflow/.local/lib/python3.7/site-packages/airflow/example_dags/example_branch_python_dop_operator_3.py
[2022-09-10T17:26:18.462+0000] {processor.py:650} INFO - DAG(s) dict_keys(['example_branch_dop_operator_v3']) retrieved from /home/airflow/.local/lib/python3.7/site-packages/airflow/example_dags/example_branch_python_dop_operator_3.py
[2022-09-10T17:26:18.478+0000] {logging_mixin.py:115} INFO - [2022-09-10T17:26:18.478+0000] {dag.py:2429} INFO - Sync 1 DAGs
[2022-09-10T17:26:18.492+0000] {logging_mixin.py:115} INFO - [2022-09-10T17:26:18.491+0000] {dag.py:2981} INFO - Setting next_dagrun for example_branch_dop_operator_v3 to 2022-09-10T17:25:00+00:00, run_after=2022-09-10T17:26:00+00:00
[2022-09-10T17:26:18.498+0000] {processor.py:161} INFO - Processing /home/airflow/.local/lib/python3.7/site-packages/airflow/example_dags/example_branch_python_dop_operator_3.py took 0.049 seconds
[2022-09-10T17:26:49.526+0000] {processor.py:153} INFO - Started process (PID=1360) to work on /home/airflow/.local/lib/python3.7/site-packages/airflow/example_dags/example_branch_python_dop_operator_3.py
[2022-09-10T17:26:49.528+0000] {processor.py:640} INFO - Processing file /home/airflow/.local/lib/python3.7/site-packages/airflow/example_dags/example_branch_python_dop_operator_3.py for tasks to queue
[2022-09-10T17:26:49.529+0000] {logging_mixin.py:115} INFO - [2022-09-10T17:26:49.529+0000] {dagbag.py:508} INFO - Filling up the DagBag from /home/airflow/.local/lib/python3.7/site-packages/airflow/example_dags/example_branch_python_dop_operator_3.py
[2022-09-10T17:26:49.536+0000] {processor.py:650} INFO - DAG(s) dict_keys(['example_branch_dop_operator_v3']) retrieved from /home/airflow/.local/lib/python3.7/site-packages/airflow/example_dags/example_branch_python_dop_operator_3.py
[2022-09-10T17:26:49.552+0000] {logging_mixin.py:115} INFO - [2022-09-10T17:26:49.552+0000] {dag.py:2429} INFO - Sync 1 DAGs
[2022-09-10T17:26:49.568+0000] {logging_mixin.py:115} INFO - [2022-09-10T17:26:49.568+0000] {dag.py:2981} INFO - Setting next_dagrun for example_branch_dop_operator_v3 to 2022-09-10T17:25:00+00:00, run_after=2022-09-10T17:26:00+00:00
[2022-09-10T17:26:49.580+0000] {processor.py:161} INFO - Processing /home/airflow/.local/lib/python3.7/site-packages/airflow/example_dags/example_branch_python_dop_operator_3.py took 0.056 seconds
[2022-09-10T17:27:20.818+0000] {processor.py:153} INFO - Started process (PID=1424) to work on /home/airflow/.local/lib/python3.7/site-packages/airflow/example_dags/example_branch_python_dop_operator_3.py
[2022-09-10T17:27:20.820+0000] {processor.py:640} INFO - Processing file /home/airflow/.local/lib/python3.7/site-packages/airflow/example_dags/example_branch_python_dop_operator_3.py for tasks to queue
[2022-09-10T17:27:20.821+0000] {logging_mixin.py:115} INFO - [2022-09-10T17:27:20.821+0000] {dagbag.py:508} INFO - Filling up the DagBag from /home/airflow/.local/lib/python3.7/site-packages/airflow/example_dags/example_branch_python_dop_operator_3.py
[2022-09-10T17:27:20.829+0000] {processor.py:650} INFO - DAG(s) dict_keys(['example_branch_dop_operator_v3']) retrieved from /home/airflow/.local/lib/python3.7/site-packages/airflow/example_dags/example_branch_python_dop_operator_3.py
[2022-09-10T17:27:20.850+0000] {logging_mixin.py:115} INFO - [2022-09-10T17:27:20.850+0000] {dag.py:2429} INFO - Sync 1 DAGs
[2022-09-10T17:27:20.865+0000] {logging_mixin.py:115} INFO - [2022-09-10T17:27:20.865+0000] {dag.py:2981} INFO - Setting next_dagrun for example_branch_dop_operator_v3 to 2022-09-10T17:26:00+00:00, run_after=2022-09-10T17:27:00+00:00
[2022-09-10T17:27:20.873+0000] {processor.py:161} INFO - Processing /home/airflow/.local/lib/python3.7/site-packages/airflow/example_dags/example_branch_python_dop_operator_3.py took 0.057 seconds
[2022-09-10T17:27:51.914+0000] {processor.py:153} INFO - Started process (PID=1489) to work on /home/airflow/.local/lib/python3.7/site-packages/airflow/example_dags/example_branch_python_dop_operator_3.py
[2022-09-10T17:27:51.915+0000] {processor.py:640} INFO - Processing file /home/airflow/.local/lib/python3.7/site-packages/airflow/example_dags/example_branch_python_dop_operator_3.py for tasks to queue
[2022-09-10T17:27:51.917+0000] {logging_mixin.py:115} INFO - [2022-09-10T17:27:51.917+0000] {dagbag.py:508} INFO - Filling up the DagBag from /home/airflow/.local/lib/python3.7/site-packages/airflow/example_dags/example_branch_python_dop_operator_3.py
[2022-09-10T17:27:51.924+0000] {processor.py:650} INFO - DAG(s) dict_keys(['example_branch_dop_operator_v3']) retrieved from /home/airflow/.local/lib/python3.7/site-packages/airflow/example_dags/example_branch_python_dop_operator_3.py
[2022-09-10T17:27:51.941+0000] {logging_mixin.py:115} INFO - [2022-09-10T17:27:51.941+0000] {dag.py:2429} INFO - Sync 1 DAGs
[2022-09-10T17:27:51.957+0000] {logging_mixin.py:115} INFO - [2022-09-10T17:27:51.957+0000] {dag.py:2981} INFO - Setting next_dagrun for example_branch_dop_operator_v3 to 2022-09-10T17:26:00+00:00, run_after=2022-09-10T17:27:00+00:00
[2022-09-10T17:27:51.965+0000] {processor.py:161} INFO - Processing /home/airflow/.local/lib/python3.7/site-packages/airflow/example_dags/example_branch_python_dop_operator_3.py took 0.054 seconds
[2022-09-10T17:28:22.068+0000] {processor.py:153} INFO - Started process (PID=1552) to work on /home/airflow/.local/lib/python3.7/site-packages/airflow/example_dags/example_branch_python_dop_operator_3.py
[2022-09-10T17:28:22.070+0000] {processor.py:640} INFO - Processing file /home/airflow/.local/lib/python3.7/site-packages/airflow/example_dags/example_branch_python_dop_operator_3.py for tasks to queue
[2022-09-10T17:28:22.070+0000] {logging_mixin.py:115} INFO - [2022-09-10T17:28:22.070+0000] {dagbag.py:508} INFO - Filling up the DagBag from /home/airflow/.local/lib/python3.7/site-packages/airflow/example_dags/example_branch_python_dop_operator_3.py
[2022-09-10T17:28:22.077+0000] {processor.py:650} INFO - DAG(s) dict_keys(['example_branch_dop_operator_v3']) retrieved from /home/airflow/.local/lib/python3.7/site-packages/airflow/example_dags/example_branch_python_dop_operator_3.py
[2022-09-10T17:28:22.094+0000] {logging_mixin.py:115} INFO - [2022-09-10T17:28:22.094+0000] {dag.py:2429} INFO - Sync 1 DAGs
[2022-09-10T17:28:22.109+0000] {logging_mixin.py:115} INFO - [2022-09-10T17:28:22.108+0000] {dag.py:2981} INFO - Setting next_dagrun for example_branch_dop_operator_v3 to 2022-09-10T17:27:00+00:00, run_after=2022-09-10T17:28:00+00:00
[2022-09-10T17:28:22.117+0000] {processor.py:161} INFO - Processing /home/airflow/.local/lib/python3.7/site-packages/airflow/example_dags/example_branch_python_dop_operator_3.py took 0.051 seconds
[2022-09-10T17:28:52.657+0000] {processor.py:153} INFO - Started process (PID=1615) to work on /home/airflow/.local/lib/python3.7/site-packages/airflow/example_dags/example_branch_python_dop_operator_3.py
[2022-09-10T17:28:52.659+0000] {processor.py:640} INFO - Processing file /home/airflow/.local/lib/python3.7/site-packages/airflow/example_dags/example_branch_python_dop_operator_3.py for tasks to queue
[2022-09-10T17:28:52.661+0000] {logging_mixin.py:115} INFO - [2022-09-10T17:28:52.660+0000] {dagbag.py:508} INFO - Filling up the DagBag from /home/airflow/.local/lib/python3.7/site-packages/airflow/example_dags/example_branch_python_dop_operator_3.py
[2022-09-10T17:28:52.667+0000] {processor.py:650} INFO - DAG(s) dict_keys(['example_branch_dop_operator_v3']) retrieved from /home/airflow/.local/lib/python3.7/site-packages/airflow/example_dags/example_branch_python_dop_operator_3.py
[2022-09-10T17:28:52.692+0000] {logging_mixin.py:115} INFO - [2022-09-10T17:28:52.692+0000] {dag.py:2429} INFO - Sync 1 DAGs
[2022-09-10T17:28:52.708+0000] {logging_mixin.py:115} INFO - [2022-09-10T17:28:52.708+0000] {dag.py:2981} INFO - Setting next_dagrun for example_branch_dop_operator_v3 to 2022-09-10T17:27:00+00:00, run_after=2022-09-10T17:28:00+00:00
[2022-09-10T17:28:52.716+0000] {processor.py:161} INFO - Processing /home/airflow/.local/lib/python3.7/site-packages/airflow/example_dags/example_branch_python_dop_operator_3.py took 0.061 seconds
[2022-09-10T17:29:23.547+0000] {processor.py:153} INFO - Started process (PID=1669) to work on /home/airflow/.local/lib/python3.7/site-packages/airflow/example_dags/example_branch_python_dop_operator_3.py
[2022-09-10T17:29:23.549+0000] {processor.py:640} INFO - Processing file /home/airflow/.local/lib/python3.7/site-packages/airflow/example_dags/example_branch_python_dop_operator_3.py for tasks to queue
[2022-09-10T17:29:23.550+0000] {logging_mixin.py:115} INFO - [2022-09-10T17:29:23.550+0000] {dagbag.py:508} INFO - Filling up the DagBag from /home/airflow/.local/lib/python3.7/site-packages/airflow/example_dags/example_branch_python_dop_operator_3.py
[2022-09-10T17:29:23.557+0000] {processor.py:650} INFO - DAG(s) dict_keys(['example_branch_dop_operator_v3']) retrieved from /home/airflow/.local/lib/python3.7/site-packages/airflow/example_dags/example_branch_python_dop_operator_3.py
[2022-09-10T17:29:23.574+0000] {logging_mixin.py:115} INFO - [2022-09-10T17:29:23.574+0000] {dag.py:2429} INFO - Sync 1 DAGs
[2022-09-10T17:29:23.592+0000] {logging_mixin.py:115} INFO - [2022-09-10T17:29:23.592+0000] {dag.py:2981} INFO - Setting next_dagrun for example_branch_dop_operator_v3 to 2022-09-10T17:28:00+00:00, run_after=2022-09-10T17:29:00+00:00
[2022-09-10T17:29:23.603+0000] {processor.py:161} INFO - Processing /home/airflow/.local/lib/python3.7/site-packages/airflow/example_dags/example_branch_python_dop_operator_3.py took 0.058 seconds
[2022-09-10T17:29:53.765+0000] {processor.py:153} INFO - Started process (PID=1731) to work on /home/airflow/.local/lib/python3.7/site-packages/airflow/example_dags/example_branch_python_dop_operator_3.py
[2022-09-10T17:29:53.767+0000] {processor.py:640} INFO - Processing file /home/airflow/.local/lib/python3.7/site-packages/airflow/example_dags/example_branch_python_dop_operator_3.py for tasks to queue
[2022-09-10T17:29:53.767+0000] {logging_mixin.py:115} INFO - [2022-09-10T17:29:53.767+0000] {dagbag.py:508} INFO - Filling up the DagBag from /home/airflow/.local/lib/python3.7/site-packages/airflow/example_dags/example_branch_python_dop_operator_3.py
[2022-09-10T17:29:53.773+0000] {processor.py:650} INFO - DAG(s) dict_keys(['example_branch_dop_operator_v3']) retrieved from /home/airflow/.local/lib/python3.7/site-packages/airflow/example_dags/example_branch_python_dop_operator_3.py
[2022-09-10T17:29:53.790+0000] {logging_mixin.py:115} INFO - [2022-09-10T17:29:53.790+0000] {dag.py:2429} INFO - Sync 1 DAGs
[2022-09-10T17:29:53.808+0000] {logging_mixin.py:115} INFO - [2022-09-10T17:29:53.808+0000] {dag.py:2981} INFO - Setting next_dagrun for example_branch_dop_operator_v3 to 2022-09-10T17:28:00+00:00, run_after=2022-09-10T17:29:00+00:00
[2022-09-10T17:29:53.818+0000] {processor.py:161} INFO - Processing /home/airflow/.local/lib/python3.7/site-packages/airflow/example_dags/example_branch_python_dop_operator_3.py took 0.055 seconds
[2022-09-10T17:30:24.271+0000] {processor.py:153} INFO - Started process (PID=1794) to work on /home/airflow/.local/lib/python3.7/site-packages/airflow/example_dags/example_branch_python_dop_operator_3.py
[2022-09-10T17:30:24.273+0000] {processor.py:640} INFO - Processing file /home/airflow/.local/lib/python3.7/site-packages/airflow/example_dags/example_branch_python_dop_operator_3.py for tasks to queue
[2022-09-10T17:30:24.274+0000] {logging_mixin.py:115} INFO - [2022-09-10T17:30:24.274+0000] {dagbag.py:508} INFO - Filling up the DagBag from /home/airflow/.local/lib/python3.7/site-packages/airflow/example_dags/example_branch_python_dop_operator_3.py
[2022-09-10T17:30:24.280+0000] {processor.py:650} INFO - DAG(s) dict_keys(['example_branch_dop_operator_v3']) retrieved from /home/airflow/.local/lib/python3.7/site-packages/airflow/example_dags/example_branch_python_dop_operator_3.py
[2022-09-10T17:30:24.297+0000] {logging_mixin.py:115} INFO - [2022-09-10T17:30:24.297+0000] {dag.py:2429} INFO - Sync 1 DAGs
[2022-09-10T17:30:24.318+0000] {logging_mixin.py:115} INFO - [2022-09-10T17:30:24.317+0000] {dag.py:2981} INFO - Setting next_dagrun for example_branch_dop_operator_v3 to 2022-09-10T17:29:00+00:00, run_after=2022-09-10T17:30:00+00:00
[2022-09-10T17:30:24.327+0000] {processor.py:161} INFO - Processing /home/airflow/.local/lib/python3.7/site-packages/airflow/example_dags/example_branch_python_dop_operator_3.py took 0.058 seconds
