[2022-09-10T17:06:40.240+0000] {processor.py:153} INFO - Started process (PID=60) to work on /home/airflow/.local/lib/python3.7/site-packages/airflow/example_dags/example_nested_branch_dag.py
[2022-09-10T17:06:40.243+0000] {processor.py:640} INFO - Processing file /home/airflow/.local/lib/python3.7/site-packages/airflow/example_dags/example_nested_branch_dag.py for tasks to queue
[2022-09-10T17:06:40.246+0000] {logging_mixin.py:115} INFO - [2022-09-10T17:06:40.246+0000] {dagbag.py:508} INFO - Filling up the DagBag from /home/airflow/.local/lib/python3.7/site-packages/airflow/example_dags/example_nested_branch_dag.py
[2022-09-10T17:06:40.268+0000] {processor.py:650} INFO - DAG(s) dict_keys(['example_nested_branch_dag']) retrieved from /home/airflow/.local/lib/python3.7/site-packages/airflow/example_dags/example_nested_branch_dag.py
[2022-09-10T17:06:40.390+0000] {logging_mixin.py:115} INFO - [2022-09-10T17:06:40.390+0000] {manager.py:508} INFO - Created Permission View: can edit on DAG:example_nested_branch_dag
[2022-09-10T17:06:40.437+0000] {logging_mixin.py:115} INFO - [2022-09-10T17:06:40.437+0000] {manager.py:508} INFO - Created Permission View: can delete on DAG:example_nested_branch_dag
[2022-09-10T17:06:40.458+0000] {logging_mixin.py:115} INFO - [2022-09-10T17:06:40.458+0000] {manager.py:508} INFO - Created Permission View: can read on DAG:example_nested_branch_dag
[2022-09-10T17:06:40.460+0000] {logging_mixin.py:115} INFO - [2022-09-10T17:06:40.459+0000] {dag.py:2429} INFO - Sync 1 DAGs
[2022-09-10T17:06:40.483+0000] {logging_mixin.py:115} INFO - [2022-09-10T17:06:40.482+0000] {dag.py:2448} INFO - Creating ORM DAG for example_nested_branch_dag
[2022-09-10T17:06:40.520+0000] {logging_mixin.py:115} INFO - [2022-09-10T17:06:40.519+0000] {dag.py:2981} INFO - Setting next_dagrun for example_nested_branch_dag to 2022-09-09T00:00:00+00:00, run_after=2022-09-10T00:00:00+00:00
[2022-09-10T17:06:40.547+0000] {processor.py:161} INFO - Processing /home/airflow/.local/lib/python3.7/site-packages/airflow/example_dags/example_nested_branch_dag.py took 0.314 seconds
[2022-09-10T17:07:11.240+0000] {processor.py:153} INFO - Started process (PID=124) to work on /home/airflow/.local/lib/python3.7/site-packages/airflow/example_dags/example_nested_branch_dag.py
[2022-09-10T17:07:11.241+0000] {processor.py:640} INFO - Processing file /home/airflow/.local/lib/python3.7/site-packages/airflow/example_dags/example_nested_branch_dag.py for tasks to queue
[2022-09-10T17:07:11.242+0000] {logging_mixin.py:115} INFO - [2022-09-10T17:07:11.242+0000] {dagbag.py:508} INFO - Filling up the DagBag from /home/airflow/.local/lib/python3.7/site-packages/airflow/example_dags/example_nested_branch_dag.py
[2022-09-10T17:07:11.255+0000] {processor.py:650} INFO - DAG(s) dict_keys(['example_nested_branch_dag']) retrieved from /home/airflow/.local/lib/python3.7/site-packages/airflow/example_dags/example_nested_branch_dag.py
[2022-09-10T17:07:11.272+0000] {logging_mixin.py:115} INFO - [2022-09-10T17:07:11.272+0000] {dag.py:2429} INFO - Sync 1 DAGs
[2022-09-10T17:07:11.285+0000] {logging_mixin.py:115} INFO - [2022-09-10T17:07:11.285+0000] {dag.py:2981} INFO - Setting next_dagrun for example_nested_branch_dag to 2022-09-09T00:00:00+00:00, run_after=2022-09-10T00:00:00+00:00
[2022-09-10T17:07:11.293+0000] {processor.py:161} INFO - Processing /home/airflow/.local/lib/python3.7/site-packages/airflow/example_dags/example_nested_branch_dag.py took 0.055 seconds
[2022-09-10T17:07:42.130+0000] {processor.py:153} INFO - Started process (PID=187) to work on /home/airflow/.local/lib/python3.7/site-packages/airflow/example_dags/example_nested_branch_dag.py
[2022-09-10T17:07:42.132+0000] {processor.py:640} INFO - Processing file /home/airflow/.local/lib/python3.7/site-packages/airflow/example_dags/example_nested_branch_dag.py for tasks to queue
[2022-09-10T17:07:42.133+0000] {logging_mixin.py:115} INFO - [2022-09-10T17:07:42.133+0000] {dagbag.py:508} INFO - Filling up the DagBag from /home/airflow/.local/lib/python3.7/site-packages/airflow/example_dags/example_nested_branch_dag.py
[2022-09-10T17:07:42.147+0000] {processor.py:650} INFO - DAG(s) dict_keys(['example_nested_branch_dag']) retrieved from /home/airflow/.local/lib/python3.7/site-packages/airflow/example_dags/example_nested_branch_dag.py
[2022-09-10T17:07:42.178+0000] {logging_mixin.py:115} INFO - [2022-09-10T17:07:42.178+0000] {dag.py:2429} INFO - Sync 1 DAGs
[2022-09-10T17:07:42.198+0000] {logging_mixin.py:115} INFO - [2022-09-10T17:07:42.198+0000] {dag.py:2981} INFO - Setting next_dagrun for example_nested_branch_dag to 2022-09-09T00:00:00+00:00, run_after=2022-09-10T00:00:00+00:00
[2022-09-10T17:07:42.212+0000] {processor.py:161} INFO - Processing /home/airflow/.local/lib/python3.7/site-packages/airflow/example_dags/example_nested_branch_dag.py took 0.085 seconds
[2022-09-10T17:08:13.062+0000] {processor.py:153} INFO - Started process (PID=241) to work on /home/airflow/.local/lib/python3.7/site-packages/airflow/example_dags/example_nested_branch_dag.py
[2022-09-10T17:08:13.064+0000] {processor.py:640} INFO - Processing file /home/airflow/.local/lib/python3.7/site-packages/airflow/example_dags/example_nested_branch_dag.py for tasks to queue
[2022-09-10T17:08:13.065+0000] {logging_mixin.py:115} INFO - [2022-09-10T17:08:13.065+0000] {dagbag.py:508} INFO - Filling up the DagBag from /home/airflow/.local/lib/python3.7/site-packages/airflow/example_dags/example_nested_branch_dag.py
[2022-09-10T17:08:13.075+0000] {processor.py:650} INFO - DAG(s) dict_keys(['example_nested_branch_dag']) retrieved from /home/airflow/.local/lib/python3.7/site-packages/airflow/example_dags/example_nested_branch_dag.py
[2022-09-10T17:08:13.099+0000] {logging_mixin.py:115} INFO - [2022-09-10T17:08:13.099+0000] {dag.py:2429} INFO - Sync 1 DAGs
[2022-09-10T17:08:13.113+0000] {logging_mixin.py:115} INFO - [2022-09-10T17:08:13.112+0000] {dag.py:2981} INFO - Setting next_dagrun for example_nested_branch_dag to 2022-09-09T00:00:00+00:00, run_after=2022-09-10T00:00:00+00:00
[2022-09-10T17:08:13.120+0000] {processor.py:161} INFO - Processing /home/airflow/.local/lib/python3.7/site-packages/airflow/example_dags/example_nested_branch_dag.py took 0.062 seconds
[2022-09-10T17:08:43.976+0000] {processor.py:153} INFO - Started process (PID=303) to work on /home/airflow/.local/lib/python3.7/site-packages/airflow/example_dags/example_nested_branch_dag.py
[2022-09-10T17:08:43.979+0000] {processor.py:640} INFO - Processing file /home/airflow/.local/lib/python3.7/site-packages/airflow/example_dags/example_nested_branch_dag.py for tasks to queue
[2022-09-10T17:08:43.980+0000] {logging_mixin.py:115} INFO - [2022-09-10T17:08:43.980+0000] {dagbag.py:508} INFO - Filling up the DagBag from /home/airflow/.local/lib/python3.7/site-packages/airflow/example_dags/example_nested_branch_dag.py
[2022-09-10T17:08:43.992+0000] {processor.py:650} INFO - DAG(s) dict_keys(['example_nested_branch_dag']) retrieved from /home/airflow/.local/lib/python3.7/site-packages/airflow/example_dags/example_nested_branch_dag.py
[2022-09-10T17:08:44.014+0000] {logging_mixin.py:115} INFO - [2022-09-10T17:08:44.014+0000] {dag.py:2429} INFO - Sync 1 DAGs
[2022-09-10T17:08:44.028+0000] {logging_mixin.py:115} INFO - [2022-09-10T17:08:44.028+0000] {dag.py:2981} INFO - Setting next_dagrun for example_nested_branch_dag to 2022-09-09T00:00:00+00:00, run_after=2022-09-10T00:00:00+00:00
[2022-09-10T17:08:44.036+0000] {processor.py:161} INFO - Processing /home/airflow/.local/lib/python3.7/site-packages/airflow/example_dags/example_nested_branch_dag.py took 0.065 seconds
[2022-09-10T17:09:14.778+0000] {processor.py:153} INFO - Started process (PID=367) to work on /home/airflow/.local/lib/python3.7/site-packages/airflow/example_dags/example_nested_branch_dag.py
[2022-09-10T17:09:14.780+0000] {processor.py:640} INFO - Processing file /home/airflow/.local/lib/python3.7/site-packages/airflow/example_dags/example_nested_branch_dag.py for tasks to queue
[2022-09-10T17:09:14.781+0000] {logging_mixin.py:115} INFO - [2022-09-10T17:09:14.781+0000] {dagbag.py:508} INFO - Filling up the DagBag from /home/airflow/.local/lib/python3.7/site-packages/airflow/example_dags/example_nested_branch_dag.py
[2022-09-10T17:09:14.792+0000] {processor.py:650} INFO - DAG(s) dict_keys(['example_nested_branch_dag']) retrieved from /home/airflow/.local/lib/python3.7/site-packages/airflow/example_dags/example_nested_branch_dag.py
[2022-09-10T17:09:14.810+0000] {logging_mixin.py:115} INFO - [2022-09-10T17:09:14.810+0000] {dag.py:2429} INFO - Sync 1 DAGs
[2022-09-10T17:09:14.824+0000] {logging_mixin.py:115} INFO - [2022-09-10T17:09:14.824+0000] {dag.py:2981} INFO - Setting next_dagrun for example_nested_branch_dag to 2022-09-09T00:00:00+00:00, run_after=2022-09-10T00:00:00+00:00
[2022-09-10T17:09:14.832+0000] {processor.py:161} INFO - Processing /home/airflow/.local/lib/python3.7/site-packages/airflow/example_dags/example_nested_branch_dag.py took 0.058 seconds
[2022-09-10T17:09:45.577+0000] {processor.py:153} INFO - Started process (PID=431) to work on /home/airflow/.local/lib/python3.7/site-packages/airflow/example_dags/example_nested_branch_dag.py
[2022-09-10T17:09:45.579+0000] {processor.py:640} INFO - Processing file /home/airflow/.local/lib/python3.7/site-packages/airflow/example_dags/example_nested_branch_dag.py for tasks to queue
[2022-09-10T17:09:45.580+0000] {logging_mixin.py:115} INFO - [2022-09-10T17:09:45.580+0000] {dagbag.py:508} INFO - Filling up the DagBag from /home/airflow/.local/lib/python3.7/site-packages/airflow/example_dags/example_nested_branch_dag.py
[2022-09-10T17:09:45.590+0000] {processor.py:650} INFO - DAG(s) dict_keys(['example_nested_branch_dag']) retrieved from /home/airflow/.local/lib/python3.7/site-packages/airflow/example_dags/example_nested_branch_dag.py
[2022-09-10T17:09:45.609+0000] {logging_mixin.py:115} INFO - [2022-09-10T17:09:45.609+0000] {dag.py:2429} INFO - Sync 1 DAGs
[2022-09-10T17:09:45.622+0000] {logging_mixin.py:115} INFO - [2022-09-10T17:09:45.622+0000] {dag.py:2981} INFO - Setting next_dagrun for example_nested_branch_dag to 2022-09-09T00:00:00+00:00, run_after=2022-09-10T00:00:00+00:00
[2022-09-10T17:09:45.629+0000] {processor.py:161} INFO - Processing /home/airflow/.local/lib/python3.7/site-packages/airflow/example_dags/example_nested_branch_dag.py took 0.057 seconds
[2022-09-10T17:10:16.356+0000] {processor.py:153} INFO - Started process (PID=495) to work on /home/airflow/.local/lib/python3.7/site-packages/airflow/example_dags/example_nested_branch_dag.py
[2022-09-10T17:10:16.358+0000] {processor.py:640} INFO - Processing file /home/airflow/.local/lib/python3.7/site-packages/airflow/example_dags/example_nested_branch_dag.py for tasks to queue
[2022-09-10T17:10:16.359+0000] {logging_mixin.py:115} INFO - [2022-09-10T17:10:16.359+0000] {dagbag.py:508} INFO - Filling up the DagBag from /home/airflow/.local/lib/python3.7/site-packages/airflow/example_dags/example_nested_branch_dag.py
[2022-09-10T17:10:16.367+0000] {processor.py:650} INFO - DAG(s) dict_keys(['example_nested_branch_dag']) retrieved from /home/airflow/.local/lib/python3.7/site-packages/airflow/example_dags/example_nested_branch_dag.py
[2022-09-10T17:10:16.386+0000] {logging_mixin.py:115} INFO - [2022-09-10T17:10:16.386+0000] {dag.py:2429} INFO - Sync 1 DAGs
[2022-09-10T17:10:16.400+0000] {logging_mixin.py:115} INFO - [2022-09-10T17:10:16.400+0000] {dag.py:2981} INFO - Setting next_dagrun for example_nested_branch_dag to 2022-09-09T00:00:00+00:00, run_after=2022-09-10T00:00:00+00:00
[2022-09-10T17:10:16.408+0000] {processor.py:161} INFO - Processing /home/airflow/.local/lib/python3.7/site-packages/airflow/example_dags/example_nested_branch_dag.py took 0.055 seconds
[2022-09-10T17:10:47.375+0000] {processor.py:153} INFO - Started process (PID=558) to work on /home/airflow/.local/lib/python3.7/site-packages/airflow/example_dags/example_nested_branch_dag.py
[2022-09-10T17:10:47.376+0000] {processor.py:640} INFO - Processing file /home/airflow/.local/lib/python3.7/site-packages/airflow/example_dags/example_nested_branch_dag.py for tasks to queue
[2022-09-10T17:10:47.377+0000] {logging_mixin.py:115} INFO - [2022-09-10T17:10:47.377+0000] {dagbag.py:508} INFO - Filling up the DagBag from /home/airflow/.local/lib/python3.7/site-packages/airflow/example_dags/example_nested_branch_dag.py
[2022-09-10T17:10:47.384+0000] {processor.py:650} INFO - DAG(s) dict_keys(['example_nested_branch_dag']) retrieved from /home/airflow/.local/lib/python3.7/site-packages/airflow/example_dags/example_nested_branch_dag.py
[2022-09-10T17:10:47.400+0000] {logging_mixin.py:115} INFO - [2022-09-10T17:10:47.400+0000] {dag.py:2429} INFO - Sync 1 DAGs
[2022-09-10T17:10:47.413+0000] {logging_mixin.py:115} INFO - [2022-09-10T17:10:47.413+0000] {dag.py:2981} INFO - Setting next_dagrun for example_nested_branch_dag to 2022-09-09T00:00:00+00:00, run_after=2022-09-10T00:00:00+00:00
[2022-09-10T17:10:47.421+0000] {processor.py:161} INFO - Processing /home/airflow/.local/lib/python3.7/site-packages/airflow/example_dags/example_nested_branch_dag.py took 0.049 seconds
[2022-09-10T17:13:01.763+0000] {processor.py:153} INFO - Started process (PID=59) to work on /home/airflow/.local/lib/python3.7/site-packages/airflow/example_dags/example_nested_branch_dag.py
[2022-09-10T17:13:01.773+0000] {processor.py:640} INFO - Processing file /home/airflow/.local/lib/python3.7/site-packages/airflow/example_dags/example_nested_branch_dag.py for tasks to queue
[2022-09-10T17:13:01.786+0000] {logging_mixin.py:115} INFO - [2022-09-10T17:13:01.785+0000] {dagbag.py:508} INFO - Filling up the DagBag from /home/airflow/.local/lib/python3.7/site-packages/airflow/example_dags/example_nested_branch_dag.py
[2022-09-10T17:13:01.973+0000] {processor.py:650} INFO - DAG(s) dict_keys(['example_nested_branch_dag']) retrieved from /home/airflow/.local/lib/python3.7/site-packages/airflow/example_dags/example_nested_branch_dag.py
[2022-09-10T17:13:02.230+0000] {logging_mixin.py:115} INFO - [2022-09-10T17:13:02.229+0000] {dag.py:2429} INFO - Sync 1 DAGs
[2022-09-10T17:13:02.375+0000] {logging_mixin.py:115} INFO - [2022-09-10T17:13:02.374+0000] {dag.py:2981} INFO - Setting next_dagrun for example_nested_branch_dag to 2022-09-09T00:00:00+00:00, run_after=2022-09-10T00:00:00+00:00
[2022-09-10T17:13:02.450+0000] {processor.py:161} INFO - Processing /home/airflow/.local/lib/python3.7/site-packages/airflow/example_dags/example_nested_branch_dag.py took 0.742 seconds
[2022-09-10T17:13:33.141+0000] {processor.py:153} INFO - Started process (PID=111) to work on /home/airflow/.local/lib/python3.7/site-packages/airflow/example_dags/example_nested_branch_dag.py
[2022-09-10T17:13:33.146+0000] {processor.py:640} INFO - Processing file /home/airflow/.local/lib/python3.7/site-packages/airflow/example_dags/example_nested_branch_dag.py for tasks to queue
[2022-09-10T17:13:33.147+0000] {logging_mixin.py:115} INFO - [2022-09-10T17:13:33.147+0000] {dagbag.py:508} INFO - Filling up the DagBag from /home/airflow/.local/lib/python3.7/site-packages/airflow/example_dags/example_nested_branch_dag.py
[2022-09-10T17:13:33.168+0000] {processor.py:650} INFO - DAG(s) dict_keys(['example_nested_branch_dag']) retrieved from /home/airflow/.local/lib/python3.7/site-packages/airflow/example_dags/example_nested_branch_dag.py
[2022-09-10T17:13:33.212+0000] {logging_mixin.py:115} INFO - [2022-09-10T17:13:33.211+0000] {dag.py:2429} INFO - Sync 1 DAGs
[2022-09-10T17:13:33.243+0000] {logging_mixin.py:115} INFO - [2022-09-10T17:13:33.242+0000] {dag.py:2981} INFO - Setting next_dagrun for example_nested_branch_dag to 2022-09-09T00:00:00+00:00, run_after=2022-09-10T00:00:00+00:00
[2022-09-10T17:13:33.260+0000] {processor.py:161} INFO - Processing /home/airflow/.local/lib/python3.7/site-packages/airflow/example_dags/example_nested_branch_dag.py took 0.122 seconds
[2022-09-10T17:14:03.982+0000] {processor.py:153} INFO - Started process (PID=174) to work on /home/airflow/.local/lib/python3.7/site-packages/airflow/example_dags/example_nested_branch_dag.py
[2022-09-10T17:14:03.985+0000] {processor.py:640} INFO - Processing file /home/airflow/.local/lib/python3.7/site-packages/airflow/example_dags/example_nested_branch_dag.py for tasks to queue
[2022-09-10T17:14:03.986+0000] {logging_mixin.py:115} INFO - [2022-09-10T17:14:03.986+0000] {dagbag.py:508} INFO - Filling up the DagBag from /home/airflow/.local/lib/python3.7/site-packages/airflow/example_dags/example_nested_branch_dag.py
[2022-09-10T17:14:04.000+0000] {processor.py:650} INFO - DAG(s) dict_keys(['example_nested_branch_dag']) retrieved from /home/airflow/.local/lib/python3.7/site-packages/airflow/example_dags/example_nested_branch_dag.py
[2022-09-10T17:14:04.024+0000] {logging_mixin.py:115} INFO - [2022-09-10T17:14:04.024+0000] {dag.py:2429} INFO - Sync 1 DAGs
[2022-09-10T17:14:04.048+0000] {logging_mixin.py:115} INFO - [2022-09-10T17:14:04.048+0000] {dag.py:2981} INFO - Setting next_dagrun for example_nested_branch_dag to 2022-09-09T00:00:00+00:00, run_after=2022-09-10T00:00:00+00:00
[2022-09-10T17:14:04.055+0000] {processor.py:161} INFO - Processing /home/airflow/.local/lib/python3.7/site-packages/airflow/example_dags/example_nested_branch_dag.py took 0.077 seconds
[2022-09-10T17:16:05.072+0000] {processor.py:153} INFO - Started process (PID=63) to work on /home/airflow/.local/lib/python3.7/site-packages/airflow/example_dags/example_nested_branch_dag.py
[2022-09-10T17:16:05.074+0000] {processor.py:640} INFO - Processing file /home/airflow/.local/lib/python3.7/site-packages/airflow/example_dags/example_nested_branch_dag.py for tasks to queue
[2022-09-10T17:16:05.078+0000] {logging_mixin.py:115} INFO - [2022-09-10T17:16:05.077+0000] {dagbag.py:508} INFO - Filling up the DagBag from /home/airflow/.local/lib/python3.7/site-packages/airflow/example_dags/example_nested_branch_dag.py
[2022-09-10T17:16:05.115+0000] {processor.py:650} INFO - DAG(s) dict_keys(['example_nested_branch_dag']) retrieved from /home/airflow/.local/lib/python3.7/site-packages/airflow/example_dags/example_nested_branch_dag.py
[2022-09-10T17:16:05.194+0000] {logging_mixin.py:115} INFO - [2022-09-10T17:16:05.194+0000] {dag.py:2429} INFO - Sync 1 DAGs
[2022-09-10T17:16:05.259+0000] {logging_mixin.py:115} INFO - [2022-09-10T17:16:05.258+0000] {dag.py:2981} INFO - Setting next_dagrun for example_nested_branch_dag to 2022-09-09T00:00:00+00:00, run_after=2022-09-10T00:00:00+00:00
[2022-09-10T17:16:05.288+0000] {processor.py:161} INFO - Processing /home/airflow/.local/lib/python3.7/site-packages/airflow/example_dags/example_nested_branch_dag.py took 0.233 seconds
[2022-09-10T17:16:36.051+0000] {processor.py:153} INFO - Started process (PID=125) to work on /home/airflow/.local/lib/python3.7/site-packages/airflow/example_dags/example_nested_branch_dag.py
[2022-09-10T17:16:36.055+0000] {processor.py:640} INFO - Processing file /home/airflow/.local/lib/python3.7/site-packages/airflow/example_dags/example_nested_branch_dag.py for tasks to queue
[2022-09-10T17:16:36.059+0000] {logging_mixin.py:115} INFO - [2022-09-10T17:16:36.058+0000] {dagbag.py:508} INFO - Filling up the DagBag from /home/airflow/.local/lib/python3.7/site-packages/airflow/example_dags/example_nested_branch_dag.py
[2022-09-10T17:16:36.073+0000] {processor.py:650} INFO - DAG(s) dict_keys(['example_nested_branch_dag']) retrieved from /home/airflow/.local/lib/python3.7/site-packages/airflow/example_dags/example_nested_branch_dag.py
[2022-09-10T17:16:36.094+0000] {logging_mixin.py:115} INFO - [2022-09-10T17:16:36.094+0000] {dag.py:2429} INFO - Sync 1 DAGs
[2022-09-10T17:16:36.109+0000] {logging_mixin.py:115} INFO - [2022-09-10T17:16:36.109+0000] {dag.py:2981} INFO - Setting next_dagrun for example_nested_branch_dag to 2022-09-09T00:00:00+00:00, run_after=2022-09-10T00:00:00+00:00
[2022-09-10T17:16:36.117+0000] {processor.py:161} INFO - Processing /home/airflow/.local/lib/python3.7/site-packages/airflow/example_dags/example_nested_branch_dag.py took 0.070 seconds
[2022-09-10T17:17:06.200+0000] {processor.py:153} INFO - Started process (PID=189) to work on /home/airflow/.local/lib/python3.7/site-packages/airflow/example_dags/example_nested_branch_dag.py
[2022-09-10T17:17:06.201+0000] {processor.py:640} INFO - Processing file /home/airflow/.local/lib/python3.7/site-packages/airflow/example_dags/example_nested_branch_dag.py for tasks to queue
[2022-09-10T17:17:06.202+0000] {logging_mixin.py:115} INFO - [2022-09-10T17:17:06.202+0000] {dagbag.py:508} INFO - Filling up the DagBag from /home/airflow/.local/lib/python3.7/site-packages/airflow/example_dags/example_nested_branch_dag.py
[2022-09-10T17:17:06.213+0000] {processor.py:650} INFO - DAG(s) dict_keys(['example_nested_branch_dag']) retrieved from /home/airflow/.local/lib/python3.7/site-packages/airflow/example_dags/example_nested_branch_dag.py
[2022-09-10T17:17:06.232+0000] {logging_mixin.py:115} INFO - [2022-09-10T17:17:06.231+0000] {dag.py:2429} INFO - Sync 1 DAGs
[2022-09-10T17:17:06.252+0000] {logging_mixin.py:115} INFO - [2022-09-10T17:17:06.252+0000] {dag.py:2981} INFO - Setting next_dagrun for example_nested_branch_dag to 2022-09-09T00:00:00+00:00, run_after=2022-09-10T00:00:00+00:00
[2022-09-10T17:17:06.269+0000] {processor.py:161} INFO - Processing /home/airflow/.local/lib/python3.7/site-packages/airflow/example_dags/example_nested_branch_dag.py took 0.071 seconds
[2022-09-10T17:17:36.383+0000] {processor.py:153} INFO - Started process (PID=243) to work on /home/airflow/.local/lib/python3.7/site-packages/airflow/example_dags/example_nested_branch_dag.py
[2022-09-10T17:17:36.386+0000] {processor.py:640} INFO - Processing file /home/airflow/.local/lib/python3.7/site-packages/airflow/example_dags/example_nested_branch_dag.py for tasks to queue
[2022-09-10T17:17:36.387+0000] {logging_mixin.py:115} INFO - [2022-09-10T17:17:36.387+0000] {dagbag.py:508} INFO - Filling up the DagBag from /home/airflow/.local/lib/python3.7/site-packages/airflow/example_dags/example_nested_branch_dag.py
[2022-09-10T17:17:36.399+0000] {processor.py:650} INFO - DAG(s) dict_keys(['example_nested_branch_dag']) retrieved from /home/airflow/.local/lib/python3.7/site-packages/airflow/example_dags/example_nested_branch_dag.py
[2022-09-10T17:17:36.433+0000] {logging_mixin.py:115} INFO - [2022-09-10T17:17:36.433+0000] {dag.py:2429} INFO - Sync 1 DAGs
[2022-09-10T17:17:36.453+0000] {logging_mixin.py:115} INFO - [2022-09-10T17:17:36.453+0000] {dag.py:2981} INFO - Setting next_dagrun for example_nested_branch_dag to 2022-09-09T00:00:00+00:00, run_after=2022-09-10T00:00:00+00:00
[2022-09-10T17:17:36.464+0000] {processor.py:161} INFO - Processing /home/airflow/.local/lib/python3.7/site-packages/airflow/example_dags/example_nested_branch_dag.py took 0.085 seconds
[2022-09-10T17:18:06.659+0000] {processor.py:153} INFO - Started process (PID=306) to work on /home/airflow/.local/lib/python3.7/site-packages/airflow/example_dags/example_nested_branch_dag.py
[2022-09-10T17:18:06.662+0000] {processor.py:640} INFO - Processing file /home/airflow/.local/lib/python3.7/site-packages/airflow/example_dags/example_nested_branch_dag.py for tasks to queue
[2022-09-10T17:18:06.664+0000] {logging_mixin.py:115} INFO - [2022-09-10T17:18:06.663+0000] {dagbag.py:508} INFO - Filling up the DagBag from /home/airflow/.local/lib/python3.7/site-packages/airflow/example_dags/example_nested_branch_dag.py
[2022-09-10T17:18:06.674+0000] {processor.py:650} INFO - DAG(s) dict_keys(['example_nested_branch_dag']) retrieved from /home/airflow/.local/lib/python3.7/site-packages/airflow/example_dags/example_nested_branch_dag.py
[2022-09-10T17:18:06.695+0000] {logging_mixin.py:115} INFO - [2022-09-10T17:18:06.695+0000] {dag.py:2429} INFO - Sync 1 DAGs
[2022-09-10T17:18:06.709+0000] {logging_mixin.py:115} INFO - [2022-09-10T17:18:06.709+0000] {dag.py:2981} INFO - Setting next_dagrun for example_nested_branch_dag to 2022-09-09T00:00:00+00:00, run_after=2022-09-10T00:00:00+00:00
[2022-09-10T17:18:06.716+0000] {processor.py:161} INFO - Processing /home/airflow/.local/lib/python3.7/site-packages/airflow/example_dags/example_nested_branch_dag.py took 0.061 seconds
[2022-09-10T17:18:37.616+0000] {processor.py:153} INFO - Started process (PID=369) to work on /home/airflow/.local/lib/python3.7/site-packages/airflow/example_dags/example_nested_branch_dag.py
[2022-09-10T17:18:37.618+0000] {processor.py:640} INFO - Processing file /home/airflow/.local/lib/python3.7/site-packages/airflow/example_dags/example_nested_branch_dag.py for tasks to queue
[2022-09-10T17:18:37.619+0000] {logging_mixin.py:115} INFO - [2022-09-10T17:18:37.619+0000] {dagbag.py:508} INFO - Filling up the DagBag from /home/airflow/.local/lib/python3.7/site-packages/airflow/example_dags/example_nested_branch_dag.py
[2022-09-10T17:18:37.628+0000] {processor.py:650} INFO - DAG(s) dict_keys(['example_nested_branch_dag']) retrieved from /home/airflow/.local/lib/python3.7/site-packages/airflow/example_dags/example_nested_branch_dag.py
[2022-09-10T17:18:37.648+0000] {logging_mixin.py:115} INFO - [2022-09-10T17:18:37.648+0000] {dag.py:2429} INFO - Sync 1 DAGs
[2022-09-10T17:18:37.666+0000] {logging_mixin.py:115} INFO - [2022-09-10T17:18:37.666+0000] {dag.py:2981} INFO - Setting next_dagrun for example_nested_branch_dag to 2022-09-09T00:00:00+00:00, run_after=2022-09-10T00:00:00+00:00
[2022-09-10T17:18:37.675+0000] {processor.py:161} INFO - Processing /home/airflow/.local/lib/python3.7/site-packages/airflow/example_dags/example_nested_branch_dag.py took 0.062 seconds
[2022-09-10T17:19:07.907+0000] {processor.py:153} INFO - Started process (PID=432) to work on /home/airflow/.local/lib/python3.7/site-packages/airflow/example_dags/example_nested_branch_dag.py
[2022-09-10T17:19:07.909+0000] {processor.py:640} INFO - Processing file /home/airflow/.local/lib/python3.7/site-packages/airflow/example_dags/example_nested_branch_dag.py for tasks to queue
[2022-09-10T17:19:07.910+0000] {logging_mixin.py:115} INFO - [2022-09-10T17:19:07.910+0000] {dagbag.py:508} INFO - Filling up the DagBag from /home/airflow/.local/lib/python3.7/site-packages/airflow/example_dags/example_nested_branch_dag.py
[2022-09-10T17:19:07.916+0000] {processor.py:650} INFO - DAG(s) dict_keys(['example_nested_branch_dag']) retrieved from /home/airflow/.local/lib/python3.7/site-packages/airflow/example_dags/example_nested_branch_dag.py
[2022-09-10T17:19:07.939+0000] {logging_mixin.py:115} INFO - [2022-09-10T17:19:07.938+0000] {dag.py:2429} INFO - Sync 1 DAGs
[2022-09-10T17:19:07.955+0000] {logging_mixin.py:115} INFO - [2022-09-10T17:19:07.955+0000] {dag.py:2981} INFO - Setting next_dagrun for example_nested_branch_dag to 2022-09-09T00:00:00+00:00, run_after=2022-09-10T00:00:00+00:00
[2022-09-10T17:19:07.964+0000] {processor.py:161} INFO - Processing /home/airflow/.local/lib/python3.7/site-packages/airflow/example_dags/example_nested_branch_dag.py took 0.059 seconds
[2022-09-10T17:19:38.128+0000] {processor.py:153} INFO - Started process (PID=494) to work on /home/airflow/.local/lib/python3.7/site-packages/airflow/example_dags/example_nested_branch_dag.py
[2022-09-10T17:19:38.130+0000] {processor.py:640} INFO - Processing file /home/airflow/.local/lib/python3.7/site-packages/airflow/example_dags/example_nested_branch_dag.py for tasks to queue
[2022-09-10T17:19:38.131+0000] {logging_mixin.py:115} INFO - [2022-09-10T17:19:38.131+0000] {dagbag.py:508} INFO - Filling up the DagBag from /home/airflow/.local/lib/python3.7/site-packages/airflow/example_dags/example_nested_branch_dag.py
[2022-09-10T17:19:38.138+0000] {processor.py:650} INFO - DAG(s) dict_keys(['example_nested_branch_dag']) retrieved from /home/airflow/.local/lib/python3.7/site-packages/airflow/example_dags/example_nested_branch_dag.py
[2022-09-10T17:19:38.156+0000] {logging_mixin.py:115} INFO - [2022-09-10T17:19:38.156+0000] {dag.py:2429} INFO - Sync 1 DAGs
[2022-09-10T17:19:38.172+0000] {logging_mixin.py:115} INFO - [2022-09-10T17:19:38.172+0000] {dag.py:2981} INFO - Setting next_dagrun for example_nested_branch_dag to 2022-09-09T00:00:00+00:00, run_after=2022-09-10T00:00:00+00:00
[2022-09-10T17:19:38.183+0000] {processor.py:161} INFO - Processing /home/airflow/.local/lib/python3.7/site-packages/airflow/example_dags/example_nested_branch_dag.py took 0.057 seconds
[2022-09-10T17:20:08.428+0000] {processor.py:153} INFO - Started process (PID=549) to work on /home/airflow/.local/lib/python3.7/site-packages/airflow/example_dags/example_nested_branch_dag.py
[2022-09-10T17:20:08.431+0000] {processor.py:640} INFO - Processing file /home/airflow/.local/lib/python3.7/site-packages/airflow/example_dags/example_nested_branch_dag.py for tasks to queue
[2022-09-10T17:20:08.434+0000] {logging_mixin.py:115} INFO - [2022-09-10T17:20:08.434+0000] {dagbag.py:508} INFO - Filling up the DagBag from /home/airflow/.local/lib/python3.7/site-packages/airflow/example_dags/example_nested_branch_dag.py
[2022-09-10T17:20:08.446+0000] {processor.py:650} INFO - DAG(s) dict_keys(['example_nested_branch_dag']) retrieved from /home/airflow/.local/lib/python3.7/site-packages/airflow/example_dags/example_nested_branch_dag.py
[2022-09-10T17:20:08.475+0000] {logging_mixin.py:115} INFO - [2022-09-10T17:20:08.475+0000] {dag.py:2429} INFO - Sync 1 DAGs
[2022-09-10T17:20:08.499+0000] {logging_mixin.py:115} INFO - [2022-09-10T17:20:08.498+0000] {dag.py:2981} INFO - Setting next_dagrun for example_nested_branch_dag to 2022-09-09T00:00:00+00:00, run_after=2022-09-10T00:00:00+00:00
[2022-09-10T17:20:08.508+0000] {processor.py:161} INFO - Processing /home/airflow/.local/lib/python3.7/site-packages/airflow/example_dags/example_nested_branch_dag.py took 0.083 seconds
[2022-09-10T17:20:39.499+0000] {processor.py:153} INFO - Started process (PID=612) to work on /home/airflow/.local/lib/python3.7/site-packages/airflow/example_dags/example_nested_branch_dag.py
[2022-09-10T17:20:39.501+0000] {processor.py:640} INFO - Processing file /home/airflow/.local/lib/python3.7/site-packages/airflow/example_dags/example_nested_branch_dag.py for tasks to queue
[2022-09-10T17:20:39.503+0000] {logging_mixin.py:115} INFO - [2022-09-10T17:20:39.503+0000] {dagbag.py:508} INFO - Filling up the DagBag from /home/airflow/.local/lib/python3.7/site-packages/airflow/example_dags/example_nested_branch_dag.py
[2022-09-10T17:20:39.510+0000] {processor.py:650} INFO - DAG(s) dict_keys(['example_nested_branch_dag']) retrieved from /home/airflow/.local/lib/python3.7/site-packages/airflow/example_dags/example_nested_branch_dag.py
[2022-09-10T17:20:39.529+0000] {logging_mixin.py:115} INFO - [2022-09-10T17:20:39.529+0000] {dag.py:2429} INFO - Sync 1 DAGs
[2022-09-10T17:20:39.543+0000] {logging_mixin.py:115} INFO - [2022-09-10T17:20:39.543+0000] {dag.py:2981} INFO - Setting next_dagrun for example_nested_branch_dag to 2022-09-09T00:00:00+00:00, run_after=2022-09-10T00:00:00+00:00
[2022-09-10T17:20:39.552+0000] {processor.py:161} INFO - Processing /home/airflow/.local/lib/python3.7/site-packages/airflow/example_dags/example_nested_branch_dag.py took 0.055 seconds
[2022-09-10T17:21:09.697+0000] {processor.py:153} INFO - Started process (PID=675) to work on /home/airflow/.local/lib/python3.7/site-packages/airflow/example_dags/example_nested_branch_dag.py
[2022-09-10T17:21:09.698+0000] {processor.py:640} INFO - Processing file /home/airflow/.local/lib/python3.7/site-packages/airflow/example_dags/example_nested_branch_dag.py for tasks to queue
[2022-09-10T17:21:09.699+0000] {logging_mixin.py:115} INFO - [2022-09-10T17:21:09.699+0000] {dagbag.py:508} INFO - Filling up the DagBag from /home/airflow/.local/lib/python3.7/site-packages/airflow/example_dags/example_nested_branch_dag.py
[2022-09-10T17:21:09.707+0000] {processor.py:650} INFO - DAG(s) dict_keys(['example_nested_branch_dag']) retrieved from /home/airflow/.local/lib/python3.7/site-packages/airflow/example_dags/example_nested_branch_dag.py
[2022-09-10T17:21:09.724+0000] {logging_mixin.py:115} INFO - [2022-09-10T17:21:09.724+0000] {dag.py:2429} INFO - Sync 1 DAGs
[2022-09-10T17:21:09.739+0000] {logging_mixin.py:115} INFO - [2022-09-10T17:21:09.739+0000] {dag.py:2981} INFO - Setting next_dagrun for example_nested_branch_dag to 2022-09-09T00:00:00+00:00, run_after=2022-09-10T00:00:00+00:00
[2022-09-10T17:21:09.748+0000] {processor.py:161} INFO - Processing /home/airflow/.local/lib/python3.7/site-packages/airflow/example_dags/example_nested_branch_dag.py took 0.054 seconds
[2022-09-10T17:21:41.366+0000] {processor.py:153} INFO - Started process (PID=738) to work on /home/airflow/.local/lib/python3.7/site-packages/airflow/example_dags/example_nested_branch_dag.py
[2022-09-10T17:21:41.371+0000] {processor.py:640} INFO - Processing file /home/airflow/.local/lib/python3.7/site-packages/airflow/example_dags/example_nested_branch_dag.py for tasks to queue
[2022-09-10T17:21:41.374+0000] {logging_mixin.py:115} INFO - [2022-09-10T17:21:41.374+0000] {dagbag.py:508} INFO - Filling up the DagBag from /home/airflow/.local/lib/python3.7/site-packages/airflow/example_dags/example_nested_branch_dag.py
[2022-09-10T17:21:41.389+0000] {processor.py:650} INFO - DAG(s) dict_keys(['example_nested_branch_dag']) retrieved from /home/airflow/.local/lib/python3.7/site-packages/airflow/example_dags/example_nested_branch_dag.py
[2022-09-10T17:21:41.409+0000] {logging_mixin.py:115} INFO - [2022-09-10T17:21:41.409+0000] {dag.py:2429} INFO - Sync 1 DAGs
[2022-09-10T17:21:41.428+0000] {logging_mixin.py:115} INFO - [2022-09-10T17:21:41.428+0000] {dag.py:2981} INFO - Setting next_dagrun for example_nested_branch_dag to 2022-09-09T00:00:00+00:00, run_after=2022-09-10T00:00:00+00:00
[2022-09-10T17:21:41.441+0000] {processor.py:161} INFO - Processing /home/airflow/.local/lib/python3.7/site-packages/airflow/example_dags/example_nested_branch_dag.py took 0.079 seconds
[2022-09-10T17:22:11.606+0000] {processor.py:153} INFO - Started process (PID=801) to work on /home/airflow/.local/lib/python3.7/site-packages/airflow/example_dags/example_nested_branch_dag.py
[2022-09-10T17:22:11.608+0000] {processor.py:640} INFO - Processing file /home/airflow/.local/lib/python3.7/site-packages/airflow/example_dags/example_nested_branch_dag.py for tasks to queue
[2022-09-10T17:22:11.609+0000] {logging_mixin.py:115} INFO - [2022-09-10T17:22:11.609+0000] {dagbag.py:508} INFO - Filling up the DagBag from /home/airflow/.local/lib/python3.7/site-packages/airflow/example_dags/example_nested_branch_dag.py
[2022-09-10T17:22:11.616+0000] {processor.py:650} INFO - DAG(s) dict_keys(['example_nested_branch_dag']) retrieved from /home/airflow/.local/lib/python3.7/site-packages/airflow/example_dags/example_nested_branch_dag.py
[2022-09-10T17:22:11.638+0000] {logging_mixin.py:115} INFO - [2022-09-10T17:22:11.638+0000] {dag.py:2429} INFO - Sync 1 DAGs
[2022-09-10T17:22:11.657+0000] {logging_mixin.py:115} INFO - [2022-09-10T17:22:11.657+0000] {dag.py:2981} INFO - Setting next_dagrun for example_nested_branch_dag to 2022-09-09T00:00:00+00:00, run_after=2022-09-10T00:00:00+00:00
[2022-09-10T17:22:11.665+0000] {processor.py:161} INFO - Processing /home/airflow/.local/lib/python3.7/site-packages/airflow/example_dags/example_nested_branch_dag.py took 0.061 seconds
[2022-09-10T17:22:42.260+0000] {processor.py:153} INFO - Started process (PID=866) to work on /home/airflow/.local/lib/python3.7/site-packages/airflow/example_dags/example_nested_branch_dag.py
[2022-09-10T17:22:42.262+0000] {processor.py:640} INFO - Processing file /home/airflow/.local/lib/python3.7/site-packages/airflow/example_dags/example_nested_branch_dag.py for tasks to queue
[2022-09-10T17:22:42.263+0000] {logging_mixin.py:115} INFO - [2022-09-10T17:22:42.263+0000] {dagbag.py:508} INFO - Filling up the DagBag from /home/airflow/.local/lib/python3.7/site-packages/airflow/example_dags/example_nested_branch_dag.py
[2022-09-10T17:22:42.270+0000] {processor.py:650} INFO - DAG(s) dict_keys(['example_nested_branch_dag']) retrieved from /home/airflow/.local/lib/python3.7/site-packages/airflow/example_dags/example_nested_branch_dag.py
[2022-09-10T17:22:42.293+0000] {logging_mixin.py:115} INFO - [2022-09-10T17:22:42.293+0000] {dag.py:2429} INFO - Sync 1 DAGs
[2022-09-10T17:22:42.315+0000] {logging_mixin.py:115} INFO - [2022-09-10T17:22:42.314+0000] {dag.py:2981} INFO - Setting next_dagrun for example_nested_branch_dag to 2022-09-09T00:00:00+00:00, run_after=2022-09-10T00:00:00+00:00
[2022-09-10T17:22:42.324+0000] {processor.py:161} INFO - Processing /home/airflow/.local/lib/python3.7/site-packages/airflow/example_dags/example_nested_branch_dag.py took 0.066 seconds
[2022-09-10T17:23:13.219+0000] {processor.py:153} INFO - Started process (PID=920) to work on /home/airflow/.local/lib/python3.7/site-packages/airflow/example_dags/example_nested_branch_dag.py
[2022-09-10T17:23:13.223+0000] {processor.py:640} INFO - Processing file /home/airflow/.local/lib/python3.7/site-packages/airflow/example_dags/example_nested_branch_dag.py for tasks to queue
[2022-09-10T17:23:13.224+0000] {logging_mixin.py:115} INFO - [2022-09-10T17:23:13.224+0000] {dagbag.py:508} INFO - Filling up the DagBag from /home/airflow/.local/lib/python3.7/site-packages/airflow/example_dags/example_nested_branch_dag.py
[2022-09-10T17:23:13.233+0000] {processor.py:650} INFO - DAG(s) dict_keys(['example_nested_branch_dag']) retrieved from /home/airflow/.local/lib/python3.7/site-packages/airflow/example_dags/example_nested_branch_dag.py
[2022-09-10T17:23:13.250+0000] {logging_mixin.py:115} INFO - [2022-09-10T17:23:13.250+0000] {dag.py:2429} INFO - Sync 1 DAGs
[2022-09-10T17:23:13.267+0000] {logging_mixin.py:115} INFO - [2022-09-10T17:23:13.267+0000] {dag.py:2981} INFO - Setting next_dagrun for example_nested_branch_dag to 2022-09-09T00:00:00+00:00, run_after=2022-09-10T00:00:00+00:00
[2022-09-10T17:23:13.276+0000] {processor.py:161} INFO - Processing /home/airflow/.local/lib/python3.7/site-packages/airflow/example_dags/example_nested_branch_dag.py took 0.060 seconds
[2022-09-10T17:23:44.163+0000] {processor.py:153} INFO - Started process (PID=983) to work on /home/airflow/.local/lib/python3.7/site-packages/airflow/example_dags/example_nested_branch_dag.py
[2022-09-10T17:23:44.164+0000] {processor.py:640} INFO - Processing file /home/airflow/.local/lib/python3.7/site-packages/airflow/example_dags/example_nested_branch_dag.py for tasks to queue
[2022-09-10T17:23:44.165+0000] {logging_mixin.py:115} INFO - [2022-09-10T17:23:44.165+0000] {dagbag.py:508} INFO - Filling up the DagBag from /home/airflow/.local/lib/python3.7/site-packages/airflow/example_dags/example_nested_branch_dag.py
[2022-09-10T17:23:44.172+0000] {processor.py:650} INFO - DAG(s) dict_keys(['example_nested_branch_dag']) retrieved from /home/airflow/.local/lib/python3.7/site-packages/airflow/example_dags/example_nested_branch_dag.py
[2022-09-10T17:23:44.190+0000] {logging_mixin.py:115} INFO - [2022-09-10T17:23:44.190+0000] {dag.py:2429} INFO - Sync 1 DAGs
[2022-09-10T17:23:44.204+0000] {logging_mixin.py:115} INFO - [2022-09-10T17:23:44.204+0000] {dag.py:2981} INFO - Setting next_dagrun for example_nested_branch_dag to 2022-09-09T00:00:00+00:00, run_after=2022-09-10T00:00:00+00:00
[2022-09-10T17:23:44.212+0000] {processor.py:161} INFO - Processing /home/airflow/.local/lib/python3.7/site-packages/airflow/example_dags/example_nested_branch_dag.py took 0.051 seconds
[2022-09-10T17:24:15.301+0000] {processor.py:153} INFO - Started process (PID=1046) to work on /home/airflow/.local/lib/python3.7/site-packages/airflow/example_dags/example_nested_branch_dag.py
[2022-09-10T17:24:15.303+0000] {processor.py:640} INFO - Processing file /home/airflow/.local/lib/python3.7/site-packages/airflow/example_dags/example_nested_branch_dag.py for tasks to queue
[2022-09-10T17:24:15.304+0000] {logging_mixin.py:115} INFO - [2022-09-10T17:24:15.304+0000] {dagbag.py:508} INFO - Filling up the DagBag from /home/airflow/.local/lib/python3.7/site-packages/airflow/example_dags/example_nested_branch_dag.py
[2022-09-10T17:24:15.312+0000] {processor.py:650} INFO - DAG(s) dict_keys(['example_nested_branch_dag']) retrieved from /home/airflow/.local/lib/python3.7/site-packages/airflow/example_dags/example_nested_branch_dag.py
[2022-09-10T17:24:15.331+0000] {logging_mixin.py:115} INFO - [2022-09-10T17:24:15.331+0000] {dag.py:2429} INFO - Sync 1 DAGs
[2022-09-10T17:24:15.347+0000] {logging_mixin.py:115} INFO - [2022-09-10T17:24:15.347+0000] {dag.py:2981} INFO - Setting next_dagrun for example_nested_branch_dag to 2022-09-09T00:00:00+00:00, run_after=2022-09-10T00:00:00+00:00
[2022-09-10T17:24:15.354+0000] {processor.py:161} INFO - Processing /home/airflow/.local/lib/python3.7/site-packages/airflow/example_dags/example_nested_branch_dag.py took 0.056 seconds
[2022-09-10T17:24:46.078+0000] {processor.py:153} INFO - Started process (PID=1109) to work on /home/airflow/.local/lib/python3.7/site-packages/airflow/example_dags/example_nested_branch_dag.py
[2022-09-10T17:24:46.080+0000] {processor.py:640} INFO - Processing file /home/airflow/.local/lib/python3.7/site-packages/airflow/example_dags/example_nested_branch_dag.py for tasks to queue
[2022-09-10T17:24:46.081+0000] {logging_mixin.py:115} INFO - [2022-09-10T17:24:46.081+0000] {dagbag.py:508} INFO - Filling up the DagBag from /home/airflow/.local/lib/python3.7/site-packages/airflow/example_dags/example_nested_branch_dag.py
[2022-09-10T17:24:46.089+0000] {processor.py:650} INFO - DAG(s) dict_keys(['example_nested_branch_dag']) retrieved from /home/airflow/.local/lib/python3.7/site-packages/airflow/example_dags/example_nested_branch_dag.py
[2022-09-10T17:24:46.105+0000] {logging_mixin.py:115} INFO - [2022-09-10T17:24:46.105+0000] {dag.py:2429} INFO - Sync 1 DAGs
[2022-09-10T17:24:46.118+0000] {logging_mixin.py:115} INFO - [2022-09-10T17:24:46.118+0000] {dag.py:2981} INFO - Setting next_dagrun for example_nested_branch_dag to 2022-09-09T00:00:00+00:00, run_after=2022-09-10T00:00:00+00:00
[2022-09-10T17:24:46.125+0000] {processor.py:161} INFO - Processing /home/airflow/.local/lib/python3.7/site-packages/airflow/example_dags/example_nested_branch_dag.py took 0.049 seconds
[2022-09-10T17:25:16.891+0000] {processor.py:153} INFO - Started process (PID=1171) to work on /home/airflow/.local/lib/python3.7/site-packages/airflow/example_dags/example_nested_branch_dag.py
[2022-09-10T17:25:16.892+0000] {processor.py:640} INFO - Processing file /home/airflow/.local/lib/python3.7/site-packages/airflow/example_dags/example_nested_branch_dag.py for tasks to queue
[2022-09-10T17:25:16.894+0000] {logging_mixin.py:115} INFO - [2022-09-10T17:25:16.894+0000] {dagbag.py:508} INFO - Filling up the DagBag from /home/airflow/.local/lib/python3.7/site-packages/airflow/example_dags/example_nested_branch_dag.py
[2022-09-10T17:25:16.901+0000] {processor.py:650} INFO - DAG(s) dict_keys(['example_nested_branch_dag']) retrieved from /home/airflow/.local/lib/python3.7/site-packages/airflow/example_dags/example_nested_branch_dag.py
[2022-09-10T17:25:16.917+0000] {logging_mixin.py:115} INFO - [2022-09-10T17:25:16.917+0000] {dag.py:2429} INFO - Sync 1 DAGs
[2022-09-10T17:25:16.930+0000] {logging_mixin.py:115} INFO - [2022-09-10T17:25:16.930+0000] {dag.py:2981} INFO - Setting next_dagrun for example_nested_branch_dag to 2022-09-09T00:00:00+00:00, run_after=2022-09-10T00:00:00+00:00
[2022-09-10T17:25:16.939+0000] {processor.py:161} INFO - Processing /home/airflow/.local/lib/python3.7/site-packages/airflow/example_dags/example_nested_branch_dag.py took 0.050 seconds
[2022-09-10T17:25:47.880+0000] {processor.py:153} INFO - Started process (PID=1235) to work on /home/airflow/.local/lib/python3.7/site-packages/airflow/example_dags/example_nested_branch_dag.py
[2022-09-10T17:25:47.881+0000] {processor.py:640} INFO - Processing file /home/airflow/.local/lib/python3.7/site-packages/airflow/example_dags/example_nested_branch_dag.py for tasks to queue
[2022-09-10T17:25:47.882+0000] {logging_mixin.py:115} INFO - [2022-09-10T17:25:47.882+0000] {dagbag.py:508} INFO - Filling up the DagBag from /home/airflow/.local/lib/python3.7/site-packages/airflow/example_dags/example_nested_branch_dag.py
[2022-09-10T17:25:47.889+0000] {processor.py:650} INFO - DAG(s) dict_keys(['example_nested_branch_dag']) retrieved from /home/airflow/.local/lib/python3.7/site-packages/airflow/example_dags/example_nested_branch_dag.py
[2022-09-10T17:25:47.908+0000] {logging_mixin.py:115} INFO - [2022-09-10T17:25:47.908+0000] {dag.py:2429} INFO - Sync 1 DAGs
[2022-09-10T17:25:47.945+0000] {logging_mixin.py:115} INFO - [2022-09-10T17:25:47.945+0000] {dag.py:2981} INFO - Setting next_dagrun for example_nested_branch_dag to 2022-09-09T00:00:00+00:00, run_after=2022-09-10T00:00:00+00:00
[2022-09-10T17:25:47.974+0000] {processor.py:161} INFO - Processing /home/airflow/.local/lib/python3.7/site-packages/airflow/example_dags/example_nested_branch_dag.py took 0.098 seconds
[2022-09-10T17:26:18.084+0000] {processor.py:153} INFO - Started process (PID=1289) to work on /home/airflow/.local/lib/python3.7/site-packages/airflow/example_dags/example_nested_branch_dag.py
[2022-09-10T17:26:18.086+0000] {processor.py:640} INFO - Processing file /home/airflow/.local/lib/python3.7/site-packages/airflow/example_dags/example_nested_branch_dag.py for tasks to queue
[2022-09-10T17:26:18.087+0000] {logging_mixin.py:115} INFO - [2022-09-10T17:26:18.087+0000] {dagbag.py:508} INFO - Filling up the DagBag from /home/airflow/.local/lib/python3.7/site-packages/airflow/example_dags/example_nested_branch_dag.py
[2022-09-10T17:26:18.094+0000] {processor.py:650} INFO - DAG(s) dict_keys(['example_nested_branch_dag']) retrieved from /home/airflow/.local/lib/python3.7/site-packages/airflow/example_dags/example_nested_branch_dag.py
[2022-09-10T17:26:18.112+0000] {logging_mixin.py:115} INFO - [2022-09-10T17:26:18.111+0000] {dag.py:2429} INFO - Sync 1 DAGs
[2022-09-10T17:26:18.126+0000] {logging_mixin.py:115} INFO - [2022-09-10T17:26:18.126+0000] {dag.py:2981} INFO - Setting next_dagrun for example_nested_branch_dag to 2022-09-09T00:00:00+00:00, run_after=2022-09-10T00:00:00+00:00
[2022-09-10T17:26:18.134+0000] {processor.py:161} INFO - Processing /home/airflow/.local/lib/python3.7/site-packages/airflow/example_dags/example_nested_branch_dag.py took 0.052 seconds
[2022-09-10T17:26:49.183+0000] {processor.py:153} INFO - Started process (PID=1352) to work on /home/airflow/.local/lib/python3.7/site-packages/airflow/example_dags/example_nested_branch_dag.py
[2022-09-10T17:26:49.184+0000] {processor.py:640} INFO - Processing file /home/airflow/.local/lib/python3.7/site-packages/airflow/example_dags/example_nested_branch_dag.py for tasks to queue
[2022-09-10T17:26:49.185+0000] {logging_mixin.py:115} INFO - [2022-09-10T17:26:49.185+0000] {dagbag.py:508} INFO - Filling up the DagBag from /home/airflow/.local/lib/python3.7/site-packages/airflow/example_dags/example_nested_branch_dag.py
[2022-09-10T17:26:49.193+0000] {processor.py:650} INFO - DAG(s) dict_keys(['example_nested_branch_dag']) retrieved from /home/airflow/.local/lib/python3.7/site-packages/airflow/example_dags/example_nested_branch_dag.py
[2022-09-10T17:26:49.210+0000] {logging_mixin.py:115} INFO - [2022-09-10T17:26:49.210+0000] {dag.py:2429} INFO - Sync 1 DAGs
[2022-09-10T17:26:49.228+0000] {logging_mixin.py:115} INFO - [2022-09-10T17:26:49.227+0000] {dag.py:2981} INFO - Setting next_dagrun for example_nested_branch_dag to 2022-09-09T00:00:00+00:00, run_after=2022-09-10T00:00:00+00:00
[2022-09-10T17:26:49.236+0000] {processor.py:161} INFO - Processing /home/airflow/.local/lib/python3.7/site-packages/airflow/example_dags/example_nested_branch_dag.py took 0.056 seconds
[2022-09-10T17:27:20.462+0000] {processor.py:153} INFO - Started process (PID=1416) to work on /home/airflow/.local/lib/python3.7/site-packages/airflow/example_dags/example_nested_branch_dag.py
[2022-09-10T17:27:20.463+0000] {processor.py:640} INFO - Processing file /home/airflow/.local/lib/python3.7/site-packages/airflow/example_dags/example_nested_branch_dag.py for tasks to queue
[2022-09-10T17:27:20.464+0000] {logging_mixin.py:115} INFO - [2022-09-10T17:27:20.464+0000] {dagbag.py:508} INFO - Filling up the DagBag from /home/airflow/.local/lib/python3.7/site-packages/airflow/example_dags/example_nested_branch_dag.py
[2022-09-10T17:27:20.471+0000] {processor.py:650} INFO - DAG(s) dict_keys(['example_nested_branch_dag']) retrieved from /home/airflow/.local/lib/python3.7/site-packages/airflow/example_dags/example_nested_branch_dag.py
[2022-09-10T17:27:20.488+0000] {logging_mixin.py:115} INFO - [2022-09-10T17:27:20.487+0000] {dag.py:2429} INFO - Sync 1 DAGs
[2022-09-10T17:27:20.503+0000] {logging_mixin.py:115} INFO - [2022-09-10T17:27:20.503+0000] {dag.py:2981} INFO - Setting next_dagrun for example_nested_branch_dag to 2022-09-09T00:00:00+00:00, run_after=2022-09-10T00:00:00+00:00
[2022-09-10T17:27:20.510+0000] {processor.py:161} INFO - Processing /home/airflow/.local/lib/python3.7/site-packages/airflow/example_dags/example_nested_branch_dag.py took 0.050 seconds
[2022-09-10T17:27:51.618+0000] {processor.py:153} INFO - Started process (PID=1481) to work on /home/airflow/.local/lib/python3.7/site-packages/airflow/example_dags/example_nested_branch_dag.py
[2022-09-10T17:27:51.620+0000] {processor.py:640} INFO - Processing file /home/airflow/.local/lib/python3.7/site-packages/airflow/example_dags/example_nested_branch_dag.py for tasks to queue
[2022-09-10T17:27:51.621+0000] {logging_mixin.py:115} INFO - [2022-09-10T17:27:51.621+0000] {dagbag.py:508} INFO - Filling up the DagBag from /home/airflow/.local/lib/python3.7/site-packages/airflow/example_dags/example_nested_branch_dag.py
[2022-09-10T17:27:51.628+0000] {processor.py:650} INFO - DAG(s) dict_keys(['example_nested_branch_dag']) retrieved from /home/airflow/.local/lib/python3.7/site-packages/airflow/example_dags/example_nested_branch_dag.py
[2022-09-10T17:27:51.646+0000] {logging_mixin.py:115} INFO - [2022-09-10T17:27:51.646+0000] {dag.py:2429} INFO - Sync 1 DAGs
[2022-09-10T17:27:51.661+0000] {logging_mixin.py:115} INFO - [2022-09-10T17:27:51.661+0000] {dag.py:2981} INFO - Setting next_dagrun for example_nested_branch_dag to 2022-09-09T00:00:00+00:00, run_after=2022-09-10T00:00:00+00:00
[2022-09-10T17:27:51.670+0000] {processor.py:161} INFO - Processing /home/airflow/.local/lib/python3.7/site-packages/airflow/example_dags/example_nested_branch_dag.py took 0.054 seconds
[2022-09-10T17:28:21.771+0000] {processor.py:153} INFO - Started process (PID=1544) to work on /home/airflow/.local/lib/python3.7/site-packages/airflow/example_dags/example_nested_branch_dag.py
[2022-09-10T17:28:21.773+0000] {processor.py:640} INFO - Processing file /home/airflow/.local/lib/python3.7/site-packages/airflow/example_dags/example_nested_branch_dag.py for tasks to queue
[2022-09-10T17:28:21.774+0000] {logging_mixin.py:115} INFO - [2022-09-10T17:28:21.774+0000] {dagbag.py:508} INFO - Filling up the DagBag from /home/airflow/.local/lib/python3.7/site-packages/airflow/example_dags/example_nested_branch_dag.py
[2022-09-10T17:28:21.781+0000] {processor.py:650} INFO - DAG(s) dict_keys(['example_nested_branch_dag']) retrieved from /home/airflow/.local/lib/python3.7/site-packages/airflow/example_dags/example_nested_branch_dag.py
[2022-09-10T17:28:21.799+0000] {logging_mixin.py:115} INFO - [2022-09-10T17:28:21.799+0000] {dag.py:2429} INFO - Sync 1 DAGs
[2022-09-10T17:28:21.818+0000] {logging_mixin.py:115} INFO - [2022-09-10T17:28:21.818+0000] {dag.py:2981} INFO - Setting next_dagrun for example_nested_branch_dag to 2022-09-09T00:00:00+00:00, run_after=2022-09-10T00:00:00+00:00
[2022-09-10T17:28:21.825+0000] {processor.py:161} INFO - Processing /home/airflow/.local/lib/python3.7/site-packages/airflow/example_dags/example_nested_branch_dag.py took 0.056 seconds
[2022-09-10T17:28:52.358+0000] {processor.py:153} INFO - Started process (PID=1607) to work on /home/airflow/.local/lib/python3.7/site-packages/airflow/example_dags/example_nested_branch_dag.py
[2022-09-10T17:28:52.360+0000] {processor.py:640} INFO - Processing file /home/airflow/.local/lib/python3.7/site-packages/airflow/example_dags/example_nested_branch_dag.py for tasks to queue
[2022-09-10T17:28:52.360+0000] {logging_mixin.py:115} INFO - [2022-09-10T17:28:52.360+0000] {dagbag.py:508} INFO - Filling up the DagBag from /home/airflow/.local/lib/python3.7/site-packages/airflow/example_dags/example_nested_branch_dag.py
[2022-09-10T17:28:52.367+0000] {processor.py:650} INFO - DAG(s) dict_keys(['example_nested_branch_dag']) retrieved from /home/airflow/.local/lib/python3.7/site-packages/airflow/example_dags/example_nested_branch_dag.py
[2022-09-10T17:28:52.385+0000] {logging_mixin.py:115} INFO - [2022-09-10T17:28:52.385+0000] {dag.py:2429} INFO - Sync 1 DAGs
[2022-09-10T17:28:52.399+0000] {logging_mixin.py:115} INFO - [2022-09-10T17:28:52.399+0000] {dag.py:2981} INFO - Setting next_dagrun for example_nested_branch_dag to 2022-09-09T00:00:00+00:00, run_after=2022-09-10T00:00:00+00:00
[2022-09-10T17:28:52.406+0000] {processor.py:161} INFO - Processing /home/airflow/.local/lib/python3.7/site-packages/airflow/example_dags/example_nested_branch_dag.py took 0.052 seconds
[2022-09-10T17:29:23.228+0000] {processor.py:153} INFO - Started process (PID=1661) to work on /home/airflow/.local/lib/python3.7/site-packages/airflow/example_dags/example_nested_branch_dag.py
[2022-09-10T17:29:23.230+0000] {processor.py:640} INFO - Processing file /home/airflow/.local/lib/python3.7/site-packages/airflow/example_dags/example_nested_branch_dag.py for tasks to queue
[2022-09-10T17:29:23.232+0000] {logging_mixin.py:115} INFO - [2022-09-10T17:29:23.231+0000] {dagbag.py:508} INFO - Filling up the DagBag from /home/airflow/.local/lib/python3.7/site-packages/airflow/example_dags/example_nested_branch_dag.py
[2022-09-10T17:29:23.242+0000] {processor.py:650} INFO - DAG(s) dict_keys(['example_nested_branch_dag']) retrieved from /home/airflow/.local/lib/python3.7/site-packages/airflow/example_dags/example_nested_branch_dag.py
[2022-09-10T17:29:23.264+0000] {logging_mixin.py:115} INFO - [2022-09-10T17:29:23.264+0000] {dag.py:2429} INFO - Sync 1 DAGs
[2022-09-10T17:29:23.280+0000] {logging_mixin.py:115} INFO - [2022-09-10T17:29:23.280+0000] {dag.py:2981} INFO - Setting next_dagrun for example_nested_branch_dag to 2022-09-09T00:00:00+00:00, run_after=2022-09-10T00:00:00+00:00
[2022-09-10T17:29:23.290+0000] {processor.py:161} INFO - Processing /home/airflow/.local/lib/python3.7/site-packages/airflow/example_dags/example_nested_branch_dag.py took 0.064 seconds
[2022-09-10T17:29:53.446+0000] {processor.py:153} INFO - Started process (PID=1723) to work on /home/airflow/.local/lib/python3.7/site-packages/airflow/example_dags/example_nested_branch_dag.py
[2022-09-10T17:29:53.447+0000] {processor.py:640} INFO - Processing file /home/airflow/.local/lib/python3.7/site-packages/airflow/example_dags/example_nested_branch_dag.py for tasks to queue
[2022-09-10T17:29:53.449+0000] {logging_mixin.py:115} INFO - [2022-09-10T17:29:53.449+0000] {dagbag.py:508} INFO - Filling up the DagBag from /home/airflow/.local/lib/python3.7/site-packages/airflow/example_dags/example_nested_branch_dag.py
[2022-09-10T17:29:53.455+0000] {processor.py:650} INFO - DAG(s) dict_keys(['example_nested_branch_dag']) retrieved from /home/airflow/.local/lib/python3.7/site-packages/airflow/example_dags/example_nested_branch_dag.py
[2022-09-10T17:29:53.471+0000] {logging_mixin.py:115} INFO - [2022-09-10T17:29:53.471+0000] {dag.py:2429} INFO - Sync 1 DAGs
[2022-09-10T17:29:53.486+0000] {logging_mixin.py:115} INFO - [2022-09-10T17:29:53.485+0000] {dag.py:2981} INFO - Setting next_dagrun for example_nested_branch_dag to 2022-09-09T00:00:00+00:00, run_after=2022-09-10T00:00:00+00:00
[2022-09-10T17:29:53.494+0000] {processor.py:161} INFO - Processing /home/airflow/.local/lib/python3.7/site-packages/airflow/example_dags/example_nested_branch_dag.py took 0.050 seconds
[2022-09-10T17:30:23.955+0000] {processor.py:153} INFO - Started process (PID=1786) to work on /home/airflow/.local/lib/python3.7/site-packages/airflow/example_dags/example_nested_branch_dag.py
[2022-09-10T17:30:23.957+0000] {processor.py:640} INFO - Processing file /home/airflow/.local/lib/python3.7/site-packages/airflow/example_dags/example_nested_branch_dag.py for tasks to queue
[2022-09-10T17:30:23.958+0000] {logging_mixin.py:115} INFO - [2022-09-10T17:30:23.958+0000] {dagbag.py:508} INFO - Filling up the DagBag from /home/airflow/.local/lib/python3.7/site-packages/airflow/example_dags/example_nested_branch_dag.py
[2022-09-10T17:30:23.965+0000] {processor.py:650} INFO - DAG(s) dict_keys(['example_nested_branch_dag']) retrieved from /home/airflow/.local/lib/python3.7/site-packages/airflow/example_dags/example_nested_branch_dag.py
[2022-09-10T17:30:23.982+0000] {logging_mixin.py:115} INFO - [2022-09-10T17:30:23.982+0000] {dag.py:2429} INFO - Sync 1 DAGs
[2022-09-10T17:30:23.998+0000] {logging_mixin.py:115} INFO - [2022-09-10T17:30:23.998+0000] {dag.py:2981} INFO - Setting next_dagrun for example_nested_branch_dag to 2022-09-09T00:00:00+00:00, run_after=2022-09-10T00:00:00+00:00
[2022-09-10T17:30:24.009+0000] {processor.py:161} INFO - Processing /home/airflow/.local/lib/python3.7/site-packages/airflow/example_dags/example_nested_branch_dag.py took 0.056 seconds
