[2022-09-10T17:06:42.022+0000] {processor.py:153} INFO - Started process (PID=69) to work on /home/airflow/.local/lib/python3.7/site-packages/airflow/example_dags/example_external_task_marker_dag.py
[2022-09-10T17:06:42.026+0000] {processor.py:640} INFO - Processing file /home/airflow/.local/lib/python3.7/site-packages/airflow/example_dags/example_external_task_marker_dag.py for tasks to queue
[2022-09-10T17:06:42.032+0000] {logging_mixin.py:115} INFO - [2022-09-10T17:06:42.030+0000] {dagbag.py:508} INFO - Filling up the DagBag from /home/airflow/.local/lib/python3.7/site-packages/airflow/example_dags/example_external_task_marker_dag.py
[2022-09-10T17:06:42.074+0000] {processor.py:650} INFO - DAG(s) dict_keys(['example_external_task_marker_parent', 'example_external_task_marker_child']) retrieved from /home/airflow/.local/lib/python3.7/site-packages/airflow/example_dags/example_external_task_marker_dag.py
[2022-09-10T17:06:42.334+0000] {logging_mixin.py:115} INFO - [2022-09-10T17:06:42.334+0000] {manager.py:508} INFO - Created Permission View: can edit on DAG:example_external_task_marker_parent
[2022-09-10T17:06:42.356+0000] {logging_mixin.py:115} INFO - [2022-09-10T17:06:42.356+0000] {manager.py:508} INFO - Created Permission View: can delete on DAG:example_external_task_marker_parent
[2022-09-10T17:06:42.364+0000] {logging_mixin.py:115} INFO - [2022-09-10T17:06:42.364+0000] {manager.py:508} INFO - Created Permission View: can read on DAG:example_external_task_marker_parent
[2022-09-10T17:06:42.852+0000] {logging_mixin.py:115} INFO - [2022-09-10T17:06:42.852+0000] {manager.py:508} INFO - Created Permission View: can edit on DAG:example_external_task_marker_child
[2022-09-10T17:06:42.868+0000] {logging_mixin.py:115} INFO - [2022-09-10T17:06:42.868+0000] {manager.py:508} INFO - Created Permission View: can delete on DAG:example_external_task_marker_child
[2022-09-10T17:06:42.879+0000] {logging_mixin.py:115} INFO - [2022-09-10T17:06:42.878+0000] {manager.py:508} INFO - Created Permission View: can read on DAG:example_external_task_marker_child
[2022-09-10T17:06:42.880+0000] {logging_mixin.py:115} INFO - [2022-09-10T17:06:42.880+0000] {dag.py:2429} INFO - Sync 2 DAGs
[2022-09-10T17:06:42.893+0000] {logging_mixin.py:115} INFO - [2022-09-10T17:06:42.892+0000] {dag.py:2448} INFO - Creating ORM DAG for example_external_task_marker_child
[2022-09-10T17:06:42.894+0000] {logging_mixin.py:115} INFO - [2022-09-10T17:06:42.894+0000] {dag.py:2448} INFO - Creating ORM DAG for example_external_task_marker_parent
[2022-09-10T17:06:42.912+0000] {logging_mixin.py:115} INFO - [2022-09-10T17:06:42.911+0000] {dag.py:2981} INFO - Setting next_dagrun for example_external_task_marker_child to None, run_after=None
[2022-09-10T17:06:42.914+0000] {logging_mixin.py:115} INFO - [2022-09-10T17:06:42.914+0000] {dag.py:2981} INFO - Setting next_dagrun for example_external_task_marker_parent to None, run_after=None
[2022-09-10T17:06:42.944+0000] {processor.py:161} INFO - Processing /home/airflow/.local/lib/python3.7/site-packages/airflow/example_dags/example_external_task_marker_dag.py took 0.946 seconds
[2022-09-10T17:07:13.753+0000] {processor.py:153} INFO - Started process (PID=134) to work on /home/airflow/.local/lib/python3.7/site-packages/airflow/example_dags/example_external_task_marker_dag.py
[2022-09-10T17:07:13.757+0000] {processor.py:640} INFO - Processing file /home/airflow/.local/lib/python3.7/site-packages/airflow/example_dags/example_external_task_marker_dag.py for tasks to queue
[2022-09-10T17:07:13.759+0000] {logging_mixin.py:115} INFO - [2022-09-10T17:07:13.759+0000] {dagbag.py:508} INFO - Filling up the DagBag from /home/airflow/.local/lib/python3.7/site-packages/airflow/example_dags/example_external_task_marker_dag.py
[2022-09-10T17:07:13.767+0000] {processor.py:650} INFO - DAG(s) dict_keys(['example_external_task_marker_parent', 'example_external_task_marker_child']) retrieved from /home/airflow/.local/lib/python3.7/site-packages/airflow/example_dags/example_external_task_marker_dag.py
[2022-09-10T17:07:13.884+0000] {logging_mixin.py:115} INFO - [2022-09-10T17:07:13.884+0000] {dag.py:2429} INFO - Sync 2 DAGs
[2022-09-10T17:07:13.898+0000] {logging_mixin.py:115} INFO - [2022-09-10T17:07:13.898+0000] {dag.py:2981} INFO - Setting next_dagrun for example_external_task_marker_child to None, run_after=None
[2022-09-10T17:07:13.899+0000] {logging_mixin.py:115} INFO - [2022-09-10T17:07:13.899+0000] {dag.py:2981} INFO - Setting next_dagrun for example_external_task_marker_parent to None, run_after=None
[2022-09-10T17:07:13.908+0000] {processor.py:161} INFO - Processing /home/airflow/.local/lib/python3.7/site-packages/airflow/example_dags/example_external_task_marker_dag.py took 0.161 seconds
[2022-09-10T17:07:44.663+0000] {processor.py:153} INFO - Started process (PID=197) to work on /home/airflow/.local/lib/python3.7/site-packages/airflow/example_dags/example_external_task_marker_dag.py
[2022-09-10T17:07:44.666+0000] {processor.py:640} INFO - Processing file /home/airflow/.local/lib/python3.7/site-packages/airflow/example_dags/example_external_task_marker_dag.py for tasks to queue
[2022-09-10T17:07:44.667+0000] {logging_mixin.py:115} INFO - [2022-09-10T17:07:44.667+0000] {dagbag.py:508} INFO - Filling up the DagBag from /home/airflow/.local/lib/python3.7/site-packages/airflow/example_dags/example_external_task_marker_dag.py
[2022-09-10T17:07:44.675+0000] {processor.py:650} INFO - DAG(s) dict_keys(['example_external_task_marker_parent', 'example_external_task_marker_child']) retrieved from /home/airflow/.local/lib/python3.7/site-packages/airflow/example_dags/example_external_task_marker_dag.py
[2022-09-10T17:07:44.788+0000] {logging_mixin.py:115} INFO - [2022-09-10T17:07:44.788+0000] {dag.py:2429} INFO - Sync 2 DAGs
[2022-09-10T17:07:44.801+0000] {logging_mixin.py:115} INFO - [2022-09-10T17:07:44.801+0000] {dag.py:2981} INFO - Setting next_dagrun for example_external_task_marker_child to None, run_after=None
[2022-09-10T17:07:44.802+0000] {logging_mixin.py:115} INFO - [2022-09-10T17:07:44.802+0000] {dag.py:2981} INFO - Setting next_dagrun for example_external_task_marker_parent to None, run_after=None
[2022-09-10T17:07:44.810+0000] {processor.py:161} INFO - Processing /home/airflow/.local/lib/python3.7/site-packages/airflow/example_dags/example_external_task_marker_dag.py took 0.152 seconds
[2022-09-10T17:08:15.561+0000] {processor.py:153} INFO - Started process (PID=259) to work on /home/airflow/.local/lib/python3.7/site-packages/airflow/example_dags/example_external_task_marker_dag.py
[2022-09-10T17:08:15.564+0000] {processor.py:640} INFO - Processing file /home/airflow/.local/lib/python3.7/site-packages/airflow/example_dags/example_external_task_marker_dag.py for tasks to queue
[2022-09-10T17:08:15.565+0000] {logging_mixin.py:115} INFO - [2022-09-10T17:08:15.565+0000] {dagbag.py:508} INFO - Filling up the DagBag from /home/airflow/.local/lib/python3.7/site-packages/airflow/example_dags/example_external_task_marker_dag.py
[2022-09-10T17:08:15.568+0000] {processor.py:650} INFO - DAG(s) dict_keys(['example_external_task_marker_parent', 'example_external_task_marker_child']) retrieved from /home/airflow/.local/lib/python3.7/site-packages/airflow/example_dags/example_external_task_marker_dag.py
[2022-09-10T17:08:15.665+0000] {logging_mixin.py:115} INFO - [2022-09-10T17:08:15.665+0000] {dag.py:2429} INFO - Sync 2 DAGs
[2022-09-10T17:08:15.679+0000] {logging_mixin.py:115} INFO - [2022-09-10T17:08:15.678+0000] {dag.py:2981} INFO - Setting next_dagrun for example_external_task_marker_child to None, run_after=None
[2022-09-10T17:08:15.679+0000] {logging_mixin.py:115} INFO - [2022-09-10T17:08:15.679+0000] {dag.py:2981} INFO - Setting next_dagrun for example_external_task_marker_parent to None, run_after=None
[2022-09-10T17:08:15.688+0000] {processor.py:161} INFO - Processing /home/airflow/.local/lib/python3.7/site-packages/airflow/example_dags/example_external_task_marker_dag.py took 0.129 seconds
[2022-09-10T17:08:46.395+0000] {processor.py:153} INFO - Started process (PID=313) to work on /home/airflow/.local/lib/python3.7/site-packages/airflow/example_dags/example_external_task_marker_dag.py
[2022-09-10T17:08:46.398+0000] {processor.py:640} INFO - Processing file /home/airflow/.local/lib/python3.7/site-packages/airflow/example_dags/example_external_task_marker_dag.py for tasks to queue
[2022-09-10T17:08:46.400+0000] {logging_mixin.py:115} INFO - [2022-09-10T17:08:46.399+0000] {dagbag.py:508} INFO - Filling up the DagBag from /home/airflow/.local/lib/python3.7/site-packages/airflow/example_dags/example_external_task_marker_dag.py
[2022-09-10T17:08:46.406+0000] {processor.py:650} INFO - DAG(s) dict_keys(['example_external_task_marker_parent', 'example_external_task_marker_child']) retrieved from /home/airflow/.local/lib/python3.7/site-packages/airflow/example_dags/example_external_task_marker_dag.py
[2022-09-10T17:08:46.523+0000] {logging_mixin.py:115} INFO - [2022-09-10T17:08:46.523+0000] {dag.py:2429} INFO - Sync 2 DAGs
[2022-09-10T17:08:46.543+0000] {logging_mixin.py:115} INFO - [2022-09-10T17:08:46.543+0000] {dag.py:2981} INFO - Setting next_dagrun for example_external_task_marker_child to None, run_after=None
[2022-09-10T17:08:46.545+0000] {logging_mixin.py:115} INFO - [2022-09-10T17:08:46.545+0000] {dag.py:2981} INFO - Setting next_dagrun for example_external_task_marker_parent to None, run_after=None
[2022-09-10T17:08:46.556+0000] {processor.py:161} INFO - Processing /home/airflow/.local/lib/python3.7/site-packages/airflow/example_dags/example_external_task_marker_dag.py took 0.165 seconds
[2022-09-10T17:09:17.261+0000] {processor.py:153} INFO - Started process (PID=377) to work on /home/airflow/.local/lib/python3.7/site-packages/airflow/example_dags/example_external_task_marker_dag.py
[2022-09-10T17:09:17.264+0000] {processor.py:640} INFO - Processing file /home/airflow/.local/lib/python3.7/site-packages/airflow/example_dags/example_external_task_marker_dag.py for tasks to queue
[2022-09-10T17:09:17.266+0000] {logging_mixin.py:115} INFO - [2022-09-10T17:09:17.266+0000] {dagbag.py:508} INFO - Filling up the DagBag from /home/airflow/.local/lib/python3.7/site-packages/airflow/example_dags/example_external_task_marker_dag.py
[2022-09-10T17:09:17.271+0000] {processor.py:650} INFO - DAG(s) dict_keys(['example_external_task_marker_parent', 'example_external_task_marker_child']) retrieved from /home/airflow/.local/lib/python3.7/site-packages/airflow/example_dags/example_external_task_marker_dag.py
[2022-09-10T17:09:17.368+0000] {logging_mixin.py:115} INFO - [2022-09-10T17:09:17.368+0000] {dag.py:2429} INFO - Sync 2 DAGs
[2022-09-10T17:09:17.380+0000] {logging_mixin.py:115} INFO - [2022-09-10T17:09:17.380+0000] {dag.py:2981} INFO - Setting next_dagrun for example_external_task_marker_child to None, run_after=None
[2022-09-10T17:09:17.381+0000] {logging_mixin.py:115} INFO - [2022-09-10T17:09:17.381+0000] {dag.py:2981} INFO - Setting next_dagrun for example_external_task_marker_parent to None, run_after=None
[2022-09-10T17:09:17.389+0000] {processor.py:161} INFO - Processing /home/airflow/.local/lib/python3.7/site-packages/airflow/example_dags/example_external_task_marker_dag.py took 0.136 seconds
[2022-09-10T17:09:48.084+0000] {processor.py:153} INFO - Started process (PID=441) to work on /home/airflow/.local/lib/python3.7/site-packages/airflow/example_dags/example_external_task_marker_dag.py
[2022-09-10T17:09:48.087+0000] {processor.py:640} INFO - Processing file /home/airflow/.local/lib/python3.7/site-packages/airflow/example_dags/example_external_task_marker_dag.py for tasks to queue
[2022-09-10T17:09:48.089+0000] {logging_mixin.py:115} INFO - [2022-09-10T17:09:48.089+0000] {dagbag.py:508} INFO - Filling up the DagBag from /home/airflow/.local/lib/python3.7/site-packages/airflow/example_dags/example_external_task_marker_dag.py
[2022-09-10T17:09:48.096+0000] {processor.py:650} INFO - DAG(s) dict_keys(['example_external_task_marker_parent', 'example_external_task_marker_child']) retrieved from /home/airflow/.local/lib/python3.7/site-packages/airflow/example_dags/example_external_task_marker_dag.py
[2022-09-10T17:09:48.214+0000] {logging_mixin.py:115} INFO - [2022-09-10T17:09:48.214+0000] {dag.py:2429} INFO - Sync 2 DAGs
[2022-09-10T17:09:48.228+0000] {logging_mixin.py:115} INFO - [2022-09-10T17:09:48.228+0000] {dag.py:2981} INFO - Setting next_dagrun for example_external_task_marker_child to None, run_after=None
[2022-09-10T17:09:48.229+0000] {logging_mixin.py:115} INFO - [2022-09-10T17:09:48.228+0000] {dag.py:2981} INFO - Setting next_dagrun for example_external_task_marker_parent to None, run_after=None
[2022-09-10T17:09:48.236+0000] {processor.py:161} INFO - Processing /home/airflow/.local/lib/python3.7/site-packages/airflow/example_dags/example_external_task_marker_dag.py took 0.158 seconds
[2022-09-10T17:10:18.943+0000] {processor.py:153} INFO - Started process (PID=505) to work on /home/airflow/.local/lib/python3.7/site-packages/airflow/example_dags/example_external_task_marker_dag.py
[2022-09-10T17:10:18.947+0000] {processor.py:640} INFO - Processing file /home/airflow/.local/lib/python3.7/site-packages/airflow/example_dags/example_external_task_marker_dag.py for tasks to queue
[2022-09-10T17:10:18.949+0000] {logging_mixin.py:115} INFO - [2022-09-10T17:10:18.949+0000] {dagbag.py:508} INFO - Filling up the DagBag from /home/airflow/.local/lib/python3.7/site-packages/airflow/example_dags/example_external_task_marker_dag.py
[2022-09-10T17:10:18.958+0000] {processor.py:650} INFO - DAG(s) dict_keys(['example_external_task_marker_parent', 'example_external_task_marker_child']) retrieved from /home/airflow/.local/lib/python3.7/site-packages/airflow/example_dags/example_external_task_marker_dag.py
[2022-09-10T17:10:19.130+0000] {logging_mixin.py:115} INFO - [2022-09-10T17:10:19.130+0000] {dag.py:2429} INFO - Sync 2 DAGs
[2022-09-10T17:10:19.151+0000] {logging_mixin.py:115} INFO - [2022-09-10T17:10:19.151+0000] {dag.py:2981} INFO - Setting next_dagrun for example_external_task_marker_child to None, run_after=None
[2022-09-10T17:10:19.153+0000] {logging_mixin.py:115} INFO - [2022-09-10T17:10:19.152+0000] {dag.py:2981} INFO - Setting next_dagrun for example_external_task_marker_parent to None, run_after=None
[2022-09-10T17:10:19.161+0000] {processor.py:161} INFO - Processing /home/airflow/.local/lib/python3.7/site-packages/airflow/example_dags/example_external_task_marker_dag.py took 0.224 seconds
[2022-09-10T17:10:49.858+0000] {processor.py:153} INFO - Started process (PID=568) to work on /home/airflow/.local/lib/python3.7/site-packages/airflow/example_dags/example_external_task_marker_dag.py
[2022-09-10T17:10:49.862+0000] {processor.py:640} INFO - Processing file /home/airflow/.local/lib/python3.7/site-packages/airflow/example_dags/example_external_task_marker_dag.py for tasks to queue
[2022-09-10T17:10:49.864+0000] {logging_mixin.py:115} INFO - [2022-09-10T17:10:49.864+0000] {dagbag.py:508} INFO - Filling up the DagBag from /home/airflow/.local/lib/python3.7/site-packages/airflow/example_dags/example_external_task_marker_dag.py
[2022-09-10T17:10:49.873+0000] {processor.py:650} INFO - DAG(s) dict_keys(['example_external_task_marker_parent', 'example_external_task_marker_child']) retrieved from /home/airflow/.local/lib/python3.7/site-packages/airflow/example_dags/example_external_task_marker_dag.py
[2022-09-10T17:10:49.978+0000] {logging_mixin.py:115} INFO - [2022-09-10T17:10:49.978+0000] {dag.py:2429} INFO - Sync 2 DAGs
[2022-09-10T17:10:49.990+0000] {logging_mixin.py:115} INFO - [2022-09-10T17:10:49.990+0000] {dag.py:2981} INFO - Setting next_dagrun for example_external_task_marker_child to None, run_after=None
[2022-09-10T17:10:49.991+0000] {logging_mixin.py:115} INFO - [2022-09-10T17:10:49.991+0000] {dag.py:2981} INFO - Setting next_dagrun for example_external_task_marker_parent to None, run_after=None
[2022-09-10T17:10:49.999+0000] {processor.py:161} INFO - Processing /home/airflow/.local/lib/python3.7/site-packages/airflow/example_dags/example_external_task_marker_dag.py took 0.148 seconds
[2022-09-10T17:13:05.975+0000] {processor.py:153} INFO - Started process (PID=68) to work on /home/airflow/.local/lib/python3.7/site-packages/airflow/example_dags/example_external_task_marker_dag.py
[2022-09-10T17:13:05.978+0000] {processor.py:640} INFO - Processing file /home/airflow/.local/lib/python3.7/site-packages/airflow/example_dags/example_external_task_marker_dag.py for tasks to queue
[2022-09-10T17:13:05.995+0000] {logging_mixin.py:115} INFO - [2022-09-10T17:13:05.995+0000] {dagbag.py:508} INFO - Filling up the DagBag from /home/airflow/.local/lib/python3.7/site-packages/airflow/example_dags/example_external_task_marker_dag.py
[2022-09-10T17:13:06.004+0000] {processor.py:650} INFO - DAG(s) dict_keys(['example_external_task_marker_parent', 'example_external_task_marker_child']) retrieved from /home/airflow/.local/lib/python3.7/site-packages/airflow/example_dags/example_external_task_marker_dag.py
[2022-09-10T17:13:06.276+0000] {logging_mixin.py:115} INFO - [2022-09-10T17:13:06.276+0000] {dag.py:2429} INFO - Sync 2 DAGs
[2022-09-10T17:13:06.466+0000] {logging_mixin.py:115} INFO - [2022-09-10T17:13:06.466+0000] {dag.py:2981} INFO - Setting next_dagrun for example_external_task_marker_child to None, run_after=None
[2022-09-10T17:13:06.472+0000] {logging_mixin.py:115} INFO - [2022-09-10T17:13:06.471+0000] {dag.py:2981} INFO - Setting next_dagrun for example_external_task_marker_parent to None, run_after=None
[2022-09-10T17:13:06.489+0000] {processor.py:161} INFO - Processing /home/airflow/.local/lib/python3.7/site-packages/airflow/example_dags/example_external_task_marker_dag.py took 0.517 seconds
[2022-09-10T17:13:37.008+0000] {processor.py:153} INFO - Started process (PID=122) to work on /home/airflow/.local/lib/python3.7/site-packages/airflow/example_dags/example_external_task_marker_dag.py
[2022-09-10T17:13:37.009+0000] {processor.py:640} INFO - Processing file /home/airflow/.local/lib/python3.7/site-packages/airflow/example_dags/example_external_task_marker_dag.py for tasks to queue
[2022-09-10T17:13:37.010+0000] {logging_mixin.py:115} INFO - [2022-09-10T17:13:37.010+0000] {dagbag.py:508} INFO - Filling up the DagBag from /home/airflow/.local/lib/python3.7/site-packages/airflow/example_dags/example_external_task_marker_dag.py
[2022-09-10T17:13:37.014+0000] {processor.py:650} INFO - DAG(s) dict_keys(['example_external_task_marker_parent', 'example_external_task_marker_child']) retrieved from /home/airflow/.local/lib/python3.7/site-packages/airflow/example_dags/example_external_task_marker_dag.py
[2022-09-10T17:13:37.170+0000] {logging_mixin.py:115} INFO - [2022-09-10T17:13:37.170+0000] {dag.py:2429} INFO - Sync 2 DAGs
[2022-09-10T17:13:37.485+0000] {logging_mixin.py:115} INFO - [2022-09-10T17:13:37.485+0000] {dag.py:2981} INFO - Setting next_dagrun for example_external_task_marker_child to None, run_after=None
[2022-09-10T17:13:37.487+0000] {logging_mixin.py:115} INFO - [2022-09-10T17:13:37.487+0000] {dag.py:2981} INFO - Setting next_dagrun for example_external_task_marker_parent to None, run_after=None
[2022-09-10T17:13:37.507+0000] {processor.py:161} INFO - Processing /home/airflow/.local/lib/python3.7/site-packages/airflow/example_dags/example_external_task_marker_dag.py took 0.501 seconds
[2022-09-10T17:16:07.753+0000] {processor.py:153} INFO - Started process (PID=80) to work on /home/airflow/.local/lib/python3.7/site-packages/airflow/example_dags/example_external_task_marker_dag.py
[2022-09-10T17:16:07.772+0000] {processor.py:640} INFO - Processing file /home/airflow/.local/lib/python3.7/site-packages/airflow/example_dags/example_external_task_marker_dag.py for tasks to queue
[2022-09-10T17:16:07.836+0000] {logging_mixin.py:115} INFO - [2022-09-10T17:16:07.835+0000] {dagbag.py:508} INFO - Filling up the DagBag from /home/airflow/.local/lib/python3.7/site-packages/airflow/example_dags/example_external_task_marker_dag.py
[2022-09-10T17:16:07.916+0000] {processor.py:650} INFO - DAG(s) dict_keys(['example_external_task_marker_parent', 'example_external_task_marker_child']) retrieved from /home/airflow/.local/lib/python3.7/site-packages/airflow/example_dags/example_external_task_marker_dag.py
[2022-09-10T17:16:08.718+0000] {logging_mixin.py:115} INFO - [2022-09-10T17:16:08.716+0000] {dag.py:2429} INFO - Sync 2 DAGs
[2022-09-10T17:16:08.836+0000] {logging_mixin.py:115} INFO - [2022-09-10T17:16:08.836+0000] {dag.py:2981} INFO - Setting next_dagrun for example_external_task_marker_child to None, run_after=None
[2022-09-10T17:16:08.838+0000] {logging_mixin.py:115} INFO - [2022-09-10T17:16:08.838+0000] {dag.py:2981} INFO - Setting next_dagrun for example_external_task_marker_parent to None, run_after=None
[2022-09-10T17:16:08.903+0000] {processor.py:161} INFO - Processing /home/airflow/.local/lib/python3.7/site-packages/airflow/example_dags/example_external_task_marker_dag.py took 1.236 seconds
[2022-09-10T17:16:39.586+0000] {processor.py:153} INFO - Started process (PID=135) to work on /home/airflow/.local/lib/python3.7/site-packages/airflow/example_dags/example_external_task_marker_dag.py
[2022-09-10T17:16:39.588+0000] {processor.py:640} INFO - Processing file /home/airflow/.local/lib/python3.7/site-packages/airflow/example_dags/example_external_task_marker_dag.py for tasks to queue
[2022-09-10T17:16:39.590+0000] {logging_mixin.py:115} INFO - [2022-09-10T17:16:39.590+0000] {dagbag.py:508} INFO - Filling up the DagBag from /home/airflow/.local/lib/python3.7/site-packages/airflow/example_dags/example_external_task_marker_dag.py
[2022-09-10T17:16:39.595+0000] {processor.py:650} INFO - DAG(s) dict_keys(['example_external_task_marker_parent', 'example_external_task_marker_child']) retrieved from /home/airflow/.local/lib/python3.7/site-packages/airflow/example_dags/example_external_task_marker_dag.py
[2022-09-10T17:16:39.705+0000] {logging_mixin.py:115} INFO - [2022-09-10T17:16:39.704+0000] {dag.py:2429} INFO - Sync 2 DAGs
[2022-09-10T17:16:39.719+0000] {logging_mixin.py:115} INFO - [2022-09-10T17:16:39.719+0000] {dag.py:2981} INFO - Setting next_dagrun for example_external_task_marker_child to None, run_after=None
[2022-09-10T17:16:39.720+0000] {logging_mixin.py:115} INFO - [2022-09-10T17:16:39.720+0000] {dag.py:2981} INFO - Setting next_dagrun for example_external_task_marker_parent to None, run_after=None
[2022-09-10T17:16:39.730+0000] {processor.py:161} INFO - Processing /home/airflow/.local/lib/python3.7/site-packages/airflow/example_dags/example_external_task_marker_dag.py took 0.147 seconds
[2022-09-10T17:17:09.900+0000] {processor.py:153} INFO - Started process (PID=199) to work on /home/airflow/.local/lib/python3.7/site-packages/airflow/example_dags/example_external_task_marker_dag.py
[2022-09-10T17:17:09.902+0000] {processor.py:640} INFO - Processing file /home/airflow/.local/lib/python3.7/site-packages/airflow/example_dags/example_external_task_marker_dag.py for tasks to queue
[2022-09-10T17:17:09.904+0000] {logging_mixin.py:115} INFO - [2022-09-10T17:17:09.904+0000] {dagbag.py:508} INFO - Filling up the DagBag from /home/airflow/.local/lib/python3.7/site-packages/airflow/example_dags/example_external_task_marker_dag.py
[2022-09-10T17:17:09.908+0000] {processor.py:650} INFO - DAG(s) dict_keys(['example_external_task_marker_parent', 'example_external_task_marker_child']) retrieved from /home/airflow/.local/lib/python3.7/site-packages/airflow/example_dags/example_external_task_marker_dag.py
[2022-09-10T17:17:10.041+0000] {logging_mixin.py:115} INFO - [2022-09-10T17:17:10.041+0000] {dag.py:2429} INFO - Sync 2 DAGs
[2022-09-10T17:17:10.059+0000] {logging_mixin.py:115} INFO - [2022-09-10T17:17:10.059+0000] {dag.py:2981} INFO - Setting next_dagrun for example_external_task_marker_child to None, run_after=None
[2022-09-10T17:17:10.061+0000] {logging_mixin.py:115} INFO - [2022-09-10T17:17:10.061+0000] {dag.py:2981} INFO - Setting next_dagrun for example_external_task_marker_parent to None, run_after=None
[2022-09-10T17:17:10.071+0000] {processor.py:161} INFO - Processing /home/airflow/.local/lib/python3.7/site-packages/airflow/example_dags/example_external_task_marker_dag.py took 0.176 seconds
[2022-09-10T17:17:40.102+0000] {processor.py:153} INFO - Started process (PID=263) to work on /home/airflow/.local/lib/python3.7/site-packages/airflow/example_dags/example_external_task_marker_dag.py
[2022-09-10T17:17:40.104+0000] {processor.py:640} INFO - Processing file /home/airflow/.local/lib/python3.7/site-packages/airflow/example_dags/example_external_task_marker_dag.py for tasks to queue
[2022-09-10T17:17:40.107+0000] {logging_mixin.py:115} INFO - [2022-09-10T17:17:40.107+0000] {dagbag.py:508} INFO - Filling up the DagBag from /home/airflow/.local/lib/python3.7/site-packages/airflow/example_dags/example_external_task_marker_dag.py
[2022-09-10T17:17:40.113+0000] {processor.py:650} INFO - DAG(s) dict_keys(['example_external_task_marker_parent', 'example_external_task_marker_child']) retrieved from /home/airflow/.local/lib/python3.7/site-packages/airflow/example_dags/example_external_task_marker_dag.py
[2022-09-10T17:17:40.263+0000] {logging_mixin.py:115} INFO - [2022-09-10T17:17:40.263+0000] {dag.py:2429} INFO - Sync 2 DAGs
[2022-09-10T17:17:40.282+0000] {logging_mixin.py:115} INFO - [2022-09-10T17:17:40.282+0000] {dag.py:2981} INFO - Setting next_dagrun for example_external_task_marker_child to None, run_after=None
[2022-09-10T17:17:40.284+0000] {logging_mixin.py:115} INFO - [2022-09-10T17:17:40.284+0000] {dag.py:2981} INFO - Setting next_dagrun for example_external_task_marker_parent to None, run_after=None
[2022-09-10T17:17:40.298+0000] {processor.py:161} INFO - Processing /home/airflow/.local/lib/python3.7/site-packages/airflow/example_dags/example_external_task_marker_dag.py took 0.201 seconds
[2022-09-10T17:18:11.265+0000] {processor.py:153} INFO - Started process (PID=318) to work on /home/airflow/.local/lib/python3.7/site-packages/airflow/example_dags/example_external_task_marker_dag.py
[2022-09-10T17:18:11.268+0000] {processor.py:640} INFO - Processing file /home/airflow/.local/lib/python3.7/site-packages/airflow/example_dags/example_external_task_marker_dag.py for tasks to queue
[2022-09-10T17:18:11.270+0000] {logging_mixin.py:115} INFO - [2022-09-10T17:18:11.270+0000] {dagbag.py:508} INFO - Filling up the DagBag from /home/airflow/.local/lib/python3.7/site-packages/airflow/example_dags/example_external_task_marker_dag.py
[2022-09-10T17:18:11.277+0000] {processor.py:650} INFO - DAG(s) dict_keys(['example_external_task_marker_parent', 'example_external_task_marker_child']) retrieved from /home/airflow/.local/lib/python3.7/site-packages/airflow/example_dags/example_external_task_marker_dag.py
[2022-09-10T17:18:11.392+0000] {logging_mixin.py:115} INFO - [2022-09-10T17:18:11.392+0000] {dag.py:2429} INFO - Sync 2 DAGs
[2022-09-10T17:18:11.404+0000] {logging_mixin.py:115} INFO - [2022-09-10T17:18:11.404+0000] {dag.py:2981} INFO - Setting next_dagrun for example_external_task_marker_child to None, run_after=None
[2022-09-10T17:18:11.405+0000] {logging_mixin.py:115} INFO - [2022-09-10T17:18:11.405+0000] {dag.py:2981} INFO - Setting next_dagrun for example_external_task_marker_parent to None, run_after=None
[2022-09-10T17:18:11.413+0000] {processor.py:161} INFO - Processing /home/airflow/.local/lib/python3.7/site-packages/airflow/example_dags/example_external_task_marker_dag.py took 0.154 seconds
[2022-09-10T17:18:41.456+0000] {processor.py:153} INFO - Started process (PID=382) to work on /home/airflow/.local/lib/python3.7/site-packages/airflow/example_dags/example_external_task_marker_dag.py
[2022-09-10T17:18:41.459+0000] {processor.py:640} INFO - Processing file /home/airflow/.local/lib/python3.7/site-packages/airflow/example_dags/example_external_task_marker_dag.py for tasks to queue
[2022-09-10T17:18:41.461+0000] {logging_mixin.py:115} INFO - [2022-09-10T17:18:41.461+0000] {dagbag.py:508} INFO - Filling up the DagBag from /home/airflow/.local/lib/python3.7/site-packages/airflow/example_dags/example_external_task_marker_dag.py
[2022-09-10T17:18:41.465+0000] {processor.py:650} INFO - DAG(s) dict_keys(['example_external_task_marker_parent', 'example_external_task_marker_child']) retrieved from /home/airflow/.local/lib/python3.7/site-packages/airflow/example_dags/example_external_task_marker_dag.py
[2022-09-10T17:18:41.584+0000] {logging_mixin.py:115} INFO - [2022-09-10T17:18:41.584+0000] {dag.py:2429} INFO - Sync 2 DAGs
[2022-09-10T17:18:41.600+0000] {logging_mixin.py:115} INFO - [2022-09-10T17:18:41.600+0000] {dag.py:2981} INFO - Setting next_dagrun for example_external_task_marker_child to None, run_after=None
[2022-09-10T17:18:41.603+0000] {logging_mixin.py:115} INFO - [2022-09-10T17:18:41.603+0000] {dag.py:2981} INFO - Setting next_dagrun for example_external_task_marker_parent to None, run_after=None
[2022-09-10T17:18:41.614+0000] {processor.py:161} INFO - Processing /home/airflow/.local/lib/python3.7/site-packages/airflow/example_dags/example_external_task_marker_dag.py took 0.160 seconds
[2022-09-10T17:19:11.669+0000] {processor.py:153} INFO - Started process (PID=445) to work on /home/airflow/.local/lib/python3.7/site-packages/airflow/example_dags/example_external_task_marker_dag.py
[2022-09-10T17:19:11.670+0000] {processor.py:640} INFO - Processing file /home/airflow/.local/lib/python3.7/site-packages/airflow/example_dags/example_external_task_marker_dag.py for tasks to queue
[2022-09-10T17:19:11.671+0000] {logging_mixin.py:115} INFO - [2022-09-10T17:19:11.671+0000] {dagbag.py:508} INFO - Filling up the DagBag from /home/airflow/.local/lib/python3.7/site-packages/airflow/example_dags/example_external_task_marker_dag.py
[2022-09-10T17:19:11.675+0000] {processor.py:650} INFO - DAG(s) dict_keys(['example_external_task_marker_parent', 'example_external_task_marker_child']) retrieved from /home/airflow/.local/lib/python3.7/site-packages/airflow/example_dags/example_external_task_marker_dag.py
[2022-09-10T17:19:11.773+0000] {logging_mixin.py:115} INFO - [2022-09-10T17:19:11.773+0000] {dag.py:2429} INFO - Sync 2 DAGs
[2022-09-10T17:19:11.786+0000] {logging_mixin.py:115} INFO - [2022-09-10T17:19:11.786+0000] {dag.py:2981} INFO - Setting next_dagrun for example_external_task_marker_child to None, run_after=None
[2022-09-10T17:19:11.788+0000] {logging_mixin.py:115} INFO - [2022-09-10T17:19:11.787+0000] {dag.py:2981} INFO - Setting next_dagrun for example_external_task_marker_parent to None, run_after=None
[2022-09-10T17:19:11.797+0000] {processor.py:161} INFO - Processing /home/airflow/.local/lib/python3.7/site-packages/airflow/example_dags/example_external_task_marker_dag.py took 0.131 seconds
[2022-09-10T17:19:41.838+0000] {processor.py:153} INFO - Started process (PID=507) to work on /home/airflow/.local/lib/python3.7/site-packages/airflow/example_dags/example_external_task_marker_dag.py
[2022-09-10T17:19:41.840+0000] {processor.py:640} INFO - Processing file /home/airflow/.local/lib/python3.7/site-packages/airflow/example_dags/example_external_task_marker_dag.py for tasks to queue
[2022-09-10T17:19:41.841+0000] {logging_mixin.py:115} INFO - [2022-09-10T17:19:41.841+0000] {dagbag.py:508} INFO - Filling up the DagBag from /home/airflow/.local/lib/python3.7/site-packages/airflow/example_dags/example_external_task_marker_dag.py
[2022-09-10T17:19:41.844+0000] {processor.py:650} INFO - DAG(s) dict_keys(['example_external_task_marker_parent', 'example_external_task_marker_child']) retrieved from /home/airflow/.local/lib/python3.7/site-packages/airflow/example_dags/example_external_task_marker_dag.py
[2022-09-10T17:19:41.970+0000] {logging_mixin.py:115} INFO - [2022-09-10T17:19:41.970+0000] {dag.py:2429} INFO - Sync 2 DAGs
[2022-09-10T17:19:41.983+0000] {logging_mixin.py:115} INFO - [2022-09-10T17:19:41.983+0000] {dag.py:2981} INFO - Setting next_dagrun for example_external_task_marker_child to None, run_after=None
[2022-09-10T17:19:41.984+0000] {logging_mixin.py:115} INFO - [2022-09-10T17:19:41.984+0000] {dag.py:2981} INFO - Setting next_dagrun for example_external_task_marker_parent to None, run_after=None
[2022-09-10T17:19:41.992+0000] {processor.py:161} INFO - Processing /home/airflow/.local/lib/python3.7/site-packages/airflow/example_dags/example_external_task_marker_dag.py took 0.156 seconds
[2022-09-10T17:20:12.953+0000] {processor.py:153} INFO - Started process (PID=571) to work on /home/airflow/.local/lib/python3.7/site-packages/airflow/example_dags/example_external_task_marker_dag.py
[2022-09-10T17:20:12.957+0000] {processor.py:640} INFO - Processing file /home/airflow/.local/lib/python3.7/site-packages/airflow/example_dags/example_external_task_marker_dag.py for tasks to queue
[2022-09-10T17:20:12.963+0000] {logging_mixin.py:115} INFO - [2022-09-10T17:20:12.963+0000] {dagbag.py:508} INFO - Filling up the DagBag from /home/airflow/.local/lib/python3.7/site-packages/airflow/example_dags/example_external_task_marker_dag.py
[2022-09-10T17:20:12.972+0000] {processor.py:650} INFO - DAG(s) dict_keys(['example_external_task_marker_parent', 'example_external_task_marker_child']) retrieved from /home/airflow/.local/lib/python3.7/site-packages/airflow/example_dags/example_external_task_marker_dag.py
[2022-09-10T17:20:13.090+0000] {logging_mixin.py:115} INFO - [2022-09-10T17:20:13.090+0000] {dag.py:2429} INFO - Sync 2 DAGs
[2022-09-10T17:20:13.106+0000] {logging_mixin.py:115} INFO - [2022-09-10T17:20:13.106+0000] {dag.py:2981} INFO - Setting next_dagrun for example_external_task_marker_child to None, run_after=None
[2022-09-10T17:20:13.107+0000] {logging_mixin.py:115} INFO - [2022-09-10T17:20:13.107+0000] {dag.py:2981} INFO - Setting next_dagrun for example_external_task_marker_parent to None, run_after=None
[2022-09-10T17:20:13.115+0000] {processor.py:161} INFO - Processing /home/airflow/.local/lib/python3.7/site-packages/airflow/example_dags/example_external_task_marker_dag.py took 0.166 seconds
[2022-09-10T17:20:43.257+0000] {processor.py:153} INFO - Started process (PID=634) to work on /home/airflow/.local/lib/python3.7/site-packages/airflow/example_dags/example_external_task_marker_dag.py
[2022-09-10T17:20:43.258+0000] {processor.py:640} INFO - Processing file /home/airflow/.local/lib/python3.7/site-packages/airflow/example_dags/example_external_task_marker_dag.py for tasks to queue
[2022-09-10T17:20:43.259+0000] {logging_mixin.py:115} INFO - [2022-09-10T17:20:43.259+0000] {dagbag.py:508} INFO - Filling up the DagBag from /home/airflow/.local/lib/python3.7/site-packages/airflow/example_dags/example_external_task_marker_dag.py
[2022-09-10T17:20:43.263+0000] {processor.py:650} INFO - DAG(s) dict_keys(['example_external_task_marker_parent', 'example_external_task_marker_child']) retrieved from /home/airflow/.local/lib/python3.7/site-packages/airflow/example_dags/example_external_task_marker_dag.py
[2022-09-10T17:20:43.367+0000] {logging_mixin.py:115} INFO - [2022-09-10T17:20:43.367+0000] {dag.py:2429} INFO - Sync 2 DAGs
[2022-09-10T17:20:43.380+0000] {logging_mixin.py:115} INFO - [2022-09-10T17:20:43.380+0000] {dag.py:2981} INFO - Setting next_dagrun for example_external_task_marker_child to None, run_after=None
[2022-09-10T17:20:43.381+0000] {logging_mixin.py:115} INFO - [2022-09-10T17:20:43.381+0000] {dag.py:2981} INFO - Setting next_dagrun for example_external_task_marker_parent to None, run_after=None
[2022-09-10T17:20:43.389+0000] {processor.py:161} INFO - Processing /home/airflow/.local/lib/python3.7/site-packages/airflow/example_dags/example_external_task_marker_dag.py took 0.135 seconds
[2022-09-10T17:21:13.417+0000] {processor.py:153} INFO - Started process (PID=689) to work on /home/airflow/.local/lib/python3.7/site-packages/airflow/example_dags/example_external_task_marker_dag.py
[2022-09-10T17:21:13.419+0000] {processor.py:640} INFO - Processing file /home/airflow/.local/lib/python3.7/site-packages/airflow/example_dags/example_external_task_marker_dag.py for tasks to queue
[2022-09-10T17:21:13.421+0000] {logging_mixin.py:115} INFO - [2022-09-10T17:21:13.421+0000] {dagbag.py:508} INFO - Filling up the DagBag from /home/airflow/.local/lib/python3.7/site-packages/airflow/example_dags/example_external_task_marker_dag.py
[2022-09-10T17:21:13.426+0000] {processor.py:650} INFO - DAG(s) dict_keys(['example_external_task_marker_parent', 'example_external_task_marker_child']) retrieved from /home/airflow/.local/lib/python3.7/site-packages/airflow/example_dags/example_external_task_marker_dag.py
[2022-09-10T17:21:13.548+0000] {logging_mixin.py:115} INFO - [2022-09-10T17:21:13.548+0000] {dag.py:2429} INFO - Sync 2 DAGs
[2022-09-10T17:21:13.566+0000] {logging_mixin.py:115} INFO - [2022-09-10T17:21:13.565+0000] {dag.py:2981} INFO - Setting next_dagrun for example_external_task_marker_child to None, run_after=None
[2022-09-10T17:21:13.568+0000] {logging_mixin.py:115} INFO - [2022-09-10T17:21:13.567+0000] {dag.py:2981} INFO - Setting next_dagrun for example_external_task_marker_parent to None, run_after=None
[2022-09-10T17:21:13.579+0000] {processor.py:161} INFO - Processing /home/airflow/.local/lib/python3.7/site-packages/airflow/example_dags/example_external_task_marker_dag.py took 0.164 seconds
[2022-09-10T17:21:44.322+0000] {processor.py:153} INFO - Started process (PID=751) to work on /home/airflow/.local/lib/python3.7/site-packages/airflow/example_dags/example_external_task_marker_dag.py
[2022-09-10T17:21:44.324+0000] {processor.py:640} INFO - Processing file /home/airflow/.local/lib/python3.7/site-packages/airflow/example_dags/example_external_task_marker_dag.py for tasks to queue
[2022-09-10T17:21:44.325+0000] {logging_mixin.py:115} INFO - [2022-09-10T17:21:44.325+0000] {dagbag.py:508} INFO - Filling up the DagBag from /home/airflow/.local/lib/python3.7/site-packages/airflow/example_dags/example_external_task_marker_dag.py
[2022-09-10T17:21:44.332+0000] {processor.py:650} INFO - DAG(s) dict_keys(['example_external_task_marker_parent', 'example_external_task_marker_child']) retrieved from /home/airflow/.local/lib/python3.7/site-packages/airflow/example_dags/example_external_task_marker_dag.py
[2022-09-10T17:21:44.434+0000] {logging_mixin.py:115} INFO - [2022-09-10T17:21:44.434+0000] {dag.py:2429} INFO - Sync 2 DAGs
[2022-09-10T17:21:44.449+0000] {logging_mixin.py:115} INFO - [2022-09-10T17:21:44.449+0000] {dag.py:2981} INFO - Setting next_dagrun for example_external_task_marker_child to None, run_after=None
[2022-09-10T17:21:44.450+0000] {logging_mixin.py:115} INFO - [2022-09-10T17:21:44.450+0000] {dag.py:2981} INFO - Setting next_dagrun for example_external_task_marker_parent to None, run_after=None
[2022-09-10T17:21:44.459+0000] {processor.py:161} INFO - Processing /home/airflow/.local/lib/python3.7/site-packages/airflow/example_dags/example_external_task_marker_dag.py took 0.144 seconds
[2022-09-10T17:22:14.529+0000] {processor.py:153} INFO - Started process (PID=814) to work on /home/airflow/.local/lib/python3.7/site-packages/airflow/example_dags/example_external_task_marker_dag.py
[2022-09-10T17:22:14.532+0000] {processor.py:640} INFO - Processing file /home/airflow/.local/lib/python3.7/site-packages/airflow/example_dags/example_external_task_marker_dag.py for tasks to queue
[2022-09-10T17:22:14.534+0000] {logging_mixin.py:115} INFO - [2022-09-10T17:22:14.534+0000] {dagbag.py:508} INFO - Filling up the DagBag from /home/airflow/.local/lib/python3.7/site-packages/airflow/example_dags/example_external_task_marker_dag.py
[2022-09-10T17:22:14.542+0000] {processor.py:650} INFO - DAG(s) dict_keys(['example_external_task_marker_parent', 'example_external_task_marker_child']) retrieved from /home/airflow/.local/lib/python3.7/site-packages/airflow/example_dags/example_external_task_marker_dag.py
[2022-09-10T17:22:14.711+0000] {logging_mixin.py:115} INFO - [2022-09-10T17:22:14.710+0000] {dag.py:2429} INFO - Sync 2 DAGs
[2022-09-10T17:22:14.741+0000] {logging_mixin.py:115} INFO - [2022-09-10T17:22:14.741+0000] {dag.py:2981} INFO - Setting next_dagrun for example_external_task_marker_child to None, run_after=None
[2022-09-10T17:22:14.744+0000] {logging_mixin.py:115} INFO - [2022-09-10T17:22:14.743+0000] {dag.py:2981} INFO - Setting next_dagrun for example_external_task_marker_parent to None, run_after=None
[2022-09-10T17:22:14.756+0000] {processor.py:161} INFO - Processing /home/airflow/.local/lib/python3.7/site-packages/airflow/example_dags/example_external_task_marker_dag.py took 0.232 seconds
[2022-09-10T17:22:44.896+0000] {processor.py:153} INFO - Started process (PID=879) to work on /home/airflow/.local/lib/python3.7/site-packages/airflow/example_dags/example_external_task_marker_dag.py
[2022-09-10T17:22:44.898+0000] {processor.py:640} INFO - Processing file /home/airflow/.local/lib/python3.7/site-packages/airflow/example_dags/example_external_task_marker_dag.py for tasks to queue
[2022-09-10T17:22:44.899+0000] {logging_mixin.py:115} INFO - [2022-09-10T17:22:44.899+0000] {dagbag.py:508} INFO - Filling up the DagBag from /home/airflow/.local/lib/python3.7/site-packages/airflow/example_dags/example_external_task_marker_dag.py
[2022-09-10T17:22:44.903+0000] {processor.py:650} INFO - DAG(s) dict_keys(['example_external_task_marker_parent', 'example_external_task_marker_child']) retrieved from /home/airflow/.local/lib/python3.7/site-packages/airflow/example_dags/example_external_task_marker_dag.py
[2022-09-10T17:22:44.991+0000] {logging_mixin.py:115} INFO - [2022-09-10T17:22:44.991+0000] {dag.py:2429} INFO - Sync 2 DAGs
[2022-09-10T17:22:45.004+0000] {logging_mixin.py:115} INFO - [2022-09-10T17:22:45.004+0000] {dag.py:2981} INFO - Setting next_dagrun for example_external_task_marker_child to None, run_after=None
[2022-09-10T17:22:45.005+0000] {logging_mixin.py:115} INFO - [2022-09-10T17:22:45.005+0000] {dag.py:2981} INFO - Setting next_dagrun for example_external_task_marker_parent to None, run_after=None
[2022-09-10T17:22:45.015+0000] {processor.py:161} INFO - Processing /home/airflow/.local/lib/python3.7/site-packages/airflow/example_dags/example_external_task_marker_dag.py took 0.121 seconds
[2022-09-10T17:23:15.685+0000] {processor.py:153} INFO - Started process (PID=938) to work on /home/airflow/.local/lib/python3.7/site-packages/airflow/example_dags/example_external_task_marker_dag.py
[2022-09-10T17:23:15.689+0000] {processor.py:640} INFO - Processing file /home/airflow/.local/lib/python3.7/site-packages/airflow/example_dags/example_external_task_marker_dag.py for tasks to queue
[2022-09-10T17:23:15.691+0000] {logging_mixin.py:115} INFO - [2022-09-10T17:23:15.691+0000] {dagbag.py:508} INFO - Filling up the DagBag from /home/airflow/.local/lib/python3.7/site-packages/airflow/example_dags/example_external_task_marker_dag.py
[2022-09-10T17:23:15.696+0000] {processor.py:650} INFO - DAG(s) dict_keys(['example_external_task_marker_parent', 'example_external_task_marker_child']) retrieved from /home/airflow/.local/lib/python3.7/site-packages/airflow/example_dags/example_external_task_marker_dag.py
[2022-09-10T17:23:15.800+0000] {logging_mixin.py:115} INFO - [2022-09-10T17:23:15.800+0000] {dag.py:2429} INFO - Sync 2 DAGs
[2022-09-10T17:23:15.812+0000] {logging_mixin.py:115} INFO - [2022-09-10T17:23:15.812+0000] {dag.py:2981} INFO - Setting next_dagrun for example_external_task_marker_child to None, run_after=None
[2022-09-10T17:23:15.814+0000] {logging_mixin.py:115} INFO - [2022-09-10T17:23:15.813+0000] {dag.py:2981} INFO - Setting next_dagrun for example_external_task_marker_parent to None, run_after=None
[2022-09-10T17:23:15.822+0000] {processor.py:161} INFO - Processing /home/airflow/.local/lib/python3.7/site-packages/airflow/example_dags/example_external_task_marker_dag.py took 0.145 seconds
[2022-09-10T17:23:46.591+0000] {processor.py:153} INFO - Started process (PID=1001) to work on /home/airflow/.local/lib/python3.7/site-packages/airflow/example_dags/example_external_task_marker_dag.py
[2022-09-10T17:23:46.594+0000] {processor.py:640} INFO - Processing file /home/airflow/.local/lib/python3.7/site-packages/airflow/example_dags/example_external_task_marker_dag.py for tasks to queue
[2022-09-10T17:23:46.596+0000] {logging_mixin.py:115} INFO - [2022-09-10T17:23:46.596+0000] {dagbag.py:508} INFO - Filling up the DagBag from /home/airflow/.local/lib/python3.7/site-packages/airflow/example_dags/example_external_task_marker_dag.py
[2022-09-10T17:23:46.602+0000] {processor.py:650} INFO - DAG(s) dict_keys(['example_external_task_marker_parent', 'example_external_task_marker_child']) retrieved from /home/airflow/.local/lib/python3.7/site-packages/airflow/example_dags/example_external_task_marker_dag.py
[2022-09-10T17:23:46.720+0000] {logging_mixin.py:115} INFO - [2022-09-10T17:23:46.720+0000] {dag.py:2429} INFO - Sync 2 DAGs
[2022-09-10T17:23:46.736+0000] {logging_mixin.py:115} INFO - [2022-09-10T17:23:46.736+0000] {dag.py:2981} INFO - Setting next_dagrun for example_external_task_marker_child to None, run_after=None
[2022-09-10T17:23:46.738+0000] {logging_mixin.py:115} INFO - [2022-09-10T17:23:46.738+0000] {dag.py:2981} INFO - Setting next_dagrun for example_external_task_marker_parent to None, run_after=None
[2022-09-10T17:23:46.752+0000] {processor.py:161} INFO - Processing /home/airflow/.local/lib/python3.7/site-packages/airflow/example_dags/example_external_task_marker_dag.py took 0.165 seconds
[2022-09-10T17:24:17.680+0000] {processor.py:153} INFO - Started process (PID=1055) to work on /home/airflow/.local/lib/python3.7/site-packages/airflow/example_dags/example_external_task_marker_dag.py
[2022-09-10T17:24:17.683+0000] {processor.py:640} INFO - Processing file /home/airflow/.local/lib/python3.7/site-packages/airflow/example_dags/example_external_task_marker_dag.py for tasks to queue
[2022-09-10T17:24:17.685+0000] {logging_mixin.py:115} INFO - [2022-09-10T17:24:17.685+0000] {dagbag.py:508} INFO - Filling up the DagBag from /home/airflow/.local/lib/python3.7/site-packages/airflow/example_dags/example_external_task_marker_dag.py
[2022-09-10T17:24:17.696+0000] {processor.py:650} INFO - DAG(s) dict_keys(['example_external_task_marker_parent', 'example_external_task_marker_child']) retrieved from /home/airflow/.local/lib/python3.7/site-packages/airflow/example_dags/example_external_task_marker_dag.py
[2022-09-10T17:24:17.818+0000] {logging_mixin.py:115} INFO - [2022-09-10T17:24:17.817+0000] {dag.py:2429} INFO - Sync 2 DAGs
[2022-09-10T17:24:17.831+0000] {logging_mixin.py:115} INFO - [2022-09-10T17:24:17.831+0000] {dag.py:2981} INFO - Setting next_dagrun for example_external_task_marker_child to None, run_after=None
[2022-09-10T17:24:17.832+0000] {logging_mixin.py:115} INFO - [2022-09-10T17:24:17.831+0000] {dag.py:2981} INFO - Setting next_dagrun for example_external_task_marker_parent to None, run_after=None
[2022-09-10T17:24:17.840+0000] {processor.py:161} INFO - Processing /home/airflow/.local/lib/python3.7/site-packages/airflow/example_dags/example_external_task_marker_dag.py took 0.168 seconds
[2022-09-10T17:24:48.443+0000] {processor.py:153} INFO - Started process (PID=1118) to work on /home/airflow/.local/lib/python3.7/site-packages/airflow/example_dags/example_external_task_marker_dag.py
[2022-09-10T17:24:48.446+0000] {processor.py:640} INFO - Processing file /home/airflow/.local/lib/python3.7/site-packages/airflow/example_dags/example_external_task_marker_dag.py for tasks to queue
[2022-09-10T17:24:48.448+0000] {logging_mixin.py:115} INFO - [2022-09-10T17:24:48.447+0000] {dagbag.py:508} INFO - Filling up the DagBag from /home/airflow/.local/lib/python3.7/site-packages/airflow/example_dags/example_external_task_marker_dag.py
[2022-09-10T17:24:48.452+0000] {processor.py:650} INFO - DAG(s) dict_keys(['example_external_task_marker_parent', 'example_external_task_marker_child']) retrieved from /home/airflow/.local/lib/python3.7/site-packages/airflow/example_dags/example_external_task_marker_dag.py
[2022-09-10T17:24:48.564+0000] {logging_mixin.py:115} INFO - [2022-09-10T17:24:48.564+0000] {dag.py:2429} INFO - Sync 2 DAGs
[2022-09-10T17:24:48.580+0000] {logging_mixin.py:115} INFO - [2022-09-10T17:24:48.580+0000] {dag.py:2981} INFO - Setting next_dagrun for example_external_task_marker_child to None, run_after=None
[2022-09-10T17:24:48.581+0000] {logging_mixin.py:115} INFO - [2022-09-10T17:24:48.581+0000] {dag.py:2981} INFO - Setting next_dagrun for example_external_task_marker_parent to None, run_after=None
[2022-09-10T17:24:48.592+0000] {processor.py:161} INFO - Processing /home/airflow/.local/lib/python3.7/site-packages/airflow/example_dags/example_external_task_marker_dag.py took 0.154 seconds
[2022-09-10T17:25:19.292+0000] {processor.py:153} INFO - Started process (PID=1180) to work on /home/airflow/.local/lib/python3.7/site-packages/airflow/example_dags/example_external_task_marker_dag.py
[2022-09-10T17:25:19.295+0000] {processor.py:640} INFO - Processing file /home/airflow/.local/lib/python3.7/site-packages/airflow/example_dags/example_external_task_marker_dag.py for tasks to queue
[2022-09-10T17:25:19.298+0000] {logging_mixin.py:115} INFO - [2022-09-10T17:25:19.298+0000] {dagbag.py:508} INFO - Filling up the DagBag from /home/airflow/.local/lib/python3.7/site-packages/airflow/example_dags/example_external_task_marker_dag.py
[2022-09-10T17:25:19.307+0000] {processor.py:650} INFO - DAG(s) dict_keys(['example_external_task_marker_parent', 'example_external_task_marker_child']) retrieved from /home/airflow/.local/lib/python3.7/site-packages/airflow/example_dags/example_external_task_marker_dag.py
[2022-09-10T17:25:19.424+0000] {logging_mixin.py:115} INFO - [2022-09-10T17:25:19.424+0000] {dag.py:2429} INFO - Sync 2 DAGs
[2022-09-10T17:25:19.438+0000] {logging_mixin.py:115} INFO - [2022-09-10T17:25:19.438+0000] {dag.py:2981} INFO - Setting next_dagrun for example_external_task_marker_child to None, run_after=None
[2022-09-10T17:25:19.442+0000] {logging_mixin.py:115} INFO - [2022-09-10T17:25:19.442+0000] {dag.py:2981} INFO - Setting next_dagrun for example_external_task_marker_parent to None, run_after=None
[2022-09-10T17:25:19.451+0000] {processor.py:161} INFO - Processing /home/airflow/.local/lib/python3.7/site-packages/airflow/example_dags/example_external_task_marker_dag.py took 0.167 seconds
[2022-09-10T17:25:50.380+0000] {processor.py:153} INFO - Started process (PID=1244) to work on /home/airflow/.local/lib/python3.7/site-packages/airflow/example_dags/example_external_task_marker_dag.py
[2022-09-10T17:25:50.383+0000] {processor.py:640} INFO - Processing file /home/airflow/.local/lib/python3.7/site-packages/airflow/example_dags/example_external_task_marker_dag.py for tasks to queue
[2022-09-10T17:25:50.385+0000] {logging_mixin.py:115} INFO - [2022-09-10T17:25:50.385+0000] {dagbag.py:508} INFO - Filling up the DagBag from /home/airflow/.local/lib/python3.7/site-packages/airflow/example_dags/example_external_task_marker_dag.py
[2022-09-10T17:25:50.395+0000] {processor.py:650} INFO - DAG(s) dict_keys(['example_external_task_marker_parent', 'example_external_task_marker_child']) retrieved from /home/airflow/.local/lib/python3.7/site-packages/airflow/example_dags/example_external_task_marker_dag.py
[2022-09-10T17:25:50.536+0000] {logging_mixin.py:115} INFO - [2022-09-10T17:25:50.536+0000] {dag.py:2429} INFO - Sync 2 DAGs
[2022-09-10T17:25:50.552+0000] {logging_mixin.py:115} INFO - [2022-09-10T17:25:50.552+0000] {dag.py:2981} INFO - Setting next_dagrun for example_external_task_marker_child to None, run_after=None
[2022-09-10T17:25:50.554+0000] {logging_mixin.py:115} INFO - [2022-09-10T17:25:50.553+0000] {dag.py:2981} INFO - Setting next_dagrun for example_external_task_marker_parent to None, run_after=None
[2022-09-10T17:25:50.564+0000] {processor.py:161} INFO - Processing /home/airflow/.local/lib/python3.7/site-packages/airflow/example_dags/example_external_task_marker_dag.py took 0.191 seconds
[2022-09-10T17:26:20.604+0000] {processor.py:153} INFO - Started process (PID=1308) to work on /home/airflow/.local/lib/python3.7/site-packages/airflow/example_dags/example_external_task_marker_dag.py
[2022-09-10T17:26:20.606+0000] {processor.py:640} INFO - Processing file /home/airflow/.local/lib/python3.7/site-packages/airflow/example_dags/example_external_task_marker_dag.py for tasks to queue
[2022-09-10T17:26:20.608+0000] {logging_mixin.py:115} INFO - [2022-09-10T17:26:20.608+0000] {dagbag.py:508} INFO - Filling up the DagBag from /home/airflow/.local/lib/python3.7/site-packages/airflow/example_dags/example_external_task_marker_dag.py
[2022-09-10T17:26:20.612+0000] {processor.py:650} INFO - DAG(s) dict_keys(['example_external_task_marker_parent', 'example_external_task_marker_child']) retrieved from /home/airflow/.local/lib/python3.7/site-packages/airflow/example_dags/example_external_task_marker_dag.py
[2022-09-10T17:26:20.711+0000] {logging_mixin.py:115} INFO - [2022-09-10T17:26:20.711+0000] {dag.py:2429} INFO - Sync 2 DAGs
[2022-09-10T17:26:20.724+0000] {logging_mixin.py:115} INFO - [2022-09-10T17:26:20.724+0000] {dag.py:2981} INFO - Setting next_dagrun for example_external_task_marker_child to None, run_after=None
[2022-09-10T17:26:20.725+0000] {logging_mixin.py:115} INFO - [2022-09-10T17:26:20.725+0000] {dag.py:2981} INFO - Setting next_dagrun for example_external_task_marker_parent to None, run_after=None
[2022-09-10T17:26:20.734+0000] {processor.py:161} INFO - Processing /home/airflow/.local/lib/python3.7/site-packages/airflow/example_dags/example_external_task_marker_dag.py took 0.132 seconds
[2022-09-10T17:26:50.815+0000] {processor.py:153} INFO - Started process (PID=1363) to work on /home/airflow/.local/lib/python3.7/site-packages/airflow/example_dags/example_external_task_marker_dag.py
[2022-09-10T17:26:50.817+0000] {processor.py:640} INFO - Processing file /home/airflow/.local/lib/python3.7/site-packages/airflow/example_dags/example_external_task_marker_dag.py for tasks to queue
[2022-09-10T17:26:50.818+0000] {logging_mixin.py:115} INFO - [2022-09-10T17:26:50.818+0000] {dagbag.py:508} INFO - Filling up the DagBag from /home/airflow/.local/lib/python3.7/site-packages/airflow/example_dags/example_external_task_marker_dag.py
[2022-09-10T17:26:50.823+0000] {processor.py:650} INFO - DAG(s) dict_keys(['example_external_task_marker_parent', 'example_external_task_marker_child']) retrieved from /home/airflow/.local/lib/python3.7/site-packages/airflow/example_dags/example_external_task_marker_dag.py
[2022-09-10T17:26:50.951+0000] {logging_mixin.py:115} INFO - [2022-09-10T17:26:50.950+0000] {dag.py:2429} INFO - Sync 2 DAGs
[2022-09-10T17:26:50.971+0000] {logging_mixin.py:115} INFO - [2022-09-10T17:26:50.971+0000] {dag.py:2981} INFO - Setting next_dagrun for example_external_task_marker_child to None, run_after=None
[2022-09-10T17:26:50.973+0000] {logging_mixin.py:115} INFO - [2022-09-10T17:26:50.973+0000] {dag.py:2981} INFO - Setting next_dagrun for example_external_task_marker_parent to None, run_after=None
[2022-09-10T17:26:50.988+0000] {processor.py:161} INFO - Processing /home/airflow/.local/lib/python3.7/site-packages/airflow/example_dags/example_external_task_marker_dag.py took 0.176 seconds
[2022-09-10T17:27:21.992+0000] {processor.py:153} INFO - Started process (PID=1428) to work on /home/airflow/.local/lib/python3.7/site-packages/airflow/example_dags/example_external_task_marker_dag.py
[2022-09-10T17:27:21.994+0000] {processor.py:640} INFO - Processing file /home/airflow/.local/lib/python3.7/site-packages/airflow/example_dags/example_external_task_marker_dag.py for tasks to queue
[2022-09-10T17:27:21.995+0000] {logging_mixin.py:115} INFO - [2022-09-10T17:27:21.995+0000] {dagbag.py:508} INFO - Filling up the DagBag from /home/airflow/.local/lib/python3.7/site-packages/airflow/example_dags/example_external_task_marker_dag.py
[2022-09-10T17:27:22.002+0000] {processor.py:650} INFO - DAG(s) dict_keys(['example_external_task_marker_parent', 'example_external_task_marker_child']) retrieved from /home/airflow/.local/lib/python3.7/site-packages/airflow/example_dags/example_external_task_marker_dag.py
[2022-09-10T17:27:22.104+0000] {logging_mixin.py:115} INFO - [2022-09-10T17:27:22.104+0000] {dag.py:2429} INFO - Sync 2 DAGs
[2022-09-10T17:27:22.119+0000] {logging_mixin.py:115} INFO - [2022-09-10T17:27:22.119+0000] {dag.py:2981} INFO - Setting next_dagrun for example_external_task_marker_child to None, run_after=None
[2022-09-10T17:27:22.120+0000] {logging_mixin.py:115} INFO - [2022-09-10T17:27:22.120+0000] {dag.py:2981} INFO - Setting next_dagrun for example_external_task_marker_parent to None, run_after=None
[2022-09-10T17:27:22.129+0000] {processor.py:161} INFO - Processing /home/airflow/.local/lib/python3.7/site-packages/airflow/example_dags/example_external_task_marker_dag.py took 0.142 seconds
[2022-09-10T17:27:52.188+0000] {processor.py:153} INFO - Started process (PID=1494) to work on /home/airflow/.local/lib/python3.7/site-packages/airflow/example_dags/example_external_task_marker_dag.py
[2022-09-10T17:27:52.190+0000] {processor.py:640} INFO - Processing file /home/airflow/.local/lib/python3.7/site-packages/airflow/example_dags/example_external_task_marker_dag.py for tasks to queue
[2022-09-10T17:27:52.191+0000] {logging_mixin.py:115} INFO - [2022-09-10T17:27:52.191+0000] {dagbag.py:508} INFO - Filling up the DagBag from /home/airflow/.local/lib/python3.7/site-packages/airflow/example_dags/example_external_task_marker_dag.py
[2022-09-10T17:27:52.194+0000] {processor.py:650} INFO - DAG(s) dict_keys(['example_external_task_marker_parent', 'example_external_task_marker_child']) retrieved from /home/airflow/.local/lib/python3.7/site-packages/airflow/example_dags/example_external_task_marker_dag.py
[2022-09-10T17:27:52.274+0000] {logging_mixin.py:115} INFO - [2022-09-10T17:27:52.274+0000] {dag.py:2429} INFO - Sync 2 DAGs
[2022-09-10T17:27:52.285+0000] {logging_mixin.py:115} INFO - [2022-09-10T17:27:52.285+0000] {dag.py:2981} INFO - Setting next_dagrun for example_external_task_marker_child to None, run_after=None
[2022-09-10T17:27:52.287+0000] {logging_mixin.py:115} INFO - [2022-09-10T17:27:52.287+0000] {dag.py:2981} INFO - Setting next_dagrun for example_external_task_marker_parent to None, run_after=None
[2022-09-10T17:27:52.294+0000] {processor.py:161} INFO - Processing /home/airflow/.local/lib/python3.7/site-packages/airflow/example_dags/example_external_task_marker_dag.py took 0.108 seconds
[2022-09-10T17:28:22.323+0000] {processor.py:153} INFO - Started process (PID=1557) to work on /home/airflow/.local/lib/python3.7/site-packages/airflow/example_dags/example_external_task_marker_dag.py
[2022-09-10T17:28:22.325+0000] {processor.py:640} INFO - Processing file /home/airflow/.local/lib/python3.7/site-packages/airflow/example_dags/example_external_task_marker_dag.py for tasks to queue
[2022-09-10T17:28:22.326+0000] {logging_mixin.py:115} INFO - [2022-09-10T17:28:22.325+0000] {dagbag.py:508} INFO - Filling up the DagBag from /home/airflow/.local/lib/python3.7/site-packages/airflow/example_dags/example_external_task_marker_dag.py
[2022-09-10T17:28:22.329+0000] {processor.py:650} INFO - DAG(s) dict_keys(['example_external_task_marker_parent', 'example_external_task_marker_child']) retrieved from /home/airflow/.local/lib/python3.7/site-packages/airflow/example_dags/example_external_task_marker_dag.py
[2022-09-10T17:28:22.410+0000] {logging_mixin.py:115} INFO - [2022-09-10T17:28:22.410+0000] {dag.py:2429} INFO - Sync 2 DAGs
[2022-09-10T17:28:22.421+0000] {logging_mixin.py:115} INFO - [2022-09-10T17:28:22.421+0000] {dag.py:2981} INFO - Setting next_dagrun for example_external_task_marker_child to None, run_after=None
[2022-09-10T17:28:22.422+0000] {logging_mixin.py:115} INFO - [2022-09-10T17:28:22.422+0000] {dag.py:2981} INFO - Setting next_dagrun for example_external_task_marker_parent to None, run_after=None
[2022-09-10T17:28:22.429+0000] {processor.py:161} INFO - Processing /home/airflow/.local/lib/python3.7/site-packages/airflow/example_dags/example_external_task_marker_dag.py took 0.108 seconds
[2022-09-10T17:28:52.822+0000] {processor.py:153} INFO - Started process (PID=1619) to work on /home/airflow/.local/lib/python3.7/site-packages/airflow/example_dags/example_external_task_marker_dag.py
[2022-09-10T17:28:52.824+0000] {processor.py:640} INFO - Processing file /home/airflow/.local/lib/python3.7/site-packages/airflow/example_dags/example_external_task_marker_dag.py for tasks to queue
[2022-09-10T17:28:52.825+0000] {logging_mixin.py:115} INFO - [2022-09-10T17:28:52.825+0000] {dagbag.py:508} INFO - Filling up the DagBag from /home/airflow/.local/lib/python3.7/site-packages/airflow/example_dags/example_external_task_marker_dag.py
[2022-09-10T17:28:52.829+0000] {processor.py:650} INFO - DAG(s) dict_keys(['example_external_task_marker_parent', 'example_external_task_marker_child']) retrieved from /home/airflow/.local/lib/python3.7/site-packages/airflow/example_dags/example_external_task_marker_dag.py
[2022-09-10T17:28:52.938+0000] {logging_mixin.py:115} INFO - [2022-09-10T17:28:52.938+0000] {dag.py:2429} INFO - Sync 2 DAGs
[2022-09-10T17:28:52.951+0000] {logging_mixin.py:115} INFO - [2022-09-10T17:28:52.951+0000] {dag.py:2981} INFO - Setting next_dagrun for example_external_task_marker_child to None, run_after=None
[2022-09-10T17:28:52.953+0000] {logging_mixin.py:115} INFO - [2022-09-10T17:28:52.953+0000] {dag.py:2981} INFO - Setting next_dagrun for example_external_task_marker_parent to None, run_after=None
[2022-09-10T17:28:52.960+0000] {processor.py:161} INFO - Processing /home/airflow/.local/lib/python3.7/site-packages/airflow/example_dags/example_external_task_marker_dag.py took 0.141 seconds
[2022-09-10T17:29:23.701+0000] {processor.py:153} INFO - Started process (PID=1673) to work on /home/airflow/.local/lib/python3.7/site-packages/airflow/example_dags/example_external_task_marker_dag.py
[2022-09-10T17:29:23.703+0000] {processor.py:640} INFO - Processing file /home/airflow/.local/lib/python3.7/site-packages/airflow/example_dags/example_external_task_marker_dag.py for tasks to queue
[2022-09-10T17:29:23.704+0000] {logging_mixin.py:115} INFO - [2022-09-10T17:29:23.704+0000] {dagbag.py:508} INFO - Filling up the DagBag from /home/airflow/.local/lib/python3.7/site-packages/airflow/example_dags/example_external_task_marker_dag.py
[2022-09-10T17:29:23.708+0000] {processor.py:650} INFO - DAG(s) dict_keys(['example_external_task_marker_parent', 'example_external_task_marker_child']) retrieved from /home/airflow/.local/lib/python3.7/site-packages/airflow/example_dags/example_external_task_marker_dag.py
[2022-09-10T17:29:23.846+0000] {logging_mixin.py:115} INFO - [2022-09-10T17:29:23.846+0000] {dag.py:2429} INFO - Sync 2 DAGs
[2022-09-10T17:29:23.880+0000] {logging_mixin.py:115} INFO - [2022-09-10T17:29:23.879+0000] {dag.py:2981} INFO - Setting next_dagrun for example_external_task_marker_child to None, run_after=None
[2022-09-10T17:29:23.881+0000] {logging_mixin.py:115} INFO - [2022-09-10T17:29:23.881+0000] {dag.py:2981} INFO - Setting next_dagrun for example_external_task_marker_parent to None, run_after=None
[2022-09-10T17:29:23.939+0000] {processor.py:161} INFO - Processing /home/airflow/.local/lib/python3.7/site-packages/airflow/example_dags/example_external_task_marker_dag.py took 0.240 seconds
[2022-09-10T17:29:53.985+0000] {processor.py:153} INFO - Started process (PID=1736) to work on /home/airflow/.local/lib/python3.7/site-packages/airflow/example_dags/example_external_task_marker_dag.py
[2022-09-10T17:29:53.986+0000] {processor.py:640} INFO - Processing file /home/airflow/.local/lib/python3.7/site-packages/airflow/example_dags/example_external_task_marker_dag.py for tasks to queue
[2022-09-10T17:29:53.987+0000] {logging_mixin.py:115} INFO - [2022-09-10T17:29:53.987+0000] {dagbag.py:508} INFO - Filling up the DagBag from /home/airflow/.local/lib/python3.7/site-packages/airflow/example_dags/example_external_task_marker_dag.py
[2022-09-10T17:29:53.990+0000] {processor.py:650} INFO - DAG(s) dict_keys(['example_external_task_marker_parent', 'example_external_task_marker_child']) retrieved from /home/airflow/.local/lib/python3.7/site-packages/airflow/example_dags/example_external_task_marker_dag.py
[2022-09-10T17:29:54.073+0000] {logging_mixin.py:115} INFO - [2022-09-10T17:29:54.073+0000] {dag.py:2429} INFO - Sync 2 DAGs
[2022-09-10T17:29:54.085+0000] {logging_mixin.py:115} INFO - [2022-09-10T17:29:54.085+0000] {dag.py:2981} INFO - Setting next_dagrun for example_external_task_marker_child to None, run_after=None
[2022-09-10T17:29:54.086+0000] {logging_mixin.py:115} INFO - [2022-09-10T17:29:54.086+0000] {dag.py:2981} INFO - Setting next_dagrun for example_external_task_marker_parent to None, run_after=None
[2022-09-10T17:29:54.094+0000] {processor.py:161} INFO - Processing /home/airflow/.local/lib/python3.7/site-packages/airflow/example_dags/example_external_task_marker_dag.py took 0.111 seconds
[2022-09-10T17:30:24.480+0000] {processor.py:153} INFO - Started process (PID=1799) to work on /home/airflow/.local/lib/python3.7/site-packages/airflow/example_dags/example_external_task_marker_dag.py
[2022-09-10T17:30:24.481+0000] {processor.py:640} INFO - Processing file /home/airflow/.local/lib/python3.7/site-packages/airflow/example_dags/example_external_task_marker_dag.py for tasks to queue
[2022-09-10T17:30:24.482+0000] {logging_mixin.py:115} INFO - [2022-09-10T17:30:24.482+0000] {dagbag.py:508} INFO - Filling up the DagBag from /home/airflow/.local/lib/python3.7/site-packages/airflow/example_dags/example_external_task_marker_dag.py
[2022-09-10T17:30:24.487+0000] {processor.py:650} INFO - DAG(s) dict_keys(['example_external_task_marker_parent', 'example_external_task_marker_child']) retrieved from /home/airflow/.local/lib/python3.7/site-packages/airflow/example_dags/example_external_task_marker_dag.py
[2022-09-10T17:30:24.575+0000] {logging_mixin.py:115} INFO - [2022-09-10T17:30:24.575+0000] {dag.py:2429} INFO - Sync 2 DAGs
[2022-09-10T17:30:24.587+0000] {logging_mixin.py:115} INFO - [2022-09-10T17:30:24.587+0000] {dag.py:2981} INFO - Setting next_dagrun for example_external_task_marker_child to None, run_after=None
[2022-09-10T17:30:24.588+0000] {logging_mixin.py:115} INFO - [2022-09-10T17:30:24.588+0000] {dag.py:2981} INFO - Setting next_dagrun for example_external_task_marker_parent to None, run_after=None
[2022-09-10T17:30:24.596+0000] {processor.py:161} INFO - Processing /home/airflow/.local/lib/python3.7/site-packages/airflow/example_dags/example_external_task_marker_dag.py took 0.119 seconds
