[2022-09-10T17:06:37.592+0000] {processor.py:153} INFO - Started process (PID=47) to work on /home/airflow/.local/lib/python3.7/site-packages/airflow/example_dags/example_xcomargs.py
[2022-09-10T17:06:37.600+0000] {processor.py:640} INFO - Processing file /home/airflow/.local/lib/python3.7/site-packages/airflow/example_dags/example_xcomargs.py for tasks to queue
[2022-09-10T17:06:37.602+0000] {logging_mixin.py:115} INFO - [2022-09-10T17:06:37.601+0000] {dagbag.py:508} INFO - Filling up the DagBag from /home/airflow/.local/lib/python3.7/site-packages/airflow/example_dags/example_xcomargs.py
[2022-09-10T17:06:37.619+0000] {processor.py:650} INFO - DAG(s) dict_keys(['example_xcom_args', 'example_xcom_args_with_operators']) retrieved from /home/airflow/.local/lib/python3.7/site-packages/airflow/example_dags/example_xcomargs.py
[2022-09-10T17:06:37.734+0000] {logging_mixin.py:115} INFO - [2022-09-10T17:06:37.734+0000] {manager.py:508} INFO - Created Permission View: can edit on DAG:example_xcom_args
[2022-09-10T17:06:37.756+0000] {logging_mixin.py:115} INFO - [2022-09-10T17:06:37.755+0000] {manager.py:508} INFO - Created Permission View: can delete on DAG:example_xcom_args
[2022-09-10T17:06:37.779+0000] {logging_mixin.py:115} INFO - [2022-09-10T17:06:37.779+0000] {manager.py:508} INFO - Created Permission View: can read on DAG:example_xcom_args
[2022-09-10T17:06:37.800+0000] {logging_mixin.py:115} INFO - [2022-09-10T17:06:37.800+0000] {manager.py:508} INFO - Created Permission View: can edit on DAG:example_xcom_args_with_operators
[2022-09-10T17:06:37.811+0000] {logging_mixin.py:115} INFO - [2022-09-10T17:06:37.811+0000] {manager.py:508} INFO - Created Permission View: can delete on DAG:example_xcom_args_with_operators
[2022-09-10T17:06:37.820+0000] {logging_mixin.py:115} INFO - [2022-09-10T17:06:37.820+0000] {manager.py:508} INFO - Created Permission View: can read on DAG:example_xcom_args_with_operators
[2022-09-10T17:06:37.823+0000] {logging_mixin.py:115} INFO - [2022-09-10T17:06:37.823+0000] {dag.py:2429} INFO - Sync 2 DAGs
[2022-09-10T17:06:37.842+0000] {logging_mixin.py:115} INFO - [2022-09-10T17:06:37.842+0000] {dag.py:2448} INFO - Creating ORM DAG for example_xcom_args_with_operators
[2022-09-10T17:06:37.845+0000] {logging_mixin.py:115} INFO - [2022-09-10T17:06:37.845+0000] {dag.py:2448} INFO - Creating ORM DAG for example_xcom_args
[2022-09-10T17:06:37.879+0000] {logging_mixin.py:115} INFO - [2022-09-10T17:06:37.879+0000] {dag.py:2981} INFO - Setting next_dagrun for example_xcom_args to None, run_after=None
[2022-09-10T17:06:37.882+0000] {logging_mixin.py:115} INFO - [2022-09-10T17:06:37.882+0000] {dag.py:2981} INFO - Setting next_dagrun for example_xcom_args_with_operators to None, run_after=None
[2022-09-10T17:06:37.917+0000] {processor.py:161} INFO - Processing /home/airflow/.local/lib/python3.7/site-packages/airflow/example_dags/example_xcomargs.py took 0.328 seconds
[2022-09-10T17:07:08.132+0000] {processor.py:153} INFO - Started process (PID=100) to work on /home/airflow/.local/lib/python3.7/site-packages/airflow/example_dags/example_xcomargs.py
[2022-09-10T17:07:08.134+0000] {processor.py:640} INFO - Processing file /home/airflow/.local/lib/python3.7/site-packages/airflow/example_dags/example_xcomargs.py for tasks to queue
[2022-09-10T17:07:08.135+0000] {logging_mixin.py:115} INFO - [2022-09-10T17:07:08.135+0000] {dagbag.py:508} INFO - Filling up the DagBag from /home/airflow/.local/lib/python3.7/site-packages/airflow/example_dags/example_xcomargs.py
[2022-09-10T17:07:08.147+0000] {processor.py:650} INFO - DAG(s) dict_keys(['example_xcom_args', 'example_xcom_args_with_operators']) retrieved from /home/airflow/.local/lib/python3.7/site-packages/airflow/example_dags/example_xcomargs.py
[2022-09-10T17:07:08.191+0000] {logging_mixin.py:115} INFO - [2022-09-10T17:07:08.191+0000] {dag.py:2429} INFO - Sync 2 DAGs
[2022-09-10T17:07:08.203+0000] {logging_mixin.py:115} INFO - [2022-09-10T17:07:08.203+0000] {dag.py:2981} INFO - Setting next_dagrun for example_xcom_args to None, run_after=None
[2022-09-10T17:07:08.204+0000] {logging_mixin.py:115} INFO - [2022-09-10T17:07:08.204+0000] {dag.py:2981} INFO - Setting next_dagrun for example_xcom_args_with_operators to None, run_after=None
[2022-09-10T17:07:08.215+0000] {processor.py:161} INFO - Processing /home/airflow/.local/lib/python3.7/site-packages/airflow/example_dags/example_xcomargs.py took 0.084 seconds
[2022-09-10T17:07:38.483+0000] {processor.py:153} INFO - Started process (PID=163) to work on /home/airflow/.local/lib/python3.7/site-packages/airflow/example_dags/example_xcomargs.py
[2022-09-10T17:07:38.484+0000] {processor.py:640} INFO - Processing file /home/airflow/.local/lib/python3.7/site-packages/airflow/example_dags/example_xcomargs.py for tasks to queue
[2022-09-10T17:07:38.485+0000] {logging_mixin.py:115} INFO - [2022-09-10T17:07:38.485+0000] {dagbag.py:508} INFO - Filling up the DagBag from /home/airflow/.local/lib/python3.7/site-packages/airflow/example_dags/example_xcomargs.py
[2022-09-10T17:07:38.498+0000] {processor.py:650} INFO - DAG(s) dict_keys(['example_xcom_args', 'example_xcom_args_with_operators']) retrieved from /home/airflow/.local/lib/python3.7/site-packages/airflow/example_dags/example_xcomargs.py
[2022-09-10T17:07:38.557+0000] {logging_mixin.py:115} INFO - [2022-09-10T17:07:38.557+0000] {dag.py:2429} INFO - Sync 2 DAGs
[2022-09-10T17:07:38.588+0000] {logging_mixin.py:115} INFO - [2022-09-10T17:07:38.587+0000] {dag.py:2981} INFO - Setting next_dagrun for example_xcom_args to None, run_after=None
[2022-09-10T17:07:38.592+0000] {logging_mixin.py:115} INFO - [2022-09-10T17:07:38.592+0000] {dag.py:2981} INFO - Setting next_dagrun for example_xcom_args_with_operators to None, run_after=None
[2022-09-10T17:07:38.628+0000] {processor.py:161} INFO - Processing /home/airflow/.local/lib/python3.7/site-packages/airflow/example_dags/example_xcomargs.py took 0.148 seconds
[2022-09-10T17:08:09.433+0000] {processor.py:153} INFO - Started process (PID=228) to work on /home/airflow/.local/lib/python3.7/site-packages/airflow/example_dags/example_xcomargs.py
[2022-09-10T17:08:09.435+0000] {processor.py:640} INFO - Processing file /home/airflow/.local/lib/python3.7/site-packages/airflow/example_dags/example_xcomargs.py for tasks to queue
[2022-09-10T17:08:09.436+0000] {logging_mixin.py:115} INFO - [2022-09-10T17:08:09.436+0000] {dagbag.py:508} INFO - Filling up the DagBag from /home/airflow/.local/lib/python3.7/site-packages/airflow/example_dags/example_xcomargs.py
[2022-09-10T17:08:09.448+0000] {processor.py:650} INFO - DAG(s) dict_keys(['example_xcom_args', 'example_xcom_args_with_operators']) retrieved from /home/airflow/.local/lib/python3.7/site-packages/airflow/example_dags/example_xcomargs.py
[2022-09-10T17:08:09.491+0000] {logging_mixin.py:115} INFO - [2022-09-10T17:08:09.491+0000] {dag.py:2429} INFO - Sync 2 DAGs
[2022-09-10T17:08:09.502+0000] {logging_mixin.py:115} INFO - [2022-09-10T17:08:09.502+0000] {dag.py:2981} INFO - Setting next_dagrun for example_xcom_args to None, run_after=None
[2022-09-10T17:08:09.503+0000] {logging_mixin.py:115} INFO - [2022-09-10T17:08:09.503+0000] {dag.py:2981} INFO - Setting next_dagrun for example_xcom_args_with_operators to None, run_after=None
[2022-09-10T17:08:09.511+0000] {processor.py:161} INFO - Processing /home/airflow/.local/lib/python3.7/site-packages/airflow/example_dags/example_xcomargs.py took 0.081 seconds
[2022-09-10T17:08:40.375+0000] {processor.py:153} INFO - Started process (PID=290) to work on /home/airflow/.local/lib/python3.7/site-packages/airflow/example_dags/example_xcomargs.py
[2022-09-10T17:08:40.376+0000] {processor.py:640} INFO - Processing file /home/airflow/.local/lib/python3.7/site-packages/airflow/example_dags/example_xcomargs.py for tasks to queue
[2022-09-10T17:08:40.377+0000] {logging_mixin.py:115} INFO - [2022-09-10T17:08:40.377+0000] {dagbag.py:508} INFO - Filling up the DagBag from /home/airflow/.local/lib/python3.7/site-packages/airflow/example_dags/example_xcomargs.py
[2022-09-10T17:08:40.390+0000] {processor.py:650} INFO - DAG(s) dict_keys(['example_xcom_args', 'example_xcom_args_with_operators']) retrieved from /home/airflow/.local/lib/python3.7/site-packages/airflow/example_dags/example_xcomargs.py
[2022-09-10T17:08:40.432+0000] {logging_mixin.py:115} INFO - [2022-09-10T17:08:40.431+0000] {dag.py:2429} INFO - Sync 2 DAGs
[2022-09-10T17:08:40.442+0000] {logging_mixin.py:115} INFO - [2022-09-10T17:08:40.442+0000] {dag.py:2981} INFO - Setting next_dagrun for example_xcom_args to None, run_after=None
[2022-09-10T17:08:40.444+0000] {logging_mixin.py:115} INFO - [2022-09-10T17:08:40.444+0000] {dag.py:2981} INFO - Setting next_dagrun for example_xcom_args_with_operators to None, run_after=None
[2022-09-10T17:08:40.451+0000] {processor.py:161} INFO - Processing /home/airflow/.local/lib/python3.7/site-packages/airflow/example_dags/example_xcomargs.py took 0.078 seconds
[2022-09-10T17:09:11.175+0000] {processor.py:153} INFO - Started process (PID=354) to work on /home/airflow/.local/lib/python3.7/site-packages/airflow/example_dags/example_xcomargs.py
[2022-09-10T17:09:11.187+0000] {processor.py:640} INFO - Processing file /home/airflow/.local/lib/python3.7/site-packages/airflow/example_dags/example_xcomargs.py for tasks to queue
[2022-09-10T17:09:11.188+0000] {logging_mixin.py:115} INFO - [2022-09-10T17:09:11.188+0000] {dagbag.py:508} INFO - Filling up the DagBag from /home/airflow/.local/lib/python3.7/site-packages/airflow/example_dags/example_xcomargs.py
[2022-09-10T17:09:11.199+0000] {processor.py:650} INFO - DAG(s) dict_keys(['example_xcom_args', 'example_xcom_args_with_operators']) retrieved from /home/airflow/.local/lib/python3.7/site-packages/airflow/example_dags/example_xcomargs.py
[2022-09-10T17:09:11.241+0000] {logging_mixin.py:115} INFO - [2022-09-10T17:09:11.241+0000] {dag.py:2429} INFO - Sync 2 DAGs
[2022-09-10T17:09:11.253+0000] {logging_mixin.py:115} INFO - [2022-09-10T17:09:11.252+0000] {dag.py:2981} INFO - Setting next_dagrun for example_xcom_args to None, run_after=None
[2022-09-10T17:09:11.254+0000] {logging_mixin.py:115} INFO - [2022-09-10T17:09:11.253+0000] {dag.py:2981} INFO - Setting next_dagrun for example_xcom_args_with_operators to None, run_after=None
[2022-09-10T17:09:11.261+0000] {processor.py:161} INFO - Processing /home/airflow/.local/lib/python3.7/site-packages/airflow/example_dags/example_xcomargs.py took 0.088 seconds
[2022-09-10T17:09:42.038+0000] {processor.py:153} INFO - Started process (PID=418) to work on /home/airflow/.local/lib/python3.7/site-packages/airflow/example_dags/example_xcomargs.py
[2022-09-10T17:09:42.040+0000] {processor.py:640} INFO - Processing file /home/airflow/.local/lib/python3.7/site-packages/airflow/example_dags/example_xcomargs.py for tasks to queue
[2022-09-10T17:09:42.042+0000] {logging_mixin.py:115} INFO - [2022-09-10T17:09:42.042+0000] {dagbag.py:508} INFO - Filling up the DagBag from /home/airflow/.local/lib/python3.7/site-packages/airflow/example_dags/example_xcomargs.py
[2022-09-10T17:09:42.053+0000] {processor.py:650} INFO - DAG(s) dict_keys(['example_xcom_args', 'example_xcom_args_with_operators']) retrieved from /home/airflow/.local/lib/python3.7/site-packages/airflow/example_dags/example_xcomargs.py
[2022-09-10T17:09:42.101+0000] {logging_mixin.py:115} INFO - [2022-09-10T17:09:42.101+0000] {dag.py:2429} INFO - Sync 2 DAGs
[2022-09-10T17:09:42.112+0000] {logging_mixin.py:115} INFO - [2022-09-10T17:09:42.112+0000] {dag.py:2981} INFO - Setting next_dagrun for example_xcom_args to None, run_after=None
[2022-09-10T17:09:42.113+0000] {logging_mixin.py:115} INFO - [2022-09-10T17:09:42.113+0000] {dag.py:2981} INFO - Setting next_dagrun for example_xcom_args_with_operators to None, run_after=None
[2022-09-10T17:09:42.121+0000] {processor.py:161} INFO - Processing /home/airflow/.local/lib/python3.7/site-packages/airflow/example_dags/example_xcomargs.py took 0.085 seconds
[2022-09-10T17:10:12.853+0000] {processor.py:153} INFO - Started process (PID=472) to work on /home/airflow/.local/lib/python3.7/site-packages/airflow/example_dags/example_xcomargs.py
[2022-09-10T17:10:12.855+0000] {processor.py:640} INFO - Processing file /home/airflow/.local/lib/python3.7/site-packages/airflow/example_dags/example_xcomargs.py for tasks to queue
[2022-09-10T17:10:12.857+0000] {logging_mixin.py:115} INFO - [2022-09-10T17:10:12.857+0000] {dagbag.py:508} INFO - Filling up the DagBag from /home/airflow/.local/lib/python3.7/site-packages/airflow/example_dags/example_xcomargs.py
[2022-09-10T17:10:12.871+0000] {processor.py:650} INFO - DAG(s) dict_keys(['example_xcom_args', 'example_xcom_args_with_operators']) retrieved from /home/airflow/.local/lib/python3.7/site-packages/airflow/example_dags/example_xcomargs.py
[2022-09-10T17:10:12.915+0000] {logging_mixin.py:115} INFO - [2022-09-10T17:10:12.915+0000] {dag.py:2429} INFO - Sync 2 DAGs
[2022-09-10T17:10:12.925+0000] {logging_mixin.py:115} INFO - [2022-09-10T17:10:12.925+0000] {dag.py:2981} INFO - Setting next_dagrun for example_xcom_args to None, run_after=None
[2022-09-10T17:10:12.927+0000] {logging_mixin.py:115} INFO - [2022-09-10T17:10:12.927+0000] {dag.py:2981} INFO - Setting next_dagrun for example_xcom_args_with_operators to None, run_after=None
[2022-09-10T17:10:12.934+0000] {processor.py:161} INFO - Processing /home/airflow/.local/lib/python3.7/site-packages/airflow/example_dags/example_xcomargs.py took 0.083 seconds
[2022-09-10T17:10:43.828+0000] {processor.py:153} INFO - Started process (PID=536) to work on /home/airflow/.local/lib/python3.7/site-packages/airflow/example_dags/example_xcomargs.py
[2022-09-10T17:10:43.829+0000] {processor.py:640} INFO - Processing file /home/airflow/.local/lib/python3.7/site-packages/airflow/example_dags/example_xcomargs.py for tasks to queue
[2022-09-10T17:10:43.830+0000] {logging_mixin.py:115} INFO - [2022-09-10T17:10:43.830+0000] {dagbag.py:508} INFO - Filling up the DagBag from /home/airflow/.local/lib/python3.7/site-packages/airflow/example_dags/example_xcomargs.py
[2022-09-10T17:10:43.841+0000] {processor.py:650} INFO - DAG(s) dict_keys(['example_xcom_args', 'example_xcom_args_with_operators']) retrieved from /home/airflow/.local/lib/python3.7/site-packages/airflow/example_dags/example_xcomargs.py
[2022-09-10T17:10:43.888+0000] {logging_mixin.py:115} INFO - [2022-09-10T17:10:43.887+0000] {dag.py:2429} INFO - Sync 2 DAGs
[2022-09-10T17:10:43.902+0000] {logging_mixin.py:115} INFO - [2022-09-10T17:10:43.901+0000] {dag.py:2981} INFO - Setting next_dagrun for example_xcom_args to None, run_after=None
[2022-09-10T17:10:43.903+0000] {logging_mixin.py:115} INFO - [2022-09-10T17:10:43.903+0000] {dag.py:2981} INFO - Setting next_dagrun for example_xcom_args_with_operators to None, run_after=None
[2022-09-10T17:10:43.911+0000] {processor.py:161} INFO - Processing /home/airflow/.local/lib/python3.7/site-packages/airflow/example_dags/example_xcomargs.py took 0.085 seconds
[2022-09-10T17:12:56.203+0000] {processor.py:153} INFO - Started process (PID=37) to work on /home/airflow/.local/lib/python3.7/site-packages/airflow/example_dags/example_xcomargs.py
[2022-09-10T17:12:56.211+0000] {processor.py:640} INFO - Processing file /home/airflow/.local/lib/python3.7/site-packages/airflow/example_dags/example_xcomargs.py for tasks to queue
[2022-09-10T17:12:56.213+0000] {logging_mixin.py:115} INFO - [2022-09-10T17:12:56.213+0000] {dagbag.py:508} INFO - Filling up the DagBag from /home/airflow/.local/lib/python3.7/site-packages/airflow/example_dags/example_xcomargs.py
[2022-09-10T17:12:56.229+0000] {processor.py:650} INFO - DAG(s) dict_keys(['example_xcom_args', 'example_xcom_args_with_operators']) retrieved from /home/airflow/.local/lib/python3.7/site-packages/airflow/example_dags/example_xcomargs.py
[2022-09-10T17:12:56.625+0000] {logging_mixin.py:115} INFO - [2022-09-10T17:12:56.625+0000] {dag.py:2429} INFO - Sync 2 DAGs
[2022-09-10T17:12:56.657+0000] {logging_mixin.py:115} INFO - [2022-09-10T17:12:56.657+0000] {dag.py:2981} INFO - Setting next_dagrun for example_xcom_args to None, run_after=None
[2022-09-10T17:12:56.659+0000] {logging_mixin.py:115} INFO - [2022-09-10T17:12:56.659+0000] {dag.py:2981} INFO - Setting next_dagrun for example_xcom_args_with_operators to None, run_after=None
[2022-09-10T17:12:56.724+0000] {processor.py:161} INFO - Processing /home/airflow/.local/lib/python3.7/site-packages/airflow/example_dags/example_xcomargs.py took 0.525 seconds
[2022-09-10T17:13:27.766+0000] {processor.py:153} INFO - Started process (PID=100) to work on /home/airflow/.local/lib/python3.7/site-packages/airflow/example_dags/example_xcomargs.py
[2022-09-10T17:13:27.804+0000] {processor.py:640} INFO - Processing file /home/airflow/.local/lib/python3.7/site-packages/airflow/example_dags/example_xcomargs.py for tasks to queue
[2022-09-10T17:13:27.820+0000] {logging_mixin.py:115} INFO - [2022-09-10T17:13:27.820+0000] {dagbag.py:508} INFO - Filling up the DagBag from /home/airflow/.local/lib/python3.7/site-packages/airflow/example_dags/example_xcomargs.py
[2022-09-10T17:13:27.949+0000] {processor.py:650} INFO - DAG(s) dict_keys(['example_xcom_args', 'example_xcom_args_with_operators']) retrieved from /home/airflow/.local/lib/python3.7/site-packages/airflow/example_dags/example_xcomargs.py
[2022-09-10T17:13:28.670+0000] {logging_mixin.py:115} INFO - [2022-09-10T17:13:28.670+0000] {dag.py:2429} INFO - Sync 2 DAGs
[2022-09-10T17:13:28.738+0000] {logging_mixin.py:115} INFO - [2022-09-10T17:13:28.737+0000] {dag.py:2981} INFO - Setting next_dagrun for example_xcom_args to None, run_after=None
[2022-09-10T17:13:28.741+0000] {logging_mixin.py:115} INFO - [2022-09-10T17:13:28.741+0000] {dag.py:2981} INFO - Setting next_dagrun for example_xcom_args_with_operators to None, run_after=None
[2022-09-10T17:13:28.774+0000] {processor.py:161} INFO - Processing /home/airflow/.local/lib/python3.7/site-packages/airflow/example_dags/example_xcomargs.py took 1.038 seconds
[2022-09-10T17:13:59.387+0000] {processor.py:153} INFO - Started process (PID=154) to work on /home/airflow/.local/lib/python3.7/site-packages/airflow/example_dags/example_xcomargs.py
[2022-09-10T17:13:59.390+0000] {processor.py:640} INFO - Processing file /home/airflow/.local/lib/python3.7/site-packages/airflow/example_dags/example_xcomargs.py for tasks to queue
[2022-09-10T17:13:59.392+0000] {logging_mixin.py:115} INFO - [2022-09-10T17:13:59.392+0000] {dagbag.py:508} INFO - Filling up the DagBag from /home/airflow/.local/lib/python3.7/site-packages/airflow/example_dags/example_xcomargs.py
[2022-09-10T17:13:59.420+0000] {processor.py:650} INFO - DAG(s) dict_keys(['example_xcom_args', 'example_xcom_args_with_operators']) retrieved from /home/airflow/.local/lib/python3.7/site-packages/airflow/example_dags/example_xcomargs.py
[2022-09-10T17:13:59.738+0000] {logging_mixin.py:115} INFO - [2022-09-10T17:13:59.738+0000] {dag.py:2429} INFO - Sync 2 DAGs
[2022-09-10T17:13:59.771+0000] {logging_mixin.py:115} INFO - [2022-09-10T17:13:59.771+0000] {dag.py:2981} INFO - Setting next_dagrun for example_xcom_args to None, run_after=None
[2022-09-10T17:13:59.773+0000] {logging_mixin.py:115} INFO - [2022-09-10T17:13:59.773+0000] {dag.py:2981} INFO - Setting next_dagrun for example_xcom_args_with_operators to None, run_after=None
[2022-09-10T17:13:59.795+0000] {processor.py:161} INFO - Processing /home/airflow/.local/lib/python3.7/site-packages/airflow/example_dags/example_xcomargs.py took 0.414 seconds
[2022-09-10T17:16:03.454+0000] {processor.py:153} INFO - Started process (PID=44) to work on /home/airflow/.local/lib/python3.7/site-packages/airflow/example_dags/example_xcomargs.py
[2022-09-10T17:16:03.458+0000] {processor.py:640} INFO - Processing file /home/airflow/.local/lib/python3.7/site-packages/airflow/example_dags/example_xcomargs.py for tasks to queue
[2022-09-10T17:16:03.461+0000] {logging_mixin.py:115} INFO - [2022-09-10T17:16:03.461+0000] {dagbag.py:508} INFO - Filling up the DagBag from /home/airflow/.local/lib/python3.7/site-packages/airflow/example_dags/example_xcomargs.py
[2022-09-10T17:16:03.495+0000] {processor.py:650} INFO - DAG(s) dict_keys(['example_xcom_args', 'example_xcom_args_with_operators']) retrieved from /home/airflow/.local/lib/python3.7/site-packages/airflow/example_dags/example_xcomargs.py
[2022-09-10T17:16:03.564+0000] {logging_mixin.py:115} INFO - [2022-09-10T17:16:03.563+0000] {dag.py:2429} INFO - Sync 2 DAGs
[2022-09-10T17:16:03.589+0000] {logging_mixin.py:115} INFO - [2022-09-10T17:16:03.588+0000] {dag.py:2981} INFO - Setting next_dagrun for example_xcom_args to None, run_after=None
[2022-09-10T17:16:03.590+0000] {logging_mixin.py:115} INFO - [2022-09-10T17:16:03.590+0000] {dag.py:2981} INFO - Setting next_dagrun for example_xcom_args_with_operators to None, run_after=None
[2022-09-10T17:16:03.605+0000] {processor.py:161} INFO - Processing /home/airflow/.local/lib/python3.7/site-packages/airflow/example_dags/example_xcomargs.py took 0.155 seconds
[2022-09-10T17:16:33.899+0000] {processor.py:153} INFO - Started process (PID=110) to work on /home/airflow/.local/lib/python3.7/site-packages/airflow/example_dags/example_xcomargs.py
[2022-09-10T17:16:33.902+0000] {processor.py:640} INFO - Processing file /home/airflow/.local/lib/python3.7/site-packages/airflow/example_dags/example_xcomargs.py for tasks to queue
[2022-09-10T17:16:33.905+0000] {logging_mixin.py:115} INFO - [2022-09-10T17:16:33.904+0000] {dagbag.py:508} INFO - Filling up the DagBag from /home/airflow/.local/lib/python3.7/site-packages/airflow/example_dags/example_xcomargs.py
[2022-09-10T17:16:33.918+0000] {processor.py:650} INFO - DAG(s) dict_keys(['example_xcom_args', 'example_xcom_args_with_operators']) retrieved from /home/airflow/.local/lib/python3.7/site-packages/airflow/example_dags/example_xcomargs.py
[2022-09-10T17:16:33.972+0000] {logging_mixin.py:115} INFO - [2022-09-10T17:16:33.972+0000] {dag.py:2429} INFO - Sync 2 DAGs
[2022-09-10T17:16:33.988+0000] {logging_mixin.py:115} INFO - [2022-09-10T17:16:33.988+0000] {dag.py:2981} INFO - Setting next_dagrun for example_xcom_args to None, run_after=None
[2022-09-10T17:16:33.989+0000] {logging_mixin.py:115} INFO - [2022-09-10T17:16:33.989+0000] {dag.py:2981} INFO - Setting next_dagrun for example_xcom_args_with_operators to None, run_after=None
[2022-09-10T17:16:34.002+0000] {processor.py:161} INFO - Processing /home/airflow/.local/lib/python3.7/site-packages/airflow/example_dags/example_xcomargs.py took 0.105 seconds
[2022-09-10T17:17:04.422+0000] {processor.py:153} INFO - Started process (PID=165) to work on /home/airflow/.local/lib/python3.7/site-packages/airflow/example_dags/example_xcomargs.py
[2022-09-10T17:17:04.424+0000] {processor.py:640} INFO - Processing file /home/airflow/.local/lib/python3.7/site-packages/airflow/example_dags/example_xcomargs.py for tasks to queue
[2022-09-10T17:17:04.426+0000] {logging_mixin.py:115} INFO - [2022-09-10T17:17:04.425+0000] {dagbag.py:508} INFO - Filling up the DagBag from /home/airflow/.local/lib/python3.7/site-packages/airflow/example_dags/example_xcomargs.py
[2022-09-10T17:17:04.440+0000] {processor.py:650} INFO - DAG(s) dict_keys(['example_xcom_args', 'example_xcom_args_with_operators']) retrieved from /home/airflow/.local/lib/python3.7/site-packages/airflow/example_dags/example_xcomargs.py
[2022-09-10T17:17:04.468+0000] {logging_mixin.py:115} INFO - [2022-09-10T17:17:04.468+0000] {dag.py:2429} INFO - Sync 2 DAGs
[2022-09-10T17:17:04.480+0000] {logging_mixin.py:115} INFO - [2022-09-10T17:17:04.480+0000] {dag.py:2981} INFO - Setting next_dagrun for example_xcom_args to None, run_after=None
[2022-09-10T17:17:04.482+0000] {logging_mixin.py:115} INFO - [2022-09-10T17:17:04.482+0000] {dag.py:2981} INFO - Setting next_dagrun for example_xcom_args_with_operators to None, run_after=None
[2022-09-10T17:17:04.489+0000] {processor.py:161} INFO - Processing /home/airflow/.local/lib/python3.7/site-packages/airflow/example_dags/example_xcomargs.py took 0.069 seconds
[2022-09-10T17:17:34.654+0000] {processor.py:153} INFO - Started process (PID=228) to work on /home/airflow/.local/lib/python3.7/site-packages/airflow/example_dags/example_xcomargs.py
[2022-09-10T17:17:34.656+0000] {processor.py:640} INFO - Processing file /home/airflow/.local/lib/python3.7/site-packages/airflow/example_dags/example_xcomargs.py for tasks to queue
[2022-09-10T17:17:34.657+0000] {logging_mixin.py:115} INFO - [2022-09-10T17:17:34.657+0000] {dagbag.py:508} INFO - Filling up the DagBag from /home/airflow/.local/lib/python3.7/site-packages/airflow/example_dags/example_xcomargs.py
[2022-09-10T17:17:34.672+0000] {processor.py:650} INFO - DAG(s) dict_keys(['example_xcom_args', 'example_xcom_args_with_operators']) retrieved from /home/airflow/.local/lib/python3.7/site-packages/airflow/example_dags/example_xcomargs.py
[2022-09-10T17:17:34.717+0000] {logging_mixin.py:115} INFO - [2022-09-10T17:17:34.717+0000] {dag.py:2429} INFO - Sync 2 DAGs
[2022-09-10T17:17:34.728+0000] {logging_mixin.py:115} INFO - [2022-09-10T17:17:34.728+0000] {dag.py:2981} INFO - Setting next_dagrun for example_xcom_args to None, run_after=None
[2022-09-10T17:17:34.729+0000] {logging_mixin.py:115} INFO - [2022-09-10T17:17:34.729+0000] {dag.py:2981} INFO - Setting next_dagrun for example_xcom_args_with_operators to None, run_after=None
[2022-09-10T17:17:34.738+0000] {processor.py:161} INFO - Processing /home/airflow/.local/lib/python3.7/site-packages/airflow/example_dags/example_xcomargs.py took 0.086 seconds
[2022-09-10T17:18:04.906+0000] {processor.py:153} INFO - Started process (PID=291) to work on /home/airflow/.local/lib/python3.7/site-packages/airflow/example_dags/example_xcomargs.py
[2022-09-10T17:18:04.909+0000] {processor.py:640} INFO - Processing file /home/airflow/.local/lib/python3.7/site-packages/airflow/example_dags/example_xcomargs.py for tasks to queue
[2022-09-10T17:18:04.910+0000] {logging_mixin.py:115} INFO - [2022-09-10T17:18:04.910+0000] {dagbag.py:508} INFO - Filling up the DagBag from /home/airflow/.local/lib/python3.7/site-packages/airflow/example_dags/example_xcomargs.py
[2022-09-10T17:18:04.923+0000] {processor.py:650} INFO - DAG(s) dict_keys(['example_xcom_args', 'example_xcom_args_with_operators']) retrieved from /home/airflow/.local/lib/python3.7/site-packages/airflow/example_dags/example_xcomargs.py
[2022-09-10T17:18:04.967+0000] {logging_mixin.py:115} INFO - [2022-09-10T17:18:04.967+0000] {dag.py:2429} INFO - Sync 2 DAGs
[2022-09-10T17:18:04.978+0000] {logging_mixin.py:115} INFO - [2022-09-10T17:18:04.978+0000] {dag.py:2981} INFO - Setting next_dagrun for example_xcom_args to None, run_after=None
[2022-09-10T17:18:04.979+0000] {logging_mixin.py:115} INFO - [2022-09-10T17:18:04.979+0000] {dag.py:2981} INFO - Setting next_dagrun for example_xcom_args_with_operators to None, run_after=None
[2022-09-10T17:18:04.989+0000] {processor.py:161} INFO - Processing /home/airflow/.local/lib/python3.7/site-packages/airflow/example_dags/example_xcomargs.py took 0.085 seconds
[2022-09-10T17:18:36.052+0000] {processor.py:153} INFO - Started process (PID=356) to work on /home/airflow/.local/lib/python3.7/site-packages/airflow/example_dags/example_xcomargs.py
[2022-09-10T17:18:36.054+0000] {processor.py:640} INFO - Processing file /home/airflow/.local/lib/python3.7/site-packages/airflow/example_dags/example_xcomargs.py for tasks to queue
[2022-09-10T17:18:36.055+0000] {logging_mixin.py:115} INFO - [2022-09-10T17:18:36.055+0000] {dagbag.py:508} INFO - Filling up the DagBag from /home/airflow/.local/lib/python3.7/site-packages/airflow/example_dags/example_xcomargs.py
[2022-09-10T17:18:36.068+0000] {processor.py:650} INFO - DAG(s) dict_keys(['example_xcom_args', 'example_xcom_args_with_operators']) retrieved from /home/airflow/.local/lib/python3.7/site-packages/airflow/example_dags/example_xcomargs.py
[2022-09-10T17:18:36.090+0000] {logging_mixin.py:115} INFO - [2022-09-10T17:18:36.090+0000] {dag.py:2429} INFO - Sync 2 DAGs
[2022-09-10T17:18:36.105+0000] {logging_mixin.py:115} INFO - [2022-09-10T17:18:36.105+0000] {dag.py:2981} INFO - Setting next_dagrun for example_xcom_args to None, run_after=None
[2022-09-10T17:18:36.106+0000] {logging_mixin.py:115} INFO - [2022-09-10T17:18:36.106+0000] {dag.py:2981} INFO - Setting next_dagrun for example_xcom_args_with_operators to None, run_after=None
[2022-09-10T17:18:36.115+0000] {processor.py:161} INFO - Processing /home/airflow/.local/lib/python3.7/site-packages/airflow/example_dags/example_xcomargs.py took 0.066 seconds
[2022-09-10T17:19:07.188+0000] {processor.py:153} INFO - Started process (PID=419) to work on /home/airflow/.local/lib/python3.7/site-packages/airflow/example_dags/example_xcomargs.py
[2022-09-10T17:19:07.192+0000] {processor.py:640} INFO - Processing file /home/airflow/.local/lib/python3.7/site-packages/airflow/example_dags/example_xcomargs.py for tasks to queue
[2022-09-10T17:19:07.193+0000] {logging_mixin.py:115} INFO - [2022-09-10T17:19:07.193+0000] {dagbag.py:508} INFO - Filling up the DagBag from /home/airflow/.local/lib/python3.7/site-packages/airflow/example_dags/example_xcomargs.py
[2022-09-10T17:19:07.208+0000] {processor.py:650} INFO - DAG(s) dict_keys(['example_xcom_args', 'example_xcom_args_with_operators']) retrieved from /home/airflow/.local/lib/python3.7/site-packages/airflow/example_dags/example_xcomargs.py
[2022-09-10T17:19:07.257+0000] {logging_mixin.py:115} INFO - [2022-09-10T17:19:07.257+0000] {dag.py:2429} INFO - Sync 2 DAGs
[2022-09-10T17:19:07.271+0000] {logging_mixin.py:115} INFO - [2022-09-10T17:19:07.270+0000] {dag.py:2981} INFO - Setting next_dagrun for example_xcom_args to None, run_after=None
[2022-09-10T17:19:07.272+0000] {logging_mixin.py:115} INFO - [2022-09-10T17:19:07.272+0000] {dag.py:2981} INFO - Setting next_dagrun for example_xcom_args_with_operators to None, run_after=None
[2022-09-10T17:19:07.282+0000] {processor.py:161} INFO - Processing /home/airflow/.local/lib/python3.7/site-packages/airflow/example_dags/example_xcomargs.py took 0.096 seconds
[2022-09-10T17:19:37.371+0000] {processor.py:153} INFO - Started process (PID=473) to work on /home/airflow/.local/lib/python3.7/site-packages/airflow/example_dags/example_xcomargs.py
[2022-09-10T17:19:37.373+0000] {processor.py:640} INFO - Processing file /home/airflow/.local/lib/python3.7/site-packages/airflow/example_dags/example_xcomargs.py for tasks to queue
[2022-09-10T17:19:37.374+0000] {logging_mixin.py:115} INFO - [2022-09-10T17:19:37.374+0000] {dagbag.py:508} INFO - Filling up the DagBag from /home/airflow/.local/lib/python3.7/site-packages/airflow/example_dags/example_xcomargs.py
[2022-09-10T17:19:37.386+0000] {processor.py:650} INFO - DAG(s) dict_keys(['example_xcom_args', 'example_xcom_args_with_operators']) retrieved from /home/airflow/.local/lib/python3.7/site-packages/airflow/example_dags/example_xcomargs.py
[2022-09-10T17:19:37.444+0000] {logging_mixin.py:115} INFO - [2022-09-10T17:19:37.444+0000] {dag.py:2429} INFO - Sync 2 DAGs
[2022-09-10T17:19:37.469+0000] {logging_mixin.py:115} INFO - [2022-09-10T17:19:37.469+0000] {dag.py:2981} INFO - Setting next_dagrun for example_xcom_args to None, run_after=None
[2022-09-10T17:19:37.470+0000] {logging_mixin.py:115} INFO - [2022-09-10T17:19:37.470+0000] {dag.py:2981} INFO - Setting next_dagrun for example_xcom_args_with_operators to None, run_after=None
[2022-09-10T17:19:37.483+0000] {processor.py:161} INFO - Processing /home/airflow/.local/lib/python3.7/site-packages/airflow/example_dags/example_xcomargs.py took 0.114 seconds
[2022-09-10T17:20:07.512+0000] {processor.py:153} INFO - Started process (PID=534) to work on /home/airflow/.local/lib/python3.7/site-packages/airflow/example_dags/example_xcomargs.py
[2022-09-10T17:20:07.513+0000] {processor.py:640} INFO - Processing file /home/airflow/.local/lib/python3.7/site-packages/airflow/example_dags/example_xcomargs.py for tasks to queue
[2022-09-10T17:20:07.514+0000] {logging_mixin.py:115} INFO - [2022-09-10T17:20:07.514+0000] {dagbag.py:508} INFO - Filling up the DagBag from /home/airflow/.local/lib/python3.7/site-packages/airflow/example_dags/example_xcomargs.py
[2022-09-10T17:20:07.523+0000] {processor.py:650} INFO - DAG(s) dict_keys(['example_xcom_args', 'example_xcom_args_with_operators']) retrieved from /home/airflow/.local/lib/python3.7/site-packages/airflow/example_dags/example_xcomargs.py
[2022-09-10T17:20:07.559+0000] {logging_mixin.py:115} INFO - [2022-09-10T17:20:07.559+0000] {dag.py:2429} INFO - Sync 2 DAGs
[2022-09-10T17:20:07.571+0000] {logging_mixin.py:115} INFO - [2022-09-10T17:20:07.570+0000] {dag.py:2981} INFO - Setting next_dagrun for example_xcom_args to None, run_after=None
[2022-09-10T17:20:07.573+0000] {logging_mixin.py:115} INFO - [2022-09-10T17:20:07.572+0000] {dag.py:2981} INFO - Setting next_dagrun for example_xcom_args_with_operators to None, run_after=None
[2022-09-10T17:20:07.579+0000] {processor.py:161} INFO - Processing /home/airflow/.local/lib/python3.7/site-packages/airflow/example_dags/example_xcomargs.py took 0.070 seconds
[2022-09-10T17:20:37.611+0000] {processor.py:153} INFO - Started process (PID=597) to work on /home/airflow/.local/lib/python3.7/site-packages/airflow/example_dags/example_xcomargs.py
[2022-09-10T17:20:37.613+0000] {processor.py:640} INFO - Processing file /home/airflow/.local/lib/python3.7/site-packages/airflow/example_dags/example_xcomargs.py for tasks to queue
[2022-09-10T17:20:37.614+0000] {logging_mixin.py:115} INFO - [2022-09-10T17:20:37.614+0000] {dagbag.py:508} INFO - Filling up the DagBag from /home/airflow/.local/lib/python3.7/site-packages/airflow/example_dags/example_xcomargs.py
[2022-09-10T17:20:37.628+0000] {processor.py:650} INFO - DAG(s) dict_keys(['example_xcom_args', 'example_xcom_args_with_operators']) retrieved from /home/airflow/.local/lib/python3.7/site-packages/airflow/example_dags/example_xcomargs.py
[2022-09-10T17:20:37.715+0000] {logging_mixin.py:115} INFO - [2022-09-10T17:20:37.714+0000] {dag.py:2429} INFO - Sync 2 DAGs
[2022-09-10T17:20:37.734+0000] {logging_mixin.py:115} INFO - [2022-09-10T17:20:37.734+0000] {dag.py:2981} INFO - Setting next_dagrun for example_xcom_args to None, run_after=None
[2022-09-10T17:20:37.736+0000] {logging_mixin.py:115} INFO - [2022-09-10T17:20:37.736+0000] {dag.py:2981} INFO - Setting next_dagrun for example_xcom_args_with_operators to None, run_after=None
[2022-09-10T17:20:37.746+0000] {processor.py:161} INFO - Processing /home/airflow/.local/lib/python3.7/site-packages/airflow/example_dags/example_xcomargs.py took 0.138 seconds
[2022-09-10T17:21:07.878+0000] {processor.py:153} INFO - Started process (PID=660) to work on /home/airflow/.local/lib/python3.7/site-packages/airflow/example_dags/example_xcomargs.py
[2022-09-10T17:21:07.880+0000] {processor.py:640} INFO - Processing file /home/airflow/.local/lib/python3.7/site-packages/airflow/example_dags/example_xcomargs.py for tasks to queue
[2022-09-10T17:21:07.881+0000] {logging_mixin.py:115} INFO - [2022-09-10T17:21:07.880+0000] {dagbag.py:508} INFO - Filling up the DagBag from /home/airflow/.local/lib/python3.7/site-packages/airflow/example_dags/example_xcomargs.py
[2022-09-10T17:21:07.893+0000] {processor.py:650} INFO - DAG(s) dict_keys(['example_xcom_args', 'example_xcom_args_with_operators']) retrieved from /home/airflow/.local/lib/python3.7/site-packages/airflow/example_dags/example_xcomargs.py
[2022-09-10T17:21:07.943+0000] {logging_mixin.py:115} INFO - [2022-09-10T17:21:07.943+0000] {dag.py:2429} INFO - Sync 2 DAGs
[2022-09-10T17:21:07.958+0000] {logging_mixin.py:115} INFO - [2022-09-10T17:21:07.958+0000] {dag.py:2981} INFO - Setting next_dagrun for example_xcom_args to None, run_after=None
[2022-09-10T17:21:07.959+0000] {logging_mixin.py:115} INFO - [2022-09-10T17:21:07.959+0000] {dag.py:2981} INFO - Setting next_dagrun for example_xcom_args_with_operators to None, run_after=None
[2022-09-10T17:21:07.972+0000] {processor.py:161} INFO - Processing /home/airflow/.local/lib/python3.7/site-packages/airflow/example_dags/example_xcomargs.py took 0.097 seconds
[2022-09-10T17:21:39.015+0000] {processor.py:153} INFO - Started process (PID=723) to work on /home/airflow/.local/lib/python3.7/site-packages/airflow/example_dags/example_xcomargs.py
[2022-09-10T17:21:39.017+0000] {processor.py:640} INFO - Processing file /home/airflow/.local/lib/python3.7/site-packages/airflow/example_dags/example_xcomargs.py for tasks to queue
[2022-09-10T17:21:39.018+0000] {logging_mixin.py:115} INFO - [2022-09-10T17:21:39.018+0000] {dagbag.py:508} INFO - Filling up the DagBag from /home/airflow/.local/lib/python3.7/site-packages/airflow/example_dags/example_xcomargs.py
[2022-09-10T17:21:39.036+0000] {processor.py:650} INFO - DAG(s) dict_keys(['example_xcom_args', 'example_xcom_args_with_operators']) retrieved from /home/airflow/.local/lib/python3.7/site-packages/airflow/example_dags/example_xcomargs.py
[2022-09-10T17:21:39.057+0000] {logging_mixin.py:115} INFO - [2022-09-10T17:21:39.057+0000] {dag.py:2429} INFO - Sync 2 DAGs
[2022-09-10T17:21:39.070+0000] {logging_mixin.py:115} INFO - [2022-09-10T17:21:39.069+0000] {dag.py:2981} INFO - Setting next_dagrun for example_xcom_args to None, run_after=None
[2022-09-10T17:21:39.071+0000] {logging_mixin.py:115} INFO - [2022-09-10T17:21:39.071+0000] {dag.py:2981} INFO - Setting next_dagrun for example_xcom_args_with_operators to None, run_after=None
[2022-09-10T17:21:39.078+0000] {processor.py:161} INFO - Processing /home/airflow/.local/lib/python3.7/site-packages/airflow/example_dags/example_xcomargs.py took 0.066 seconds
[2022-09-10T17:22:09.924+0000] {processor.py:153} INFO - Started process (PID=786) to work on /home/airflow/.local/lib/python3.7/site-packages/airflow/example_dags/example_xcomargs.py
[2022-09-10T17:22:09.926+0000] {processor.py:640} INFO - Processing file /home/airflow/.local/lib/python3.7/site-packages/airflow/example_dags/example_xcomargs.py for tasks to queue
[2022-09-10T17:22:09.927+0000] {logging_mixin.py:115} INFO - [2022-09-10T17:22:09.927+0000] {dagbag.py:508} INFO - Filling up the DagBag from /home/airflow/.local/lib/python3.7/site-packages/airflow/example_dags/example_xcomargs.py
[2022-09-10T17:22:09.939+0000] {processor.py:650} INFO - DAG(s) dict_keys(['example_xcom_args', 'example_xcom_args_with_operators']) retrieved from /home/airflow/.local/lib/python3.7/site-packages/airflow/example_dags/example_xcomargs.py
[2022-09-10T17:22:09.975+0000] {logging_mixin.py:115} INFO - [2022-09-10T17:22:09.975+0000] {dag.py:2429} INFO - Sync 2 DAGs
[2022-09-10T17:22:09.985+0000] {logging_mixin.py:115} INFO - [2022-09-10T17:22:09.985+0000] {dag.py:2981} INFO - Setting next_dagrun for example_xcom_args to None, run_after=None
[2022-09-10T17:22:09.987+0000] {logging_mixin.py:115} INFO - [2022-09-10T17:22:09.986+0000] {dag.py:2981} INFO - Setting next_dagrun for example_xcom_args_with_operators to None, run_after=None
[2022-09-10T17:22:09.993+0000] {processor.py:161} INFO - Processing /home/airflow/.local/lib/python3.7/site-packages/airflow/example_dags/example_xcomargs.py took 0.071 seconds
[2022-09-10T17:22:40.450+0000] {processor.py:153} INFO - Started process (PID=842) to work on /home/airflow/.local/lib/python3.7/site-packages/airflow/example_dags/example_xcomargs.py
[2022-09-10T17:22:40.453+0000] {processor.py:640} INFO - Processing file /home/airflow/.local/lib/python3.7/site-packages/airflow/example_dags/example_xcomargs.py for tasks to queue
[2022-09-10T17:22:40.454+0000] {logging_mixin.py:115} INFO - [2022-09-10T17:22:40.454+0000] {dagbag.py:508} INFO - Filling up the DagBag from /home/airflow/.local/lib/python3.7/site-packages/airflow/example_dags/example_xcomargs.py
[2022-09-10T17:22:40.466+0000] {processor.py:650} INFO - DAG(s) dict_keys(['example_xcom_args', 'example_xcom_args_with_operators']) retrieved from /home/airflow/.local/lib/python3.7/site-packages/airflow/example_dags/example_xcomargs.py
[2022-09-10T17:22:40.507+0000] {logging_mixin.py:115} INFO - [2022-09-10T17:22:40.507+0000] {dag.py:2429} INFO - Sync 2 DAGs
[2022-09-10T17:22:40.519+0000] {logging_mixin.py:115} INFO - [2022-09-10T17:22:40.519+0000] {dag.py:2981} INFO - Setting next_dagrun for example_xcom_args to None, run_after=None
[2022-09-10T17:22:40.521+0000] {logging_mixin.py:115} INFO - [2022-09-10T17:22:40.520+0000] {dag.py:2981} INFO - Setting next_dagrun for example_xcom_args_with_operators to None, run_after=None
[2022-09-10T17:22:40.533+0000] {processor.py:161} INFO - Processing /home/airflow/.local/lib/python3.7/site-packages/airflow/example_dags/example_xcomargs.py took 0.086 seconds
[2022-09-10T17:23:11.492+0000] {processor.py:153} INFO - Started process (PID=905) to work on /home/airflow/.local/lib/python3.7/site-packages/airflow/example_dags/example_xcomargs.py
[2022-09-10T17:23:11.495+0000] {processor.py:640} INFO - Processing file /home/airflow/.local/lib/python3.7/site-packages/airflow/example_dags/example_xcomargs.py for tasks to queue
[2022-09-10T17:23:11.496+0000] {logging_mixin.py:115} INFO - [2022-09-10T17:23:11.496+0000] {dagbag.py:508} INFO - Filling up the DagBag from /home/airflow/.local/lib/python3.7/site-packages/airflow/example_dags/example_xcomargs.py
[2022-09-10T17:23:11.510+0000] {processor.py:650} INFO - DAG(s) dict_keys(['example_xcom_args', 'example_xcom_args_with_operators']) retrieved from /home/airflow/.local/lib/python3.7/site-packages/airflow/example_dags/example_xcomargs.py
[2022-09-10T17:23:11.544+0000] {logging_mixin.py:115} INFO - [2022-09-10T17:23:11.544+0000] {dag.py:2429} INFO - Sync 2 DAGs
[2022-09-10T17:23:11.555+0000] {logging_mixin.py:115} INFO - [2022-09-10T17:23:11.555+0000] {dag.py:2981} INFO - Setting next_dagrun for example_xcom_args to None, run_after=None
[2022-09-10T17:23:11.556+0000] {logging_mixin.py:115} INFO - [2022-09-10T17:23:11.556+0000] {dag.py:2981} INFO - Setting next_dagrun for example_xcom_args_with_operators to None, run_after=None
[2022-09-10T17:23:11.563+0000] {processor.py:161} INFO - Processing /home/airflow/.local/lib/python3.7/site-packages/airflow/example_dags/example_xcomargs.py took 0.074 seconds
[2022-09-10T17:23:42.518+0000] {processor.py:153} INFO - Started process (PID=968) to work on /home/airflow/.local/lib/python3.7/site-packages/airflow/example_dags/example_xcomargs.py
[2022-09-10T17:23:42.520+0000] {processor.py:640} INFO - Processing file /home/airflow/.local/lib/python3.7/site-packages/airflow/example_dags/example_xcomargs.py for tasks to queue
[2022-09-10T17:23:42.521+0000] {logging_mixin.py:115} INFO - [2022-09-10T17:23:42.521+0000] {dagbag.py:508} INFO - Filling up the DagBag from /home/airflow/.local/lib/python3.7/site-packages/airflow/example_dags/example_xcomargs.py
[2022-09-10T17:23:42.535+0000] {processor.py:650} INFO - DAG(s) dict_keys(['example_xcom_args', 'example_xcom_args_with_operators']) retrieved from /home/airflow/.local/lib/python3.7/site-packages/airflow/example_dags/example_xcomargs.py
[2022-09-10T17:23:42.574+0000] {logging_mixin.py:115} INFO - [2022-09-10T17:23:42.574+0000] {dag.py:2429} INFO - Sync 2 DAGs
[2022-09-10T17:23:42.586+0000] {logging_mixin.py:115} INFO - [2022-09-10T17:23:42.586+0000] {dag.py:2981} INFO - Setting next_dagrun for example_xcom_args to None, run_after=None
[2022-09-10T17:23:42.588+0000] {logging_mixin.py:115} INFO - [2022-09-10T17:23:42.588+0000] {dag.py:2981} INFO - Setting next_dagrun for example_xcom_args_with_operators to None, run_after=None
[2022-09-10T17:23:42.596+0000] {processor.py:161} INFO - Processing /home/airflow/.local/lib/python3.7/site-packages/airflow/example_dags/example_xcomargs.py took 0.085 seconds
[2022-09-10T17:24:13.489+0000] {processor.py:153} INFO - Started process (PID=1031) to work on /home/airflow/.local/lib/python3.7/site-packages/airflow/example_dags/example_xcomargs.py
[2022-09-10T17:24:13.491+0000] {processor.py:640} INFO - Processing file /home/airflow/.local/lib/python3.7/site-packages/airflow/example_dags/example_xcomargs.py for tasks to queue
[2022-09-10T17:24:13.492+0000] {logging_mixin.py:115} INFO - [2022-09-10T17:24:13.492+0000] {dagbag.py:508} INFO - Filling up the DagBag from /home/airflow/.local/lib/python3.7/site-packages/airflow/example_dags/example_xcomargs.py
[2022-09-10T17:24:13.506+0000] {processor.py:650} INFO - DAG(s) dict_keys(['example_xcom_args', 'example_xcom_args_with_operators']) retrieved from /home/airflow/.local/lib/python3.7/site-packages/airflow/example_dags/example_xcomargs.py
[2022-09-10T17:24:13.541+0000] {logging_mixin.py:115} INFO - [2022-09-10T17:24:13.541+0000] {dag.py:2429} INFO - Sync 2 DAGs
[2022-09-10T17:24:13.552+0000] {logging_mixin.py:115} INFO - [2022-09-10T17:24:13.552+0000] {dag.py:2981} INFO - Setting next_dagrun for example_xcom_args to None, run_after=None
[2022-09-10T17:24:13.552+0000] {logging_mixin.py:115} INFO - [2022-09-10T17:24:13.552+0000] {dag.py:2981} INFO - Setting next_dagrun for example_xcom_args_with_operators to None, run_after=None
[2022-09-10T17:24:13.560+0000] {processor.py:161} INFO - Processing /home/airflow/.local/lib/python3.7/site-packages/airflow/example_dags/example_xcomargs.py took 0.076 seconds
[2022-09-10T17:24:44.410+0000] {processor.py:153} INFO - Started process (PID=1094) to work on /home/airflow/.local/lib/python3.7/site-packages/airflow/example_dags/example_xcomargs.py
[2022-09-10T17:24:44.411+0000] {processor.py:640} INFO - Processing file /home/airflow/.local/lib/python3.7/site-packages/airflow/example_dags/example_xcomargs.py for tasks to queue
[2022-09-10T17:24:44.412+0000] {logging_mixin.py:115} INFO - [2022-09-10T17:24:44.412+0000] {dagbag.py:508} INFO - Filling up the DagBag from /home/airflow/.local/lib/python3.7/site-packages/airflow/example_dags/example_xcomargs.py
[2022-09-10T17:24:44.423+0000] {processor.py:650} INFO - DAG(s) dict_keys(['example_xcom_args', 'example_xcom_args_with_operators']) retrieved from /home/airflow/.local/lib/python3.7/site-packages/airflow/example_dags/example_xcomargs.py
[2022-09-10T17:24:44.443+0000] {logging_mixin.py:115} INFO - [2022-09-10T17:24:44.443+0000] {dag.py:2429} INFO - Sync 2 DAGs
[2022-09-10T17:24:44.455+0000] {logging_mixin.py:115} INFO - [2022-09-10T17:24:44.455+0000] {dag.py:2981} INFO - Setting next_dagrun for example_xcom_args to None, run_after=None
[2022-09-10T17:24:44.457+0000] {logging_mixin.py:115} INFO - [2022-09-10T17:24:44.457+0000] {dag.py:2981} INFO - Setting next_dagrun for example_xcom_args_with_operators to None, run_after=None
[2022-09-10T17:24:44.464+0000] {processor.py:161} INFO - Processing /home/airflow/.local/lib/python3.7/site-packages/airflow/example_dags/example_xcomargs.py took 0.056 seconds
[2022-09-10T17:25:15.212+0000] {processor.py:153} INFO - Started process (PID=1156) to work on /home/airflow/.local/lib/python3.7/site-packages/airflow/example_dags/example_xcomargs.py
[2022-09-10T17:25:15.214+0000] {processor.py:640} INFO - Processing file /home/airflow/.local/lib/python3.7/site-packages/airflow/example_dags/example_xcomargs.py for tasks to queue
[2022-09-10T17:25:15.216+0000] {logging_mixin.py:115} INFO - [2022-09-10T17:25:15.215+0000] {dagbag.py:508} INFO - Filling up the DagBag from /home/airflow/.local/lib/python3.7/site-packages/airflow/example_dags/example_xcomargs.py
[2022-09-10T17:25:15.227+0000] {processor.py:650} INFO - DAG(s) dict_keys(['example_xcom_args', 'example_xcom_args_with_operators']) retrieved from /home/airflow/.local/lib/python3.7/site-packages/airflow/example_dags/example_xcomargs.py
[2022-09-10T17:25:15.260+0000] {logging_mixin.py:115} INFO - [2022-09-10T17:25:15.260+0000] {dag.py:2429} INFO - Sync 2 DAGs
[2022-09-10T17:25:15.270+0000] {logging_mixin.py:115} INFO - [2022-09-10T17:25:15.270+0000] {dag.py:2981} INFO - Setting next_dagrun for example_xcom_args to None, run_after=None
[2022-09-10T17:25:15.271+0000] {logging_mixin.py:115} INFO - [2022-09-10T17:25:15.271+0000] {dag.py:2981} INFO - Setting next_dagrun for example_xcom_args_with_operators to None, run_after=None
[2022-09-10T17:25:15.278+0000] {processor.py:161} INFO - Processing /home/airflow/.local/lib/python3.7/site-packages/airflow/example_dags/example_xcomargs.py took 0.068 seconds
[2022-09-10T17:25:46.140+0000] {processor.py:153} INFO - Started process (PID=1220) to work on /home/airflow/.local/lib/python3.7/site-packages/airflow/example_dags/example_xcomargs.py
[2022-09-10T17:25:46.142+0000] {processor.py:640} INFO - Processing file /home/airflow/.local/lib/python3.7/site-packages/airflow/example_dags/example_xcomargs.py for tasks to queue
[2022-09-10T17:25:46.144+0000] {logging_mixin.py:115} INFO - [2022-09-10T17:25:46.144+0000] {dagbag.py:508} INFO - Filling up the DagBag from /home/airflow/.local/lib/python3.7/site-packages/airflow/example_dags/example_xcomargs.py
[2022-09-10T17:25:46.156+0000] {processor.py:650} INFO - DAG(s) dict_keys(['example_xcom_args', 'example_xcom_args_with_operators']) retrieved from /home/airflow/.local/lib/python3.7/site-packages/airflow/example_dags/example_xcomargs.py
[2022-09-10T17:25:46.178+0000] {logging_mixin.py:115} INFO - [2022-09-10T17:25:46.178+0000] {dag.py:2429} INFO - Sync 2 DAGs
[2022-09-10T17:25:46.200+0000] {logging_mixin.py:115} INFO - [2022-09-10T17:25:46.200+0000] {dag.py:2981} INFO - Setting next_dagrun for example_xcom_args to None, run_after=None
[2022-09-10T17:25:46.202+0000] {logging_mixin.py:115} INFO - [2022-09-10T17:25:46.201+0000] {dag.py:2981} INFO - Setting next_dagrun for example_xcom_args_with_operators to None, run_after=None
[2022-09-10T17:25:46.215+0000] {processor.py:161} INFO - Processing /home/airflow/.local/lib/python3.7/site-packages/airflow/example_dags/example_xcomargs.py took 0.079 seconds
[2022-09-10T17:26:17.231+0000] {processor.py:153} INFO - Started process (PID=1274) to work on /home/airflow/.local/lib/python3.7/site-packages/airflow/example_dags/example_xcomargs.py
[2022-09-10T17:26:17.233+0000] {processor.py:640} INFO - Processing file /home/airflow/.local/lib/python3.7/site-packages/airflow/example_dags/example_xcomargs.py for tasks to queue
[2022-09-10T17:26:17.234+0000] {logging_mixin.py:115} INFO - [2022-09-10T17:26:17.234+0000] {dagbag.py:508} INFO - Filling up the DagBag from /home/airflow/.local/lib/python3.7/site-packages/airflow/example_dags/example_xcomargs.py
[2022-09-10T17:26:17.248+0000] {processor.py:650} INFO - DAG(s) dict_keys(['example_xcom_args', 'example_xcom_args_with_operators']) retrieved from /home/airflow/.local/lib/python3.7/site-packages/airflow/example_dags/example_xcomargs.py
[2022-09-10T17:26:17.265+0000] {logging_mixin.py:115} INFO - [2022-09-10T17:26:17.265+0000] {dag.py:2429} INFO - Sync 2 DAGs
[2022-09-10T17:26:17.276+0000] {logging_mixin.py:115} INFO - [2022-09-10T17:26:17.276+0000] {dag.py:2981} INFO - Setting next_dagrun for example_xcom_args to None, run_after=None
[2022-09-10T17:26:17.277+0000] {logging_mixin.py:115} INFO - [2022-09-10T17:26:17.277+0000] {dag.py:2981} INFO - Setting next_dagrun for example_xcom_args_with_operators to None, run_after=None
[2022-09-10T17:26:17.284+0000] {processor.py:161} INFO - Processing /home/airflow/.local/lib/python3.7/site-packages/airflow/example_dags/example_xcomargs.py took 0.055 seconds
[2022-09-10T17:26:48.553+0000] {processor.py:153} INFO - Started process (PID=1339) to work on /home/airflow/.local/lib/python3.7/site-packages/airflow/example_dags/example_xcomargs.py
[2022-09-10T17:26:48.554+0000] {processor.py:640} INFO - Processing file /home/airflow/.local/lib/python3.7/site-packages/airflow/example_dags/example_xcomargs.py for tasks to queue
[2022-09-10T17:26:48.555+0000] {logging_mixin.py:115} INFO - [2022-09-10T17:26:48.555+0000] {dagbag.py:508} INFO - Filling up the DagBag from /home/airflow/.local/lib/python3.7/site-packages/airflow/example_dags/example_xcomargs.py
[2022-09-10T17:26:48.568+0000] {processor.py:650} INFO - DAG(s) dict_keys(['example_xcom_args', 'example_xcom_args_with_operators']) retrieved from /home/airflow/.local/lib/python3.7/site-packages/airflow/example_dags/example_xcomargs.py
[2022-09-10T17:26:48.613+0000] {logging_mixin.py:115} INFO - [2022-09-10T17:26:48.613+0000] {dag.py:2429} INFO - Sync 2 DAGs
[2022-09-10T17:26:48.627+0000] {logging_mixin.py:115} INFO - [2022-09-10T17:26:48.627+0000] {dag.py:2981} INFO - Setting next_dagrun for example_xcom_args to None, run_after=None
[2022-09-10T17:26:48.628+0000] {logging_mixin.py:115} INFO - [2022-09-10T17:26:48.628+0000] {dag.py:2981} INFO - Setting next_dagrun for example_xcom_args_with_operators to None, run_after=None
[2022-09-10T17:26:48.637+0000] {processor.py:161} INFO - Processing /home/airflow/.local/lib/python3.7/site-packages/airflow/example_dags/example_xcomargs.py took 0.087 seconds
[2022-09-10T17:27:19.734+0000] {processor.py:153} INFO - Started process (PID=1403) to work on /home/airflow/.local/lib/python3.7/site-packages/airflow/example_dags/example_xcomargs.py
[2022-09-10T17:27:19.736+0000] {processor.py:640} INFO - Processing file /home/airflow/.local/lib/python3.7/site-packages/airflow/example_dags/example_xcomargs.py for tasks to queue
[2022-09-10T17:27:19.738+0000] {logging_mixin.py:115} INFO - [2022-09-10T17:27:19.738+0000] {dagbag.py:508} INFO - Filling up the DagBag from /home/airflow/.local/lib/python3.7/site-packages/airflow/example_dags/example_xcomargs.py
[2022-09-10T17:27:19.753+0000] {processor.py:650} INFO - DAG(s) dict_keys(['example_xcom_args', 'example_xcom_args_with_operators']) retrieved from /home/airflow/.local/lib/python3.7/site-packages/airflow/example_dags/example_xcomargs.py
[2022-09-10T17:27:19.801+0000] {logging_mixin.py:115} INFO - [2022-09-10T17:27:19.801+0000] {dag.py:2429} INFO - Sync 2 DAGs
[2022-09-10T17:27:19.815+0000] {logging_mixin.py:115} INFO - [2022-09-10T17:27:19.814+0000] {dag.py:2981} INFO - Setting next_dagrun for example_xcom_args to None, run_after=None
[2022-09-10T17:27:19.816+0000] {logging_mixin.py:115} INFO - [2022-09-10T17:27:19.816+0000] {dag.py:2981} INFO - Setting next_dagrun for example_xcom_args_with_operators to None, run_after=None
[2022-09-10T17:27:19.825+0000] {processor.py:161} INFO - Processing /home/airflow/.local/lib/python3.7/site-packages/airflow/example_dags/example_xcomargs.py took 0.093 seconds
[2022-09-10T17:27:49.961+0000] {processor.py:153} INFO - Started process (PID=1468) to work on /home/airflow/.local/lib/python3.7/site-packages/airflow/example_dags/example_xcomargs.py
[2022-09-10T17:27:49.963+0000] {processor.py:640} INFO - Processing file /home/airflow/.local/lib/python3.7/site-packages/airflow/example_dags/example_xcomargs.py for tasks to queue
[2022-09-10T17:27:49.963+0000] {logging_mixin.py:115} INFO - [2022-09-10T17:27:49.963+0000] {dagbag.py:508} INFO - Filling up the DagBag from /home/airflow/.local/lib/python3.7/site-packages/airflow/example_dags/example_xcomargs.py
[2022-09-10T17:27:49.976+0000] {processor.py:650} INFO - DAG(s) dict_keys(['example_xcom_args', 'example_xcom_args_with_operators']) retrieved from /home/airflow/.local/lib/python3.7/site-packages/airflow/example_dags/example_xcomargs.py
[2022-09-10T17:27:50.017+0000] {logging_mixin.py:115} INFO - [2022-09-10T17:27:50.017+0000] {dag.py:2429} INFO - Sync 2 DAGs
[2022-09-10T17:27:50.031+0000] {logging_mixin.py:115} INFO - [2022-09-10T17:27:50.031+0000] {dag.py:2981} INFO - Setting next_dagrun for example_xcom_args to None, run_after=None
[2022-09-10T17:27:50.032+0000] {logging_mixin.py:115} INFO - [2022-09-10T17:27:50.032+0000] {dag.py:2981} INFO - Setting next_dagrun for example_xcom_args_with_operators to None, run_after=None
[2022-09-10T17:27:50.041+0000] {processor.py:161} INFO - Processing /home/airflow/.local/lib/python3.7/site-packages/airflow/example_dags/example_xcomargs.py took 0.082 seconds
[2022-09-10T17:28:20.134+0000] {processor.py:153} INFO - Started process (PID=1531) to work on /home/airflow/.local/lib/python3.7/site-packages/airflow/example_dags/example_xcomargs.py
[2022-09-10T17:28:20.136+0000] {processor.py:640} INFO - Processing file /home/airflow/.local/lib/python3.7/site-packages/airflow/example_dags/example_xcomargs.py for tasks to queue
[2022-09-10T17:28:20.137+0000] {logging_mixin.py:115} INFO - [2022-09-10T17:28:20.137+0000] {dagbag.py:508} INFO - Filling up the DagBag from /home/airflow/.local/lib/python3.7/site-packages/airflow/example_dags/example_xcomargs.py
[2022-09-10T17:28:20.156+0000] {processor.py:650} INFO - DAG(s) dict_keys(['example_xcom_args', 'example_xcom_args_with_operators']) retrieved from /home/airflow/.local/lib/python3.7/site-packages/airflow/example_dags/example_xcomargs.py
[2022-09-10T17:28:20.177+0000] {logging_mixin.py:115} INFO - [2022-09-10T17:28:20.176+0000] {dag.py:2429} INFO - Sync 2 DAGs
[2022-09-10T17:28:20.191+0000] {logging_mixin.py:115} INFO - [2022-09-10T17:28:20.190+0000] {dag.py:2981} INFO - Setting next_dagrun for example_xcom_args to None, run_after=None
[2022-09-10T17:28:20.192+0000] {logging_mixin.py:115} INFO - [2022-09-10T17:28:20.192+0000] {dag.py:2981} INFO - Setting next_dagrun for example_xcom_args_with_operators to None, run_after=None
[2022-09-10T17:28:20.200+0000] {processor.py:161} INFO - Processing /home/airflow/.local/lib/python3.7/site-packages/airflow/example_dags/example_xcomargs.py took 0.068 seconds
[2022-09-10T17:28:50.335+0000] {processor.py:153} INFO - Started process (PID=1585) to work on /home/airflow/.local/lib/python3.7/site-packages/airflow/example_dags/example_xcomargs.py
[2022-09-10T17:28:50.338+0000] {processor.py:640} INFO - Processing file /home/airflow/.local/lib/python3.7/site-packages/airflow/example_dags/example_xcomargs.py for tasks to queue
[2022-09-10T17:28:50.341+0000] {logging_mixin.py:115} INFO - [2022-09-10T17:28:50.341+0000] {dagbag.py:508} INFO - Filling up the DagBag from /home/airflow/.local/lib/python3.7/site-packages/airflow/example_dags/example_xcomargs.py
[2022-09-10T17:28:50.367+0000] {processor.py:650} INFO - DAG(s) dict_keys(['example_xcom_args', 'example_xcom_args_with_operators']) retrieved from /home/airflow/.local/lib/python3.7/site-packages/airflow/example_dags/example_xcomargs.py
[2022-09-10T17:28:50.425+0000] {logging_mixin.py:115} INFO - [2022-09-10T17:28:50.425+0000] {dag.py:2429} INFO - Sync 2 DAGs
[2022-09-10T17:28:50.442+0000] {logging_mixin.py:115} INFO - [2022-09-10T17:28:50.441+0000] {dag.py:2981} INFO - Setting next_dagrun for example_xcom_args to None, run_after=None
[2022-09-10T17:28:50.444+0000] {logging_mixin.py:115} INFO - [2022-09-10T17:28:50.444+0000] {dag.py:2981} INFO - Setting next_dagrun for example_xcom_args_with_operators to None, run_after=None
[2022-09-10T17:28:50.456+0000] {processor.py:161} INFO - Processing /home/airflow/.local/lib/python3.7/site-packages/airflow/example_dags/example_xcomargs.py took 0.123 seconds
[2022-09-10T17:29:20.567+0000] {processor.py:153} INFO - Started process (PID=1648) to work on /home/airflow/.local/lib/python3.7/site-packages/airflow/example_dags/example_xcomargs.py
[2022-09-10T17:29:20.568+0000] {processor.py:640} INFO - Processing file /home/airflow/.local/lib/python3.7/site-packages/airflow/example_dags/example_xcomargs.py for tasks to queue
[2022-09-10T17:29:20.569+0000] {logging_mixin.py:115} INFO - [2022-09-10T17:29:20.569+0000] {dagbag.py:508} INFO - Filling up the DagBag from /home/airflow/.local/lib/python3.7/site-packages/airflow/example_dags/example_xcomargs.py
[2022-09-10T17:29:20.579+0000] {processor.py:650} INFO - DAG(s) dict_keys(['example_xcom_args', 'example_xcom_args_with_operators']) retrieved from /home/airflow/.local/lib/python3.7/site-packages/airflow/example_dags/example_xcomargs.py
[2022-09-10T17:29:20.618+0000] {logging_mixin.py:115} INFO - [2022-09-10T17:29:20.618+0000] {dag.py:2429} INFO - Sync 2 DAGs
[2022-09-10T17:29:20.630+0000] {logging_mixin.py:115} INFO - [2022-09-10T17:29:20.630+0000] {dag.py:2981} INFO - Setting next_dagrun for example_xcom_args to None, run_after=None
[2022-09-10T17:29:20.631+0000] {logging_mixin.py:115} INFO - [2022-09-10T17:29:20.631+0000] {dag.py:2981} INFO - Setting next_dagrun for example_xcom_args_with_operators to None, run_after=None
[2022-09-10T17:29:20.638+0000] {processor.py:161} INFO - Processing /home/airflow/.local/lib/python3.7/site-packages/airflow/example_dags/example_xcomargs.py took 0.073 seconds
[2022-09-10T17:29:50.855+0000] {processor.py:153} INFO - Started process (PID=1710) to work on /home/airflow/.local/lib/python3.7/site-packages/airflow/example_dags/example_xcomargs.py
[2022-09-10T17:29:50.856+0000] {processor.py:640} INFO - Processing file /home/airflow/.local/lib/python3.7/site-packages/airflow/example_dags/example_xcomargs.py for tasks to queue
[2022-09-10T17:29:50.857+0000] {logging_mixin.py:115} INFO - [2022-09-10T17:29:50.857+0000] {dagbag.py:508} INFO - Filling up the DagBag from /home/airflow/.local/lib/python3.7/site-packages/airflow/example_dags/example_xcomargs.py
[2022-09-10T17:29:50.869+0000] {processor.py:650} INFO - DAG(s) dict_keys(['example_xcom_args', 'example_xcom_args_with_operators']) retrieved from /home/airflow/.local/lib/python3.7/site-packages/airflow/example_dags/example_xcomargs.py
[2022-09-10T17:29:50.920+0000] {logging_mixin.py:115} INFO - [2022-09-10T17:29:50.920+0000] {dag.py:2429} INFO - Sync 2 DAGs
[2022-09-10T17:29:50.933+0000] {logging_mixin.py:115} INFO - [2022-09-10T17:29:50.933+0000] {dag.py:2981} INFO - Setting next_dagrun for example_xcom_args to None, run_after=None
[2022-09-10T17:29:50.935+0000] {logging_mixin.py:115} INFO - [2022-09-10T17:29:50.935+0000] {dag.py:2981} INFO - Setting next_dagrun for example_xcom_args_with_operators to None, run_after=None
[2022-09-10T17:29:50.943+0000] {processor.py:161} INFO - Processing /home/airflow/.local/lib/python3.7/site-packages/airflow/example_dags/example_xcomargs.py took 0.091 seconds
[2022-09-10T17:30:21.249+0000] {processor.py:153} INFO - Started process (PID=1773) to work on /home/airflow/.local/lib/python3.7/site-packages/airflow/example_dags/example_xcomargs.py
[2022-09-10T17:30:21.257+0000] {processor.py:640} INFO - Processing file /home/airflow/.local/lib/python3.7/site-packages/airflow/example_dags/example_xcomargs.py for tasks to queue
[2022-09-10T17:30:21.260+0000] {logging_mixin.py:115} INFO - [2022-09-10T17:30:21.260+0000] {dagbag.py:508} INFO - Filling up the DagBag from /home/airflow/.local/lib/python3.7/site-packages/airflow/example_dags/example_xcomargs.py
[2022-09-10T17:30:21.315+0000] {processor.py:650} INFO - DAG(s) dict_keys(['example_xcom_args', 'example_xcom_args_with_operators']) retrieved from /home/airflow/.local/lib/python3.7/site-packages/airflow/example_dags/example_xcomargs.py
[2022-09-10T17:30:21.415+0000] {logging_mixin.py:115} INFO - [2022-09-10T17:30:21.415+0000] {dag.py:2429} INFO - Sync 2 DAGs
[2022-09-10T17:30:21.441+0000] {logging_mixin.py:115} INFO - [2022-09-10T17:30:21.441+0000] {dag.py:2981} INFO - Setting next_dagrun for example_xcom_args to None, run_after=None
[2022-09-10T17:30:21.446+0000] {logging_mixin.py:115} INFO - [2022-09-10T17:30:21.446+0000] {dag.py:2981} INFO - Setting next_dagrun for example_xcom_args_with_operators to None, run_after=None
[2022-09-10T17:30:21.460+0000] {processor.py:161} INFO - Processing /home/airflow/.local/lib/python3.7/site-packages/airflow/example_dags/example_xcomargs.py took 0.215 seconds
