[2022-09-10T17:06:42.588+0000] {processor.py:153} INFO - Started process (PID=71) to work on /home/airflow/.local/lib/python3.7/site-packages/airflow/example_dags/example_python_operator.py
[2022-09-10T17:06:42.592+0000] {processor.py:640} INFO - Processing file /home/airflow/.local/lib/python3.7/site-packages/airflow/example_dags/example_python_operator.py for tasks to queue
[2022-09-10T17:06:42.595+0000] {logging_mixin.py:115} INFO - [2022-09-10T17:06:42.595+0000] {dagbag.py:508} INFO - Filling up the DagBag from /home/airflow/.local/lib/python3.7/site-packages/airflow/example_dags/example_python_operator.py
[2022-09-10T17:06:42.637+0000] {processor.py:650} INFO - DAG(s) dict_keys(['example_python_operator']) retrieved from /home/airflow/.local/lib/python3.7/site-packages/airflow/example_dags/example_python_operator.py
[2022-09-10T17:06:42.755+0000] {logging_mixin.py:115} INFO - [2022-09-10T17:06:42.754+0000] {manager.py:508} INFO - Created Permission View: can edit on DAG:example_python_operator
[2022-09-10T17:06:42.771+0000] {logging_mixin.py:115} INFO - [2022-09-10T17:06:42.770+0000] {manager.py:508} INFO - Created Permission View: can delete on DAG:example_python_operator
[2022-09-10T17:06:42.781+0000] {logging_mixin.py:115} INFO - [2022-09-10T17:06:42.781+0000] {manager.py:508} INFO - Created Permission View: can read on DAG:example_python_operator
[2022-09-10T17:06:42.782+0000] {logging_mixin.py:115} INFO - [2022-09-10T17:06:42.782+0000] {dag.py:2429} INFO - Sync 1 DAGs
[2022-09-10T17:06:42.792+0000] {logging_mixin.py:115} INFO - [2022-09-10T17:06:42.791+0000] {dag.py:2448} INFO - Creating ORM DAG for example_python_operator
[2022-09-10T17:06:42.805+0000] {logging_mixin.py:115} INFO - [2022-09-10T17:06:42.805+0000] {dag.py:2981} INFO - Setting next_dagrun for example_python_operator to None, run_after=None
[2022-09-10T17:06:42.825+0000] {processor.py:161} INFO - Processing /home/airflow/.local/lib/python3.7/site-packages/airflow/example_dags/example_python_operator.py took 0.244 seconds
[2022-09-10T17:07:13.764+0000] {processor.py:153} INFO - Started process (PID=135) to work on /home/airflow/.local/lib/python3.7/site-packages/airflow/example_dags/example_python_operator.py
[2022-09-10T17:07:13.767+0000] {processor.py:640} INFO - Processing file /home/airflow/.local/lib/python3.7/site-packages/airflow/example_dags/example_python_operator.py for tasks to queue
[2022-09-10T17:07:13.769+0000] {logging_mixin.py:115} INFO - [2022-09-10T17:07:13.769+0000] {dagbag.py:508} INFO - Filling up the DagBag from /home/airflow/.local/lib/python3.7/site-packages/airflow/example_dags/example_python_operator.py
[2022-09-10T17:07:13.789+0000] {processor.py:650} INFO - DAG(s) dict_keys(['example_python_operator']) retrieved from /home/airflow/.local/lib/python3.7/site-packages/airflow/example_dags/example_python_operator.py
[2022-09-10T17:07:13.811+0000] {logging_mixin.py:115} INFO - [2022-09-10T17:07:13.811+0000] {dag.py:2429} INFO - Sync 1 DAGs
[2022-09-10T17:07:13.824+0000] {logging_mixin.py:115} INFO - [2022-09-10T17:07:13.824+0000] {dag.py:2981} INFO - Setting next_dagrun for example_python_operator to None, run_after=None
[2022-09-10T17:07:13.831+0000] {processor.py:161} INFO - Processing /home/airflow/.local/lib/python3.7/site-packages/airflow/example_dags/example_python_operator.py took 0.071 seconds
[2022-09-10T17:07:44.663+0000] {processor.py:153} INFO - Started process (PID=198) to work on /home/airflow/.local/lib/python3.7/site-packages/airflow/example_dags/example_python_operator.py
[2022-09-10T17:07:44.666+0000] {processor.py:640} INFO - Processing file /home/airflow/.local/lib/python3.7/site-packages/airflow/example_dags/example_python_operator.py for tasks to queue
[2022-09-10T17:07:44.668+0000] {logging_mixin.py:115} INFO - [2022-09-10T17:07:44.668+0000] {dagbag.py:508} INFO - Filling up the DagBag from /home/airflow/.local/lib/python3.7/site-packages/airflow/example_dags/example_python_operator.py
[2022-09-10T17:07:44.688+0000] {processor.py:650} INFO - DAG(s) dict_keys(['example_python_operator']) retrieved from /home/airflow/.local/lib/python3.7/site-packages/airflow/example_dags/example_python_operator.py
[2022-09-10T17:07:44.711+0000] {logging_mixin.py:115} INFO - [2022-09-10T17:07:44.711+0000] {dag.py:2429} INFO - Sync 1 DAGs
[2022-09-10T17:07:44.725+0000] {logging_mixin.py:115} INFO - [2022-09-10T17:07:44.725+0000] {dag.py:2981} INFO - Setting next_dagrun for example_python_operator to None, run_after=None
[2022-09-10T17:07:44.733+0000] {processor.py:161} INFO - Processing /home/airflow/.local/lib/python3.7/site-packages/airflow/example_dags/example_python_operator.py took 0.074 seconds
[2022-09-10T17:08:15.565+0000] {processor.py:153} INFO - Started process (PID=260) to work on /home/airflow/.local/lib/python3.7/site-packages/airflow/example_dags/example_python_operator.py
[2022-09-10T17:08:15.566+0000] {processor.py:640} INFO - Processing file /home/airflow/.local/lib/python3.7/site-packages/airflow/example_dags/example_python_operator.py for tasks to queue
[2022-09-10T17:08:15.567+0000] {logging_mixin.py:115} INFO - [2022-09-10T17:08:15.567+0000] {dagbag.py:508} INFO - Filling up the DagBag from /home/airflow/.local/lib/python3.7/site-packages/airflow/example_dags/example_python_operator.py
[2022-09-10T17:08:15.579+0000] {processor.py:650} INFO - DAG(s) dict_keys(['example_python_operator']) retrieved from /home/airflow/.local/lib/python3.7/site-packages/airflow/example_dags/example_python_operator.py
[2022-09-10T17:08:15.597+0000] {logging_mixin.py:115} INFO - [2022-09-10T17:08:15.597+0000] {dag.py:2429} INFO - Sync 1 DAGs
[2022-09-10T17:08:15.610+0000] {logging_mixin.py:115} INFO - [2022-09-10T17:08:15.610+0000] {dag.py:2981} INFO - Setting next_dagrun for example_python_operator to None, run_after=None
[2022-09-10T17:08:15.617+0000] {processor.py:161} INFO - Processing /home/airflow/.local/lib/python3.7/site-packages/airflow/example_dags/example_python_operator.py took 0.055 seconds
[2022-09-10T17:08:46.403+0000] {processor.py:153} INFO - Started process (PID=314) to work on /home/airflow/.local/lib/python3.7/site-packages/airflow/example_dags/example_python_operator.py
[2022-09-10T17:08:46.404+0000] {processor.py:640} INFO - Processing file /home/airflow/.local/lib/python3.7/site-packages/airflow/example_dags/example_python_operator.py for tasks to queue
[2022-09-10T17:08:46.406+0000] {logging_mixin.py:115} INFO - [2022-09-10T17:08:46.406+0000] {dagbag.py:508} INFO - Filling up the DagBag from /home/airflow/.local/lib/python3.7/site-packages/airflow/example_dags/example_python_operator.py
[2022-09-10T17:08:46.420+0000] {processor.py:650} INFO - DAG(s) dict_keys(['example_python_operator']) retrieved from /home/airflow/.local/lib/python3.7/site-packages/airflow/example_dags/example_python_operator.py
[2022-09-10T17:08:46.437+0000] {logging_mixin.py:115} INFO - [2022-09-10T17:08:46.437+0000] {dag.py:2429} INFO - Sync 1 DAGs
[2022-09-10T17:08:46.449+0000] {logging_mixin.py:115} INFO - [2022-09-10T17:08:46.449+0000] {dag.py:2981} INFO - Setting next_dagrun for example_python_operator to None, run_after=None
[2022-09-10T17:08:46.460+0000] {processor.py:161} INFO - Processing /home/airflow/.local/lib/python3.7/site-packages/airflow/example_dags/example_python_operator.py took 0.060 seconds
[2022-09-10T17:09:17.261+0000] {processor.py:153} INFO - Started process (PID=378) to work on /home/airflow/.local/lib/python3.7/site-packages/airflow/example_dags/example_python_operator.py
[2022-09-10T17:09:17.264+0000] {processor.py:640} INFO - Processing file /home/airflow/.local/lib/python3.7/site-packages/airflow/example_dags/example_python_operator.py for tasks to queue
[2022-09-10T17:09:17.265+0000] {logging_mixin.py:115} INFO - [2022-09-10T17:09:17.265+0000] {dagbag.py:508} INFO - Filling up the DagBag from /home/airflow/.local/lib/python3.7/site-packages/airflow/example_dags/example_python_operator.py
[2022-09-10T17:09:17.281+0000] {processor.py:650} INFO - DAG(s) dict_keys(['example_python_operator']) retrieved from /home/airflow/.local/lib/python3.7/site-packages/airflow/example_dags/example_python_operator.py
[2022-09-10T17:09:17.300+0000] {logging_mixin.py:115} INFO - [2022-09-10T17:09:17.300+0000] {dag.py:2429} INFO - Sync 1 DAGs
[2022-09-10T17:09:17.313+0000] {logging_mixin.py:115} INFO - [2022-09-10T17:09:17.313+0000] {dag.py:2981} INFO - Setting next_dagrun for example_python_operator to None, run_after=None
[2022-09-10T17:09:17.320+0000] {processor.py:161} INFO - Processing /home/airflow/.local/lib/python3.7/site-packages/airflow/example_dags/example_python_operator.py took 0.063 seconds
[2022-09-10T17:09:48.088+0000] {processor.py:153} INFO - Started process (PID=442) to work on /home/airflow/.local/lib/python3.7/site-packages/airflow/example_dags/example_python_operator.py
[2022-09-10T17:09:48.091+0000] {processor.py:640} INFO - Processing file /home/airflow/.local/lib/python3.7/site-packages/airflow/example_dags/example_python_operator.py for tasks to queue
[2022-09-10T17:09:48.093+0000] {logging_mixin.py:115} INFO - [2022-09-10T17:09:48.093+0000] {dagbag.py:508} INFO - Filling up the DagBag from /home/airflow/.local/lib/python3.7/site-packages/airflow/example_dags/example_python_operator.py
[2022-09-10T17:09:48.112+0000] {processor.py:650} INFO - DAG(s) dict_keys(['example_python_operator']) retrieved from /home/airflow/.local/lib/python3.7/site-packages/airflow/example_dags/example_python_operator.py
[2022-09-10T17:09:48.139+0000] {logging_mixin.py:115} INFO - [2022-09-10T17:09:48.139+0000] {dag.py:2429} INFO - Sync 1 DAGs
[2022-09-10T17:09:48.159+0000] {logging_mixin.py:115} INFO - [2022-09-10T17:09:48.159+0000] {dag.py:2981} INFO - Setting next_dagrun for example_python_operator to None, run_after=None
[2022-09-10T17:09:48.167+0000] {processor.py:161} INFO - Processing /home/airflow/.local/lib/python3.7/site-packages/airflow/example_dags/example_python_operator.py took 0.084 seconds
[2022-09-10T17:10:18.950+0000] {processor.py:153} INFO - Started process (PID=506) to work on /home/airflow/.local/lib/python3.7/site-packages/airflow/example_dags/example_python_operator.py
[2022-09-10T17:10:18.952+0000] {processor.py:640} INFO - Processing file /home/airflow/.local/lib/python3.7/site-packages/airflow/example_dags/example_python_operator.py for tasks to queue
[2022-09-10T17:10:18.953+0000] {logging_mixin.py:115} INFO - [2022-09-10T17:10:18.953+0000] {dagbag.py:508} INFO - Filling up the DagBag from /home/airflow/.local/lib/python3.7/site-packages/airflow/example_dags/example_python_operator.py
[2022-09-10T17:10:18.974+0000] {processor.py:650} INFO - DAG(s) dict_keys(['example_python_operator']) retrieved from /home/airflow/.local/lib/python3.7/site-packages/airflow/example_dags/example_python_operator.py
[2022-09-10T17:10:19.005+0000] {logging_mixin.py:115} INFO - [2022-09-10T17:10:19.005+0000] {dag.py:2429} INFO - Sync 1 DAGs
[2022-09-10T17:10:19.029+0000] {logging_mixin.py:115} INFO - [2022-09-10T17:10:19.029+0000] {dag.py:2981} INFO - Setting next_dagrun for example_python_operator to None, run_after=None
[2022-09-10T17:10:19.041+0000] {processor.py:161} INFO - Processing /home/airflow/.local/lib/python3.7/site-packages/airflow/example_dags/example_python_operator.py took 0.098 seconds
[2022-09-10T17:10:49.863+0000] {processor.py:153} INFO - Started process (PID=569) to work on /home/airflow/.local/lib/python3.7/site-packages/airflow/example_dags/example_python_operator.py
[2022-09-10T17:10:49.865+0000] {processor.py:640} INFO - Processing file /home/airflow/.local/lib/python3.7/site-packages/airflow/example_dags/example_python_operator.py for tasks to queue
[2022-09-10T17:10:49.867+0000] {logging_mixin.py:115} INFO - [2022-09-10T17:10:49.867+0000] {dagbag.py:508} INFO - Filling up the DagBag from /home/airflow/.local/lib/python3.7/site-packages/airflow/example_dags/example_python_operator.py
[2022-09-10T17:10:49.888+0000] {processor.py:650} INFO - DAG(s) dict_keys(['example_python_operator']) retrieved from /home/airflow/.local/lib/python3.7/site-packages/airflow/example_dags/example_python_operator.py
[2022-09-10T17:10:49.909+0000] {logging_mixin.py:115} INFO - [2022-09-10T17:10:49.909+0000] {dag.py:2429} INFO - Sync 1 DAGs
[2022-09-10T17:10:49.922+0000] {logging_mixin.py:115} INFO - [2022-09-10T17:10:49.922+0000] {dag.py:2981} INFO - Setting next_dagrun for example_python_operator to None, run_after=None
[2022-09-10T17:10:49.931+0000] {processor.py:161} INFO - Processing /home/airflow/.local/lib/python3.7/site-packages/airflow/example_dags/example_python_operator.py took 0.073 seconds
[2022-09-10T17:13:06.522+0000] {processor.py:153} INFO - Started process (PID=70) to work on /home/airflow/.local/lib/python3.7/site-packages/airflow/example_dags/example_python_operator.py
[2022-09-10T17:13:06.530+0000] {processor.py:640} INFO - Processing file /home/airflow/.local/lib/python3.7/site-packages/airflow/example_dags/example_python_operator.py for tasks to queue
[2022-09-10T17:13:06.546+0000] {logging_mixin.py:115} INFO - [2022-09-10T17:13:06.546+0000] {dagbag.py:508} INFO - Filling up the DagBag from /home/airflow/.local/lib/python3.7/site-packages/airflow/example_dags/example_python_operator.py
[2022-09-10T17:13:06.606+0000] {processor.py:650} INFO - DAG(s) dict_keys(['example_python_operator']) retrieved from /home/airflow/.local/lib/python3.7/site-packages/airflow/example_dags/example_python_operator.py
[2022-09-10T17:13:06.681+0000] {logging_mixin.py:115} INFO - [2022-09-10T17:13:06.681+0000] {dag.py:2429} INFO - Sync 1 DAGs
[2022-09-10T17:13:06.715+0000] {logging_mixin.py:115} INFO - [2022-09-10T17:13:06.715+0000] {dag.py:2981} INFO - Setting next_dagrun for example_python_operator to None, run_after=None
[2022-09-10T17:13:07.068+0000] {processor.py:161} INFO - Processing /home/airflow/.local/lib/python3.7/site-packages/airflow/example_dags/example_python_operator.py took 0.556 seconds
[2022-09-10T17:13:37.509+0000] {processor.py:153} INFO - Started process (PID=124) to work on /home/airflow/.local/lib/python3.7/site-packages/airflow/example_dags/example_python_operator.py
[2022-09-10T17:13:37.513+0000] {processor.py:640} INFO - Processing file /home/airflow/.local/lib/python3.7/site-packages/airflow/example_dags/example_python_operator.py for tasks to queue
[2022-09-10T17:13:37.515+0000] {logging_mixin.py:115} INFO - [2022-09-10T17:13:37.515+0000] {dagbag.py:508} INFO - Filling up the DagBag from /home/airflow/.local/lib/python3.7/site-packages/airflow/example_dags/example_python_operator.py
[2022-09-10T17:13:37.560+0000] {processor.py:650} INFO - DAG(s) dict_keys(['example_python_operator']) retrieved from /home/airflow/.local/lib/python3.7/site-packages/airflow/example_dags/example_python_operator.py
[2022-09-10T17:13:37.616+0000] {logging_mixin.py:115} INFO - [2022-09-10T17:13:37.616+0000] {dag.py:2429} INFO - Sync 1 DAGs
[2022-09-10T17:13:37.654+0000] {logging_mixin.py:115} INFO - [2022-09-10T17:13:37.653+0000] {dag.py:2981} INFO - Setting next_dagrun for example_python_operator to None, run_after=None
[2022-09-10T17:13:37.875+0000] {processor.py:161} INFO - Processing /home/airflow/.local/lib/python3.7/site-packages/airflow/example_dags/example_python_operator.py took 0.374 seconds
[2022-09-10T17:16:08.458+0000] {processor.py:153} INFO - Started process (PID=82) to work on /home/airflow/.local/lib/python3.7/site-packages/airflow/example_dags/example_python_operator.py
[2022-09-10T17:16:08.463+0000] {processor.py:640} INFO - Processing file /home/airflow/.local/lib/python3.7/site-packages/airflow/example_dags/example_python_operator.py for tasks to queue
[2022-09-10T17:16:08.470+0000] {logging_mixin.py:115} INFO - [2022-09-10T17:16:08.470+0000] {dagbag.py:508} INFO - Filling up the DagBag from /home/airflow/.local/lib/python3.7/site-packages/airflow/example_dags/example_python_operator.py
[2022-09-10T17:16:08.557+0000] {processor.py:650} INFO - DAG(s) dict_keys(['example_python_operator']) retrieved from /home/airflow/.local/lib/python3.7/site-packages/airflow/example_dags/example_python_operator.py
[2022-09-10T17:16:08.664+0000] {logging_mixin.py:115} INFO - [2022-09-10T17:16:08.663+0000] {dag.py:2429} INFO - Sync 1 DAGs
[2022-09-10T17:16:08.835+0000] {logging_mixin.py:115} INFO - [2022-09-10T17:16:08.835+0000] {dag.py:2981} INFO - Setting next_dagrun for example_python_operator to None, run_after=None
[2022-09-10T17:16:08.902+0000] {processor.py:161} INFO - Processing /home/airflow/.local/lib/python3.7/site-packages/airflow/example_dags/example_python_operator.py took 0.448 seconds
[2022-09-10T17:16:39.588+0000] {processor.py:153} INFO - Started process (PID=136) to work on /home/airflow/.local/lib/python3.7/site-packages/airflow/example_dags/example_python_operator.py
[2022-09-10T17:16:39.590+0000] {processor.py:640} INFO - Processing file /home/airflow/.local/lib/python3.7/site-packages/airflow/example_dags/example_python_operator.py for tasks to queue
[2022-09-10T17:16:39.592+0000] {logging_mixin.py:115} INFO - [2022-09-10T17:16:39.592+0000] {dagbag.py:508} INFO - Filling up the DagBag from /home/airflow/.local/lib/python3.7/site-packages/airflow/example_dags/example_python_operator.py
[2022-09-10T17:16:39.604+0000] {processor.py:650} INFO - DAG(s) dict_keys(['example_python_operator']) retrieved from /home/airflow/.local/lib/python3.7/site-packages/airflow/example_dags/example_python_operator.py
[2022-09-10T17:16:39.623+0000] {logging_mixin.py:115} INFO - [2022-09-10T17:16:39.623+0000] {dag.py:2429} INFO - Sync 1 DAGs
[2022-09-10T17:16:39.638+0000] {logging_mixin.py:115} INFO - [2022-09-10T17:16:39.638+0000] {dag.py:2981} INFO - Setting next_dagrun for example_python_operator to None, run_after=None
[2022-09-10T17:16:39.648+0000] {processor.py:161} INFO - Processing /home/airflow/.local/lib/python3.7/site-packages/airflow/example_dags/example_python_operator.py took 0.062 seconds
[2022-09-10T17:17:09.901+0000] {processor.py:153} INFO - Started process (PID=200) to work on /home/airflow/.local/lib/python3.7/site-packages/airflow/example_dags/example_python_operator.py
[2022-09-10T17:17:09.903+0000] {processor.py:640} INFO - Processing file /home/airflow/.local/lib/python3.7/site-packages/airflow/example_dags/example_python_operator.py for tasks to queue
[2022-09-10T17:17:09.904+0000] {logging_mixin.py:115} INFO - [2022-09-10T17:17:09.904+0000] {dagbag.py:508} INFO - Filling up the DagBag from /home/airflow/.local/lib/python3.7/site-packages/airflow/example_dags/example_python_operator.py
[2022-09-10T17:17:09.919+0000] {processor.py:650} INFO - DAG(s) dict_keys(['example_python_operator']) retrieved from /home/airflow/.local/lib/python3.7/site-packages/airflow/example_dags/example_python_operator.py
[2022-09-10T17:17:09.944+0000] {logging_mixin.py:115} INFO - [2022-09-10T17:17:09.944+0000] {dag.py:2429} INFO - Sync 1 DAGs
[2022-09-10T17:17:09.963+0000] {logging_mixin.py:115} INFO - [2022-09-10T17:17:09.963+0000] {dag.py:2981} INFO - Setting next_dagrun for example_python_operator to None, run_after=None
[2022-09-10T17:17:09.973+0000] {processor.py:161} INFO - Processing /home/airflow/.local/lib/python3.7/site-packages/airflow/example_dags/example_python_operator.py took 0.075 seconds
[2022-09-10T17:17:40.019+0000] {processor.py:153} INFO - Started process (PID=262) to work on /home/airflow/.local/lib/python3.7/site-packages/airflow/example_dags/example_python_operator.py
[2022-09-10T17:17:40.021+0000] {processor.py:640} INFO - Processing file /home/airflow/.local/lib/python3.7/site-packages/airflow/example_dags/example_python_operator.py for tasks to queue
[2022-09-10T17:17:40.023+0000] {logging_mixin.py:115} INFO - [2022-09-10T17:17:40.022+0000] {dagbag.py:508} INFO - Filling up the DagBag from /home/airflow/.local/lib/python3.7/site-packages/airflow/example_dags/example_python_operator.py
[2022-09-10T17:17:40.033+0000] {processor.py:650} INFO - DAG(s) dict_keys(['example_python_operator']) retrieved from /home/airflow/.local/lib/python3.7/site-packages/airflow/example_dags/example_python_operator.py
[2022-09-10T17:17:40.054+0000] {logging_mixin.py:115} INFO - [2022-09-10T17:17:40.054+0000] {dag.py:2429} INFO - Sync 1 DAGs
[2022-09-10T17:17:40.068+0000] {logging_mixin.py:115} INFO - [2022-09-10T17:17:40.068+0000] {dag.py:2981} INFO - Setting next_dagrun for example_python_operator to None, run_after=None
[2022-09-10T17:17:40.078+0000] {processor.py:161} INFO - Processing /home/airflow/.local/lib/python3.7/site-packages/airflow/example_dags/example_python_operator.py took 0.062 seconds
[2022-09-10T17:18:10.145+0000] {processor.py:153} INFO - Started process (PID=316) to work on /home/airflow/.local/lib/python3.7/site-packages/airflow/example_dags/example_python_operator.py
[2022-09-10T17:18:10.148+0000] {processor.py:640} INFO - Processing file /home/airflow/.local/lib/python3.7/site-packages/airflow/example_dags/example_python_operator.py for tasks to queue
[2022-09-10T17:18:10.150+0000] {logging_mixin.py:115} INFO - [2022-09-10T17:18:10.150+0000] {dagbag.py:508} INFO - Filling up the DagBag from /home/airflow/.local/lib/python3.7/site-packages/airflow/example_dags/example_python_operator.py
[2022-09-10T17:18:10.168+0000] {processor.py:650} INFO - DAG(s) dict_keys(['example_python_operator']) retrieved from /home/airflow/.local/lib/python3.7/site-packages/airflow/example_dags/example_python_operator.py
[2022-09-10T17:18:10.188+0000] {logging_mixin.py:115} INFO - [2022-09-10T17:18:10.188+0000] {dag.py:2429} INFO - Sync 1 DAGs
[2022-09-10T17:18:10.200+0000] {logging_mixin.py:115} INFO - [2022-09-10T17:18:10.200+0000] {dag.py:2981} INFO - Setting next_dagrun for example_python_operator to None, run_after=None
[2022-09-10T17:18:10.207+0000] {processor.py:161} INFO - Processing /home/airflow/.local/lib/python3.7/site-packages/airflow/example_dags/example_python_operator.py took 0.067 seconds
[2022-09-10T17:18:40.244+0000] {processor.py:153} INFO - Started process (PID=379) to work on /home/airflow/.local/lib/python3.7/site-packages/airflow/example_dags/example_python_operator.py
[2022-09-10T17:18:40.246+0000] {processor.py:640} INFO - Processing file /home/airflow/.local/lib/python3.7/site-packages/airflow/example_dags/example_python_operator.py for tasks to queue
[2022-09-10T17:18:40.246+0000] {logging_mixin.py:115} INFO - [2022-09-10T17:18:40.246+0000] {dagbag.py:508} INFO - Filling up the DagBag from /home/airflow/.local/lib/python3.7/site-packages/airflow/example_dags/example_python_operator.py
[2022-09-10T17:18:40.256+0000] {processor.py:650} INFO - DAG(s) dict_keys(['example_python_operator']) retrieved from /home/airflow/.local/lib/python3.7/site-packages/airflow/example_dags/example_python_operator.py
[2022-09-10T17:18:40.274+0000] {logging_mixin.py:115} INFO - [2022-09-10T17:18:40.273+0000] {dag.py:2429} INFO - Sync 1 DAGs
[2022-09-10T17:18:40.285+0000] {logging_mixin.py:115} INFO - [2022-09-10T17:18:40.285+0000] {dag.py:2981} INFO - Setting next_dagrun for example_python_operator to None, run_after=None
[2022-09-10T17:18:40.292+0000] {processor.py:161} INFO - Processing /home/airflow/.local/lib/python3.7/site-packages/airflow/example_dags/example_python_operator.py took 0.051 seconds
[2022-09-10T17:19:10.481+0000] {processor.py:153} INFO - Started process (PID=442) to work on /home/airflow/.local/lib/python3.7/site-packages/airflow/example_dags/example_python_operator.py
[2022-09-10T17:19:10.483+0000] {processor.py:640} INFO - Processing file /home/airflow/.local/lib/python3.7/site-packages/airflow/example_dags/example_python_operator.py for tasks to queue
[2022-09-10T17:19:10.484+0000] {logging_mixin.py:115} INFO - [2022-09-10T17:19:10.484+0000] {dagbag.py:508} INFO - Filling up the DagBag from /home/airflow/.local/lib/python3.7/site-packages/airflow/example_dags/example_python_operator.py
[2022-09-10T17:19:10.495+0000] {processor.py:650} INFO - DAG(s) dict_keys(['example_python_operator']) retrieved from /home/airflow/.local/lib/python3.7/site-packages/airflow/example_dags/example_python_operator.py
[2022-09-10T17:19:10.512+0000] {logging_mixin.py:115} INFO - [2022-09-10T17:19:10.512+0000] {dag.py:2429} INFO - Sync 1 DAGs
[2022-09-10T17:19:10.527+0000] {logging_mixin.py:115} INFO - [2022-09-10T17:19:10.527+0000] {dag.py:2981} INFO - Setting next_dagrun for example_python_operator to None, run_after=None
[2022-09-10T17:19:10.539+0000] {processor.py:161} INFO - Processing /home/airflow/.local/lib/python3.7/site-packages/airflow/example_dags/example_python_operator.py took 0.060 seconds
[2022-09-10T17:19:40.611+0000] {processor.py:153} INFO - Started process (PID=504) to work on /home/airflow/.local/lib/python3.7/site-packages/airflow/example_dags/example_python_operator.py
[2022-09-10T17:19:40.613+0000] {processor.py:640} INFO - Processing file /home/airflow/.local/lib/python3.7/site-packages/airflow/example_dags/example_python_operator.py for tasks to queue
[2022-09-10T17:19:40.614+0000] {logging_mixin.py:115} INFO - [2022-09-10T17:19:40.614+0000] {dagbag.py:508} INFO - Filling up the DagBag from /home/airflow/.local/lib/python3.7/site-packages/airflow/example_dags/example_python_operator.py
[2022-09-10T17:19:40.626+0000] {processor.py:650} INFO - DAG(s) dict_keys(['example_python_operator']) retrieved from /home/airflow/.local/lib/python3.7/site-packages/airflow/example_dags/example_python_operator.py
[2022-09-10T17:19:40.643+0000] {logging_mixin.py:115} INFO - [2022-09-10T17:19:40.643+0000] {dag.py:2429} INFO - Sync 1 DAGs
[2022-09-10T17:19:40.661+0000] {logging_mixin.py:115} INFO - [2022-09-10T17:19:40.661+0000] {dag.py:2981} INFO - Setting next_dagrun for example_python_operator to None, run_after=None
[2022-09-10T17:19:40.701+0000] {processor.py:161} INFO - Processing /home/airflow/.local/lib/python3.7/site-packages/airflow/example_dags/example_python_operator.py took 0.092 seconds
[2022-09-10T17:20:10.854+0000] {processor.py:153} INFO - Started process (PID=568) to work on /home/airflow/.local/lib/python3.7/site-packages/airflow/example_dags/example_python_operator.py
[2022-09-10T17:20:10.855+0000] {processor.py:640} INFO - Processing file /home/airflow/.local/lib/python3.7/site-packages/airflow/example_dags/example_python_operator.py for tasks to queue
[2022-09-10T17:20:10.856+0000] {logging_mixin.py:115} INFO - [2022-09-10T17:20:10.856+0000] {dagbag.py:508} INFO - Filling up the DagBag from /home/airflow/.local/lib/python3.7/site-packages/airflow/example_dags/example_python_operator.py
[2022-09-10T17:20:10.866+0000] {processor.py:650} INFO - DAG(s) dict_keys(['example_python_operator']) retrieved from /home/airflow/.local/lib/python3.7/site-packages/airflow/example_dags/example_python_operator.py
[2022-09-10T17:20:10.881+0000] {logging_mixin.py:115} INFO - [2022-09-10T17:20:10.881+0000] {dag.py:2429} INFO - Sync 1 DAGs
[2022-09-10T17:20:10.892+0000] {logging_mixin.py:115} INFO - [2022-09-10T17:20:10.892+0000] {dag.py:2981} INFO - Setting next_dagrun for example_python_operator to None, run_after=None
[2022-09-10T17:20:10.900+0000] {processor.py:161} INFO - Processing /home/airflow/.local/lib/python3.7/site-packages/airflow/example_dags/example_python_operator.py took 0.049 seconds
[2022-09-10T17:20:41.059+0000] {processor.py:153} INFO - Started process (PID=622) to work on /home/airflow/.local/lib/python3.7/site-packages/airflow/example_dags/example_python_operator.py
[2022-09-10T17:20:41.063+0000] {processor.py:640} INFO - Processing file /home/airflow/.local/lib/python3.7/site-packages/airflow/example_dags/example_python_operator.py for tasks to queue
[2022-09-10T17:20:41.065+0000] {logging_mixin.py:115} INFO - [2022-09-10T17:20:41.065+0000] {dagbag.py:508} INFO - Filling up the DagBag from /home/airflow/.local/lib/python3.7/site-packages/airflow/example_dags/example_python_operator.py
[2022-09-10T17:20:41.084+0000] {processor.py:650} INFO - DAG(s) dict_keys(['example_python_operator']) retrieved from /home/airflow/.local/lib/python3.7/site-packages/airflow/example_dags/example_python_operator.py
[2022-09-10T17:20:41.119+0000] {logging_mixin.py:115} INFO - [2022-09-10T17:20:41.118+0000] {dag.py:2429} INFO - Sync 1 DAGs
[2022-09-10T17:20:41.142+0000] {logging_mixin.py:115} INFO - [2022-09-10T17:20:41.142+0000] {dag.py:2981} INFO - Setting next_dagrun for example_python_operator to None, run_after=None
[2022-09-10T17:20:41.153+0000] {processor.py:161} INFO - Processing /home/airflow/.local/lib/python3.7/site-packages/airflow/example_dags/example_python_operator.py took 0.099 seconds
[2022-09-10T17:21:12.190+0000] {processor.py:153} INFO - Started process (PID=685) to work on /home/airflow/.local/lib/python3.7/site-packages/airflow/example_dags/example_python_operator.py
[2022-09-10T17:21:12.193+0000] {processor.py:640} INFO - Processing file /home/airflow/.local/lib/python3.7/site-packages/airflow/example_dags/example_python_operator.py for tasks to queue
[2022-09-10T17:21:12.195+0000] {logging_mixin.py:115} INFO - [2022-09-10T17:21:12.195+0000] {dagbag.py:508} INFO - Filling up the DagBag from /home/airflow/.local/lib/python3.7/site-packages/airflow/example_dags/example_python_operator.py
[2022-09-10T17:21:12.212+0000] {processor.py:650} INFO - DAG(s) dict_keys(['example_python_operator']) retrieved from /home/airflow/.local/lib/python3.7/site-packages/airflow/example_dags/example_python_operator.py
[2022-09-10T17:21:12.246+0000] {logging_mixin.py:115} INFO - [2022-09-10T17:21:12.246+0000] {dag.py:2429} INFO - Sync 1 DAGs
[2022-09-10T17:21:12.262+0000] {logging_mixin.py:115} INFO - [2022-09-10T17:21:12.262+0000] {dag.py:2981} INFO - Setting next_dagrun for example_python_operator to None, run_after=None
[2022-09-10T17:21:12.272+0000] {processor.py:161} INFO - Processing /home/airflow/.local/lib/python3.7/site-packages/airflow/example_dags/example_python_operator.py took 0.087 seconds
[2022-09-10T17:21:42.989+0000] {processor.py:153} INFO - Started process (PID=748) to work on /home/airflow/.local/lib/python3.7/site-packages/airflow/example_dags/example_python_operator.py
[2022-09-10T17:21:42.992+0000] {processor.py:640} INFO - Processing file /home/airflow/.local/lib/python3.7/site-packages/airflow/example_dags/example_python_operator.py for tasks to queue
[2022-09-10T17:21:42.997+0000] {logging_mixin.py:115} INFO - [2022-09-10T17:21:42.997+0000] {dagbag.py:508} INFO - Filling up the DagBag from /home/airflow/.local/lib/python3.7/site-packages/airflow/example_dags/example_python_operator.py
[2022-09-10T17:21:43.037+0000] {processor.py:650} INFO - DAG(s) dict_keys(['example_python_operator']) retrieved from /home/airflow/.local/lib/python3.7/site-packages/airflow/example_dags/example_python_operator.py
[2022-09-10T17:21:43.119+0000] {logging_mixin.py:115} INFO - [2022-09-10T17:21:43.118+0000] {dag.py:2429} INFO - Sync 1 DAGs
[2022-09-10T17:21:43.152+0000] {logging_mixin.py:115} INFO - [2022-09-10T17:21:43.152+0000] {dag.py:2981} INFO - Setting next_dagrun for example_python_operator to None, run_after=None
[2022-09-10T17:21:43.168+0000] {processor.py:161} INFO - Processing /home/airflow/.local/lib/python3.7/site-packages/airflow/example_dags/example_python_operator.py took 0.192 seconds
[2022-09-10T17:22:14.071+0000] {processor.py:153} INFO - Started process (PID=811) to work on /home/airflow/.local/lib/python3.7/site-packages/airflow/example_dags/example_python_operator.py
[2022-09-10T17:22:14.076+0000] {processor.py:640} INFO - Processing file /home/airflow/.local/lib/python3.7/site-packages/airflow/example_dags/example_python_operator.py for tasks to queue
[2022-09-10T17:22:14.079+0000] {logging_mixin.py:115} INFO - [2022-09-10T17:22:14.079+0000] {dagbag.py:508} INFO - Filling up the DagBag from /home/airflow/.local/lib/python3.7/site-packages/airflow/example_dags/example_python_operator.py
[2022-09-10T17:22:14.108+0000] {processor.py:650} INFO - DAG(s) dict_keys(['example_python_operator']) retrieved from /home/airflow/.local/lib/python3.7/site-packages/airflow/example_dags/example_python_operator.py
[2022-09-10T17:22:14.133+0000] {logging_mixin.py:115} INFO - [2022-09-10T17:22:14.133+0000] {dag.py:2429} INFO - Sync 1 DAGs
[2022-09-10T17:22:14.153+0000] {logging_mixin.py:115} INFO - [2022-09-10T17:22:14.152+0000] {dag.py:2981} INFO - Setting next_dagrun for example_python_operator to None, run_after=None
[2022-09-10T17:22:14.163+0000] {processor.py:161} INFO - Processing /home/airflow/.local/lib/python3.7/site-packages/airflow/example_dags/example_python_operator.py took 0.099 seconds
[2022-09-10T17:22:44.697+0000] {processor.py:153} INFO - Started process (PID=876) to work on /home/airflow/.local/lib/python3.7/site-packages/airflow/example_dags/example_python_operator.py
[2022-09-10T17:22:44.699+0000] {processor.py:640} INFO - Processing file /home/airflow/.local/lib/python3.7/site-packages/airflow/example_dags/example_python_operator.py for tasks to queue
[2022-09-10T17:22:44.702+0000] {logging_mixin.py:115} INFO - [2022-09-10T17:22:44.701+0000] {dagbag.py:508} INFO - Filling up the DagBag from /home/airflow/.local/lib/python3.7/site-packages/airflow/example_dags/example_python_operator.py
[2022-09-10T17:22:44.716+0000] {processor.py:650} INFO - DAG(s) dict_keys(['example_python_operator']) retrieved from /home/airflow/.local/lib/python3.7/site-packages/airflow/example_dags/example_python_operator.py
[2022-09-10T17:22:44.733+0000] {logging_mixin.py:115} INFO - [2022-09-10T17:22:44.732+0000] {dag.py:2429} INFO - Sync 1 DAGs
[2022-09-10T17:22:44.744+0000] {logging_mixin.py:115} INFO - [2022-09-10T17:22:44.744+0000] {dag.py:2981} INFO - Setting next_dagrun for example_python_operator to None, run_after=None
[2022-09-10T17:22:44.752+0000] {processor.py:161} INFO - Processing /home/airflow/.local/lib/python3.7/site-packages/airflow/example_dags/example_python_operator.py took 0.059 seconds
[2022-09-10T17:23:15.766+0000] {processor.py:153} INFO - Started process (PID=940) to work on /home/airflow/.local/lib/python3.7/site-packages/airflow/example_dags/example_python_operator.py
[2022-09-10T17:23:15.767+0000] {processor.py:640} INFO - Processing file /home/airflow/.local/lib/python3.7/site-packages/airflow/example_dags/example_python_operator.py for tasks to queue
[2022-09-10T17:23:15.768+0000] {logging_mixin.py:115} INFO - [2022-09-10T17:23:15.768+0000] {dagbag.py:508} INFO - Filling up the DagBag from /home/airflow/.local/lib/python3.7/site-packages/airflow/example_dags/example_python_operator.py
[2022-09-10T17:23:15.778+0000] {processor.py:650} INFO - DAG(s) dict_keys(['example_python_operator']) retrieved from /home/airflow/.local/lib/python3.7/site-packages/airflow/example_dags/example_python_operator.py
[2022-09-10T17:23:15.795+0000] {logging_mixin.py:115} INFO - [2022-09-10T17:23:15.795+0000] {dag.py:2429} INFO - Sync 1 DAGs
[2022-09-10T17:23:15.808+0000] {logging_mixin.py:115} INFO - [2022-09-10T17:23:15.808+0000] {dag.py:2981} INFO - Setting next_dagrun for example_python_operator to None, run_after=None
[2022-09-10T17:23:15.816+0000] {processor.py:161} INFO - Processing /home/airflow/.local/lib/python3.7/site-packages/airflow/example_dags/example_python_operator.py took 0.052 seconds
[2022-09-10T17:23:46.687+0000] {processor.py:153} INFO - Started process (PID=1003) to work on /home/airflow/.local/lib/python3.7/site-packages/airflow/example_dags/example_python_operator.py
[2022-09-10T17:23:46.690+0000] {processor.py:640} INFO - Processing file /home/airflow/.local/lib/python3.7/site-packages/airflow/example_dags/example_python_operator.py for tasks to queue
[2022-09-10T17:23:46.691+0000] {logging_mixin.py:115} INFO - [2022-09-10T17:23:46.691+0000] {dagbag.py:508} INFO - Filling up the DagBag from /home/airflow/.local/lib/python3.7/site-packages/airflow/example_dags/example_python_operator.py
[2022-09-10T17:23:46.704+0000] {processor.py:650} INFO - DAG(s) dict_keys(['example_python_operator']) retrieved from /home/airflow/.local/lib/python3.7/site-packages/airflow/example_dags/example_python_operator.py
[2022-09-10T17:23:46.726+0000] {logging_mixin.py:115} INFO - [2022-09-10T17:23:46.726+0000] {dag.py:2429} INFO - Sync 1 DAGs
[2022-09-10T17:23:46.744+0000] {logging_mixin.py:115} INFO - [2022-09-10T17:23:46.744+0000] {dag.py:2981} INFO - Setting next_dagrun for example_python_operator to None, run_after=None
[2022-09-10T17:23:46.753+0000] {processor.py:161} INFO - Processing /home/airflow/.local/lib/python3.7/site-packages/airflow/example_dags/example_python_operator.py took 0.070 seconds
[2022-09-10T17:24:17.786+0000] {processor.py:153} INFO - Started process (PID=1057) to work on /home/airflow/.local/lib/python3.7/site-packages/airflow/example_dags/example_python_operator.py
[2022-09-10T17:24:17.787+0000] {processor.py:640} INFO - Processing file /home/airflow/.local/lib/python3.7/site-packages/airflow/example_dags/example_python_operator.py for tasks to queue
[2022-09-10T17:24:17.788+0000] {logging_mixin.py:115} INFO - [2022-09-10T17:24:17.788+0000] {dagbag.py:508} INFO - Filling up the DagBag from /home/airflow/.local/lib/python3.7/site-packages/airflow/example_dags/example_python_operator.py
[2022-09-10T17:24:17.798+0000] {processor.py:650} INFO - DAG(s) dict_keys(['example_python_operator']) retrieved from /home/airflow/.local/lib/python3.7/site-packages/airflow/example_dags/example_python_operator.py
[2022-09-10T17:24:17.813+0000] {logging_mixin.py:115} INFO - [2022-09-10T17:24:17.813+0000] {dag.py:2429} INFO - Sync 1 DAGs
[2022-09-10T17:24:17.827+0000] {logging_mixin.py:115} INFO - [2022-09-10T17:24:17.827+0000] {dag.py:2981} INFO - Setting next_dagrun for example_python_operator to None, run_after=None
[2022-09-10T17:24:17.836+0000] {processor.py:161} INFO - Processing /home/airflow/.local/lib/python3.7/site-packages/airflow/example_dags/example_python_operator.py took 0.052 seconds
[2022-09-10T17:24:48.537+0000] {processor.py:153} INFO - Started process (PID=1120) to work on /home/airflow/.local/lib/python3.7/site-packages/airflow/example_dags/example_python_operator.py
[2022-09-10T17:24:48.540+0000] {processor.py:640} INFO - Processing file /home/airflow/.local/lib/python3.7/site-packages/airflow/example_dags/example_python_operator.py for tasks to queue
[2022-09-10T17:24:48.542+0000] {logging_mixin.py:115} INFO - [2022-09-10T17:24:48.542+0000] {dagbag.py:508} INFO - Filling up the DagBag from /home/airflow/.local/lib/python3.7/site-packages/airflow/example_dags/example_python_operator.py
[2022-09-10T17:24:48.552+0000] {processor.py:650} INFO - DAG(s) dict_keys(['example_python_operator']) retrieved from /home/airflow/.local/lib/python3.7/site-packages/airflow/example_dags/example_python_operator.py
[2022-09-10T17:24:48.574+0000] {logging_mixin.py:115} INFO - [2022-09-10T17:24:48.574+0000] {dag.py:2429} INFO - Sync 1 DAGs
[2022-09-10T17:24:48.592+0000] {logging_mixin.py:115} INFO - [2022-09-10T17:24:48.592+0000] {dag.py:2981} INFO - Setting next_dagrun for example_python_operator to None, run_after=None
[2022-09-10T17:24:48.601+0000] {processor.py:161} INFO - Processing /home/airflow/.local/lib/python3.7/site-packages/airflow/example_dags/example_python_operator.py took 0.066 seconds
[2022-09-10T17:25:19.397+0000] {processor.py:153} INFO - Started process (PID=1182) to work on /home/airflow/.local/lib/python3.7/site-packages/airflow/example_dags/example_python_operator.py
[2022-09-10T17:25:19.398+0000] {processor.py:640} INFO - Processing file /home/airflow/.local/lib/python3.7/site-packages/airflow/example_dags/example_python_operator.py for tasks to queue
[2022-09-10T17:25:19.399+0000] {logging_mixin.py:115} INFO - [2022-09-10T17:25:19.399+0000] {dagbag.py:508} INFO - Filling up the DagBag from /home/airflow/.local/lib/python3.7/site-packages/airflow/example_dags/example_python_operator.py
[2022-09-10T17:25:19.409+0000] {processor.py:650} INFO - DAG(s) dict_keys(['example_python_operator']) retrieved from /home/airflow/.local/lib/python3.7/site-packages/airflow/example_dags/example_python_operator.py
[2022-09-10T17:25:19.426+0000] {logging_mixin.py:115} INFO - [2022-09-10T17:25:19.426+0000] {dag.py:2429} INFO - Sync 1 DAGs
[2022-09-10T17:25:19.442+0000] {logging_mixin.py:115} INFO - [2022-09-10T17:25:19.442+0000] {dag.py:2981} INFO - Setting next_dagrun for example_python_operator to None, run_after=None
[2022-09-10T17:25:19.451+0000] {processor.py:161} INFO - Processing /home/airflow/.local/lib/python3.7/site-packages/airflow/example_dags/example_python_operator.py took 0.056 seconds
[2022-09-10T17:25:50.494+0000] {processor.py:153} INFO - Started process (PID=1246) to work on /home/airflow/.local/lib/python3.7/site-packages/airflow/example_dags/example_python_operator.py
[2022-09-10T17:25:50.495+0000] {processor.py:640} INFO - Processing file /home/airflow/.local/lib/python3.7/site-packages/airflow/example_dags/example_python_operator.py for tasks to queue
[2022-09-10T17:25:50.496+0000] {logging_mixin.py:115} INFO - [2022-09-10T17:25:50.496+0000] {dagbag.py:508} INFO - Filling up the DagBag from /home/airflow/.local/lib/python3.7/site-packages/airflow/example_dags/example_python_operator.py
[2022-09-10T17:25:50.507+0000] {processor.py:650} INFO - DAG(s) dict_keys(['example_python_operator']) retrieved from /home/airflow/.local/lib/python3.7/site-packages/airflow/example_dags/example_python_operator.py
[2022-09-10T17:25:50.525+0000] {logging_mixin.py:115} INFO - [2022-09-10T17:25:50.525+0000] {dag.py:2429} INFO - Sync 1 DAGs
[2022-09-10T17:25:50.538+0000] {logging_mixin.py:115} INFO - [2022-09-10T17:25:50.538+0000] {dag.py:2981} INFO - Setting next_dagrun for example_python_operator to None, run_after=None
[2022-09-10T17:25:50.546+0000] {processor.py:161} INFO - Processing /home/airflow/.local/lib/python3.7/site-packages/airflow/example_dags/example_python_operator.py took 0.055 seconds
[2022-09-10T17:26:20.610+0000] {processor.py:153} INFO - Started process (PID=1309) to work on /home/airflow/.local/lib/python3.7/site-packages/airflow/example_dags/example_python_operator.py
[2022-09-10T17:26:20.611+0000] {processor.py:640} INFO - Processing file /home/airflow/.local/lib/python3.7/site-packages/airflow/example_dags/example_python_operator.py for tasks to queue
[2022-09-10T17:26:20.612+0000] {logging_mixin.py:115} INFO - [2022-09-10T17:26:20.612+0000] {dagbag.py:508} INFO - Filling up the DagBag from /home/airflow/.local/lib/python3.7/site-packages/airflow/example_dags/example_python_operator.py
[2022-09-10T17:26:20.623+0000] {processor.py:650} INFO - DAG(s) dict_keys(['example_python_operator']) retrieved from /home/airflow/.local/lib/python3.7/site-packages/airflow/example_dags/example_python_operator.py
[2022-09-10T17:26:20.640+0000] {logging_mixin.py:115} INFO - [2022-09-10T17:26:20.640+0000] {dag.py:2429} INFO - Sync 1 DAGs
[2022-09-10T17:26:20.652+0000] {logging_mixin.py:115} INFO - [2022-09-10T17:26:20.652+0000] {dag.py:2981} INFO - Setting next_dagrun for example_python_operator to None, run_after=None
[2022-09-10T17:26:20.659+0000] {processor.py:161} INFO - Processing /home/airflow/.local/lib/python3.7/site-packages/airflow/example_dags/example_python_operator.py took 0.051 seconds
[2022-09-10T17:26:50.731+0000] {processor.py:153} INFO - Started process (PID=1362) to work on /home/airflow/.local/lib/python3.7/site-packages/airflow/example_dags/example_python_operator.py
[2022-09-10T17:26:50.733+0000] {processor.py:640} INFO - Processing file /home/airflow/.local/lib/python3.7/site-packages/airflow/example_dags/example_python_operator.py for tasks to queue
[2022-09-10T17:26:50.734+0000] {logging_mixin.py:115} INFO - [2022-09-10T17:26:50.734+0000] {dagbag.py:508} INFO - Filling up the DagBag from /home/airflow/.local/lib/python3.7/site-packages/airflow/example_dags/example_python_operator.py
[2022-09-10T17:26:50.745+0000] {processor.py:650} INFO - DAG(s) dict_keys(['example_python_operator']) retrieved from /home/airflow/.local/lib/python3.7/site-packages/airflow/example_dags/example_python_operator.py
[2022-09-10T17:26:50.763+0000] {logging_mixin.py:115} INFO - [2022-09-10T17:26:50.762+0000] {dag.py:2429} INFO - Sync 1 DAGs
[2022-09-10T17:26:50.779+0000] {logging_mixin.py:115} INFO - [2022-09-10T17:26:50.779+0000] {dag.py:2981} INFO - Setting next_dagrun for example_python_operator to None, run_after=None
[2022-09-10T17:26:50.788+0000] {processor.py:161} INFO - Processing /home/airflow/.local/lib/python3.7/site-packages/airflow/example_dags/example_python_operator.py took 0.059 seconds
[2022-09-10T17:27:20.894+0000] {processor.py:153} INFO - Started process (PID=1426) to work on /home/airflow/.local/lib/python3.7/site-packages/airflow/example_dags/example_python_operator.py
[2022-09-10T17:27:20.896+0000] {processor.py:640} INFO - Processing file /home/airflow/.local/lib/python3.7/site-packages/airflow/example_dags/example_python_operator.py for tasks to queue
[2022-09-10T17:27:20.897+0000] {logging_mixin.py:115} INFO - [2022-09-10T17:27:20.897+0000] {dagbag.py:508} INFO - Filling up the DagBag from /home/airflow/.local/lib/python3.7/site-packages/airflow/example_dags/example_python_operator.py
[2022-09-10T17:27:20.908+0000] {processor.py:650} INFO - DAG(s) dict_keys(['example_python_operator']) retrieved from /home/airflow/.local/lib/python3.7/site-packages/airflow/example_dags/example_python_operator.py
[2022-09-10T17:27:20.927+0000] {logging_mixin.py:115} INFO - [2022-09-10T17:27:20.927+0000] {dag.py:2429} INFO - Sync 1 DAGs
[2022-09-10T17:27:20.943+0000] {logging_mixin.py:115} INFO - [2022-09-10T17:27:20.943+0000] {dag.py:2981} INFO - Setting next_dagrun for example_python_operator to None, run_after=None
[2022-09-10T17:27:20.950+0000] {processor.py:161} INFO - Processing /home/airflow/.local/lib/python3.7/site-packages/airflow/example_dags/example_python_operator.py took 0.059 seconds
[2022-09-10T17:27:51.988+0000] {processor.py:153} INFO - Started process (PID=1491) to work on /home/airflow/.local/lib/python3.7/site-packages/airflow/example_dags/example_python_operator.py
[2022-09-10T17:27:51.990+0000] {processor.py:640} INFO - Processing file /home/airflow/.local/lib/python3.7/site-packages/airflow/example_dags/example_python_operator.py for tasks to queue
[2022-09-10T17:27:51.991+0000] {logging_mixin.py:115} INFO - [2022-09-10T17:27:51.991+0000] {dagbag.py:508} INFO - Filling up the DagBag from /home/airflow/.local/lib/python3.7/site-packages/airflow/example_dags/example_python_operator.py
[2022-09-10T17:27:52.002+0000] {processor.py:650} INFO - DAG(s) dict_keys(['example_python_operator']) retrieved from /home/airflow/.local/lib/python3.7/site-packages/airflow/example_dags/example_python_operator.py
[2022-09-10T17:27:52.019+0000] {logging_mixin.py:115} INFO - [2022-09-10T17:27:52.019+0000] {dag.py:2429} INFO - Sync 1 DAGs
[2022-09-10T17:27:52.031+0000] {logging_mixin.py:115} INFO - [2022-09-10T17:27:52.031+0000] {dag.py:2981} INFO - Setting next_dagrun for example_python_operator to None, run_after=None
[2022-09-10T17:27:52.041+0000] {processor.py:161} INFO - Processing /home/airflow/.local/lib/python3.7/site-packages/airflow/example_dags/example_python_operator.py took 0.054 seconds
[2022-09-10T17:28:22.136+0000] {processor.py:153} INFO - Started process (PID=1554) to work on /home/airflow/.local/lib/python3.7/site-packages/airflow/example_dags/example_python_operator.py
[2022-09-10T17:28:22.137+0000] {processor.py:640} INFO - Processing file /home/airflow/.local/lib/python3.7/site-packages/airflow/example_dags/example_python_operator.py for tasks to queue
[2022-09-10T17:28:22.138+0000] {logging_mixin.py:115} INFO - [2022-09-10T17:28:22.138+0000] {dagbag.py:508} INFO - Filling up the DagBag from /home/airflow/.local/lib/python3.7/site-packages/airflow/example_dags/example_python_operator.py
[2022-09-10T17:28:22.148+0000] {processor.py:650} INFO - DAG(s) dict_keys(['example_python_operator']) retrieved from /home/airflow/.local/lib/python3.7/site-packages/airflow/example_dags/example_python_operator.py
[2022-09-10T17:28:22.164+0000] {logging_mixin.py:115} INFO - [2022-09-10T17:28:22.164+0000] {dag.py:2429} INFO - Sync 1 DAGs
[2022-09-10T17:28:22.179+0000] {logging_mixin.py:115} INFO - [2022-09-10T17:28:22.178+0000] {dag.py:2981} INFO - Setting next_dagrun for example_python_operator to None, run_after=None
[2022-09-10T17:28:22.187+0000] {processor.py:161} INFO - Processing /home/airflow/.local/lib/python3.7/site-packages/airflow/example_dags/example_python_operator.py took 0.053 seconds
[2022-09-10T17:28:52.742+0000] {processor.py:153} INFO - Started process (PID=1617) to work on /home/airflow/.local/lib/python3.7/site-packages/airflow/example_dags/example_python_operator.py
[2022-09-10T17:28:52.744+0000] {processor.py:640} INFO - Processing file /home/airflow/.local/lib/python3.7/site-packages/airflow/example_dags/example_python_operator.py for tasks to queue
[2022-09-10T17:28:52.745+0000] {logging_mixin.py:115} INFO - [2022-09-10T17:28:52.745+0000] {dagbag.py:508} INFO - Filling up the DagBag from /home/airflow/.local/lib/python3.7/site-packages/airflow/example_dags/example_python_operator.py
[2022-09-10T17:28:52.756+0000] {processor.py:650} INFO - DAG(s) dict_keys(['example_python_operator']) retrieved from /home/airflow/.local/lib/python3.7/site-packages/airflow/example_dags/example_python_operator.py
[2022-09-10T17:28:52.775+0000] {logging_mixin.py:115} INFO - [2022-09-10T17:28:52.775+0000] {dag.py:2429} INFO - Sync 1 DAGs
[2022-09-10T17:28:52.791+0000] {logging_mixin.py:115} INFO - [2022-09-10T17:28:52.790+0000] {dag.py:2981} INFO - Setting next_dagrun for example_python_operator to None, run_after=None
[2022-09-10T17:28:52.798+0000] {processor.py:161} INFO - Processing /home/airflow/.local/lib/python3.7/site-packages/airflow/example_dags/example_python_operator.py took 0.059 seconds
[2022-09-10T17:29:23.623+0000] {processor.py:153} INFO - Started process (PID=1671) to work on /home/airflow/.local/lib/python3.7/site-packages/airflow/example_dags/example_python_operator.py
[2022-09-10T17:29:23.625+0000] {processor.py:640} INFO - Processing file /home/airflow/.local/lib/python3.7/site-packages/airflow/example_dags/example_python_operator.py for tasks to queue
[2022-09-10T17:29:23.626+0000] {logging_mixin.py:115} INFO - [2022-09-10T17:29:23.626+0000] {dagbag.py:508} INFO - Filling up the DagBag from /home/airflow/.local/lib/python3.7/site-packages/airflow/example_dags/example_python_operator.py
[2022-09-10T17:29:23.637+0000] {processor.py:650} INFO - DAG(s) dict_keys(['example_python_operator']) retrieved from /home/airflow/.local/lib/python3.7/site-packages/airflow/example_dags/example_python_operator.py
[2022-09-10T17:29:23.654+0000] {logging_mixin.py:115} INFO - [2022-09-10T17:29:23.654+0000] {dag.py:2429} INFO - Sync 1 DAGs
[2022-09-10T17:29:23.670+0000] {logging_mixin.py:115} INFO - [2022-09-10T17:29:23.669+0000] {dag.py:2981} INFO - Setting next_dagrun for example_python_operator to None, run_after=None
[2022-09-10T17:29:23.678+0000] {processor.py:161} INFO - Processing /home/airflow/.local/lib/python3.7/site-packages/airflow/example_dags/example_python_operator.py took 0.058 seconds
[2022-09-10T17:29:53.839+0000] {processor.py:153} INFO - Started process (PID=1733) to work on /home/airflow/.local/lib/python3.7/site-packages/airflow/example_dags/example_python_operator.py
[2022-09-10T17:29:53.845+0000] {processor.py:640} INFO - Processing file /home/airflow/.local/lib/python3.7/site-packages/airflow/example_dags/example_python_operator.py for tasks to queue
[2022-09-10T17:29:53.846+0000] {logging_mixin.py:115} INFO - [2022-09-10T17:29:53.846+0000] {dagbag.py:508} INFO - Filling up the DagBag from /home/airflow/.local/lib/python3.7/site-packages/airflow/example_dags/example_python_operator.py
[2022-09-10T17:29:53.857+0000] {processor.py:650} INFO - DAG(s) dict_keys(['example_python_operator']) retrieved from /home/airflow/.local/lib/python3.7/site-packages/airflow/example_dags/example_python_operator.py
[2022-09-10T17:29:53.874+0000] {logging_mixin.py:115} INFO - [2022-09-10T17:29:53.874+0000] {dag.py:2429} INFO - Sync 1 DAGs
[2022-09-10T17:29:53.888+0000] {logging_mixin.py:115} INFO - [2022-09-10T17:29:53.888+0000] {dag.py:2981} INFO - Setting next_dagrun for example_python_operator to None, run_after=None
[2022-09-10T17:29:53.896+0000] {processor.py:161} INFO - Processing /home/airflow/.local/lib/python3.7/site-packages/airflow/example_dags/example_python_operator.py took 0.059 seconds
[2022-09-10T17:30:24.347+0000] {processor.py:153} INFO - Started process (PID=1796) to work on /home/airflow/.local/lib/python3.7/site-packages/airflow/example_dags/example_python_operator.py
[2022-09-10T17:30:24.349+0000] {processor.py:640} INFO - Processing file /home/airflow/.local/lib/python3.7/site-packages/airflow/example_dags/example_python_operator.py for tasks to queue
[2022-09-10T17:30:24.351+0000] {logging_mixin.py:115} INFO - [2022-09-10T17:30:24.351+0000] {dagbag.py:508} INFO - Filling up the DagBag from /home/airflow/.local/lib/python3.7/site-packages/airflow/example_dags/example_python_operator.py
[2022-09-10T17:30:24.363+0000] {processor.py:650} INFO - DAG(s) dict_keys(['example_python_operator']) retrieved from /home/airflow/.local/lib/python3.7/site-packages/airflow/example_dags/example_python_operator.py
[2022-09-10T17:30:24.381+0000] {logging_mixin.py:115} INFO - [2022-09-10T17:30:24.381+0000] {dag.py:2429} INFO - Sync 1 DAGs
[2022-09-10T17:30:24.395+0000] {logging_mixin.py:115} INFO - [2022-09-10T17:30:24.394+0000] {dag.py:2981} INFO - Setting next_dagrun for example_python_operator to None, run_after=None
[2022-09-10T17:30:24.404+0000] {processor.py:161} INFO - Processing /home/airflow/.local/lib/python3.7/site-packages/airflow/example_dags/example_python_operator.py took 0.059 seconds
