[2022-09-10T17:06:38.686+0000] {processor.py:153} INFO - Started process (PID=53) to work on /home/airflow/.local/lib/python3.7/site-packages/airflow/example_dags/example_branch_day_of_week_operator.py
[2022-09-10T17:06:38.688+0000] {processor.py:640} INFO - Processing file /home/airflow/.local/lib/python3.7/site-packages/airflow/example_dags/example_branch_day_of_week_operator.py for tasks to queue
[2022-09-10T17:06:38.693+0000] {logging_mixin.py:115} INFO - [2022-09-10T17:06:38.693+0000] {dagbag.py:508} INFO - Filling up the DagBag from /home/airflow/.local/lib/python3.7/site-packages/airflow/example_dags/example_branch_day_of_week_operator.py
[2022-09-10T17:06:38.710+0000] {processor.py:650} INFO - DAG(s) dict_keys(['example_weekday_branch_operator']) retrieved from /home/airflow/.local/lib/python3.7/site-packages/airflow/example_dags/example_branch_day_of_week_operator.py
[2022-09-10T17:06:38.817+0000] {logging_mixin.py:115} INFO - [2022-09-10T17:06:38.817+0000] {manager.py:508} INFO - Created Permission View: can edit on DAG:example_weekday_branch_operator
[2022-09-10T17:06:38.832+0000] {logging_mixin.py:115} INFO - [2022-09-10T17:06:38.832+0000] {manager.py:508} INFO - Created Permission View: can delete on DAG:example_weekday_branch_operator
[2022-09-10T17:06:38.851+0000] {logging_mixin.py:115} INFO - [2022-09-10T17:06:38.851+0000] {manager.py:508} INFO - Created Permission View: can read on DAG:example_weekday_branch_operator
[2022-09-10T17:06:38.853+0000] {logging_mixin.py:115} INFO - [2022-09-10T17:06:38.853+0000] {dag.py:2429} INFO - Sync 1 DAGs
[2022-09-10T17:06:38.869+0000] {logging_mixin.py:115} INFO - [2022-09-10T17:06:38.869+0000] {dag.py:2448} INFO - Creating ORM DAG for example_weekday_branch_operator
[2022-09-10T17:06:38.886+0000] {logging_mixin.py:115} INFO - [2022-09-10T17:06:38.886+0000] {dag.py:2981} INFO - Setting next_dagrun for example_weekday_branch_operator to 2022-09-09T00:00:00+00:00, run_after=2022-09-10T00:00:00+00:00
[2022-09-10T17:06:38.902+0000] {processor.py:161} INFO - Processing /home/airflow/.local/lib/python3.7/site-packages/airflow/example_dags/example_branch_day_of_week_operator.py took 0.224 seconds
[2022-09-10T17:07:09.909+0000] {processor.py:153} INFO - Started process (PID=117) to work on /home/airflow/.local/lib/python3.7/site-packages/airflow/example_dags/example_branch_day_of_week_operator.py
[2022-09-10T17:07:09.911+0000] {processor.py:640} INFO - Processing file /home/airflow/.local/lib/python3.7/site-packages/airflow/example_dags/example_branch_day_of_week_operator.py for tasks to queue
[2022-09-10T17:07:09.912+0000] {logging_mixin.py:115} INFO - [2022-09-10T17:07:09.912+0000] {dagbag.py:508} INFO - Filling up the DagBag from /home/airflow/.local/lib/python3.7/site-packages/airflow/example_dags/example_branch_day_of_week_operator.py
[2022-09-10T17:07:09.923+0000] {processor.py:650} INFO - DAG(s) dict_keys(['example_weekday_branch_operator']) retrieved from /home/airflow/.local/lib/python3.7/site-packages/airflow/example_dags/example_branch_day_of_week_operator.py
[2022-09-10T17:07:09.948+0000] {logging_mixin.py:115} INFO - [2022-09-10T17:07:09.948+0000] {dag.py:2429} INFO - Sync 1 DAGs
[2022-09-10T17:07:09.971+0000] {logging_mixin.py:115} INFO - [2022-09-10T17:07:09.971+0000] {dag.py:2981} INFO - Setting next_dagrun for example_weekday_branch_operator to 2022-09-09T00:00:00+00:00, run_after=2022-09-10T00:00:00+00:00
[2022-09-10T17:07:09.986+0000] {processor.py:161} INFO - Processing /home/airflow/.local/lib/python3.7/site-packages/airflow/example_dags/example_branch_day_of_week_operator.py took 0.082 seconds
[2022-09-10T17:07:40.824+0000] {processor.py:153} INFO - Started process (PID=171) to work on /home/airflow/.local/lib/python3.7/site-packages/airflow/example_dags/example_branch_day_of_week_operator.py
[2022-09-10T17:07:40.825+0000] {processor.py:640} INFO - Processing file /home/airflow/.local/lib/python3.7/site-packages/airflow/example_dags/example_branch_day_of_week_operator.py for tasks to queue
[2022-09-10T17:07:40.826+0000] {logging_mixin.py:115} INFO - [2022-09-10T17:07:40.826+0000] {dagbag.py:508} INFO - Filling up the DagBag from /home/airflow/.local/lib/python3.7/site-packages/airflow/example_dags/example_branch_day_of_week_operator.py
[2022-09-10T17:07:40.832+0000] {processor.py:650} INFO - DAG(s) dict_keys(['example_weekday_branch_operator']) retrieved from /home/airflow/.local/lib/python3.7/site-packages/airflow/example_dags/example_branch_day_of_week_operator.py
[2022-09-10T17:07:40.850+0000] {logging_mixin.py:115} INFO - [2022-09-10T17:07:40.850+0000] {dag.py:2429} INFO - Sync 1 DAGs
[2022-09-10T17:07:40.863+0000] {logging_mixin.py:115} INFO - [2022-09-10T17:07:40.863+0000] {dag.py:2981} INFO - Setting next_dagrun for example_weekday_branch_operator to 2022-09-09T00:00:00+00:00, run_after=2022-09-10T00:00:00+00:00
[2022-09-10T17:07:40.871+0000] {processor.py:161} INFO - Processing /home/airflow/.local/lib/python3.7/site-packages/airflow/example_dags/example_branch_day_of_week_operator.py took 0.049 seconds
[2022-09-10T17:08:11.682+0000] {processor.py:153} INFO - Started process (PID=234) to work on /home/airflow/.local/lib/python3.7/site-packages/airflow/example_dags/example_branch_day_of_week_operator.py
[2022-09-10T17:08:11.683+0000] {processor.py:640} INFO - Processing file /home/airflow/.local/lib/python3.7/site-packages/airflow/example_dags/example_branch_day_of_week_operator.py for tasks to queue
[2022-09-10T17:08:11.684+0000] {logging_mixin.py:115} INFO - [2022-09-10T17:08:11.684+0000] {dagbag.py:508} INFO - Filling up the DagBag from /home/airflow/.local/lib/python3.7/site-packages/airflow/example_dags/example_branch_day_of_week_operator.py
[2022-09-10T17:08:11.691+0000] {processor.py:650} INFO - DAG(s) dict_keys(['example_weekday_branch_operator']) retrieved from /home/airflow/.local/lib/python3.7/site-packages/airflow/example_dags/example_branch_day_of_week_operator.py
[2022-09-10T17:08:11.709+0000] {logging_mixin.py:115} INFO - [2022-09-10T17:08:11.709+0000] {dag.py:2429} INFO - Sync 1 DAGs
[2022-09-10T17:08:11.725+0000] {logging_mixin.py:115} INFO - [2022-09-10T17:08:11.724+0000] {dag.py:2981} INFO - Setting next_dagrun for example_weekday_branch_operator to 2022-09-09T00:00:00+00:00, run_after=2022-09-10T00:00:00+00:00
[2022-09-10T17:08:11.732+0000] {processor.py:161} INFO - Processing /home/airflow/.local/lib/python3.7/site-packages/airflow/example_dags/example_branch_day_of_week_operator.py took 0.055 seconds
[2022-09-10T17:08:42.611+0000] {processor.py:153} INFO - Started process (PID=296) to work on /home/airflow/.local/lib/python3.7/site-packages/airflow/example_dags/example_branch_day_of_week_operator.py
[2022-09-10T17:08:42.614+0000] {processor.py:640} INFO - Processing file /home/airflow/.local/lib/python3.7/site-packages/airflow/example_dags/example_branch_day_of_week_operator.py for tasks to queue
[2022-09-10T17:08:42.616+0000] {logging_mixin.py:115} INFO - [2022-09-10T17:08:42.616+0000] {dagbag.py:508} INFO - Filling up the DagBag from /home/airflow/.local/lib/python3.7/site-packages/airflow/example_dags/example_branch_day_of_week_operator.py
[2022-09-10T17:08:42.625+0000] {processor.py:650} INFO - DAG(s) dict_keys(['example_weekday_branch_operator']) retrieved from /home/airflow/.local/lib/python3.7/site-packages/airflow/example_dags/example_branch_day_of_week_operator.py
[2022-09-10T17:08:42.648+0000] {logging_mixin.py:115} INFO - [2022-09-10T17:08:42.648+0000] {dag.py:2429} INFO - Sync 1 DAGs
[2022-09-10T17:08:42.664+0000] {logging_mixin.py:115} INFO - [2022-09-10T17:08:42.664+0000] {dag.py:2981} INFO - Setting next_dagrun for example_weekday_branch_operator to 2022-09-09T00:00:00+00:00, run_after=2022-09-10T00:00:00+00:00
[2022-09-10T17:08:42.672+0000] {processor.py:161} INFO - Processing /home/airflow/.local/lib/python3.7/site-packages/airflow/example_dags/example_branch_day_of_week_operator.py took 0.065 seconds
[2022-09-10T17:09:13.447+0000] {processor.py:153} INFO - Started process (PID=360) to work on /home/airflow/.local/lib/python3.7/site-packages/airflow/example_dags/example_branch_day_of_week_operator.py
[2022-09-10T17:09:13.450+0000] {processor.py:640} INFO - Processing file /home/airflow/.local/lib/python3.7/site-packages/airflow/example_dags/example_branch_day_of_week_operator.py for tasks to queue
[2022-09-10T17:09:13.453+0000] {logging_mixin.py:115} INFO - [2022-09-10T17:09:13.452+0000] {dagbag.py:508} INFO - Filling up the DagBag from /home/airflow/.local/lib/python3.7/site-packages/airflow/example_dags/example_branch_day_of_week_operator.py
[2022-09-10T17:09:13.461+0000] {processor.py:650} INFO - DAG(s) dict_keys(['example_weekday_branch_operator']) retrieved from /home/airflow/.local/lib/python3.7/site-packages/airflow/example_dags/example_branch_day_of_week_operator.py
[2022-09-10T17:09:13.482+0000] {logging_mixin.py:115} INFO - [2022-09-10T17:09:13.482+0000] {dag.py:2429} INFO - Sync 1 DAGs
[2022-09-10T17:09:13.496+0000] {logging_mixin.py:115} INFO - [2022-09-10T17:09:13.496+0000] {dag.py:2981} INFO - Setting next_dagrun for example_weekday_branch_operator to 2022-09-09T00:00:00+00:00, run_after=2022-09-10T00:00:00+00:00
[2022-09-10T17:09:13.503+0000] {processor.py:161} INFO - Processing /home/airflow/.local/lib/python3.7/site-packages/airflow/example_dags/example_branch_day_of_week_operator.py took 0.061 seconds
[2022-09-10T17:09:44.248+0000] {processor.py:153} INFO - Started process (PID=424) to work on /home/airflow/.local/lib/python3.7/site-packages/airflow/example_dags/example_branch_day_of_week_operator.py
[2022-09-10T17:09:44.251+0000] {processor.py:640} INFO - Processing file /home/airflow/.local/lib/python3.7/site-packages/airflow/example_dags/example_branch_day_of_week_operator.py for tasks to queue
[2022-09-10T17:09:44.253+0000] {logging_mixin.py:115} INFO - [2022-09-10T17:09:44.252+0000] {dagbag.py:508} INFO - Filling up the DagBag from /home/airflow/.local/lib/python3.7/site-packages/airflow/example_dags/example_branch_day_of_week_operator.py
[2022-09-10T17:09:44.261+0000] {processor.py:650} INFO - DAG(s) dict_keys(['example_weekday_branch_operator']) retrieved from /home/airflow/.local/lib/python3.7/site-packages/airflow/example_dags/example_branch_day_of_week_operator.py
[2022-09-10T17:09:44.283+0000] {logging_mixin.py:115} INFO - [2022-09-10T17:09:44.283+0000] {dag.py:2429} INFO - Sync 1 DAGs
[2022-09-10T17:09:44.298+0000] {logging_mixin.py:115} INFO - [2022-09-10T17:09:44.298+0000] {dag.py:2981} INFO - Setting next_dagrun for example_weekday_branch_operator to 2022-09-09T00:00:00+00:00, run_after=2022-09-10T00:00:00+00:00
[2022-09-10T17:09:44.305+0000] {processor.py:161} INFO - Processing /home/airflow/.local/lib/python3.7/site-packages/airflow/example_dags/example_branch_day_of_week_operator.py took 0.061 seconds
[2022-09-10T17:10:15.059+0000] {processor.py:153} INFO - Started process (PID=488) to work on /home/airflow/.local/lib/python3.7/site-packages/airflow/example_dags/example_branch_day_of_week_operator.py
[2022-09-10T17:10:15.061+0000] {processor.py:640} INFO - Processing file /home/airflow/.local/lib/python3.7/site-packages/airflow/example_dags/example_branch_day_of_week_operator.py for tasks to queue
[2022-09-10T17:10:15.062+0000] {logging_mixin.py:115} INFO - [2022-09-10T17:10:15.062+0000] {dagbag.py:508} INFO - Filling up the DagBag from /home/airflow/.local/lib/python3.7/site-packages/airflow/example_dags/example_branch_day_of_week_operator.py
[2022-09-10T17:10:15.068+0000] {processor.py:650} INFO - DAG(s) dict_keys(['example_weekday_branch_operator']) retrieved from /home/airflow/.local/lib/python3.7/site-packages/airflow/example_dags/example_branch_day_of_week_operator.py
[2022-09-10T17:10:15.087+0000] {logging_mixin.py:115} INFO - [2022-09-10T17:10:15.086+0000] {dag.py:2429} INFO - Sync 1 DAGs
[2022-09-10T17:10:15.101+0000] {logging_mixin.py:115} INFO - [2022-09-10T17:10:15.101+0000] {dag.py:2981} INFO - Setting next_dagrun for example_weekday_branch_operator to 2022-09-09T00:00:00+00:00, run_after=2022-09-10T00:00:00+00:00
[2022-09-10T17:10:15.108+0000] {processor.py:161} INFO - Processing /home/airflow/.local/lib/python3.7/site-packages/airflow/example_dags/example_branch_day_of_week_operator.py took 0.052 seconds
[2022-09-10T17:10:46.054+0000] {processor.py:153} INFO - Started process (PID=542) to work on /home/airflow/.local/lib/python3.7/site-packages/airflow/example_dags/example_branch_day_of_week_operator.py
[2022-09-10T17:10:46.057+0000] {processor.py:640} INFO - Processing file /home/airflow/.local/lib/python3.7/site-packages/airflow/example_dags/example_branch_day_of_week_operator.py for tasks to queue
[2022-09-10T17:10:46.059+0000] {logging_mixin.py:115} INFO - [2022-09-10T17:10:46.059+0000] {dagbag.py:508} INFO - Filling up the DagBag from /home/airflow/.local/lib/python3.7/site-packages/airflow/example_dags/example_branch_day_of_week_operator.py
[2022-09-10T17:10:46.069+0000] {processor.py:650} INFO - DAG(s) dict_keys(['example_weekday_branch_operator']) retrieved from /home/airflow/.local/lib/python3.7/site-packages/airflow/example_dags/example_branch_day_of_week_operator.py
[2022-09-10T17:10:46.095+0000] {logging_mixin.py:115} INFO - [2022-09-10T17:10:46.095+0000] {dag.py:2429} INFO - Sync 1 DAGs
[2022-09-10T17:10:46.111+0000] {logging_mixin.py:115} INFO - [2022-09-10T17:10:46.110+0000] {dag.py:2981} INFO - Setting next_dagrun for example_weekday_branch_operator to 2022-09-09T00:00:00+00:00, run_after=2022-09-10T00:00:00+00:00
[2022-09-10T17:10:46.118+0000] {processor.py:161} INFO - Processing /home/airflow/.local/lib/python3.7/site-packages/airflow/example_dags/example_branch_day_of_week_operator.py took 0.074 seconds
[2022-09-10T17:12:57.279+0000] {processor.py:153} INFO - Started process (PID=43) to work on /home/airflow/.local/lib/python3.7/site-packages/airflow/example_dags/example_branch_day_of_week_operator.py
[2022-09-10T17:12:57.282+0000] {processor.py:640} INFO - Processing file /home/airflow/.local/lib/python3.7/site-packages/airflow/example_dags/example_branch_day_of_week_operator.py for tasks to queue
[2022-09-10T17:12:57.286+0000] {logging_mixin.py:115} INFO - [2022-09-10T17:12:57.285+0000] {dagbag.py:508} INFO - Filling up the DagBag from /home/airflow/.local/lib/python3.7/site-packages/airflow/example_dags/example_branch_day_of_week_operator.py
[2022-09-10T17:12:57.305+0000] {processor.py:650} INFO - DAG(s) dict_keys(['example_weekday_branch_operator']) retrieved from /home/airflow/.local/lib/python3.7/site-packages/airflow/example_dags/example_branch_day_of_week_operator.py
[2022-09-10T17:12:57.366+0000] {logging_mixin.py:115} INFO - [2022-09-10T17:12:57.366+0000] {dag.py:2429} INFO - Sync 1 DAGs
[2022-09-10T17:12:57.411+0000] {logging_mixin.py:115} INFO - [2022-09-10T17:12:57.410+0000] {dag.py:2981} INFO - Setting next_dagrun for example_weekday_branch_operator to 2022-09-09T00:00:00+00:00, run_after=2022-09-10T00:00:00+00:00
[2022-09-10T17:12:57.441+0000] {processor.py:161} INFO - Processing /home/airflow/.local/lib/python3.7/site-packages/airflow/example_dags/example_branch_day_of_week_operator.py took 0.172 seconds
[2022-09-10T17:13:29.482+0000] {processor.py:153} INFO - Started process (PID=104) to work on /home/airflow/.local/lib/python3.7/site-packages/airflow/example_dags/example_branch_day_of_week_operator.py
[2022-09-10T17:13:29.486+0000] {processor.py:640} INFO - Processing file /home/airflow/.local/lib/python3.7/site-packages/airflow/example_dags/example_branch_day_of_week_operator.py for tasks to queue
[2022-09-10T17:13:29.491+0000] {logging_mixin.py:115} INFO - [2022-09-10T17:13:29.490+0000] {dagbag.py:508} INFO - Filling up the DagBag from /home/airflow/.local/lib/python3.7/site-packages/airflow/example_dags/example_branch_day_of_week_operator.py
[2022-09-10T17:13:29.502+0000] {processor.py:650} INFO - DAG(s) dict_keys(['example_weekday_branch_operator']) retrieved from /home/airflow/.local/lib/python3.7/site-packages/airflow/example_dags/example_branch_day_of_week_operator.py
[2022-09-10T17:13:29.535+0000] {logging_mixin.py:115} INFO - [2022-09-10T17:13:29.534+0000] {dag.py:2429} INFO - Sync 1 DAGs
[2022-09-10T17:13:29.555+0000] {logging_mixin.py:115} INFO - [2022-09-10T17:13:29.555+0000] {dag.py:2981} INFO - Setting next_dagrun for example_weekday_branch_operator to 2022-09-09T00:00:00+00:00, run_after=2022-09-10T00:00:00+00:00
[2022-09-10T17:13:29.572+0000] {processor.py:161} INFO - Processing /home/airflow/.local/lib/python3.7/site-packages/airflow/example_dags/example_branch_day_of_week_operator.py took 0.094 seconds
[2022-09-10T17:13:59.923+0000] {processor.py:153} INFO - Started process (PID=158) to work on /home/airflow/.local/lib/python3.7/site-packages/airflow/example_dags/example_branch_day_of_week_operator.py
[2022-09-10T17:13:59.926+0000] {processor.py:640} INFO - Processing file /home/airflow/.local/lib/python3.7/site-packages/airflow/example_dags/example_branch_day_of_week_operator.py for tasks to queue
[2022-09-10T17:13:59.929+0000] {logging_mixin.py:115} INFO - [2022-09-10T17:13:59.928+0000] {dagbag.py:508} INFO - Filling up the DagBag from /home/airflow/.local/lib/python3.7/site-packages/airflow/example_dags/example_branch_day_of_week_operator.py
[2022-09-10T17:13:59.937+0000] {processor.py:650} INFO - DAG(s) dict_keys(['example_weekday_branch_operator']) retrieved from /home/airflow/.local/lib/python3.7/site-packages/airflow/example_dags/example_branch_day_of_week_operator.py
[2022-09-10T17:13:59.962+0000] {logging_mixin.py:115} INFO - [2022-09-10T17:13:59.962+0000] {dag.py:2429} INFO - Sync 1 DAGs
[2022-09-10T17:13:59.985+0000] {logging_mixin.py:115} INFO - [2022-09-10T17:13:59.985+0000] {dag.py:2981} INFO - Setting next_dagrun for example_weekday_branch_operator to 2022-09-09T00:00:00+00:00, run_after=2022-09-10T00:00:00+00:00
[2022-09-10T17:13:59.998+0000] {processor.py:161} INFO - Processing /home/airflow/.local/lib/python3.7/site-packages/airflow/example_dags/example_branch_day_of_week_operator.py took 0.078 seconds
[2022-09-10T17:16:04.060+0000] {processor.py:153} INFO - Started process (PID=56) to work on /home/airflow/.local/lib/python3.7/site-packages/airflow/example_dags/example_branch_day_of_week_operator.py
[2022-09-10T17:16:04.063+0000] {processor.py:640} INFO - Processing file /home/airflow/.local/lib/python3.7/site-packages/airflow/example_dags/example_branch_day_of_week_operator.py for tasks to queue
[2022-09-10T17:16:04.065+0000] {logging_mixin.py:115} INFO - [2022-09-10T17:16:04.065+0000] {dagbag.py:508} INFO - Filling up the DagBag from /home/airflow/.local/lib/python3.7/site-packages/airflow/example_dags/example_branch_day_of_week_operator.py
[2022-09-10T17:16:04.076+0000] {processor.py:650} INFO - DAG(s) dict_keys(['example_weekday_branch_operator']) retrieved from /home/airflow/.local/lib/python3.7/site-packages/airflow/example_dags/example_branch_day_of_week_operator.py
[2022-09-10T17:16:04.101+0000] {logging_mixin.py:115} INFO - [2022-09-10T17:16:04.101+0000] {dag.py:2429} INFO - Sync 1 DAGs
[2022-09-10T17:16:04.121+0000] {logging_mixin.py:115} INFO - [2022-09-10T17:16:04.121+0000] {dag.py:2981} INFO - Setting next_dagrun for example_weekday_branch_operator to 2022-09-09T00:00:00+00:00, run_after=2022-09-10T00:00:00+00:00
[2022-09-10T17:16:04.139+0000] {processor.py:161} INFO - Processing /home/airflow/.local/lib/python3.7/site-packages/airflow/example_dags/example_branch_day_of_week_operator.py took 0.081 seconds
[2022-09-10T17:16:34.662+0000] {processor.py:153} INFO - Started process (PID=118) to work on /home/airflow/.local/lib/python3.7/site-packages/airflow/example_dags/example_branch_day_of_week_operator.py
[2022-09-10T17:16:34.664+0000] {processor.py:640} INFO - Processing file /home/airflow/.local/lib/python3.7/site-packages/airflow/example_dags/example_branch_day_of_week_operator.py for tasks to queue
[2022-09-10T17:16:34.666+0000] {logging_mixin.py:115} INFO - [2022-09-10T17:16:34.666+0000] {dagbag.py:508} INFO - Filling up the DagBag from /home/airflow/.local/lib/python3.7/site-packages/airflow/example_dags/example_branch_day_of_week_operator.py
[2022-09-10T17:16:34.679+0000] {processor.py:650} INFO - DAG(s) dict_keys(['example_weekday_branch_operator']) retrieved from /home/airflow/.local/lib/python3.7/site-packages/airflow/example_dags/example_branch_day_of_week_operator.py
[2022-09-10T17:16:34.695+0000] {logging_mixin.py:115} INFO - [2022-09-10T17:16:34.695+0000] {dag.py:2429} INFO - Sync 1 DAGs
[2022-09-10T17:16:34.708+0000] {logging_mixin.py:115} INFO - [2022-09-10T17:16:34.708+0000] {dag.py:2981} INFO - Setting next_dagrun for example_weekday_branch_operator to 2022-09-09T00:00:00+00:00, run_after=2022-09-10T00:00:00+00:00
[2022-09-10T17:16:34.716+0000] {processor.py:161} INFO - Processing /home/airflow/.local/lib/python3.7/site-packages/airflow/example_dags/example_branch_day_of_week_operator.py took 0.056 seconds
[2022-09-10T17:17:04.872+0000] {processor.py:153} INFO - Started process (PID=173) to work on /home/airflow/.local/lib/python3.7/site-packages/airflow/example_dags/example_branch_day_of_week_operator.py
[2022-09-10T17:17:04.874+0000] {processor.py:640} INFO - Processing file /home/airflow/.local/lib/python3.7/site-packages/airflow/example_dags/example_branch_day_of_week_operator.py for tasks to queue
[2022-09-10T17:17:04.875+0000] {logging_mixin.py:115} INFO - [2022-09-10T17:17:04.875+0000] {dagbag.py:508} INFO - Filling up the DagBag from /home/airflow/.local/lib/python3.7/site-packages/airflow/example_dags/example_branch_day_of_week_operator.py
[2022-09-10T17:17:04.882+0000] {processor.py:650} INFO - DAG(s) dict_keys(['example_weekday_branch_operator']) retrieved from /home/airflow/.local/lib/python3.7/site-packages/airflow/example_dags/example_branch_day_of_week_operator.py
[2022-09-10T17:17:04.900+0000] {logging_mixin.py:115} INFO - [2022-09-10T17:17:04.900+0000] {dag.py:2429} INFO - Sync 1 DAGs
[2022-09-10T17:17:04.914+0000] {logging_mixin.py:115} INFO - [2022-09-10T17:17:04.913+0000] {dag.py:2981} INFO - Setting next_dagrun for example_weekday_branch_operator to 2022-09-09T00:00:00+00:00, run_after=2022-09-10T00:00:00+00:00
[2022-09-10T17:17:04.922+0000] {processor.py:161} INFO - Processing /home/airflow/.local/lib/python3.7/site-packages/airflow/example_dags/example_branch_day_of_week_operator.py took 0.052 seconds
[2022-09-10T17:17:35.001+0000] {processor.py:153} INFO - Started process (PID=236) to work on /home/airflow/.local/lib/python3.7/site-packages/airflow/example_dags/example_branch_day_of_week_operator.py
[2022-09-10T17:17:35.003+0000] {processor.py:640} INFO - Processing file /home/airflow/.local/lib/python3.7/site-packages/airflow/example_dags/example_branch_day_of_week_operator.py for tasks to queue
[2022-09-10T17:17:35.004+0000] {logging_mixin.py:115} INFO - [2022-09-10T17:17:35.004+0000] {dagbag.py:508} INFO - Filling up the DagBag from /home/airflow/.local/lib/python3.7/site-packages/airflow/example_dags/example_branch_day_of_week_operator.py
[2022-09-10T17:17:35.010+0000] {processor.py:650} INFO - DAG(s) dict_keys(['example_weekday_branch_operator']) retrieved from /home/airflow/.local/lib/python3.7/site-packages/airflow/example_dags/example_branch_day_of_week_operator.py
[2022-09-10T17:17:35.031+0000] {logging_mixin.py:115} INFO - [2022-09-10T17:17:35.031+0000] {dag.py:2429} INFO - Sync 1 DAGs
[2022-09-10T17:17:35.049+0000] {logging_mixin.py:115} INFO - [2022-09-10T17:17:35.049+0000] {dag.py:2981} INFO - Setting next_dagrun for example_weekday_branch_operator to 2022-09-09T00:00:00+00:00, run_after=2022-09-10T00:00:00+00:00
[2022-09-10T17:17:35.058+0000] {processor.py:161} INFO - Processing /home/airflow/.local/lib/python3.7/site-packages/airflow/example_dags/example_branch_day_of_week_operator.py took 0.060 seconds
[2022-09-10T17:18:05.136+0000] {processor.py:153} INFO - Started process (PID=297) to work on /home/airflow/.local/lib/python3.7/site-packages/airflow/example_dags/example_branch_day_of_week_operator.py
[2022-09-10T17:18:05.137+0000] {processor.py:640} INFO - Processing file /home/airflow/.local/lib/python3.7/site-packages/airflow/example_dags/example_branch_day_of_week_operator.py for tasks to queue
[2022-09-10T17:18:05.138+0000] {logging_mixin.py:115} INFO - [2022-09-10T17:18:05.138+0000] {dagbag.py:508} INFO - Filling up the DagBag from /home/airflow/.local/lib/python3.7/site-packages/airflow/example_dags/example_branch_day_of_week_operator.py
[2022-09-10T17:18:05.144+0000] {processor.py:650} INFO - DAG(s) dict_keys(['example_weekday_branch_operator']) retrieved from /home/airflow/.local/lib/python3.7/site-packages/airflow/example_dags/example_branch_day_of_week_operator.py
[2022-09-10T17:18:05.160+0000] {logging_mixin.py:115} INFO - [2022-09-10T17:18:05.160+0000] {dag.py:2429} INFO - Sync 1 DAGs
[2022-09-10T17:18:05.172+0000] {logging_mixin.py:115} INFO - [2022-09-10T17:18:05.172+0000] {dag.py:2981} INFO - Setting next_dagrun for example_weekday_branch_operator to 2022-09-09T00:00:00+00:00, run_after=2022-09-10T00:00:00+00:00
[2022-09-10T17:18:05.179+0000] {processor.py:161} INFO - Processing /home/airflow/.local/lib/python3.7/site-packages/airflow/example_dags/example_branch_day_of_week_operator.py took 0.045 seconds
[2022-09-10T17:18:36.308+0000] {processor.py:153} INFO - Started process (PID=362) to work on /home/airflow/.local/lib/python3.7/site-packages/airflow/example_dags/example_branch_day_of_week_operator.py
[2022-09-10T17:18:36.310+0000] {processor.py:640} INFO - Processing file /home/airflow/.local/lib/python3.7/site-packages/airflow/example_dags/example_branch_day_of_week_operator.py for tasks to queue
[2022-09-10T17:18:36.311+0000] {logging_mixin.py:115} INFO - [2022-09-10T17:18:36.311+0000] {dagbag.py:508} INFO - Filling up the DagBag from /home/airflow/.local/lib/python3.7/site-packages/airflow/example_dags/example_branch_day_of_week_operator.py
[2022-09-10T17:18:36.317+0000] {processor.py:650} INFO - DAG(s) dict_keys(['example_weekday_branch_operator']) retrieved from /home/airflow/.local/lib/python3.7/site-packages/airflow/example_dags/example_branch_day_of_week_operator.py
[2022-09-10T17:18:36.335+0000] {logging_mixin.py:115} INFO - [2022-09-10T17:18:36.335+0000] {dag.py:2429} INFO - Sync 1 DAGs
[2022-09-10T17:18:36.350+0000] {logging_mixin.py:115} INFO - [2022-09-10T17:18:36.350+0000] {dag.py:2981} INFO - Setting next_dagrun for example_weekday_branch_operator to 2022-09-09T00:00:00+00:00, run_after=2022-09-10T00:00:00+00:00
[2022-09-10T17:18:36.358+0000] {processor.py:161} INFO - Processing /home/airflow/.local/lib/python3.7/site-packages/airflow/example_dags/example_branch_day_of_week_operator.py took 0.052 seconds
[2022-09-10T17:19:07.550+0000] {processor.py:153} INFO - Started process (PID=425) to work on /home/airflow/.local/lib/python3.7/site-packages/airflow/example_dags/example_branch_day_of_week_operator.py
[2022-09-10T17:19:07.552+0000] {processor.py:640} INFO - Processing file /home/airflow/.local/lib/python3.7/site-packages/airflow/example_dags/example_branch_day_of_week_operator.py for tasks to queue
[2022-09-10T17:19:07.553+0000] {logging_mixin.py:115} INFO - [2022-09-10T17:19:07.553+0000] {dagbag.py:508} INFO - Filling up the DagBag from /home/airflow/.local/lib/python3.7/site-packages/airflow/example_dags/example_branch_day_of_week_operator.py
[2022-09-10T17:19:07.560+0000] {processor.py:650} INFO - DAG(s) dict_keys(['example_weekday_branch_operator']) retrieved from /home/airflow/.local/lib/python3.7/site-packages/airflow/example_dags/example_branch_day_of_week_operator.py
[2022-09-10T17:19:07.579+0000] {logging_mixin.py:115} INFO - [2022-09-10T17:19:07.579+0000] {dag.py:2429} INFO - Sync 1 DAGs
[2022-09-10T17:19:07.596+0000] {logging_mixin.py:115} INFO - [2022-09-10T17:19:07.596+0000] {dag.py:2981} INFO - Setting next_dagrun for example_weekday_branch_operator to 2022-09-09T00:00:00+00:00, run_after=2022-09-10T00:00:00+00:00
[2022-09-10T17:19:07.603+0000] {processor.py:161} INFO - Processing /home/airflow/.local/lib/python3.7/site-packages/airflow/example_dags/example_branch_day_of_week_operator.py took 0.055 seconds
[2022-09-10T17:19:37.748+0000] {processor.py:153} INFO - Started process (PID=487) to work on /home/airflow/.local/lib/python3.7/site-packages/airflow/example_dags/example_branch_day_of_week_operator.py
[2022-09-10T17:19:37.750+0000] {processor.py:640} INFO - Processing file /home/airflow/.local/lib/python3.7/site-packages/airflow/example_dags/example_branch_day_of_week_operator.py for tasks to queue
[2022-09-10T17:19:37.751+0000] {logging_mixin.py:115} INFO - [2022-09-10T17:19:37.751+0000] {dagbag.py:508} INFO - Filling up the DagBag from /home/airflow/.local/lib/python3.7/site-packages/airflow/example_dags/example_branch_day_of_week_operator.py
[2022-09-10T17:19:37.759+0000] {processor.py:650} INFO - DAG(s) dict_keys(['example_weekday_branch_operator']) retrieved from /home/airflow/.local/lib/python3.7/site-packages/airflow/example_dags/example_branch_day_of_week_operator.py
[2022-09-10T17:19:37.777+0000] {logging_mixin.py:115} INFO - [2022-09-10T17:19:37.776+0000] {dag.py:2429} INFO - Sync 1 DAGs
[2022-09-10T17:19:37.792+0000] {logging_mixin.py:115} INFO - [2022-09-10T17:19:37.792+0000] {dag.py:2981} INFO - Setting next_dagrun for example_weekday_branch_operator to 2022-09-09T00:00:00+00:00, run_after=2022-09-10T00:00:00+00:00
[2022-09-10T17:19:37.803+0000] {processor.py:161} INFO - Processing /home/airflow/.local/lib/python3.7/site-packages/airflow/example_dags/example_branch_day_of_week_operator.py took 0.057 seconds
[2022-09-10T17:20:08.060+0000] {processor.py:153} INFO - Started process (PID=542) to work on /home/airflow/.local/lib/python3.7/site-packages/airflow/example_dags/example_branch_day_of_week_operator.py
[2022-09-10T17:20:08.063+0000] {processor.py:640} INFO - Processing file /home/airflow/.local/lib/python3.7/site-packages/airflow/example_dags/example_branch_day_of_week_operator.py for tasks to queue
[2022-09-10T17:20:08.065+0000] {logging_mixin.py:115} INFO - [2022-09-10T17:20:08.065+0000] {dagbag.py:508} INFO - Filling up the DagBag from /home/airflow/.local/lib/python3.7/site-packages/airflow/example_dags/example_branch_day_of_week_operator.py
[2022-09-10T17:20:08.071+0000] {processor.py:650} INFO - DAG(s) dict_keys(['example_weekday_branch_operator']) retrieved from /home/airflow/.local/lib/python3.7/site-packages/airflow/example_dags/example_branch_day_of_week_operator.py
[2022-09-10T17:20:08.088+0000] {logging_mixin.py:115} INFO - [2022-09-10T17:20:08.088+0000] {dag.py:2429} INFO - Sync 1 DAGs
[2022-09-10T17:20:08.105+0000] {logging_mixin.py:115} INFO - [2022-09-10T17:20:08.105+0000] {dag.py:2981} INFO - Setting next_dagrun for example_weekday_branch_operator to 2022-09-09T00:00:00+00:00, run_after=2022-09-10T00:00:00+00:00
[2022-09-10T17:20:08.113+0000] {processor.py:161} INFO - Processing /home/airflow/.local/lib/python3.7/site-packages/airflow/example_dags/example_branch_day_of_week_operator.py took 0.055 seconds
[2022-09-10T17:20:38.998+0000] {processor.py:153} INFO - Started process (PID=605) to work on /home/airflow/.local/lib/python3.7/site-packages/airflow/example_dags/example_branch_day_of_week_operator.py
[2022-09-10T17:20:38.999+0000] {processor.py:640} INFO - Processing file /home/airflow/.local/lib/python3.7/site-packages/airflow/example_dags/example_branch_day_of_week_operator.py for tasks to queue
[2022-09-10T17:20:39.000+0000] {logging_mixin.py:115} INFO - [2022-09-10T17:20:39.000+0000] {dagbag.py:508} INFO - Filling up the DagBag from /home/airflow/.local/lib/python3.7/site-packages/airflow/example_dags/example_branch_day_of_week_operator.py
[2022-09-10T17:20:39.005+0000] {processor.py:650} INFO - DAG(s) dict_keys(['example_weekday_branch_operator']) retrieved from /home/airflow/.local/lib/python3.7/site-packages/airflow/example_dags/example_branch_day_of_week_operator.py
[2022-09-10T17:20:39.023+0000] {logging_mixin.py:115} INFO - [2022-09-10T17:20:39.023+0000] {dag.py:2429} INFO - Sync 1 DAGs
[2022-09-10T17:20:39.064+0000] {logging_mixin.py:115} INFO - [2022-09-10T17:20:39.063+0000] {dag.py:2981} INFO - Setting next_dagrun for example_weekday_branch_operator to 2022-09-09T00:00:00+00:00, run_after=2022-09-10T00:00:00+00:00
[2022-09-10T17:20:39.089+0000] {processor.py:161} INFO - Processing /home/airflow/.local/lib/python3.7/site-packages/airflow/example_dags/example_branch_day_of_week_operator.py took 0.093 seconds
[2022-09-10T17:21:09.326+0000] {processor.py:153} INFO - Started process (PID=668) to work on /home/airflow/.local/lib/python3.7/site-packages/airflow/example_dags/example_branch_day_of_week_operator.py
[2022-09-10T17:21:09.327+0000] {processor.py:640} INFO - Processing file /home/airflow/.local/lib/python3.7/site-packages/airflow/example_dags/example_branch_day_of_week_operator.py for tasks to queue
[2022-09-10T17:21:09.329+0000] {logging_mixin.py:115} INFO - [2022-09-10T17:21:09.329+0000] {dagbag.py:508} INFO - Filling up the DagBag from /home/airflow/.local/lib/python3.7/site-packages/airflow/example_dags/example_branch_day_of_week_operator.py
[2022-09-10T17:21:09.334+0000] {processor.py:650} INFO - DAG(s) dict_keys(['example_weekday_branch_operator']) retrieved from /home/airflow/.local/lib/python3.7/site-packages/airflow/example_dags/example_branch_day_of_week_operator.py
[2022-09-10T17:21:09.361+0000] {logging_mixin.py:115} INFO - [2022-09-10T17:21:09.361+0000] {dag.py:2429} INFO - Sync 1 DAGs
[2022-09-10T17:21:09.377+0000] {logging_mixin.py:115} INFO - [2022-09-10T17:21:09.377+0000] {dag.py:2981} INFO - Setting next_dagrun for example_weekday_branch_operator to 2022-09-09T00:00:00+00:00, run_after=2022-09-10T00:00:00+00:00
[2022-09-10T17:21:09.387+0000] {processor.py:161} INFO - Processing /home/airflow/.local/lib/python3.7/site-packages/airflow/example_dags/example_branch_day_of_week_operator.py took 0.064 seconds
[2022-09-10T17:21:40.710+0000] {processor.py:153} INFO - Started process (PID=731) to work on /home/airflow/.local/lib/python3.7/site-packages/airflow/example_dags/example_branch_day_of_week_operator.py
[2022-09-10T17:21:40.712+0000] {processor.py:640} INFO - Processing file /home/airflow/.local/lib/python3.7/site-packages/airflow/example_dags/example_branch_day_of_week_operator.py for tasks to queue
[2022-09-10T17:21:40.712+0000] {logging_mixin.py:115} INFO - [2022-09-10T17:21:40.712+0000] {dagbag.py:508} INFO - Filling up the DagBag from /home/airflow/.local/lib/python3.7/site-packages/airflow/example_dags/example_branch_day_of_week_operator.py
[2022-09-10T17:21:40.718+0000] {processor.py:650} INFO - DAG(s) dict_keys(['example_weekday_branch_operator']) retrieved from /home/airflow/.local/lib/python3.7/site-packages/airflow/example_dags/example_branch_day_of_week_operator.py
[2022-09-10T17:21:40.736+0000] {logging_mixin.py:115} INFO - [2022-09-10T17:21:40.736+0000] {dag.py:2429} INFO - Sync 1 DAGs
[2022-09-10T17:21:40.754+0000] {logging_mixin.py:115} INFO - [2022-09-10T17:21:40.754+0000] {dag.py:2981} INFO - Setting next_dagrun for example_weekday_branch_operator to 2022-09-09T00:00:00+00:00, run_after=2022-09-10T00:00:00+00:00
[2022-09-10T17:21:40.761+0000] {processor.py:161} INFO - Processing /home/airflow/.local/lib/python3.7/site-packages/airflow/example_dags/example_branch_day_of_week_operator.py took 0.053 seconds
[2022-09-10T17:22:11.278+0000] {processor.py:153} INFO - Started process (PID=794) to work on /home/airflow/.local/lib/python3.7/site-packages/airflow/example_dags/example_branch_day_of_week_operator.py
[2022-09-10T17:22:11.279+0000] {processor.py:640} INFO - Processing file /home/airflow/.local/lib/python3.7/site-packages/airflow/example_dags/example_branch_day_of_week_operator.py for tasks to queue
[2022-09-10T17:22:11.280+0000] {logging_mixin.py:115} INFO - [2022-09-10T17:22:11.280+0000] {dagbag.py:508} INFO - Filling up the DagBag from /home/airflow/.local/lib/python3.7/site-packages/airflow/example_dags/example_branch_day_of_week_operator.py
[2022-09-10T17:22:11.286+0000] {processor.py:650} INFO - DAG(s) dict_keys(['example_weekday_branch_operator']) retrieved from /home/airflow/.local/lib/python3.7/site-packages/airflow/example_dags/example_branch_day_of_week_operator.py
[2022-09-10T17:22:11.302+0000] {logging_mixin.py:115} INFO - [2022-09-10T17:22:11.302+0000] {dag.py:2429} INFO - Sync 1 DAGs
[2022-09-10T17:22:11.317+0000] {logging_mixin.py:115} INFO - [2022-09-10T17:22:11.317+0000] {dag.py:2981} INFO - Setting next_dagrun for example_weekday_branch_operator to 2022-09-09T00:00:00+00:00, run_after=2022-09-10T00:00:00+00:00
[2022-09-10T17:22:11.326+0000] {processor.py:161} INFO - Processing /home/airflow/.local/lib/python3.7/site-packages/airflow/example_dags/example_branch_day_of_week_operator.py took 0.050 seconds
[2022-09-10T17:22:41.937+0000] {processor.py:153} INFO - Started process (PID=859) to work on /home/airflow/.local/lib/python3.7/site-packages/airflow/example_dags/example_branch_day_of_week_operator.py
[2022-09-10T17:22:41.938+0000] {processor.py:640} INFO - Processing file /home/airflow/.local/lib/python3.7/site-packages/airflow/example_dags/example_branch_day_of_week_operator.py for tasks to queue
[2022-09-10T17:22:41.939+0000] {logging_mixin.py:115} INFO - [2022-09-10T17:22:41.939+0000] {dagbag.py:508} INFO - Filling up the DagBag from /home/airflow/.local/lib/python3.7/site-packages/airflow/example_dags/example_branch_day_of_week_operator.py
[2022-09-10T17:22:41.945+0000] {processor.py:650} INFO - DAG(s) dict_keys(['example_weekday_branch_operator']) retrieved from /home/airflow/.local/lib/python3.7/site-packages/airflow/example_dags/example_branch_day_of_week_operator.py
[2022-09-10T17:22:41.966+0000] {logging_mixin.py:115} INFO - [2022-09-10T17:22:41.966+0000] {dag.py:2429} INFO - Sync 1 DAGs
[2022-09-10T17:22:41.982+0000] {logging_mixin.py:115} INFO - [2022-09-10T17:22:41.982+0000] {dag.py:2981} INFO - Setting next_dagrun for example_weekday_branch_operator to 2022-09-09T00:00:00+00:00, run_after=2022-09-10T00:00:00+00:00
[2022-09-10T17:22:41.990+0000] {processor.py:161} INFO - Processing /home/airflow/.local/lib/python3.7/site-packages/airflow/example_dags/example_branch_day_of_week_operator.py took 0.056 seconds
[2022-09-10T17:23:12.907+0000] {processor.py:153} INFO - Started process (PID=913) to work on /home/airflow/.local/lib/python3.7/site-packages/airflow/example_dags/example_branch_day_of_week_operator.py
[2022-09-10T17:23:12.908+0000] {processor.py:640} INFO - Processing file /home/airflow/.local/lib/python3.7/site-packages/airflow/example_dags/example_branch_day_of_week_operator.py for tasks to queue
[2022-09-10T17:23:12.912+0000] {logging_mixin.py:115} INFO - [2022-09-10T17:23:12.912+0000] {dagbag.py:508} INFO - Filling up the DagBag from /home/airflow/.local/lib/python3.7/site-packages/airflow/example_dags/example_branch_day_of_week_operator.py
[2022-09-10T17:23:12.918+0000] {processor.py:650} INFO - DAG(s) dict_keys(['example_weekday_branch_operator']) retrieved from /home/airflow/.local/lib/python3.7/site-packages/airflow/example_dags/example_branch_day_of_week_operator.py
[2022-09-10T17:23:12.939+0000] {logging_mixin.py:115} INFO - [2022-09-10T17:23:12.939+0000] {dag.py:2429} INFO - Sync 1 DAGs
[2022-09-10T17:23:12.953+0000] {logging_mixin.py:115} INFO - [2022-09-10T17:23:12.953+0000] {dag.py:2981} INFO - Setting next_dagrun for example_weekday_branch_operator to 2022-09-09T00:00:00+00:00, run_after=2022-09-10T00:00:00+00:00
[2022-09-10T17:23:12.961+0000] {processor.py:161} INFO - Processing /home/airflow/.local/lib/python3.7/site-packages/airflow/example_dags/example_branch_day_of_week_operator.py took 0.057 seconds
[2022-09-10T17:23:43.863+0000] {processor.py:153} INFO - Started process (PID=976) to work on /home/airflow/.local/lib/python3.7/site-packages/airflow/example_dags/example_branch_day_of_week_operator.py
[2022-09-10T17:23:43.864+0000] {processor.py:640} INFO - Processing file /home/airflow/.local/lib/python3.7/site-packages/airflow/example_dags/example_branch_day_of_week_operator.py for tasks to queue
[2022-09-10T17:23:43.865+0000] {logging_mixin.py:115} INFO - [2022-09-10T17:23:43.865+0000] {dagbag.py:508} INFO - Filling up the DagBag from /home/airflow/.local/lib/python3.7/site-packages/airflow/example_dags/example_branch_day_of_week_operator.py
[2022-09-10T17:23:43.870+0000] {processor.py:650} INFO - DAG(s) dict_keys(['example_weekday_branch_operator']) retrieved from /home/airflow/.local/lib/python3.7/site-packages/airflow/example_dags/example_branch_day_of_week_operator.py
[2022-09-10T17:23:43.887+0000] {logging_mixin.py:115} INFO - [2022-09-10T17:23:43.887+0000] {dag.py:2429} INFO - Sync 1 DAGs
[2022-09-10T17:23:43.899+0000] {logging_mixin.py:115} INFO - [2022-09-10T17:23:43.899+0000] {dag.py:2981} INFO - Setting next_dagrun for example_weekday_branch_operator to 2022-09-09T00:00:00+00:00, run_after=2022-09-10T00:00:00+00:00
[2022-09-10T17:23:43.908+0000] {processor.py:161} INFO - Processing /home/airflow/.local/lib/python3.7/site-packages/airflow/example_dags/example_branch_day_of_week_operator.py took 0.048 seconds
[2022-09-10T17:24:14.917+0000] {processor.py:153} INFO - Started process (PID=1039) to work on /home/airflow/.local/lib/python3.7/site-packages/airflow/example_dags/example_branch_day_of_week_operator.py
[2022-09-10T17:24:14.918+0000] {processor.py:640} INFO - Processing file /home/airflow/.local/lib/python3.7/site-packages/airflow/example_dags/example_branch_day_of_week_operator.py for tasks to queue
[2022-09-10T17:24:14.919+0000] {logging_mixin.py:115} INFO - [2022-09-10T17:24:14.919+0000] {dagbag.py:508} INFO - Filling up the DagBag from /home/airflow/.local/lib/python3.7/site-packages/airflow/example_dags/example_branch_day_of_week_operator.py
[2022-09-10T17:24:14.925+0000] {processor.py:650} INFO - DAG(s) dict_keys(['example_weekday_branch_operator']) retrieved from /home/airflow/.local/lib/python3.7/site-packages/airflow/example_dags/example_branch_day_of_week_operator.py
[2022-09-10T17:24:14.947+0000] {logging_mixin.py:115} INFO - [2022-09-10T17:24:14.947+0000] {dag.py:2429} INFO - Sync 1 DAGs
[2022-09-10T17:24:14.963+0000] {logging_mixin.py:115} INFO - [2022-09-10T17:24:14.963+0000] {dag.py:2981} INFO - Setting next_dagrun for example_weekday_branch_operator to 2022-09-09T00:00:00+00:00, run_after=2022-09-10T00:00:00+00:00
[2022-09-10T17:24:14.971+0000] {processor.py:161} INFO - Processing /home/airflow/.local/lib/python3.7/site-packages/airflow/example_dags/example_branch_day_of_week_operator.py took 0.056 seconds
[2022-09-10T17:24:45.781+0000] {processor.py:153} INFO - Started process (PID=1102) to work on /home/airflow/.local/lib/python3.7/site-packages/airflow/example_dags/example_branch_day_of_week_operator.py
[2022-09-10T17:24:45.784+0000] {processor.py:640} INFO - Processing file /home/airflow/.local/lib/python3.7/site-packages/airflow/example_dags/example_branch_day_of_week_operator.py for tasks to queue
[2022-09-10T17:24:45.785+0000] {logging_mixin.py:115} INFO - [2022-09-10T17:24:45.785+0000] {dagbag.py:508} INFO - Filling up the DagBag from /home/airflow/.local/lib/python3.7/site-packages/airflow/example_dags/example_branch_day_of_week_operator.py
[2022-09-10T17:24:45.790+0000] {processor.py:650} INFO - DAG(s) dict_keys(['example_weekday_branch_operator']) retrieved from /home/airflow/.local/lib/python3.7/site-packages/airflow/example_dags/example_branch_day_of_week_operator.py
[2022-09-10T17:24:45.806+0000] {logging_mixin.py:115} INFO - [2022-09-10T17:24:45.806+0000] {dag.py:2429} INFO - Sync 1 DAGs
[2022-09-10T17:24:45.818+0000] {logging_mixin.py:115} INFO - [2022-09-10T17:24:45.818+0000] {dag.py:2981} INFO - Setting next_dagrun for example_weekday_branch_operator to 2022-09-09T00:00:00+00:00, run_after=2022-09-10T00:00:00+00:00
[2022-09-10T17:24:45.825+0000] {processor.py:161} INFO - Processing /home/airflow/.local/lib/python3.7/site-packages/airflow/example_dags/example_branch_day_of_week_operator.py took 0.046 seconds
[2022-09-10T17:25:16.605+0000] {processor.py:153} INFO - Started process (PID=1164) to work on /home/airflow/.local/lib/python3.7/site-packages/airflow/example_dags/example_branch_day_of_week_operator.py
[2022-09-10T17:25:16.606+0000] {processor.py:640} INFO - Processing file /home/airflow/.local/lib/python3.7/site-packages/airflow/example_dags/example_branch_day_of_week_operator.py for tasks to queue
[2022-09-10T17:25:16.607+0000] {logging_mixin.py:115} INFO - [2022-09-10T17:25:16.607+0000] {dagbag.py:508} INFO - Filling up the DagBag from /home/airflow/.local/lib/python3.7/site-packages/airflow/example_dags/example_branch_day_of_week_operator.py
[2022-09-10T17:25:16.613+0000] {processor.py:650} INFO - DAG(s) dict_keys(['example_weekday_branch_operator']) retrieved from /home/airflow/.local/lib/python3.7/site-packages/airflow/example_dags/example_branch_day_of_week_operator.py
[2022-09-10T17:25:16.629+0000] {logging_mixin.py:115} INFO - [2022-09-10T17:25:16.629+0000] {dag.py:2429} INFO - Sync 1 DAGs
[2022-09-10T17:25:16.644+0000] {logging_mixin.py:115} INFO - [2022-09-10T17:25:16.644+0000] {dag.py:2981} INFO - Setting next_dagrun for example_weekday_branch_operator to 2022-09-09T00:00:00+00:00, run_after=2022-09-10T00:00:00+00:00
[2022-09-10T17:25:16.654+0000] {processor.py:161} INFO - Processing /home/airflow/.local/lib/python3.7/site-packages/airflow/example_dags/example_branch_day_of_week_operator.py took 0.051 seconds
[2022-09-10T17:25:47.504+0000] {processor.py:153} INFO - Started process (PID=1228) to work on /home/airflow/.local/lib/python3.7/site-packages/airflow/example_dags/example_branch_day_of_week_operator.py
[2022-09-10T17:25:47.506+0000] {processor.py:640} INFO - Processing file /home/airflow/.local/lib/python3.7/site-packages/airflow/example_dags/example_branch_day_of_week_operator.py for tasks to queue
[2022-09-10T17:25:47.507+0000] {logging_mixin.py:115} INFO - [2022-09-10T17:25:47.506+0000] {dagbag.py:508} INFO - Filling up the DagBag from /home/airflow/.local/lib/python3.7/site-packages/airflow/example_dags/example_branch_day_of_week_operator.py
[2022-09-10T17:25:47.511+0000] {processor.py:650} INFO - DAG(s) dict_keys(['example_weekday_branch_operator']) retrieved from /home/airflow/.local/lib/python3.7/site-packages/airflow/example_dags/example_branch_day_of_week_operator.py
[2022-09-10T17:25:47.528+0000] {logging_mixin.py:115} INFO - [2022-09-10T17:25:47.528+0000] {dag.py:2429} INFO - Sync 1 DAGs
[2022-09-10T17:25:47.541+0000] {logging_mixin.py:115} INFO - [2022-09-10T17:25:47.541+0000] {dag.py:2981} INFO - Setting next_dagrun for example_weekday_branch_operator to 2022-09-09T00:00:00+00:00, run_after=2022-09-10T00:00:00+00:00
[2022-09-10T17:25:47.548+0000] {processor.py:161} INFO - Processing /home/airflow/.local/lib/python3.7/site-packages/airflow/example_dags/example_branch_day_of_week_operator.py took 0.046 seconds
[2022-09-10T17:26:17.680+0000] {processor.py:153} INFO - Started process (PID=1282) to work on /home/airflow/.local/lib/python3.7/site-packages/airflow/example_dags/example_branch_day_of_week_operator.py
[2022-09-10T17:26:17.682+0000] {processor.py:640} INFO - Processing file /home/airflow/.local/lib/python3.7/site-packages/airflow/example_dags/example_branch_day_of_week_operator.py for tasks to queue
[2022-09-10T17:26:17.683+0000] {logging_mixin.py:115} INFO - [2022-09-10T17:26:17.683+0000] {dagbag.py:508} INFO - Filling up the DagBag from /home/airflow/.local/lib/python3.7/site-packages/airflow/example_dags/example_branch_day_of_week_operator.py
[2022-09-10T17:26:17.690+0000] {processor.py:650} INFO - DAG(s) dict_keys(['example_weekday_branch_operator']) retrieved from /home/airflow/.local/lib/python3.7/site-packages/airflow/example_dags/example_branch_day_of_week_operator.py
[2022-09-10T17:26:17.709+0000] {logging_mixin.py:115} INFO - [2022-09-10T17:26:17.709+0000] {dag.py:2429} INFO - Sync 1 DAGs
[2022-09-10T17:26:17.725+0000] {logging_mixin.py:115} INFO - [2022-09-10T17:26:17.725+0000] {dag.py:2981} INFO - Setting next_dagrun for example_weekday_branch_operator to 2022-09-09T00:00:00+00:00, run_after=2022-09-10T00:00:00+00:00
[2022-09-10T17:26:17.734+0000] {processor.py:161} INFO - Processing /home/airflow/.local/lib/python3.7/site-packages/airflow/example_dags/example_branch_day_of_week_operator.py took 0.056 seconds
[2022-09-10T17:26:48.795+0000] {processor.py:153} INFO - Started process (PID=1345) to work on /home/airflow/.local/lib/python3.7/site-packages/airflow/example_dags/example_branch_day_of_week_operator.py
[2022-09-10T17:26:48.797+0000] {processor.py:640} INFO - Processing file /home/airflow/.local/lib/python3.7/site-packages/airflow/example_dags/example_branch_day_of_week_operator.py for tasks to queue
[2022-09-10T17:26:48.798+0000] {logging_mixin.py:115} INFO - [2022-09-10T17:26:48.798+0000] {dagbag.py:508} INFO - Filling up the DagBag from /home/airflow/.local/lib/python3.7/site-packages/airflow/example_dags/example_branch_day_of_week_operator.py
[2022-09-10T17:26:48.803+0000] {processor.py:650} INFO - DAG(s) dict_keys(['example_weekday_branch_operator']) retrieved from /home/airflow/.local/lib/python3.7/site-packages/airflow/example_dags/example_branch_day_of_week_operator.py
[2022-09-10T17:26:48.821+0000] {logging_mixin.py:115} INFO - [2022-09-10T17:26:48.821+0000] {dag.py:2429} INFO - Sync 1 DAGs
[2022-09-10T17:26:48.835+0000] {logging_mixin.py:115} INFO - [2022-09-10T17:26:48.835+0000] {dag.py:2981} INFO - Setting next_dagrun for example_weekday_branch_operator to 2022-09-09T00:00:00+00:00, run_after=2022-09-10T00:00:00+00:00
[2022-09-10T17:26:48.846+0000] {processor.py:161} INFO - Processing /home/airflow/.local/lib/python3.7/site-packages/airflow/example_dags/example_branch_day_of_week_operator.py took 0.053 seconds
[2022-09-10T17:27:20.063+0000] {processor.py:153} INFO - Started process (PID=1409) to work on /home/airflow/.local/lib/python3.7/site-packages/airflow/example_dags/example_branch_day_of_week_operator.py
[2022-09-10T17:27:20.064+0000] {processor.py:640} INFO - Processing file /home/airflow/.local/lib/python3.7/site-packages/airflow/example_dags/example_branch_day_of_week_operator.py for tasks to queue
[2022-09-10T17:27:20.065+0000] {logging_mixin.py:115} INFO - [2022-09-10T17:27:20.065+0000] {dagbag.py:508} INFO - Filling up the DagBag from /home/airflow/.local/lib/python3.7/site-packages/airflow/example_dags/example_branch_day_of_week_operator.py
[2022-09-10T17:27:20.072+0000] {processor.py:650} INFO - DAG(s) dict_keys(['example_weekday_branch_operator']) retrieved from /home/airflow/.local/lib/python3.7/site-packages/airflow/example_dags/example_branch_day_of_week_operator.py
[2022-09-10T17:27:20.089+0000] {logging_mixin.py:115} INFO - [2022-09-10T17:27:20.089+0000] {dag.py:2429} INFO - Sync 1 DAGs
[2022-09-10T17:27:20.104+0000] {logging_mixin.py:115} INFO - [2022-09-10T17:27:20.104+0000] {dag.py:2981} INFO - Setting next_dagrun for example_weekday_branch_operator to 2022-09-09T00:00:00+00:00, run_after=2022-09-10T00:00:00+00:00
[2022-09-10T17:27:20.112+0000] {processor.py:161} INFO - Processing /home/airflow/.local/lib/python3.7/site-packages/airflow/example_dags/example_branch_day_of_week_operator.py took 0.052 seconds
[2022-09-10T17:27:50.219+0000] {processor.py:153} INFO - Started process (PID=1474) to work on /home/airflow/.local/lib/python3.7/site-packages/airflow/example_dags/example_branch_day_of_week_operator.py
[2022-09-10T17:27:50.220+0000] {processor.py:640} INFO - Processing file /home/airflow/.local/lib/python3.7/site-packages/airflow/example_dags/example_branch_day_of_week_operator.py for tasks to queue
[2022-09-10T17:27:50.222+0000] {logging_mixin.py:115} INFO - [2022-09-10T17:27:50.222+0000] {dagbag.py:508} INFO - Filling up the DagBag from /home/airflow/.local/lib/python3.7/site-packages/airflow/example_dags/example_branch_day_of_week_operator.py
[2022-09-10T17:27:50.227+0000] {processor.py:650} INFO - DAG(s) dict_keys(['example_weekday_branch_operator']) retrieved from /home/airflow/.local/lib/python3.7/site-packages/airflow/example_dags/example_branch_day_of_week_operator.py
[2022-09-10T17:27:50.243+0000] {logging_mixin.py:115} INFO - [2022-09-10T17:27:50.243+0000] {dag.py:2429} INFO - Sync 1 DAGs
[2022-09-10T17:27:50.255+0000] {logging_mixin.py:115} INFO - [2022-09-10T17:27:50.255+0000] {dag.py:2981} INFO - Setting next_dagrun for example_weekday_branch_operator to 2022-09-09T00:00:00+00:00, run_after=2022-09-10T00:00:00+00:00
[2022-09-10T17:27:50.263+0000] {processor.py:161} INFO - Processing /home/airflow/.local/lib/python3.7/site-packages/airflow/example_dags/example_branch_day_of_week_operator.py took 0.046 seconds
[2022-09-10T17:28:20.353+0000] {processor.py:153} INFO - Started process (PID=1537) to work on /home/airflow/.local/lib/python3.7/site-packages/airflow/example_dags/example_branch_day_of_week_operator.py
[2022-09-10T17:28:20.355+0000] {processor.py:640} INFO - Processing file /home/airflow/.local/lib/python3.7/site-packages/airflow/example_dags/example_branch_day_of_week_operator.py for tasks to queue
[2022-09-10T17:28:20.356+0000] {logging_mixin.py:115} INFO - [2022-09-10T17:28:20.355+0000] {dagbag.py:508} INFO - Filling up the DagBag from /home/airflow/.local/lib/python3.7/site-packages/airflow/example_dags/example_branch_day_of_week_operator.py
[2022-09-10T17:28:20.361+0000] {processor.py:650} INFO - DAG(s) dict_keys(['example_weekday_branch_operator']) retrieved from /home/airflow/.local/lib/python3.7/site-packages/airflow/example_dags/example_branch_day_of_week_operator.py
[2022-09-10T17:28:20.377+0000] {logging_mixin.py:115} INFO - [2022-09-10T17:28:20.377+0000] {dag.py:2429} INFO - Sync 1 DAGs
[2022-09-10T17:28:20.391+0000] {logging_mixin.py:115} INFO - [2022-09-10T17:28:20.391+0000] {dag.py:2981} INFO - Setting next_dagrun for example_weekday_branch_operator to 2022-09-09T00:00:00+00:00, run_after=2022-09-10T00:00:00+00:00
[2022-09-10T17:28:20.399+0000] {processor.py:161} INFO - Processing /home/airflow/.local/lib/python3.7/site-packages/airflow/example_dags/example_branch_day_of_week_operator.py took 0.048 seconds
[2022-09-10T17:28:50.696+0000] {processor.py:153} INFO - Started process (PID=1591) to work on /home/airflow/.local/lib/python3.7/site-packages/airflow/example_dags/example_branch_day_of_week_operator.py
[2022-09-10T17:28:50.698+0000] {processor.py:640} INFO - Processing file /home/airflow/.local/lib/python3.7/site-packages/airflow/example_dags/example_branch_day_of_week_operator.py for tasks to queue
[2022-09-10T17:28:50.699+0000] {logging_mixin.py:115} INFO - [2022-09-10T17:28:50.699+0000] {dagbag.py:508} INFO - Filling up the DagBag from /home/airflow/.local/lib/python3.7/site-packages/airflow/example_dags/example_branch_day_of_week_operator.py
[2022-09-10T17:28:50.705+0000] {processor.py:650} INFO - DAG(s) dict_keys(['example_weekday_branch_operator']) retrieved from /home/airflow/.local/lib/python3.7/site-packages/airflow/example_dags/example_branch_day_of_week_operator.py
[2022-09-10T17:28:50.735+0000] {logging_mixin.py:115} INFO - [2022-09-10T17:28:50.735+0000] {dag.py:2429} INFO - Sync 1 DAGs
[2022-09-10T17:28:50.751+0000] {logging_mixin.py:115} INFO - [2022-09-10T17:28:50.751+0000] {dag.py:2981} INFO - Setting next_dagrun for example_weekday_branch_operator to 2022-09-09T00:00:00+00:00, run_after=2022-09-10T00:00:00+00:00
[2022-09-10T17:28:50.759+0000] {processor.py:161} INFO - Processing /home/airflow/.local/lib/python3.7/site-packages/airflow/example_dags/example_branch_day_of_week_operator.py took 0.065 seconds
[2022-09-10T17:29:20.875+0000] {processor.py:153} INFO - Started process (PID=1654) to work on /home/airflow/.local/lib/python3.7/site-packages/airflow/example_dags/example_branch_day_of_week_operator.py
[2022-09-10T17:29:20.877+0000] {processor.py:640} INFO - Processing file /home/airflow/.local/lib/python3.7/site-packages/airflow/example_dags/example_branch_day_of_week_operator.py for tasks to queue
[2022-09-10T17:29:20.878+0000] {logging_mixin.py:115} INFO - [2022-09-10T17:29:20.878+0000] {dagbag.py:508} INFO - Filling up the DagBag from /home/airflow/.local/lib/python3.7/site-packages/airflow/example_dags/example_branch_day_of_week_operator.py
[2022-09-10T17:29:20.884+0000] {processor.py:650} INFO - DAG(s) dict_keys(['example_weekday_branch_operator']) retrieved from /home/airflow/.local/lib/python3.7/site-packages/airflow/example_dags/example_branch_day_of_week_operator.py
[2022-09-10T17:29:20.901+0000] {logging_mixin.py:115} INFO - [2022-09-10T17:29:20.901+0000] {dag.py:2429} INFO - Sync 1 DAGs
[2022-09-10T17:29:20.913+0000] {logging_mixin.py:115} INFO - [2022-09-10T17:29:20.913+0000] {dag.py:2981} INFO - Setting next_dagrun for example_weekday_branch_operator to 2022-09-09T00:00:00+00:00, run_after=2022-09-10T00:00:00+00:00
[2022-09-10T17:29:20.920+0000] {processor.py:161} INFO - Processing /home/airflow/.local/lib/python3.7/site-packages/airflow/example_dags/example_branch_day_of_week_operator.py took 0.047 seconds
[2022-09-10T17:29:51.094+0000] {processor.py:153} INFO - Started process (PID=1716) to work on /home/airflow/.local/lib/python3.7/site-packages/airflow/example_dags/example_branch_day_of_week_operator.py
[2022-09-10T17:29:51.095+0000] {processor.py:640} INFO - Processing file /home/airflow/.local/lib/python3.7/site-packages/airflow/example_dags/example_branch_day_of_week_operator.py for tasks to queue
[2022-09-10T17:29:51.097+0000] {logging_mixin.py:115} INFO - [2022-09-10T17:29:51.097+0000] {dagbag.py:508} INFO - Filling up the DagBag from /home/airflow/.local/lib/python3.7/site-packages/airflow/example_dags/example_branch_day_of_week_operator.py
[2022-09-10T17:29:51.103+0000] {processor.py:650} INFO - DAG(s) dict_keys(['example_weekday_branch_operator']) retrieved from /home/airflow/.local/lib/python3.7/site-packages/airflow/example_dags/example_branch_day_of_week_operator.py
[2022-09-10T17:29:51.120+0000] {logging_mixin.py:115} INFO - [2022-09-10T17:29:51.120+0000] {dag.py:2429} INFO - Sync 1 DAGs
[2022-09-10T17:29:51.133+0000] {logging_mixin.py:115} INFO - [2022-09-10T17:29:51.133+0000] {dag.py:2981} INFO - Setting next_dagrun for example_weekday_branch_operator to 2022-09-09T00:00:00+00:00, run_after=2022-09-10T00:00:00+00:00
[2022-09-10T17:29:51.140+0000] {processor.py:161} INFO - Processing /home/airflow/.local/lib/python3.7/site-packages/airflow/example_dags/example_branch_day_of_week_operator.py took 0.048 seconds
[2022-09-10T17:30:21.639+0000] {processor.py:153} INFO - Started process (PID=1779) to work on /home/airflow/.local/lib/python3.7/site-packages/airflow/example_dags/example_branch_day_of_week_operator.py
[2022-09-10T17:30:21.640+0000] {processor.py:640} INFO - Processing file /home/airflow/.local/lib/python3.7/site-packages/airflow/example_dags/example_branch_day_of_week_operator.py for tasks to queue
[2022-09-10T17:30:21.641+0000] {logging_mixin.py:115} INFO - [2022-09-10T17:30:21.641+0000] {dagbag.py:508} INFO - Filling up the DagBag from /home/airflow/.local/lib/python3.7/site-packages/airflow/example_dags/example_branch_day_of_week_operator.py
[2022-09-10T17:30:21.647+0000] {processor.py:650} INFO - DAG(s) dict_keys(['example_weekday_branch_operator']) retrieved from /home/airflow/.local/lib/python3.7/site-packages/airflow/example_dags/example_branch_day_of_week_operator.py
[2022-09-10T17:30:21.664+0000] {logging_mixin.py:115} INFO - [2022-09-10T17:30:21.664+0000] {dag.py:2429} INFO - Sync 1 DAGs
[2022-09-10T17:30:21.677+0000] {logging_mixin.py:115} INFO - [2022-09-10T17:30:21.677+0000] {dag.py:2981} INFO - Setting next_dagrun for example_weekday_branch_operator to 2022-09-09T00:00:00+00:00, run_after=2022-09-10T00:00:00+00:00
[2022-09-10T17:30:21.684+0000] {processor.py:161} INFO - Processing /home/airflow/.local/lib/python3.7/site-packages/airflow/example_dags/example_branch_day_of_week_operator.py took 0.047 seconds
