[2022-09-10T17:06:40.582+0000] {processor.py:153} INFO - Started process (PID=61) to work on /home/airflow/.local/lib/python3.7/site-packages/airflow/example_dags/example_sla_dag.py
[2022-09-10T17:06:40.583+0000] {processor.py:640} INFO - Processing file /home/airflow/.local/lib/python3.7/site-packages/airflow/example_dags/example_sla_dag.py for tasks to queue
[2022-09-10T17:06:40.585+0000] {logging_mixin.py:115} INFO - [2022-09-10T17:06:40.585+0000] {dagbag.py:508} INFO - Filling up the DagBag from /home/airflow/.local/lib/python3.7/site-packages/airflow/example_dags/example_sla_dag.py
[2022-09-10T17:06:40.634+0000] {processor.py:650} INFO - DAG(s) dict_keys(['example_sla_dag']) retrieved from /home/airflow/.local/lib/python3.7/site-packages/airflow/example_dags/example_sla_dag.py
[2022-09-10T17:06:40.866+0000] {logging_mixin.py:115} INFO - [2022-09-10T17:06:40.866+0000] {manager.py:508} INFO - Created Permission View: can edit on DAG:example_sla_dag
[2022-09-10T17:06:40.881+0000] {logging_mixin.py:115} INFO - [2022-09-10T17:06:40.881+0000] {manager.py:508} INFO - Created Permission View: can delete on DAG:example_sla_dag
[2022-09-10T17:06:40.903+0000] {logging_mixin.py:115} INFO - [2022-09-10T17:06:40.903+0000] {manager.py:508} INFO - Created Permission View: can read on DAG:example_sla_dag
[2022-09-10T17:06:40.904+0000] {logging_mixin.py:115} INFO - [2022-09-10T17:06:40.904+0000] {dag.py:2429} INFO - Sync 1 DAGs
[2022-09-10T17:06:40.917+0000] {logging_mixin.py:115} INFO - [2022-09-10T17:06:40.917+0000] {dag.py:2448} INFO - Creating ORM DAG for example_sla_dag
[2022-09-10T17:06:40.946+0000] {logging_mixin.py:115} INFO - [2022-09-10T17:06:40.946+0000] {dag.py:2981} INFO - Setting next_dagrun for example_sla_dag to 2022-09-10T17:04:00+00:00, run_after=2022-09-10T17:06:00+00:00
[2022-09-10T17:06:40.977+0000] {processor.py:161} INFO - Processing /home/airflow/.local/lib/python3.7/site-packages/airflow/example_dags/example_sla_dag.py took 0.399 seconds
[2022-09-10T17:07:11.313+0000] {processor.py:153} INFO - Started process (PID=125) to work on /home/airflow/.local/lib/python3.7/site-packages/airflow/example_dags/example_sla_dag.py
[2022-09-10T17:07:11.315+0000] {processor.py:640} INFO - Processing file /home/airflow/.local/lib/python3.7/site-packages/airflow/example_dags/example_sla_dag.py for tasks to queue
[2022-09-10T17:07:11.316+0000] {logging_mixin.py:115} INFO - [2022-09-10T17:07:11.315+0000] {dagbag.py:508} INFO - Filling up the DagBag from /home/airflow/.local/lib/python3.7/site-packages/airflow/example_dags/example_sla_dag.py
[2022-09-10T17:07:11.327+0000] {processor.py:650} INFO - DAG(s) dict_keys(['example_sla_dag']) retrieved from /home/airflow/.local/lib/python3.7/site-packages/airflow/example_dags/example_sla_dag.py
[2022-09-10T17:07:11.342+0000] {logging_mixin.py:115} INFO - [2022-09-10T17:07:11.342+0000] {dag.py:2429} INFO - Sync 1 DAGs
[2022-09-10T17:07:11.355+0000] {logging_mixin.py:115} INFO - [2022-09-10T17:07:11.355+0000] {dag.py:2981} INFO - Setting next_dagrun for example_sla_dag to 2022-09-10T17:04:00+00:00, run_after=2022-09-10T17:06:00+00:00
[2022-09-10T17:07:11.361+0000] {processor.py:161} INFO - Processing /home/airflow/.local/lib/python3.7/site-packages/airflow/example_dags/example_sla_dag.py took 0.050 seconds
[2022-09-10T17:07:42.233+0000] {processor.py:153} INFO - Started process (PID=188) to work on /home/airflow/.local/lib/python3.7/site-packages/airflow/example_dags/example_sla_dag.py
[2022-09-10T17:07:42.235+0000] {processor.py:640} INFO - Processing file /home/airflow/.local/lib/python3.7/site-packages/airflow/example_dags/example_sla_dag.py for tasks to queue
[2022-09-10T17:07:42.236+0000] {logging_mixin.py:115} INFO - [2022-09-10T17:07:42.236+0000] {dagbag.py:508} INFO - Filling up the DagBag from /home/airflow/.local/lib/python3.7/site-packages/airflow/example_dags/example_sla_dag.py
[2022-09-10T17:07:42.247+0000] {processor.py:650} INFO - DAG(s) dict_keys(['example_sla_dag']) retrieved from /home/airflow/.local/lib/python3.7/site-packages/airflow/example_dags/example_sla_dag.py
[2022-09-10T17:07:42.267+0000] {logging_mixin.py:115} INFO - [2022-09-10T17:07:42.267+0000] {dag.py:2429} INFO - Sync 1 DAGs
[2022-09-10T17:07:42.284+0000] {logging_mixin.py:115} INFO - [2022-09-10T17:07:42.284+0000] {dag.py:2981} INFO - Setting next_dagrun for example_sla_dag to 2022-09-10T17:04:00+00:00, run_after=2022-09-10T17:06:00+00:00
[2022-09-10T17:07:42.292+0000] {processor.py:161} INFO - Processing /home/airflow/.local/lib/python3.7/site-packages/airflow/example_dags/example_sla_dag.py took 0.061 seconds
[2022-09-10T17:08:13.137+0000] {processor.py:153} INFO - Started process (PID=242) to work on /home/airflow/.local/lib/python3.7/site-packages/airflow/example_dags/example_sla_dag.py
[2022-09-10T17:08:13.139+0000] {processor.py:640} INFO - Processing file /home/airflow/.local/lib/python3.7/site-packages/airflow/example_dags/example_sla_dag.py for tasks to queue
[2022-09-10T17:08:13.139+0000] {logging_mixin.py:115} INFO - [2022-09-10T17:08:13.139+0000] {dagbag.py:508} INFO - Filling up the DagBag from /home/airflow/.local/lib/python3.7/site-packages/airflow/example_dags/example_sla_dag.py
[2022-09-10T17:08:13.148+0000] {processor.py:650} INFO - DAG(s) dict_keys(['example_sla_dag']) retrieved from /home/airflow/.local/lib/python3.7/site-packages/airflow/example_dags/example_sla_dag.py
[2022-09-10T17:08:13.163+0000] {logging_mixin.py:115} INFO - [2022-09-10T17:08:13.163+0000] {dag.py:2429} INFO - Sync 1 DAGs
[2022-09-10T17:08:13.176+0000] {logging_mixin.py:115} INFO - [2022-09-10T17:08:13.176+0000] {dag.py:2981} INFO - Setting next_dagrun for example_sla_dag to 2022-09-10T17:06:00+00:00, run_after=2022-09-10T17:08:00+00:00
[2022-09-10T17:08:13.182+0000] {processor.py:161} INFO - Processing /home/airflow/.local/lib/python3.7/site-packages/airflow/example_dags/example_sla_dag.py took 0.046 seconds
[2022-09-10T17:08:44.054+0000] {processor.py:153} INFO - Started process (PID=304) to work on /home/airflow/.local/lib/python3.7/site-packages/airflow/example_dags/example_sla_dag.py
[2022-09-10T17:08:44.056+0000] {processor.py:640} INFO - Processing file /home/airflow/.local/lib/python3.7/site-packages/airflow/example_dags/example_sla_dag.py for tasks to queue
[2022-09-10T17:08:44.056+0000] {logging_mixin.py:115} INFO - [2022-09-10T17:08:44.056+0000] {dagbag.py:508} INFO - Filling up the DagBag from /home/airflow/.local/lib/python3.7/site-packages/airflow/example_dags/example_sla_dag.py
[2022-09-10T17:08:44.067+0000] {processor.py:650} INFO - DAG(s) dict_keys(['example_sla_dag']) retrieved from /home/airflow/.local/lib/python3.7/site-packages/airflow/example_dags/example_sla_dag.py
[2022-09-10T17:08:44.084+0000] {logging_mixin.py:115} INFO - [2022-09-10T17:08:44.084+0000] {dag.py:2429} INFO - Sync 1 DAGs
[2022-09-10T17:08:44.101+0000] {logging_mixin.py:115} INFO - [2022-09-10T17:08:44.101+0000] {dag.py:2981} INFO - Setting next_dagrun for example_sla_dag to 2022-09-10T17:06:00+00:00, run_after=2022-09-10T17:08:00+00:00
[2022-09-10T17:08:44.108+0000] {processor.py:161} INFO - Processing /home/airflow/.local/lib/python3.7/site-packages/airflow/example_dags/example_sla_dag.py took 0.056 seconds
[2022-09-10T17:09:14.850+0000] {processor.py:153} INFO - Started process (PID=368) to work on /home/airflow/.local/lib/python3.7/site-packages/airflow/example_dags/example_sla_dag.py
[2022-09-10T17:09:14.852+0000] {processor.py:640} INFO - Processing file /home/airflow/.local/lib/python3.7/site-packages/airflow/example_dags/example_sla_dag.py for tasks to queue
[2022-09-10T17:09:14.852+0000] {logging_mixin.py:115} INFO - [2022-09-10T17:09:14.852+0000] {dagbag.py:508} INFO - Filling up the DagBag from /home/airflow/.local/lib/python3.7/site-packages/airflow/example_dags/example_sla_dag.py
[2022-09-10T17:09:14.863+0000] {processor.py:650} INFO - DAG(s) dict_keys(['example_sla_dag']) retrieved from /home/airflow/.local/lib/python3.7/site-packages/airflow/example_dags/example_sla_dag.py
[2022-09-10T17:09:14.881+0000] {logging_mixin.py:115} INFO - [2022-09-10T17:09:14.880+0000] {dag.py:2429} INFO - Sync 1 DAGs
[2022-09-10T17:09:14.897+0000] {logging_mixin.py:115} INFO - [2022-09-10T17:09:14.897+0000] {dag.py:2981} INFO - Setting next_dagrun for example_sla_dag to 2022-09-10T17:06:00+00:00, run_after=2022-09-10T17:08:00+00:00
[2022-09-10T17:09:14.904+0000] {processor.py:161} INFO - Processing /home/airflow/.local/lib/python3.7/site-packages/airflow/example_dags/example_sla_dag.py took 0.056 seconds
[2022-09-10T17:09:45.646+0000] {processor.py:153} INFO - Started process (PID=432) to work on /home/airflow/.local/lib/python3.7/site-packages/airflow/example_dags/example_sla_dag.py
[2022-09-10T17:09:45.648+0000] {processor.py:640} INFO - Processing file /home/airflow/.local/lib/python3.7/site-packages/airflow/example_dags/example_sla_dag.py for tasks to queue
[2022-09-10T17:09:45.648+0000] {logging_mixin.py:115} INFO - [2022-09-10T17:09:45.648+0000] {dagbag.py:508} INFO - Filling up the DagBag from /home/airflow/.local/lib/python3.7/site-packages/airflow/example_dags/example_sla_dag.py
[2022-09-10T17:09:45.658+0000] {processor.py:650} INFO - DAG(s) dict_keys(['example_sla_dag']) retrieved from /home/airflow/.local/lib/python3.7/site-packages/airflow/example_dags/example_sla_dag.py
[2022-09-10T17:09:45.675+0000] {logging_mixin.py:115} INFO - [2022-09-10T17:09:45.674+0000] {dag.py:2429} INFO - Sync 1 DAGs
[2022-09-10T17:09:45.692+0000] {logging_mixin.py:115} INFO - [2022-09-10T17:09:45.692+0000] {dag.py:2981} INFO - Setting next_dagrun for example_sla_dag to 2022-09-10T17:06:00+00:00, run_after=2022-09-10T17:08:00+00:00
[2022-09-10T17:09:45.698+0000] {processor.py:161} INFO - Processing /home/airflow/.local/lib/python3.7/site-packages/airflow/example_dags/example_sla_dag.py took 0.054 seconds
[2022-09-10T17:10:16.429+0000] {processor.py:153} INFO - Started process (PID=496) to work on /home/airflow/.local/lib/python3.7/site-packages/airflow/example_dags/example_sla_dag.py
[2022-09-10T17:10:16.431+0000] {processor.py:640} INFO - Processing file /home/airflow/.local/lib/python3.7/site-packages/airflow/example_dags/example_sla_dag.py for tasks to queue
[2022-09-10T17:10:16.432+0000] {logging_mixin.py:115} INFO - [2022-09-10T17:10:16.431+0000] {dagbag.py:508} INFO - Filling up the DagBag from /home/airflow/.local/lib/python3.7/site-packages/airflow/example_dags/example_sla_dag.py
[2022-09-10T17:10:16.442+0000] {processor.py:650} INFO - DAG(s) dict_keys(['example_sla_dag']) retrieved from /home/airflow/.local/lib/python3.7/site-packages/airflow/example_dags/example_sla_dag.py
[2022-09-10T17:10:16.459+0000] {logging_mixin.py:115} INFO - [2022-09-10T17:10:16.459+0000] {dag.py:2429} INFO - Sync 1 DAGs
[2022-09-10T17:10:16.473+0000] {logging_mixin.py:115} INFO - [2022-09-10T17:10:16.473+0000] {dag.py:2981} INFO - Setting next_dagrun for example_sla_dag to 2022-09-10T17:08:00+00:00, run_after=2022-09-10T17:10:00+00:00
[2022-09-10T17:10:16.479+0000] {processor.py:161} INFO - Processing /home/airflow/.local/lib/python3.7/site-packages/airflow/example_dags/example_sla_dag.py took 0.053 seconds
[2022-09-10T17:10:47.440+0000] {processor.py:153} INFO - Started process (PID=559) to work on /home/airflow/.local/lib/python3.7/site-packages/airflow/example_dags/example_sla_dag.py
[2022-09-10T17:10:47.442+0000] {processor.py:640} INFO - Processing file /home/airflow/.local/lib/python3.7/site-packages/airflow/example_dags/example_sla_dag.py for tasks to queue
[2022-09-10T17:10:47.442+0000] {logging_mixin.py:115} INFO - [2022-09-10T17:10:47.442+0000] {dagbag.py:508} INFO - Filling up the DagBag from /home/airflow/.local/lib/python3.7/site-packages/airflow/example_dags/example_sla_dag.py
[2022-09-10T17:10:47.452+0000] {processor.py:650} INFO - DAG(s) dict_keys(['example_sla_dag']) retrieved from /home/airflow/.local/lib/python3.7/site-packages/airflow/example_dags/example_sla_dag.py
[2022-09-10T17:10:47.471+0000] {logging_mixin.py:115} INFO - [2022-09-10T17:10:47.471+0000] {dag.py:2429} INFO - Sync 1 DAGs
[2022-09-10T17:10:47.485+0000] {logging_mixin.py:115} INFO - [2022-09-10T17:10:47.485+0000] {dag.py:2981} INFO - Setting next_dagrun for example_sla_dag to 2022-09-10T17:08:00+00:00, run_after=2022-09-10T17:10:00+00:00
[2022-09-10T17:10:47.493+0000] {processor.py:161} INFO - Processing /home/airflow/.local/lib/python3.7/site-packages/airflow/example_dags/example_sla_dag.py took 0.054 seconds
[2022-09-10T17:13:02.577+0000] {processor.py:153} INFO - Started process (PID=60) to work on /home/airflow/.local/lib/python3.7/site-packages/airflow/example_dags/example_sla_dag.py
[2022-09-10T17:13:02.585+0000] {processor.py:640} INFO - Processing file /home/airflow/.local/lib/python3.7/site-packages/airflow/example_dags/example_sla_dag.py for tasks to queue
[2022-09-10T17:13:02.588+0000] {logging_mixin.py:115} INFO - [2022-09-10T17:13:02.588+0000] {dagbag.py:508} INFO - Filling up the DagBag from /home/airflow/.local/lib/python3.7/site-packages/airflow/example_dags/example_sla_dag.py
[2022-09-10T17:13:02.857+0000] {processor.py:650} INFO - DAG(s) dict_keys(['example_sla_dag']) retrieved from /home/airflow/.local/lib/python3.7/site-packages/airflow/example_dags/example_sla_dag.py
[2022-09-10T17:13:03.163+0000] {logging_mixin.py:115} INFO - [2022-09-10T17:13:03.157+0000] {dag.py:2429} INFO - Sync 1 DAGs
[2022-09-10T17:13:04.261+0000] {logging_mixin.py:115} INFO - [2022-09-10T17:13:04.261+0000] {dag.py:2981} INFO - Setting next_dagrun for example_sla_dag to 2022-09-10T17:10:00+00:00, run_after=2022-09-10T17:12:00+00:00
[2022-09-10T17:13:04.315+0000] {processor.py:161} INFO - Processing /home/airflow/.local/lib/python3.7/site-packages/airflow/example_dags/example_sla_dag.py took 1.756 seconds
[2022-09-10T17:13:35.043+0000] {processor.py:153} INFO - Started process (PID=113) to work on /home/airflow/.local/lib/python3.7/site-packages/airflow/example_dags/example_sla_dag.py
[2022-09-10T17:13:35.045+0000] {processor.py:640} INFO - Processing file /home/airflow/.local/lib/python3.7/site-packages/airflow/example_dags/example_sla_dag.py for tasks to queue
[2022-09-10T17:13:35.047+0000] {logging_mixin.py:115} INFO - [2022-09-10T17:13:35.046+0000] {dagbag.py:508} INFO - Filling up the DagBag from /home/airflow/.local/lib/python3.7/site-packages/airflow/example_dags/example_sla_dag.py
[2022-09-10T17:13:35.071+0000] {processor.py:650} INFO - DAG(s) dict_keys(['example_sla_dag']) retrieved from /home/airflow/.local/lib/python3.7/site-packages/airflow/example_dags/example_sla_dag.py
[2022-09-10T17:13:35.109+0000] {logging_mixin.py:115} INFO - [2022-09-10T17:13:35.109+0000] {dag.py:2429} INFO - Sync 1 DAGs
[2022-09-10T17:13:35.360+0000] {logging_mixin.py:115} INFO - [2022-09-10T17:13:35.360+0000] {dag.py:2981} INFO - Setting next_dagrun for example_sla_dag to 2022-09-10T17:10:00+00:00, run_after=2022-09-10T17:12:00+00:00
[2022-09-10T17:13:35.376+0000] {processor.py:161} INFO - Processing /home/airflow/.local/lib/python3.7/site-packages/airflow/example_dags/example_sla_dag.py took 0.336 seconds
[2022-09-10T17:14:05.492+0000] {processor.py:153} INFO - Started process (PID=178) to work on /home/airflow/.local/lib/python3.7/site-packages/airflow/example_dags/example_sla_dag.py
[2022-09-10T17:14:05.494+0000] {processor.py:640} INFO - Processing file /home/airflow/.local/lib/python3.7/site-packages/airflow/example_dags/example_sla_dag.py for tasks to queue
[2022-09-10T17:14:05.495+0000] {logging_mixin.py:115} INFO - [2022-09-10T17:14:05.495+0000] {dagbag.py:508} INFO - Filling up the DagBag from /home/airflow/.local/lib/python3.7/site-packages/airflow/example_dags/example_sla_dag.py
[2022-09-10T17:14:05.506+0000] {processor.py:650} INFO - DAG(s) dict_keys(['example_sla_dag']) retrieved from /home/airflow/.local/lib/python3.7/site-packages/airflow/example_dags/example_sla_dag.py
[2022-09-10T17:14:05.524+0000] {logging_mixin.py:115} INFO - [2022-09-10T17:14:05.524+0000] {dag.py:2429} INFO - Sync 1 DAGs
[2022-09-10T17:14:05.638+0000] {logging_mixin.py:115} INFO - [2022-09-10T17:14:05.638+0000] {dag.py:2981} INFO - Setting next_dagrun for example_sla_dag to 2022-09-10T17:12:00+00:00, run_after=2022-09-10T17:14:00+00:00
[2022-09-10T17:14:05.646+0000] {processor.py:161} INFO - Processing /home/airflow/.local/lib/python3.7/site-packages/airflow/example_dags/example_sla_dag.py took 0.156 seconds
[2022-09-10T17:16:05.329+0000] {processor.py:153} INFO - Started process (PID=64) to work on /home/airflow/.local/lib/python3.7/site-packages/airflow/example_dags/example_sla_dag.py
[2022-09-10T17:16:05.333+0000] {processor.py:640} INFO - Processing file /home/airflow/.local/lib/python3.7/site-packages/airflow/example_dags/example_sla_dag.py for tasks to queue
[2022-09-10T17:16:05.335+0000] {logging_mixin.py:115} INFO - [2022-09-10T17:16:05.334+0000] {dagbag.py:508} INFO - Filling up the DagBag from /home/airflow/.local/lib/python3.7/site-packages/airflow/example_dags/example_sla_dag.py
[2022-09-10T17:16:05.370+0000] {processor.py:650} INFO - DAG(s) dict_keys(['example_sla_dag']) retrieved from /home/airflow/.local/lib/python3.7/site-packages/airflow/example_dags/example_sla_dag.py
[2022-09-10T17:16:05.421+0000] {logging_mixin.py:115} INFO - [2022-09-10T17:16:05.421+0000] {dag.py:2429} INFO - Sync 1 DAGs
[2022-09-10T17:16:05.459+0000] {logging_mixin.py:115} INFO - [2022-09-10T17:16:05.459+0000] {dag.py:2981} INFO - Setting next_dagrun for example_sla_dag to 2022-09-10T17:14:00+00:00, run_after=2022-09-10T17:16:00+00:00
[2022-09-10T17:16:05.483+0000] {processor.py:161} INFO - Processing /home/airflow/.local/lib/python3.7/site-packages/airflow/example_dags/example_sla_dag.py took 0.156 seconds
[2022-09-10T17:16:36.144+0000] {processor.py:153} INFO - Started process (PID=126) to work on /home/airflow/.local/lib/python3.7/site-packages/airflow/example_dags/example_sla_dag.py
[2022-09-10T17:16:36.146+0000] {processor.py:640} INFO - Processing file /home/airflow/.local/lib/python3.7/site-packages/airflow/example_dags/example_sla_dag.py for tasks to queue
[2022-09-10T17:16:36.147+0000] {logging_mixin.py:115} INFO - [2022-09-10T17:16:36.147+0000] {dagbag.py:508} INFO - Filling up the DagBag from /home/airflow/.local/lib/python3.7/site-packages/airflow/example_dags/example_sla_dag.py
[2022-09-10T17:16:36.170+0000] {processor.py:650} INFO - DAG(s) dict_keys(['example_sla_dag']) retrieved from /home/airflow/.local/lib/python3.7/site-packages/airflow/example_dags/example_sla_dag.py
[2022-09-10T17:16:36.194+0000] {logging_mixin.py:115} INFO - [2022-09-10T17:16:36.194+0000] {dag.py:2429} INFO - Sync 1 DAGs
[2022-09-10T17:16:36.212+0000] {logging_mixin.py:115} INFO - [2022-09-10T17:16:36.212+0000] {dag.py:2981} INFO - Setting next_dagrun for example_sla_dag to 2022-09-10T17:14:00+00:00, run_after=2022-09-10T17:16:00+00:00
[2022-09-10T17:16:36.223+0000] {processor.py:161} INFO - Processing /home/airflow/.local/lib/python3.7/site-packages/airflow/example_dags/example_sla_dag.py took 0.083 seconds
[2022-09-10T17:17:06.298+0000] {processor.py:153} INFO - Started process (PID=190) to work on /home/airflow/.local/lib/python3.7/site-packages/airflow/example_dags/example_sla_dag.py
[2022-09-10T17:17:06.301+0000] {processor.py:640} INFO - Processing file /home/airflow/.local/lib/python3.7/site-packages/airflow/example_dags/example_sla_dag.py for tasks to queue
[2022-09-10T17:17:06.302+0000] {logging_mixin.py:115} INFO - [2022-09-10T17:17:06.302+0000] {dagbag.py:508} INFO - Filling up the DagBag from /home/airflow/.local/lib/python3.7/site-packages/airflow/example_dags/example_sla_dag.py
[2022-09-10T17:17:06.317+0000] {processor.py:650} INFO - DAG(s) dict_keys(['example_sla_dag']) retrieved from /home/airflow/.local/lib/python3.7/site-packages/airflow/example_dags/example_sla_dag.py
[2022-09-10T17:17:06.350+0000] {logging_mixin.py:115} INFO - [2022-09-10T17:17:06.350+0000] {dag.py:2429} INFO - Sync 1 DAGs
[2022-09-10T17:17:06.368+0000] {logging_mixin.py:115} INFO - [2022-09-10T17:17:06.368+0000] {dag.py:2981} INFO - Setting next_dagrun for example_sla_dag to 2022-09-10T17:14:00+00:00, run_after=2022-09-10T17:16:00+00:00
[2022-09-10T17:17:06.375+0000] {processor.py:161} INFO - Processing /home/airflow/.local/lib/python3.7/site-packages/airflow/example_dags/example_sla_dag.py took 0.083 seconds
[2022-09-10T17:17:36.491+0000] {processor.py:153} INFO - Started process (PID=244) to work on /home/airflow/.local/lib/python3.7/site-packages/airflow/example_dags/example_sla_dag.py
[2022-09-10T17:17:36.494+0000] {processor.py:640} INFO - Processing file /home/airflow/.local/lib/python3.7/site-packages/airflow/example_dags/example_sla_dag.py for tasks to queue
[2022-09-10T17:17:36.495+0000] {logging_mixin.py:115} INFO - [2022-09-10T17:17:36.495+0000] {dagbag.py:508} INFO - Filling up the DagBag from /home/airflow/.local/lib/python3.7/site-packages/airflow/example_dags/example_sla_dag.py
[2022-09-10T17:17:36.506+0000] {processor.py:650} INFO - DAG(s) dict_keys(['example_sla_dag']) retrieved from /home/airflow/.local/lib/python3.7/site-packages/airflow/example_dags/example_sla_dag.py
[2022-09-10T17:17:36.524+0000] {logging_mixin.py:115} INFO - [2022-09-10T17:17:36.524+0000] {dag.py:2429} INFO - Sync 1 DAGs
[2022-09-10T17:17:36.541+0000] {logging_mixin.py:115} INFO - [2022-09-10T17:17:36.541+0000] {dag.py:2981} INFO - Setting next_dagrun for example_sla_dag to 2022-09-10T17:14:00+00:00, run_after=2022-09-10T17:16:00+00:00
[2022-09-10T17:17:36.551+0000] {processor.py:161} INFO - Processing /home/airflow/.local/lib/python3.7/site-packages/airflow/example_dags/example_sla_dag.py took 0.062 seconds
[2022-09-10T17:18:06.734+0000] {processor.py:153} INFO - Started process (PID=307) to work on /home/airflow/.local/lib/python3.7/site-packages/airflow/example_dags/example_sla_dag.py
[2022-09-10T17:18:06.735+0000] {processor.py:640} INFO - Processing file /home/airflow/.local/lib/python3.7/site-packages/airflow/example_dags/example_sla_dag.py for tasks to queue
[2022-09-10T17:18:06.736+0000] {logging_mixin.py:115} INFO - [2022-09-10T17:18:06.736+0000] {dagbag.py:508} INFO - Filling up the DagBag from /home/airflow/.local/lib/python3.7/site-packages/airflow/example_dags/example_sla_dag.py
[2022-09-10T17:18:06.746+0000] {processor.py:650} INFO - DAG(s) dict_keys(['example_sla_dag']) retrieved from /home/airflow/.local/lib/python3.7/site-packages/airflow/example_dags/example_sla_dag.py
[2022-09-10T17:18:06.761+0000] {logging_mixin.py:115} INFO - [2022-09-10T17:18:06.761+0000] {dag.py:2429} INFO - Sync 1 DAGs
[2022-09-10T17:18:06.774+0000] {logging_mixin.py:115} INFO - [2022-09-10T17:18:06.774+0000] {dag.py:2981} INFO - Setting next_dagrun for example_sla_dag to 2022-09-10T17:16:00+00:00, run_after=2022-09-10T17:18:00+00:00
[2022-09-10T17:18:06.781+0000] {processor.py:161} INFO - Processing /home/airflow/.local/lib/python3.7/site-packages/airflow/example_dags/example_sla_dag.py took 0.049 seconds
[2022-09-10T17:18:37.698+0000] {processor.py:153} INFO - Started process (PID=370) to work on /home/airflow/.local/lib/python3.7/site-packages/airflow/example_dags/example_sla_dag.py
[2022-09-10T17:18:37.700+0000] {processor.py:640} INFO - Processing file /home/airflow/.local/lib/python3.7/site-packages/airflow/example_dags/example_sla_dag.py for tasks to queue
[2022-09-10T17:18:37.701+0000] {logging_mixin.py:115} INFO - [2022-09-10T17:18:37.701+0000] {dagbag.py:508} INFO - Filling up the DagBag from /home/airflow/.local/lib/python3.7/site-packages/airflow/example_dags/example_sla_dag.py
[2022-09-10T17:18:37.711+0000] {processor.py:650} INFO - DAG(s) dict_keys(['example_sla_dag']) retrieved from /home/airflow/.local/lib/python3.7/site-packages/airflow/example_dags/example_sla_dag.py
[2022-09-10T17:18:37.738+0000] {logging_mixin.py:115} INFO - [2022-09-10T17:18:37.738+0000] {dag.py:2429} INFO - Sync 1 DAGs
[2022-09-10T17:18:37.760+0000] {logging_mixin.py:115} INFO - [2022-09-10T17:18:37.760+0000] {dag.py:2981} INFO - Setting next_dagrun for example_sla_dag to 2022-09-10T17:16:00+00:00, run_after=2022-09-10T17:18:00+00:00
[2022-09-10T17:18:37.773+0000] {processor.py:161} INFO - Processing /home/airflow/.local/lib/python3.7/site-packages/airflow/example_dags/example_sla_dag.py took 0.077 seconds
[2022-09-10T17:19:07.937+0000] {processor.py:153} INFO - Started process (PID=433) to work on /home/airflow/.local/lib/python3.7/site-packages/airflow/example_dags/example_sla_dag.py
[2022-09-10T17:19:07.939+0000] {processor.py:640} INFO - Processing file /home/airflow/.local/lib/python3.7/site-packages/airflow/example_dags/example_sla_dag.py for tasks to queue
[2022-09-10T17:19:07.944+0000] {logging_mixin.py:115} INFO - [2022-09-10T17:19:07.944+0000] {dagbag.py:508} INFO - Filling up the DagBag from /home/airflow/.local/lib/python3.7/site-packages/airflow/example_dags/example_sla_dag.py
[2022-09-10T17:19:07.954+0000] {processor.py:650} INFO - DAG(s) dict_keys(['example_sla_dag']) retrieved from /home/airflow/.local/lib/python3.7/site-packages/airflow/example_dags/example_sla_dag.py
[2022-09-10T17:19:07.976+0000] {logging_mixin.py:115} INFO - [2022-09-10T17:19:07.975+0000] {dag.py:2429} INFO - Sync 1 DAGs
[2022-09-10T17:19:07.994+0000] {logging_mixin.py:115} INFO - [2022-09-10T17:19:07.994+0000] {dag.py:2981} INFO - Setting next_dagrun for example_sla_dag to 2022-09-10T17:16:00+00:00, run_after=2022-09-10T17:18:00+00:00
[2022-09-10T17:19:08.005+0000] {processor.py:161} INFO - Processing /home/airflow/.local/lib/python3.7/site-packages/airflow/example_dags/example_sla_dag.py took 0.070 seconds
[2022-09-10T17:19:38.207+0000] {processor.py:153} INFO - Started process (PID=495) to work on /home/airflow/.local/lib/python3.7/site-packages/airflow/example_dags/example_sla_dag.py
[2022-09-10T17:19:38.208+0000] {processor.py:640} INFO - Processing file /home/airflow/.local/lib/python3.7/site-packages/airflow/example_dags/example_sla_dag.py for tasks to queue
[2022-09-10T17:19:38.210+0000] {logging_mixin.py:115} INFO - [2022-09-10T17:19:38.210+0000] {dagbag.py:508} INFO - Filling up the DagBag from /home/airflow/.local/lib/python3.7/site-packages/airflow/example_dags/example_sla_dag.py
[2022-09-10T17:19:38.223+0000] {processor.py:650} INFO - DAG(s) dict_keys(['example_sla_dag']) retrieved from /home/airflow/.local/lib/python3.7/site-packages/airflow/example_dags/example_sla_dag.py
[2022-09-10T17:19:38.241+0000] {logging_mixin.py:115} INFO - [2022-09-10T17:19:38.241+0000] {dag.py:2429} INFO - Sync 1 DAGs
[2022-09-10T17:19:38.258+0000] {logging_mixin.py:115} INFO - [2022-09-10T17:19:38.258+0000] {dag.py:2981} INFO - Setting next_dagrun for example_sla_dag to 2022-09-10T17:16:00+00:00, run_after=2022-09-10T17:18:00+00:00
[2022-09-10T17:19:38.268+0000] {processor.py:161} INFO - Processing /home/airflow/.local/lib/python3.7/site-packages/airflow/example_dags/example_sla_dag.py took 0.065 seconds
[2022-09-10T17:20:08.518+0000] {processor.py:153} INFO - Started process (PID=550) to work on /home/airflow/.local/lib/python3.7/site-packages/airflow/example_dags/example_sla_dag.py
[2022-09-10T17:20:08.519+0000] {processor.py:640} INFO - Processing file /home/airflow/.local/lib/python3.7/site-packages/airflow/example_dags/example_sla_dag.py for tasks to queue
[2022-09-10T17:20:08.520+0000] {logging_mixin.py:115} INFO - [2022-09-10T17:20:08.520+0000] {dagbag.py:508} INFO - Filling up the DagBag from /home/airflow/.local/lib/python3.7/site-packages/airflow/example_dags/example_sla_dag.py
[2022-09-10T17:20:08.532+0000] {processor.py:650} INFO - DAG(s) dict_keys(['example_sla_dag']) retrieved from /home/airflow/.local/lib/python3.7/site-packages/airflow/example_dags/example_sla_dag.py
[2022-09-10T17:20:08.550+0000] {logging_mixin.py:115} INFO - [2022-09-10T17:20:08.550+0000] {dag.py:2429} INFO - Sync 1 DAGs
[2022-09-10T17:20:08.567+0000] {logging_mixin.py:115} INFO - [2022-09-10T17:20:08.567+0000] {dag.py:2981} INFO - Setting next_dagrun for example_sla_dag to 2022-09-10T17:18:00+00:00, run_after=2022-09-10T17:20:00+00:00
[2022-09-10T17:20:08.579+0000] {processor.py:161} INFO - Processing /home/airflow/.local/lib/python3.7/site-packages/airflow/example_dags/example_sla_dag.py took 0.063 seconds
[2022-09-10T17:20:39.557+0000] {processor.py:153} INFO - Started process (PID=613) to work on /home/airflow/.local/lib/python3.7/site-packages/airflow/example_dags/example_sla_dag.py
[2022-09-10T17:20:39.558+0000] {processor.py:640} INFO - Processing file /home/airflow/.local/lib/python3.7/site-packages/airflow/example_dags/example_sla_dag.py for tasks to queue
[2022-09-10T17:20:39.559+0000] {logging_mixin.py:115} INFO - [2022-09-10T17:20:39.559+0000] {dagbag.py:508} INFO - Filling up the DagBag from /home/airflow/.local/lib/python3.7/site-packages/airflow/example_dags/example_sla_dag.py
[2022-09-10T17:20:39.571+0000] {processor.py:650} INFO - DAG(s) dict_keys(['example_sla_dag']) retrieved from /home/airflow/.local/lib/python3.7/site-packages/airflow/example_dags/example_sla_dag.py
[2022-09-10T17:20:39.589+0000] {logging_mixin.py:115} INFO - [2022-09-10T17:20:39.588+0000] {dag.py:2429} INFO - Sync 1 DAGs
[2022-09-10T17:20:39.603+0000] {logging_mixin.py:115} INFO - [2022-09-10T17:20:39.603+0000] {dag.py:2981} INFO - Setting next_dagrun for example_sla_dag to 2022-09-10T17:18:00+00:00, run_after=2022-09-10T17:20:00+00:00
[2022-09-10T17:20:39.611+0000] {processor.py:161} INFO - Processing /home/airflow/.local/lib/python3.7/site-packages/airflow/example_dags/example_sla_dag.py took 0.056 seconds
[2022-09-10T17:21:09.754+0000] {processor.py:153} INFO - Started process (PID=676) to work on /home/airflow/.local/lib/python3.7/site-packages/airflow/example_dags/example_sla_dag.py
[2022-09-10T17:21:09.757+0000] {processor.py:640} INFO - Processing file /home/airflow/.local/lib/python3.7/site-packages/airflow/example_dags/example_sla_dag.py for tasks to queue
[2022-09-10T17:21:09.758+0000] {logging_mixin.py:115} INFO - [2022-09-10T17:21:09.758+0000] {dagbag.py:508} INFO - Filling up the DagBag from /home/airflow/.local/lib/python3.7/site-packages/airflow/example_dags/example_sla_dag.py
[2022-09-10T17:21:09.775+0000] {processor.py:650} INFO - DAG(s) dict_keys(['example_sla_dag']) retrieved from /home/airflow/.local/lib/python3.7/site-packages/airflow/example_dags/example_sla_dag.py
[2022-09-10T17:21:09.794+0000] {logging_mixin.py:115} INFO - [2022-09-10T17:21:09.794+0000] {dag.py:2429} INFO - Sync 1 DAGs
[2022-09-10T17:21:09.810+0000] {logging_mixin.py:115} INFO - [2022-09-10T17:21:09.810+0000] {dag.py:2981} INFO - Setting next_dagrun for example_sla_dag to 2022-09-10T17:18:00+00:00, run_after=2022-09-10T17:20:00+00:00
[2022-09-10T17:21:09.816+0000] {processor.py:161} INFO - Processing /home/airflow/.local/lib/python3.7/site-packages/airflow/example_dags/example_sla_dag.py took 0.064 seconds
[2022-09-10T17:21:41.468+0000] {processor.py:153} INFO - Started process (PID=739) to work on /home/airflow/.local/lib/python3.7/site-packages/airflow/example_dags/example_sla_dag.py
[2022-09-10T17:21:41.473+0000] {processor.py:640} INFO - Processing file /home/airflow/.local/lib/python3.7/site-packages/airflow/example_dags/example_sla_dag.py for tasks to queue
[2022-09-10T17:21:41.475+0000] {logging_mixin.py:115} INFO - [2022-09-10T17:21:41.475+0000] {dagbag.py:508} INFO - Filling up the DagBag from /home/airflow/.local/lib/python3.7/site-packages/airflow/example_dags/example_sla_dag.py
[2022-09-10T17:21:41.505+0000] {processor.py:650} INFO - DAG(s) dict_keys(['example_sla_dag']) retrieved from /home/airflow/.local/lib/python3.7/site-packages/airflow/example_dags/example_sla_dag.py
[2022-09-10T17:21:41.546+0000] {logging_mixin.py:115} INFO - [2022-09-10T17:21:41.546+0000] {dag.py:2429} INFO - Sync 1 DAGs
[2022-09-10T17:21:41.566+0000] {logging_mixin.py:115} INFO - [2022-09-10T17:21:41.566+0000] {dag.py:2981} INFO - Setting next_dagrun for example_sla_dag to 2022-09-10T17:18:00+00:00, run_after=2022-09-10T17:20:00+00:00
[2022-09-10T17:21:41.575+0000] {processor.py:161} INFO - Processing /home/airflow/.local/lib/python3.7/site-packages/airflow/example_dags/example_sla_dag.py took 0.111 seconds
[2022-09-10T17:22:11.632+0000] {processor.py:153} INFO - Started process (PID=802) to work on /home/airflow/.local/lib/python3.7/site-packages/airflow/example_dags/example_sla_dag.py
[2022-09-10T17:22:11.634+0000] {processor.py:640} INFO - Processing file /home/airflow/.local/lib/python3.7/site-packages/airflow/example_dags/example_sla_dag.py for tasks to queue
[2022-09-10T17:22:11.636+0000] {logging_mixin.py:115} INFO - [2022-09-10T17:22:11.636+0000] {dagbag.py:508} INFO - Filling up the DagBag from /home/airflow/.local/lib/python3.7/site-packages/airflow/example_dags/example_sla_dag.py
[2022-09-10T17:22:11.651+0000] {processor.py:650} INFO - DAG(s) dict_keys(['example_sla_dag']) retrieved from /home/airflow/.local/lib/python3.7/site-packages/airflow/example_dags/example_sla_dag.py
[2022-09-10T17:22:11.671+0000] {logging_mixin.py:115} INFO - [2022-09-10T17:22:11.671+0000] {dag.py:2429} INFO - Sync 1 DAGs
[2022-09-10T17:22:11.690+0000] {logging_mixin.py:115} INFO - [2022-09-10T17:22:11.690+0000] {dag.py:2981} INFO - Setting next_dagrun for example_sla_dag to 2022-09-10T17:20:00+00:00, run_after=2022-09-10T17:22:00+00:00
[2022-09-10T17:22:11.699+0000] {processor.py:161} INFO - Processing /home/airflow/.local/lib/python3.7/site-packages/airflow/example_dags/example_sla_dag.py took 0.069 seconds
[2022-09-10T17:22:42.317+0000] {processor.py:153} INFO - Started process (PID=867) to work on /home/airflow/.local/lib/python3.7/site-packages/airflow/example_dags/example_sla_dag.py
[2022-09-10T17:22:42.319+0000] {processor.py:640} INFO - Processing file /home/airflow/.local/lib/python3.7/site-packages/airflow/example_dags/example_sla_dag.py for tasks to queue
[2022-09-10T17:22:42.320+0000] {logging_mixin.py:115} INFO - [2022-09-10T17:22:42.320+0000] {dagbag.py:508} INFO - Filling up the DagBag from /home/airflow/.local/lib/python3.7/site-packages/airflow/example_dags/example_sla_dag.py
[2022-09-10T17:22:42.333+0000] {processor.py:650} INFO - DAG(s) dict_keys(['example_sla_dag']) retrieved from /home/airflow/.local/lib/python3.7/site-packages/airflow/example_dags/example_sla_dag.py
[2022-09-10T17:22:42.354+0000] {logging_mixin.py:115} INFO - [2022-09-10T17:22:42.354+0000] {dag.py:2429} INFO - Sync 1 DAGs
[2022-09-10T17:22:42.369+0000] {logging_mixin.py:115} INFO - [2022-09-10T17:22:42.369+0000] {dag.py:2981} INFO - Setting next_dagrun for example_sla_dag to 2022-09-10T17:20:00+00:00, run_after=2022-09-10T17:22:00+00:00
[2022-09-10T17:22:42.376+0000] {processor.py:161} INFO - Processing /home/airflow/.local/lib/python3.7/site-packages/airflow/example_dags/example_sla_dag.py took 0.062 seconds
[2022-09-10T17:23:13.275+0000] {processor.py:153} INFO - Started process (PID=921) to work on /home/airflow/.local/lib/python3.7/site-packages/airflow/example_dags/example_sla_dag.py
[2022-09-10T17:23:13.277+0000] {processor.py:640} INFO - Processing file /home/airflow/.local/lib/python3.7/site-packages/airflow/example_dags/example_sla_dag.py for tasks to queue
[2022-09-10T17:23:13.278+0000] {logging_mixin.py:115} INFO - [2022-09-10T17:23:13.278+0000] {dagbag.py:508} INFO - Filling up the DagBag from /home/airflow/.local/lib/python3.7/site-packages/airflow/example_dags/example_sla_dag.py
[2022-09-10T17:23:13.292+0000] {processor.py:650} INFO - DAG(s) dict_keys(['example_sla_dag']) retrieved from /home/airflow/.local/lib/python3.7/site-packages/airflow/example_dags/example_sla_dag.py
[2022-09-10T17:23:13.312+0000] {logging_mixin.py:115} INFO - [2022-09-10T17:23:13.312+0000] {dag.py:2429} INFO - Sync 1 DAGs
[2022-09-10T17:23:13.342+0000] {logging_mixin.py:115} INFO - [2022-09-10T17:23:13.341+0000] {dag.py:2981} INFO - Setting next_dagrun for example_sla_dag to 2022-09-10T17:20:00+00:00, run_after=2022-09-10T17:22:00+00:00
[2022-09-10T17:23:13.351+0000] {processor.py:161} INFO - Processing /home/airflow/.local/lib/python3.7/site-packages/airflow/example_dags/example_sla_dag.py took 0.078 seconds
[2022-09-10T17:23:44.234+0000] {processor.py:153} INFO - Started process (PID=984) to work on /home/airflow/.local/lib/python3.7/site-packages/airflow/example_dags/example_sla_dag.py
[2022-09-10T17:23:44.236+0000] {processor.py:640} INFO - Processing file /home/airflow/.local/lib/python3.7/site-packages/airflow/example_dags/example_sla_dag.py for tasks to queue
[2022-09-10T17:23:44.237+0000] {logging_mixin.py:115} INFO - [2022-09-10T17:23:44.237+0000] {dagbag.py:508} INFO - Filling up the DagBag from /home/airflow/.local/lib/python3.7/site-packages/airflow/example_dags/example_sla_dag.py
[2022-09-10T17:23:44.247+0000] {processor.py:650} INFO - DAG(s) dict_keys(['example_sla_dag']) retrieved from /home/airflow/.local/lib/python3.7/site-packages/airflow/example_dags/example_sla_dag.py
[2022-09-10T17:23:44.263+0000] {logging_mixin.py:115} INFO - [2022-09-10T17:23:44.263+0000] {dag.py:2429} INFO - Sync 1 DAGs
[2022-09-10T17:23:44.276+0000] {logging_mixin.py:115} INFO - [2022-09-10T17:23:44.276+0000] {dag.py:2981} INFO - Setting next_dagrun for example_sla_dag to 2022-09-10T17:20:00+00:00, run_after=2022-09-10T17:22:00+00:00
[2022-09-10T17:23:44.283+0000] {processor.py:161} INFO - Processing /home/airflow/.local/lib/python3.7/site-packages/airflow/example_dags/example_sla_dag.py took 0.051 seconds
[2022-09-10T17:24:15.309+0000] {processor.py:153} INFO - Started process (PID=1047) to work on /home/airflow/.local/lib/python3.7/site-packages/airflow/example_dags/example_sla_dag.py
[2022-09-10T17:24:15.311+0000] {processor.py:640} INFO - Processing file /home/airflow/.local/lib/python3.7/site-packages/airflow/example_dags/example_sla_dag.py for tasks to queue
[2022-09-10T17:24:15.313+0000] {logging_mixin.py:115} INFO - [2022-09-10T17:24:15.313+0000] {dagbag.py:508} INFO - Filling up the DagBag from /home/airflow/.local/lib/python3.7/site-packages/airflow/example_dags/example_sla_dag.py
[2022-09-10T17:24:15.326+0000] {processor.py:650} INFO - DAG(s) dict_keys(['example_sla_dag']) retrieved from /home/airflow/.local/lib/python3.7/site-packages/airflow/example_dags/example_sla_dag.py
[2022-09-10T17:24:15.344+0000] {logging_mixin.py:115} INFO - [2022-09-10T17:24:15.344+0000] {dag.py:2429} INFO - Sync 1 DAGs
[2022-09-10T17:24:15.359+0000] {logging_mixin.py:115} INFO - [2022-09-10T17:24:15.359+0000] {dag.py:2981} INFO - Setting next_dagrun for example_sla_dag to 2022-09-10T17:22:00+00:00, run_after=2022-09-10T17:24:00+00:00
[2022-09-10T17:24:15.367+0000] {processor.py:161} INFO - Processing /home/airflow/.local/lib/python3.7/site-packages/airflow/example_dags/example_sla_dag.py took 0.061 seconds
[2022-09-10T17:24:46.139+0000] {processor.py:153} INFO - Started process (PID=1110) to work on /home/airflow/.local/lib/python3.7/site-packages/airflow/example_dags/example_sla_dag.py
[2022-09-10T17:24:46.140+0000] {processor.py:640} INFO - Processing file /home/airflow/.local/lib/python3.7/site-packages/airflow/example_dags/example_sla_dag.py for tasks to queue
[2022-09-10T17:24:46.142+0000] {logging_mixin.py:115} INFO - [2022-09-10T17:24:46.142+0000] {dagbag.py:508} INFO - Filling up the DagBag from /home/airflow/.local/lib/python3.7/site-packages/airflow/example_dags/example_sla_dag.py
[2022-09-10T17:24:46.152+0000] {processor.py:650} INFO - DAG(s) dict_keys(['example_sla_dag']) retrieved from /home/airflow/.local/lib/python3.7/site-packages/airflow/example_dags/example_sla_dag.py
[2022-09-10T17:24:46.169+0000] {logging_mixin.py:115} INFO - [2022-09-10T17:24:46.169+0000] {dag.py:2429} INFO - Sync 1 DAGs
[2022-09-10T17:24:46.184+0000] {logging_mixin.py:115} INFO - [2022-09-10T17:24:46.184+0000] {dag.py:2981} INFO - Setting next_dagrun for example_sla_dag to 2022-09-10T17:22:00+00:00, run_after=2022-09-10T17:24:00+00:00
[2022-09-10T17:24:46.191+0000] {processor.py:161} INFO - Processing /home/airflow/.local/lib/python3.7/site-packages/airflow/example_dags/example_sla_dag.py took 0.054 seconds
[2022-09-10T17:25:16.950+0000] {processor.py:153} INFO - Started process (PID=1172) to work on /home/airflow/.local/lib/python3.7/site-packages/airflow/example_dags/example_sla_dag.py
[2022-09-10T17:25:16.952+0000] {processor.py:640} INFO - Processing file /home/airflow/.local/lib/python3.7/site-packages/airflow/example_dags/example_sla_dag.py for tasks to queue
[2022-09-10T17:25:16.953+0000] {logging_mixin.py:115} INFO - [2022-09-10T17:25:16.953+0000] {dagbag.py:508} INFO - Filling up the DagBag from /home/airflow/.local/lib/python3.7/site-packages/airflow/example_dags/example_sla_dag.py
[2022-09-10T17:25:16.965+0000] {processor.py:650} INFO - DAG(s) dict_keys(['example_sla_dag']) retrieved from /home/airflow/.local/lib/python3.7/site-packages/airflow/example_dags/example_sla_dag.py
[2022-09-10T17:25:16.981+0000] {logging_mixin.py:115} INFO - [2022-09-10T17:25:16.981+0000] {dag.py:2429} INFO - Sync 1 DAGs
[2022-09-10T17:25:16.996+0000] {logging_mixin.py:115} INFO - [2022-09-10T17:25:16.996+0000] {dag.py:2981} INFO - Setting next_dagrun for example_sla_dag to 2022-09-10T17:22:00+00:00, run_after=2022-09-10T17:24:00+00:00
[2022-09-10T17:25:17.003+0000] {processor.py:161} INFO - Processing /home/airflow/.local/lib/python3.7/site-packages/airflow/example_dags/example_sla_dag.py took 0.056 seconds
[2022-09-10T17:25:47.885+0000] {processor.py:153} INFO - Started process (PID=1236) to work on /home/airflow/.local/lib/python3.7/site-packages/airflow/example_dags/example_sla_dag.py
[2022-09-10T17:25:47.886+0000] {processor.py:640} INFO - Processing file /home/airflow/.local/lib/python3.7/site-packages/airflow/example_dags/example_sla_dag.py for tasks to queue
[2022-09-10T17:25:47.887+0000] {logging_mixin.py:115} INFO - [2022-09-10T17:25:47.887+0000] {dagbag.py:508} INFO - Filling up the DagBag from /home/airflow/.local/lib/python3.7/site-packages/airflow/example_dags/example_sla_dag.py
[2022-09-10T17:25:47.898+0000] {processor.py:650} INFO - DAG(s) dict_keys(['example_sla_dag']) retrieved from /home/airflow/.local/lib/python3.7/site-packages/airflow/example_dags/example_sla_dag.py
[2022-09-10T17:25:47.928+0000] {logging_mixin.py:115} INFO - [2022-09-10T17:25:47.928+0000] {dag.py:2429} INFO - Sync 1 DAGs
[2022-09-10T17:25:47.968+0000] {logging_mixin.py:115} INFO - [2022-09-10T17:25:47.967+0000] {dag.py:2981} INFO - Setting next_dagrun for example_sla_dag to 2022-09-10T17:22:00+00:00, run_after=2022-09-10T17:24:00+00:00
[2022-09-10T17:25:47.987+0000] {processor.py:161} INFO - Processing /home/airflow/.local/lib/python3.7/site-packages/airflow/example_dags/example_sla_dag.py took 0.104 seconds
[2022-09-10T17:26:18.087+0000] {processor.py:153} INFO - Started process (PID=1290) to work on /home/airflow/.local/lib/python3.7/site-packages/airflow/example_dags/example_sla_dag.py
[2022-09-10T17:26:18.089+0000] {processor.py:640} INFO - Processing file /home/airflow/.local/lib/python3.7/site-packages/airflow/example_dags/example_sla_dag.py for tasks to queue
[2022-09-10T17:26:18.090+0000] {logging_mixin.py:115} INFO - [2022-09-10T17:26:18.090+0000] {dagbag.py:508} INFO - Filling up the DagBag from /home/airflow/.local/lib/python3.7/site-packages/airflow/example_dags/example_sla_dag.py
[2022-09-10T17:26:18.100+0000] {processor.py:650} INFO - DAG(s) dict_keys(['example_sla_dag']) retrieved from /home/airflow/.local/lib/python3.7/site-packages/airflow/example_dags/example_sla_dag.py
[2022-09-10T17:26:18.118+0000] {logging_mixin.py:115} INFO - [2022-09-10T17:26:18.118+0000] {dag.py:2429} INFO - Sync 1 DAGs
[2022-09-10T17:26:18.132+0000] {logging_mixin.py:115} INFO - [2022-09-10T17:26:18.131+0000] {dag.py:2981} INFO - Setting next_dagrun for example_sla_dag to 2022-09-10T17:24:00+00:00, run_after=2022-09-10T17:26:00+00:00
[2022-09-10T17:26:18.139+0000] {processor.py:161} INFO - Processing /home/airflow/.local/lib/python3.7/site-packages/airflow/example_dags/example_sla_dag.py took 0.055 seconds
[2022-09-10T17:26:49.188+0000] {processor.py:153} INFO - Started process (PID=1353) to work on /home/airflow/.local/lib/python3.7/site-packages/airflow/example_dags/example_sla_dag.py
[2022-09-10T17:26:49.190+0000] {processor.py:640} INFO - Processing file /home/airflow/.local/lib/python3.7/site-packages/airflow/example_dags/example_sla_dag.py for tasks to queue
[2022-09-10T17:26:49.191+0000] {logging_mixin.py:115} INFO - [2022-09-10T17:26:49.191+0000] {dagbag.py:508} INFO - Filling up the DagBag from /home/airflow/.local/lib/python3.7/site-packages/airflow/example_dags/example_sla_dag.py
[2022-09-10T17:26:49.203+0000] {processor.py:650} INFO - DAG(s) dict_keys(['example_sla_dag']) retrieved from /home/airflow/.local/lib/python3.7/site-packages/airflow/example_dags/example_sla_dag.py
[2022-09-10T17:26:49.221+0000] {logging_mixin.py:115} INFO - [2022-09-10T17:26:49.220+0000] {dag.py:2429} INFO - Sync 1 DAGs
[2022-09-10T17:26:49.238+0000] {logging_mixin.py:115} INFO - [2022-09-10T17:26:49.238+0000] {dag.py:2981} INFO - Setting next_dagrun for example_sla_dag to 2022-09-10T17:24:00+00:00, run_after=2022-09-10T17:26:00+00:00
[2022-09-10T17:26:49.246+0000] {processor.py:161} INFO - Processing /home/airflow/.local/lib/python3.7/site-packages/airflow/example_dags/example_sla_dag.py took 0.060 seconds
[2022-09-10T17:27:20.529+0000] {processor.py:153} INFO - Started process (PID=1417) to work on /home/airflow/.local/lib/python3.7/site-packages/airflow/example_dags/example_sla_dag.py
[2022-09-10T17:27:20.530+0000] {processor.py:640} INFO - Processing file /home/airflow/.local/lib/python3.7/site-packages/airflow/example_dags/example_sla_dag.py for tasks to queue
[2022-09-10T17:27:20.531+0000] {logging_mixin.py:115} INFO - [2022-09-10T17:27:20.531+0000] {dagbag.py:508} INFO - Filling up the DagBag from /home/airflow/.local/lib/python3.7/site-packages/airflow/example_dags/example_sla_dag.py
[2022-09-10T17:27:20.541+0000] {processor.py:650} INFO - DAG(s) dict_keys(['example_sla_dag']) retrieved from /home/airflow/.local/lib/python3.7/site-packages/airflow/example_dags/example_sla_dag.py
[2022-09-10T17:27:20.557+0000] {logging_mixin.py:115} INFO - [2022-09-10T17:27:20.557+0000] {dag.py:2429} INFO - Sync 1 DAGs
[2022-09-10T17:27:20.570+0000] {logging_mixin.py:115} INFO - [2022-09-10T17:27:20.570+0000] {dag.py:2981} INFO - Setting next_dagrun for example_sla_dag to 2022-09-10T17:24:00+00:00, run_after=2022-09-10T17:26:00+00:00
[2022-09-10T17:27:20.576+0000] {processor.py:161} INFO - Processing /home/airflow/.local/lib/python3.7/site-packages/airflow/example_dags/example_sla_dag.py took 0.049 seconds
[2022-09-10T17:27:51.665+0000] {processor.py:153} INFO - Started process (PID=1482) to work on /home/airflow/.local/lib/python3.7/site-packages/airflow/example_dags/example_sla_dag.py
[2022-09-10T17:27:51.666+0000] {processor.py:640} INFO - Processing file /home/airflow/.local/lib/python3.7/site-packages/airflow/example_dags/example_sla_dag.py for tasks to queue
[2022-09-10T17:27:51.667+0000] {logging_mixin.py:115} INFO - [2022-09-10T17:27:51.667+0000] {dagbag.py:508} INFO - Filling up the DagBag from /home/airflow/.local/lib/python3.7/site-packages/airflow/example_dags/example_sla_dag.py
[2022-09-10T17:27:51.679+0000] {processor.py:650} INFO - DAG(s) dict_keys(['example_sla_dag']) retrieved from /home/airflow/.local/lib/python3.7/site-packages/airflow/example_dags/example_sla_dag.py
[2022-09-10T17:27:51.696+0000] {logging_mixin.py:115} INFO - [2022-09-10T17:27:51.696+0000] {dag.py:2429} INFO - Sync 1 DAGs
[2022-09-10T17:27:51.711+0000] {logging_mixin.py:115} INFO - [2022-09-10T17:27:51.711+0000] {dag.py:2981} INFO - Setting next_dagrun for example_sla_dag to 2022-09-10T17:24:00+00:00, run_after=2022-09-10T17:26:00+00:00
[2022-09-10T17:27:51.718+0000] {processor.py:161} INFO - Processing /home/airflow/.local/lib/python3.7/site-packages/airflow/example_dags/example_sla_dag.py took 0.056 seconds
[2022-09-10T17:28:21.812+0000] {processor.py:153} INFO - Started process (PID=1545) to work on /home/airflow/.local/lib/python3.7/site-packages/airflow/example_dags/example_sla_dag.py
[2022-09-10T17:28:21.816+0000] {processor.py:640} INFO - Processing file /home/airflow/.local/lib/python3.7/site-packages/airflow/example_dags/example_sla_dag.py for tasks to queue
[2022-09-10T17:28:21.817+0000] {logging_mixin.py:115} INFO - [2022-09-10T17:28:21.817+0000] {dagbag.py:508} INFO - Filling up the DagBag from /home/airflow/.local/lib/python3.7/site-packages/airflow/example_dags/example_sla_dag.py
[2022-09-10T17:28:21.828+0000] {processor.py:650} INFO - DAG(s) dict_keys(['example_sla_dag']) retrieved from /home/airflow/.local/lib/python3.7/site-packages/airflow/example_dags/example_sla_dag.py
[2022-09-10T17:28:21.846+0000] {logging_mixin.py:115} INFO - [2022-09-10T17:28:21.846+0000] {dag.py:2429} INFO - Sync 1 DAGs
[2022-09-10T17:28:21.861+0000] {logging_mixin.py:115} INFO - [2022-09-10T17:28:21.861+0000] {dag.py:2981} INFO - Setting next_dagrun for example_sla_dag to 2022-09-10T17:26:00+00:00, run_after=2022-09-10T17:28:00+00:00
[2022-09-10T17:28:21.869+0000] {processor.py:161} INFO - Processing /home/airflow/.local/lib/python3.7/site-packages/airflow/example_dags/example_sla_dag.py took 0.059 seconds
[2022-09-10T17:28:52.395+0000] {processor.py:153} INFO - Started process (PID=1608) to work on /home/airflow/.local/lib/python3.7/site-packages/airflow/example_dags/example_sla_dag.py
[2022-09-10T17:28:52.396+0000] {processor.py:640} INFO - Processing file /home/airflow/.local/lib/python3.7/site-packages/airflow/example_dags/example_sla_dag.py for tasks to queue
[2022-09-10T17:28:52.397+0000] {logging_mixin.py:115} INFO - [2022-09-10T17:28:52.397+0000] {dagbag.py:508} INFO - Filling up the DagBag from /home/airflow/.local/lib/python3.7/site-packages/airflow/example_dags/example_sla_dag.py
[2022-09-10T17:28:52.408+0000] {processor.py:650} INFO - DAG(s) dict_keys(['example_sla_dag']) retrieved from /home/airflow/.local/lib/python3.7/site-packages/airflow/example_dags/example_sla_dag.py
[2022-09-10T17:28:52.426+0000] {logging_mixin.py:115} INFO - [2022-09-10T17:28:52.426+0000] {dag.py:2429} INFO - Sync 1 DAGs
[2022-09-10T17:28:52.442+0000] {logging_mixin.py:115} INFO - [2022-09-10T17:28:52.442+0000] {dag.py:2981} INFO - Setting next_dagrun for example_sla_dag to 2022-09-10T17:26:00+00:00, run_after=2022-09-10T17:28:00+00:00
[2022-09-10T17:28:52.451+0000] {processor.py:161} INFO - Processing /home/airflow/.local/lib/python3.7/site-packages/airflow/example_dags/example_sla_dag.py took 0.058 seconds
[2022-09-10T17:29:23.291+0000] {processor.py:153} INFO - Started process (PID=1662) to work on /home/airflow/.local/lib/python3.7/site-packages/airflow/example_dags/example_sla_dag.py
[2022-09-10T17:29:23.292+0000] {processor.py:640} INFO - Processing file /home/airflow/.local/lib/python3.7/site-packages/airflow/example_dags/example_sla_dag.py for tasks to queue
[2022-09-10T17:29:23.293+0000] {logging_mixin.py:115} INFO - [2022-09-10T17:29:23.293+0000] {dagbag.py:508} INFO - Filling up the DagBag from /home/airflow/.local/lib/python3.7/site-packages/airflow/example_dags/example_sla_dag.py
[2022-09-10T17:29:23.304+0000] {processor.py:650} INFO - DAG(s) dict_keys(['example_sla_dag']) retrieved from /home/airflow/.local/lib/python3.7/site-packages/airflow/example_dags/example_sla_dag.py
[2022-09-10T17:29:23.322+0000] {logging_mixin.py:115} INFO - [2022-09-10T17:29:23.322+0000] {dag.py:2429} INFO - Sync 1 DAGs
[2022-09-10T17:29:23.337+0000] {logging_mixin.py:115} INFO - [2022-09-10T17:29:23.337+0000] {dag.py:2981} INFO - Setting next_dagrun for example_sla_dag to 2022-09-10T17:26:00+00:00, run_after=2022-09-10T17:28:00+00:00
[2022-09-10T17:29:23.345+0000] {processor.py:161} INFO - Processing /home/airflow/.local/lib/python3.7/site-packages/airflow/example_dags/example_sla_dag.py took 0.056 seconds
[2022-09-10T17:29:53.494+0000] {processor.py:153} INFO - Started process (PID=1724) to work on /home/airflow/.local/lib/python3.7/site-packages/airflow/example_dags/example_sla_dag.py
[2022-09-10T17:29:53.496+0000] {processor.py:640} INFO - Processing file /home/airflow/.local/lib/python3.7/site-packages/airflow/example_dags/example_sla_dag.py for tasks to queue
[2022-09-10T17:29:53.497+0000] {logging_mixin.py:115} INFO - [2022-09-10T17:29:53.497+0000] {dagbag.py:508} INFO - Filling up the DagBag from /home/airflow/.local/lib/python3.7/site-packages/airflow/example_dags/example_sla_dag.py
[2022-09-10T17:29:53.508+0000] {processor.py:650} INFO - DAG(s) dict_keys(['example_sla_dag']) retrieved from /home/airflow/.local/lib/python3.7/site-packages/airflow/example_dags/example_sla_dag.py
[2022-09-10T17:29:53.529+0000] {logging_mixin.py:115} INFO - [2022-09-10T17:29:53.529+0000] {dag.py:2429} INFO - Sync 1 DAGs
[2022-09-10T17:29:53.543+0000] {logging_mixin.py:115} INFO - [2022-09-10T17:29:53.543+0000] {dag.py:2981} INFO - Setting next_dagrun for example_sla_dag to 2022-09-10T17:26:00+00:00, run_after=2022-09-10T17:28:00+00:00
[2022-09-10T17:29:53.550+0000] {processor.py:161} INFO - Processing /home/airflow/.local/lib/python3.7/site-packages/airflow/example_dags/example_sla_dag.py took 0.058 seconds
[2022-09-10T17:30:24.006+0000] {processor.py:153} INFO - Started process (PID=1787) to work on /home/airflow/.local/lib/python3.7/site-packages/airflow/example_dags/example_sla_dag.py
[2022-09-10T17:30:24.008+0000] {processor.py:640} INFO - Processing file /home/airflow/.local/lib/python3.7/site-packages/airflow/example_dags/example_sla_dag.py for tasks to queue
[2022-09-10T17:30:24.010+0000] {logging_mixin.py:115} INFO - [2022-09-10T17:30:24.010+0000] {dagbag.py:508} INFO - Filling up the DagBag from /home/airflow/.local/lib/python3.7/site-packages/airflow/example_dags/example_sla_dag.py
[2022-09-10T17:30:24.022+0000] {processor.py:650} INFO - DAG(s) dict_keys(['example_sla_dag']) retrieved from /home/airflow/.local/lib/python3.7/site-packages/airflow/example_dags/example_sla_dag.py
[2022-09-10T17:30:24.041+0000] {logging_mixin.py:115} INFO - [2022-09-10T17:30:24.041+0000] {dag.py:2429} INFO - Sync 1 DAGs
[2022-09-10T17:30:24.056+0000] {logging_mixin.py:115} INFO - [2022-09-10T17:30:24.056+0000] {dag.py:2981} INFO - Setting next_dagrun for example_sla_dag to 2022-09-10T17:28:00+00:00, run_after=2022-09-10T17:30:00+00:00
[2022-09-10T17:30:24.063+0000] {processor.py:161} INFO - Processing /home/airflow/.local/lib/python3.7/site-packages/airflow/example_dags/example_sla_dag.py took 0.060 seconds
