[2022-09-10T17:06:38.686+0000] {processor.py:153} INFO - Started process (PID=52) to work on /home/airflow/.local/lib/python3.7/site-packages/airflow/example_dags/example_xcom.py
[2022-09-10T17:06:38.688+0000] {processor.py:640} INFO - Processing file /home/airflow/.local/lib/python3.7/site-packages/airflow/example_dags/example_xcom.py for tasks to queue
[2022-09-10T17:06:38.693+0000] {logging_mixin.py:115} INFO - [2022-09-10T17:06:38.692+0000] {dagbag.py:508} INFO - Filling up the DagBag from /home/airflow/.local/lib/python3.7/site-packages/airflow/example_dags/example_xcom.py
[2022-09-10T17:06:38.717+0000] {processor.py:650} INFO - DAG(s) dict_keys(['example_xcom']) retrieved from /home/airflow/.local/lib/python3.7/site-packages/airflow/example_dags/example_xcom.py
[2022-09-10T17:06:38.812+0000] {logging_mixin.py:115} INFO - [2022-09-10T17:06:38.811+0000] {manager.py:508} INFO - Created Permission View: can edit on DAG:example_xcom
[2022-09-10T17:06:38.825+0000] {logging_mixin.py:115} INFO - [2022-09-10T17:06:38.825+0000] {manager.py:508} INFO - Created Permission View: can delete on DAG:example_xcom
[2022-09-10T17:06:38.832+0000] {logging_mixin.py:115} INFO - [2022-09-10T17:06:38.832+0000] {manager.py:508} INFO - Created Permission View: can read on DAG:example_xcom
[2022-09-10T17:06:38.834+0000] {logging_mixin.py:115} INFO - [2022-09-10T17:06:38.833+0000] {dag.py:2429} INFO - Sync 1 DAGs
[2022-09-10T17:06:38.856+0000] {logging_mixin.py:115} INFO - [2022-09-10T17:06:38.854+0000] {dag.py:2448} INFO - Creating ORM DAG for example_xcom
[2022-09-10T17:06:38.867+0000] {logging_mixin.py:115} INFO - [2022-09-10T17:06:38.867+0000] {dag.py:2981} INFO - Setting next_dagrun for example_xcom to 2021-01-01T00:00:00+00:00, run_after=2021-01-01T00:00:00+00:00
[2022-09-10T17:06:38.884+0000] {processor.py:161} INFO - Processing /home/airflow/.local/lib/python3.7/site-packages/airflow/example_dags/example_xcom.py took 0.208 seconds
[2022-09-10T17:07:09.778+0000] {processor.py:153} INFO - Started process (PID=116) to work on /home/airflow/.local/lib/python3.7/site-packages/airflow/example_dags/example_xcom.py
[2022-09-10T17:07:09.781+0000] {processor.py:640} INFO - Processing file /home/airflow/.local/lib/python3.7/site-packages/airflow/example_dags/example_xcom.py for tasks to queue
[2022-09-10T17:07:09.783+0000] {logging_mixin.py:115} INFO - [2022-09-10T17:07:09.783+0000] {dagbag.py:508} INFO - Filling up the DagBag from /home/airflow/.local/lib/python3.7/site-packages/airflow/example_dags/example_xcom.py
[2022-09-10T17:07:09.796+0000] {processor.py:650} INFO - DAG(s) dict_keys(['example_xcom']) retrieved from /home/airflow/.local/lib/python3.7/site-packages/airflow/example_dags/example_xcom.py
[2022-09-10T17:07:09.842+0000] {logging_mixin.py:115} INFO - [2022-09-10T17:07:09.842+0000] {dag.py:2429} INFO - Sync 1 DAGs
[2022-09-10T17:07:09.864+0000] {logging_mixin.py:115} INFO - [2022-09-10T17:07:09.864+0000] {dag.py:2981} INFO - Setting next_dagrun for example_xcom to 2021-01-01T00:00:00+00:00, run_after=2021-01-01T00:00:00+00:00
[2022-09-10T17:07:09.880+0000] {processor.py:161} INFO - Processing /home/airflow/.local/lib/python3.7/site-packages/airflow/example_dags/example_xcom.py took 0.106 seconds
[2022-09-10T17:07:40.822+0000] {processor.py:153} INFO - Started process (PID=170) to work on /home/airflow/.local/lib/python3.7/site-packages/airflow/example_dags/example_xcom.py
[2022-09-10T17:07:40.824+0000] {processor.py:640} INFO - Processing file /home/airflow/.local/lib/python3.7/site-packages/airflow/example_dags/example_xcom.py for tasks to queue
[2022-09-10T17:07:40.825+0000] {logging_mixin.py:115} INFO - [2022-09-10T17:07:40.825+0000] {dagbag.py:508} INFO - Filling up the DagBag from /home/airflow/.local/lib/python3.7/site-packages/airflow/example_dags/example_xcom.py
[2022-09-10T17:07:40.835+0000] {processor.py:650} INFO - DAG(s) dict_keys(['example_xcom']) retrieved from /home/airflow/.local/lib/python3.7/site-packages/airflow/example_dags/example_xcom.py
[2022-09-10T17:07:40.875+0000] {logging_mixin.py:115} INFO - [2022-09-10T17:07:40.875+0000] {dag.py:2429} INFO - Sync 1 DAGs
[2022-09-10T17:07:40.888+0000] {logging_mixin.py:115} INFO - [2022-09-10T17:07:40.888+0000] {dag.py:2981} INFO - Setting next_dagrun for example_xcom to 2021-01-01T00:00:00+00:00, run_after=2021-01-01T00:00:00+00:00
[2022-09-10T17:07:40.896+0000] {processor.py:161} INFO - Processing /home/airflow/.local/lib/python3.7/site-packages/airflow/example_dags/example_xcom.py took 0.076 seconds
[2022-09-10T17:08:11.676+0000] {processor.py:153} INFO - Started process (PID=233) to work on /home/airflow/.local/lib/python3.7/site-packages/airflow/example_dags/example_xcom.py
[2022-09-10T17:08:11.678+0000] {processor.py:640} INFO - Processing file /home/airflow/.local/lib/python3.7/site-packages/airflow/example_dags/example_xcom.py for tasks to queue
[2022-09-10T17:08:11.680+0000] {logging_mixin.py:115} INFO - [2022-09-10T17:08:11.680+0000] {dagbag.py:508} INFO - Filling up the DagBag from /home/airflow/.local/lib/python3.7/site-packages/airflow/example_dags/example_xcom.py
[2022-09-10T17:08:11.694+0000] {processor.py:650} INFO - DAG(s) dict_keys(['example_xcom']) retrieved from /home/airflow/.local/lib/python3.7/site-packages/airflow/example_dags/example_xcom.py
[2022-09-10T17:08:11.710+0000] {logging_mixin.py:115} INFO - [2022-09-10T17:08:11.710+0000] {dag.py:2429} INFO - Sync 1 DAGs
[2022-09-10T17:08:11.723+0000] {logging_mixin.py:115} INFO - [2022-09-10T17:08:11.723+0000] {dag.py:2981} INFO - Setting next_dagrun for example_xcom to 2021-01-01T00:00:00+00:00, run_after=2021-01-01T00:00:00+00:00
[2022-09-10T17:08:11.732+0000] {processor.py:161} INFO - Processing /home/airflow/.local/lib/python3.7/site-packages/airflow/example_dags/example_xcom.py took 0.058 seconds
[2022-09-10T17:08:42.601+0000] {processor.py:153} INFO - Started process (PID=295) to work on /home/airflow/.local/lib/python3.7/site-packages/airflow/example_dags/example_xcom.py
[2022-09-10T17:08:42.605+0000] {processor.py:640} INFO - Processing file /home/airflow/.local/lib/python3.7/site-packages/airflow/example_dags/example_xcom.py for tasks to queue
[2022-09-10T17:08:42.608+0000] {logging_mixin.py:115} INFO - [2022-09-10T17:08:42.607+0000] {dagbag.py:508} INFO - Filling up the DagBag from /home/airflow/.local/lib/python3.7/site-packages/airflow/example_dags/example_xcom.py
[2022-09-10T17:08:42.627+0000] {processor.py:650} INFO - DAG(s) dict_keys(['example_xcom']) retrieved from /home/airflow/.local/lib/python3.7/site-packages/airflow/example_dags/example_xcom.py
[2022-09-10T17:08:42.672+0000] {logging_mixin.py:115} INFO - [2022-09-10T17:08:42.672+0000] {dag.py:2429} INFO - Sync 1 DAGs
[2022-09-10T17:08:42.685+0000] {logging_mixin.py:115} INFO - [2022-09-10T17:08:42.684+0000] {dag.py:2981} INFO - Setting next_dagrun for example_xcom to 2021-01-01T00:00:00+00:00, run_after=2021-01-01T00:00:00+00:00
[2022-09-10T17:08:42.694+0000] {processor.py:161} INFO - Processing /home/airflow/.local/lib/python3.7/site-packages/airflow/example_dags/example_xcom.py took 0.098 seconds
[2022-09-10T17:09:13.436+0000] {processor.py:153} INFO - Started process (PID=359) to work on /home/airflow/.local/lib/python3.7/site-packages/airflow/example_dags/example_xcom.py
[2022-09-10T17:09:13.440+0000] {processor.py:640} INFO - Processing file /home/airflow/.local/lib/python3.7/site-packages/airflow/example_dags/example_xcom.py for tasks to queue
[2022-09-10T17:09:13.443+0000] {logging_mixin.py:115} INFO - [2022-09-10T17:09:13.443+0000] {dagbag.py:508} INFO - Filling up the DagBag from /home/airflow/.local/lib/python3.7/site-packages/airflow/example_dags/example_xcom.py
[2022-09-10T17:09:13.462+0000] {processor.py:650} INFO - DAG(s) dict_keys(['example_xcom']) retrieved from /home/airflow/.local/lib/python3.7/site-packages/airflow/example_dags/example_xcom.py
[2022-09-10T17:09:13.506+0000] {logging_mixin.py:115} INFO - [2022-09-10T17:09:13.506+0000] {dag.py:2429} INFO - Sync 1 DAGs
[2022-09-10T17:09:13.519+0000] {logging_mixin.py:115} INFO - [2022-09-10T17:09:13.519+0000] {dag.py:2981} INFO - Setting next_dagrun for example_xcom to 2021-01-01T00:00:00+00:00, run_after=2021-01-01T00:00:00+00:00
[2022-09-10T17:09:13.528+0000] {processor.py:161} INFO - Processing /home/airflow/.local/lib/python3.7/site-packages/airflow/example_dags/example_xcom.py took 0.098 seconds
[2022-09-10T17:09:44.240+0000] {processor.py:153} INFO - Started process (PID=423) to work on /home/airflow/.local/lib/python3.7/site-packages/airflow/example_dags/example_xcom.py
[2022-09-10T17:09:44.243+0000] {processor.py:640} INFO - Processing file /home/airflow/.local/lib/python3.7/site-packages/airflow/example_dags/example_xcom.py for tasks to queue
[2022-09-10T17:09:44.246+0000] {logging_mixin.py:115} INFO - [2022-09-10T17:09:44.246+0000] {dagbag.py:508} INFO - Filling up the DagBag from /home/airflow/.local/lib/python3.7/site-packages/airflow/example_dags/example_xcom.py
[2022-09-10T17:09:44.264+0000] {processor.py:650} INFO - DAG(s) dict_keys(['example_xcom']) retrieved from /home/airflow/.local/lib/python3.7/site-packages/airflow/example_dags/example_xcom.py
[2022-09-10T17:09:44.307+0000] {logging_mixin.py:115} INFO - [2022-09-10T17:09:44.307+0000] {dag.py:2429} INFO - Sync 1 DAGs
[2022-09-10T17:09:44.322+0000] {logging_mixin.py:115} INFO - [2022-09-10T17:09:44.322+0000] {dag.py:2981} INFO - Setting next_dagrun for example_xcom to 2021-01-01T00:00:00+00:00, run_after=2021-01-01T00:00:00+00:00
[2022-09-10T17:09:44.331+0000] {processor.py:161} INFO - Processing /home/airflow/.local/lib/python3.7/site-packages/airflow/example_dags/example_xcom.py took 0.096 seconds
[2022-09-10T17:10:15.058+0000] {processor.py:153} INFO - Started process (PID=487) to work on /home/airflow/.local/lib/python3.7/site-packages/airflow/example_dags/example_xcom.py
[2022-09-10T17:10:15.060+0000] {processor.py:640} INFO - Processing file /home/airflow/.local/lib/python3.7/site-packages/airflow/example_dags/example_xcom.py for tasks to queue
[2022-09-10T17:10:15.061+0000] {logging_mixin.py:115} INFO - [2022-09-10T17:10:15.061+0000] {dagbag.py:508} INFO - Filling up the DagBag from /home/airflow/.local/lib/python3.7/site-packages/airflow/example_dags/example_xcom.py
[2022-09-10T17:10:15.073+0000] {processor.py:650} INFO - DAG(s) dict_keys(['example_xcom']) retrieved from /home/airflow/.local/lib/python3.7/site-packages/airflow/example_dags/example_xcom.py
[2022-09-10T17:10:15.114+0000] {logging_mixin.py:115} INFO - [2022-09-10T17:10:15.114+0000] {dag.py:2429} INFO - Sync 1 DAGs
[2022-09-10T17:10:15.129+0000] {logging_mixin.py:115} INFO - [2022-09-10T17:10:15.129+0000] {dag.py:2981} INFO - Setting next_dagrun for example_xcom to 2021-01-01T00:00:00+00:00, run_after=2021-01-01T00:00:00+00:00
[2022-09-10T17:10:15.142+0000] {processor.py:161} INFO - Processing /home/airflow/.local/lib/python3.7/site-packages/airflow/example_dags/example_xcom.py took 0.086 seconds
[2022-09-10T17:10:46.043+0000] {processor.py:153} INFO - Started process (PID=541) to work on /home/airflow/.local/lib/python3.7/site-packages/airflow/example_dags/example_xcom.py
[2022-09-10T17:10:46.047+0000] {processor.py:640} INFO - Processing file /home/airflow/.local/lib/python3.7/site-packages/airflow/example_dags/example_xcom.py for tasks to queue
[2022-09-10T17:10:46.049+0000] {logging_mixin.py:115} INFO - [2022-09-10T17:10:46.049+0000] {dagbag.py:508} INFO - Filling up the DagBag from /home/airflow/.local/lib/python3.7/site-packages/airflow/example_dags/example_xcom.py
[2022-09-10T17:10:46.072+0000] {processor.py:650} INFO - DAG(s) dict_keys(['example_xcom']) retrieved from /home/airflow/.local/lib/python3.7/site-packages/airflow/example_dags/example_xcom.py
[2022-09-10T17:10:46.119+0000] {logging_mixin.py:115} INFO - [2022-09-10T17:10:46.119+0000] {dag.py:2429} INFO - Sync 1 DAGs
[2022-09-10T17:10:46.133+0000] {logging_mixin.py:115} INFO - [2022-09-10T17:10:46.133+0000] {dag.py:2981} INFO - Setting next_dagrun for example_xcom to 2021-01-01T00:00:00+00:00, run_after=2021-01-01T00:00:00+00:00
[2022-09-10T17:10:46.144+0000] {processor.py:161} INFO - Processing /home/airflow/.local/lib/python3.7/site-packages/airflow/example_dags/example_xcom.py took 0.110 seconds
[2022-09-10T17:12:57.264+0000] {processor.py:153} INFO - Started process (PID=42) to work on /home/airflow/.local/lib/python3.7/site-packages/airflow/example_dags/example_xcom.py
[2022-09-10T17:12:57.270+0000] {processor.py:640} INFO - Processing file /home/airflow/.local/lib/python3.7/site-packages/airflow/example_dags/example_xcom.py for tasks to queue
[2022-09-10T17:12:57.272+0000] {logging_mixin.py:115} INFO - [2022-09-10T17:12:57.272+0000] {dagbag.py:508} INFO - Filling up the DagBag from /home/airflow/.local/lib/python3.7/site-packages/airflow/example_dags/example_xcom.py
[2022-09-10T17:12:57.309+0000] {processor.py:650} INFO - DAG(s) dict_keys(['example_xcom']) retrieved from /home/airflow/.local/lib/python3.7/site-packages/airflow/example_dags/example_xcom.py
[2022-09-10T17:12:58.381+0000] {logging_mixin.py:115} INFO - [2022-09-10T17:12:58.380+0000] {dag.py:2429} INFO - Sync 1 DAGs
[2022-09-10T17:12:58.480+0000] {logging_mixin.py:115} INFO - [2022-09-10T17:12:58.479+0000] {dag.py:2981} INFO - Setting next_dagrun for example_xcom to 2021-01-01T00:00:00+00:00, run_after=2021-01-01T00:00:00+00:00
[2022-09-10T17:12:58.516+0000] {processor.py:161} INFO - Processing /home/airflow/.local/lib/python3.7/site-packages/airflow/example_dags/example_xcom.py took 1.272 seconds
[2022-09-10T17:13:29.600+0000] {processor.py:153} INFO - Started process (PID=105) to work on /home/airflow/.local/lib/python3.7/site-packages/airflow/example_dags/example_xcom.py
[2022-09-10T17:13:29.602+0000] {processor.py:640} INFO - Processing file /home/airflow/.local/lib/python3.7/site-packages/airflow/example_dags/example_xcom.py for tasks to queue
[2022-09-10T17:13:29.605+0000] {logging_mixin.py:115} INFO - [2022-09-10T17:13:29.605+0000] {dagbag.py:508} INFO - Filling up the DagBag from /home/airflow/.local/lib/python3.7/site-packages/airflow/example_dags/example_xcom.py
[2022-09-10T17:13:29.619+0000] {processor.py:650} INFO - DAG(s) dict_keys(['example_xcom']) retrieved from /home/airflow/.local/lib/python3.7/site-packages/airflow/example_dags/example_xcom.py
[2022-09-10T17:13:29.934+0000] {logging_mixin.py:115} INFO - [2022-09-10T17:13:29.934+0000] {dag.py:2429} INFO - Sync 1 DAGs
[2022-09-10T17:13:29.946+0000] {logging_mixin.py:115} INFO - [2022-09-10T17:13:29.945+0000] {dag.py:2981} INFO - Setting next_dagrun for example_xcom to 2021-01-01T00:00:00+00:00, run_after=2021-01-01T00:00:00+00:00
[2022-09-10T17:13:29.953+0000] {processor.py:161} INFO - Processing /home/airflow/.local/lib/python3.7/site-packages/airflow/example_dags/example_xcom.py took 0.356 seconds
[2022-09-10T17:14:00.026+0000] {processor.py:153} INFO - Started process (PID=159) to work on /home/airflow/.local/lib/python3.7/site-packages/airflow/example_dags/example_xcom.py
[2022-09-10T17:14:00.028+0000] {processor.py:640} INFO - Processing file /home/airflow/.local/lib/python3.7/site-packages/airflow/example_dags/example_xcom.py for tasks to queue
[2022-09-10T17:14:00.029+0000] {logging_mixin.py:115} INFO - [2022-09-10T17:14:00.029+0000] {dagbag.py:508} INFO - Filling up the DagBag from /home/airflow/.local/lib/python3.7/site-packages/airflow/example_dags/example_xcom.py
[2022-09-10T17:14:00.044+0000] {processor.py:650} INFO - DAG(s) dict_keys(['example_xcom']) retrieved from /home/airflow/.local/lib/python3.7/site-packages/airflow/example_dags/example_xcom.py
[2022-09-10T17:14:00.255+0000] {logging_mixin.py:115} INFO - [2022-09-10T17:14:00.255+0000] {dag.py:2429} INFO - Sync 1 DAGs
[2022-09-10T17:14:00.276+0000] {logging_mixin.py:115} INFO - [2022-09-10T17:14:00.276+0000] {dag.py:2981} INFO - Setting next_dagrun for example_xcom to 2021-01-01T00:00:00+00:00, run_after=2021-01-01T00:00:00+00:00
[2022-09-10T17:14:00.291+0000] {processor.py:161} INFO - Processing /home/airflow/.local/lib/python3.7/site-packages/airflow/example_dags/example_xcom.py took 0.270 seconds
[2022-09-10T17:16:03.993+0000] {processor.py:153} INFO - Started process (PID=55) to work on /home/airflow/.local/lib/python3.7/site-packages/airflow/example_dags/example_xcom.py
[2022-09-10T17:16:03.994+0000] {processor.py:640} INFO - Processing file /home/airflow/.local/lib/python3.7/site-packages/airflow/example_dags/example_xcom.py for tasks to queue
[2022-09-10T17:16:03.996+0000] {logging_mixin.py:115} INFO - [2022-09-10T17:16:03.996+0000] {dagbag.py:508} INFO - Filling up the DagBag from /home/airflow/.local/lib/python3.7/site-packages/airflow/example_dags/example_xcom.py
[2022-09-10T17:16:04.009+0000] {processor.py:650} INFO - DAG(s) dict_keys(['example_xcom']) retrieved from /home/airflow/.local/lib/python3.7/site-packages/airflow/example_dags/example_xcom.py
[2022-09-10T17:16:04.073+0000] {logging_mixin.py:115} INFO - [2022-09-10T17:16:04.073+0000] {dag.py:2429} INFO - Sync 1 DAGs
[2022-09-10T17:16:04.092+0000] {logging_mixin.py:115} INFO - [2022-09-10T17:16:04.092+0000] {dag.py:2981} INFO - Setting next_dagrun for example_xcom to 2021-01-01T00:00:00+00:00, run_after=2021-01-01T00:00:00+00:00
[2022-09-10T17:16:04.104+0000] {processor.py:161} INFO - Processing /home/airflow/.local/lib/python3.7/site-packages/airflow/example_dags/example_xcom.py took 0.114 seconds
[2022-09-10T17:16:34.627+0000] {processor.py:153} INFO - Started process (PID=117) to work on /home/airflow/.local/lib/python3.7/site-packages/airflow/example_dags/example_xcom.py
[2022-09-10T17:16:34.629+0000] {processor.py:640} INFO - Processing file /home/airflow/.local/lib/python3.7/site-packages/airflow/example_dags/example_xcom.py for tasks to queue
[2022-09-10T17:16:34.632+0000] {logging_mixin.py:115} INFO - [2022-09-10T17:16:34.632+0000] {dagbag.py:508} INFO - Filling up the DagBag from /home/airflow/.local/lib/python3.7/site-packages/airflow/example_dags/example_xcom.py
[2022-09-10T17:16:34.647+0000] {processor.py:650} INFO - DAG(s) dict_keys(['example_xcom']) retrieved from /home/airflow/.local/lib/python3.7/site-packages/airflow/example_dags/example_xcom.py
[2022-09-10T17:16:34.694+0000] {logging_mixin.py:115} INFO - [2022-09-10T17:16:34.694+0000] {dag.py:2429} INFO - Sync 1 DAGs
[2022-09-10T17:16:34.705+0000] {logging_mixin.py:115} INFO - [2022-09-10T17:16:34.705+0000] {dag.py:2981} INFO - Setting next_dagrun for example_xcom to 2021-01-01T00:00:00+00:00, run_after=2021-01-01T00:00:00+00:00
[2022-09-10T17:16:34.712+0000] {processor.py:161} INFO - Processing /home/airflow/.local/lib/python3.7/site-packages/airflow/example_dags/example_xcom.py took 0.088 seconds
[2022-09-10T17:17:04.775+0000] {processor.py:153} INFO - Started process (PID=172) to work on /home/airflow/.local/lib/python3.7/site-packages/airflow/example_dags/example_xcom.py
[2022-09-10T17:17:04.777+0000] {processor.py:640} INFO - Processing file /home/airflow/.local/lib/python3.7/site-packages/airflow/example_dags/example_xcom.py for tasks to queue
[2022-09-10T17:17:04.779+0000] {logging_mixin.py:115} INFO - [2022-09-10T17:17:04.779+0000] {dagbag.py:508} INFO - Filling up the DagBag from /home/airflow/.local/lib/python3.7/site-packages/airflow/example_dags/example_xcom.py
[2022-09-10T17:17:04.789+0000] {processor.py:650} INFO - DAG(s) dict_keys(['example_xcom']) retrieved from /home/airflow/.local/lib/python3.7/site-packages/airflow/example_dags/example_xcom.py
[2022-09-10T17:17:04.828+0000] {logging_mixin.py:115} INFO - [2022-09-10T17:17:04.828+0000] {dag.py:2429} INFO - Sync 1 DAGs
[2022-09-10T17:17:04.842+0000] {logging_mixin.py:115} INFO - [2022-09-10T17:17:04.841+0000] {dag.py:2981} INFO - Setting next_dagrun for example_xcom to 2021-01-01T00:00:00+00:00, run_after=2021-01-01T00:00:00+00:00
[2022-09-10T17:17:04.850+0000] {processor.py:161} INFO - Processing /home/airflow/.local/lib/python3.7/site-packages/airflow/example_dags/example_xcom.py took 0.078 seconds
[2022-09-10T17:17:34.891+0000] {processor.py:153} INFO - Started process (PID=234) to work on /home/airflow/.local/lib/python3.7/site-packages/airflow/example_dags/example_xcom.py
[2022-09-10T17:17:34.893+0000] {processor.py:640} INFO - Processing file /home/airflow/.local/lib/python3.7/site-packages/airflow/example_dags/example_xcom.py for tasks to queue
[2022-09-10T17:17:34.894+0000] {logging_mixin.py:115} INFO - [2022-09-10T17:17:34.894+0000] {dagbag.py:508} INFO - Filling up the DagBag from /home/airflow/.local/lib/python3.7/site-packages/airflow/example_dags/example_xcom.py
[2022-09-10T17:17:34.905+0000] {processor.py:650} INFO - DAG(s) dict_keys(['example_xcom']) retrieved from /home/airflow/.local/lib/python3.7/site-packages/airflow/example_dags/example_xcom.py
[2022-09-10T17:17:34.950+0000] {logging_mixin.py:115} INFO - [2022-09-10T17:17:34.950+0000] {dag.py:2429} INFO - Sync 1 DAGs
[2022-09-10T17:17:34.965+0000] {logging_mixin.py:115} INFO - [2022-09-10T17:17:34.965+0000] {dag.py:2981} INFO - Setting next_dagrun for example_xcom to 2021-01-01T00:00:00+00:00, run_after=2021-01-01T00:00:00+00:00
[2022-09-10T17:17:34.977+0000] {processor.py:161} INFO - Processing /home/airflow/.local/lib/python3.7/site-packages/airflow/example_dags/example_xcom.py took 0.088 seconds
[2022-09-10T17:18:05.079+0000] {processor.py:153} INFO - Started process (PID=296) to work on /home/airflow/.local/lib/python3.7/site-packages/airflow/example_dags/example_xcom.py
[2022-09-10T17:18:05.081+0000] {processor.py:640} INFO - Processing file /home/airflow/.local/lib/python3.7/site-packages/airflow/example_dags/example_xcom.py for tasks to queue
[2022-09-10T17:18:05.082+0000] {logging_mixin.py:115} INFO - [2022-09-10T17:18:05.082+0000] {dagbag.py:508} INFO - Filling up the DagBag from /home/airflow/.local/lib/python3.7/site-packages/airflow/example_dags/example_xcom.py
[2022-09-10T17:18:05.092+0000] {processor.py:650} INFO - DAG(s) dict_keys(['example_xcom']) retrieved from /home/airflow/.local/lib/python3.7/site-packages/airflow/example_dags/example_xcom.py
[2022-09-10T17:18:05.111+0000] {logging_mixin.py:115} INFO - [2022-09-10T17:18:05.110+0000] {dag.py:2429} INFO - Sync 1 DAGs
[2022-09-10T17:18:05.124+0000] {logging_mixin.py:115} INFO - [2022-09-10T17:18:05.123+0000] {dag.py:2981} INFO - Setting next_dagrun for example_xcom to 2021-01-01T00:00:00+00:00, run_after=2021-01-01T00:00:00+00:00
[2022-09-10T17:18:05.135+0000] {processor.py:161} INFO - Processing /home/airflow/.local/lib/python3.7/site-packages/airflow/example_dags/example_xcom.py took 0.058 seconds
[2022-09-10T17:18:36.239+0000] {processor.py:153} INFO - Started process (PID=361) to work on /home/airflow/.local/lib/python3.7/site-packages/airflow/example_dags/example_xcom.py
[2022-09-10T17:18:36.240+0000] {processor.py:640} INFO - Processing file /home/airflow/.local/lib/python3.7/site-packages/airflow/example_dags/example_xcom.py for tasks to queue
[2022-09-10T17:18:36.241+0000] {logging_mixin.py:115} INFO - [2022-09-10T17:18:36.241+0000] {dagbag.py:508} INFO - Filling up the DagBag from /home/airflow/.local/lib/python3.7/site-packages/airflow/example_dags/example_xcom.py
[2022-09-10T17:18:36.255+0000] {processor.py:650} INFO - DAG(s) dict_keys(['example_xcom']) retrieved from /home/airflow/.local/lib/python3.7/site-packages/airflow/example_dags/example_xcom.py
[2022-09-10T17:18:36.298+0000] {logging_mixin.py:115} INFO - [2022-09-10T17:18:36.297+0000] {dag.py:2429} INFO - Sync 1 DAGs
[2022-09-10T17:18:36.313+0000] {logging_mixin.py:115} INFO - [2022-09-10T17:18:36.313+0000] {dag.py:2981} INFO - Setting next_dagrun for example_xcom to 2021-01-01T00:00:00+00:00, run_after=2021-01-01T00:00:00+00:00
[2022-09-10T17:18:36.321+0000] {processor.py:161} INFO - Processing /home/airflow/.local/lib/python3.7/site-packages/airflow/example_dags/example_xcom.py took 0.085 seconds
[2022-09-10T17:19:07.461+0000] {processor.py:153} INFO - Started process (PID=424) to work on /home/airflow/.local/lib/python3.7/site-packages/airflow/example_dags/example_xcom.py
[2022-09-10T17:19:07.462+0000] {processor.py:640} INFO - Processing file /home/airflow/.local/lib/python3.7/site-packages/airflow/example_dags/example_xcom.py for tasks to queue
[2022-09-10T17:19:07.463+0000] {logging_mixin.py:115} INFO - [2022-09-10T17:19:07.463+0000] {dagbag.py:508} INFO - Filling up the DagBag from /home/airflow/.local/lib/python3.7/site-packages/airflow/example_dags/example_xcom.py
[2022-09-10T17:19:07.473+0000] {processor.py:650} INFO - DAG(s) dict_keys(['example_xcom']) retrieved from /home/airflow/.local/lib/python3.7/site-packages/airflow/example_dags/example_xcom.py
[2022-09-10T17:19:07.510+0000] {logging_mixin.py:115} INFO - [2022-09-10T17:19:07.510+0000] {dag.py:2429} INFO - Sync 1 DAGs
[2022-09-10T17:19:07.521+0000] {logging_mixin.py:115} INFO - [2022-09-10T17:19:07.521+0000] {dag.py:2981} INFO - Setting next_dagrun for example_xcom to 2021-01-01T00:00:00+00:00, run_after=2021-01-01T00:00:00+00:00
[2022-09-10T17:19:07.530+0000] {processor.py:161} INFO - Processing /home/airflow/.local/lib/python3.7/site-packages/airflow/example_dags/example_xcom.py took 0.071 seconds
[2022-09-10T17:19:37.693+0000] {processor.py:153} INFO - Started process (PID=486) to work on /home/airflow/.local/lib/python3.7/site-packages/airflow/example_dags/example_xcom.py
[2022-09-10T17:19:37.695+0000] {processor.py:640} INFO - Processing file /home/airflow/.local/lib/python3.7/site-packages/airflow/example_dags/example_xcom.py for tasks to queue
[2022-09-10T17:19:37.696+0000] {logging_mixin.py:115} INFO - [2022-09-10T17:19:37.696+0000] {dagbag.py:508} INFO - Filling up the DagBag from /home/airflow/.local/lib/python3.7/site-packages/airflow/example_dags/example_xcom.py
[2022-09-10T17:19:37.707+0000] {processor.py:650} INFO - DAG(s) dict_keys(['example_xcom']) retrieved from /home/airflow/.local/lib/python3.7/site-packages/airflow/example_dags/example_xcom.py
[2022-09-10T17:19:37.755+0000] {logging_mixin.py:115} INFO - [2022-09-10T17:19:37.755+0000] {dag.py:2429} INFO - Sync 1 DAGs
[2022-09-10T17:19:37.767+0000] {logging_mixin.py:115} INFO - [2022-09-10T17:19:37.767+0000] {dag.py:2981} INFO - Setting next_dagrun for example_xcom to 2021-01-01T00:00:00+00:00, run_after=2021-01-01T00:00:00+00:00
[2022-09-10T17:19:37.778+0000] {processor.py:161} INFO - Processing /home/airflow/.local/lib/python3.7/site-packages/airflow/example_dags/example_xcom.py took 0.087 seconds
[2022-09-10T17:20:08.004+0000] {processor.py:153} INFO - Started process (PID=541) to work on /home/airflow/.local/lib/python3.7/site-packages/airflow/example_dags/example_xcom.py
[2022-09-10T17:20:08.006+0000] {processor.py:640} INFO - Processing file /home/airflow/.local/lib/python3.7/site-packages/airflow/example_dags/example_xcom.py for tasks to queue
[2022-09-10T17:20:08.007+0000] {logging_mixin.py:115} INFO - [2022-09-10T17:20:08.007+0000] {dagbag.py:508} INFO - Filling up the DagBag from /home/airflow/.local/lib/python3.7/site-packages/airflow/example_dags/example_xcom.py
[2022-09-10T17:20:08.025+0000] {processor.py:650} INFO - DAG(s) dict_keys(['example_xcom']) retrieved from /home/airflow/.local/lib/python3.7/site-packages/airflow/example_dags/example_xcom.py
[2022-09-10T17:20:08.077+0000] {logging_mixin.py:115} INFO - [2022-09-10T17:20:08.076+0000] {dag.py:2429} INFO - Sync 1 DAGs
[2022-09-10T17:20:08.090+0000] {logging_mixin.py:115} INFO - [2022-09-10T17:20:08.089+0000] {dag.py:2981} INFO - Setting next_dagrun for example_xcom to 2021-01-01T00:00:00+00:00, run_after=2021-01-01T00:00:00+00:00
[2022-09-10T17:20:08.104+0000] {processor.py:161} INFO - Processing /home/airflow/.local/lib/python3.7/site-packages/airflow/example_dags/example_xcom.py took 0.102 seconds
[2022-09-10T17:20:38.993+0000] {processor.py:153} INFO - Started process (PID=604) to work on /home/airflow/.local/lib/python3.7/site-packages/airflow/example_dags/example_xcom.py
[2022-09-10T17:20:38.995+0000] {processor.py:640} INFO - Processing file /home/airflow/.local/lib/python3.7/site-packages/airflow/example_dags/example_xcom.py for tasks to queue
[2022-09-10T17:20:38.996+0000] {logging_mixin.py:115} INFO - [2022-09-10T17:20:38.996+0000] {dagbag.py:508} INFO - Filling up the DagBag from /home/airflow/.local/lib/python3.7/site-packages/airflow/example_dags/example_xcom.py
[2022-09-10T17:20:39.008+0000] {processor.py:650} INFO - DAG(s) dict_keys(['example_xcom']) retrieved from /home/airflow/.local/lib/python3.7/site-packages/airflow/example_dags/example_xcom.py
[2022-09-10T17:20:39.072+0000] {logging_mixin.py:115} INFO - [2022-09-10T17:20:39.071+0000] {dag.py:2429} INFO - Sync 1 DAGs
[2022-09-10T17:20:39.102+0000] {logging_mixin.py:115} INFO - [2022-09-10T17:20:39.102+0000] {dag.py:2981} INFO - Setting next_dagrun for example_xcom to 2021-01-01T00:00:00+00:00, run_after=2021-01-01T00:00:00+00:00
[2022-09-10T17:20:39.132+0000] {processor.py:161} INFO - Processing /home/airflow/.local/lib/python3.7/site-packages/airflow/example_dags/example_xcom.py took 0.141 seconds
[2022-09-10T17:21:09.282+0000] {processor.py:153} INFO - Started process (PID=667) to work on /home/airflow/.local/lib/python3.7/site-packages/airflow/example_dags/example_xcom.py
[2022-09-10T17:21:09.283+0000] {processor.py:640} INFO - Processing file /home/airflow/.local/lib/python3.7/site-packages/airflow/example_dags/example_xcom.py for tasks to queue
[2022-09-10T17:21:09.284+0000] {logging_mixin.py:115} INFO - [2022-09-10T17:21:09.284+0000] {dagbag.py:508} INFO - Filling up the DagBag from /home/airflow/.local/lib/python3.7/site-packages/airflow/example_dags/example_xcom.py
[2022-09-10T17:21:09.294+0000] {processor.py:650} INFO - DAG(s) dict_keys(['example_xcom']) retrieved from /home/airflow/.local/lib/python3.7/site-packages/airflow/example_dags/example_xcom.py
[2022-09-10T17:21:09.335+0000] {logging_mixin.py:115} INFO - [2022-09-10T17:21:09.335+0000] {dag.py:2429} INFO - Sync 1 DAGs
[2022-09-10T17:21:09.355+0000] {logging_mixin.py:115} INFO - [2022-09-10T17:21:09.355+0000] {dag.py:2981} INFO - Setting next_dagrun for example_xcom to 2021-01-01T00:00:00+00:00, run_after=2021-01-01T00:00:00+00:00
[2022-09-10T17:21:09.365+0000] {processor.py:161} INFO - Processing /home/airflow/.local/lib/python3.7/site-packages/airflow/example_dags/example_xcom.py took 0.085 seconds
[2022-09-10T17:21:40.705+0000] {processor.py:153} INFO - Started process (PID=730) to work on /home/airflow/.local/lib/python3.7/site-packages/airflow/example_dags/example_xcom.py
[2022-09-10T17:21:40.707+0000] {processor.py:640} INFO - Processing file /home/airflow/.local/lib/python3.7/site-packages/airflow/example_dags/example_xcom.py for tasks to queue
[2022-09-10T17:21:40.708+0000] {logging_mixin.py:115} INFO - [2022-09-10T17:21:40.708+0000] {dagbag.py:508} INFO - Filling up the DagBag from /home/airflow/.local/lib/python3.7/site-packages/airflow/example_dags/example_xcom.py
[2022-09-10T17:21:40.719+0000] {processor.py:650} INFO - DAG(s) dict_keys(['example_xcom']) retrieved from /home/airflow/.local/lib/python3.7/site-packages/airflow/example_dags/example_xcom.py
[2022-09-10T17:21:40.762+0000] {logging_mixin.py:115} INFO - [2022-09-10T17:21:40.762+0000] {dag.py:2429} INFO - Sync 1 DAGs
[2022-09-10T17:21:40.776+0000] {logging_mixin.py:115} INFO - [2022-09-10T17:21:40.776+0000] {dag.py:2981} INFO - Setting next_dagrun for example_xcom to 2021-01-01T00:00:00+00:00, run_after=2021-01-01T00:00:00+00:00
[2022-09-10T17:21:40.786+0000] {processor.py:161} INFO - Processing /home/airflow/.local/lib/python3.7/site-packages/airflow/example_dags/example_xcom.py took 0.083 seconds
[2022-09-10T17:22:11.227+0000] {processor.py:153} INFO - Started process (PID=793) to work on /home/airflow/.local/lib/python3.7/site-packages/airflow/example_dags/example_xcom.py
[2022-09-10T17:22:11.228+0000] {processor.py:640} INFO - Processing file /home/airflow/.local/lib/python3.7/site-packages/airflow/example_dags/example_xcom.py for tasks to queue
[2022-09-10T17:22:11.230+0000] {logging_mixin.py:115} INFO - [2022-09-10T17:22:11.230+0000] {dagbag.py:508} INFO - Filling up the DagBag from /home/airflow/.local/lib/python3.7/site-packages/airflow/example_dags/example_xcom.py
[2022-09-10T17:22:11.240+0000] {processor.py:650} INFO - DAG(s) dict_keys(['example_xcom']) retrieved from /home/airflow/.local/lib/python3.7/site-packages/airflow/example_dags/example_xcom.py
[2022-09-10T17:22:11.283+0000] {logging_mixin.py:115} INFO - [2022-09-10T17:22:11.283+0000] {dag.py:2429} INFO - Sync 1 DAGs
[2022-09-10T17:22:11.295+0000] {logging_mixin.py:115} INFO - [2022-09-10T17:22:11.294+0000] {dag.py:2981} INFO - Setting next_dagrun for example_xcom to 2021-01-01T00:00:00+00:00, run_after=2021-01-01T00:00:00+00:00
[2022-09-10T17:22:11.304+0000] {processor.py:161} INFO - Processing /home/airflow/.local/lib/python3.7/site-packages/airflow/example_dags/example_xcom.py took 0.080 seconds
[2022-09-10T17:22:41.859+0000] {processor.py:153} INFO - Started process (PID=858) to work on /home/airflow/.local/lib/python3.7/site-packages/airflow/example_dags/example_xcom.py
[2022-09-10T17:22:41.862+0000] {processor.py:640} INFO - Processing file /home/airflow/.local/lib/python3.7/site-packages/airflow/example_dags/example_xcom.py for tasks to queue
[2022-09-10T17:22:41.864+0000] {logging_mixin.py:115} INFO - [2022-09-10T17:22:41.864+0000] {dagbag.py:508} INFO - Filling up the DagBag from /home/airflow/.local/lib/python3.7/site-packages/airflow/example_dags/example_xcom.py
[2022-09-10T17:22:41.882+0000] {processor.py:650} INFO - DAG(s) dict_keys(['example_xcom']) retrieved from /home/airflow/.local/lib/python3.7/site-packages/airflow/example_dags/example_xcom.py
[2022-09-10T17:22:41.941+0000] {logging_mixin.py:115} INFO - [2022-09-10T17:22:41.941+0000] {dag.py:2429} INFO - Sync 1 DAGs
[2022-09-10T17:22:41.953+0000] {logging_mixin.py:115} INFO - [2022-09-10T17:22:41.953+0000] {dag.py:2981} INFO - Setting next_dagrun for example_xcom to 2021-01-01T00:00:00+00:00, run_after=2021-01-01T00:00:00+00:00
[2022-09-10T17:22:41.963+0000] {processor.py:161} INFO - Processing /home/airflow/.local/lib/python3.7/site-packages/airflow/example_dags/example_xcom.py took 0.107 seconds
[2022-09-10T17:23:12.845+0000] {processor.py:153} INFO - Started process (PID=912) to work on /home/airflow/.local/lib/python3.7/site-packages/airflow/example_dags/example_xcom.py
[2022-09-10T17:23:12.847+0000] {processor.py:640} INFO - Processing file /home/airflow/.local/lib/python3.7/site-packages/airflow/example_dags/example_xcom.py for tasks to queue
[2022-09-10T17:23:12.848+0000] {logging_mixin.py:115} INFO - [2022-09-10T17:23:12.848+0000] {dagbag.py:508} INFO - Filling up the DagBag from /home/airflow/.local/lib/python3.7/site-packages/airflow/example_dags/example_xcom.py
[2022-09-10T17:23:12.859+0000] {processor.py:650} INFO - DAG(s) dict_keys(['example_xcom']) retrieved from /home/airflow/.local/lib/python3.7/site-packages/airflow/example_dags/example_xcom.py
[2022-09-10T17:23:12.878+0000] {logging_mixin.py:115} INFO - [2022-09-10T17:23:12.878+0000] {dag.py:2429} INFO - Sync 1 DAGs
[2022-09-10T17:23:12.892+0000] {logging_mixin.py:115} INFO - [2022-09-10T17:23:12.892+0000] {dag.py:2981} INFO - Setting next_dagrun for example_xcom to 2021-01-01T00:00:00+00:00, run_after=2021-01-01T00:00:00+00:00
[2022-09-10T17:23:12.906+0000] {processor.py:161} INFO - Processing /home/airflow/.local/lib/python3.7/site-packages/airflow/example_dags/example_xcom.py took 0.063 seconds
[2022-09-10T17:23:43.859+0000] {processor.py:153} INFO - Started process (PID=975) to work on /home/airflow/.local/lib/python3.7/site-packages/airflow/example_dags/example_xcom.py
[2022-09-10T17:23:43.860+0000] {processor.py:640} INFO - Processing file /home/airflow/.local/lib/python3.7/site-packages/airflow/example_dags/example_xcom.py for tasks to queue
[2022-09-10T17:23:43.861+0000] {logging_mixin.py:115} INFO - [2022-09-10T17:23:43.861+0000] {dagbag.py:508} INFO - Filling up the DagBag from /home/airflow/.local/lib/python3.7/site-packages/airflow/example_dags/example_xcom.py
[2022-09-10T17:23:43.871+0000] {processor.py:650} INFO - DAG(s) dict_keys(['example_xcom']) retrieved from /home/airflow/.local/lib/python3.7/site-packages/airflow/example_dags/example_xcom.py
[2022-09-10T17:23:43.907+0000] {logging_mixin.py:115} INFO - [2022-09-10T17:23:43.906+0000] {dag.py:2429} INFO - Sync 1 DAGs
[2022-09-10T17:23:43.919+0000] {logging_mixin.py:115} INFO - [2022-09-10T17:23:43.919+0000] {dag.py:2981} INFO - Setting next_dagrun for example_xcom to 2021-01-01T00:00:00+00:00, run_after=2021-01-01T00:00:00+00:00
[2022-09-10T17:23:43.928+0000] {processor.py:161} INFO - Processing /home/airflow/.local/lib/python3.7/site-packages/airflow/example_dags/example_xcom.py took 0.072 seconds
[2022-09-10T17:24:14.851+0000] {processor.py:153} INFO - Started process (PID=1038) to work on /home/airflow/.local/lib/python3.7/site-packages/airflow/example_dags/example_xcom.py
[2022-09-10T17:24:14.854+0000] {processor.py:640} INFO - Processing file /home/airflow/.local/lib/python3.7/site-packages/airflow/example_dags/example_xcom.py for tasks to queue
[2022-09-10T17:24:14.854+0000] {logging_mixin.py:115} INFO - [2022-09-10T17:24:14.854+0000] {dagbag.py:508} INFO - Filling up the DagBag from /home/airflow/.local/lib/python3.7/site-packages/airflow/example_dags/example_xcom.py
[2022-09-10T17:24:14.865+0000] {processor.py:650} INFO - DAG(s) dict_keys(['example_xcom']) retrieved from /home/airflow/.local/lib/python3.7/site-packages/airflow/example_dags/example_xcom.py
[2022-09-10T17:24:14.906+0000] {logging_mixin.py:115} INFO - [2022-09-10T17:24:14.906+0000] {dag.py:2429} INFO - Sync 1 DAGs
[2022-09-10T17:24:14.921+0000] {logging_mixin.py:115} INFO - [2022-09-10T17:24:14.921+0000] {dag.py:2981} INFO - Setting next_dagrun for example_xcom to 2021-01-01T00:00:00+00:00, run_after=2021-01-01T00:00:00+00:00
[2022-09-10T17:24:14.932+0000] {processor.py:161} INFO - Processing /home/airflow/.local/lib/python3.7/site-packages/airflow/example_dags/example_xcom.py took 0.083 seconds
[2022-09-10T17:24:45.777+0000] {processor.py:153} INFO - Started process (PID=1101) to work on /home/airflow/.local/lib/python3.7/site-packages/airflow/example_dags/example_xcom.py
[2022-09-10T17:24:45.779+0000] {processor.py:640} INFO - Processing file /home/airflow/.local/lib/python3.7/site-packages/airflow/example_dags/example_xcom.py for tasks to queue
[2022-09-10T17:24:45.780+0000] {logging_mixin.py:115} INFO - [2022-09-10T17:24:45.780+0000] {dagbag.py:508} INFO - Filling up the DagBag from /home/airflow/.local/lib/python3.7/site-packages/airflow/example_dags/example_xcom.py
[2022-09-10T17:24:45.790+0000] {processor.py:650} INFO - DAG(s) dict_keys(['example_xcom']) retrieved from /home/airflow/.local/lib/python3.7/site-packages/airflow/example_dags/example_xcom.py
[2022-09-10T17:24:45.828+0000] {logging_mixin.py:115} INFO - [2022-09-10T17:24:45.828+0000] {dag.py:2429} INFO - Sync 1 DAGs
[2022-09-10T17:24:45.840+0000] {logging_mixin.py:115} INFO - [2022-09-10T17:24:45.840+0000] {dag.py:2981} INFO - Setting next_dagrun for example_xcom to 2021-01-01T00:00:00+00:00, run_after=2021-01-01T00:00:00+00:00
[2022-09-10T17:24:45.850+0000] {processor.py:161} INFO - Processing /home/airflow/.local/lib/python3.7/site-packages/airflow/example_dags/example_xcom.py took 0.074 seconds
[2022-09-10T17:25:16.568+0000] {processor.py:153} INFO - Started process (PID=1163) to work on /home/airflow/.local/lib/python3.7/site-packages/airflow/example_dags/example_xcom.py
[2022-09-10T17:25:16.569+0000] {processor.py:640} INFO - Processing file /home/airflow/.local/lib/python3.7/site-packages/airflow/example_dags/example_xcom.py for tasks to queue
[2022-09-10T17:25:16.570+0000] {logging_mixin.py:115} INFO - [2022-09-10T17:25:16.570+0000] {dagbag.py:508} INFO - Filling up the DagBag from /home/airflow/.local/lib/python3.7/site-packages/airflow/example_dags/example_xcom.py
[2022-09-10T17:25:16.580+0000] {processor.py:650} INFO - DAG(s) dict_keys(['example_xcom']) retrieved from /home/airflow/.local/lib/python3.7/site-packages/airflow/example_dags/example_xcom.py
[2022-09-10T17:25:16.617+0000] {logging_mixin.py:115} INFO - [2022-09-10T17:25:16.617+0000] {dag.py:2429} INFO - Sync 1 DAGs
[2022-09-10T17:25:16.628+0000] {logging_mixin.py:115} INFO - [2022-09-10T17:25:16.628+0000] {dag.py:2981} INFO - Setting next_dagrun for example_xcom to 2021-01-01T00:00:00+00:00, run_after=2021-01-01T00:00:00+00:00
[2022-09-10T17:25:16.636+0000] {processor.py:161} INFO - Processing /home/airflow/.local/lib/python3.7/site-packages/airflow/example_dags/example_xcom.py took 0.071 seconds
[2022-09-10T17:25:47.500+0000] {processor.py:153} INFO - Started process (PID=1227) to work on /home/airflow/.local/lib/python3.7/site-packages/airflow/example_dags/example_xcom.py
[2022-09-10T17:25:47.501+0000] {processor.py:640} INFO - Processing file /home/airflow/.local/lib/python3.7/site-packages/airflow/example_dags/example_xcom.py for tasks to queue
[2022-09-10T17:25:47.502+0000] {logging_mixin.py:115} INFO - [2022-09-10T17:25:47.502+0000] {dagbag.py:508} INFO - Filling up the DagBag from /home/airflow/.local/lib/python3.7/site-packages/airflow/example_dags/example_xcom.py
[2022-09-10T17:25:47.512+0000] {processor.py:650} INFO - DAG(s) dict_keys(['example_xcom']) retrieved from /home/airflow/.local/lib/python3.7/site-packages/airflow/example_dags/example_xcom.py
[2022-09-10T17:25:47.548+0000] {logging_mixin.py:115} INFO - [2022-09-10T17:25:47.548+0000] {dag.py:2429} INFO - Sync 1 DAGs
[2022-09-10T17:25:47.561+0000] {logging_mixin.py:115} INFO - [2022-09-10T17:25:47.560+0000] {dag.py:2981} INFO - Setting next_dagrun for example_xcom to 2021-01-01T00:00:00+00:00, run_after=2021-01-01T00:00:00+00:00
[2022-09-10T17:25:47.570+0000] {processor.py:161} INFO - Processing /home/airflow/.local/lib/python3.7/site-packages/airflow/example_dags/example_xcom.py took 0.073 seconds
[2022-09-10T17:26:17.594+0000] {processor.py:153} INFO - Started process (PID=1281) to work on /home/airflow/.local/lib/python3.7/site-packages/airflow/example_dags/example_xcom.py
[2022-09-10T17:26:17.598+0000] {processor.py:640} INFO - Processing file /home/airflow/.local/lib/python3.7/site-packages/airflow/example_dags/example_xcom.py for tasks to queue
[2022-09-10T17:26:17.599+0000] {logging_mixin.py:115} INFO - [2022-09-10T17:26:17.599+0000] {dagbag.py:508} INFO - Filling up the DagBag from /home/airflow/.local/lib/python3.7/site-packages/airflow/example_dags/example_xcom.py
[2022-09-10T17:26:17.610+0000] {processor.py:650} INFO - DAG(s) dict_keys(['example_xcom']) retrieved from /home/airflow/.local/lib/python3.7/site-packages/airflow/example_dags/example_xcom.py
[2022-09-10T17:26:17.652+0000] {logging_mixin.py:115} INFO - [2022-09-10T17:26:17.652+0000] {dag.py:2429} INFO - Sync 1 DAGs
[2022-09-10T17:26:17.665+0000] {logging_mixin.py:115} INFO - [2022-09-10T17:26:17.665+0000] {dag.py:2981} INFO - Setting next_dagrun for example_xcom to 2021-01-01T00:00:00+00:00, run_after=2021-01-01T00:00:00+00:00
[2022-09-10T17:26:17.678+0000] {processor.py:161} INFO - Processing /home/airflow/.local/lib/python3.7/site-packages/airflow/example_dags/example_xcom.py took 0.087 seconds
[2022-09-10T17:26:48.752+0000] {processor.py:153} INFO - Started process (PID=1344) to work on /home/airflow/.local/lib/python3.7/site-packages/airflow/example_dags/example_xcom.py
[2022-09-10T17:26:48.754+0000] {processor.py:640} INFO - Processing file /home/airflow/.local/lib/python3.7/site-packages/airflow/example_dags/example_xcom.py for tasks to queue
[2022-09-10T17:26:48.754+0000] {logging_mixin.py:115} INFO - [2022-09-10T17:26:48.754+0000] {dagbag.py:508} INFO - Filling up the DagBag from /home/airflow/.local/lib/python3.7/site-packages/airflow/example_dags/example_xcom.py
[2022-09-10T17:26:48.764+0000] {processor.py:650} INFO - DAG(s) dict_keys(['example_xcom']) retrieved from /home/airflow/.local/lib/python3.7/site-packages/airflow/example_dags/example_xcom.py
[2022-09-10T17:26:48.803+0000] {logging_mixin.py:115} INFO - [2022-09-10T17:26:48.803+0000] {dag.py:2429} INFO - Sync 1 DAGs
[2022-09-10T17:26:48.814+0000] {logging_mixin.py:115} INFO - [2022-09-10T17:26:48.814+0000] {dag.py:2981} INFO - Setting next_dagrun for example_xcom to 2021-01-01T00:00:00+00:00, run_after=2021-01-01T00:00:00+00:00
[2022-09-10T17:26:48.822+0000] {processor.py:161} INFO - Processing /home/airflow/.local/lib/python3.7/site-packages/airflow/example_dags/example_xcom.py took 0.073 seconds
[2022-09-10T17:27:20.053+0000] {processor.py:153} INFO - Started process (PID=1408) to work on /home/airflow/.local/lib/python3.7/site-packages/airflow/example_dags/example_xcom.py
[2022-09-10T17:27:20.054+0000] {processor.py:640} INFO - Processing file /home/airflow/.local/lib/python3.7/site-packages/airflow/example_dags/example_xcom.py for tasks to queue
[2022-09-10T17:27:20.056+0000] {logging_mixin.py:115} INFO - [2022-09-10T17:27:20.056+0000] {dagbag.py:508} INFO - Filling up the DagBag from /home/airflow/.local/lib/python3.7/site-packages/airflow/example_dags/example_xcom.py
[2022-09-10T17:27:20.069+0000] {processor.py:650} INFO - DAG(s) dict_keys(['example_xcom']) retrieved from /home/airflow/.local/lib/python3.7/site-packages/airflow/example_dags/example_xcom.py
[2022-09-10T17:27:20.088+0000] {logging_mixin.py:115} INFO - [2022-09-10T17:27:20.087+0000] {dag.py:2429} INFO - Sync 1 DAGs
[2022-09-10T17:27:20.103+0000] {logging_mixin.py:115} INFO - [2022-09-10T17:27:20.103+0000] {dag.py:2981} INFO - Setting next_dagrun for example_xcom to 2021-01-01T00:00:00+00:00, run_after=2021-01-01T00:00:00+00:00
[2022-09-10T17:27:20.112+0000] {processor.py:161} INFO - Processing /home/airflow/.local/lib/python3.7/site-packages/airflow/example_dags/example_xcom.py took 0.062 seconds
[2022-09-10T17:27:50.159+0000] {processor.py:153} INFO - Started process (PID=1473) to work on /home/airflow/.local/lib/python3.7/site-packages/airflow/example_dags/example_xcom.py
[2022-09-10T17:27:50.161+0000] {processor.py:640} INFO - Processing file /home/airflow/.local/lib/python3.7/site-packages/airflow/example_dags/example_xcom.py for tasks to queue
[2022-09-10T17:27:50.161+0000] {logging_mixin.py:115} INFO - [2022-09-10T17:27:50.161+0000] {dagbag.py:508} INFO - Filling up the DagBag from /home/airflow/.local/lib/python3.7/site-packages/airflow/example_dags/example_xcom.py
[2022-09-10T17:27:50.172+0000] {processor.py:650} INFO - DAG(s) dict_keys(['example_xcom']) retrieved from /home/airflow/.local/lib/python3.7/site-packages/airflow/example_dags/example_xcom.py
[2022-09-10T17:27:50.189+0000] {logging_mixin.py:115} INFO - [2022-09-10T17:27:50.188+0000] {dag.py:2429} INFO - Sync 1 DAGs
[2022-09-10T17:27:50.201+0000] {logging_mixin.py:115} INFO - [2022-09-10T17:27:50.201+0000] {dag.py:2981} INFO - Setting next_dagrun for example_xcom to 2021-01-01T00:00:00+00:00, run_after=2021-01-01T00:00:00+00:00
[2022-09-10T17:27:50.209+0000] {processor.py:161} INFO - Processing /home/airflow/.local/lib/python3.7/site-packages/airflow/example_dags/example_xcom.py took 0.052 seconds
[2022-09-10T17:28:20.314+0000] {processor.py:153} INFO - Started process (PID=1536) to work on /home/airflow/.local/lib/python3.7/site-packages/airflow/example_dags/example_xcom.py
[2022-09-10T17:28:20.315+0000] {processor.py:640} INFO - Processing file /home/airflow/.local/lib/python3.7/site-packages/airflow/example_dags/example_xcom.py for tasks to queue
[2022-09-10T17:28:20.316+0000] {logging_mixin.py:115} INFO - [2022-09-10T17:28:20.316+0000] {dagbag.py:508} INFO - Filling up the DagBag from /home/airflow/.local/lib/python3.7/site-packages/airflow/example_dags/example_xcom.py
[2022-09-10T17:28:20.326+0000] {processor.py:650} INFO - DAG(s) dict_keys(['example_xcom']) retrieved from /home/airflow/.local/lib/python3.7/site-packages/airflow/example_dags/example_xcom.py
[2022-09-10T17:28:20.364+0000] {logging_mixin.py:115} INFO - [2022-09-10T17:28:20.364+0000] {dag.py:2429} INFO - Sync 1 DAGs
[2022-09-10T17:28:20.375+0000] {logging_mixin.py:115} INFO - [2022-09-10T17:28:20.375+0000] {dag.py:2981} INFO - Setting next_dagrun for example_xcom to 2021-01-01T00:00:00+00:00, run_after=2021-01-01T00:00:00+00:00
[2022-09-10T17:28:20.383+0000] {processor.py:161} INFO - Processing /home/airflow/.local/lib/python3.7/site-packages/airflow/example_dags/example_xcom.py took 0.072 seconds
[2022-09-10T17:28:50.655+0000] {processor.py:153} INFO - Started process (PID=1590) to work on /home/airflow/.local/lib/python3.7/site-packages/airflow/example_dags/example_xcom.py
[2022-09-10T17:28:50.657+0000] {processor.py:640} INFO - Processing file /home/airflow/.local/lib/python3.7/site-packages/airflow/example_dags/example_xcom.py for tasks to queue
[2022-09-10T17:28:50.659+0000] {logging_mixin.py:115} INFO - [2022-09-10T17:28:50.659+0000] {dagbag.py:508} INFO - Filling up the DagBag from /home/airflow/.local/lib/python3.7/site-packages/airflow/example_dags/example_xcom.py
[2022-09-10T17:28:50.672+0000] {processor.py:650} INFO - DAG(s) dict_keys(['example_xcom']) retrieved from /home/airflow/.local/lib/python3.7/site-packages/airflow/example_dags/example_xcom.py
[2022-09-10T17:28:50.693+0000] {logging_mixin.py:115} INFO - [2022-09-10T17:28:50.693+0000] {dag.py:2429} INFO - Sync 1 DAGs
[2022-09-10T17:28:50.712+0000] {logging_mixin.py:115} INFO - [2022-09-10T17:28:50.712+0000] {dag.py:2981} INFO - Setting next_dagrun for example_xcom to 2021-01-01T00:00:00+00:00, run_after=2021-01-01T00:00:00+00:00
[2022-09-10T17:28:50.722+0000] {processor.py:161} INFO - Processing /home/airflow/.local/lib/python3.7/site-packages/airflow/example_dags/example_xcom.py took 0.069 seconds
[2022-09-10T17:29:20.837+0000] {processor.py:153} INFO - Started process (PID=1653) to work on /home/airflow/.local/lib/python3.7/site-packages/airflow/example_dags/example_xcom.py
[2022-09-10T17:29:20.838+0000] {processor.py:640} INFO - Processing file /home/airflow/.local/lib/python3.7/site-packages/airflow/example_dags/example_xcom.py for tasks to queue
[2022-09-10T17:29:20.839+0000] {logging_mixin.py:115} INFO - [2022-09-10T17:29:20.839+0000] {dagbag.py:508} INFO - Filling up the DagBag from /home/airflow/.local/lib/python3.7/site-packages/airflow/example_dags/example_xcom.py
[2022-09-10T17:29:20.850+0000] {processor.py:650} INFO - DAG(s) dict_keys(['example_xcom']) retrieved from /home/airflow/.local/lib/python3.7/site-packages/airflow/example_dags/example_xcom.py
[2022-09-10T17:29:20.899+0000] {logging_mixin.py:115} INFO - [2022-09-10T17:29:20.899+0000] {dag.py:2429} INFO - Sync 1 DAGs
[2022-09-10T17:29:20.910+0000] {logging_mixin.py:115} INFO - [2022-09-10T17:29:20.910+0000] {dag.py:2981} INFO - Setting next_dagrun for example_xcom to 2021-01-01T00:00:00+00:00, run_after=2021-01-01T00:00:00+00:00
[2022-09-10T17:29:20.919+0000] {processor.py:161} INFO - Processing /home/airflow/.local/lib/python3.7/site-packages/airflow/example_dags/example_xcom.py took 0.085 seconds
[2022-09-10T17:29:51.046+0000] {processor.py:153} INFO - Started process (PID=1715) to work on /home/airflow/.local/lib/python3.7/site-packages/airflow/example_dags/example_xcom.py
[2022-09-10T17:29:51.047+0000] {processor.py:640} INFO - Processing file /home/airflow/.local/lib/python3.7/site-packages/airflow/example_dags/example_xcom.py for tasks to queue
[2022-09-10T17:29:51.048+0000] {logging_mixin.py:115} INFO - [2022-09-10T17:29:51.048+0000] {dagbag.py:508} INFO - Filling up the DagBag from /home/airflow/.local/lib/python3.7/site-packages/airflow/example_dags/example_xcom.py
[2022-09-10T17:29:51.058+0000] {processor.py:650} INFO - DAG(s) dict_keys(['example_xcom']) retrieved from /home/airflow/.local/lib/python3.7/site-packages/airflow/example_dags/example_xcom.py
[2022-09-10T17:29:51.096+0000] {logging_mixin.py:115} INFO - [2022-09-10T17:29:51.096+0000] {dag.py:2429} INFO - Sync 1 DAGs
[2022-09-10T17:29:51.107+0000] {logging_mixin.py:115} INFO - [2022-09-10T17:29:51.107+0000] {dag.py:2981} INFO - Setting next_dagrun for example_xcom to 2021-01-01T00:00:00+00:00, run_after=2021-01-01T00:00:00+00:00
[2022-09-10T17:29:51.115+0000] {processor.py:161} INFO - Processing /home/airflow/.local/lib/python3.7/site-packages/airflow/example_dags/example_xcom.py took 0.071 seconds
[2022-09-10T17:30:21.572+0000] {processor.py:153} INFO - Started process (PID=1778) to work on /home/airflow/.local/lib/python3.7/site-packages/airflow/example_dags/example_xcom.py
[2022-09-10T17:30:21.574+0000] {processor.py:640} INFO - Processing file /home/airflow/.local/lib/python3.7/site-packages/airflow/example_dags/example_xcom.py for tasks to queue
[2022-09-10T17:30:21.575+0000] {logging_mixin.py:115} INFO - [2022-09-10T17:30:21.575+0000] {dagbag.py:508} INFO - Filling up the DagBag from /home/airflow/.local/lib/python3.7/site-packages/airflow/example_dags/example_xcom.py
[2022-09-10T17:30:21.590+0000] {processor.py:650} INFO - DAG(s) dict_keys(['example_xcom']) retrieved from /home/airflow/.local/lib/python3.7/site-packages/airflow/example_dags/example_xcom.py
[2022-09-10T17:30:21.608+0000] {logging_mixin.py:115} INFO - [2022-09-10T17:30:21.608+0000] {dag.py:2429} INFO - Sync 1 DAGs
[2022-09-10T17:30:21.626+0000] {logging_mixin.py:115} INFO - [2022-09-10T17:30:21.626+0000] {dag.py:2981} INFO - Setting next_dagrun for example_xcom to 2021-01-01T00:00:00+00:00, run_after=2021-01-01T00:00:00+00:00
[2022-09-10T17:30:21.637+0000] {processor.py:161} INFO - Processing /home/airflow/.local/lib/python3.7/site-packages/airflow/example_dags/example_xcom.py took 0.067 seconds
