[2022-09-10T17:06:42.306+0000] {processor.py:153} INFO - Started process (PID=70) to work on /home/airflow/.local/lib/python3.7/site-packages/airflow/example_dags/example_trigger_target_dag.py
[2022-09-10T17:06:42.316+0000] {processor.py:640} INFO - Processing file /home/airflow/.local/lib/python3.7/site-packages/airflow/example_dags/example_trigger_target_dag.py for tasks to queue
[2022-09-10T17:06:42.319+0000] {logging_mixin.py:115} INFO - [2022-09-10T17:06:42.318+0000] {dagbag.py:508} INFO - Filling up the DagBag from /home/airflow/.local/lib/python3.7/site-packages/airflow/example_dags/example_trigger_target_dag.py
[2022-09-10T17:06:42.359+0000] {processor.py:650} INFO - DAG(s) dict_keys(['example_trigger_target_dag']) retrieved from /home/airflow/.local/lib/python3.7/site-packages/airflow/example_dags/example_trigger_target_dag.py
[2022-09-10T17:06:42.484+0000] {logging_mixin.py:115} INFO - [2022-09-10T17:06:42.484+0000] {manager.py:508} INFO - Created Permission View: can edit on DAG:example_trigger_target_dag
[2022-09-10T17:06:42.493+0000] {logging_mixin.py:115} INFO - [2022-09-10T17:06:42.493+0000] {manager.py:508} INFO - Created Permission View: can delete on DAG:example_trigger_target_dag
[2022-09-10T17:06:42.502+0000] {logging_mixin.py:115} INFO - [2022-09-10T17:06:42.502+0000] {manager.py:508} INFO - Created Permission View: can read on DAG:example_trigger_target_dag
[2022-09-10T17:06:42.503+0000] {logging_mixin.py:115} INFO - [2022-09-10T17:06:42.503+0000] {dag.py:2429} INFO - Sync 1 DAGs
[2022-09-10T17:06:42.514+0000] {logging_mixin.py:115} INFO - [2022-09-10T17:06:42.514+0000] {dag.py:2448} INFO - Creating ORM DAG for example_trigger_target_dag
[2022-09-10T17:06:42.529+0000] {logging_mixin.py:115} INFO - [2022-09-10T17:06:42.529+0000] {dag.py:2981} INFO - Setting next_dagrun for example_trigger_target_dag to None, run_after=None
[2022-09-10T17:06:42.546+0000] {processor.py:161} INFO - Processing /home/airflow/.local/lib/python3.7/site-packages/airflow/example_dags/example_trigger_target_dag.py took 0.245 seconds
[2022-09-10T17:07:12.675+0000] {processor.py:153} INFO - Started process (PID=133) to work on /home/airflow/.local/lib/python3.7/site-packages/airflow/example_dags/example_trigger_target_dag.py
[2022-09-10T17:07:12.676+0000] {processor.py:640} INFO - Processing file /home/airflow/.local/lib/python3.7/site-packages/airflow/example_dags/example_trigger_target_dag.py for tasks to queue
[2022-09-10T17:07:12.677+0000] {logging_mixin.py:115} INFO - [2022-09-10T17:07:12.677+0000] {dagbag.py:508} INFO - Filling up the DagBag from /home/airflow/.local/lib/python3.7/site-packages/airflow/example_dags/example_trigger_target_dag.py
[2022-09-10T17:07:12.687+0000] {processor.py:650} INFO - DAG(s) dict_keys(['example_trigger_target_dag']) retrieved from /home/airflow/.local/lib/python3.7/site-packages/airflow/example_dags/example_trigger_target_dag.py
[2022-09-10T17:07:12.703+0000] {logging_mixin.py:115} INFO - [2022-09-10T17:07:12.703+0000] {dag.py:2429} INFO - Sync 1 DAGs
[2022-09-10T17:07:12.715+0000] {logging_mixin.py:115} INFO - [2022-09-10T17:07:12.715+0000] {dag.py:2981} INFO - Setting next_dagrun for example_trigger_target_dag to None, run_after=None
[2022-09-10T17:07:12.722+0000] {processor.py:161} INFO - Processing /home/airflow/.local/lib/python3.7/site-packages/airflow/example_dags/example_trigger_target_dag.py took 0.049 seconds
[2022-09-10T17:07:43.582+0000] {processor.py:153} INFO - Started process (PID=196) to work on /home/airflow/.local/lib/python3.7/site-packages/airflow/example_dags/example_trigger_target_dag.py
[2022-09-10T17:07:43.584+0000] {processor.py:640} INFO - Processing file /home/airflow/.local/lib/python3.7/site-packages/airflow/example_dags/example_trigger_target_dag.py for tasks to queue
[2022-09-10T17:07:43.585+0000] {logging_mixin.py:115} INFO - [2022-09-10T17:07:43.585+0000] {dagbag.py:508} INFO - Filling up the DagBag from /home/airflow/.local/lib/python3.7/site-packages/airflow/example_dags/example_trigger_target_dag.py
[2022-09-10T17:07:43.595+0000] {processor.py:650} INFO - DAG(s) dict_keys(['example_trigger_target_dag']) retrieved from /home/airflow/.local/lib/python3.7/site-packages/airflow/example_dags/example_trigger_target_dag.py
[2022-09-10T17:07:43.611+0000] {logging_mixin.py:115} INFO - [2022-09-10T17:07:43.611+0000] {dag.py:2429} INFO - Sync 1 DAGs
[2022-09-10T17:07:43.627+0000] {logging_mixin.py:115} INFO - [2022-09-10T17:07:43.627+0000] {dag.py:2981} INFO - Setting next_dagrun for example_trigger_target_dag to None, run_after=None
[2022-09-10T17:07:43.634+0000] {processor.py:161} INFO - Processing /home/airflow/.local/lib/python3.7/site-packages/airflow/example_dags/example_trigger_target_dag.py took 0.054 seconds
[2022-09-10T17:08:14.489+0000] {processor.py:153} INFO - Started process (PID=256) to work on /home/airflow/.local/lib/python3.7/site-packages/airflow/example_dags/example_trigger_target_dag.py
[2022-09-10T17:08:14.491+0000] {processor.py:640} INFO - Processing file /home/airflow/.local/lib/python3.7/site-packages/airflow/example_dags/example_trigger_target_dag.py for tasks to queue
[2022-09-10T17:08:14.492+0000] {logging_mixin.py:115} INFO - [2022-09-10T17:08:14.492+0000] {dagbag.py:508} INFO - Filling up the DagBag from /home/airflow/.local/lib/python3.7/site-packages/airflow/example_dags/example_trigger_target_dag.py
[2022-09-10T17:08:14.503+0000] {processor.py:650} INFO - DAG(s) dict_keys(['example_trigger_target_dag']) retrieved from /home/airflow/.local/lib/python3.7/site-packages/airflow/example_dags/example_trigger_target_dag.py
[2022-09-10T17:08:14.527+0000] {logging_mixin.py:115} INFO - [2022-09-10T17:08:14.527+0000] {dag.py:2429} INFO - Sync 1 DAGs
[2022-09-10T17:08:14.553+0000] {logging_mixin.py:115} INFO - [2022-09-10T17:08:14.553+0000] {dag.py:2981} INFO - Setting next_dagrun for example_trigger_target_dag to None, run_after=None
[2022-09-10T17:08:14.563+0000] {processor.py:161} INFO - Processing /home/airflow/.local/lib/python3.7/site-packages/airflow/example_dags/example_trigger_target_dag.py took 0.077 seconds
[2022-09-10T17:08:45.376+0000] {processor.py:153} INFO - Started process (PID=312) to work on /home/airflow/.local/lib/python3.7/site-packages/airflow/example_dags/example_trigger_target_dag.py
[2022-09-10T17:08:45.378+0000] {processor.py:640} INFO - Processing file /home/airflow/.local/lib/python3.7/site-packages/airflow/example_dags/example_trigger_target_dag.py for tasks to queue
[2022-09-10T17:08:45.379+0000] {logging_mixin.py:115} INFO - [2022-09-10T17:08:45.379+0000] {dagbag.py:508} INFO - Filling up the DagBag from /home/airflow/.local/lib/python3.7/site-packages/airflow/example_dags/example_trigger_target_dag.py
[2022-09-10T17:08:45.386+0000] {processor.py:650} INFO - DAG(s) dict_keys(['example_trigger_target_dag']) retrieved from /home/airflow/.local/lib/python3.7/site-packages/airflow/example_dags/example_trigger_target_dag.py
[2022-09-10T17:08:45.401+0000] {logging_mixin.py:115} INFO - [2022-09-10T17:08:45.401+0000] {dag.py:2429} INFO - Sync 1 DAGs
[2022-09-10T17:08:45.412+0000] {logging_mixin.py:115} INFO - [2022-09-10T17:08:45.412+0000] {dag.py:2981} INFO - Setting next_dagrun for example_trigger_target_dag to None, run_after=None
[2022-09-10T17:08:45.418+0000] {processor.py:161} INFO - Processing /home/airflow/.local/lib/python3.7/site-packages/airflow/example_dags/example_trigger_target_dag.py took 0.044 seconds
[2022-09-10T17:09:16.228+0000] {processor.py:153} INFO - Started process (PID=376) to work on /home/airflow/.local/lib/python3.7/site-packages/airflow/example_dags/example_trigger_target_dag.py
[2022-09-10T17:09:16.230+0000] {processor.py:640} INFO - Processing file /home/airflow/.local/lib/python3.7/site-packages/airflow/example_dags/example_trigger_target_dag.py for tasks to queue
[2022-09-10T17:09:16.230+0000] {logging_mixin.py:115} INFO - [2022-09-10T17:09:16.230+0000] {dagbag.py:508} INFO - Filling up the DagBag from /home/airflow/.local/lib/python3.7/site-packages/airflow/example_dags/example_trigger_target_dag.py
[2022-09-10T17:09:16.238+0000] {processor.py:650} INFO - DAG(s) dict_keys(['example_trigger_target_dag']) retrieved from /home/airflow/.local/lib/python3.7/site-packages/airflow/example_dags/example_trigger_target_dag.py
[2022-09-10T17:09:16.254+0000] {logging_mixin.py:115} INFO - [2022-09-10T17:09:16.254+0000] {dag.py:2429} INFO - Sync 1 DAGs
[2022-09-10T17:09:16.265+0000] {logging_mixin.py:115} INFO - [2022-09-10T17:09:16.265+0000] {dag.py:2981} INFO - Setting next_dagrun for example_trigger_target_dag to None, run_after=None
[2022-09-10T17:09:16.272+0000] {processor.py:161} INFO - Processing /home/airflow/.local/lib/python3.7/site-packages/airflow/example_dags/example_trigger_target_dag.py took 0.046 seconds
[2022-09-10T17:09:46.980+0000] {processor.py:153} INFO - Started process (PID=440) to work on /home/airflow/.local/lib/python3.7/site-packages/airflow/example_dags/example_trigger_target_dag.py
[2022-09-10T17:09:46.982+0000] {processor.py:640} INFO - Processing file /home/airflow/.local/lib/python3.7/site-packages/airflow/example_dags/example_trigger_target_dag.py for tasks to queue
[2022-09-10T17:09:46.983+0000] {logging_mixin.py:115} INFO - [2022-09-10T17:09:46.983+0000] {dagbag.py:508} INFO - Filling up the DagBag from /home/airflow/.local/lib/python3.7/site-packages/airflow/example_dags/example_trigger_target_dag.py
[2022-09-10T17:09:46.992+0000] {processor.py:650} INFO - DAG(s) dict_keys(['example_trigger_target_dag']) retrieved from /home/airflow/.local/lib/python3.7/site-packages/airflow/example_dags/example_trigger_target_dag.py
[2022-09-10T17:09:47.010+0000] {logging_mixin.py:115} INFO - [2022-09-10T17:09:47.010+0000] {dag.py:2429} INFO - Sync 1 DAGs
[2022-09-10T17:09:47.022+0000] {logging_mixin.py:115} INFO - [2022-09-10T17:09:47.022+0000] {dag.py:2981} INFO - Setting next_dagrun for example_trigger_target_dag to None, run_after=None
[2022-09-10T17:09:47.029+0000] {processor.py:161} INFO - Processing /home/airflow/.local/lib/python3.7/site-packages/airflow/example_dags/example_trigger_target_dag.py took 0.051 seconds
[2022-09-10T17:10:17.906+0000] {processor.py:153} INFO - Started process (PID=504) to work on /home/airflow/.local/lib/python3.7/site-packages/airflow/example_dags/example_trigger_target_dag.py
[2022-09-10T17:10:17.908+0000] {processor.py:640} INFO - Processing file /home/airflow/.local/lib/python3.7/site-packages/airflow/example_dags/example_trigger_target_dag.py for tasks to queue
[2022-09-10T17:10:17.911+0000] {logging_mixin.py:115} INFO - [2022-09-10T17:10:17.911+0000] {dagbag.py:508} INFO - Filling up the DagBag from /home/airflow/.local/lib/python3.7/site-packages/airflow/example_dags/example_trigger_target_dag.py
[2022-09-10T17:10:17.923+0000] {processor.py:650} INFO - DAG(s) dict_keys(['example_trigger_target_dag']) retrieved from /home/airflow/.local/lib/python3.7/site-packages/airflow/example_dags/example_trigger_target_dag.py
[2022-09-10T17:10:17.949+0000] {logging_mixin.py:115} INFO - [2022-09-10T17:10:17.948+0000] {dag.py:2429} INFO - Sync 1 DAGs
[2022-09-10T17:10:17.980+0000] {logging_mixin.py:115} INFO - [2022-09-10T17:10:17.980+0000] {dag.py:2981} INFO - Setting next_dagrun for example_trigger_target_dag to None, run_after=None
[2022-09-10T17:10:18.005+0000] {processor.py:161} INFO - Processing /home/airflow/.local/lib/python3.7/site-packages/airflow/example_dags/example_trigger_target_dag.py took 0.102 seconds
[2022-09-10T17:10:48.820+0000] {processor.py:153} INFO - Started process (PID=567) to work on /home/airflow/.local/lib/python3.7/site-packages/airflow/example_dags/example_trigger_target_dag.py
[2022-09-10T17:10:48.821+0000] {processor.py:640} INFO - Processing file /home/airflow/.local/lib/python3.7/site-packages/airflow/example_dags/example_trigger_target_dag.py for tasks to queue
[2022-09-10T17:10:48.822+0000] {logging_mixin.py:115} INFO - [2022-09-10T17:10:48.822+0000] {dagbag.py:508} INFO - Filling up the DagBag from /home/airflow/.local/lib/python3.7/site-packages/airflow/example_dags/example_trigger_target_dag.py
[2022-09-10T17:10:48.830+0000] {processor.py:650} INFO - DAG(s) dict_keys(['example_trigger_target_dag']) retrieved from /home/airflow/.local/lib/python3.7/site-packages/airflow/example_dags/example_trigger_target_dag.py
[2022-09-10T17:10:48.846+0000] {logging_mixin.py:115} INFO - [2022-09-10T17:10:48.846+0000] {dag.py:2429} INFO - Sync 1 DAGs
[2022-09-10T17:10:48.858+0000] {logging_mixin.py:115} INFO - [2022-09-10T17:10:48.858+0000] {dag.py:2981} INFO - Setting next_dagrun for example_trigger_target_dag to None, run_after=None
[2022-09-10T17:10:48.864+0000] {processor.py:161} INFO - Processing /home/airflow/.local/lib/python3.7/site-packages/airflow/example_dags/example_trigger_target_dag.py took 0.046 seconds
[2022-09-10T17:13:06.122+0000] {processor.py:153} INFO - Started process (PID=69) to work on /home/airflow/.local/lib/python3.7/site-packages/airflow/example_dags/example_trigger_target_dag.py
[2022-09-10T17:13:06.125+0000] {processor.py:640} INFO - Processing file /home/airflow/.local/lib/python3.7/site-packages/airflow/example_dags/example_trigger_target_dag.py for tasks to queue
[2022-09-10T17:13:06.127+0000] {logging_mixin.py:115} INFO - [2022-09-10T17:13:06.126+0000] {dagbag.py:508} INFO - Filling up the DagBag from /home/airflow/.local/lib/python3.7/site-packages/airflow/example_dags/example_trigger_target_dag.py
[2022-09-10T17:13:06.147+0000] {processor.py:650} INFO - DAG(s) dict_keys(['example_trigger_target_dag']) retrieved from /home/airflow/.local/lib/python3.7/site-packages/airflow/example_dags/example_trigger_target_dag.py
[2022-09-10T17:13:06.193+0000] {logging_mixin.py:115} INFO - [2022-09-10T17:13:06.193+0000] {dag.py:2429} INFO - Sync 1 DAGs
[2022-09-10T17:13:06.243+0000] {logging_mixin.py:115} INFO - [2022-09-10T17:13:06.243+0000] {dag.py:2981} INFO - Setting next_dagrun for example_trigger_target_dag to None, run_after=None
[2022-09-10T17:13:06.450+0000] {processor.py:161} INFO - Processing /home/airflow/.local/lib/python3.7/site-packages/airflow/example_dags/example_trigger_target_dag.py took 0.333 seconds
[2022-09-10T17:13:36.928+0000] {processor.py:153} INFO - Started process (PID=121) to work on /home/airflow/.local/lib/python3.7/site-packages/airflow/example_dags/example_trigger_target_dag.py
[2022-09-10T17:13:36.932+0000] {processor.py:640} INFO - Processing file /home/airflow/.local/lib/python3.7/site-packages/airflow/example_dags/example_trigger_target_dag.py for tasks to queue
[2022-09-10T17:13:36.935+0000] {logging_mixin.py:115} INFO - [2022-09-10T17:13:36.935+0000] {dagbag.py:508} INFO - Filling up the DagBag from /home/airflow/.local/lib/python3.7/site-packages/airflow/example_dags/example_trigger_target_dag.py
[2022-09-10T17:13:36.951+0000] {processor.py:650} INFO - DAG(s) dict_keys(['example_trigger_target_dag']) retrieved from /home/airflow/.local/lib/python3.7/site-packages/airflow/example_dags/example_trigger_target_dag.py
[2022-09-10T17:13:36.979+0000] {logging_mixin.py:115} INFO - [2022-09-10T17:13:36.978+0000] {dag.py:2429} INFO - Sync 1 DAGs
[2022-09-10T17:13:37.000+0000] {logging_mixin.py:115} INFO - [2022-09-10T17:13:37.000+0000] {dag.py:2981} INFO - Setting next_dagrun for example_trigger_target_dag to None, run_after=None
[2022-09-10T17:13:37.163+0000] {processor.py:161} INFO - Processing /home/airflow/.local/lib/python3.7/site-packages/airflow/example_dags/example_trigger_target_dag.py took 0.238 seconds
[2022-09-10T17:16:08.080+0000] {processor.py:153} INFO - Started process (PID=81) to work on /home/airflow/.local/lib/python3.7/site-packages/airflow/example_dags/example_trigger_target_dag.py
[2022-09-10T17:16:08.083+0000] {processor.py:640} INFO - Processing file /home/airflow/.local/lib/python3.7/site-packages/airflow/example_dags/example_trigger_target_dag.py for tasks to queue
[2022-09-10T17:16:08.085+0000] {logging_mixin.py:115} INFO - [2022-09-10T17:16:08.085+0000] {dagbag.py:508} INFO - Filling up the DagBag from /home/airflow/.local/lib/python3.7/site-packages/airflow/example_dags/example_trigger_target_dag.py
[2022-09-10T17:16:08.148+0000] {processor.py:650} INFO - DAG(s) dict_keys(['example_trigger_target_dag']) retrieved from /home/airflow/.local/lib/python3.7/site-packages/airflow/example_dags/example_trigger_target_dag.py
[2022-09-10T17:16:08.233+0000] {logging_mixin.py:115} INFO - [2022-09-10T17:16:08.233+0000] {dag.py:2429} INFO - Sync 1 DAGs
[2022-09-10T17:16:08.308+0000] {logging_mixin.py:115} INFO - [2022-09-10T17:16:08.308+0000] {dag.py:2981} INFO - Setting next_dagrun for example_trigger_target_dag to None, run_after=None
[2022-09-10T17:16:08.345+0000] {processor.py:161} INFO - Processing /home/airflow/.local/lib/python3.7/site-packages/airflow/example_dags/example_trigger_target_dag.py took 0.277 seconds
[2022-09-10T17:16:38.570+0000] {processor.py:153} INFO - Started process (PID=134) to work on /home/airflow/.local/lib/python3.7/site-packages/airflow/example_dags/example_trigger_target_dag.py
[2022-09-10T17:16:38.571+0000] {processor.py:640} INFO - Processing file /home/airflow/.local/lib/python3.7/site-packages/airflow/example_dags/example_trigger_target_dag.py for tasks to queue
[2022-09-10T17:16:38.572+0000] {logging_mixin.py:115} INFO - [2022-09-10T17:16:38.572+0000] {dagbag.py:508} INFO - Filling up the DagBag from /home/airflow/.local/lib/python3.7/site-packages/airflow/example_dags/example_trigger_target_dag.py
[2022-09-10T17:16:38.580+0000] {processor.py:650} INFO - DAG(s) dict_keys(['example_trigger_target_dag']) retrieved from /home/airflow/.local/lib/python3.7/site-packages/airflow/example_dags/example_trigger_target_dag.py
[2022-09-10T17:16:38.596+0000] {logging_mixin.py:115} INFO - [2022-09-10T17:16:38.596+0000] {dag.py:2429} INFO - Sync 1 DAGs
[2022-09-10T17:16:38.608+0000] {logging_mixin.py:115} INFO - [2022-09-10T17:16:38.608+0000] {dag.py:2981} INFO - Setting next_dagrun for example_trigger_target_dag to None, run_after=None
[2022-09-10T17:16:38.614+0000] {processor.py:161} INFO - Processing /home/airflow/.local/lib/python3.7/site-packages/airflow/example_dags/example_trigger_target_dag.py took 0.047 seconds
[2022-09-10T17:17:08.826+0000] {processor.py:153} INFO - Started process (PID=198) to work on /home/airflow/.local/lib/python3.7/site-packages/airflow/example_dags/example_trigger_target_dag.py
[2022-09-10T17:17:08.832+0000] {processor.py:640} INFO - Processing file /home/airflow/.local/lib/python3.7/site-packages/airflow/example_dags/example_trigger_target_dag.py for tasks to queue
[2022-09-10T17:17:08.843+0000] {logging_mixin.py:115} INFO - [2022-09-10T17:17:08.838+0000] {dagbag.py:508} INFO - Filling up the DagBag from /home/airflow/.local/lib/python3.7/site-packages/airflow/example_dags/example_trigger_target_dag.py
[2022-09-10T17:17:08.878+0000] {processor.py:650} INFO - DAG(s) dict_keys(['example_trigger_target_dag']) retrieved from /home/airflow/.local/lib/python3.7/site-packages/airflow/example_dags/example_trigger_target_dag.py
[2022-09-10T17:17:08.897+0000] {logging_mixin.py:115} INFO - [2022-09-10T17:17:08.897+0000] {dag.py:2429} INFO - Sync 1 DAGs
[2022-09-10T17:17:08.910+0000] {logging_mixin.py:115} INFO - [2022-09-10T17:17:08.910+0000] {dag.py:2981} INFO - Setting next_dagrun for example_trigger_target_dag to None, run_after=None
[2022-09-10T17:17:08.919+0000] {processor.py:161} INFO - Processing /home/airflow/.local/lib/python3.7/site-packages/airflow/example_dags/example_trigger_target_dag.py took 0.095 seconds
[2022-09-10T17:17:38.983+0000] {processor.py:153} INFO - Started process (PID=259) to work on /home/airflow/.local/lib/python3.7/site-packages/airflow/example_dags/example_trigger_target_dag.py
[2022-09-10T17:17:38.985+0000] {processor.py:640} INFO - Processing file /home/airflow/.local/lib/python3.7/site-packages/airflow/example_dags/example_trigger_target_dag.py for tasks to queue
[2022-09-10T17:17:38.986+0000] {logging_mixin.py:115} INFO - [2022-09-10T17:17:38.986+0000] {dagbag.py:508} INFO - Filling up the DagBag from /home/airflow/.local/lib/python3.7/site-packages/airflow/example_dags/example_trigger_target_dag.py
[2022-09-10T17:17:38.998+0000] {processor.py:650} INFO - DAG(s) dict_keys(['example_trigger_target_dag']) retrieved from /home/airflow/.local/lib/python3.7/site-packages/airflow/example_dags/example_trigger_target_dag.py
[2022-09-10T17:17:39.017+0000] {logging_mixin.py:115} INFO - [2022-09-10T17:17:39.017+0000] {dag.py:2429} INFO - Sync 1 DAGs
[2022-09-10T17:17:39.034+0000] {logging_mixin.py:115} INFO - [2022-09-10T17:17:39.033+0000] {dag.py:2981} INFO - Setting next_dagrun for example_trigger_target_dag to None, run_after=None
[2022-09-10T17:17:39.043+0000] {processor.py:161} INFO - Processing /home/airflow/.local/lib/python3.7/site-packages/airflow/example_dags/example_trigger_target_dag.py took 0.062 seconds
[2022-09-10T17:18:09.087+0000] {processor.py:153} INFO - Started process (PID=315) to work on /home/airflow/.local/lib/python3.7/site-packages/airflow/example_dags/example_trigger_target_dag.py
[2022-09-10T17:18:09.089+0000] {processor.py:640} INFO - Processing file /home/airflow/.local/lib/python3.7/site-packages/airflow/example_dags/example_trigger_target_dag.py for tasks to queue
[2022-09-10T17:18:09.090+0000] {logging_mixin.py:115} INFO - [2022-09-10T17:18:09.090+0000] {dagbag.py:508} INFO - Filling up the DagBag from /home/airflow/.local/lib/python3.7/site-packages/airflow/example_dags/example_trigger_target_dag.py
[2022-09-10T17:18:09.100+0000] {processor.py:650} INFO - DAG(s) dict_keys(['example_trigger_target_dag']) retrieved from /home/airflow/.local/lib/python3.7/site-packages/airflow/example_dags/example_trigger_target_dag.py
[2022-09-10T17:18:09.117+0000] {logging_mixin.py:115} INFO - [2022-09-10T17:18:09.117+0000] {dag.py:2429} INFO - Sync 1 DAGs
[2022-09-10T17:18:09.130+0000] {logging_mixin.py:115} INFO - [2022-09-10T17:18:09.130+0000] {dag.py:2981} INFO - Setting next_dagrun for example_trigger_target_dag to None, run_after=None
[2022-09-10T17:18:09.138+0000] {processor.py:161} INFO - Processing /home/airflow/.local/lib/python3.7/site-packages/airflow/example_dags/example_trigger_target_dag.py took 0.053 seconds
[2022-09-10T17:18:40.177+0000] {processor.py:153} INFO - Started process (PID=378) to work on /home/airflow/.local/lib/python3.7/site-packages/airflow/example_dags/example_trigger_target_dag.py
[2022-09-10T17:18:40.178+0000] {processor.py:640} INFO - Processing file /home/airflow/.local/lib/python3.7/site-packages/airflow/example_dags/example_trigger_target_dag.py for tasks to queue
[2022-09-10T17:18:40.179+0000] {logging_mixin.py:115} INFO - [2022-09-10T17:18:40.179+0000] {dagbag.py:508} INFO - Filling up the DagBag from /home/airflow/.local/lib/python3.7/site-packages/airflow/example_dags/example_trigger_target_dag.py
[2022-09-10T17:18:40.188+0000] {processor.py:650} INFO - DAG(s) dict_keys(['example_trigger_target_dag']) retrieved from /home/airflow/.local/lib/python3.7/site-packages/airflow/example_dags/example_trigger_target_dag.py
[2022-09-10T17:18:40.205+0000] {logging_mixin.py:115} INFO - [2022-09-10T17:18:40.205+0000] {dag.py:2429} INFO - Sync 1 DAGs
[2022-09-10T17:18:40.217+0000] {logging_mixin.py:115} INFO - [2022-09-10T17:18:40.217+0000] {dag.py:2981} INFO - Setting next_dagrun for example_trigger_target_dag to None, run_after=None
[2022-09-10T17:18:40.224+0000] {processor.py:161} INFO - Processing /home/airflow/.local/lib/python3.7/site-packages/airflow/example_dags/example_trigger_target_dag.py took 0.050 seconds
[2022-09-10T17:19:10.458+0000] {processor.py:153} INFO - Started process (PID=441) to work on /home/airflow/.local/lib/python3.7/site-packages/airflow/example_dags/example_trigger_target_dag.py
[2022-09-10T17:19:10.460+0000] {processor.py:640} INFO - Processing file /home/airflow/.local/lib/python3.7/site-packages/airflow/example_dags/example_trigger_target_dag.py for tasks to queue
[2022-09-10T17:19:10.463+0000] {logging_mixin.py:115} INFO - [2022-09-10T17:19:10.463+0000] {dagbag.py:508} INFO - Filling up the DagBag from /home/airflow/.local/lib/python3.7/site-packages/airflow/example_dags/example_trigger_target_dag.py
[2022-09-10T17:19:10.475+0000] {processor.py:650} INFO - DAG(s) dict_keys(['example_trigger_target_dag']) retrieved from /home/airflow/.local/lib/python3.7/site-packages/airflow/example_dags/example_trigger_target_dag.py
[2022-09-10T17:19:10.493+0000] {logging_mixin.py:115} INFO - [2022-09-10T17:19:10.492+0000] {dag.py:2429} INFO - Sync 1 DAGs
[2022-09-10T17:19:10.507+0000] {logging_mixin.py:115} INFO - [2022-09-10T17:19:10.506+0000] {dag.py:2981} INFO - Setting next_dagrun for example_trigger_target_dag to None, run_after=None
[2022-09-10T17:19:10.514+0000] {processor.py:161} INFO - Processing /home/airflow/.local/lib/python3.7/site-packages/airflow/example_dags/example_trigger_target_dag.py took 0.059 seconds
[2022-09-10T17:19:40.587+0000] {processor.py:153} INFO - Started process (PID=503) to work on /home/airflow/.local/lib/python3.7/site-packages/airflow/example_dags/example_trigger_target_dag.py
[2022-09-10T17:19:40.589+0000] {processor.py:640} INFO - Processing file /home/airflow/.local/lib/python3.7/site-packages/airflow/example_dags/example_trigger_target_dag.py for tasks to queue
[2022-09-10T17:19:40.590+0000] {logging_mixin.py:115} INFO - [2022-09-10T17:19:40.590+0000] {dagbag.py:508} INFO - Filling up the DagBag from /home/airflow/.local/lib/python3.7/site-packages/airflow/example_dags/example_trigger_target_dag.py
[2022-09-10T17:19:40.600+0000] {processor.py:650} INFO - DAG(s) dict_keys(['example_trigger_target_dag']) retrieved from /home/airflow/.local/lib/python3.7/site-packages/airflow/example_dags/example_trigger_target_dag.py
[2022-09-10T17:19:40.619+0000] {logging_mixin.py:115} INFO - [2022-09-10T17:19:40.619+0000] {dag.py:2429} INFO - Sync 1 DAGs
[2022-09-10T17:19:40.632+0000] {logging_mixin.py:115} INFO - [2022-09-10T17:19:40.632+0000] {dag.py:2981} INFO - Setting next_dagrun for example_trigger_target_dag to None, run_after=None
[2022-09-10T17:19:40.641+0000] {processor.py:161} INFO - Processing /home/airflow/.local/lib/python3.7/site-packages/airflow/example_dags/example_trigger_target_dag.py took 0.056 seconds
[2022-09-10T17:20:10.787+0000] {processor.py:153} INFO - Started process (PID=567) to work on /home/airflow/.local/lib/python3.7/site-packages/airflow/example_dags/example_trigger_target_dag.py
[2022-09-10T17:20:10.788+0000] {processor.py:640} INFO - Processing file /home/airflow/.local/lib/python3.7/site-packages/airflow/example_dags/example_trigger_target_dag.py for tasks to queue
[2022-09-10T17:20:10.789+0000] {logging_mixin.py:115} INFO - [2022-09-10T17:20:10.789+0000] {dagbag.py:508} INFO - Filling up the DagBag from /home/airflow/.local/lib/python3.7/site-packages/airflow/example_dags/example_trigger_target_dag.py
[2022-09-10T17:20:10.799+0000] {processor.py:650} INFO - DAG(s) dict_keys(['example_trigger_target_dag']) retrieved from /home/airflow/.local/lib/python3.7/site-packages/airflow/example_dags/example_trigger_target_dag.py
[2022-09-10T17:20:10.817+0000] {logging_mixin.py:115} INFO - [2022-09-10T17:20:10.817+0000] {dag.py:2429} INFO - Sync 1 DAGs
[2022-09-10T17:20:10.829+0000] {logging_mixin.py:115} INFO - [2022-09-10T17:20:10.829+0000] {dag.py:2981} INFO - Setting next_dagrun for example_trigger_target_dag to None, run_after=None
[2022-09-10T17:20:10.835+0000] {processor.py:161} INFO - Processing /home/airflow/.local/lib/python3.7/site-packages/airflow/example_dags/example_trigger_target_dag.py took 0.051 seconds
[2022-09-10T17:20:41.042+0000] {processor.py:153} INFO - Started process (PID=621) to work on /home/airflow/.local/lib/python3.7/site-packages/airflow/example_dags/example_trigger_target_dag.py
[2022-09-10T17:20:41.045+0000] {processor.py:640} INFO - Processing file /home/airflow/.local/lib/python3.7/site-packages/airflow/example_dags/example_trigger_target_dag.py for tasks to queue
[2022-09-10T17:20:41.048+0000] {logging_mixin.py:115} INFO - [2022-09-10T17:20:41.047+0000] {dagbag.py:508} INFO - Filling up the DagBag from /home/airflow/.local/lib/python3.7/site-packages/airflow/example_dags/example_trigger_target_dag.py
[2022-09-10T17:20:41.065+0000] {processor.py:650} INFO - DAG(s) dict_keys(['example_trigger_target_dag']) retrieved from /home/airflow/.local/lib/python3.7/site-packages/airflow/example_dags/example_trigger_target_dag.py
[2022-09-10T17:20:41.097+0000] {logging_mixin.py:115} INFO - [2022-09-10T17:20:41.097+0000] {dag.py:2429} INFO - Sync 1 DAGs
[2022-09-10T17:20:41.123+0000] {logging_mixin.py:115} INFO - [2022-09-10T17:20:41.123+0000] {dag.py:2981} INFO - Setting next_dagrun for example_trigger_target_dag to None, run_after=None
[2022-09-10T17:20:41.138+0000] {processor.py:161} INFO - Processing /home/airflow/.local/lib/python3.7/site-packages/airflow/example_dags/example_trigger_target_dag.py took 0.101 seconds
[2022-09-10T17:21:12.188+0000] {processor.py:153} INFO - Started process (PID=684) to work on /home/airflow/.local/lib/python3.7/site-packages/airflow/example_dags/example_trigger_target_dag.py
[2022-09-10T17:21:12.190+0000] {processor.py:640} INFO - Processing file /home/airflow/.local/lib/python3.7/site-packages/airflow/example_dags/example_trigger_target_dag.py for tasks to queue
[2022-09-10T17:21:12.194+0000] {logging_mixin.py:115} INFO - [2022-09-10T17:21:12.194+0000] {dagbag.py:508} INFO - Filling up the DagBag from /home/airflow/.local/lib/python3.7/site-packages/airflow/example_dags/example_trigger_target_dag.py
[2022-09-10T17:21:12.211+0000] {processor.py:650} INFO - DAG(s) dict_keys(['example_trigger_target_dag']) retrieved from /home/airflow/.local/lib/python3.7/site-packages/airflow/example_dags/example_trigger_target_dag.py
[2022-09-10T17:21:12.246+0000] {logging_mixin.py:115} INFO - [2022-09-10T17:21:12.246+0000] {dag.py:2429} INFO - Sync 1 DAGs
[2022-09-10T17:21:12.262+0000] {logging_mixin.py:115} INFO - [2022-09-10T17:21:12.262+0000] {dag.py:2981} INFO - Setting next_dagrun for example_trigger_target_dag to None, run_after=None
[2022-09-10T17:21:12.272+0000] {processor.py:161} INFO - Processing /home/airflow/.local/lib/python3.7/site-packages/airflow/example_dags/example_trigger_target_dag.py took 0.089 seconds
[2022-09-10T17:21:42.989+0000] {processor.py:153} INFO - Started process (PID=747) to work on /home/airflow/.local/lib/python3.7/site-packages/airflow/example_dags/example_trigger_target_dag.py
[2022-09-10T17:21:42.992+0000] {processor.py:640} INFO - Processing file /home/airflow/.local/lib/python3.7/site-packages/airflow/example_dags/example_trigger_target_dag.py for tasks to queue
[2022-09-10T17:21:42.997+0000] {logging_mixin.py:115} INFO - [2022-09-10T17:21:42.996+0000] {dagbag.py:508} INFO - Filling up the DagBag from /home/airflow/.local/lib/python3.7/site-packages/airflow/example_dags/example_trigger_target_dag.py
[2022-09-10T17:21:43.035+0000] {processor.py:650} INFO - DAG(s) dict_keys(['example_trigger_target_dag']) retrieved from /home/airflow/.local/lib/python3.7/site-packages/airflow/example_dags/example_trigger_target_dag.py
[2022-09-10T17:21:43.118+0000] {logging_mixin.py:115} INFO - [2022-09-10T17:21:43.118+0000] {dag.py:2429} INFO - Sync 1 DAGs
[2022-09-10T17:21:43.152+0000] {logging_mixin.py:115} INFO - [2022-09-10T17:21:43.152+0000] {dag.py:2981} INFO - Setting next_dagrun for example_trigger_target_dag to None, run_after=None
[2022-09-10T17:21:43.168+0000] {processor.py:161} INFO - Processing /home/airflow/.local/lib/python3.7/site-packages/airflow/example_dags/example_trigger_target_dag.py took 0.193 seconds
[2022-09-10T17:22:14.067+0000] {processor.py:153} INFO - Started process (PID=810) to work on /home/airflow/.local/lib/python3.7/site-packages/airflow/example_dags/example_trigger_target_dag.py
[2022-09-10T17:22:14.075+0000] {processor.py:640} INFO - Processing file /home/airflow/.local/lib/python3.7/site-packages/airflow/example_dags/example_trigger_target_dag.py for tasks to queue
[2022-09-10T17:22:14.077+0000] {logging_mixin.py:115} INFO - [2022-09-10T17:22:14.077+0000] {dagbag.py:508} INFO - Filling up the DagBag from /home/airflow/.local/lib/python3.7/site-packages/airflow/example_dags/example_trigger_target_dag.py
[2022-09-10T17:22:14.105+0000] {processor.py:650} INFO - DAG(s) dict_keys(['example_trigger_target_dag']) retrieved from /home/airflow/.local/lib/python3.7/site-packages/airflow/example_dags/example_trigger_target_dag.py
[2022-09-10T17:22:14.133+0000] {logging_mixin.py:115} INFO - [2022-09-10T17:22:14.132+0000] {dag.py:2429} INFO - Sync 1 DAGs
[2022-09-10T17:22:14.152+0000] {logging_mixin.py:115} INFO - [2022-09-10T17:22:14.152+0000] {dag.py:2981} INFO - Setting next_dagrun for example_trigger_target_dag to None, run_after=None
[2022-09-10T17:22:14.163+0000] {processor.py:161} INFO - Processing /home/airflow/.local/lib/python3.7/site-packages/airflow/example_dags/example_trigger_target_dag.py took 0.104 seconds
[2022-09-10T17:22:44.692+0000] {processor.py:153} INFO - Started process (PID=875) to work on /home/airflow/.local/lib/python3.7/site-packages/airflow/example_dags/example_trigger_target_dag.py
[2022-09-10T17:22:44.695+0000] {processor.py:640} INFO - Processing file /home/airflow/.local/lib/python3.7/site-packages/airflow/example_dags/example_trigger_target_dag.py for tasks to queue
[2022-09-10T17:22:44.697+0000] {logging_mixin.py:115} INFO - [2022-09-10T17:22:44.697+0000] {dagbag.py:508} INFO - Filling up the DagBag from /home/airflow/.local/lib/python3.7/site-packages/airflow/example_dags/example_trigger_target_dag.py
[2022-09-10T17:22:44.711+0000] {processor.py:650} INFO - DAG(s) dict_keys(['example_trigger_target_dag']) retrieved from /home/airflow/.local/lib/python3.7/site-packages/airflow/example_dags/example_trigger_target_dag.py
[2022-09-10T17:22:44.731+0000] {logging_mixin.py:115} INFO - [2022-09-10T17:22:44.731+0000] {dag.py:2429} INFO - Sync 1 DAGs
[2022-09-10T17:22:44.744+0000] {logging_mixin.py:115} INFO - [2022-09-10T17:22:44.744+0000] {dag.py:2981} INFO - Setting next_dagrun for example_trigger_target_dag to None, run_after=None
[2022-09-10T17:22:44.752+0000] {processor.py:161} INFO - Processing /home/airflow/.local/lib/python3.7/site-packages/airflow/example_dags/example_trigger_target_dag.py took 0.064 seconds
[2022-09-10T17:23:15.686+0000] {processor.py:153} INFO - Started process (PID=939) to work on /home/airflow/.local/lib/python3.7/site-packages/airflow/example_dags/example_trigger_target_dag.py
[2022-09-10T17:23:15.689+0000] {processor.py:640} INFO - Processing file /home/airflow/.local/lib/python3.7/site-packages/airflow/example_dags/example_trigger_target_dag.py for tasks to queue
[2022-09-10T17:23:15.691+0000] {logging_mixin.py:115} INFO - [2022-09-10T17:23:15.691+0000] {dagbag.py:508} INFO - Filling up the DagBag from /home/airflow/.local/lib/python3.7/site-packages/airflow/example_dags/example_trigger_target_dag.py
[2022-09-10T17:23:15.706+0000] {processor.py:650} INFO - DAG(s) dict_keys(['example_trigger_target_dag']) retrieved from /home/airflow/.local/lib/python3.7/site-packages/airflow/example_dags/example_trigger_target_dag.py
[2022-09-10T17:23:15.727+0000] {logging_mixin.py:115} INFO - [2022-09-10T17:23:15.726+0000] {dag.py:2429} INFO - Sync 1 DAGs
[2022-09-10T17:23:15.739+0000] {logging_mixin.py:115} INFO - [2022-09-10T17:23:15.739+0000] {dag.py:2981} INFO - Setting next_dagrun for example_trigger_target_dag to None, run_after=None
[2022-09-10T17:23:15.747+0000] {processor.py:161} INFO - Processing /home/airflow/.local/lib/python3.7/site-packages/airflow/example_dags/example_trigger_target_dag.py took 0.064 seconds
[2022-09-10T17:23:46.591+0000] {processor.py:153} INFO - Started process (PID=1002) to work on /home/airflow/.local/lib/python3.7/site-packages/airflow/example_dags/example_trigger_target_dag.py
[2022-09-10T17:23:46.595+0000] {processor.py:640} INFO - Processing file /home/airflow/.local/lib/python3.7/site-packages/airflow/example_dags/example_trigger_target_dag.py for tasks to queue
[2022-09-10T17:23:46.596+0000] {logging_mixin.py:115} INFO - [2022-09-10T17:23:46.596+0000] {dagbag.py:508} INFO - Filling up the DagBag from /home/airflow/.local/lib/python3.7/site-packages/airflow/example_dags/example_trigger_target_dag.py
[2022-09-10T17:23:46.613+0000] {processor.py:650} INFO - DAG(s) dict_keys(['example_trigger_target_dag']) retrieved from /home/airflow/.local/lib/python3.7/site-packages/airflow/example_dags/example_trigger_target_dag.py
[2022-09-10T17:23:46.635+0000] {logging_mixin.py:115} INFO - [2022-09-10T17:23:46.635+0000] {dag.py:2429} INFO - Sync 1 DAGs
[2022-09-10T17:23:46.652+0000] {logging_mixin.py:115} INFO - [2022-09-10T17:23:46.652+0000] {dag.py:2981} INFO - Setting next_dagrun for example_trigger_target_dag to None, run_after=None
[2022-09-10T17:23:46.662+0000] {processor.py:161} INFO - Processing /home/airflow/.local/lib/python3.7/site-packages/airflow/example_dags/example_trigger_target_dag.py took 0.074 seconds
[2022-09-10T17:24:17.680+0000] {processor.py:153} INFO - Started process (PID=1056) to work on /home/airflow/.local/lib/python3.7/site-packages/airflow/example_dags/example_trigger_target_dag.py
[2022-09-10T17:24:17.683+0000] {processor.py:640} INFO - Processing file /home/airflow/.local/lib/python3.7/site-packages/airflow/example_dags/example_trigger_target_dag.py for tasks to queue
[2022-09-10T17:24:17.685+0000] {logging_mixin.py:115} INFO - [2022-09-10T17:24:17.685+0000] {dagbag.py:508} INFO - Filling up the DagBag from /home/airflow/.local/lib/python3.7/site-packages/airflow/example_dags/example_trigger_target_dag.py
[2022-09-10T17:24:17.713+0000] {processor.py:650} INFO - DAG(s) dict_keys(['example_trigger_target_dag']) retrieved from /home/airflow/.local/lib/python3.7/site-packages/airflow/example_dags/example_trigger_target_dag.py
[2022-09-10T17:24:17.740+0000] {logging_mixin.py:115} INFO - [2022-09-10T17:24:17.740+0000] {dag.py:2429} INFO - Sync 1 DAGs
[2022-09-10T17:24:17.757+0000] {logging_mixin.py:115} INFO - [2022-09-10T17:24:17.757+0000] {dag.py:2981} INFO - Setting next_dagrun for example_trigger_target_dag to None, run_after=None
[2022-09-10T17:24:17.766+0000] {processor.py:161} INFO - Processing /home/airflow/.local/lib/python3.7/site-packages/airflow/example_dags/example_trigger_target_dag.py took 0.094 seconds
[2022-09-10T17:24:48.445+0000] {processor.py:153} INFO - Started process (PID=1119) to work on /home/airflow/.local/lib/python3.7/site-packages/airflow/example_dags/example_trigger_target_dag.py
[2022-09-10T17:24:48.446+0000] {processor.py:640} INFO - Processing file /home/airflow/.local/lib/python3.7/site-packages/airflow/example_dags/example_trigger_target_dag.py for tasks to queue
[2022-09-10T17:24:48.447+0000] {logging_mixin.py:115} INFO - [2022-09-10T17:24:48.447+0000] {dagbag.py:508} INFO - Filling up the DagBag from /home/airflow/.local/lib/python3.7/site-packages/airflow/example_dags/example_trigger_target_dag.py
[2022-09-10T17:24:48.461+0000] {processor.py:650} INFO - DAG(s) dict_keys(['example_trigger_target_dag']) retrieved from /home/airflow/.local/lib/python3.7/site-packages/airflow/example_dags/example_trigger_target_dag.py
[2022-09-10T17:24:48.483+0000] {logging_mixin.py:115} INFO - [2022-09-10T17:24:48.483+0000] {dag.py:2429} INFO - Sync 1 DAGs
[2022-09-10T17:24:48.501+0000] {logging_mixin.py:115} INFO - [2022-09-10T17:24:48.500+0000] {dag.py:2981} INFO - Setting next_dagrun for example_trigger_target_dag to None, run_after=None
[2022-09-10T17:24:48.511+0000] {processor.py:161} INFO - Processing /home/airflow/.local/lib/python3.7/site-packages/airflow/example_dags/example_trigger_target_dag.py took 0.069 seconds
[2022-09-10T17:25:19.301+0000] {processor.py:153} INFO - Started process (PID=1181) to work on /home/airflow/.local/lib/python3.7/site-packages/airflow/example_dags/example_trigger_target_dag.py
[2022-09-10T17:25:19.304+0000] {processor.py:640} INFO - Processing file /home/airflow/.local/lib/python3.7/site-packages/airflow/example_dags/example_trigger_target_dag.py for tasks to queue
[2022-09-10T17:25:19.306+0000] {logging_mixin.py:115} INFO - [2022-09-10T17:25:19.305+0000] {dagbag.py:508} INFO - Filling up the DagBag from /home/airflow/.local/lib/python3.7/site-packages/airflow/example_dags/example_trigger_target_dag.py
[2022-09-10T17:25:19.326+0000] {processor.py:650} INFO - DAG(s) dict_keys(['example_trigger_target_dag']) retrieved from /home/airflow/.local/lib/python3.7/site-packages/airflow/example_dags/example_trigger_target_dag.py
[2022-09-10T17:25:19.351+0000] {logging_mixin.py:115} INFO - [2022-09-10T17:25:19.351+0000] {dag.py:2429} INFO - Sync 1 DAGs
[2022-09-10T17:25:19.366+0000] {logging_mixin.py:115} INFO - [2022-09-10T17:25:19.365+0000] {dag.py:2981} INFO - Setting next_dagrun for example_trigger_target_dag to None, run_after=None
[2022-09-10T17:25:19.375+0000] {processor.py:161} INFO - Processing /home/airflow/.local/lib/python3.7/site-packages/airflow/example_dags/example_trigger_target_dag.py took 0.082 seconds
[2022-09-10T17:25:50.380+0000] {processor.py:153} INFO - Started process (PID=1245) to work on /home/airflow/.local/lib/python3.7/site-packages/airflow/example_dags/example_trigger_target_dag.py
[2022-09-10T17:25:50.383+0000] {processor.py:640} INFO - Processing file /home/airflow/.local/lib/python3.7/site-packages/airflow/example_dags/example_trigger_target_dag.py for tasks to queue
[2022-09-10T17:25:50.385+0000] {logging_mixin.py:115} INFO - [2022-09-10T17:25:50.385+0000] {dagbag.py:508} INFO - Filling up the DagBag from /home/airflow/.local/lib/python3.7/site-packages/airflow/example_dags/example_trigger_target_dag.py
[2022-09-10T17:25:50.411+0000] {processor.py:650} INFO - DAG(s) dict_keys(['example_trigger_target_dag']) retrieved from /home/airflow/.local/lib/python3.7/site-packages/airflow/example_dags/example_trigger_target_dag.py
[2022-09-10T17:25:50.444+0000] {logging_mixin.py:115} INFO - [2022-09-10T17:25:50.444+0000] {dag.py:2429} INFO - Sync 1 DAGs
[2022-09-10T17:25:50.460+0000] {logging_mixin.py:115} INFO - [2022-09-10T17:25:50.460+0000] {dag.py:2981} INFO - Setting next_dagrun for example_trigger_target_dag to None, run_after=None
[2022-09-10T17:25:50.469+0000] {processor.py:161} INFO - Processing /home/airflow/.local/lib/python3.7/site-packages/airflow/example_dags/example_trigger_target_dag.py took 0.096 seconds
[2022-09-10T17:26:20.536+0000] {processor.py:153} INFO - Started process (PID=1307) to work on /home/airflow/.local/lib/python3.7/site-packages/airflow/example_dags/example_trigger_target_dag.py
[2022-09-10T17:26:20.538+0000] {processor.py:640} INFO - Processing file /home/airflow/.local/lib/python3.7/site-packages/airflow/example_dags/example_trigger_target_dag.py for tasks to queue
[2022-09-10T17:26:20.539+0000] {logging_mixin.py:115} INFO - [2022-09-10T17:26:20.539+0000] {dagbag.py:508} INFO - Filling up the DagBag from /home/airflow/.local/lib/python3.7/site-packages/airflow/example_dags/example_trigger_target_dag.py
[2022-09-10T17:26:20.550+0000] {processor.py:650} INFO - DAG(s) dict_keys(['example_trigger_target_dag']) retrieved from /home/airflow/.local/lib/python3.7/site-packages/airflow/example_dags/example_trigger_target_dag.py
[2022-09-10T17:26:20.567+0000] {logging_mixin.py:115} INFO - [2022-09-10T17:26:20.567+0000] {dag.py:2429} INFO - Sync 1 DAGs
[2022-09-10T17:26:20.579+0000] {logging_mixin.py:115} INFO - [2022-09-10T17:26:20.579+0000] {dag.py:2981} INFO - Setting next_dagrun for example_trigger_target_dag to None, run_after=None
[2022-09-10T17:26:20.585+0000] {processor.py:161} INFO - Processing /home/airflow/.local/lib/python3.7/site-packages/airflow/example_dags/example_trigger_target_dag.py took 0.053 seconds
[2022-09-10T17:26:50.646+0000] {processor.py:153} INFO - Started process (PID=1361) to work on /home/airflow/.local/lib/python3.7/site-packages/airflow/example_dags/example_trigger_target_dag.py
[2022-09-10T17:26:50.650+0000] {processor.py:640} INFO - Processing file /home/airflow/.local/lib/python3.7/site-packages/airflow/example_dags/example_trigger_target_dag.py for tasks to queue
[2022-09-10T17:26:50.652+0000] {logging_mixin.py:115} INFO - [2022-09-10T17:26:50.652+0000] {dagbag.py:508} INFO - Filling up the DagBag from /home/airflow/.local/lib/python3.7/site-packages/airflow/example_dags/example_trigger_target_dag.py
[2022-09-10T17:26:50.669+0000] {processor.py:650} INFO - DAG(s) dict_keys(['example_trigger_target_dag']) retrieved from /home/airflow/.local/lib/python3.7/site-packages/airflow/example_dags/example_trigger_target_dag.py
[2022-09-10T17:26:50.690+0000] {logging_mixin.py:115} INFO - [2022-09-10T17:26:50.690+0000] {dag.py:2429} INFO - Sync 1 DAGs
[2022-09-10T17:26:50.703+0000] {logging_mixin.py:115} INFO - [2022-09-10T17:26:50.702+0000] {dag.py:2981} INFO - Setting next_dagrun for example_trigger_target_dag to None, run_after=None
[2022-09-10T17:26:50.710+0000] {processor.py:161} INFO - Processing /home/airflow/.local/lib/python3.7/site-packages/airflow/example_dags/example_trigger_target_dag.py took 0.070 seconds
[2022-09-10T17:27:20.844+0000] {processor.py:153} INFO - Started process (PID=1425) to work on /home/airflow/.local/lib/python3.7/site-packages/airflow/example_dags/example_trigger_target_dag.py
[2022-09-10T17:27:20.846+0000] {processor.py:640} INFO - Processing file /home/airflow/.local/lib/python3.7/site-packages/airflow/example_dags/example_trigger_target_dag.py for tasks to queue
[2022-09-10T17:27:20.847+0000] {logging_mixin.py:115} INFO - [2022-09-10T17:27:20.847+0000] {dagbag.py:508} INFO - Filling up the DagBag from /home/airflow/.local/lib/python3.7/site-packages/airflow/example_dags/example_trigger_target_dag.py
[2022-09-10T17:27:20.856+0000] {processor.py:650} INFO - DAG(s) dict_keys(['example_trigger_target_dag']) retrieved from /home/airflow/.local/lib/python3.7/site-packages/airflow/example_dags/example_trigger_target_dag.py
[2022-09-10T17:27:20.872+0000] {logging_mixin.py:115} INFO - [2022-09-10T17:27:20.872+0000] {dag.py:2429} INFO - Sync 1 DAGs
[2022-09-10T17:27:20.885+0000] {logging_mixin.py:115} INFO - [2022-09-10T17:27:20.885+0000] {dag.py:2981} INFO - Setting next_dagrun for example_trigger_target_dag to None, run_after=None
[2022-09-10T17:27:20.893+0000] {processor.py:161} INFO - Processing /home/airflow/.local/lib/python3.7/site-packages/airflow/example_dags/example_trigger_target_dag.py took 0.051 seconds
[2022-09-10T17:27:51.982+0000] {processor.py:153} INFO - Started process (PID=1490) to work on /home/airflow/.local/lib/python3.7/site-packages/airflow/example_dags/example_trigger_target_dag.py
[2022-09-10T17:27:51.983+0000] {processor.py:640} INFO - Processing file /home/airflow/.local/lib/python3.7/site-packages/airflow/example_dags/example_trigger_target_dag.py for tasks to queue
[2022-09-10T17:27:51.984+0000] {logging_mixin.py:115} INFO - [2022-09-10T17:27:51.984+0000] {dagbag.py:508} INFO - Filling up the DagBag from /home/airflow/.local/lib/python3.7/site-packages/airflow/example_dags/example_trigger_target_dag.py
[2022-09-10T17:27:51.994+0000] {processor.py:650} INFO - DAG(s) dict_keys(['example_trigger_target_dag']) retrieved from /home/airflow/.local/lib/python3.7/site-packages/airflow/example_dags/example_trigger_target_dag.py
[2022-09-10T17:27:52.010+0000] {logging_mixin.py:115} INFO - [2022-09-10T17:27:52.010+0000] {dag.py:2429} INFO - Sync 1 DAGs
[2022-09-10T17:27:52.023+0000] {logging_mixin.py:115} INFO - [2022-09-10T17:27:52.023+0000] {dag.py:2981} INFO - Setting next_dagrun for example_trigger_target_dag to None, run_after=None
[2022-09-10T17:27:52.030+0000] {processor.py:161} INFO - Processing /home/airflow/.local/lib/python3.7/site-packages/airflow/example_dags/example_trigger_target_dag.py took 0.050 seconds
[2022-09-10T17:28:22.127+0000] {processor.py:153} INFO - Started process (PID=1553) to work on /home/airflow/.local/lib/python3.7/site-packages/airflow/example_dags/example_trigger_target_dag.py
[2022-09-10T17:28:22.129+0000] {processor.py:640} INFO - Processing file /home/airflow/.local/lib/python3.7/site-packages/airflow/example_dags/example_trigger_target_dag.py for tasks to queue
[2022-09-10T17:28:22.130+0000] {logging_mixin.py:115} INFO - [2022-09-10T17:28:22.130+0000] {dagbag.py:508} INFO - Filling up the DagBag from /home/airflow/.local/lib/python3.7/site-packages/airflow/example_dags/example_trigger_target_dag.py
[2022-09-10T17:28:22.142+0000] {processor.py:650} INFO - DAG(s) dict_keys(['example_trigger_target_dag']) retrieved from /home/airflow/.local/lib/python3.7/site-packages/airflow/example_dags/example_trigger_target_dag.py
[2022-09-10T17:28:22.159+0000] {logging_mixin.py:115} INFO - [2022-09-10T17:28:22.159+0000] {dag.py:2429} INFO - Sync 1 DAGs
[2022-09-10T17:28:22.173+0000] {logging_mixin.py:115} INFO - [2022-09-10T17:28:22.173+0000] {dag.py:2981} INFO - Setting next_dagrun for example_trigger_target_dag to None, run_after=None
[2022-09-10T17:28:22.182+0000] {processor.py:161} INFO - Processing /home/airflow/.local/lib/python3.7/site-packages/airflow/example_dags/example_trigger_target_dag.py took 0.057 seconds
[2022-09-10T17:28:52.734+0000] {processor.py:153} INFO - Started process (PID=1616) to work on /home/airflow/.local/lib/python3.7/site-packages/airflow/example_dags/example_trigger_target_dag.py
[2022-09-10T17:28:52.736+0000] {processor.py:640} INFO - Processing file /home/airflow/.local/lib/python3.7/site-packages/airflow/example_dags/example_trigger_target_dag.py for tasks to queue
[2022-09-10T17:28:52.737+0000] {logging_mixin.py:115} INFO - [2022-09-10T17:28:52.737+0000] {dagbag.py:508} INFO - Filling up the DagBag from /home/airflow/.local/lib/python3.7/site-packages/airflow/example_dags/example_trigger_target_dag.py
[2022-09-10T17:28:52.748+0000] {processor.py:650} INFO - DAG(s) dict_keys(['example_trigger_target_dag']) retrieved from /home/airflow/.local/lib/python3.7/site-packages/airflow/example_dags/example_trigger_target_dag.py
[2022-09-10T17:28:52.766+0000] {logging_mixin.py:115} INFO - [2022-09-10T17:28:52.766+0000] {dag.py:2429} INFO - Sync 1 DAGs
[2022-09-10T17:28:52.780+0000] {logging_mixin.py:115} INFO - [2022-09-10T17:28:52.780+0000] {dag.py:2981} INFO - Setting next_dagrun for example_trigger_target_dag to None, run_after=None
[2022-09-10T17:28:52.789+0000] {processor.py:161} INFO - Processing /home/airflow/.local/lib/python3.7/site-packages/airflow/example_dags/example_trigger_target_dag.py took 0.058 seconds
[2022-09-10T17:29:23.600+0000] {processor.py:153} INFO - Started process (PID=1670) to work on /home/airflow/.local/lib/python3.7/site-packages/airflow/example_dags/example_trigger_target_dag.py
[2022-09-10T17:29:23.601+0000] {processor.py:640} INFO - Processing file /home/airflow/.local/lib/python3.7/site-packages/airflow/example_dags/example_trigger_target_dag.py for tasks to queue
[2022-09-10T17:29:23.603+0000] {logging_mixin.py:115} INFO - [2022-09-10T17:29:23.603+0000] {dagbag.py:508} INFO - Filling up the DagBag from /home/airflow/.local/lib/python3.7/site-packages/airflow/example_dags/example_trigger_target_dag.py
[2022-09-10T17:29:23.618+0000] {processor.py:650} INFO - DAG(s) dict_keys(['example_trigger_target_dag']) retrieved from /home/airflow/.local/lib/python3.7/site-packages/airflow/example_dags/example_trigger_target_dag.py
[2022-09-10T17:29:23.637+0000] {logging_mixin.py:115} INFO - [2022-09-10T17:29:23.636+0000] {dag.py:2429} INFO - Sync 1 DAGs
[2022-09-10T17:29:23.650+0000] {logging_mixin.py:115} INFO - [2022-09-10T17:29:23.650+0000] {dag.py:2981} INFO - Setting next_dagrun for example_trigger_target_dag to None, run_after=None
[2022-09-10T17:29:23.658+0000] {processor.py:161} INFO - Processing /home/airflow/.local/lib/python3.7/site-packages/airflow/example_dags/example_trigger_target_dag.py took 0.061 seconds
[2022-09-10T17:29:53.824+0000] {processor.py:153} INFO - Started process (PID=1732) to work on /home/airflow/.local/lib/python3.7/site-packages/airflow/example_dags/example_trigger_target_dag.py
[2022-09-10T17:29:53.825+0000] {processor.py:640} INFO - Processing file /home/airflow/.local/lib/python3.7/site-packages/airflow/example_dags/example_trigger_target_dag.py for tasks to queue
[2022-09-10T17:29:53.826+0000] {logging_mixin.py:115} INFO - [2022-09-10T17:29:53.826+0000] {dagbag.py:508} INFO - Filling up the DagBag from /home/airflow/.local/lib/python3.7/site-packages/airflow/example_dags/example_trigger_target_dag.py
[2022-09-10T17:29:53.839+0000] {processor.py:650} INFO - DAG(s) dict_keys(['example_trigger_target_dag']) retrieved from /home/airflow/.local/lib/python3.7/site-packages/airflow/example_dags/example_trigger_target_dag.py
[2022-09-10T17:29:53.857+0000] {logging_mixin.py:115} INFO - [2022-09-10T17:29:53.857+0000] {dag.py:2429} INFO - Sync 1 DAGs
[2022-09-10T17:29:53.870+0000] {logging_mixin.py:115} INFO - [2022-09-10T17:29:53.870+0000] {dag.py:2981} INFO - Setting next_dagrun for example_trigger_target_dag to None, run_after=None
[2022-09-10T17:29:53.877+0000] {processor.py:161} INFO - Processing /home/airflow/.local/lib/python3.7/site-packages/airflow/example_dags/example_trigger_target_dag.py took 0.055 seconds
[2022-09-10T17:30:24.332+0000] {processor.py:153} INFO - Started process (PID=1795) to work on /home/airflow/.local/lib/python3.7/site-packages/airflow/example_dags/example_trigger_target_dag.py
[2022-09-10T17:30:24.335+0000] {processor.py:640} INFO - Processing file /home/airflow/.local/lib/python3.7/site-packages/airflow/example_dags/example_trigger_target_dag.py for tasks to queue
[2022-09-10T17:30:24.336+0000] {logging_mixin.py:115} INFO - [2022-09-10T17:30:24.336+0000] {dagbag.py:508} INFO - Filling up the DagBag from /home/airflow/.local/lib/python3.7/site-packages/airflow/example_dags/example_trigger_target_dag.py
[2022-09-10T17:30:24.351+0000] {processor.py:650} INFO - DAG(s) dict_keys(['example_trigger_target_dag']) retrieved from /home/airflow/.local/lib/python3.7/site-packages/airflow/example_dags/example_trigger_target_dag.py
[2022-09-10T17:30:24.369+0000] {logging_mixin.py:115} INFO - [2022-09-10T17:30:24.369+0000] {dag.py:2429} INFO - Sync 1 DAGs
[2022-09-10T17:30:24.382+0000] {logging_mixin.py:115} INFO - [2022-09-10T17:30:24.382+0000] {dag.py:2981} INFO - Setting next_dagrun for example_trigger_target_dag to None, run_after=None
[2022-09-10T17:30:24.391+0000] {processor.py:161} INFO - Processing /home/airflow/.local/lib/python3.7/site-packages/airflow/example_dags/example_trigger_target_dag.py took 0.061 seconds
