[2022-09-10T17:06:43.173+0000] {processor.py:153} INFO - Started process (PID=74) to work on /home/airflow/.local/lib/python3.7/site-packages/airflow/example_dags/example_time_delta_sensor_async.py
[2022-09-10T17:06:43.176+0000] {processor.py:640} INFO - Processing file /home/airflow/.local/lib/python3.7/site-packages/airflow/example_dags/example_time_delta_sensor_async.py for tasks to queue
[2022-09-10T17:06:43.178+0000] {logging_mixin.py:115} INFO - [2022-09-10T17:06:43.178+0000] {dagbag.py:508} INFO - Filling up the DagBag from /home/airflow/.local/lib/python3.7/site-packages/airflow/example_dags/example_time_delta_sensor_async.py
[2022-09-10T17:06:43.193+0000] {processor.py:650} INFO - DAG(s) dict_keys(['example_time_delta_sensor_async']) retrieved from /home/airflow/.local/lib/python3.7/site-packages/airflow/example_dags/example_time_delta_sensor_async.py
[2022-09-10T17:06:43.510+0000] {logging_mixin.py:115} INFO - [2022-09-10T17:06:43.509+0000] {manager.py:508} INFO - Created Permission View: can edit on DAG:example_time_delta_sensor_async
[2022-09-10T17:06:43.525+0000] {logging_mixin.py:115} INFO - [2022-09-10T17:06:43.525+0000] {manager.py:508} INFO - Created Permission View: can delete on DAG:example_time_delta_sensor_async
[2022-09-10T17:06:43.537+0000] {logging_mixin.py:115} INFO - [2022-09-10T17:06:43.536+0000] {manager.py:508} INFO - Created Permission View: can read on DAG:example_time_delta_sensor_async
[2022-09-10T17:06:43.538+0000] {logging_mixin.py:115} INFO - [2022-09-10T17:06:43.538+0000] {dag.py:2429} INFO - Sync 1 DAGs
[2022-09-10T17:06:43.551+0000] {logging_mixin.py:115} INFO - [2022-09-10T17:06:43.551+0000] {dag.py:2448} INFO - Creating ORM DAG for example_time_delta_sensor_async
[2022-09-10T17:06:43.573+0000] {logging_mixin.py:115} INFO - [2022-09-10T17:06:43.573+0000] {dag.py:2981} INFO - Setting next_dagrun for example_time_delta_sensor_async to None, run_after=None
[2022-09-10T17:06:43.613+0000] {processor.py:161} INFO - Processing /home/airflow/.local/lib/python3.7/site-packages/airflow/example_dags/example_time_delta_sensor_async.py took 0.443 seconds
[2022-09-10T17:07:13.928+0000] {processor.py:153} INFO - Started process (PID=138) to work on /home/airflow/.local/lib/python3.7/site-packages/airflow/example_dags/example_time_delta_sensor_async.py
[2022-09-10T17:07:13.929+0000] {processor.py:640} INFO - Processing file /home/airflow/.local/lib/python3.7/site-packages/airflow/example_dags/example_time_delta_sensor_async.py for tasks to queue
[2022-09-10T17:07:13.930+0000] {logging_mixin.py:115} INFO - [2022-09-10T17:07:13.930+0000] {dagbag.py:508} INFO - Filling up the DagBag from /home/airflow/.local/lib/python3.7/site-packages/airflow/example_dags/example_time_delta_sensor_async.py
[2022-09-10T17:07:13.935+0000] {processor.py:650} INFO - DAG(s) dict_keys(['example_time_delta_sensor_async']) retrieved from /home/airflow/.local/lib/python3.7/site-packages/airflow/example_dags/example_time_delta_sensor_async.py
[2022-09-10T17:07:14.023+0000] {logging_mixin.py:115} INFO - [2022-09-10T17:07:14.023+0000] {dag.py:2429} INFO - Sync 1 DAGs
[2022-09-10T17:07:14.036+0000] {logging_mixin.py:115} INFO - [2022-09-10T17:07:14.035+0000] {dag.py:2981} INFO - Setting next_dagrun for example_time_delta_sensor_async to None, run_after=None
[2022-09-10T17:07:14.044+0000] {processor.py:161} INFO - Processing /home/airflow/.local/lib/python3.7/site-packages/airflow/example_dags/example_time_delta_sensor_async.py took 0.118 seconds
[2022-09-10T17:07:44.831+0000] {processor.py:153} INFO - Started process (PID=201) to work on /home/airflow/.local/lib/python3.7/site-packages/airflow/example_dags/example_time_delta_sensor_async.py
[2022-09-10T17:07:44.833+0000] {processor.py:640} INFO - Processing file /home/airflow/.local/lib/python3.7/site-packages/airflow/example_dags/example_time_delta_sensor_async.py for tasks to queue
[2022-09-10T17:07:44.834+0000] {logging_mixin.py:115} INFO - [2022-09-10T17:07:44.834+0000] {dagbag.py:508} INFO - Filling up the DagBag from /home/airflow/.local/lib/python3.7/site-packages/airflow/example_dags/example_time_delta_sensor_async.py
[2022-09-10T17:07:44.838+0000] {processor.py:650} INFO - DAG(s) dict_keys(['example_time_delta_sensor_async']) retrieved from /home/airflow/.local/lib/python3.7/site-packages/airflow/example_dags/example_time_delta_sensor_async.py
[2022-09-10T17:07:44.934+0000] {logging_mixin.py:115} INFO - [2022-09-10T17:07:44.934+0000] {dag.py:2429} INFO - Sync 1 DAGs
[2022-09-10T17:07:44.950+0000] {logging_mixin.py:115} INFO - [2022-09-10T17:07:44.950+0000] {dag.py:2981} INFO - Setting next_dagrun for example_time_delta_sensor_async to None, run_after=None
[2022-09-10T17:07:44.958+0000] {processor.py:161} INFO - Processing /home/airflow/.local/lib/python3.7/site-packages/airflow/example_dags/example_time_delta_sensor_async.py took 0.129 seconds
[2022-09-10T17:08:15.706+0000] {processor.py:153} INFO - Started process (PID=263) to work on /home/airflow/.local/lib/python3.7/site-packages/airflow/example_dags/example_time_delta_sensor_async.py
[2022-09-10T17:08:15.707+0000] {processor.py:640} INFO - Processing file /home/airflow/.local/lib/python3.7/site-packages/airflow/example_dags/example_time_delta_sensor_async.py for tasks to queue
[2022-09-10T17:08:15.708+0000] {logging_mixin.py:115} INFO - [2022-09-10T17:08:15.708+0000] {dagbag.py:508} INFO - Filling up the DagBag from /home/airflow/.local/lib/python3.7/site-packages/airflow/example_dags/example_time_delta_sensor_async.py
[2022-09-10T17:08:15.711+0000] {processor.py:650} INFO - DAG(s) dict_keys(['example_time_delta_sensor_async']) retrieved from /home/airflow/.local/lib/python3.7/site-packages/airflow/example_dags/example_time_delta_sensor_async.py
[2022-09-10T17:08:15.812+0000] {logging_mixin.py:115} INFO - [2022-09-10T17:08:15.812+0000] {dag.py:2429} INFO - Sync 1 DAGs
[2022-09-10T17:08:15.828+0000] {logging_mixin.py:115} INFO - [2022-09-10T17:08:15.828+0000] {dag.py:2981} INFO - Setting next_dagrun for example_time_delta_sensor_async to None, run_after=None
[2022-09-10T17:08:15.837+0000] {processor.py:161} INFO - Processing /home/airflow/.local/lib/python3.7/site-packages/airflow/example_dags/example_time_delta_sensor_async.py took 0.133 seconds
[2022-09-10T17:08:46.597+0000] {processor.py:153} INFO - Started process (PID=317) to work on /home/airflow/.local/lib/python3.7/site-packages/airflow/example_dags/example_time_delta_sensor_async.py
[2022-09-10T17:08:46.598+0000] {processor.py:640} INFO - Processing file /home/airflow/.local/lib/python3.7/site-packages/airflow/example_dags/example_time_delta_sensor_async.py for tasks to queue
[2022-09-10T17:08:46.599+0000] {logging_mixin.py:115} INFO - [2022-09-10T17:08:46.599+0000] {dagbag.py:508} INFO - Filling up the DagBag from /home/airflow/.local/lib/python3.7/site-packages/airflow/example_dags/example_time_delta_sensor_async.py
[2022-09-10T17:08:46.602+0000] {processor.py:650} INFO - DAG(s) dict_keys(['example_time_delta_sensor_async']) retrieved from /home/airflow/.local/lib/python3.7/site-packages/airflow/example_dags/example_time_delta_sensor_async.py
[2022-09-10T17:08:46.688+0000] {logging_mixin.py:115} INFO - [2022-09-10T17:08:46.688+0000] {dag.py:2429} INFO - Sync 1 DAGs
[2022-09-10T17:08:46.700+0000] {logging_mixin.py:115} INFO - [2022-09-10T17:08:46.700+0000] {dag.py:2981} INFO - Setting next_dagrun for example_time_delta_sensor_async to None, run_after=None
[2022-09-10T17:08:46.707+0000] {processor.py:161} INFO - Processing /home/airflow/.local/lib/python3.7/site-packages/airflow/example_dags/example_time_delta_sensor_async.py took 0.113 seconds
[2022-09-10T17:09:17.409+0000] {processor.py:153} INFO - Started process (PID=381) to work on /home/airflow/.local/lib/python3.7/site-packages/airflow/example_dags/example_time_delta_sensor_async.py
[2022-09-10T17:09:17.411+0000] {processor.py:640} INFO - Processing file /home/airflow/.local/lib/python3.7/site-packages/airflow/example_dags/example_time_delta_sensor_async.py for tasks to queue
[2022-09-10T17:09:17.411+0000] {logging_mixin.py:115} INFO - [2022-09-10T17:09:17.411+0000] {dagbag.py:508} INFO - Filling up the DagBag from /home/airflow/.local/lib/python3.7/site-packages/airflow/example_dags/example_time_delta_sensor_async.py
[2022-09-10T17:09:17.415+0000] {processor.py:650} INFO - DAG(s) dict_keys(['example_time_delta_sensor_async']) retrieved from /home/airflow/.local/lib/python3.7/site-packages/airflow/example_dags/example_time_delta_sensor_async.py
[2022-09-10T17:09:17.502+0000] {logging_mixin.py:115} INFO - [2022-09-10T17:09:17.502+0000] {dag.py:2429} INFO - Sync 1 DAGs
[2022-09-10T17:09:17.516+0000] {logging_mixin.py:115} INFO - [2022-09-10T17:09:17.516+0000] {dag.py:2981} INFO - Setting next_dagrun for example_time_delta_sensor_async to None, run_after=None
[2022-09-10T17:09:17.523+0000] {processor.py:161} INFO - Processing /home/airflow/.local/lib/python3.7/site-packages/airflow/example_dags/example_time_delta_sensor_async.py took 0.116 seconds
[2022-09-10T17:09:48.256+0000] {processor.py:153} INFO - Started process (PID=445) to work on /home/airflow/.local/lib/python3.7/site-packages/airflow/example_dags/example_time_delta_sensor_async.py
[2022-09-10T17:09:48.258+0000] {processor.py:640} INFO - Processing file /home/airflow/.local/lib/python3.7/site-packages/airflow/example_dags/example_time_delta_sensor_async.py for tasks to queue
[2022-09-10T17:09:48.259+0000] {logging_mixin.py:115} INFO - [2022-09-10T17:09:48.259+0000] {dagbag.py:508} INFO - Filling up the DagBag from /home/airflow/.local/lib/python3.7/site-packages/airflow/example_dags/example_time_delta_sensor_async.py
[2022-09-10T17:09:48.263+0000] {processor.py:650} INFO - DAG(s) dict_keys(['example_time_delta_sensor_async']) retrieved from /home/airflow/.local/lib/python3.7/site-packages/airflow/example_dags/example_time_delta_sensor_async.py
[2022-09-10T17:09:48.351+0000] {logging_mixin.py:115} INFO - [2022-09-10T17:09:48.350+0000] {dag.py:2429} INFO - Sync 1 DAGs
[2022-09-10T17:09:48.363+0000] {logging_mixin.py:115} INFO - [2022-09-10T17:09:48.363+0000] {dag.py:2981} INFO - Setting next_dagrun for example_time_delta_sensor_async to None, run_after=None
[2022-09-10T17:09:48.370+0000] {processor.py:161} INFO - Processing /home/airflow/.local/lib/python3.7/site-packages/airflow/example_dags/example_time_delta_sensor_async.py took 0.115 seconds
[2022-09-10T17:10:19.181+0000] {processor.py:153} INFO - Started process (PID=509) to work on /home/airflow/.local/lib/python3.7/site-packages/airflow/example_dags/example_time_delta_sensor_async.py
[2022-09-10T17:10:19.182+0000] {processor.py:640} INFO - Processing file /home/airflow/.local/lib/python3.7/site-packages/airflow/example_dags/example_time_delta_sensor_async.py for tasks to queue
[2022-09-10T17:10:19.183+0000] {logging_mixin.py:115} INFO - [2022-09-10T17:10:19.183+0000] {dagbag.py:508} INFO - Filling up the DagBag from /home/airflow/.local/lib/python3.7/site-packages/airflow/example_dags/example_time_delta_sensor_async.py
[2022-09-10T17:10:19.187+0000] {processor.py:650} INFO - DAG(s) dict_keys(['example_time_delta_sensor_async']) retrieved from /home/airflow/.local/lib/python3.7/site-packages/airflow/example_dags/example_time_delta_sensor_async.py
[2022-09-10T17:10:19.279+0000] {logging_mixin.py:115} INFO - [2022-09-10T17:10:19.279+0000] {dag.py:2429} INFO - Sync 1 DAGs
[2022-09-10T17:10:19.297+0000] {logging_mixin.py:115} INFO - [2022-09-10T17:10:19.296+0000] {dag.py:2981} INFO - Setting next_dagrun for example_time_delta_sensor_async to None, run_after=None
[2022-09-10T17:10:19.323+0000] {processor.py:161} INFO - Processing /home/airflow/.local/lib/python3.7/site-packages/airflow/example_dags/example_time_delta_sensor_async.py took 0.144 seconds
[2022-09-10T17:10:50.019+0000] {processor.py:153} INFO - Started process (PID=572) to work on /home/airflow/.local/lib/python3.7/site-packages/airflow/example_dags/example_time_delta_sensor_async.py
[2022-09-10T17:10:50.020+0000] {processor.py:640} INFO - Processing file /home/airflow/.local/lib/python3.7/site-packages/airflow/example_dags/example_time_delta_sensor_async.py for tasks to queue
[2022-09-10T17:10:50.021+0000] {logging_mixin.py:115} INFO - [2022-09-10T17:10:50.021+0000] {dagbag.py:508} INFO - Filling up the DagBag from /home/airflow/.local/lib/python3.7/site-packages/airflow/example_dags/example_time_delta_sensor_async.py
[2022-09-10T17:10:50.025+0000] {processor.py:650} INFO - DAG(s) dict_keys(['example_time_delta_sensor_async']) retrieved from /home/airflow/.local/lib/python3.7/site-packages/airflow/example_dags/example_time_delta_sensor_async.py
[2022-09-10T17:10:50.113+0000] {logging_mixin.py:115} INFO - [2022-09-10T17:10:50.113+0000] {dag.py:2429} INFO - Sync 1 DAGs
[2022-09-10T17:10:50.124+0000] {logging_mixin.py:115} INFO - [2022-09-10T17:10:50.124+0000] {dag.py:2981} INFO - Setting next_dagrun for example_time_delta_sensor_async to None, run_after=None
[2022-09-10T17:10:50.132+0000] {processor.py:161} INFO - Processing /home/airflow/.local/lib/python3.7/site-packages/airflow/example_dags/example_time_delta_sensor_async.py took 0.116 seconds
[2022-09-10T17:13:07.039+0000] {processor.py:153} INFO - Started process (PID=73) to work on /home/airflow/.local/lib/python3.7/site-packages/airflow/example_dags/example_time_delta_sensor_async.py
[2022-09-10T17:13:07.042+0000] {processor.py:640} INFO - Processing file /home/airflow/.local/lib/python3.7/site-packages/airflow/example_dags/example_time_delta_sensor_async.py for tasks to queue
[2022-09-10T17:13:07.045+0000] {logging_mixin.py:115} INFO - [2022-09-10T17:13:07.044+0000] {dagbag.py:508} INFO - Filling up the DagBag from /home/airflow/.local/lib/python3.7/site-packages/airflow/example_dags/example_time_delta_sensor_async.py
[2022-09-10T17:13:07.057+0000] {processor.py:650} INFO - DAG(s) dict_keys(['example_time_delta_sensor_async']) retrieved from /home/airflow/.local/lib/python3.7/site-packages/airflow/example_dags/example_time_delta_sensor_async.py
[2022-09-10T17:13:07.424+0000] {logging_mixin.py:115} INFO - [2022-09-10T17:13:07.424+0000] {dag.py:2429} INFO - Sync 1 DAGs
[2022-09-10T17:13:07.692+0000] {logging_mixin.py:115} INFO - [2022-09-10T17:13:07.692+0000] {dag.py:2981} INFO - Setting next_dagrun for example_time_delta_sensor_async to None, run_after=None
[2022-09-10T17:13:07.708+0000] {processor.py:161} INFO - Processing /home/airflow/.local/lib/python3.7/site-packages/airflow/example_dags/example_time_delta_sensor_async.py took 0.677 seconds
[2022-09-10T17:13:37.900+0000] {processor.py:153} INFO - Started process (PID=127) to work on /home/airflow/.local/lib/python3.7/site-packages/airflow/example_dags/example_time_delta_sensor_async.py
[2022-09-10T17:13:37.902+0000] {processor.py:640} INFO - Processing file /home/airflow/.local/lib/python3.7/site-packages/airflow/example_dags/example_time_delta_sensor_async.py for tasks to queue
[2022-09-10T17:13:37.903+0000] {logging_mixin.py:115} INFO - [2022-09-10T17:13:37.903+0000] {dagbag.py:508} INFO - Filling up the DagBag from /home/airflow/.local/lib/python3.7/site-packages/airflow/example_dags/example_time_delta_sensor_async.py
[2022-09-10T17:13:37.907+0000] {processor.py:650} INFO - DAG(s) dict_keys(['example_time_delta_sensor_async']) retrieved from /home/airflow/.local/lib/python3.7/site-packages/airflow/example_dags/example_time_delta_sensor_async.py
[2022-09-10T17:13:38.062+0000] {logging_mixin.py:115} INFO - [2022-09-10T17:13:38.062+0000] {dag.py:2429} INFO - Sync 1 DAGs
[2022-09-10T17:13:38.332+0000] {logging_mixin.py:115} INFO - [2022-09-10T17:13:38.332+0000] {dag.py:2981} INFO - Setting next_dagrun for example_time_delta_sensor_async to None, run_after=None
[2022-09-10T17:13:38.346+0000] {processor.py:161} INFO - Processing /home/airflow/.local/lib/python3.7/site-packages/airflow/example_dags/example_time_delta_sensor_async.py took 0.451 seconds
[2022-09-10T17:16:09.262+0000] {processor.py:153} INFO - Started process (PID=85) to work on /home/airflow/.local/lib/python3.7/site-packages/airflow/example_dags/example_time_delta_sensor_async.py
[2022-09-10T17:16:09.265+0000] {processor.py:640} INFO - Processing file /home/airflow/.local/lib/python3.7/site-packages/airflow/example_dags/example_time_delta_sensor_async.py for tasks to queue
[2022-09-10T17:16:09.269+0000] {logging_mixin.py:115} INFO - [2022-09-10T17:16:09.269+0000] {dagbag.py:508} INFO - Filling up the DagBag from /home/airflow/.local/lib/python3.7/site-packages/airflow/example_dags/example_time_delta_sensor_async.py
[2022-09-10T17:16:09.294+0000] {processor.py:650} INFO - DAG(s) dict_keys(['example_time_delta_sensor_async']) retrieved from /home/airflow/.local/lib/python3.7/site-packages/airflow/example_dags/example_time_delta_sensor_async.py
[2022-09-10T17:16:09.789+0000] {logging_mixin.py:115} INFO - [2022-09-10T17:16:09.789+0000] {dag.py:2429} INFO - Sync 1 DAGs
[2022-09-10T17:16:09.836+0000] {logging_mixin.py:115} INFO - [2022-09-10T17:16:09.836+0000] {dag.py:2981} INFO - Setting next_dagrun for example_time_delta_sensor_async to None, run_after=None
[2022-09-10T17:16:09.872+0000] {processor.py:161} INFO - Processing /home/airflow/.local/lib/python3.7/site-packages/airflow/example_dags/example_time_delta_sensor_async.py took 0.626 seconds
[2022-09-10T17:16:40.791+0000] {processor.py:153} INFO - Started process (PID=139) to work on /home/airflow/.local/lib/python3.7/site-packages/airflow/example_dags/example_time_delta_sensor_async.py
[2022-09-10T17:16:40.795+0000] {processor.py:640} INFO - Processing file /home/airflow/.local/lib/python3.7/site-packages/airflow/example_dags/example_time_delta_sensor_async.py for tasks to queue
[2022-09-10T17:16:40.797+0000] {logging_mixin.py:115} INFO - [2022-09-10T17:16:40.796+0000] {dagbag.py:508} INFO - Filling up the DagBag from /home/airflow/.local/lib/python3.7/site-packages/airflow/example_dags/example_time_delta_sensor_async.py
[2022-09-10T17:16:40.804+0000] {processor.py:650} INFO - DAG(s) dict_keys(['example_time_delta_sensor_async']) retrieved from /home/airflow/.local/lib/python3.7/site-packages/airflow/example_dags/example_time_delta_sensor_async.py
[2022-09-10T17:16:40.899+0000] {logging_mixin.py:115} INFO - [2022-09-10T17:16:40.899+0000] {dag.py:2429} INFO - Sync 1 DAGs
[2022-09-10T17:16:40.915+0000] {logging_mixin.py:115} INFO - [2022-09-10T17:16:40.915+0000] {dag.py:2981} INFO - Setting next_dagrun for example_time_delta_sensor_async to None, run_after=None
[2022-09-10T17:16:40.925+0000] {processor.py:161} INFO - Processing /home/airflow/.local/lib/python3.7/site-packages/airflow/example_dags/example_time_delta_sensor_async.py took 0.139 seconds
[2022-09-10T17:17:11.128+0000] {processor.py:153} INFO - Started process (PID=203) to work on /home/airflow/.local/lib/python3.7/site-packages/airflow/example_dags/example_time_delta_sensor_async.py
[2022-09-10T17:17:11.132+0000] {processor.py:640} INFO - Processing file /home/airflow/.local/lib/python3.7/site-packages/airflow/example_dags/example_time_delta_sensor_async.py for tasks to queue
[2022-09-10T17:17:11.135+0000] {logging_mixin.py:115} INFO - [2022-09-10T17:17:11.134+0000] {dagbag.py:508} INFO - Filling up the DagBag from /home/airflow/.local/lib/python3.7/site-packages/airflow/example_dags/example_time_delta_sensor_async.py
[2022-09-10T17:17:11.149+0000] {processor.py:650} INFO - DAG(s) dict_keys(['example_time_delta_sensor_async']) retrieved from /home/airflow/.local/lib/python3.7/site-packages/airflow/example_dags/example_time_delta_sensor_async.py
[2022-09-10T17:17:11.257+0000] {logging_mixin.py:115} INFO - [2022-09-10T17:17:11.257+0000] {dag.py:2429} INFO - Sync 1 DAGs
[2022-09-10T17:17:11.271+0000] {logging_mixin.py:115} INFO - [2022-09-10T17:17:11.271+0000] {dag.py:2981} INFO - Setting next_dagrun for example_time_delta_sensor_async to None, run_after=None
[2022-09-10T17:17:11.279+0000] {processor.py:161} INFO - Processing /home/airflow/.local/lib/python3.7/site-packages/airflow/example_dags/example_time_delta_sensor_async.py took 0.158 seconds
[2022-09-10T17:17:41.358+0000] {processor.py:153} INFO - Started process (PID=266) to work on /home/airflow/.local/lib/python3.7/site-packages/airflow/example_dags/example_time_delta_sensor_async.py
[2022-09-10T17:17:41.362+0000] {processor.py:640} INFO - Processing file /home/airflow/.local/lib/python3.7/site-packages/airflow/example_dags/example_time_delta_sensor_async.py for tasks to queue
[2022-09-10T17:17:41.366+0000] {logging_mixin.py:115} INFO - [2022-09-10T17:17:41.366+0000] {dagbag.py:508} INFO - Filling up the DagBag from /home/airflow/.local/lib/python3.7/site-packages/airflow/example_dags/example_time_delta_sensor_async.py
[2022-09-10T17:17:41.375+0000] {processor.py:650} INFO - DAG(s) dict_keys(['example_time_delta_sensor_async']) retrieved from /home/airflow/.local/lib/python3.7/site-packages/airflow/example_dags/example_time_delta_sensor_async.py
[2022-09-10T17:17:41.489+0000] {logging_mixin.py:115} INFO - [2022-09-10T17:17:41.489+0000] {dag.py:2429} INFO - Sync 1 DAGs
[2022-09-10T17:17:41.536+0000] {logging_mixin.py:115} INFO - [2022-09-10T17:17:41.536+0000] {dag.py:2981} INFO - Setting next_dagrun for example_time_delta_sensor_async to None, run_after=None
[2022-09-10T17:17:41.546+0000] {processor.py:161} INFO - Processing /home/airflow/.local/lib/python3.7/site-packages/airflow/example_dags/example_time_delta_sensor_async.py took 0.195 seconds
[2022-09-10T17:18:12.382+0000] {processor.py:153} INFO - Started process (PID=329) to work on /home/airflow/.local/lib/python3.7/site-packages/airflow/example_dags/example_time_delta_sensor_async.py
[2022-09-10T17:18:12.384+0000] {processor.py:640} INFO - Processing file /home/airflow/.local/lib/python3.7/site-packages/airflow/example_dags/example_time_delta_sensor_async.py for tasks to queue
[2022-09-10T17:18:12.386+0000] {logging_mixin.py:115} INFO - [2022-09-10T17:18:12.385+0000] {dagbag.py:508} INFO - Filling up the DagBag from /home/airflow/.local/lib/python3.7/site-packages/airflow/example_dags/example_time_delta_sensor_async.py
[2022-09-10T17:18:12.390+0000] {processor.py:650} INFO - DAG(s) dict_keys(['example_time_delta_sensor_async']) retrieved from /home/airflow/.local/lib/python3.7/site-packages/airflow/example_dags/example_time_delta_sensor_async.py
[2022-09-10T17:18:12.481+0000] {logging_mixin.py:115} INFO - [2022-09-10T17:18:12.480+0000] {dag.py:2429} INFO - Sync 1 DAGs
[2022-09-10T17:18:12.497+0000] {logging_mixin.py:115} INFO - [2022-09-10T17:18:12.497+0000] {dag.py:2981} INFO - Setting next_dagrun for example_time_delta_sensor_async to None, run_after=None
[2022-09-10T17:18:12.510+0000] {processor.py:161} INFO - Processing /home/airflow/.local/lib/python3.7/site-packages/airflow/example_dags/example_time_delta_sensor_async.py took 0.133 seconds
[2022-09-10T17:18:42.584+0000] {processor.py:153} INFO - Started process (PID=384) to work on /home/airflow/.local/lib/python3.7/site-packages/airflow/example_dags/example_time_delta_sensor_async.py
[2022-09-10T17:18:42.586+0000] {processor.py:640} INFO - Processing file /home/airflow/.local/lib/python3.7/site-packages/airflow/example_dags/example_time_delta_sensor_async.py for tasks to queue
[2022-09-10T17:18:42.587+0000] {logging_mixin.py:115} INFO - [2022-09-10T17:18:42.587+0000] {dagbag.py:508} INFO - Filling up the DagBag from /home/airflow/.local/lib/python3.7/site-packages/airflow/example_dags/example_time_delta_sensor_async.py
[2022-09-10T17:18:42.591+0000] {processor.py:650} INFO - DAG(s) dict_keys(['example_time_delta_sensor_async']) retrieved from /home/airflow/.local/lib/python3.7/site-packages/airflow/example_dags/example_time_delta_sensor_async.py
[2022-09-10T17:18:42.688+0000] {logging_mixin.py:115} INFO - [2022-09-10T17:18:42.688+0000] {dag.py:2429} INFO - Sync 1 DAGs
[2022-09-10T17:18:42.705+0000] {logging_mixin.py:115} INFO - [2022-09-10T17:18:42.705+0000] {dag.py:2981} INFO - Setting next_dagrun for example_time_delta_sensor_async to None, run_after=None
[2022-09-10T17:18:42.715+0000] {processor.py:161} INFO - Processing /home/airflow/.local/lib/python3.7/site-packages/airflow/example_dags/example_time_delta_sensor_async.py took 0.133 seconds
[2022-09-10T17:19:12.797+0000] {processor.py:153} INFO - Started process (PID=447) to work on /home/airflow/.local/lib/python3.7/site-packages/airflow/example_dags/example_time_delta_sensor_async.py
[2022-09-10T17:19:12.799+0000] {processor.py:640} INFO - Processing file /home/airflow/.local/lib/python3.7/site-packages/airflow/example_dags/example_time_delta_sensor_async.py for tasks to queue
[2022-09-10T17:19:12.802+0000] {logging_mixin.py:115} INFO - [2022-09-10T17:19:12.802+0000] {dagbag.py:508} INFO - Filling up the DagBag from /home/airflow/.local/lib/python3.7/site-packages/airflow/example_dags/example_time_delta_sensor_async.py
[2022-09-10T17:19:12.808+0000] {processor.py:650} INFO - DAG(s) dict_keys(['example_time_delta_sensor_async']) retrieved from /home/airflow/.local/lib/python3.7/site-packages/airflow/example_dags/example_time_delta_sensor_async.py
[2022-09-10T17:19:12.920+0000] {logging_mixin.py:115} INFO - [2022-09-10T17:19:12.920+0000] {dag.py:2429} INFO - Sync 1 DAGs
[2022-09-10T17:19:12.934+0000] {logging_mixin.py:115} INFO - [2022-09-10T17:19:12.934+0000] {dag.py:2981} INFO - Setting next_dagrun for example_time_delta_sensor_async to None, run_after=None
[2022-09-10T17:19:12.944+0000] {processor.py:161} INFO - Processing /home/airflow/.local/lib/python3.7/site-packages/airflow/example_dags/example_time_delta_sensor_async.py took 0.149 seconds
[2022-09-10T17:19:43.005+0000] {processor.py:153} INFO - Started process (PID=511) to work on /home/airflow/.local/lib/python3.7/site-packages/airflow/example_dags/example_time_delta_sensor_async.py
[2022-09-10T17:19:43.011+0000] {processor.py:640} INFO - Processing file /home/airflow/.local/lib/python3.7/site-packages/airflow/example_dags/example_time_delta_sensor_async.py for tasks to queue
[2022-09-10T17:19:43.013+0000] {logging_mixin.py:115} INFO - [2022-09-10T17:19:43.013+0000] {dagbag.py:508} INFO - Filling up the DagBag from /home/airflow/.local/lib/python3.7/site-packages/airflow/example_dags/example_time_delta_sensor_async.py
[2022-09-10T17:19:43.020+0000] {processor.py:650} INFO - DAG(s) dict_keys(['example_time_delta_sensor_async']) retrieved from /home/airflow/.local/lib/python3.7/site-packages/airflow/example_dags/example_time_delta_sensor_async.py
[2022-09-10T17:19:43.124+0000] {logging_mixin.py:115} INFO - [2022-09-10T17:19:43.124+0000] {dag.py:2429} INFO - Sync 1 DAGs
[2022-09-10T17:19:43.135+0000] {logging_mixin.py:115} INFO - [2022-09-10T17:19:43.135+0000] {dag.py:2981} INFO - Setting next_dagrun for example_time_delta_sensor_async to None, run_after=None
[2022-09-10T17:19:43.142+0000] {processor.py:161} INFO - Processing /home/airflow/.local/lib/python3.7/site-packages/airflow/example_dags/example_time_delta_sensor_async.py took 0.142 seconds
[2022-09-10T17:20:13.170+0000] {processor.py:153} INFO - Started process (PID=576) to work on /home/airflow/.local/lib/python3.7/site-packages/airflow/example_dags/example_time_delta_sensor_async.py
[2022-09-10T17:20:13.171+0000] {processor.py:640} INFO - Processing file /home/airflow/.local/lib/python3.7/site-packages/airflow/example_dags/example_time_delta_sensor_async.py for tasks to queue
[2022-09-10T17:20:13.172+0000] {logging_mixin.py:115} INFO - [2022-09-10T17:20:13.172+0000] {dagbag.py:508} INFO - Filling up the DagBag from /home/airflow/.local/lib/python3.7/site-packages/airflow/example_dags/example_time_delta_sensor_async.py
[2022-09-10T17:20:13.176+0000] {processor.py:650} INFO - DAG(s) dict_keys(['example_time_delta_sensor_async']) retrieved from /home/airflow/.local/lib/python3.7/site-packages/airflow/example_dags/example_time_delta_sensor_async.py
[2022-09-10T17:20:13.273+0000] {logging_mixin.py:115} INFO - [2022-09-10T17:20:13.273+0000] {dag.py:2429} INFO - Sync 1 DAGs
[2022-09-10T17:20:13.291+0000] {logging_mixin.py:115} INFO - [2022-09-10T17:20:13.291+0000] {dag.py:2981} INFO - Setting next_dagrun for example_time_delta_sensor_async to None, run_after=None
[2022-09-10T17:20:13.301+0000] {processor.py:161} INFO - Processing /home/airflow/.local/lib/python3.7/site-packages/airflow/example_dags/example_time_delta_sensor_async.py took 0.134 seconds
[2022-09-10T17:20:43.447+0000] {processor.py:153} INFO - Started process (PID=639) to work on /home/airflow/.local/lib/python3.7/site-packages/airflow/example_dags/example_time_delta_sensor_async.py
[2022-09-10T17:20:43.449+0000] {processor.py:640} INFO - Processing file /home/airflow/.local/lib/python3.7/site-packages/airflow/example_dags/example_time_delta_sensor_async.py for tasks to queue
[2022-09-10T17:20:43.450+0000] {logging_mixin.py:115} INFO - [2022-09-10T17:20:43.450+0000] {dagbag.py:508} INFO - Filling up the DagBag from /home/airflow/.local/lib/python3.7/site-packages/airflow/example_dags/example_time_delta_sensor_async.py
[2022-09-10T17:20:43.455+0000] {processor.py:650} INFO - DAG(s) dict_keys(['example_time_delta_sensor_async']) retrieved from /home/airflow/.local/lib/python3.7/site-packages/airflow/example_dags/example_time_delta_sensor_async.py
[2022-09-10T17:20:43.532+0000] {logging_mixin.py:115} INFO - [2022-09-10T17:20:43.532+0000] {dag.py:2429} INFO - Sync 1 DAGs
[2022-09-10T17:20:43.544+0000] {logging_mixin.py:115} INFO - [2022-09-10T17:20:43.544+0000] {dag.py:2981} INFO - Setting next_dagrun for example_time_delta_sensor_async to None, run_after=None
[2022-09-10T17:20:43.551+0000] {processor.py:161} INFO - Processing /home/airflow/.local/lib/python3.7/site-packages/airflow/example_dags/example_time_delta_sensor_async.py took 0.106 seconds
[2022-09-10T17:21:13.588+0000] {processor.py:153} INFO - Started process (PID=691) to work on /home/airflow/.local/lib/python3.7/site-packages/airflow/example_dags/example_time_delta_sensor_async.py
[2022-09-10T17:21:13.590+0000] {processor.py:640} INFO - Processing file /home/airflow/.local/lib/python3.7/site-packages/airflow/example_dags/example_time_delta_sensor_async.py for tasks to queue
[2022-09-10T17:21:13.591+0000] {logging_mixin.py:115} INFO - [2022-09-10T17:21:13.591+0000] {dagbag.py:508} INFO - Filling up the DagBag from /home/airflow/.local/lib/python3.7/site-packages/airflow/example_dags/example_time_delta_sensor_async.py
[2022-09-10T17:21:13.597+0000] {processor.py:650} INFO - DAG(s) dict_keys(['example_time_delta_sensor_async']) retrieved from /home/airflow/.local/lib/python3.7/site-packages/airflow/example_dags/example_time_delta_sensor_async.py
[2022-09-10T17:21:13.704+0000] {logging_mixin.py:115} INFO - [2022-09-10T17:21:13.704+0000] {dag.py:2429} INFO - Sync 1 DAGs
[2022-09-10T17:21:13.720+0000] {logging_mixin.py:115} INFO - [2022-09-10T17:21:13.720+0000] {dag.py:2981} INFO - Setting next_dagrun for example_time_delta_sensor_async to None, run_after=None
[2022-09-10T17:21:13.728+0000] {processor.py:161} INFO - Processing /home/airflow/.local/lib/python3.7/site-packages/airflow/example_dags/example_time_delta_sensor_async.py took 0.144 seconds
[2022-09-10T17:21:44.325+0000] {processor.py:153} INFO - Started process (PID=752) to work on /home/airflow/.local/lib/python3.7/site-packages/airflow/example_dags/example_time_delta_sensor_async.py
[2022-09-10T17:21:44.329+0000] {processor.py:640} INFO - Processing file /home/airflow/.local/lib/python3.7/site-packages/airflow/example_dags/example_time_delta_sensor_async.py for tasks to queue
[2022-09-10T17:21:44.330+0000] {logging_mixin.py:115} INFO - [2022-09-10T17:21:44.330+0000] {dagbag.py:508} INFO - Filling up the DagBag from /home/airflow/.local/lib/python3.7/site-packages/airflow/example_dags/example_time_delta_sensor_async.py
[2022-09-10T17:21:44.338+0000] {processor.py:650} INFO - DAG(s) dict_keys(['example_time_delta_sensor_async']) retrieved from /home/airflow/.local/lib/python3.7/site-packages/airflow/example_dags/example_time_delta_sensor_async.py
[2022-09-10T17:21:44.435+0000] {logging_mixin.py:115} INFO - [2022-09-10T17:21:44.435+0000] {dag.py:2429} INFO - Sync 1 DAGs
[2022-09-10T17:21:44.454+0000] {logging_mixin.py:115} INFO - [2022-09-10T17:21:44.454+0000] {dag.py:2981} INFO - Setting next_dagrun for example_time_delta_sensor_async to None, run_after=None
[2022-09-10T17:21:44.461+0000] {processor.py:161} INFO - Processing /home/airflow/.local/lib/python3.7/site-packages/airflow/example_dags/example_time_delta_sensor_async.py took 0.140 seconds
[2022-09-10T17:22:14.541+0000] {processor.py:153} INFO - Started process (PID=815) to work on /home/airflow/.local/lib/python3.7/site-packages/airflow/example_dags/example_time_delta_sensor_async.py
[2022-09-10T17:22:14.544+0000] {processor.py:640} INFO - Processing file /home/airflow/.local/lib/python3.7/site-packages/airflow/example_dags/example_time_delta_sensor_async.py for tasks to queue
[2022-09-10T17:22:14.547+0000] {logging_mixin.py:115} INFO - [2022-09-10T17:22:14.547+0000] {dagbag.py:508} INFO - Filling up the DagBag from /home/airflow/.local/lib/python3.7/site-packages/airflow/example_dags/example_time_delta_sensor_async.py
[2022-09-10T17:22:14.554+0000] {processor.py:650} INFO - DAG(s) dict_keys(['example_time_delta_sensor_async']) retrieved from /home/airflow/.local/lib/python3.7/site-packages/airflow/example_dags/example_time_delta_sensor_async.py
[2022-09-10T17:22:14.715+0000] {logging_mixin.py:115} INFO - [2022-09-10T17:22:14.715+0000] {dag.py:2429} INFO - Sync 1 DAGs
[2022-09-10T17:22:14.746+0000] {logging_mixin.py:115} INFO - [2022-09-10T17:22:14.746+0000] {dag.py:2981} INFO - Setting next_dagrun for example_time_delta_sensor_async to None, run_after=None
[2022-09-10T17:22:14.756+0000] {processor.py:161} INFO - Processing /home/airflow/.local/lib/python3.7/site-packages/airflow/example_dags/example_time_delta_sensor_async.py took 0.219 seconds
[2022-09-10T17:22:44.899+0000] {processor.py:153} INFO - Started process (PID=880) to work on /home/airflow/.local/lib/python3.7/site-packages/airflow/example_dags/example_time_delta_sensor_async.py
[2022-09-10T17:22:44.901+0000] {processor.py:640} INFO - Processing file /home/airflow/.local/lib/python3.7/site-packages/airflow/example_dags/example_time_delta_sensor_async.py for tasks to queue
[2022-09-10T17:22:44.902+0000] {logging_mixin.py:115} INFO - [2022-09-10T17:22:44.902+0000] {dagbag.py:508} INFO - Filling up the DagBag from /home/airflow/.local/lib/python3.7/site-packages/airflow/example_dags/example_time_delta_sensor_async.py
[2022-09-10T17:22:44.905+0000] {processor.py:650} INFO - DAG(s) dict_keys(['example_time_delta_sensor_async']) retrieved from /home/airflow/.local/lib/python3.7/site-packages/airflow/example_dags/example_time_delta_sensor_async.py
[2022-09-10T17:22:44.992+0000] {logging_mixin.py:115} INFO - [2022-09-10T17:22:44.991+0000] {dag.py:2429} INFO - Sync 1 DAGs
[2022-09-10T17:22:45.005+0000] {logging_mixin.py:115} INFO - [2022-09-10T17:22:45.005+0000] {dag.py:2981} INFO - Setting next_dagrun for example_time_delta_sensor_async to None, run_after=None
[2022-09-10T17:22:45.012+0000] {processor.py:161} INFO - Processing /home/airflow/.local/lib/python3.7/site-packages/airflow/example_dags/example_time_delta_sensor_async.py took 0.115 seconds
[2022-09-10T17:23:15.910+0000] {processor.py:153} INFO - Started process (PID=943) to work on /home/airflow/.local/lib/python3.7/site-packages/airflow/example_dags/example_time_delta_sensor_async.py
[2022-09-10T17:23:15.912+0000] {processor.py:640} INFO - Processing file /home/airflow/.local/lib/python3.7/site-packages/airflow/example_dags/example_time_delta_sensor_async.py for tasks to queue
[2022-09-10T17:23:15.913+0000] {logging_mixin.py:115} INFO - [2022-09-10T17:23:15.913+0000] {dagbag.py:508} INFO - Filling up the DagBag from /home/airflow/.local/lib/python3.7/site-packages/airflow/example_dags/example_time_delta_sensor_async.py
[2022-09-10T17:23:15.917+0000] {processor.py:650} INFO - DAG(s) dict_keys(['example_time_delta_sensor_async']) retrieved from /home/airflow/.local/lib/python3.7/site-packages/airflow/example_dags/example_time_delta_sensor_async.py
[2022-09-10T17:23:16.006+0000] {logging_mixin.py:115} INFO - [2022-09-10T17:23:16.006+0000] {dag.py:2429} INFO - Sync 1 DAGs
[2022-09-10T17:23:16.019+0000] {logging_mixin.py:115} INFO - [2022-09-10T17:23:16.019+0000] {dag.py:2981} INFO - Setting next_dagrun for example_time_delta_sensor_async to None, run_after=None
[2022-09-10T17:23:16.026+0000] {processor.py:161} INFO - Processing /home/airflow/.local/lib/python3.7/site-packages/airflow/example_dags/example_time_delta_sensor_async.py took 0.118 seconds
[2022-09-10T17:23:46.845+0000] {processor.py:153} INFO - Started process (PID=1006) to work on /home/airflow/.local/lib/python3.7/site-packages/airflow/example_dags/example_time_delta_sensor_async.py
[2022-09-10T17:23:46.848+0000] {processor.py:640} INFO - Processing file /home/airflow/.local/lib/python3.7/site-packages/airflow/example_dags/example_time_delta_sensor_async.py for tasks to queue
[2022-09-10T17:23:46.849+0000] {logging_mixin.py:115} INFO - [2022-09-10T17:23:46.849+0000] {dagbag.py:508} INFO - Filling up the DagBag from /home/airflow/.local/lib/python3.7/site-packages/airflow/example_dags/example_time_delta_sensor_async.py
[2022-09-10T17:23:46.853+0000] {processor.py:650} INFO - DAG(s) dict_keys(['example_time_delta_sensor_async']) retrieved from /home/airflow/.local/lib/python3.7/site-packages/airflow/example_dags/example_time_delta_sensor_async.py
[2022-09-10T17:23:46.949+0000] {logging_mixin.py:115} INFO - [2022-09-10T17:23:46.949+0000] {dag.py:2429} INFO - Sync 1 DAGs
[2022-09-10T17:23:46.962+0000] {logging_mixin.py:115} INFO - [2022-09-10T17:23:46.962+0000] {dag.py:2981} INFO - Setting next_dagrun for example_time_delta_sensor_async to None, run_after=None
[2022-09-10T17:23:46.971+0000] {processor.py:161} INFO - Processing /home/airflow/.local/lib/python3.7/site-packages/airflow/example_dags/example_time_delta_sensor_async.py took 0.129 seconds
[2022-09-10T17:24:17.919+0000] {processor.py:153} INFO - Started process (PID=1060) to work on /home/airflow/.local/lib/python3.7/site-packages/airflow/example_dags/example_time_delta_sensor_async.py
[2022-09-10T17:24:17.921+0000] {processor.py:640} INFO - Processing file /home/airflow/.local/lib/python3.7/site-packages/airflow/example_dags/example_time_delta_sensor_async.py for tasks to queue
[2022-09-10T17:24:17.922+0000] {logging_mixin.py:115} INFO - [2022-09-10T17:24:17.922+0000] {dagbag.py:508} INFO - Filling up the DagBag from /home/airflow/.local/lib/python3.7/site-packages/airflow/example_dags/example_time_delta_sensor_async.py
[2022-09-10T17:24:17.925+0000] {processor.py:650} INFO - DAG(s) dict_keys(['example_time_delta_sensor_async']) retrieved from /home/airflow/.local/lib/python3.7/site-packages/airflow/example_dags/example_time_delta_sensor_async.py
[2022-09-10T17:24:18.016+0000] {logging_mixin.py:115} INFO - [2022-09-10T17:24:18.016+0000] {dag.py:2429} INFO - Sync 1 DAGs
[2022-09-10T17:24:18.028+0000] {logging_mixin.py:115} INFO - [2022-09-10T17:24:18.028+0000] {dag.py:2981} INFO - Setting next_dagrun for example_time_delta_sensor_async to None, run_after=None
[2022-09-10T17:24:18.036+0000] {processor.py:161} INFO - Processing /home/airflow/.local/lib/python3.7/site-packages/airflow/example_dags/example_time_delta_sensor_async.py took 0.118 seconds
[2022-09-10T17:24:48.695+0000] {processor.py:153} INFO - Started process (PID=1123) to work on /home/airflow/.local/lib/python3.7/site-packages/airflow/example_dags/example_time_delta_sensor_async.py
[2022-09-10T17:24:48.697+0000] {processor.py:640} INFO - Processing file /home/airflow/.local/lib/python3.7/site-packages/airflow/example_dags/example_time_delta_sensor_async.py for tasks to queue
[2022-09-10T17:24:48.698+0000] {logging_mixin.py:115} INFO - [2022-09-10T17:24:48.698+0000] {dagbag.py:508} INFO - Filling up the DagBag from /home/airflow/.local/lib/python3.7/site-packages/airflow/example_dags/example_time_delta_sensor_async.py
[2022-09-10T17:24:48.701+0000] {processor.py:650} INFO - DAG(s) dict_keys(['example_time_delta_sensor_async']) retrieved from /home/airflow/.local/lib/python3.7/site-packages/airflow/example_dags/example_time_delta_sensor_async.py
[2022-09-10T17:24:48.806+0000] {logging_mixin.py:115} INFO - [2022-09-10T17:24:48.806+0000] {dag.py:2429} INFO - Sync 1 DAGs
[2022-09-10T17:24:48.819+0000] {logging_mixin.py:115} INFO - [2022-09-10T17:24:48.819+0000] {dag.py:2981} INFO - Setting next_dagrun for example_time_delta_sensor_async to None, run_after=None
[2022-09-10T17:24:48.828+0000] {processor.py:161} INFO - Processing /home/airflow/.local/lib/python3.7/site-packages/airflow/example_dags/example_time_delta_sensor_async.py took 0.135 seconds
[2022-09-10T17:25:19.582+0000] {processor.py:153} INFO - Started process (PID=1185) to work on /home/airflow/.local/lib/python3.7/site-packages/airflow/example_dags/example_time_delta_sensor_async.py
[2022-09-10T17:25:19.585+0000] {processor.py:640} INFO - Processing file /home/airflow/.local/lib/python3.7/site-packages/airflow/example_dags/example_time_delta_sensor_async.py for tasks to queue
[2022-09-10T17:25:19.587+0000] {logging_mixin.py:115} INFO - [2022-09-10T17:25:19.587+0000] {dagbag.py:508} INFO - Filling up the DagBag from /home/airflow/.local/lib/python3.7/site-packages/airflow/example_dags/example_time_delta_sensor_async.py
[2022-09-10T17:25:19.592+0000] {processor.py:650} INFO - DAG(s) dict_keys(['example_time_delta_sensor_async']) retrieved from /home/airflow/.local/lib/python3.7/site-packages/airflow/example_dags/example_time_delta_sensor_async.py
[2022-09-10T17:25:19.683+0000] {logging_mixin.py:115} INFO - [2022-09-10T17:25:19.683+0000] {dag.py:2429} INFO - Sync 1 DAGs
[2022-09-10T17:25:19.698+0000] {logging_mixin.py:115} INFO - [2022-09-10T17:25:19.698+0000] {dag.py:2981} INFO - Setting next_dagrun for example_time_delta_sensor_async to None, run_after=None
[2022-09-10T17:25:19.706+0000] {processor.py:161} INFO - Processing /home/airflow/.local/lib/python3.7/site-packages/airflow/example_dags/example_time_delta_sensor_async.py took 0.127 seconds
[2022-09-10T17:25:50.644+0000] {processor.py:153} INFO - Started process (PID=1249) to work on /home/airflow/.local/lib/python3.7/site-packages/airflow/example_dags/example_time_delta_sensor_async.py
[2022-09-10T17:25:50.645+0000] {processor.py:640} INFO - Processing file /home/airflow/.local/lib/python3.7/site-packages/airflow/example_dags/example_time_delta_sensor_async.py for tasks to queue
[2022-09-10T17:25:50.647+0000] {logging_mixin.py:115} INFO - [2022-09-10T17:25:50.646+0000] {dagbag.py:508} INFO - Filling up the DagBag from /home/airflow/.local/lib/python3.7/site-packages/airflow/example_dags/example_time_delta_sensor_async.py
[2022-09-10T17:25:50.651+0000] {processor.py:650} INFO - DAG(s) dict_keys(['example_time_delta_sensor_async']) retrieved from /home/airflow/.local/lib/python3.7/site-packages/airflow/example_dags/example_time_delta_sensor_async.py
[2022-09-10T17:25:50.747+0000] {logging_mixin.py:115} INFO - [2022-09-10T17:25:50.747+0000] {dag.py:2429} INFO - Sync 1 DAGs
[2022-09-10T17:25:50.764+0000] {logging_mixin.py:115} INFO - [2022-09-10T17:25:50.764+0000] {dag.py:2981} INFO - Setting next_dagrun for example_time_delta_sensor_async to None, run_after=None
[2022-09-10T17:25:50.773+0000] {processor.py:161} INFO - Processing /home/airflow/.local/lib/python3.7/site-packages/airflow/example_dags/example_time_delta_sensor_async.py took 0.134 seconds
[2022-09-10T17:26:20.808+0000] {processor.py:153} INFO - Started process (PID=1313) to work on /home/airflow/.local/lib/python3.7/site-packages/airflow/example_dags/example_time_delta_sensor_async.py
[2022-09-10T17:26:20.810+0000] {processor.py:640} INFO - Processing file /home/airflow/.local/lib/python3.7/site-packages/airflow/example_dags/example_time_delta_sensor_async.py for tasks to queue
[2022-09-10T17:26:20.811+0000] {logging_mixin.py:115} INFO - [2022-09-10T17:26:20.811+0000] {dagbag.py:508} INFO - Filling up the DagBag from /home/airflow/.local/lib/python3.7/site-packages/airflow/example_dags/example_time_delta_sensor_async.py
[2022-09-10T17:26:20.815+0000] {processor.py:650} INFO - DAG(s) dict_keys(['example_time_delta_sensor_async']) retrieved from /home/airflow/.local/lib/python3.7/site-packages/airflow/example_dags/example_time_delta_sensor_async.py
[2022-09-10T17:26:20.890+0000] {logging_mixin.py:115} INFO - [2022-09-10T17:26:20.889+0000] {dag.py:2429} INFO - Sync 1 DAGs
[2022-09-10T17:26:20.901+0000] {logging_mixin.py:115} INFO - [2022-09-10T17:26:20.901+0000] {dag.py:2981} INFO - Setting next_dagrun for example_time_delta_sensor_async to None, run_after=None
[2022-09-10T17:26:20.907+0000] {processor.py:161} INFO - Processing /home/airflow/.local/lib/python3.7/site-packages/airflow/example_dags/example_time_delta_sensor_async.py took 0.101 seconds
[2022-09-10T17:26:51.009+0000] {processor.py:153} INFO - Started process (PID=1366) to work on /home/airflow/.local/lib/python3.7/site-packages/airflow/example_dags/example_time_delta_sensor_async.py
[2022-09-10T17:26:51.011+0000] {processor.py:640} INFO - Processing file /home/airflow/.local/lib/python3.7/site-packages/airflow/example_dags/example_time_delta_sensor_async.py for tasks to queue
[2022-09-10T17:26:51.013+0000] {logging_mixin.py:115} INFO - [2022-09-10T17:26:51.013+0000] {dagbag.py:508} INFO - Filling up the DagBag from /home/airflow/.local/lib/python3.7/site-packages/airflow/example_dags/example_time_delta_sensor_async.py
[2022-09-10T17:26:51.018+0000] {processor.py:650} INFO - DAG(s) dict_keys(['example_time_delta_sensor_async']) retrieved from /home/airflow/.local/lib/python3.7/site-packages/airflow/example_dags/example_time_delta_sensor_async.py
[2022-09-10T17:26:51.116+0000] {logging_mixin.py:115} INFO - [2022-09-10T17:26:51.116+0000] {dag.py:2429} INFO - Sync 1 DAGs
[2022-09-10T17:26:51.131+0000] {logging_mixin.py:115} INFO - [2022-09-10T17:26:51.130+0000] {dag.py:2981} INFO - Setting next_dagrun for example_time_delta_sensor_async to None, run_after=None
[2022-09-10T17:26:51.139+0000] {processor.py:161} INFO - Processing /home/airflow/.local/lib/python3.7/site-packages/airflow/example_dags/example_time_delta_sensor_async.py took 0.133 seconds
[2022-09-10T17:27:22.070+0000] {processor.py:153} INFO - Started process (PID=1430) to work on /home/airflow/.local/lib/python3.7/site-packages/airflow/example_dags/example_time_delta_sensor_async.py
[2022-09-10T17:27:22.072+0000] {processor.py:640} INFO - Processing file /home/airflow/.local/lib/python3.7/site-packages/airflow/example_dags/example_time_delta_sensor_async.py for tasks to queue
[2022-09-10T17:27:22.073+0000] {logging_mixin.py:115} INFO - [2022-09-10T17:27:22.073+0000] {dagbag.py:508} INFO - Filling up the DagBag from /home/airflow/.local/lib/python3.7/site-packages/airflow/example_dags/example_time_delta_sensor_async.py
[2022-09-10T17:27:22.077+0000] {processor.py:650} INFO - DAG(s) dict_keys(['example_time_delta_sensor_async']) retrieved from /home/airflow/.local/lib/python3.7/site-packages/airflow/example_dags/example_time_delta_sensor_async.py
[2022-09-10T17:27:22.187+0000] {logging_mixin.py:115} INFO - [2022-09-10T17:27:22.186+0000] {dag.py:2429} INFO - Sync 1 DAGs
[2022-09-10T17:27:22.204+0000] {logging_mixin.py:115} INFO - [2022-09-10T17:27:22.204+0000] {dag.py:2981} INFO - Setting next_dagrun for example_time_delta_sensor_async to None, run_after=None
[2022-09-10T17:27:22.215+0000] {processor.py:161} INFO - Processing /home/airflow/.local/lib/python3.7/site-packages/airflow/example_dags/example_time_delta_sensor_async.py took 0.148 seconds
[2022-09-10T17:27:52.317+0000] {processor.py:153} INFO - Started process (PID=1495) to work on /home/airflow/.local/lib/python3.7/site-packages/airflow/example_dags/example_time_delta_sensor_async.py
[2022-09-10T17:27:52.320+0000] {processor.py:640} INFO - Processing file /home/airflow/.local/lib/python3.7/site-packages/airflow/example_dags/example_time_delta_sensor_async.py for tasks to queue
[2022-09-10T17:27:52.321+0000] {logging_mixin.py:115} INFO - [2022-09-10T17:27:52.321+0000] {dagbag.py:508} INFO - Filling up the DagBag from /home/airflow/.local/lib/python3.7/site-packages/airflow/example_dags/example_time_delta_sensor_async.py
[2022-09-10T17:27:52.327+0000] {processor.py:650} INFO - DAG(s) dict_keys(['example_time_delta_sensor_async']) retrieved from /home/airflow/.local/lib/python3.7/site-packages/airflow/example_dags/example_time_delta_sensor_async.py
[2022-09-10T17:27:52.466+0000] {logging_mixin.py:115} INFO - [2022-09-10T17:27:52.466+0000] {dag.py:2429} INFO - Sync 1 DAGs
[2022-09-10T17:27:52.480+0000] {logging_mixin.py:115} INFO - [2022-09-10T17:27:52.480+0000] {dag.py:2981} INFO - Setting next_dagrun for example_time_delta_sensor_async to None, run_after=None
[2022-09-10T17:27:52.488+0000] {processor.py:161} INFO - Processing /home/airflow/.local/lib/python3.7/site-packages/airflow/example_dags/example_time_delta_sensor_async.py took 0.174 seconds
[2022-09-10T17:28:22.513+0000] {processor.py:153} INFO - Started process (PID=1559) to work on /home/airflow/.local/lib/python3.7/site-packages/airflow/example_dags/example_time_delta_sensor_async.py
[2022-09-10T17:28:22.514+0000] {processor.py:640} INFO - Processing file /home/airflow/.local/lib/python3.7/site-packages/airflow/example_dags/example_time_delta_sensor_async.py for tasks to queue
[2022-09-10T17:28:22.515+0000] {logging_mixin.py:115} INFO - [2022-09-10T17:28:22.515+0000] {dagbag.py:508} INFO - Filling up the DagBag from /home/airflow/.local/lib/python3.7/site-packages/airflow/example_dags/example_time_delta_sensor_async.py
[2022-09-10T17:28:22.519+0000] {processor.py:650} INFO - DAG(s) dict_keys(['example_time_delta_sensor_async']) retrieved from /home/airflow/.local/lib/python3.7/site-packages/airflow/example_dags/example_time_delta_sensor_async.py
[2022-09-10T17:28:22.626+0000] {logging_mixin.py:115} INFO - [2022-09-10T17:28:22.626+0000] {dag.py:2429} INFO - Sync 1 DAGs
[2022-09-10T17:28:22.642+0000] {logging_mixin.py:115} INFO - [2022-09-10T17:28:22.642+0000] {dag.py:2981} INFO - Setting next_dagrun for example_time_delta_sensor_async to None, run_after=None
[2022-09-10T17:28:22.652+0000] {processor.py:161} INFO - Processing /home/airflow/.local/lib/python3.7/site-packages/airflow/example_dags/example_time_delta_sensor_async.py took 0.142 seconds
[2022-09-10T17:28:52.979+0000] {processor.py:153} INFO - Started process (PID=1621) to work on /home/airflow/.local/lib/python3.7/site-packages/airflow/example_dags/example_time_delta_sensor_async.py
[2022-09-10T17:28:52.981+0000] {processor.py:640} INFO - Processing file /home/airflow/.local/lib/python3.7/site-packages/airflow/example_dags/example_time_delta_sensor_async.py for tasks to queue
[2022-09-10T17:28:52.982+0000] {logging_mixin.py:115} INFO - [2022-09-10T17:28:52.982+0000] {dagbag.py:508} INFO - Filling up the DagBag from /home/airflow/.local/lib/python3.7/site-packages/airflow/example_dags/example_time_delta_sensor_async.py
[2022-09-10T17:28:52.987+0000] {processor.py:650} INFO - DAG(s) dict_keys(['example_time_delta_sensor_async']) retrieved from /home/airflow/.local/lib/python3.7/site-packages/airflow/example_dags/example_time_delta_sensor_async.py
[2022-09-10T17:28:53.091+0000] {logging_mixin.py:115} INFO - [2022-09-10T17:28:53.091+0000] {dag.py:2429} INFO - Sync 1 DAGs
[2022-09-10T17:28:53.107+0000] {logging_mixin.py:115} INFO - [2022-09-10T17:28:53.107+0000] {dag.py:2981} INFO - Setting next_dagrun for example_time_delta_sensor_async to None, run_after=None
[2022-09-10T17:28:53.116+0000] {processor.py:161} INFO - Processing /home/airflow/.local/lib/python3.7/site-packages/airflow/example_dags/example_time_delta_sensor_async.py took 0.139 seconds
[2022-09-10T17:29:23.866+0000] {processor.py:153} INFO - Started process (PID=1682) to work on /home/airflow/.local/lib/python3.7/site-packages/airflow/example_dags/example_time_delta_sensor_async.py
[2022-09-10T17:29:23.868+0000] {processor.py:640} INFO - Processing file /home/airflow/.local/lib/python3.7/site-packages/airflow/example_dags/example_time_delta_sensor_async.py for tasks to queue
[2022-09-10T17:29:23.869+0000] {logging_mixin.py:115} INFO - [2022-09-10T17:29:23.869+0000] {dagbag.py:508} INFO - Filling up the DagBag from /home/airflow/.local/lib/python3.7/site-packages/airflow/example_dags/example_time_delta_sensor_async.py
[2022-09-10T17:29:23.873+0000] {processor.py:650} INFO - DAG(s) dict_keys(['example_time_delta_sensor_async']) retrieved from /home/airflow/.local/lib/python3.7/site-packages/airflow/example_dags/example_time_delta_sensor_async.py
[2022-09-10T17:29:23.989+0000] {logging_mixin.py:115} INFO - [2022-09-10T17:29:23.989+0000] {dag.py:2429} INFO - Sync 1 DAGs
[2022-09-10T17:29:24.006+0000] {logging_mixin.py:115} INFO - [2022-09-10T17:29:24.005+0000] {dag.py:2981} INFO - Setting next_dagrun for example_time_delta_sensor_async to None, run_after=None
[2022-09-10T17:29:24.031+0000] {processor.py:161} INFO - Processing /home/airflow/.local/lib/python3.7/site-packages/airflow/example_dags/example_time_delta_sensor_async.py took 0.168 seconds
[2022-09-10T17:29:54.113+0000] {processor.py:153} INFO - Started process (PID=1737) to work on /home/airflow/.local/lib/python3.7/site-packages/airflow/example_dags/example_time_delta_sensor_async.py
[2022-09-10T17:29:54.114+0000] {processor.py:640} INFO - Processing file /home/airflow/.local/lib/python3.7/site-packages/airflow/example_dags/example_time_delta_sensor_async.py for tasks to queue
[2022-09-10T17:29:54.115+0000] {logging_mixin.py:115} INFO - [2022-09-10T17:29:54.115+0000] {dagbag.py:508} INFO - Filling up the DagBag from /home/airflow/.local/lib/python3.7/site-packages/airflow/example_dags/example_time_delta_sensor_async.py
[2022-09-10T17:29:54.119+0000] {processor.py:650} INFO - DAG(s) dict_keys(['example_time_delta_sensor_async']) retrieved from /home/airflow/.local/lib/python3.7/site-packages/airflow/example_dags/example_time_delta_sensor_async.py
[2022-09-10T17:29:54.199+0000] {logging_mixin.py:115} INFO - [2022-09-10T17:29:54.199+0000] {dag.py:2429} INFO - Sync 1 DAGs
[2022-09-10T17:29:54.211+0000] {logging_mixin.py:115} INFO - [2022-09-10T17:29:54.211+0000] {dag.py:2981} INFO - Setting next_dagrun for example_time_delta_sensor_async to None, run_after=None
[2022-09-10T17:29:54.218+0000] {processor.py:161} INFO - Processing /home/airflow/.local/lib/python3.7/site-packages/airflow/example_dags/example_time_delta_sensor_async.py took 0.107 seconds
[2022-09-10T17:30:24.507+0000] {processor.py:153} INFO - Started process (PID=1800) to work on /home/airflow/.local/lib/python3.7/site-packages/airflow/example_dags/example_time_delta_sensor_async.py
[2022-09-10T17:30:24.508+0000] {processor.py:640} INFO - Processing file /home/airflow/.local/lib/python3.7/site-packages/airflow/example_dags/example_time_delta_sensor_async.py for tasks to queue
[2022-09-10T17:30:24.509+0000] {logging_mixin.py:115} INFO - [2022-09-10T17:30:24.509+0000] {dagbag.py:508} INFO - Filling up the DagBag from /home/airflow/.local/lib/python3.7/site-packages/airflow/example_dags/example_time_delta_sensor_async.py
[2022-09-10T17:30:24.513+0000] {processor.py:650} INFO - DAG(s) dict_keys(['example_time_delta_sensor_async']) retrieved from /home/airflow/.local/lib/python3.7/site-packages/airflow/example_dags/example_time_delta_sensor_async.py
[2022-09-10T17:30:24.594+0000] {logging_mixin.py:115} INFO - [2022-09-10T17:30:24.593+0000] {dag.py:2429} INFO - Sync 1 DAGs
[2022-09-10T17:30:24.609+0000] {logging_mixin.py:115} INFO - [2022-09-10T17:30:24.609+0000] {dag.py:2981} INFO - Setting next_dagrun for example_time_delta_sensor_async to None, run_after=None
[2022-09-10T17:30:24.618+0000] {processor.py:161} INFO - Processing /home/airflow/.local/lib/python3.7/site-packages/airflow/example_dags/example_time_delta_sensor_async.py took 0.113 seconds
