[2022-09-10T17:06:37.238+0000] {processor.py:153} INFO - Started process (PID=46) to work on /home/airflow/.local/lib/python3.7/site-packages/airflow/example_dags/example_dag_decorator.py
[2022-09-10T17:06:37.241+0000] {processor.py:640} INFO - Processing file /home/airflow/.local/lib/python3.7/site-packages/airflow/example_dags/example_dag_decorator.py for tasks to queue
[2022-09-10T17:06:37.243+0000] {logging_mixin.py:115} INFO - [2022-09-10T17:06:37.243+0000] {dagbag.py:508} INFO - Filling up the DagBag from /home/airflow/.local/lib/python3.7/site-packages/airflow/example_dags/example_dag_decorator.py
[2022-09-10T17:06:37.282+0000] {processor.py:650} INFO - DAG(s) dict_keys(['example_dag_decorator']) retrieved from /home/airflow/.local/lib/python3.7/site-packages/airflow/example_dags/example_dag_decorator.py
[2022-09-10T17:06:37.402+0000] {logging_mixin.py:115} INFO - [2022-09-10T17:06:37.402+0000] {manager.py:508} INFO - Created Permission View: can edit on DAG:example_dag_decorator
[2022-09-10T17:06:37.414+0000] {logging_mixin.py:115} INFO - [2022-09-10T17:06:37.414+0000] {manager.py:508} INFO - Created Permission View: can delete on DAG:example_dag_decorator
[2022-09-10T17:06:37.426+0000] {logging_mixin.py:115} INFO - [2022-09-10T17:06:37.426+0000] {manager.py:508} INFO - Created Permission View: can read on DAG:example_dag_decorator
[2022-09-10T17:06:37.429+0000] {logging_mixin.py:115} INFO - [2022-09-10T17:06:37.429+0000] {dag.py:2429} INFO - Sync 1 DAGs
[2022-09-10T17:06:37.442+0000] {logging_mixin.py:115} INFO - [2022-09-10T17:06:37.441+0000] {dag.py:2448} INFO - Creating ORM DAG for example_dag_decorator
[2022-09-10T17:06:37.458+0000] {logging_mixin.py:115} INFO - [2022-09-10T17:06:37.458+0000] {dag.py:2981} INFO - Setting next_dagrun for example_dag_decorator to None, run_after=None
[2022-09-10T17:06:37.492+0000] {processor.py:161} INFO - Processing /home/airflow/.local/lib/python3.7/site-packages/airflow/example_dags/example_dag_decorator.py took 0.259 seconds
[2022-09-10T17:07:08.015+0000] {processor.py:153} INFO - Started process (PID=99) to work on /home/airflow/.local/lib/python3.7/site-packages/airflow/example_dags/example_dag_decorator.py
[2022-09-10T17:07:08.019+0000] {processor.py:640} INFO - Processing file /home/airflow/.local/lib/python3.7/site-packages/airflow/example_dags/example_dag_decorator.py for tasks to queue
[2022-09-10T17:07:08.021+0000] {logging_mixin.py:115} INFO - [2022-09-10T17:07:08.020+0000] {dagbag.py:508} INFO - Filling up the DagBag from /home/airflow/.local/lib/python3.7/site-packages/airflow/example_dags/example_dag_decorator.py
[2022-09-10T17:07:08.057+0000] {processor.py:650} INFO - DAG(s) dict_keys(['example_dag_decorator']) retrieved from /home/airflow/.local/lib/python3.7/site-packages/airflow/example_dags/example_dag_decorator.py
[2022-09-10T17:07:08.114+0000] {logging_mixin.py:115} INFO - [2022-09-10T17:07:08.114+0000] {dag.py:2429} INFO - Sync 1 DAGs
[2022-09-10T17:07:08.126+0000] {logging_mixin.py:115} INFO - [2022-09-10T17:07:08.126+0000] {dag.py:2981} INFO - Setting next_dagrun for example_dag_decorator to None, run_after=None
[2022-09-10T17:07:08.136+0000] {processor.py:161} INFO - Processing /home/airflow/.local/lib/python3.7/site-packages/airflow/example_dags/example_dag_decorator.py took 0.132 seconds
[2022-09-10T17:07:38.353+0000] {processor.py:153} INFO - Started process (PID=162) to work on /home/airflow/.local/lib/python3.7/site-packages/airflow/example_dags/example_dag_decorator.py
[2022-09-10T17:07:38.355+0000] {processor.py:640} INFO - Processing file /home/airflow/.local/lib/python3.7/site-packages/airflow/example_dags/example_dag_decorator.py for tasks to queue
[2022-09-10T17:07:38.357+0000] {logging_mixin.py:115} INFO - [2022-09-10T17:07:38.357+0000] {dagbag.py:508} INFO - Filling up the DagBag from /home/airflow/.local/lib/python3.7/site-packages/airflow/example_dags/example_dag_decorator.py
[2022-09-10T17:07:38.400+0000] {processor.py:650} INFO - DAG(s) dict_keys(['example_dag_decorator']) retrieved from /home/airflow/.local/lib/python3.7/site-packages/airflow/example_dags/example_dag_decorator.py
[2022-09-10T17:07:38.460+0000] {logging_mixin.py:115} INFO - [2022-09-10T17:07:38.460+0000] {dag.py:2429} INFO - Sync 1 DAGs
[2022-09-10T17:07:38.476+0000] {logging_mixin.py:115} INFO - [2022-09-10T17:07:38.476+0000] {dag.py:2981} INFO - Setting next_dagrun for example_dag_decorator to None, run_after=None
[2022-09-10T17:07:38.485+0000] {processor.py:161} INFO - Processing /home/airflow/.local/lib/python3.7/site-packages/airflow/example_dags/example_dag_decorator.py took 0.138 seconds
[2022-09-10T17:08:09.322+0000] {processor.py:153} INFO - Started process (PID=227) to work on /home/airflow/.local/lib/python3.7/site-packages/airflow/example_dags/example_dag_decorator.py
[2022-09-10T17:08:09.324+0000] {processor.py:640} INFO - Processing file /home/airflow/.local/lib/python3.7/site-packages/airflow/example_dags/example_dag_decorator.py for tasks to queue
[2022-09-10T17:08:09.325+0000] {logging_mixin.py:115} INFO - [2022-09-10T17:08:09.325+0000] {dagbag.py:508} INFO - Filling up the DagBag from /home/airflow/.local/lib/python3.7/site-packages/airflow/example_dags/example_dag_decorator.py
[2022-09-10T17:08:09.343+0000] {processor.py:650} INFO - DAG(s) dict_keys(['example_dag_decorator']) retrieved from /home/airflow/.local/lib/python3.7/site-packages/airflow/example_dags/example_dag_decorator.py
[2022-09-10T17:08:09.386+0000] {logging_mixin.py:115} INFO - [2022-09-10T17:08:09.386+0000] {dag.py:2429} INFO - Sync 1 DAGs
[2022-09-10T17:08:09.398+0000] {logging_mixin.py:115} INFO - [2022-09-10T17:08:09.398+0000] {dag.py:2981} INFO - Setting next_dagrun for example_dag_decorator to None, run_after=None
[2022-09-10T17:08:09.406+0000] {processor.py:161} INFO - Processing /home/airflow/.local/lib/python3.7/site-packages/airflow/example_dags/example_dag_decorator.py took 0.086 seconds
[2022-09-10T17:08:40.265+0000] {processor.py:153} INFO - Started process (PID=289) to work on /home/airflow/.local/lib/python3.7/site-packages/airflow/example_dags/example_dag_decorator.py
[2022-09-10T17:08:40.267+0000] {processor.py:640} INFO - Processing file /home/airflow/.local/lib/python3.7/site-packages/airflow/example_dags/example_dag_decorator.py for tasks to queue
[2022-09-10T17:08:40.268+0000] {logging_mixin.py:115} INFO - [2022-09-10T17:08:40.268+0000] {dagbag.py:508} INFO - Filling up the DagBag from /home/airflow/.local/lib/python3.7/site-packages/airflow/example_dags/example_dag_decorator.py
[2022-09-10T17:08:40.282+0000] {processor.py:650} INFO - DAG(s) dict_keys(['example_dag_decorator']) retrieved from /home/airflow/.local/lib/python3.7/site-packages/airflow/example_dags/example_dag_decorator.py
[2022-09-10T17:08:40.332+0000] {logging_mixin.py:115} INFO - [2022-09-10T17:08:40.332+0000] {dag.py:2429} INFO - Sync 1 DAGs
[2022-09-10T17:08:40.345+0000] {logging_mixin.py:115} INFO - [2022-09-10T17:08:40.345+0000] {dag.py:2981} INFO - Setting next_dagrun for example_dag_decorator to None, run_after=None
[2022-09-10T17:08:40.354+0000] {processor.py:161} INFO - Processing /home/airflow/.local/lib/python3.7/site-packages/airflow/example_dags/example_dag_decorator.py took 0.092 seconds
[2022-09-10T17:09:11.078+0000] {processor.py:153} INFO - Started process (PID=353) to work on /home/airflow/.local/lib/python3.7/site-packages/airflow/example_dags/example_dag_decorator.py
[2022-09-10T17:09:11.079+0000] {processor.py:640} INFO - Processing file /home/airflow/.local/lib/python3.7/site-packages/airflow/example_dags/example_dag_decorator.py for tasks to queue
[2022-09-10T17:09:11.080+0000] {logging_mixin.py:115} INFO - [2022-09-10T17:09:11.080+0000] {dagbag.py:508} INFO - Filling up the DagBag from /home/airflow/.local/lib/python3.7/site-packages/airflow/example_dags/example_dag_decorator.py
[2022-09-10T17:09:11.093+0000] {processor.py:650} INFO - DAG(s) dict_keys(['example_dag_decorator']) retrieved from /home/airflow/.local/lib/python3.7/site-packages/airflow/example_dags/example_dag_decorator.py
[2022-09-10T17:09:11.133+0000] {logging_mixin.py:115} INFO - [2022-09-10T17:09:11.133+0000] {dag.py:2429} INFO - Sync 1 DAGs
[2022-09-10T17:09:11.145+0000] {logging_mixin.py:115} INFO - [2022-09-10T17:09:11.145+0000] {dag.py:2981} INFO - Setting next_dagrun for example_dag_decorator to None, run_after=None
[2022-09-10T17:09:11.154+0000] {processor.py:161} INFO - Processing /home/airflow/.local/lib/python3.7/site-packages/airflow/example_dags/example_dag_decorator.py took 0.078 seconds
[2022-09-10T17:09:41.941+0000] {processor.py:153} INFO - Started process (PID=417) to work on /home/airflow/.local/lib/python3.7/site-packages/airflow/example_dags/example_dag_decorator.py
[2022-09-10T17:09:41.943+0000] {processor.py:640} INFO - Processing file /home/airflow/.local/lib/python3.7/site-packages/airflow/example_dags/example_dag_decorator.py for tasks to queue
[2022-09-10T17:09:41.944+0000] {logging_mixin.py:115} INFO - [2022-09-10T17:09:41.943+0000] {dagbag.py:508} INFO - Filling up the DagBag from /home/airflow/.local/lib/python3.7/site-packages/airflow/example_dags/example_dag_decorator.py
[2022-09-10T17:09:41.957+0000] {processor.py:650} INFO - DAG(s) dict_keys(['example_dag_decorator']) retrieved from /home/airflow/.local/lib/python3.7/site-packages/airflow/example_dags/example_dag_decorator.py
[2022-09-10T17:09:41.996+0000] {logging_mixin.py:115} INFO - [2022-09-10T17:09:41.996+0000] {dag.py:2429} INFO - Sync 1 DAGs
[2022-09-10T17:09:42.007+0000] {logging_mixin.py:115} INFO - [2022-09-10T17:09:42.007+0000] {dag.py:2981} INFO - Setting next_dagrun for example_dag_decorator to None, run_after=None
[2022-09-10T17:09:42.015+0000] {processor.py:161} INFO - Processing /home/airflow/.local/lib/python3.7/site-packages/airflow/example_dags/example_dag_decorator.py took 0.076 seconds
[2022-09-10T17:10:12.744+0000] {processor.py:153} INFO - Started process (PID=471) to work on /home/airflow/.local/lib/python3.7/site-packages/airflow/example_dags/example_dag_decorator.py
[2022-09-10T17:10:12.746+0000] {processor.py:640} INFO - Processing file /home/airflow/.local/lib/python3.7/site-packages/airflow/example_dags/example_dag_decorator.py for tasks to queue
[2022-09-10T17:10:12.747+0000] {logging_mixin.py:115} INFO - [2022-09-10T17:10:12.746+0000] {dagbag.py:508} INFO - Filling up the DagBag from /home/airflow/.local/lib/python3.7/site-packages/airflow/example_dags/example_dag_decorator.py
[2022-09-10T17:10:12.760+0000] {processor.py:650} INFO - DAG(s) dict_keys(['example_dag_decorator']) retrieved from /home/airflow/.local/lib/python3.7/site-packages/airflow/example_dags/example_dag_decorator.py
[2022-09-10T17:10:12.809+0000] {logging_mixin.py:115} INFO - [2022-09-10T17:10:12.809+0000] {dag.py:2429} INFO - Sync 1 DAGs
[2022-09-10T17:10:12.822+0000] {logging_mixin.py:115} INFO - [2022-09-10T17:10:12.822+0000] {dag.py:2981} INFO - Setting next_dagrun for example_dag_decorator to None, run_after=None
[2022-09-10T17:10:12.833+0000] {processor.py:161} INFO - Processing /home/airflow/.local/lib/python3.7/site-packages/airflow/example_dags/example_dag_decorator.py took 0.092 seconds
[2022-09-10T17:10:43.748+0000] {processor.py:153} INFO - Started process (PID=535) to work on /home/airflow/.local/lib/python3.7/site-packages/airflow/example_dags/example_dag_decorator.py
[2022-09-10T17:10:43.750+0000] {processor.py:640} INFO - Processing file /home/airflow/.local/lib/python3.7/site-packages/airflow/example_dags/example_dag_decorator.py for tasks to queue
[2022-09-10T17:10:43.751+0000] {logging_mixin.py:115} INFO - [2022-09-10T17:10:43.751+0000] {dagbag.py:508} INFO - Filling up the DagBag from /home/airflow/.local/lib/python3.7/site-packages/airflow/example_dags/example_dag_decorator.py
[2022-09-10T17:10:43.764+0000] {processor.py:650} INFO - DAG(s) dict_keys(['example_dag_decorator']) retrieved from /home/airflow/.local/lib/python3.7/site-packages/airflow/example_dags/example_dag_decorator.py
[2022-09-10T17:10:43.785+0000] {logging_mixin.py:115} INFO - [2022-09-10T17:10:43.785+0000] {dag.py:2429} INFO - Sync 1 DAGs
[2022-09-10T17:10:43.799+0000] {logging_mixin.py:115} INFO - [2022-09-10T17:10:43.799+0000] {dag.py:2981} INFO - Setting next_dagrun for example_dag_decorator to None, run_after=None
[2022-09-10T17:10:43.809+0000] {processor.py:161} INFO - Processing /home/airflow/.local/lib/python3.7/site-packages/airflow/example_dags/example_dag_decorator.py took 0.064 seconds
[2022-09-10T17:12:55.905+0000] {processor.py:153} INFO - Started process (PID=36) to work on /home/airflow/.local/lib/python3.7/site-packages/airflow/example_dags/example_dag_decorator.py
[2022-09-10T17:12:55.908+0000] {processor.py:640} INFO - Processing file /home/airflow/.local/lib/python3.7/site-packages/airflow/example_dags/example_dag_decorator.py for tasks to queue
[2022-09-10T17:12:55.910+0000] {logging_mixin.py:115} INFO - [2022-09-10T17:12:55.910+0000] {dagbag.py:508} INFO - Filling up the DagBag from /home/airflow/.local/lib/python3.7/site-packages/airflow/example_dags/example_dag_decorator.py
[2022-09-10T17:12:55.935+0000] {processor.py:650} INFO - DAG(s) dict_keys(['example_dag_decorator']) retrieved from /home/airflow/.local/lib/python3.7/site-packages/airflow/example_dags/example_dag_decorator.py
[2022-09-10T17:12:56.229+0000] {logging_mixin.py:115} INFO - [2022-09-10T17:12:56.229+0000] {dag.py:2429} INFO - Sync 1 DAGs
[2022-09-10T17:12:56.252+0000] {logging_mixin.py:115} INFO - [2022-09-10T17:12:56.252+0000] {dag.py:2981} INFO - Setting next_dagrun for example_dag_decorator to None, run_after=None
[2022-09-10T17:12:56.270+0000] {processor.py:161} INFO - Processing /home/airflow/.local/lib/python3.7/site-packages/airflow/example_dags/example_dag_decorator.py took 0.368 seconds
[2022-09-10T17:13:26.310+0000] {processor.py:153} INFO - Started process (PID=89) to work on /home/airflow/.local/lib/python3.7/site-packages/airflow/example_dags/example_dag_decorator.py
[2022-09-10T17:13:26.311+0000] {processor.py:640} INFO - Processing file /home/airflow/.local/lib/python3.7/site-packages/airflow/example_dags/example_dag_decorator.py for tasks to queue
[2022-09-10T17:13:26.312+0000] {logging_mixin.py:115} INFO - [2022-09-10T17:13:26.312+0000] {dagbag.py:508} INFO - Filling up the DagBag from /home/airflow/.local/lib/python3.7/site-packages/airflow/example_dags/example_dag_decorator.py
[2022-09-10T17:13:26.330+0000] {processor.py:650} INFO - DAG(s) dict_keys(['example_dag_decorator']) retrieved from /home/airflow/.local/lib/python3.7/site-packages/airflow/example_dags/example_dag_decorator.py
[2022-09-10T17:13:26.537+0000] {logging_mixin.py:115} INFO - [2022-09-10T17:13:26.537+0000] {dag.py:2429} INFO - Sync 1 DAGs
[2022-09-10T17:13:26.552+0000] {logging_mixin.py:115} INFO - [2022-09-10T17:13:26.552+0000] {dag.py:2981} INFO - Setting next_dagrun for example_dag_decorator to None, run_after=None
[2022-09-10T17:13:26.567+0000] {processor.py:161} INFO - Processing /home/airflow/.local/lib/python3.7/site-packages/airflow/example_dags/example_dag_decorator.py took 0.259 seconds
[2022-09-10T17:13:56.892+0000] {processor.py:153} INFO - Started process (PID=151) to work on /home/airflow/.local/lib/python3.7/site-packages/airflow/example_dags/example_dag_decorator.py
[2022-09-10T17:13:56.894+0000] {processor.py:640} INFO - Processing file /home/airflow/.local/lib/python3.7/site-packages/airflow/example_dags/example_dag_decorator.py for tasks to queue
[2022-09-10T17:13:56.896+0000] {logging_mixin.py:115} INFO - [2022-09-10T17:13:56.896+0000] {dagbag.py:508} INFO - Filling up the DagBag from /home/airflow/.local/lib/python3.7/site-packages/airflow/example_dags/example_dag_decorator.py
[2022-09-10T17:13:56.913+0000] {processor.py:650} INFO - DAG(s) dict_keys(['example_dag_decorator']) retrieved from /home/airflow/.local/lib/python3.7/site-packages/airflow/example_dags/example_dag_decorator.py
[2022-09-10T17:13:57.087+0000] {logging_mixin.py:115} INFO - [2022-09-10T17:13:57.087+0000] {dag.py:2429} INFO - Sync 1 DAGs
[2022-09-10T17:13:57.115+0000] {logging_mixin.py:115} INFO - [2022-09-10T17:13:57.115+0000] {dag.py:2981} INFO - Setting next_dagrun for example_dag_decorator to None, run_after=None
[2022-09-10T17:13:57.182+0000] {processor.py:161} INFO - Processing /home/airflow/.local/lib/python3.7/site-packages/airflow/example_dags/example_dag_decorator.py took 0.295 seconds
[2022-09-10T17:16:03.140+0000] {processor.py:153} INFO - Started process (PID=37) to work on /home/airflow/.local/lib/python3.7/site-packages/airflow/example_dags/example_dag_decorator.py
[2022-09-10T17:16:03.142+0000] {processor.py:640} INFO - Processing file /home/airflow/.local/lib/python3.7/site-packages/airflow/example_dags/example_dag_decorator.py for tasks to queue
[2022-09-10T17:16:03.144+0000] {logging_mixin.py:115} INFO - [2022-09-10T17:16:03.144+0000] {dagbag.py:508} INFO - Filling up the DagBag from /home/airflow/.local/lib/python3.7/site-packages/airflow/example_dags/example_dag_decorator.py
[2022-09-10T17:16:03.186+0000] {processor.py:650} INFO - DAG(s) dict_keys(['example_dag_decorator']) retrieved from /home/airflow/.local/lib/python3.7/site-packages/airflow/example_dags/example_dag_decorator.py
[2022-09-10T17:16:03.325+0000] {logging_mixin.py:115} INFO - [2022-09-10T17:16:03.325+0000] {dag.py:2429} INFO - Sync 1 DAGs
[2022-09-10T17:16:03.382+0000] {logging_mixin.py:115} INFO - [2022-09-10T17:16:03.382+0000] {dag.py:2981} INFO - Setting next_dagrun for example_dag_decorator to None, run_after=None
[2022-09-10T17:16:03.399+0000] {processor.py:161} INFO - Processing /home/airflow/.local/lib/python3.7/site-packages/airflow/example_dags/example_dag_decorator.py took 0.263 seconds
[2022-09-10T17:16:33.742+0000] {processor.py:153} INFO - Started process (PID=109) to work on /home/airflow/.local/lib/python3.7/site-packages/airflow/example_dags/example_dag_decorator.py
[2022-09-10T17:16:33.744+0000] {processor.py:640} INFO - Processing file /home/airflow/.local/lib/python3.7/site-packages/airflow/example_dags/example_dag_decorator.py for tasks to queue
[2022-09-10T17:16:33.745+0000] {logging_mixin.py:115} INFO - [2022-09-10T17:16:33.745+0000] {dagbag.py:508} INFO - Filling up the DagBag from /home/airflow/.local/lib/python3.7/site-packages/airflow/example_dags/example_dag_decorator.py
[2022-09-10T17:16:33.779+0000] {processor.py:650} INFO - DAG(s) dict_keys(['example_dag_decorator']) retrieved from /home/airflow/.local/lib/python3.7/site-packages/airflow/example_dags/example_dag_decorator.py
[2022-09-10T17:16:33.873+0000] {logging_mixin.py:115} INFO - [2022-09-10T17:16:33.873+0000] {dag.py:2429} INFO - Sync 1 DAGs
[2022-09-10T17:16:33.889+0000] {logging_mixin.py:115} INFO - [2022-09-10T17:16:33.888+0000] {dag.py:2981} INFO - Setting next_dagrun for example_dag_decorator to None, run_after=None
[2022-09-10T17:16:33.900+0000] {processor.py:161} INFO - Processing /home/airflow/.local/lib/python3.7/site-packages/airflow/example_dags/example_dag_decorator.py took 0.167 seconds
[2022-09-10T17:17:04.258+0000] {processor.py:153} INFO - Started process (PID=164) to work on /home/airflow/.local/lib/python3.7/site-packages/airflow/example_dags/example_dag_decorator.py
[2022-09-10T17:17:04.260+0000] {processor.py:640} INFO - Processing file /home/airflow/.local/lib/python3.7/site-packages/airflow/example_dags/example_dag_decorator.py for tasks to queue
[2022-09-10T17:17:04.261+0000] {logging_mixin.py:115} INFO - [2022-09-10T17:17:04.261+0000] {dagbag.py:508} INFO - Filling up the DagBag from /home/airflow/.local/lib/python3.7/site-packages/airflow/example_dags/example_dag_decorator.py
[2022-09-10T17:17:04.295+0000] {processor.py:650} INFO - DAG(s) dict_keys(['example_dag_decorator']) retrieved from /home/airflow/.local/lib/python3.7/site-packages/airflow/example_dags/example_dag_decorator.py
[2022-09-10T17:17:04.356+0000] {logging_mixin.py:115} INFO - [2022-09-10T17:17:04.356+0000] {dag.py:2429} INFO - Sync 1 DAGs
[2022-09-10T17:17:04.374+0000] {logging_mixin.py:115} INFO - [2022-09-10T17:17:04.374+0000] {dag.py:2981} INFO - Setting next_dagrun for example_dag_decorator to None, run_after=None
[2022-09-10T17:17:04.406+0000] {processor.py:161} INFO - Processing /home/airflow/.local/lib/python3.7/site-packages/airflow/example_dags/example_dag_decorator.py took 0.155 seconds
[2022-09-10T17:17:34.537+0000] {processor.py:153} INFO - Started process (PID=227) to work on /home/airflow/.local/lib/python3.7/site-packages/airflow/example_dags/example_dag_decorator.py
[2022-09-10T17:17:34.541+0000] {processor.py:640} INFO - Processing file /home/airflow/.local/lib/python3.7/site-packages/airflow/example_dags/example_dag_decorator.py for tasks to queue
[2022-09-10T17:17:34.542+0000] {logging_mixin.py:115} INFO - [2022-09-10T17:17:34.542+0000] {dagbag.py:508} INFO - Filling up the DagBag from /home/airflow/.local/lib/python3.7/site-packages/airflow/example_dags/example_dag_decorator.py
[2022-09-10T17:17:34.569+0000] {processor.py:650} INFO - DAG(s) dict_keys(['example_dag_decorator']) retrieved from /home/airflow/.local/lib/python3.7/site-packages/airflow/example_dags/example_dag_decorator.py
[2022-09-10T17:17:34.633+0000] {logging_mixin.py:115} INFO - [2022-09-10T17:17:34.633+0000] {dag.py:2429} INFO - Sync 1 DAGs
[2022-09-10T17:17:34.646+0000] {logging_mixin.py:115} INFO - [2022-09-10T17:17:34.646+0000] {dag.py:2981} INFO - Setting next_dagrun for example_dag_decorator to None, run_after=None
[2022-09-10T17:17:34.656+0000] {processor.py:161} INFO - Processing /home/airflow/.local/lib/python3.7/site-packages/airflow/example_dags/example_dag_decorator.py took 0.124 seconds
[2022-09-10T17:18:04.797+0000] {processor.py:153} INFO - Started process (PID=290) to work on /home/airflow/.local/lib/python3.7/site-packages/airflow/example_dags/example_dag_decorator.py
[2022-09-10T17:18:04.801+0000] {processor.py:640} INFO - Processing file /home/airflow/.local/lib/python3.7/site-packages/airflow/example_dags/example_dag_decorator.py for tasks to queue
[2022-09-10T17:18:04.803+0000] {logging_mixin.py:115} INFO - [2022-09-10T17:18:04.802+0000] {dagbag.py:508} INFO - Filling up the DagBag from /home/airflow/.local/lib/python3.7/site-packages/airflow/example_dags/example_dag_decorator.py
[2022-09-10T17:18:04.831+0000] {processor.py:650} INFO - DAG(s) dict_keys(['example_dag_decorator']) retrieved from /home/airflow/.local/lib/python3.7/site-packages/airflow/example_dags/example_dag_decorator.py
[2022-09-10T17:18:04.887+0000] {logging_mixin.py:115} INFO - [2022-09-10T17:18:04.887+0000] {dag.py:2429} INFO - Sync 1 DAGs
[2022-09-10T17:18:04.899+0000] {logging_mixin.py:115} INFO - [2022-09-10T17:18:04.899+0000] {dag.py:2981} INFO - Setting next_dagrun for example_dag_decorator to None, run_after=None
[2022-09-10T17:18:04.910+0000] {processor.py:161} INFO - Processing /home/airflow/.local/lib/python3.7/site-packages/airflow/example_dags/example_dag_decorator.py took 0.116 seconds
[2022-09-10T17:18:35.935+0000] {processor.py:153} INFO - Started process (PID=355) to work on /home/airflow/.local/lib/python3.7/site-packages/airflow/example_dags/example_dag_decorator.py
[2022-09-10T17:18:35.937+0000] {processor.py:640} INFO - Processing file /home/airflow/.local/lib/python3.7/site-packages/airflow/example_dags/example_dag_decorator.py for tasks to queue
[2022-09-10T17:18:35.938+0000] {logging_mixin.py:115} INFO - [2022-09-10T17:18:35.938+0000] {dagbag.py:508} INFO - Filling up the DagBag from /home/airflow/.local/lib/python3.7/site-packages/airflow/example_dags/example_dag_decorator.py
[2022-09-10T17:18:35.953+0000] {processor.py:650} INFO - DAG(s) dict_keys(['example_dag_decorator']) retrieved from /home/airflow/.local/lib/python3.7/site-packages/airflow/example_dags/example_dag_decorator.py
[2022-09-10T17:18:35.998+0000] {logging_mixin.py:115} INFO - [2022-09-10T17:18:35.998+0000] {dag.py:2429} INFO - Sync 1 DAGs
[2022-09-10T17:18:36.012+0000] {logging_mixin.py:115} INFO - [2022-09-10T17:18:36.012+0000] {dag.py:2981} INFO - Setting next_dagrun for example_dag_decorator to None, run_after=None
[2022-09-10T17:18:36.024+0000] {processor.py:161} INFO - Processing /home/airflow/.local/lib/python3.7/site-packages/airflow/example_dags/example_dag_decorator.py took 0.092 seconds
[2022-09-10T17:19:07.053+0000] {processor.py:153} INFO - Started process (PID=418) to work on /home/airflow/.local/lib/python3.7/site-packages/airflow/example_dags/example_dag_decorator.py
[2022-09-10T17:19:07.056+0000] {processor.py:640} INFO - Processing file /home/airflow/.local/lib/python3.7/site-packages/airflow/example_dags/example_dag_decorator.py for tasks to queue
[2022-09-10T17:19:07.058+0000] {logging_mixin.py:115} INFO - [2022-09-10T17:19:07.058+0000] {dagbag.py:508} INFO - Filling up the DagBag from /home/airflow/.local/lib/python3.7/site-packages/airflow/example_dags/example_dag_decorator.py
[2022-09-10T17:19:07.073+0000] {processor.py:650} INFO - DAG(s) dict_keys(['example_dag_decorator']) retrieved from /home/airflow/.local/lib/python3.7/site-packages/airflow/example_dags/example_dag_decorator.py
[2022-09-10T17:19:07.130+0000] {logging_mixin.py:115} INFO - [2022-09-10T17:19:07.130+0000] {dag.py:2429} INFO - Sync 1 DAGs
[2022-09-10T17:19:07.146+0000] {logging_mixin.py:115} INFO - [2022-09-10T17:19:07.146+0000] {dag.py:2981} INFO - Setting next_dagrun for example_dag_decorator to None, run_after=None
[2022-09-10T17:19:07.158+0000] {processor.py:161} INFO - Processing /home/airflow/.local/lib/python3.7/site-packages/airflow/example_dags/example_dag_decorator.py took 0.108 seconds
[2022-09-10T17:19:37.240+0000] {processor.py:153} INFO - Started process (PID=471) to work on /home/airflow/.local/lib/python3.7/site-packages/airflow/example_dags/example_dag_decorator.py
[2022-09-10T17:19:37.242+0000] {processor.py:640} INFO - Processing file /home/airflow/.local/lib/python3.7/site-packages/airflow/example_dags/example_dag_decorator.py for tasks to queue
[2022-09-10T17:19:37.243+0000] {logging_mixin.py:115} INFO - [2022-09-10T17:19:37.243+0000] {dagbag.py:508} INFO - Filling up the DagBag from /home/airflow/.local/lib/python3.7/site-packages/airflow/example_dags/example_dag_decorator.py
[2022-09-10T17:19:37.261+0000] {processor.py:650} INFO - DAG(s) dict_keys(['example_dag_decorator']) retrieved from /home/airflow/.local/lib/python3.7/site-packages/airflow/example_dags/example_dag_decorator.py
[2022-09-10T17:19:37.316+0000] {logging_mixin.py:115} INFO - [2022-09-10T17:19:37.316+0000] {dag.py:2429} INFO - Sync 1 DAGs
[2022-09-10T17:19:37.332+0000] {logging_mixin.py:115} INFO - [2022-09-10T17:19:37.332+0000] {dag.py:2981} INFO - Setting next_dagrun for example_dag_decorator to None, run_after=None
[2022-09-10T17:19:37.343+0000] {processor.py:161} INFO - Processing /home/airflow/.local/lib/python3.7/site-packages/airflow/example_dags/example_dag_decorator.py took 0.107 seconds
[2022-09-10T17:20:07.417+0000] {processor.py:153} INFO - Started process (PID=533) to work on /home/airflow/.local/lib/python3.7/site-packages/airflow/example_dags/example_dag_decorator.py
[2022-09-10T17:20:07.419+0000] {processor.py:640} INFO - Processing file /home/airflow/.local/lib/python3.7/site-packages/airflow/example_dags/example_dag_decorator.py for tasks to queue
[2022-09-10T17:20:07.420+0000] {logging_mixin.py:115} INFO - [2022-09-10T17:20:07.420+0000] {dagbag.py:508} INFO - Filling up the DagBag from /home/airflow/.local/lib/python3.7/site-packages/airflow/example_dags/example_dag_decorator.py
[2022-09-10T17:20:07.434+0000] {processor.py:650} INFO - DAG(s) dict_keys(['example_dag_decorator']) retrieved from /home/airflow/.local/lib/python3.7/site-packages/airflow/example_dags/example_dag_decorator.py
[2022-09-10T17:20:07.473+0000] {logging_mixin.py:115} INFO - [2022-09-10T17:20:07.473+0000] {dag.py:2429} INFO - Sync 1 DAGs
[2022-09-10T17:20:07.484+0000] {logging_mixin.py:115} INFO - [2022-09-10T17:20:07.484+0000] {dag.py:2981} INFO - Setting next_dagrun for example_dag_decorator to None, run_after=None
[2022-09-10T17:20:07.492+0000] {processor.py:161} INFO - Processing /home/airflow/.local/lib/python3.7/site-packages/airflow/example_dags/example_dag_decorator.py took 0.078 seconds
[2022-09-10T17:20:37.610+0000] {processor.py:153} INFO - Started process (PID=596) to work on /home/airflow/.local/lib/python3.7/site-packages/airflow/example_dags/example_dag_decorator.py
[2022-09-10T17:20:37.613+0000] {processor.py:640} INFO - Processing file /home/airflow/.local/lib/python3.7/site-packages/airflow/example_dags/example_dag_decorator.py for tasks to queue
[2022-09-10T17:20:37.614+0000] {logging_mixin.py:115} INFO - [2022-09-10T17:20:37.614+0000] {dagbag.py:508} INFO - Filling up the DagBag from /home/airflow/.local/lib/python3.7/site-packages/airflow/example_dags/example_dag_decorator.py
[2022-09-10T17:20:37.639+0000] {processor.py:650} INFO - DAG(s) dict_keys(['example_dag_decorator']) retrieved from /home/airflow/.local/lib/python3.7/site-packages/airflow/example_dags/example_dag_decorator.py
[2022-09-10T17:20:37.714+0000] {logging_mixin.py:115} INFO - [2022-09-10T17:20:37.714+0000] {dag.py:2429} INFO - Sync 1 DAGs
[2022-09-10T17:20:37.734+0000] {logging_mixin.py:115} INFO - [2022-09-10T17:20:37.734+0000] {dag.py:2981} INFO - Setting next_dagrun for example_dag_decorator to None, run_after=None
[2022-09-10T17:20:37.745+0000] {processor.py:161} INFO - Processing /home/airflow/.local/lib/python3.7/site-packages/airflow/example_dags/example_dag_decorator.py took 0.138 seconds
[2022-09-10T17:21:07.870+0000] {processor.py:153} INFO - Started process (PID=659) to work on /home/airflow/.local/lib/python3.7/site-packages/airflow/example_dags/example_dag_decorator.py
[2022-09-10T17:21:07.872+0000] {processor.py:640} INFO - Processing file /home/airflow/.local/lib/python3.7/site-packages/airflow/example_dags/example_dag_decorator.py for tasks to queue
[2022-09-10T17:21:07.873+0000] {logging_mixin.py:115} INFO - [2022-09-10T17:21:07.873+0000] {dagbag.py:508} INFO - Filling up the DagBag from /home/airflow/.local/lib/python3.7/site-packages/airflow/example_dags/example_dag_decorator.py
[2022-09-10T17:21:07.888+0000] {processor.py:650} INFO - DAG(s) dict_keys(['example_dag_decorator']) retrieved from /home/airflow/.local/lib/python3.7/site-packages/airflow/example_dags/example_dag_decorator.py
[2022-09-10T17:21:07.938+0000] {logging_mixin.py:115} INFO - [2022-09-10T17:21:07.937+0000] {dag.py:2429} INFO - Sync 1 DAGs
[2022-09-10T17:21:07.953+0000] {logging_mixin.py:115} INFO - [2022-09-10T17:21:07.952+0000] {dag.py:2981} INFO - Setting next_dagrun for example_dag_decorator to None, run_after=None
[2022-09-10T17:21:07.962+0000] {processor.py:161} INFO - Processing /home/airflow/.local/lib/python3.7/site-packages/airflow/example_dags/example_dag_decorator.py took 0.095 seconds
[2022-09-10T17:21:38.875+0000] {processor.py:153} INFO - Started process (PID=722) to work on /home/airflow/.local/lib/python3.7/site-packages/airflow/example_dags/example_dag_decorator.py
[2022-09-10T17:21:38.877+0000] {processor.py:640} INFO - Processing file /home/airflow/.local/lib/python3.7/site-packages/airflow/example_dags/example_dag_decorator.py for tasks to queue
[2022-09-10T17:21:38.879+0000] {logging_mixin.py:115} INFO - [2022-09-10T17:21:38.879+0000] {dagbag.py:508} INFO - Filling up the DagBag from /home/airflow/.local/lib/python3.7/site-packages/airflow/example_dags/example_dag_decorator.py
[2022-09-10T17:21:38.915+0000] {processor.py:650} INFO - DAG(s) dict_keys(['example_dag_decorator']) retrieved from /home/airflow/.local/lib/python3.7/site-packages/airflow/example_dags/example_dag_decorator.py
[2022-09-10T17:21:38.984+0000] {logging_mixin.py:115} INFO - [2022-09-10T17:21:38.984+0000] {dag.py:2429} INFO - Sync 1 DAGs
[2022-09-10T17:21:39.007+0000] {logging_mixin.py:115} INFO - [2022-09-10T17:21:39.007+0000] {dag.py:2981} INFO - Setting next_dagrun for example_dag_decorator to None, run_after=None
[2022-09-10T17:21:39.019+0000] {processor.py:161} INFO - Processing /home/airflow/.local/lib/python3.7/site-packages/airflow/example_dags/example_dag_decorator.py took 0.148 seconds
[2022-09-10T17:22:09.823+0000] {processor.py:153} INFO - Started process (PID=785) to work on /home/airflow/.local/lib/python3.7/site-packages/airflow/example_dags/example_dag_decorator.py
[2022-09-10T17:22:09.824+0000] {processor.py:640} INFO - Processing file /home/airflow/.local/lib/python3.7/site-packages/airflow/example_dags/example_dag_decorator.py for tasks to queue
[2022-09-10T17:22:09.825+0000] {logging_mixin.py:115} INFO - [2022-09-10T17:22:09.825+0000] {dagbag.py:508} INFO - Filling up the DagBag from /home/airflow/.local/lib/python3.7/site-packages/airflow/example_dags/example_dag_decorator.py
[2022-09-10T17:22:09.853+0000] {processor.py:650} INFO - DAG(s) dict_keys(['example_dag_decorator']) retrieved from /home/airflow/.local/lib/python3.7/site-packages/airflow/example_dags/example_dag_decorator.py
[2022-09-10T17:22:09.900+0000] {logging_mixin.py:115} INFO - [2022-09-10T17:22:09.899+0000] {dag.py:2429} INFO - Sync 1 DAGs
[2022-09-10T17:22:09.913+0000] {logging_mixin.py:115} INFO - [2022-09-10T17:22:09.913+0000] {dag.py:2981} INFO - Setting next_dagrun for example_dag_decorator to None, run_after=None
[2022-09-10T17:22:09.924+0000] {processor.py:161} INFO - Processing /home/airflow/.local/lib/python3.7/site-packages/airflow/example_dags/example_dag_decorator.py took 0.105 seconds
[2022-09-10T17:22:40.336+0000] {processor.py:153} INFO - Started process (PID=841) to work on /home/airflow/.local/lib/python3.7/site-packages/airflow/example_dags/example_dag_decorator.py
[2022-09-10T17:22:40.339+0000] {processor.py:640} INFO - Processing file /home/airflow/.local/lib/python3.7/site-packages/airflow/example_dags/example_dag_decorator.py for tasks to queue
[2022-09-10T17:22:40.341+0000] {logging_mixin.py:115} INFO - [2022-09-10T17:22:40.341+0000] {dagbag.py:508} INFO - Filling up the DagBag from /home/airflow/.local/lib/python3.7/site-packages/airflow/example_dags/example_dag_decorator.py
[2022-09-10T17:22:40.374+0000] {processor.py:650} INFO - DAG(s) dict_keys(['example_dag_decorator']) retrieved from /home/airflow/.local/lib/python3.7/site-packages/airflow/example_dags/example_dag_decorator.py
[2022-09-10T17:22:40.420+0000] {logging_mixin.py:115} INFO - [2022-09-10T17:22:40.420+0000] {dag.py:2429} INFO - Sync 1 DAGs
[2022-09-10T17:22:40.434+0000] {logging_mixin.py:115} INFO - [2022-09-10T17:22:40.434+0000] {dag.py:2981} INFO - Setting next_dagrun for example_dag_decorator to None, run_after=None
[2022-09-10T17:22:40.454+0000] {processor.py:161} INFO - Processing /home/airflow/.local/lib/python3.7/site-packages/airflow/example_dags/example_dag_decorator.py took 0.124 seconds
[2022-09-10T17:23:11.377+0000] {processor.py:153} INFO - Started process (PID=904) to work on /home/airflow/.local/lib/python3.7/site-packages/airflow/example_dags/example_dag_decorator.py
[2022-09-10T17:23:11.380+0000] {processor.py:640} INFO - Processing file /home/airflow/.local/lib/python3.7/site-packages/airflow/example_dags/example_dag_decorator.py for tasks to queue
[2022-09-10T17:23:11.382+0000] {logging_mixin.py:115} INFO - [2022-09-10T17:23:11.382+0000] {dagbag.py:508} INFO - Filling up the DagBag from /home/airflow/.local/lib/python3.7/site-packages/airflow/example_dags/example_dag_decorator.py
[2022-09-10T17:23:11.413+0000] {processor.py:650} INFO - DAG(s) dict_keys(['example_dag_decorator']) retrieved from /home/airflow/.local/lib/python3.7/site-packages/airflow/example_dags/example_dag_decorator.py
[2022-09-10T17:23:11.468+0000] {logging_mixin.py:115} INFO - [2022-09-10T17:23:11.468+0000] {dag.py:2429} INFO - Sync 1 DAGs
[2022-09-10T17:23:11.481+0000] {logging_mixin.py:115} INFO - [2022-09-10T17:23:11.481+0000] {dag.py:2981} INFO - Setting next_dagrun for example_dag_decorator to None, run_after=None
[2022-09-10T17:23:11.498+0000] {processor.py:161} INFO - Processing /home/airflow/.local/lib/python3.7/site-packages/airflow/example_dags/example_dag_decorator.py took 0.124 seconds
[2022-09-10T17:23:42.357+0000] {processor.py:153} INFO - Started process (PID=967) to work on /home/airflow/.local/lib/python3.7/site-packages/airflow/example_dags/example_dag_decorator.py
[2022-09-10T17:23:42.360+0000] {processor.py:640} INFO - Processing file /home/airflow/.local/lib/python3.7/site-packages/airflow/example_dags/example_dag_decorator.py for tasks to queue
[2022-09-10T17:23:42.364+0000] {logging_mixin.py:115} INFO - [2022-09-10T17:23:42.364+0000] {dagbag.py:508} INFO - Filling up the DagBag from /home/airflow/.local/lib/python3.7/site-packages/airflow/example_dags/example_dag_decorator.py
[2022-09-10T17:23:42.401+0000] {processor.py:650} INFO - DAG(s) dict_keys(['example_dag_decorator']) retrieved from /home/airflow/.local/lib/python3.7/site-packages/airflow/example_dags/example_dag_decorator.py
[2022-09-10T17:23:42.478+0000] {logging_mixin.py:115} INFO - [2022-09-10T17:23:42.478+0000] {dag.py:2429} INFO - Sync 1 DAGs
[2022-09-10T17:23:42.494+0000] {logging_mixin.py:115} INFO - [2022-09-10T17:23:42.493+0000] {dag.py:2981} INFO - Setting next_dagrun for example_dag_decorator to None, run_after=None
[2022-09-10T17:23:42.511+0000] {processor.py:161} INFO - Processing /home/airflow/.local/lib/python3.7/site-packages/airflow/example_dags/example_dag_decorator.py took 0.165 seconds
[2022-09-10T17:24:13.334+0000] {processor.py:153} INFO - Started process (PID=1030) to work on /home/airflow/.local/lib/python3.7/site-packages/airflow/example_dags/example_dag_decorator.py
[2022-09-10T17:24:13.337+0000] {processor.py:640} INFO - Processing file /home/airflow/.local/lib/python3.7/site-packages/airflow/example_dags/example_dag_decorator.py for tasks to queue
[2022-09-10T17:24:13.339+0000] {logging_mixin.py:115} INFO - [2022-09-10T17:24:13.339+0000] {dagbag.py:508} INFO - Filling up the DagBag from /home/airflow/.local/lib/python3.7/site-packages/airflow/example_dags/example_dag_decorator.py
[2022-09-10T17:24:13.385+0000] {processor.py:650} INFO - DAG(s) dict_keys(['example_dag_decorator']) retrieved from /home/airflow/.local/lib/python3.7/site-packages/airflow/example_dags/example_dag_decorator.py
[2022-09-10T17:24:13.462+0000] {logging_mixin.py:115} INFO - [2022-09-10T17:24:13.462+0000] {dag.py:2429} INFO - Sync 1 DAGs
[2022-09-10T17:24:13.477+0000] {logging_mixin.py:115} INFO - [2022-09-10T17:24:13.477+0000] {dag.py:2981} INFO - Setting next_dagrun for example_dag_decorator to None, run_after=None
[2022-09-10T17:24:13.493+0000] {processor.py:161} INFO - Processing /home/airflow/.local/lib/python3.7/site-packages/airflow/example_dags/example_dag_decorator.py took 0.163 seconds
[2022-09-10T17:24:44.273+0000] {processor.py:153} INFO - Started process (PID=1093) to work on /home/airflow/.local/lib/python3.7/site-packages/airflow/example_dags/example_dag_decorator.py
[2022-09-10T17:24:44.276+0000] {processor.py:640} INFO - Processing file /home/airflow/.local/lib/python3.7/site-packages/airflow/example_dags/example_dag_decorator.py for tasks to queue
[2022-09-10T17:24:44.282+0000] {logging_mixin.py:115} INFO - [2022-09-10T17:24:44.282+0000] {dagbag.py:508} INFO - Filling up the DagBag from /home/airflow/.local/lib/python3.7/site-packages/airflow/example_dags/example_dag_decorator.py
[2022-09-10T17:24:44.324+0000] {processor.py:650} INFO - DAG(s) dict_keys(['example_dag_decorator']) retrieved from /home/airflow/.local/lib/python3.7/site-packages/airflow/example_dags/example_dag_decorator.py
[2022-09-10T17:24:44.354+0000] {logging_mixin.py:115} INFO - [2022-09-10T17:24:44.354+0000] {dag.py:2429} INFO - Sync 1 DAGs
[2022-09-10T17:24:44.372+0000] {logging_mixin.py:115} INFO - [2022-09-10T17:24:44.372+0000] {dag.py:2981} INFO - Setting next_dagrun for example_dag_decorator to None, run_after=None
[2022-09-10T17:24:44.383+0000] {processor.py:161} INFO - Processing /home/airflow/.local/lib/python3.7/site-packages/airflow/example_dags/example_dag_decorator.py took 0.115 seconds
[2022-09-10T17:25:15.107+0000] {processor.py:153} INFO - Started process (PID=1155) to work on /home/airflow/.local/lib/python3.7/site-packages/airflow/example_dags/example_dag_decorator.py
[2022-09-10T17:25:15.109+0000] {processor.py:640} INFO - Processing file /home/airflow/.local/lib/python3.7/site-packages/airflow/example_dags/example_dag_decorator.py for tasks to queue
[2022-09-10T17:25:15.110+0000] {logging_mixin.py:115} INFO - [2022-09-10T17:25:15.110+0000] {dagbag.py:508} INFO - Filling up the DagBag from /home/airflow/.local/lib/python3.7/site-packages/airflow/example_dags/example_dag_decorator.py
[2022-09-10T17:25:15.136+0000] {processor.py:650} INFO - DAG(s) dict_keys(['example_dag_decorator']) retrieved from /home/airflow/.local/lib/python3.7/site-packages/airflow/example_dags/example_dag_decorator.py
[2022-09-10T17:25:15.188+0000] {logging_mixin.py:115} INFO - [2022-09-10T17:25:15.188+0000] {dag.py:2429} INFO - Sync 1 DAGs
[2022-09-10T17:25:15.201+0000] {logging_mixin.py:115} INFO - [2022-09-10T17:25:15.201+0000] {dag.py:2981} INFO - Setting next_dagrun for example_dag_decorator to None, run_after=None
[2022-09-10T17:25:15.215+0000] {processor.py:161} INFO - Processing /home/airflow/.local/lib/python3.7/site-packages/airflow/example_dags/example_dag_decorator.py took 0.112 seconds
[2022-09-10T17:25:45.993+0000] {processor.py:153} INFO - Started process (PID=1219) to work on /home/airflow/.local/lib/python3.7/site-packages/airflow/example_dags/example_dag_decorator.py
[2022-09-10T17:25:45.995+0000] {processor.py:640} INFO - Processing file /home/airflow/.local/lib/python3.7/site-packages/airflow/example_dags/example_dag_decorator.py for tasks to queue
[2022-09-10T17:25:45.997+0000] {logging_mixin.py:115} INFO - [2022-09-10T17:25:45.997+0000] {dagbag.py:508} INFO - Filling up the DagBag from /home/airflow/.local/lib/python3.7/site-packages/airflow/example_dags/example_dag_decorator.py
[2022-09-10T17:25:46.020+0000] {processor.py:650} INFO - DAG(s) dict_keys(['example_dag_decorator']) retrieved from /home/airflow/.local/lib/python3.7/site-packages/airflow/example_dags/example_dag_decorator.py
[2022-09-10T17:25:46.055+0000] {logging_mixin.py:115} INFO - [2022-09-10T17:25:46.055+0000] {dag.py:2429} INFO - Sync 1 DAGs
[2022-09-10T17:25:46.076+0000] {logging_mixin.py:115} INFO - [2022-09-10T17:25:46.075+0000] {dag.py:2981} INFO - Setting next_dagrun for example_dag_decorator to None, run_after=None
[2022-09-10T17:25:46.095+0000] {processor.py:161} INFO - Processing /home/airflow/.local/lib/python3.7/site-packages/airflow/example_dags/example_dag_decorator.py took 0.105 seconds
[2022-09-10T17:26:17.118+0000] {processor.py:153} INFO - Started process (PID=1273) to work on /home/airflow/.local/lib/python3.7/site-packages/airflow/example_dags/example_dag_decorator.py
[2022-09-10T17:26:17.120+0000] {processor.py:640} INFO - Processing file /home/airflow/.local/lib/python3.7/site-packages/airflow/example_dags/example_dag_decorator.py for tasks to queue
[2022-09-10T17:26:17.122+0000] {logging_mixin.py:115} INFO - [2022-09-10T17:26:17.121+0000] {dagbag.py:508} INFO - Filling up the DagBag from /home/airflow/.local/lib/python3.7/site-packages/airflow/example_dags/example_dag_decorator.py
[2022-09-10T17:26:17.155+0000] {processor.py:650} INFO - DAG(s) dict_keys(['example_dag_decorator']) retrieved from /home/airflow/.local/lib/python3.7/site-packages/airflow/example_dags/example_dag_decorator.py
[2022-09-10T17:26:17.211+0000] {logging_mixin.py:115} INFO - [2022-09-10T17:26:17.210+0000] {dag.py:2429} INFO - Sync 1 DAGs
[2022-09-10T17:26:17.225+0000] {logging_mixin.py:115} INFO - [2022-09-10T17:26:17.225+0000] {dag.py:2981} INFO - Setting next_dagrun for example_dag_decorator to None, run_after=None
[2022-09-10T17:26:17.236+0000] {processor.py:161} INFO - Processing /home/airflow/.local/lib/python3.7/site-packages/airflow/example_dags/example_dag_decorator.py took 0.121 seconds
[2022-09-10T17:26:48.440+0000] {processor.py:153} INFO - Started process (PID=1338) to work on /home/airflow/.local/lib/python3.7/site-packages/airflow/example_dags/example_dag_decorator.py
[2022-09-10T17:26:48.442+0000] {processor.py:640} INFO - Processing file /home/airflow/.local/lib/python3.7/site-packages/airflow/example_dags/example_dag_decorator.py for tasks to queue
[2022-09-10T17:26:48.443+0000] {logging_mixin.py:115} INFO - [2022-09-10T17:26:48.443+0000] {dagbag.py:508} INFO - Filling up the DagBag from /home/airflow/.local/lib/python3.7/site-packages/airflow/example_dags/example_dag_decorator.py
[2022-09-10T17:26:48.457+0000] {processor.py:650} INFO - DAG(s) dict_keys(['example_dag_decorator']) retrieved from /home/airflow/.local/lib/python3.7/site-packages/airflow/example_dags/example_dag_decorator.py
[2022-09-10T17:26:48.509+0000] {logging_mixin.py:115} INFO - [2022-09-10T17:26:48.509+0000] {dag.py:2429} INFO - Sync 1 DAGs
[2022-09-10T17:26:48.519+0000] {logging_mixin.py:115} INFO - [2022-09-10T17:26:48.519+0000] {dag.py:2981} INFO - Setting next_dagrun for example_dag_decorator to None, run_after=None
[2022-09-10T17:26:48.529+0000] {processor.py:161} INFO - Processing /home/airflow/.local/lib/python3.7/site-packages/airflow/example_dags/example_dag_decorator.py took 0.091 seconds
[2022-09-10T17:27:19.619+0000] {processor.py:153} INFO - Started process (PID=1402) to work on /home/airflow/.local/lib/python3.7/site-packages/airflow/example_dags/example_dag_decorator.py
[2022-09-10T17:27:19.622+0000] {processor.py:640} INFO - Processing file /home/airflow/.local/lib/python3.7/site-packages/airflow/example_dags/example_dag_decorator.py for tasks to queue
[2022-09-10T17:27:19.623+0000] {logging_mixin.py:115} INFO - [2022-09-10T17:27:19.623+0000] {dagbag.py:508} INFO - Filling up the DagBag from /home/airflow/.local/lib/python3.7/site-packages/airflow/example_dags/example_dag_decorator.py
[2022-09-10T17:27:19.640+0000] {processor.py:650} INFO - DAG(s) dict_keys(['example_dag_decorator']) retrieved from /home/airflow/.local/lib/python3.7/site-packages/airflow/example_dags/example_dag_decorator.py
[2022-09-10T17:27:19.684+0000] {logging_mixin.py:115} INFO - [2022-09-10T17:27:19.684+0000] {dag.py:2429} INFO - Sync 1 DAGs
[2022-09-10T17:27:19.697+0000] {logging_mixin.py:115} INFO - [2022-09-10T17:27:19.696+0000] {dag.py:2981} INFO - Setting next_dagrun for example_dag_decorator to None, run_after=None
[2022-09-10T17:27:19.708+0000] {processor.py:161} INFO - Processing /home/airflow/.local/lib/python3.7/site-packages/airflow/example_dags/example_dag_decorator.py took 0.091 seconds
[2022-09-10T17:27:49.839+0000] {processor.py:153} INFO - Started process (PID=1467) to work on /home/airflow/.local/lib/python3.7/site-packages/airflow/example_dags/example_dag_decorator.py
[2022-09-10T17:27:49.842+0000] {processor.py:640} INFO - Processing file /home/airflow/.local/lib/python3.7/site-packages/airflow/example_dags/example_dag_decorator.py for tasks to queue
[2022-09-10T17:27:49.844+0000] {logging_mixin.py:115} INFO - [2022-09-10T17:27:49.844+0000] {dagbag.py:508} INFO - Filling up the DagBag from /home/airflow/.local/lib/python3.7/site-packages/airflow/example_dags/example_dag_decorator.py
[2022-09-10T17:27:49.879+0000] {processor.py:650} INFO - DAG(s) dict_keys(['example_dag_decorator']) retrieved from /home/airflow/.local/lib/python3.7/site-packages/airflow/example_dags/example_dag_decorator.py
[2022-09-10T17:27:49.935+0000] {logging_mixin.py:115} INFO - [2022-09-10T17:27:49.934+0000] {dag.py:2429} INFO - Sync 1 DAGs
[2022-09-10T17:27:49.952+0000] {logging_mixin.py:115} INFO - [2022-09-10T17:27:49.952+0000] {dag.py:2981} INFO - Setting next_dagrun for example_dag_decorator to None, run_after=None
[2022-09-10T17:27:49.963+0000] {processor.py:161} INFO - Processing /home/airflow/.local/lib/python3.7/site-packages/airflow/example_dags/example_dag_decorator.py took 0.128 seconds
[2022-09-10T17:28:20.039+0000] {processor.py:153} INFO - Started process (PID=1530) to work on /home/airflow/.local/lib/python3.7/site-packages/airflow/example_dags/example_dag_decorator.py
[2022-09-10T17:28:20.042+0000] {processor.py:640} INFO - Processing file /home/airflow/.local/lib/python3.7/site-packages/airflow/example_dags/example_dag_decorator.py for tasks to queue
[2022-09-10T17:28:20.044+0000] {logging_mixin.py:115} INFO - [2022-09-10T17:28:20.043+0000] {dagbag.py:508} INFO - Filling up the DagBag from /home/airflow/.local/lib/python3.7/site-packages/airflow/example_dags/example_dag_decorator.py
[2022-09-10T17:28:20.067+0000] {processor.py:650} INFO - DAG(s) dict_keys(['example_dag_decorator']) retrieved from /home/airflow/.local/lib/python3.7/site-packages/airflow/example_dags/example_dag_decorator.py
[2022-09-10T17:28:20.113+0000] {logging_mixin.py:115} INFO - [2022-09-10T17:28:20.113+0000] {dag.py:2429} INFO - Sync 1 DAGs
[2022-09-10T17:28:20.127+0000] {logging_mixin.py:115} INFO - [2022-09-10T17:28:20.127+0000] {dag.py:2981} INFO - Setting next_dagrun for example_dag_decorator to None, run_after=None
[2022-09-10T17:28:20.135+0000] {processor.py:161} INFO - Processing /home/airflow/.local/lib/python3.7/site-packages/airflow/example_dags/example_dag_decorator.py took 0.100 seconds
[2022-09-10T17:28:50.334+0000] {processor.py:153} INFO - Started process (PID=1584) to work on /home/airflow/.local/lib/python3.7/site-packages/airflow/example_dags/example_dag_decorator.py
[2022-09-10T17:28:50.338+0000] {processor.py:640} INFO - Processing file /home/airflow/.local/lib/python3.7/site-packages/airflow/example_dags/example_dag_decorator.py for tasks to queue
[2022-09-10T17:28:50.340+0000] {logging_mixin.py:115} INFO - [2022-09-10T17:28:50.340+0000] {dagbag.py:508} INFO - Filling up the DagBag from /home/airflow/.local/lib/python3.7/site-packages/airflow/example_dags/example_dag_decorator.py
[2022-09-10T17:28:50.365+0000] {processor.py:650} INFO - DAG(s) dict_keys(['example_dag_decorator']) retrieved from /home/airflow/.local/lib/python3.7/site-packages/airflow/example_dags/example_dag_decorator.py
[2022-09-10T17:28:50.423+0000] {logging_mixin.py:115} INFO - [2022-09-10T17:28:50.423+0000] {dag.py:2429} INFO - Sync 1 DAGs
[2022-09-10T17:28:50.436+0000] {logging_mixin.py:115} INFO - [2022-09-10T17:28:50.436+0000] {dag.py:2981} INFO - Setting next_dagrun for example_dag_decorator to None, run_after=None
[2022-09-10T17:28:50.449+0000] {processor.py:161} INFO - Processing /home/airflow/.local/lib/python3.7/site-packages/airflow/example_dags/example_dag_decorator.py took 0.121 seconds
[2022-09-10T17:29:20.564+0000] {processor.py:153} INFO - Started process (PID=1647) to work on /home/airflow/.local/lib/python3.7/site-packages/airflow/example_dags/example_dag_decorator.py
[2022-09-10T17:29:20.566+0000] {processor.py:640} INFO - Processing file /home/airflow/.local/lib/python3.7/site-packages/airflow/example_dags/example_dag_decorator.py for tasks to queue
[2022-09-10T17:29:20.567+0000] {logging_mixin.py:115} INFO - [2022-09-10T17:29:20.567+0000] {dagbag.py:508} INFO - Filling up the DagBag from /home/airflow/.local/lib/python3.7/site-packages/airflow/example_dags/example_dag_decorator.py
[2022-09-10T17:29:20.582+0000] {processor.py:650} INFO - DAG(s) dict_keys(['example_dag_decorator']) retrieved from /home/airflow/.local/lib/python3.7/site-packages/airflow/example_dags/example_dag_decorator.py
[2022-09-10T17:29:20.618+0000] {logging_mixin.py:115} INFO - [2022-09-10T17:29:20.618+0000] {dag.py:2429} INFO - Sync 1 DAGs
[2022-09-10T17:29:20.630+0000] {logging_mixin.py:115} INFO - [2022-09-10T17:29:20.630+0000] {dag.py:2981} INFO - Setting next_dagrun for example_dag_decorator to None, run_after=None
[2022-09-10T17:29:20.638+0000] {processor.py:161} INFO - Processing /home/airflow/.local/lib/python3.7/site-packages/airflow/example_dags/example_dag_decorator.py took 0.076 seconds
[2022-09-10T17:29:50.755+0000] {processor.py:153} INFO - Started process (PID=1709) to work on /home/airflow/.local/lib/python3.7/site-packages/airflow/example_dags/example_dag_decorator.py
[2022-09-10T17:29:50.757+0000] {processor.py:640} INFO - Processing file /home/airflow/.local/lib/python3.7/site-packages/airflow/example_dags/example_dag_decorator.py for tasks to queue
[2022-09-10T17:29:50.758+0000] {logging_mixin.py:115} INFO - [2022-09-10T17:29:50.758+0000] {dagbag.py:508} INFO - Filling up the DagBag from /home/airflow/.local/lib/python3.7/site-packages/airflow/example_dags/example_dag_decorator.py
[2022-09-10T17:29:50.780+0000] {processor.py:650} INFO - DAG(s) dict_keys(['example_dag_decorator']) retrieved from /home/airflow/.local/lib/python3.7/site-packages/airflow/example_dags/example_dag_decorator.py
[2022-09-10T17:29:50.830+0000] {logging_mixin.py:115} INFO - [2022-09-10T17:29:50.830+0000] {dag.py:2429} INFO - Sync 1 DAGs
[2022-09-10T17:29:50.843+0000] {logging_mixin.py:115} INFO - [2022-09-10T17:29:50.843+0000] {dag.py:2981} INFO - Setting next_dagrun for example_dag_decorator to None, run_after=None
[2022-09-10T17:29:50.853+0000] {processor.py:161} INFO - Processing /home/airflow/.local/lib/python3.7/site-packages/airflow/example_dags/example_dag_decorator.py took 0.103 seconds
[2022-09-10T17:30:21.121+0000] {processor.py:153} INFO - Started process (PID=1772) to work on /home/airflow/.local/lib/python3.7/site-packages/airflow/example_dags/example_dag_decorator.py
[2022-09-10T17:30:21.129+0000] {processor.py:640} INFO - Processing file /home/airflow/.local/lib/python3.7/site-packages/airflow/example_dags/example_dag_decorator.py for tasks to queue
[2022-09-10T17:30:21.132+0000] {logging_mixin.py:115} INFO - [2022-09-10T17:30:21.132+0000] {dagbag.py:508} INFO - Filling up the DagBag from /home/airflow/.local/lib/python3.7/site-packages/airflow/example_dags/example_dag_decorator.py
[2022-09-10T17:30:21.164+0000] {processor.py:650} INFO - DAG(s) dict_keys(['example_dag_decorator']) retrieved from /home/airflow/.local/lib/python3.7/site-packages/airflow/example_dags/example_dag_decorator.py
[2022-09-10T17:30:21.196+0000] {logging_mixin.py:115} INFO - [2022-09-10T17:30:21.196+0000] {dag.py:2429} INFO - Sync 1 DAGs
[2022-09-10T17:30:21.211+0000] {logging_mixin.py:115} INFO - [2022-09-10T17:30:21.210+0000] {dag.py:2981} INFO - Setting next_dagrun for example_dag_decorator to None, run_after=None
[2022-09-10T17:30:21.220+0000] {processor.py:161} INFO - Processing /home/airflow/.local/lib/python3.7/site-packages/airflow/example_dags/example_dag_decorator.py took 0.104 seconds
