[2022-09-10T17:06:41.097+0000] {processor.py:153} INFO - Started process (PID=64) to work on /home/airflow/.local/lib/python3.7/site-packages/airflow/example_dags/tutorial_etl_dag.py
[2022-09-10T17:06:41.101+0000] {processor.py:640} INFO - Processing file /home/airflow/.local/lib/python3.7/site-packages/airflow/example_dags/tutorial_etl_dag.py for tasks to queue
[2022-09-10T17:06:41.102+0000] {logging_mixin.py:115} INFO - [2022-09-10T17:06:41.102+0000] {dagbag.py:508} INFO - Filling up the DagBag from /home/airflow/.local/lib/python3.7/site-packages/airflow/example_dags/tutorial_etl_dag.py
[2022-09-10T17:06:41.114+0000] {processor.py:650} INFO - DAG(s) dict_keys(['tutorial_etl_dag']) retrieved from /home/airflow/.local/lib/python3.7/site-packages/airflow/example_dags/tutorial_etl_dag.py
[2022-09-10T17:06:41.232+0000] {logging_mixin.py:115} INFO - [2022-09-10T17:06:41.232+0000] {manager.py:508} INFO - Created Permission View: can edit on DAG:tutorial_etl_dag
[2022-09-10T17:06:41.251+0000] {logging_mixin.py:115} INFO - [2022-09-10T17:06:41.251+0000] {manager.py:508} INFO - Created Permission View: can delete on DAG:tutorial_etl_dag
[2022-09-10T17:06:41.265+0000] {logging_mixin.py:115} INFO - [2022-09-10T17:06:41.264+0000] {manager.py:508} INFO - Created Permission View: can read on DAG:tutorial_etl_dag
[2022-09-10T17:06:41.268+0000] {logging_mixin.py:115} INFO - [2022-09-10T17:06:41.268+0000] {dag.py:2429} INFO - Sync 1 DAGs
[2022-09-10T17:06:41.284+0000] {logging_mixin.py:115} INFO - [2022-09-10T17:06:41.284+0000] {dag.py:2448} INFO - Creating ORM DAG for tutorial_etl_dag
[2022-09-10T17:06:41.296+0000] {logging_mixin.py:115} INFO - [2022-09-10T17:06:41.296+0000] {dag.py:2981} INFO - Setting next_dagrun for tutorial_etl_dag to None, run_after=None
[2022-09-10T17:06:41.314+0000] {processor.py:161} INFO - Processing /home/airflow/.local/lib/python3.7/site-packages/airflow/example_dags/tutorial_etl_dag.py took 0.221 seconds
[2022-09-10T17:07:11.440+0000] {processor.py:153} INFO - Started process (PID=128) to work on /home/airflow/.local/lib/python3.7/site-packages/airflow/example_dags/tutorial_etl_dag.py
[2022-09-10T17:07:11.442+0000] {processor.py:640} INFO - Processing file /home/airflow/.local/lib/python3.7/site-packages/airflow/example_dags/tutorial_etl_dag.py for tasks to queue
[2022-09-10T17:07:11.443+0000] {logging_mixin.py:115} INFO - [2022-09-10T17:07:11.443+0000] {dagbag.py:508} INFO - Filling up the DagBag from /home/airflow/.local/lib/python3.7/site-packages/airflow/example_dags/tutorial_etl_dag.py
[2022-09-10T17:07:11.450+0000] {processor.py:650} INFO - DAG(s) dict_keys(['tutorial_etl_dag']) retrieved from /home/airflow/.local/lib/python3.7/site-packages/airflow/example_dags/tutorial_etl_dag.py
[2022-09-10T17:07:11.466+0000] {logging_mixin.py:115} INFO - [2022-09-10T17:07:11.466+0000] {dag.py:2429} INFO - Sync 1 DAGs
[2022-09-10T17:07:11.480+0000] {logging_mixin.py:115} INFO - [2022-09-10T17:07:11.480+0000] {dag.py:2981} INFO - Setting next_dagrun for tutorial_etl_dag to None, run_after=None
[2022-09-10T17:07:11.487+0000] {processor.py:161} INFO - Processing /home/airflow/.local/lib/python3.7/site-packages/airflow/example_dags/tutorial_etl_dag.py took 0.049 seconds
[2022-09-10T17:07:42.399+0000] {processor.py:153} INFO - Started process (PID=191) to work on /home/airflow/.local/lib/python3.7/site-packages/airflow/example_dags/tutorial_etl_dag.py
[2022-09-10T17:07:42.400+0000] {processor.py:640} INFO - Processing file /home/airflow/.local/lib/python3.7/site-packages/airflow/example_dags/tutorial_etl_dag.py for tasks to queue
[2022-09-10T17:07:42.402+0000] {logging_mixin.py:115} INFO - [2022-09-10T17:07:42.401+0000] {dagbag.py:508} INFO - Filling up the DagBag from /home/airflow/.local/lib/python3.7/site-packages/airflow/example_dags/tutorial_etl_dag.py
[2022-09-10T17:07:42.407+0000] {processor.py:650} INFO - DAG(s) dict_keys(['tutorial_etl_dag']) retrieved from /home/airflow/.local/lib/python3.7/site-packages/airflow/example_dags/tutorial_etl_dag.py
[2022-09-10T17:07:42.425+0000] {logging_mixin.py:115} INFO - [2022-09-10T17:07:42.425+0000] {dag.py:2429} INFO - Sync 1 DAGs
[2022-09-10T17:07:42.441+0000] {logging_mixin.py:115} INFO - [2022-09-10T17:07:42.441+0000] {dag.py:2981} INFO - Setting next_dagrun for tutorial_etl_dag to None, run_after=None
[2022-09-10T17:07:42.448+0000] {processor.py:161} INFO - Processing /home/airflow/.local/lib/python3.7/site-packages/airflow/example_dags/tutorial_etl_dag.py took 0.053 seconds
[2022-09-10T17:08:13.263+0000] {processor.py:153} INFO - Started process (PID=245) to work on /home/airflow/.local/lib/python3.7/site-packages/airflow/example_dags/tutorial_etl_dag.py
[2022-09-10T17:08:13.264+0000] {processor.py:640} INFO - Processing file /home/airflow/.local/lib/python3.7/site-packages/airflow/example_dags/tutorial_etl_dag.py for tasks to queue
[2022-09-10T17:08:13.265+0000] {logging_mixin.py:115} INFO - [2022-09-10T17:08:13.264+0000] {dagbag.py:508} INFO - Filling up the DagBag from /home/airflow/.local/lib/python3.7/site-packages/airflow/example_dags/tutorial_etl_dag.py
[2022-09-10T17:08:13.269+0000] {processor.py:650} INFO - DAG(s) dict_keys(['tutorial_etl_dag']) retrieved from /home/airflow/.local/lib/python3.7/site-packages/airflow/example_dags/tutorial_etl_dag.py
[2022-09-10T17:08:13.287+0000] {logging_mixin.py:115} INFO - [2022-09-10T17:08:13.287+0000] {dag.py:2429} INFO - Sync 1 DAGs
[2022-09-10T17:08:13.299+0000] {logging_mixin.py:115} INFO - [2022-09-10T17:08:13.299+0000] {dag.py:2981} INFO - Setting next_dagrun for tutorial_etl_dag to None, run_after=None
[2022-09-10T17:08:13.307+0000] {processor.py:161} INFO - Processing /home/airflow/.local/lib/python3.7/site-packages/airflow/example_dags/tutorial_etl_dag.py took 0.046 seconds
[2022-09-10T17:08:44.133+0000] {processor.py:153} INFO - Started process (PID=307) to work on /home/airflow/.local/lib/python3.7/site-packages/airflow/example_dags/tutorial_etl_dag.py
[2022-09-10T17:08:44.134+0000] {processor.py:640} INFO - Processing file /home/airflow/.local/lib/python3.7/site-packages/airflow/example_dags/tutorial_etl_dag.py for tasks to queue
[2022-09-10T17:08:44.135+0000] {logging_mixin.py:115} INFO - [2022-09-10T17:08:44.135+0000] {dagbag.py:508} INFO - Filling up the DagBag from /home/airflow/.local/lib/python3.7/site-packages/airflow/example_dags/tutorial_etl_dag.py
[2022-09-10T17:08:44.140+0000] {processor.py:650} INFO - DAG(s) dict_keys(['tutorial_etl_dag']) retrieved from /home/airflow/.local/lib/python3.7/site-packages/airflow/example_dags/tutorial_etl_dag.py
[2022-09-10T17:08:44.156+0000] {logging_mixin.py:115} INFO - [2022-09-10T17:08:44.155+0000] {dag.py:2429} INFO - Sync 1 DAGs
[2022-09-10T17:08:44.168+0000] {logging_mixin.py:115} INFO - [2022-09-10T17:08:44.168+0000] {dag.py:2981} INFO - Setting next_dagrun for tutorial_etl_dag to None, run_after=None
[2022-09-10T17:08:44.175+0000] {processor.py:161} INFO - Processing /home/airflow/.local/lib/python3.7/site-packages/airflow/example_dags/tutorial_etl_dag.py took 0.044 seconds
[2022-09-10T17:09:14.983+0000] {processor.py:153} INFO - Started process (PID=371) to work on /home/airflow/.local/lib/python3.7/site-packages/airflow/example_dags/tutorial_etl_dag.py
[2022-09-10T17:09:14.985+0000] {processor.py:640} INFO - Processing file /home/airflow/.local/lib/python3.7/site-packages/airflow/example_dags/tutorial_etl_dag.py for tasks to queue
[2022-09-10T17:09:14.986+0000] {logging_mixin.py:115} INFO - [2022-09-10T17:09:14.986+0000] {dagbag.py:508} INFO - Filling up the DagBag from /home/airflow/.local/lib/python3.7/site-packages/airflow/example_dags/tutorial_etl_dag.py
[2022-09-10T17:09:14.991+0000] {processor.py:650} INFO - DAG(s) dict_keys(['tutorial_etl_dag']) retrieved from /home/airflow/.local/lib/python3.7/site-packages/airflow/example_dags/tutorial_etl_dag.py
[2022-09-10T17:09:15.007+0000] {logging_mixin.py:115} INFO - [2022-09-10T17:09:15.007+0000] {dag.py:2429} INFO - Sync 1 DAGs
[2022-09-10T17:09:15.019+0000] {logging_mixin.py:115} INFO - [2022-09-10T17:09:15.019+0000] {dag.py:2981} INFO - Setting next_dagrun for tutorial_etl_dag to None, run_after=None
[2022-09-10T17:09:15.026+0000] {processor.py:161} INFO - Processing /home/airflow/.local/lib/python3.7/site-packages/airflow/example_dags/tutorial_etl_dag.py took 0.045 seconds
[2022-09-10T17:09:45.784+0000] {processor.py:153} INFO - Started process (PID=435) to work on /home/airflow/.local/lib/python3.7/site-packages/airflow/example_dags/tutorial_etl_dag.py
[2022-09-10T17:09:45.785+0000] {processor.py:640} INFO - Processing file /home/airflow/.local/lib/python3.7/site-packages/airflow/example_dags/tutorial_etl_dag.py for tasks to queue
[2022-09-10T17:09:45.786+0000] {logging_mixin.py:115} INFO - [2022-09-10T17:09:45.786+0000] {dagbag.py:508} INFO - Filling up the DagBag from /home/airflow/.local/lib/python3.7/site-packages/airflow/example_dags/tutorial_etl_dag.py
[2022-09-10T17:09:45.790+0000] {processor.py:650} INFO - DAG(s) dict_keys(['tutorial_etl_dag']) retrieved from /home/airflow/.local/lib/python3.7/site-packages/airflow/example_dags/tutorial_etl_dag.py
[2022-09-10T17:09:45.808+0000] {logging_mixin.py:115} INFO - [2022-09-10T17:09:45.808+0000] {dag.py:2429} INFO - Sync 1 DAGs
[2022-09-10T17:09:45.824+0000] {logging_mixin.py:115} INFO - [2022-09-10T17:09:45.824+0000] {dag.py:2981} INFO - Setting next_dagrun for tutorial_etl_dag to None, run_after=None
[2022-09-10T17:09:45.834+0000] {processor.py:161} INFO - Processing /home/airflow/.local/lib/python3.7/site-packages/airflow/example_dags/tutorial_etl_dag.py took 0.053 seconds
[2022-09-10T17:10:16.569+0000] {processor.py:153} INFO - Started process (PID=499) to work on /home/airflow/.local/lib/python3.7/site-packages/airflow/example_dags/tutorial_etl_dag.py
[2022-09-10T17:10:16.570+0000] {processor.py:640} INFO - Processing file /home/airflow/.local/lib/python3.7/site-packages/airflow/example_dags/tutorial_etl_dag.py for tasks to queue
[2022-09-10T17:10:16.571+0000] {logging_mixin.py:115} INFO - [2022-09-10T17:10:16.571+0000] {dagbag.py:508} INFO - Filling up the DagBag from /home/airflow/.local/lib/python3.7/site-packages/airflow/example_dags/tutorial_etl_dag.py
[2022-09-10T17:10:16.576+0000] {processor.py:650} INFO - DAG(s) dict_keys(['tutorial_etl_dag']) retrieved from /home/airflow/.local/lib/python3.7/site-packages/airflow/example_dags/tutorial_etl_dag.py
[2022-09-10T17:10:16.593+0000] {logging_mixin.py:115} INFO - [2022-09-10T17:10:16.593+0000] {dag.py:2429} INFO - Sync 1 DAGs
[2022-09-10T17:10:16.605+0000] {logging_mixin.py:115} INFO - [2022-09-10T17:10:16.605+0000] {dag.py:2981} INFO - Setting next_dagrun for tutorial_etl_dag to None, run_after=None
[2022-09-10T17:10:16.613+0000] {processor.py:161} INFO - Processing /home/airflow/.local/lib/python3.7/site-packages/airflow/example_dags/tutorial_etl_dag.py took 0.046 seconds
[2022-09-10T17:10:47.581+0000] {processor.py:153} INFO - Started process (PID=562) to work on /home/airflow/.local/lib/python3.7/site-packages/airflow/example_dags/tutorial_etl_dag.py
[2022-09-10T17:10:47.582+0000] {processor.py:640} INFO - Processing file /home/airflow/.local/lib/python3.7/site-packages/airflow/example_dags/tutorial_etl_dag.py for tasks to queue
[2022-09-10T17:10:47.583+0000] {logging_mixin.py:115} INFO - [2022-09-10T17:10:47.583+0000] {dagbag.py:508} INFO - Filling up the DagBag from /home/airflow/.local/lib/python3.7/site-packages/airflow/example_dags/tutorial_etl_dag.py
[2022-09-10T17:10:47.588+0000] {processor.py:650} INFO - DAG(s) dict_keys(['tutorial_etl_dag']) retrieved from /home/airflow/.local/lib/python3.7/site-packages/airflow/example_dags/tutorial_etl_dag.py
[2022-09-10T17:10:47.605+0000] {logging_mixin.py:115} INFO - [2022-09-10T17:10:47.605+0000] {dag.py:2429} INFO - Sync 1 DAGs
[2022-09-10T17:10:47.618+0000] {logging_mixin.py:115} INFO - [2022-09-10T17:10:47.618+0000] {dag.py:2981} INFO - Setting next_dagrun for tutorial_etl_dag to None, run_after=None
[2022-09-10T17:10:47.625+0000] {processor.py:161} INFO - Processing /home/airflow/.local/lib/python3.7/site-packages/airflow/example_dags/tutorial_etl_dag.py took 0.046 seconds
[2022-09-10T17:13:04.696+0000] {processor.py:153} INFO - Started process (PID=63) to work on /home/airflow/.local/lib/python3.7/site-packages/airflow/example_dags/tutorial_etl_dag.py
[2022-09-10T17:13:04.700+0000] {processor.py:640} INFO - Processing file /home/airflow/.local/lib/python3.7/site-packages/airflow/example_dags/tutorial_etl_dag.py for tasks to queue
[2022-09-10T17:13:04.703+0000] {logging_mixin.py:115} INFO - [2022-09-10T17:13:04.702+0000] {dagbag.py:508} INFO - Filling up the DagBag from /home/airflow/.local/lib/python3.7/site-packages/airflow/example_dags/tutorial_etl_dag.py
[2022-09-10T17:13:04.741+0000] {processor.py:650} INFO - DAG(s) dict_keys(['tutorial_etl_dag']) retrieved from /home/airflow/.local/lib/python3.7/site-packages/airflow/example_dags/tutorial_etl_dag.py
[2022-09-10T17:13:04.813+0000] {logging_mixin.py:115} INFO - [2022-09-10T17:13:04.812+0000] {dag.py:2429} INFO - Sync 1 DAGs
[2022-09-10T17:13:04.860+0000] {logging_mixin.py:115} INFO - [2022-09-10T17:13:04.860+0000] {dag.py:2981} INFO - Setting next_dagrun for tutorial_etl_dag to None, run_after=None
[2022-09-10T17:13:04.922+0000] {processor.py:161} INFO - Processing /home/airflow/.local/lib/python3.7/site-packages/airflow/example_dags/tutorial_etl_dag.py took 0.230 seconds
[2022-09-10T17:13:35.181+0000] {processor.py:153} INFO - Started process (PID=115) to work on /home/airflow/.local/lib/python3.7/site-packages/airflow/example_dags/tutorial_etl_dag.py
[2022-09-10T17:13:35.183+0000] {processor.py:640} INFO - Processing file /home/airflow/.local/lib/python3.7/site-packages/airflow/example_dags/tutorial_etl_dag.py for tasks to queue
[2022-09-10T17:13:35.192+0000] {logging_mixin.py:115} INFO - [2022-09-10T17:13:35.192+0000] {dagbag.py:508} INFO - Filling up the DagBag from /home/airflow/.local/lib/python3.7/site-packages/airflow/example_dags/tutorial_etl_dag.py
[2022-09-10T17:13:35.205+0000] {processor.py:650} INFO - DAG(s) dict_keys(['tutorial_etl_dag']) retrieved from /home/airflow/.local/lib/python3.7/site-packages/airflow/example_dags/tutorial_etl_dag.py
[2022-09-10T17:13:35.257+0000] {logging_mixin.py:115} INFO - [2022-09-10T17:13:35.257+0000] {dag.py:2429} INFO - Sync 1 DAGs
[2022-09-10T17:13:35.305+0000] {logging_mixin.py:115} INFO - [2022-09-10T17:13:35.304+0000] {dag.py:2981} INFO - Setting next_dagrun for tutorial_etl_dag to None, run_after=None
[2022-09-10T17:13:35.332+0000] {processor.py:161} INFO - Processing /home/airflow/.local/lib/python3.7/site-packages/airflow/example_dags/tutorial_etl_dag.py took 0.154 seconds
[2022-09-10T17:14:05.419+0000] {processor.py:153} INFO - Started process (PID=177) to work on /home/airflow/.local/lib/python3.7/site-packages/airflow/example_dags/tutorial_etl_dag.py
[2022-09-10T17:14:05.421+0000] {processor.py:640} INFO - Processing file /home/airflow/.local/lib/python3.7/site-packages/airflow/example_dags/tutorial_etl_dag.py for tasks to queue
[2022-09-10T17:14:05.422+0000] {logging_mixin.py:115} INFO - [2022-09-10T17:14:05.422+0000] {dagbag.py:508} INFO - Filling up the DagBag from /home/airflow/.local/lib/python3.7/site-packages/airflow/example_dags/tutorial_etl_dag.py
[2022-09-10T17:14:05.428+0000] {processor.py:650} INFO - DAG(s) dict_keys(['tutorial_etl_dag']) retrieved from /home/airflow/.local/lib/python3.7/site-packages/airflow/example_dags/tutorial_etl_dag.py
[2022-09-10T17:14:05.446+0000] {logging_mixin.py:115} INFO - [2022-09-10T17:14:05.446+0000] {dag.py:2429} INFO - Sync 1 DAGs
[2022-09-10T17:14:05.461+0000] {logging_mixin.py:115} INFO - [2022-09-10T17:14:05.461+0000] {dag.py:2981} INFO - Setting next_dagrun for tutorial_etl_dag to None, run_after=None
[2022-09-10T17:14:05.472+0000] {processor.py:161} INFO - Processing /home/airflow/.local/lib/python3.7/site-packages/airflow/example_dags/tutorial_etl_dag.py took 0.056 seconds
[2022-09-10T17:16:05.739+0000] {processor.py:153} INFO - Started process (PID=73) to work on /home/airflow/.local/lib/python3.7/site-packages/airflow/example_dags/tutorial_etl_dag.py
[2022-09-10T17:16:05.746+0000] {processor.py:640} INFO - Processing file /home/airflow/.local/lib/python3.7/site-packages/airflow/example_dags/tutorial_etl_dag.py for tasks to queue
[2022-09-10T17:16:05.788+0000] {logging_mixin.py:115} INFO - [2022-09-10T17:16:05.788+0000] {dagbag.py:508} INFO - Filling up the DagBag from /home/airflow/.local/lib/python3.7/site-packages/airflow/example_dags/tutorial_etl_dag.py
[2022-09-10T17:16:05.824+0000] {processor.py:650} INFO - DAG(s) dict_keys(['tutorial_etl_dag']) retrieved from /home/airflow/.local/lib/python3.7/site-packages/airflow/example_dags/tutorial_etl_dag.py
[2022-09-10T17:16:06.043+0000] {logging_mixin.py:115} INFO - [2022-09-10T17:16:06.042+0000] {dag.py:2429} INFO - Sync 1 DAGs
[2022-09-10T17:16:06.163+0000] {logging_mixin.py:115} INFO - [2022-09-10T17:16:06.162+0000] {dag.py:2981} INFO - Setting next_dagrun for tutorial_etl_dag to None, run_after=None
[2022-09-10T17:16:06.246+0000] {processor.py:161} INFO - Processing /home/airflow/.local/lib/python3.7/site-packages/airflow/example_dags/tutorial_etl_dag.py took 0.538 seconds
[2022-09-10T17:16:36.304+0000] {processor.py:153} INFO - Started process (PID=129) to work on /home/airflow/.local/lib/python3.7/site-packages/airflow/example_dags/tutorial_etl_dag.py
[2022-09-10T17:16:36.309+0000] {processor.py:640} INFO - Processing file /home/airflow/.local/lib/python3.7/site-packages/airflow/example_dags/tutorial_etl_dag.py for tasks to queue
[2022-09-10T17:16:36.310+0000] {logging_mixin.py:115} INFO - [2022-09-10T17:16:36.309+0000] {dagbag.py:508} INFO - Filling up the DagBag from /home/airflow/.local/lib/python3.7/site-packages/airflow/example_dags/tutorial_etl_dag.py
[2022-09-10T17:16:36.315+0000] {processor.py:650} INFO - DAG(s) dict_keys(['tutorial_etl_dag']) retrieved from /home/airflow/.local/lib/python3.7/site-packages/airflow/example_dags/tutorial_etl_dag.py
[2022-09-10T17:16:36.340+0000] {logging_mixin.py:115} INFO - [2022-09-10T17:16:36.339+0000] {dag.py:2429} INFO - Sync 1 DAGs
[2022-09-10T17:16:36.364+0000] {logging_mixin.py:115} INFO - [2022-09-10T17:16:36.364+0000] {dag.py:2981} INFO - Setting next_dagrun for tutorial_etl_dag to None, run_after=None
[2022-09-10T17:16:36.388+0000] {processor.py:161} INFO - Processing /home/airflow/.local/lib/python3.7/site-packages/airflow/example_dags/tutorial_etl_dag.py took 0.086 seconds
[2022-09-10T17:17:06.476+0000] {processor.py:153} INFO - Started process (PID=193) to work on /home/airflow/.local/lib/python3.7/site-packages/airflow/example_dags/tutorial_etl_dag.py
[2022-09-10T17:17:06.479+0000] {processor.py:640} INFO - Processing file /home/airflow/.local/lib/python3.7/site-packages/airflow/example_dags/tutorial_etl_dag.py for tasks to queue
[2022-09-10T17:17:06.480+0000] {logging_mixin.py:115} INFO - [2022-09-10T17:17:06.480+0000] {dagbag.py:508} INFO - Filling up the DagBag from /home/airflow/.local/lib/python3.7/site-packages/airflow/example_dags/tutorial_etl_dag.py
[2022-09-10T17:17:06.485+0000] {processor.py:650} INFO - DAG(s) dict_keys(['tutorial_etl_dag']) retrieved from /home/airflow/.local/lib/python3.7/site-packages/airflow/example_dags/tutorial_etl_dag.py
[2022-09-10T17:17:06.502+0000] {logging_mixin.py:115} INFO - [2022-09-10T17:17:06.502+0000] {dag.py:2429} INFO - Sync 1 DAGs
[2022-09-10T17:17:06.519+0000] {logging_mixin.py:115} INFO - [2022-09-10T17:17:06.518+0000] {dag.py:2981} INFO - Setting next_dagrun for tutorial_etl_dag to None, run_after=None
[2022-09-10T17:17:06.527+0000] {processor.py:161} INFO - Processing /home/airflow/.local/lib/python3.7/site-packages/airflow/example_dags/tutorial_etl_dag.py took 0.054 seconds
[2022-09-10T17:17:36.661+0000] {processor.py:153} INFO - Started process (PID=247) to work on /home/airflow/.local/lib/python3.7/site-packages/airflow/example_dags/tutorial_etl_dag.py
[2022-09-10T17:17:36.663+0000] {processor.py:640} INFO - Processing file /home/airflow/.local/lib/python3.7/site-packages/airflow/example_dags/tutorial_etl_dag.py for tasks to queue
[2022-09-10T17:17:36.666+0000] {logging_mixin.py:115} INFO - [2022-09-10T17:17:36.665+0000] {dagbag.py:508} INFO - Filling up the DagBag from /home/airflow/.local/lib/python3.7/site-packages/airflow/example_dags/tutorial_etl_dag.py
[2022-09-10T17:17:36.672+0000] {processor.py:650} INFO - DAG(s) dict_keys(['tutorial_etl_dag']) retrieved from /home/airflow/.local/lib/python3.7/site-packages/airflow/example_dags/tutorial_etl_dag.py
[2022-09-10T17:17:36.694+0000] {logging_mixin.py:115} INFO - [2022-09-10T17:17:36.694+0000] {dag.py:2429} INFO - Sync 1 DAGs
[2022-09-10T17:17:36.716+0000] {logging_mixin.py:115} INFO - [2022-09-10T17:17:36.716+0000] {dag.py:2981} INFO - Setting next_dagrun for tutorial_etl_dag to None, run_after=None
[2022-09-10T17:17:36.725+0000] {processor.py:161} INFO - Processing /home/airflow/.local/lib/python3.7/site-packages/airflow/example_dags/tutorial_etl_dag.py took 0.068 seconds
[2022-09-10T17:18:06.865+0000] {processor.py:153} INFO - Started process (PID=310) to work on /home/airflow/.local/lib/python3.7/site-packages/airflow/example_dags/tutorial_etl_dag.py
[2022-09-10T17:18:06.866+0000] {processor.py:640} INFO - Processing file /home/airflow/.local/lib/python3.7/site-packages/airflow/example_dags/tutorial_etl_dag.py for tasks to queue
[2022-09-10T17:18:06.867+0000] {logging_mixin.py:115} INFO - [2022-09-10T17:18:06.867+0000] {dagbag.py:508} INFO - Filling up the DagBag from /home/airflow/.local/lib/python3.7/site-packages/airflow/example_dags/tutorial_etl_dag.py
[2022-09-10T17:18:06.871+0000] {processor.py:650} INFO - DAG(s) dict_keys(['tutorial_etl_dag']) retrieved from /home/airflow/.local/lib/python3.7/site-packages/airflow/example_dags/tutorial_etl_dag.py
[2022-09-10T17:18:06.886+0000] {logging_mixin.py:115} INFO - [2022-09-10T17:18:06.886+0000] {dag.py:2429} INFO - Sync 1 DAGs
[2022-09-10T17:18:06.898+0000] {logging_mixin.py:115} INFO - [2022-09-10T17:18:06.898+0000] {dag.py:2981} INFO - Setting next_dagrun for tutorial_etl_dag to None, run_after=None
[2022-09-10T17:18:06.904+0000] {processor.py:161} INFO - Processing /home/airflow/.local/lib/python3.7/site-packages/airflow/example_dags/tutorial_etl_dag.py took 0.042 seconds
[2022-09-10T17:18:37.907+0000] {processor.py:153} INFO - Started process (PID=373) to work on /home/airflow/.local/lib/python3.7/site-packages/airflow/example_dags/tutorial_etl_dag.py
[2022-09-10T17:18:37.909+0000] {processor.py:640} INFO - Processing file /home/airflow/.local/lib/python3.7/site-packages/airflow/example_dags/tutorial_etl_dag.py for tasks to queue
[2022-09-10T17:18:37.910+0000] {logging_mixin.py:115} INFO - [2022-09-10T17:18:37.910+0000] {dagbag.py:508} INFO - Filling up the DagBag from /home/airflow/.local/lib/python3.7/site-packages/airflow/example_dags/tutorial_etl_dag.py
[2022-09-10T17:18:37.915+0000] {processor.py:650} INFO - DAG(s) dict_keys(['tutorial_etl_dag']) retrieved from /home/airflow/.local/lib/python3.7/site-packages/airflow/example_dags/tutorial_etl_dag.py
[2022-09-10T17:18:37.932+0000] {logging_mixin.py:115} INFO - [2022-09-10T17:18:37.932+0000] {dag.py:2429} INFO - Sync 1 DAGs
[2022-09-10T17:18:37.949+0000] {logging_mixin.py:115} INFO - [2022-09-10T17:18:37.949+0000] {dag.py:2981} INFO - Setting next_dagrun for tutorial_etl_dag to None, run_after=None
[2022-09-10T17:18:37.958+0000] {processor.py:161} INFO - Processing /home/airflow/.local/lib/python3.7/site-packages/airflow/example_dags/tutorial_etl_dag.py took 0.053 seconds
[2022-09-10T17:19:08.084+0000] {processor.py:153} INFO - Started process (PID=436) to work on /home/airflow/.local/lib/python3.7/site-packages/airflow/example_dags/tutorial_etl_dag.py
[2022-09-10T17:19:08.088+0000] {processor.py:640} INFO - Processing file /home/airflow/.local/lib/python3.7/site-packages/airflow/example_dags/tutorial_etl_dag.py for tasks to queue
[2022-09-10T17:19:08.091+0000] {logging_mixin.py:115} INFO - [2022-09-10T17:19:08.091+0000] {dagbag.py:508} INFO - Filling up the DagBag from /home/airflow/.local/lib/python3.7/site-packages/airflow/example_dags/tutorial_etl_dag.py
[2022-09-10T17:19:08.097+0000] {processor.py:650} INFO - DAG(s) dict_keys(['tutorial_etl_dag']) retrieved from /home/airflow/.local/lib/python3.7/site-packages/airflow/example_dags/tutorial_etl_dag.py
[2022-09-10T17:19:08.125+0000] {logging_mixin.py:115} INFO - [2022-09-10T17:19:08.124+0000] {dag.py:2429} INFO - Sync 1 DAGs
[2022-09-10T17:19:08.147+0000] {logging_mixin.py:115} INFO - [2022-09-10T17:19:08.147+0000] {dag.py:2981} INFO - Setting next_dagrun for tutorial_etl_dag to None, run_after=None
[2022-09-10T17:19:08.156+0000] {processor.py:161} INFO - Processing /home/airflow/.local/lib/python3.7/site-packages/airflow/example_dags/tutorial_etl_dag.py took 0.075 seconds
[2022-09-10T17:19:38.377+0000] {processor.py:153} INFO - Started process (PID=498) to work on /home/airflow/.local/lib/python3.7/site-packages/airflow/example_dags/tutorial_etl_dag.py
[2022-09-10T17:19:38.379+0000] {processor.py:640} INFO - Processing file /home/airflow/.local/lib/python3.7/site-packages/airflow/example_dags/tutorial_etl_dag.py for tasks to queue
[2022-09-10T17:19:38.380+0000] {logging_mixin.py:115} INFO - [2022-09-10T17:19:38.380+0000] {dagbag.py:508} INFO - Filling up the DagBag from /home/airflow/.local/lib/python3.7/site-packages/airflow/example_dags/tutorial_etl_dag.py
[2022-09-10T17:19:38.386+0000] {processor.py:650} INFO - DAG(s) dict_keys(['tutorial_etl_dag']) retrieved from /home/airflow/.local/lib/python3.7/site-packages/airflow/example_dags/tutorial_etl_dag.py
[2022-09-10T17:19:38.411+0000] {logging_mixin.py:115} INFO - [2022-09-10T17:19:38.411+0000] {dag.py:2429} INFO - Sync 1 DAGs
[2022-09-10T17:19:38.425+0000] {logging_mixin.py:115} INFO - [2022-09-10T17:19:38.424+0000] {dag.py:2981} INFO - Setting next_dagrun for tutorial_etl_dag to None, run_after=None
[2022-09-10T17:19:38.432+0000] {processor.py:161} INFO - Processing /home/airflow/.local/lib/python3.7/site-packages/airflow/example_dags/tutorial_etl_dag.py took 0.057 seconds
[2022-09-10T17:20:08.616+0000] {processor.py:153} INFO - Started process (PID=553) to work on /home/airflow/.local/lib/python3.7/site-packages/airflow/example_dags/tutorial_etl_dag.py
[2022-09-10T17:20:08.618+0000] {processor.py:640} INFO - Processing file /home/airflow/.local/lib/python3.7/site-packages/airflow/example_dags/tutorial_etl_dag.py for tasks to queue
[2022-09-10T17:20:08.619+0000] {logging_mixin.py:115} INFO - [2022-09-10T17:20:08.619+0000] {dagbag.py:508} INFO - Filling up the DagBag from /home/airflow/.local/lib/python3.7/site-packages/airflow/example_dags/tutorial_etl_dag.py
[2022-09-10T17:20:08.624+0000] {processor.py:650} INFO - DAG(s) dict_keys(['tutorial_etl_dag']) retrieved from /home/airflow/.local/lib/python3.7/site-packages/airflow/example_dags/tutorial_etl_dag.py
[2022-09-10T17:20:08.641+0000] {logging_mixin.py:115} INFO - [2022-09-10T17:20:08.640+0000] {dag.py:2429} INFO - Sync 1 DAGs
[2022-09-10T17:20:08.656+0000] {logging_mixin.py:115} INFO - [2022-09-10T17:20:08.656+0000] {dag.py:2981} INFO - Setting next_dagrun for tutorial_etl_dag to None, run_after=None
[2022-09-10T17:20:08.668+0000] {processor.py:161} INFO - Processing /home/airflow/.local/lib/python3.7/site-packages/airflow/example_dags/tutorial_etl_dag.py took 0.055 seconds
[2022-09-10T17:20:39.644+0000] {processor.py:153} INFO - Started process (PID=616) to work on /home/airflow/.local/lib/python3.7/site-packages/airflow/example_dags/tutorial_etl_dag.py
[2022-09-10T17:20:39.647+0000] {processor.py:640} INFO - Processing file /home/airflow/.local/lib/python3.7/site-packages/airflow/example_dags/tutorial_etl_dag.py for tasks to queue
[2022-09-10T17:20:39.648+0000] {logging_mixin.py:115} INFO - [2022-09-10T17:20:39.648+0000] {dagbag.py:508} INFO - Filling up the DagBag from /home/airflow/.local/lib/python3.7/site-packages/airflow/example_dags/tutorial_etl_dag.py
[2022-09-10T17:20:39.653+0000] {processor.py:650} INFO - DAG(s) dict_keys(['tutorial_etl_dag']) retrieved from /home/airflow/.local/lib/python3.7/site-packages/airflow/example_dags/tutorial_etl_dag.py
[2022-09-10T17:20:39.670+0000] {logging_mixin.py:115} INFO - [2022-09-10T17:20:39.670+0000] {dag.py:2429} INFO - Sync 1 DAGs
[2022-09-10T17:20:39.683+0000] {logging_mixin.py:115} INFO - [2022-09-10T17:20:39.682+0000] {dag.py:2981} INFO - Setting next_dagrun for tutorial_etl_dag to None, run_after=None
[2022-09-10T17:20:39.693+0000] {processor.py:161} INFO - Processing /home/airflow/.local/lib/python3.7/site-packages/airflow/example_dags/tutorial_etl_dag.py took 0.052 seconds
[2022-09-10T17:21:09.850+0000] {processor.py:153} INFO - Started process (PID=679) to work on /home/airflow/.local/lib/python3.7/site-packages/airflow/example_dags/tutorial_etl_dag.py
[2022-09-10T17:21:09.852+0000] {processor.py:640} INFO - Processing file /home/airflow/.local/lib/python3.7/site-packages/airflow/example_dags/tutorial_etl_dag.py for tasks to queue
[2022-09-10T17:21:09.854+0000] {logging_mixin.py:115} INFO - [2022-09-10T17:21:09.853+0000] {dagbag.py:508} INFO - Filling up the DagBag from /home/airflow/.local/lib/python3.7/site-packages/airflow/example_dags/tutorial_etl_dag.py
[2022-09-10T17:21:09.859+0000] {processor.py:650} INFO - DAG(s) dict_keys(['tutorial_etl_dag']) retrieved from /home/airflow/.local/lib/python3.7/site-packages/airflow/example_dags/tutorial_etl_dag.py
[2022-09-10T17:21:09.875+0000] {logging_mixin.py:115} INFO - [2022-09-10T17:21:09.875+0000] {dag.py:2429} INFO - Sync 1 DAGs
[2022-09-10T17:21:09.890+0000] {logging_mixin.py:115} INFO - [2022-09-10T17:21:09.889+0000] {dag.py:2981} INFO - Setting next_dagrun for tutorial_etl_dag to None, run_after=None
[2022-09-10T17:21:09.898+0000] {processor.py:161} INFO - Processing /home/airflow/.local/lib/python3.7/site-packages/airflow/example_dags/tutorial_etl_dag.py took 0.049 seconds
[2022-09-10T17:21:41.696+0000] {processor.py:153} INFO - Started process (PID=742) to work on /home/airflow/.local/lib/python3.7/site-packages/airflow/example_dags/tutorial_etl_dag.py
[2022-09-10T17:21:41.697+0000] {processor.py:640} INFO - Processing file /home/airflow/.local/lib/python3.7/site-packages/airflow/example_dags/tutorial_etl_dag.py for tasks to queue
[2022-09-10T17:21:41.700+0000] {logging_mixin.py:115} INFO - [2022-09-10T17:21:41.700+0000] {dagbag.py:508} INFO - Filling up the DagBag from /home/airflow/.local/lib/python3.7/site-packages/airflow/example_dags/tutorial_etl_dag.py
[2022-09-10T17:21:41.706+0000] {processor.py:650} INFO - DAG(s) dict_keys(['tutorial_etl_dag']) retrieved from /home/airflow/.local/lib/python3.7/site-packages/airflow/example_dags/tutorial_etl_dag.py
[2022-09-10T17:21:41.732+0000] {logging_mixin.py:115} INFO - [2022-09-10T17:21:41.732+0000] {dag.py:2429} INFO - Sync 1 DAGs
[2022-09-10T17:21:41.748+0000] {logging_mixin.py:115} INFO - [2022-09-10T17:21:41.748+0000] {dag.py:2981} INFO - Setting next_dagrun for tutorial_etl_dag to None, run_after=None
[2022-09-10T17:21:41.757+0000] {processor.py:161} INFO - Processing /home/airflow/.local/lib/python3.7/site-packages/airflow/example_dags/tutorial_etl_dag.py took 0.064 seconds
[2022-09-10T17:22:11.800+0000] {processor.py:153} INFO - Started process (PID=805) to work on /home/airflow/.local/lib/python3.7/site-packages/airflow/example_dags/tutorial_etl_dag.py
[2022-09-10T17:22:11.801+0000] {processor.py:640} INFO - Processing file /home/airflow/.local/lib/python3.7/site-packages/airflow/example_dags/tutorial_etl_dag.py for tasks to queue
[2022-09-10T17:22:11.802+0000] {logging_mixin.py:115} INFO - [2022-09-10T17:22:11.802+0000] {dagbag.py:508} INFO - Filling up the DagBag from /home/airflow/.local/lib/python3.7/site-packages/airflow/example_dags/tutorial_etl_dag.py
[2022-09-10T17:22:11.807+0000] {processor.py:650} INFO - DAG(s) dict_keys(['tutorial_etl_dag']) retrieved from /home/airflow/.local/lib/python3.7/site-packages/airflow/example_dags/tutorial_etl_dag.py
[2022-09-10T17:22:11.822+0000] {logging_mixin.py:115} INFO - [2022-09-10T17:22:11.822+0000] {dag.py:2429} INFO - Sync 1 DAGs
[2022-09-10T17:22:11.834+0000] {logging_mixin.py:115} INFO - [2022-09-10T17:22:11.834+0000] {dag.py:2981} INFO - Setting next_dagrun for tutorial_etl_dag to None, run_after=None
[2022-09-10T17:22:11.840+0000] {processor.py:161} INFO - Processing /home/airflow/.local/lib/python3.7/site-packages/airflow/example_dags/tutorial_etl_dag.py took 0.043 seconds
[2022-09-10T17:22:42.419+0000] {processor.py:153} INFO - Started process (PID=870) to work on /home/airflow/.local/lib/python3.7/site-packages/airflow/example_dags/tutorial_etl_dag.py
[2022-09-10T17:22:42.421+0000] {processor.py:640} INFO - Processing file /home/airflow/.local/lib/python3.7/site-packages/airflow/example_dags/tutorial_etl_dag.py for tasks to queue
[2022-09-10T17:22:42.423+0000] {logging_mixin.py:115} INFO - [2022-09-10T17:22:42.422+0000] {dagbag.py:508} INFO - Filling up the DagBag from /home/airflow/.local/lib/python3.7/site-packages/airflow/example_dags/tutorial_etl_dag.py
[2022-09-10T17:22:42.427+0000] {processor.py:650} INFO - DAG(s) dict_keys(['tutorial_etl_dag']) retrieved from /home/airflow/.local/lib/python3.7/site-packages/airflow/example_dags/tutorial_etl_dag.py
[2022-09-10T17:22:42.443+0000] {logging_mixin.py:115} INFO - [2022-09-10T17:22:42.442+0000] {dag.py:2429} INFO - Sync 1 DAGs
[2022-09-10T17:22:42.456+0000] {logging_mixin.py:115} INFO - [2022-09-10T17:22:42.455+0000] {dag.py:2981} INFO - Setting next_dagrun for tutorial_etl_dag to None, run_after=None
[2022-09-10T17:22:42.462+0000] {processor.py:161} INFO - Processing /home/airflow/.local/lib/python3.7/site-packages/airflow/example_dags/tutorial_etl_dag.py took 0.045 seconds
[2022-09-10T17:23:13.396+0000] {processor.py:153} INFO - Started process (PID=931) to work on /home/airflow/.local/lib/python3.7/site-packages/airflow/example_dags/tutorial_etl_dag.py
[2022-09-10T17:23:13.398+0000] {processor.py:640} INFO - Processing file /home/airflow/.local/lib/python3.7/site-packages/airflow/example_dags/tutorial_etl_dag.py for tasks to queue
[2022-09-10T17:23:13.400+0000] {logging_mixin.py:115} INFO - [2022-09-10T17:23:13.400+0000] {dagbag.py:508} INFO - Filling up the DagBag from /home/airflow/.local/lib/python3.7/site-packages/airflow/example_dags/tutorial_etl_dag.py
[2022-09-10T17:23:13.406+0000] {processor.py:650} INFO - DAG(s) dict_keys(['tutorial_etl_dag']) retrieved from /home/airflow/.local/lib/python3.7/site-packages/airflow/example_dags/tutorial_etl_dag.py
[2022-09-10T17:23:13.427+0000] {logging_mixin.py:115} INFO - [2022-09-10T17:23:13.427+0000] {dag.py:2429} INFO - Sync 1 DAGs
[2022-09-10T17:23:13.446+0000] {logging_mixin.py:115} INFO - [2022-09-10T17:23:13.446+0000] {dag.py:2981} INFO - Setting next_dagrun for tutorial_etl_dag to None, run_after=None
[2022-09-10T17:23:13.453+0000] {processor.py:161} INFO - Processing /home/airflow/.local/lib/python3.7/site-packages/airflow/example_dags/tutorial_etl_dag.py took 0.060 seconds
[2022-09-10T17:23:44.374+0000] {processor.py:153} INFO - Started process (PID=987) to work on /home/airflow/.local/lib/python3.7/site-packages/airflow/example_dags/tutorial_etl_dag.py
[2022-09-10T17:23:44.375+0000] {processor.py:640} INFO - Processing file /home/airflow/.local/lib/python3.7/site-packages/airflow/example_dags/tutorial_etl_dag.py for tasks to queue
[2022-09-10T17:23:44.376+0000] {logging_mixin.py:115} INFO - [2022-09-10T17:23:44.376+0000] {dagbag.py:508} INFO - Filling up the DagBag from /home/airflow/.local/lib/python3.7/site-packages/airflow/example_dags/tutorial_etl_dag.py
[2022-09-10T17:23:44.380+0000] {processor.py:650} INFO - DAG(s) dict_keys(['tutorial_etl_dag']) retrieved from /home/airflow/.local/lib/python3.7/site-packages/airflow/example_dags/tutorial_etl_dag.py
[2022-09-10T17:23:44.396+0000] {logging_mixin.py:115} INFO - [2022-09-10T17:23:44.396+0000] {dag.py:2429} INFO - Sync 1 DAGs
[2022-09-10T17:23:44.408+0000] {logging_mixin.py:115} INFO - [2022-09-10T17:23:44.407+0000] {dag.py:2981} INFO - Setting next_dagrun for tutorial_etl_dag to None, run_after=None
[2022-09-10T17:23:44.414+0000] {processor.py:161} INFO - Processing /home/airflow/.local/lib/python3.7/site-packages/airflow/example_dags/tutorial_etl_dag.py took 0.043 seconds
[2022-09-10T17:24:15.457+0000] {processor.py:153} INFO - Started process (PID=1050) to work on /home/airflow/.local/lib/python3.7/site-packages/airflow/example_dags/tutorial_etl_dag.py
[2022-09-10T17:24:15.459+0000] {processor.py:640} INFO - Processing file /home/airflow/.local/lib/python3.7/site-packages/airflow/example_dags/tutorial_etl_dag.py for tasks to queue
[2022-09-10T17:24:15.460+0000] {logging_mixin.py:115} INFO - [2022-09-10T17:24:15.459+0000] {dagbag.py:508} INFO - Filling up the DagBag from /home/airflow/.local/lib/python3.7/site-packages/airflow/example_dags/tutorial_etl_dag.py
[2022-09-10T17:24:15.465+0000] {processor.py:650} INFO - DAG(s) dict_keys(['tutorial_etl_dag']) retrieved from /home/airflow/.local/lib/python3.7/site-packages/airflow/example_dags/tutorial_etl_dag.py
[2022-09-10T17:24:15.481+0000] {logging_mixin.py:115} INFO - [2022-09-10T17:24:15.481+0000] {dag.py:2429} INFO - Sync 1 DAGs
[2022-09-10T17:24:15.495+0000] {logging_mixin.py:115} INFO - [2022-09-10T17:24:15.494+0000] {dag.py:2981} INFO - Setting next_dagrun for tutorial_etl_dag to None, run_after=None
[2022-09-10T17:24:15.504+0000] {processor.py:161} INFO - Processing /home/airflow/.local/lib/python3.7/site-packages/airflow/example_dags/tutorial_etl_dag.py took 0.048 seconds
[2022-09-10T17:24:46.275+0000] {processor.py:153} INFO - Started process (PID=1113) to work on /home/airflow/.local/lib/python3.7/site-packages/airflow/example_dags/tutorial_etl_dag.py
[2022-09-10T17:24:46.277+0000] {processor.py:640} INFO - Processing file /home/airflow/.local/lib/python3.7/site-packages/airflow/example_dags/tutorial_etl_dag.py for tasks to queue
[2022-09-10T17:24:46.278+0000] {logging_mixin.py:115} INFO - [2022-09-10T17:24:46.277+0000] {dagbag.py:508} INFO - Filling up the DagBag from /home/airflow/.local/lib/python3.7/site-packages/airflow/example_dags/tutorial_etl_dag.py
[2022-09-10T17:24:46.283+0000] {processor.py:650} INFO - DAG(s) dict_keys(['tutorial_etl_dag']) retrieved from /home/airflow/.local/lib/python3.7/site-packages/airflow/example_dags/tutorial_etl_dag.py
[2022-09-10T17:24:46.300+0000] {logging_mixin.py:115} INFO - [2022-09-10T17:24:46.300+0000] {dag.py:2429} INFO - Sync 1 DAGs
[2022-09-10T17:24:46.314+0000] {logging_mixin.py:115} INFO - [2022-09-10T17:24:46.314+0000] {dag.py:2981} INFO - Setting next_dagrun for tutorial_etl_dag to None, run_after=None
[2022-09-10T17:24:46.322+0000] {processor.py:161} INFO - Processing /home/airflow/.local/lib/python3.7/site-packages/airflow/example_dags/tutorial_etl_dag.py took 0.051 seconds
[2022-09-10T17:25:17.033+0000] {processor.py:153} INFO - Started process (PID=1175) to work on /home/airflow/.local/lib/python3.7/site-packages/airflow/example_dags/tutorial_etl_dag.py
[2022-09-10T17:25:17.034+0000] {processor.py:640} INFO - Processing file /home/airflow/.local/lib/python3.7/site-packages/airflow/example_dags/tutorial_etl_dag.py for tasks to queue
[2022-09-10T17:25:17.035+0000] {logging_mixin.py:115} INFO - [2022-09-10T17:25:17.035+0000] {dagbag.py:508} INFO - Filling up the DagBag from /home/airflow/.local/lib/python3.7/site-packages/airflow/example_dags/tutorial_etl_dag.py
[2022-09-10T17:25:17.041+0000] {processor.py:650} INFO - DAG(s) dict_keys(['tutorial_etl_dag']) retrieved from /home/airflow/.local/lib/python3.7/site-packages/airflow/example_dags/tutorial_etl_dag.py
[2022-09-10T17:25:17.057+0000] {logging_mixin.py:115} INFO - [2022-09-10T17:25:17.057+0000] {dag.py:2429} INFO - Sync 1 DAGs
[2022-09-10T17:25:17.070+0000] {logging_mixin.py:115} INFO - [2022-09-10T17:25:17.070+0000] {dag.py:2981} INFO - Setting next_dagrun for tutorial_etl_dag to None, run_after=None
[2022-09-10T17:25:17.077+0000] {processor.py:161} INFO - Processing /home/airflow/.local/lib/python3.7/site-packages/airflow/example_dags/tutorial_etl_dag.py took 0.047 seconds
[2022-09-10T17:25:48.102+0000] {processor.py:153} INFO - Started process (PID=1239) to work on /home/airflow/.local/lib/python3.7/site-packages/airflow/example_dags/tutorial_etl_dag.py
[2022-09-10T17:25:48.104+0000] {processor.py:640} INFO - Processing file /home/airflow/.local/lib/python3.7/site-packages/airflow/example_dags/tutorial_etl_dag.py for tasks to queue
[2022-09-10T17:25:48.105+0000] {logging_mixin.py:115} INFO - [2022-09-10T17:25:48.105+0000] {dagbag.py:508} INFO - Filling up the DagBag from /home/airflow/.local/lib/python3.7/site-packages/airflow/example_dags/tutorial_etl_dag.py
[2022-09-10T17:25:48.110+0000] {processor.py:650} INFO - DAG(s) dict_keys(['tutorial_etl_dag']) retrieved from /home/airflow/.local/lib/python3.7/site-packages/airflow/example_dags/tutorial_etl_dag.py
[2022-09-10T17:25:48.133+0000] {logging_mixin.py:115} INFO - [2022-09-10T17:25:48.133+0000] {dag.py:2429} INFO - Sync 1 DAGs
[2022-09-10T17:25:48.151+0000] {logging_mixin.py:115} INFO - [2022-09-10T17:25:48.151+0000] {dag.py:2981} INFO - Setting next_dagrun for tutorial_etl_dag to None, run_after=None
[2022-09-10T17:25:48.161+0000] {processor.py:161} INFO - Processing /home/airflow/.local/lib/python3.7/site-packages/airflow/example_dags/tutorial_etl_dag.py took 0.061 seconds
[2022-09-10T17:26:18.231+0000] {processor.py:153} INFO - Started process (PID=1293) to work on /home/airflow/.local/lib/python3.7/site-packages/airflow/example_dags/tutorial_etl_dag.py
[2022-09-10T17:26:18.232+0000] {processor.py:640} INFO - Processing file /home/airflow/.local/lib/python3.7/site-packages/airflow/example_dags/tutorial_etl_dag.py for tasks to queue
[2022-09-10T17:26:18.233+0000] {logging_mixin.py:115} INFO - [2022-09-10T17:26:18.233+0000] {dagbag.py:508} INFO - Filling up the DagBag from /home/airflow/.local/lib/python3.7/site-packages/airflow/example_dags/tutorial_etl_dag.py
[2022-09-10T17:26:18.238+0000] {processor.py:650} INFO - DAG(s) dict_keys(['tutorial_etl_dag']) retrieved from /home/airflow/.local/lib/python3.7/site-packages/airflow/example_dags/tutorial_etl_dag.py
[2022-09-10T17:26:18.254+0000] {logging_mixin.py:115} INFO - [2022-09-10T17:26:18.254+0000] {dag.py:2429} INFO - Sync 1 DAGs
[2022-09-10T17:26:18.277+0000] {logging_mixin.py:115} INFO - [2022-09-10T17:26:18.277+0000] {dag.py:2981} INFO - Setting next_dagrun for tutorial_etl_dag to None, run_after=None
[2022-09-10T17:26:18.284+0000] {processor.py:161} INFO - Processing /home/airflow/.local/lib/python3.7/site-packages/airflow/example_dags/tutorial_etl_dag.py took 0.055 seconds
[2022-09-10T17:26:49.339+0000] {processor.py:153} INFO - Started process (PID=1356) to work on /home/airflow/.local/lib/python3.7/site-packages/airflow/example_dags/tutorial_etl_dag.py
[2022-09-10T17:26:49.341+0000] {processor.py:640} INFO - Processing file /home/airflow/.local/lib/python3.7/site-packages/airflow/example_dags/tutorial_etl_dag.py for tasks to queue
[2022-09-10T17:26:49.343+0000] {logging_mixin.py:115} INFO - [2022-09-10T17:26:49.343+0000] {dagbag.py:508} INFO - Filling up the DagBag from /home/airflow/.local/lib/python3.7/site-packages/airflow/example_dags/tutorial_etl_dag.py
[2022-09-10T17:26:49.349+0000] {processor.py:650} INFO - DAG(s) dict_keys(['tutorial_etl_dag']) retrieved from /home/airflow/.local/lib/python3.7/site-packages/airflow/example_dags/tutorial_etl_dag.py
[2022-09-10T17:26:49.366+0000] {logging_mixin.py:115} INFO - [2022-09-10T17:26:49.366+0000] {dag.py:2429} INFO - Sync 1 DAGs
[2022-09-10T17:26:49.385+0000] {logging_mixin.py:115} INFO - [2022-09-10T17:26:49.384+0000] {dag.py:2981} INFO - Setting next_dagrun for tutorial_etl_dag to None, run_after=None
[2022-09-10T17:26:49.395+0000] {processor.py:161} INFO - Processing /home/airflow/.local/lib/python3.7/site-packages/airflow/example_dags/tutorial_etl_dag.py took 0.059 seconds
[2022-09-10T17:27:20.676+0000] {processor.py:153} INFO - Started process (PID=1420) to work on /home/airflow/.local/lib/python3.7/site-packages/airflow/example_dags/tutorial_etl_dag.py
[2022-09-10T17:27:20.677+0000] {processor.py:640} INFO - Processing file /home/airflow/.local/lib/python3.7/site-packages/airflow/example_dags/tutorial_etl_dag.py for tasks to queue
[2022-09-10T17:27:20.678+0000] {logging_mixin.py:115} INFO - [2022-09-10T17:27:20.678+0000] {dagbag.py:508} INFO - Filling up the DagBag from /home/airflow/.local/lib/python3.7/site-packages/airflow/example_dags/tutorial_etl_dag.py
[2022-09-10T17:27:20.683+0000] {processor.py:650} INFO - DAG(s) dict_keys(['tutorial_etl_dag']) retrieved from /home/airflow/.local/lib/python3.7/site-packages/airflow/example_dags/tutorial_etl_dag.py
[2022-09-10T17:27:20.702+0000] {logging_mixin.py:115} INFO - [2022-09-10T17:27:20.702+0000] {dag.py:2429} INFO - Sync 1 DAGs
[2022-09-10T17:27:20.716+0000] {logging_mixin.py:115} INFO - [2022-09-10T17:27:20.716+0000] {dag.py:2981} INFO - Setting next_dagrun for tutorial_etl_dag to None, run_after=None
[2022-09-10T17:27:20.724+0000] {processor.py:161} INFO - Processing /home/airflow/.local/lib/python3.7/site-packages/airflow/example_dags/tutorial_etl_dag.py took 0.050 seconds
[2022-09-10T17:27:51.762+0000] {processor.py:153} INFO - Started process (PID=1485) to work on /home/airflow/.local/lib/python3.7/site-packages/airflow/example_dags/tutorial_etl_dag.py
[2022-09-10T17:27:51.764+0000] {processor.py:640} INFO - Processing file /home/airflow/.local/lib/python3.7/site-packages/airflow/example_dags/tutorial_etl_dag.py for tasks to queue
[2022-09-10T17:27:51.765+0000] {logging_mixin.py:115} INFO - [2022-09-10T17:27:51.765+0000] {dagbag.py:508} INFO - Filling up the DagBag from /home/airflow/.local/lib/python3.7/site-packages/airflow/example_dags/tutorial_etl_dag.py
[2022-09-10T17:27:51.773+0000] {processor.py:650} INFO - DAG(s) dict_keys(['tutorial_etl_dag']) retrieved from /home/airflow/.local/lib/python3.7/site-packages/airflow/example_dags/tutorial_etl_dag.py
[2022-09-10T17:27:51.790+0000] {logging_mixin.py:115} INFO - [2022-09-10T17:27:51.790+0000] {dag.py:2429} INFO - Sync 1 DAGs
[2022-09-10T17:27:51.803+0000] {logging_mixin.py:115} INFO - [2022-09-10T17:27:51.803+0000] {dag.py:2981} INFO - Setting next_dagrun for tutorial_etl_dag to None, run_after=None
[2022-09-10T17:27:51.811+0000] {processor.py:161} INFO - Processing /home/airflow/.local/lib/python3.7/site-packages/airflow/example_dags/tutorial_etl_dag.py took 0.051 seconds
[2022-09-10T17:28:21.920+0000] {processor.py:153} INFO - Started process (PID=1548) to work on /home/airflow/.local/lib/python3.7/site-packages/airflow/example_dags/tutorial_etl_dag.py
[2022-09-10T17:28:21.922+0000] {processor.py:640} INFO - Processing file /home/airflow/.local/lib/python3.7/site-packages/airflow/example_dags/tutorial_etl_dag.py for tasks to queue
[2022-09-10T17:28:21.923+0000] {logging_mixin.py:115} INFO - [2022-09-10T17:28:21.923+0000] {dagbag.py:508} INFO - Filling up the DagBag from /home/airflow/.local/lib/python3.7/site-packages/airflow/example_dags/tutorial_etl_dag.py
[2022-09-10T17:28:21.928+0000] {processor.py:650} INFO - DAG(s) dict_keys(['tutorial_etl_dag']) retrieved from /home/airflow/.local/lib/python3.7/site-packages/airflow/example_dags/tutorial_etl_dag.py
[2022-09-10T17:28:21.946+0000] {logging_mixin.py:115} INFO - [2022-09-10T17:28:21.946+0000] {dag.py:2429} INFO - Sync 1 DAGs
[2022-09-10T17:28:21.964+0000] {logging_mixin.py:115} INFO - [2022-09-10T17:28:21.964+0000] {dag.py:2981} INFO - Setting next_dagrun for tutorial_etl_dag to None, run_after=None
[2022-09-10T17:28:21.971+0000] {processor.py:161} INFO - Processing /home/airflow/.local/lib/python3.7/site-packages/airflow/example_dags/tutorial_etl_dag.py took 0.053 seconds
[2022-09-10T17:28:52.503+0000] {processor.py:153} INFO - Started process (PID=1611) to work on /home/airflow/.local/lib/python3.7/site-packages/airflow/example_dags/tutorial_etl_dag.py
[2022-09-10T17:28:52.504+0000] {processor.py:640} INFO - Processing file /home/airflow/.local/lib/python3.7/site-packages/airflow/example_dags/tutorial_etl_dag.py for tasks to queue
[2022-09-10T17:28:52.505+0000] {logging_mixin.py:115} INFO - [2022-09-10T17:28:52.505+0000] {dagbag.py:508} INFO - Filling up the DagBag from /home/airflow/.local/lib/python3.7/site-packages/airflow/example_dags/tutorial_etl_dag.py
[2022-09-10T17:28:52.510+0000] {processor.py:650} INFO - DAG(s) dict_keys(['tutorial_etl_dag']) retrieved from /home/airflow/.local/lib/python3.7/site-packages/airflow/example_dags/tutorial_etl_dag.py
[2022-09-10T17:28:52.528+0000] {logging_mixin.py:115} INFO - [2022-09-10T17:28:52.528+0000] {dag.py:2429} INFO - Sync 1 DAGs
[2022-09-10T17:28:52.544+0000] {logging_mixin.py:115} INFO - [2022-09-10T17:28:52.543+0000] {dag.py:2981} INFO - Setting next_dagrun for tutorial_etl_dag to None, run_after=None
[2022-09-10T17:28:52.552+0000] {processor.py:161} INFO - Processing /home/airflow/.local/lib/python3.7/site-packages/airflow/example_dags/tutorial_etl_dag.py took 0.052 seconds
[2022-09-10T17:29:23.394+0000] {processor.py:153} INFO - Started process (PID=1665) to work on /home/airflow/.local/lib/python3.7/site-packages/airflow/example_dags/tutorial_etl_dag.py
[2022-09-10T17:29:23.396+0000] {processor.py:640} INFO - Processing file /home/airflow/.local/lib/python3.7/site-packages/airflow/example_dags/tutorial_etl_dag.py for tasks to queue
[2022-09-10T17:29:23.397+0000] {logging_mixin.py:115} INFO - [2022-09-10T17:29:23.397+0000] {dagbag.py:508} INFO - Filling up the DagBag from /home/airflow/.local/lib/python3.7/site-packages/airflow/example_dags/tutorial_etl_dag.py
[2022-09-10T17:29:23.404+0000] {processor.py:650} INFO - DAG(s) dict_keys(['tutorial_etl_dag']) retrieved from /home/airflow/.local/lib/python3.7/site-packages/airflow/example_dags/tutorial_etl_dag.py
[2022-09-10T17:29:23.422+0000] {logging_mixin.py:115} INFO - [2022-09-10T17:29:23.422+0000] {dag.py:2429} INFO - Sync 1 DAGs
[2022-09-10T17:29:23.437+0000] {logging_mixin.py:115} INFO - [2022-09-10T17:29:23.437+0000] {dag.py:2981} INFO - Setting next_dagrun for tutorial_etl_dag to None, run_after=None
[2022-09-10T17:29:23.446+0000] {processor.py:161} INFO - Processing /home/airflow/.local/lib/python3.7/site-packages/airflow/example_dags/tutorial_etl_dag.py took 0.056 seconds
[2022-09-10T17:29:53.590+0000] {processor.py:153} INFO - Started process (PID=1727) to work on /home/airflow/.local/lib/python3.7/site-packages/airflow/example_dags/tutorial_etl_dag.py
[2022-09-10T17:29:53.592+0000] {processor.py:640} INFO - Processing file /home/airflow/.local/lib/python3.7/site-packages/airflow/example_dags/tutorial_etl_dag.py for tasks to queue
[2022-09-10T17:29:53.593+0000] {logging_mixin.py:115} INFO - [2022-09-10T17:29:53.593+0000] {dagbag.py:508} INFO - Filling up the DagBag from /home/airflow/.local/lib/python3.7/site-packages/airflow/example_dags/tutorial_etl_dag.py
[2022-09-10T17:29:53.599+0000] {processor.py:650} INFO - DAG(s) dict_keys(['tutorial_etl_dag']) retrieved from /home/airflow/.local/lib/python3.7/site-packages/airflow/example_dags/tutorial_etl_dag.py
[2022-09-10T17:29:53.615+0000] {logging_mixin.py:115} INFO - [2022-09-10T17:29:53.615+0000] {dag.py:2429} INFO - Sync 1 DAGs
[2022-09-10T17:29:53.642+0000] {logging_mixin.py:115} INFO - [2022-09-10T17:29:53.642+0000] {dag.py:2981} INFO - Setting next_dagrun for tutorial_etl_dag to None, run_after=None
[2022-09-10T17:29:53.656+0000] {processor.py:161} INFO - Processing /home/airflow/.local/lib/python3.7/site-packages/airflow/example_dags/tutorial_etl_dag.py took 0.068 seconds
[2022-09-10T17:30:24.110+0000] {processor.py:153} INFO - Started process (PID=1790) to work on /home/airflow/.local/lib/python3.7/site-packages/airflow/example_dags/tutorial_etl_dag.py
[2022-09-10T17:30:24.112+0000] {processor.py:640} INFO - Processing file /home/airflow/.local/lib/python3.7/site-packages/airflow/example_dags/tutorial_etl_dag.py for tasks to queue
[2022-09-10T17:30:24.113+0000] {logging_mixin.py:115} INFO - [2022-09-10T17:30:24.113+0000] {dagbag.py:508} INFO - Filling up the DagBag from /home/airflow/.local/lib/python3.7/site-packages/airflow/example_dags/tutorial_etl_dag.py
[2022-09-10T17:30:24.120+0000] {processor.py:650} INFO - DAG(s) dict_keys(['tutorial_etl_dag']) retrieved from /home/airflow/.local/lib/python3.7/site-packages/airflow/example_dags/tutorial_etl_dag.py
[2022-09-10T17:30:24.142+0000] {logging_mixin.py:115} INFO - [2022-09-10T17:30:24.142+0000] {dag.py:2429} INFO - Sync 1 DAGs
[2022-09-10T17:30:24.161+0000] {logging_mixin.py:115} INFO - [2022-09-10T17:30:24.161+0000] {dag.py:2981} INFO - Setting next_dagrun for tutorial_etl_dag to None, run_after=None
[2022-09-10T17:30:24.169+0000] {processor.py:161} INFO - Processing /home/airflow/.local/lib/python3.7/site-packages/airflow/example_dags/tutorial_etl_dag.py took 0.061 seconds
